[2023-10-11T07:01:35.142+0000] {processor.py:157} INFO - Started process (PID=290) to work on /home/airflow/.local/lib/python3.8/site-packages/airflow/example_dags/example_bash_operator.py
[2023-10-11T07:01:35.144+0000] {processor.py:829} INFO - Processing file /home/airflow/.local/lib/python3.8/site-packages/airflow/example_dags/example_bash_operator.py for tasks to queue
[2023-10-11T07:01:35.145+0000] {logging_mixin.py:151} INFO - [2023-10-11T07:01:35.145+0000] {dagbag.py:539} INFO - Filling up the DagBag from /home/airflow/.local/lib/python3.8/site-packages/airflow/example_dags/example_bash_operator.py
[2023-10-11T07:01:35.157+0000] {processor.py:839} INFO - DAG(s) dict_keys(['example_bash_operator']) retrieved from /home/airflow/.local/lib/python3.8/site-packages/airflow/example_dags/example_bash_operator.py
[2023-10-11T07:01:35.392+0000] {logging_mixin.py:151} INFO - [2023-10-11T07:01:35.392+0000] {manager.py:499} INFO - Created Permission View: %s
[2023-10-11T07:01:35.398+0000] {logging_mixin.py:151} INFO - [2023-10-11T07:01:35.398+0000] {manager.py:499} INFO - Created Permission View: %s
[2023-10-11T07:01:35.402+0000] {logging_mixin.py:151} INFO - [2023-10-11T07:01:35.402+0000] {manager.py:499} INFO - Created Permission View: %s
[2023-10-11T07:01:35.402+0000] {logging_mixin.py:151} INFO - [2023-10-11T07:01:35.402+0000] {security.py:708} INFO - Not syncing DAG-level permissions for DAG 'DAG:example_bash_operator' as access control is unset.
[2023-10-11T07:01:35.403+0000] {logging_mixin.py:151} INFO - [2023-10-11T07:01:35.402+0000] {dag.py:2915} INFO - Sync 1 DAGs
[2023-10-11T07:01:35.408+0000] {logging_mixin.py:151} INFO - [2023-10-11T07:01:35.408+0000] {dag.py:2937} INFO - Creating ORM DAG for example_bash_operator
[2023-10-11T07:01:35.414+0000] {logging_mixin.py:151} INFO - [2023-10-11T07:01:35.414+0000] {dag.py:3696} INFO - Setting next_dagrun for example_bash_operator to 2023-10-10T00:00:00+00:00, run_after=2023-10-11T00:00:00+00:00
[2023-10-11T07:01:35.425+0000] {processor.py:179} INFO - Processing /home/airflow/.local/lib/python3.8/site-packages/airflow/example_dags/example_bash_operator.py took 0.290 seconds
[2023-10-11T07:02:06.007+0000] {processor.py:157} INFO - Started process (PID=531) to work on /home/airflow/.local/lib/python3.8/site-packages/airflow/example_dags/example_bash_operator.py
[2023-10-11T07:02:06.008+0000] {processor.py:829} INFO - Processing file /home/airflow/.local/lib/python3.8/site-packages/airflow/example_dags/example_bash_operator.py for tasks to queue
[2023-10-11T07:02:06.008+0000] {logging_mixin.py:151} INFO - [2023-10-11T07:02:06.008+0000] {dagbag.py:539} INFO - Filling up the DagBag from /home/airflow/.local/lib/python3.8/site-packages/airflow/example_dags/example_bash_operator.py
[2023-10-11T07:02:06.016+0000] {processor.py:839} INFO - DAG(s) dict_keys(['example_bash_operator']) retrieved from /home/airflow/.local/lib/python3.8/site-packages/airflow/example_dags/example_bash_operator.py
[2023-10-11T07:02:06.033+0000] {logging_mixin.py:151} INFO - [2023-10-11T07:02:06.033+0000] {dag.py:2915} INFO - Sync 1 DAGs
[2023-10-11T07:02:06.046+0000] {logging_mixin.py:151} INFO - [2023-10-11T07:02:06.046+0000] {dag.py:3696} INFO - Setting next_dagrun for example_bash_operator to 2023-10-10T00:00:00+00:00, run_after=2023-10-11T00:00:00+00:00
[2023-10-11T07:02:06.055+0000] {processor.py:179} INFO - Processing /home/airflow/.local/lib/python3.8/site-packages/airflow/example_dags/example_bash_operator.py took 0.051 seconds
[2023-10-11T07:02:36.790+0000] {processor.py:157} INFO - Started process (PID=768) to work on /home/airflow/.local/lib/python3.8/site-packages/airflow/example_dags/example_bash_operator.py
[2023-10-11T07:02:36.791+0000] {processor.py:829} INFO - Processing file /home/airflow/.local/lib/python3.8/site-packages/airflow/example_dags/example_bash_operator.py for tasks to queue
[2023-10-11T07:02:36.792+0000] {logging_mixin.py:151} INFO - [2023-10-11T07:02:36.791+0000] {dagbag.py:539} INFO - Filling up the DagBag from /home/airflow/.local/lib/python3.8/site-packages/airflow/example_dags/example_bash_operator.py
[2023-10-11T07:02:36.800+0000] {processor.py:839} INFO - DAG(s) dict_keys(['example_bash_operator']) retrieved from /home/airflow/.local/lib/python3.8/site-packages/airflow/example_dags/example_bash_operator.py
[2023-10-11T07:02:36.824+0000] {logging_mixin.py:151} INFO - [2023-10-11T07:02:36.824+0000] {dag.py:2915} INFO - Sync 1 DAGs
[2023-10-11T07:02:36.836+0000] {logging_mixin.py:151} INFO - [2023-10-11T07:02:36.836+0000] {dag.py:3696} INFO - Setting next_dagrun for example_bash_operator to 2023-10-10T00:00:00+00:00, run_after=2023-10-11T00:00:00+00:00
[2023-10-11T07:02:36.845+0000] {processor.py:179} INFO - Processing /home/airflow/.local/lib/python3.8/site-packages/airflow/example_dags/example_bash_operator.py took 0.058 seconds
[2023-10-11T07:03:07.775+0000] {processor.py:157} INFO - Started process (PID=1004) to work on /home/airflow/.local/lib/python3.8/site-packages/airflow/example_dags/example_bash_operator.py
[2023-10-11T07:03:07.784+0000] {processor.py:829} INFO - Processing file /home/airflow/.local/lib/python3.8/site-packages/airflow/example_dags/example_bash_operator.py for tasks to queue
[2023-10-11T07:03:07.786+0000] {logging_mixin.py:151} INFO - [2023-10-11T07:03:07.786+0000] {dagbag.py:539} INFO - Filling up the DagBag from /home/airflow/.local/lib/python3.8/site-packages/airflow/example_dags/example_bash_operator.py
[2023-10-11T07:03:07.795+0000] {processor.py:839} INFO - DAG(s) dict_keys(['example_bash_operator']) retrieved from /home/airflow/.local/lib/python3.8/site-packages/airflow/example_dags/example_bash_operator.py
[2023-10-11T07:03:07.823+0000] {logging_mixin.py:151} INFO - [2023-10-11T07:03:07.823+0000] {dag.py:2915} INFO - Sync 1 DAGs
[2023-10-11T07:03:07.846+0000] {logging_mixin.py:151} INFO - [2023-10-11T07:03:07.846+0000] {dag.py:3696} INFO - Setting next_dagrun for example_bash_operator to 2023-10-10T00:00:00+00:00, run_after=2023-10-11T00:00:00+00:00
[2023-10-11T07:03:07.884+0000] {processor.py:179} INFO - Processing /home/airflow/.local/lib/python3.8/site-packages/airflow/example_dags/example_bash_operator.py took 0.119 seconds
[2023-10-11T07:03:38.424+0000] {processor.py:157} INFO - Started process (PID=1242) to work on /home/airflow/.local/lib/python3.8/site-packages/airflow/example_dags/example_bash_operator.py
[2023-10-11T07:03:38.425+0000] {processor.py:829} INFO - Processing file /home/airflow/.local/lib/python3.8/site-packages/airflow/example_dags/example_bash_operator.py for tasks to queue
[2023-10-11T07:03:38.425+0000] {logging_mixin.py:151} INFO - [2023-10-11T07:03:38.425+0000] {dagbag.py:539} INFO - Filling up the DagBag from /home/airflow/.local/lib/python3.8/site-packages/airflow/example_dags/example_bash_operator.py
[2023-10-11T07:03:38.433+0000] {processor.py:839} INFO - DAG(s) dict_keys(['example_bash_operator']) retrieved from /home/airflow/.local/lib/python3.8/site-packages/airflow/example_dags/example_bash_operator.py
[2023-10-11T07:03:38.471+0000] {logging_mixin.py:151} INFO - [2023-10-11T07:03:38.471+0000] {dag.py:2915} INFO - Sync 1 DAGs
[2023-10-11T07:03:38.496+0000] {logging_mixin.py:151} INFO - [2023-10-11T07:03:38.496+0000] {dag.py:3696} INFO - Setting next_dagrun for example_bash_operator to 2023-10-10T00:00:00+00:00, run_after=2023-10-11T00:00:00+00:00
[2023-10-11T07:03:38.509+0000] {processor.py:179} INFO - Processing /home/airflow/.local/lib/python3.8/site-packages/airflow/example_dags/example_bash_operator.py took 0.088 seconds
[2023-10-11T07:04:08.927+0000] {processor.py:157} INFO - Started process (PID=1482) to work on /home/airflow/.local/lib/python3.8/site-packages/airflow/example_dags/example_bash_operator.py
[2023-10-11T07:04:08.928+0000] {processor.py:829} INFO - Processing file /home/airflow/.local/lib/python3.8/site-packages/airflow/example_dags/example_bash_operator.py for tasks to queue
[2023-10-11T07:04:08.929+0000] {logging_mixin.py:151} INFO - [2023-10-11T07:04:08.928+0000] {dagbag.py:539} INFO - Filling up the DagBag from /home/airflow/.local/lib/python3.8/site-packages/airflow/example_dags/example_bash_operator.py
[2023-10-11T07:04:08.937+0000] {processor.py:839} INFO - DAG(s) dict_keys(['example_bash_operator']) retrieved from /home/airflow/.local/lib/python3.8/site-packages/airflow/example_dags/example_bash_operator.py
[2023-10-11T07:04:08.981+0000] {logging_mixin.py:151} INFO - [2023-10-11T07:04:08.981+0000] {dag.py:2915} INFO - Sync 1 DAGs
[2023-10-11T07:04:09.000+0000] {logging_mixin.py:151} INFO - [2023-10-11T07:04:09.000+0000] {dag.py:3696} INFO - Setting next_dagrun for example_bash_operator to 2023-10-10T00:00:00+00:00, run_after=2023-10-11T00:00:00+00:00
[2023-10-11T07:04:09.008+0000] {processor.py:179} INFO - Processing /home/airflow/.local/lib/python3.8/site-packages/airflow/example_dags/example_bash_operator.py took 0.084 seconds
[2023-10-11T07:04:39.741+0000] {processor.py:157} INFO - Started process (PID=1720) to work on /home/airflow/.local/lib/python3.8/site-packages/airflow/example_dags/example_bash_operator.py
[2023-10-11T07:04:39.742+0000] {processor.py:829} INFO - Processing file /home/airflow/.local/lib/python3.8/site-packages/airflow/example_dags/example_bash_operator.py for tasks to queue
[2023-10-11T07:04:39.743+0000] {logging_mixin.py:151} INFO - [2023-10-11T07:04:39.743+0000] {dagbag.py:539} INFO - Filling up the DagBag from /home/airflow/.local/lib/python3.8/site-packages/airflow/example_dags/example_bash_operator.py
[2023-10-11T07:04:39.767+0000] {processor.py:839} INFO - DAG(s) dict_keys(['example_bash_operator']) retrieved from /home/airflow/.local/lib/python3.8/site-packages/airflow/example_dags/example_bash_operator.py
[2023-10-11T07:04:39.797+0000] {logging_mixin.py:151} INFO - [2023-10-11T07:04:39.797+0000] {dag.py:2915} INFO - Sync 1 DAGs
[2023-10-11T07:04:39.811+0000] {logging_mixin.py:151} INFO - [2023-10-11T07:04:39.810+0000] {dag.py:3696} INFO - Setting next_dagrun for example_bash_operator to 2023-10-10T00:00:00+00:00, run_after=2023-10-11T00:00:00+00:00
[2023-10-11T07:04:39.826+0000] {processor.py:179} INFO - Processing /home/airflow/.local/lib/python3.8/site-packages/airflow/example_dags/example_bash_operator.py took 0.088 seconds
[2023-10-11T07:05:10.287+0000] {processor.py:157} INFO - Started process (PID=1958) to work on /home/airflow/.local/lib/python3.8/site-packages/airflow/example_dags/example_bash_operator.py
[2023-10-11T07:05:10.288+0000] {processor.py:829} INFO - Processing file /home/airflow/.local/lib/python3.8/site-packages/airflow/example_dags/example_bash_operator.py for tasks to queue
[2023-10-11T07:05:10.289+0000] {logging_mixin.py:151} INFO - [2023-10-11T07:05:10.288+0000] {dagbag.py:539} INFO - Filling up the DagBag from /home/airflow/.local/lib/python3.8/site-packages/airflow/example_dags/example_bash_operator.py
[2023-10-11T07:05:10.296+0000] {processor.py:839} INFO - DAG(s) dict_keys(['example_bash_operator']) retrieved from /home/airflow/.local/lib/python3.8/site-packages/airflow/example_dags/example_bash_operator.py
[2023-10-11T07:05:10.313+0000] {logging_mixin.py:151} INFO - [2023-10-11T07:05:10.313+0000] {dag.py:2915} INFO - Sync 1 DAGs
[2023-10-11T07:05:10.325+0000] {logging_mixin.py:151} INFO - [2023-10-11T07:05:10.325+0000] {dag.py:3696} INFO - Setting next_dagrun for example_bash_operator to 2023-10-10T00:00:00+00:00, run_after=2023-10-11T00:00:00+00:00
[2023-10-11T07:05:10.334+0000] {processor.py:179} INFO - Processing /home/airflow/.local/lib/python3.8/site-packages/airflow/example_dags/example_bash_operator.py took 0.050 seconds
[2023-10-11T07:05:40.992+0000] {processor.py:157} INFO - Started process (PID=2194) to work on /home/airflow/.local/lib/python3.8/site-packages/airflow/example_dags/example_bash_operator.py
[2023-10-11T07:05:40.992+0000] {processor.py:829} INFO - Processing file /home/airflow/.local/lib/python3.8/site-packages/airflow/example_dags/example_bash_operator.py for tasks to queue
[2023-10-11T07:05:40.993+0000] {logging_mixin.py:151} INFO - [2023-10-11T07:05:40.993+0000] {dagbag.py:539} INFO - Filling up the DagBag from /home/airflow/.local/lib/python3.8/site-packages/airflow/example_dags/example_bash_operator.py
[2023-10-11T07:05:41.000+0000] {processor.py:839} INFO - DAG(s) dict_keys(['example_bash_operator']) retrieved from /home/airflow/.local/lib/python3.8/site-packages/airflow/example_dags/example_bash_operator.py
[2023-10-11T07:05:41.018+0000] {logging_mixin.py:151} INFO - [2023-10-11T07:05:41.018+0000] {dag.py:2915} INFO - Sync 1 DAGs
[2023-10-11T07:05:41.031+0000] {logging_mixin.py:151} INFO - [2023-10-11T07:05:41.031+0000] {dag.py:3696} INFO - Setting next_dagrun for example_bash_operator to 2023-10-10T00:00:00+00:00, run_after=2023-10-11T00:00:00+00:00
[2023-10-11T07:05:41.041+0000] {processor.py:179} INFO - Processing /home/airflow/.local/lib/python3.8/site-packages/airflow/example_dags/example_bash_operator.py took 0.052 seconds
[2023-10-11T07:06:11.409+0000] {processor.py:157} INFO - Started process (PID=2434) to work on /home/airflow/.local/lib/python3.8/site-packages/airflow/example_dags/example_bash_operator.py
[2023-10-11T07:06:11.410+0000] {processor.py:829} INFO - Processing file /home/airflow/.local/lib/python3.8/site-packages/airflow/example_dags/example_bash_operator.py for tasks to queue
[2023-10-11T07:06:11.410+0000] {logging_mixin.py:151} INFO - [2023-10-11T07:06:11.410+0000] {dagbag.py:539} INFO - Filling up the DagBag from /home/airflow/.local/lib/python3.8/site-packages/airflow/example_dags/example_bash_operator.py
[2023-10-11T07:06:11.431+0000] {processor.py:839} INFO - DAG(s) dict_keys(['example_bash_operator']) retrieved from /home/airflow/.local/lib/python3.8/site-packages/airflow/example_dags/example_bash_operator.py
[2023-10-11T07:06:11.463+0000] {logging_mixin.py:151} INFO - [2023-10-11T07:06:11.463+0000] {dag.py:2915} INFO - Sync 1 DAGs
[2023-10-11T07:06:11.487+0000] {logging_mixin.py:151} INFO - [2023-10-11T07:06:11.487+0000] {dag.py:3696} INFO - Setting next_dagrun for example_bash_operator to 2023-10-10T00:00:00+00:00, run_after=2023-10-11T00:00:00+00:00
[2023-10-11T07:06:11.500+0000] {processor.py:179} INFO - Processing /home/airflow/.local/lib/python3.8/site-packages/airflow/example_dags/example_bash_operator.py took 0.093 seconds
[2023-10-11T07:06:41.822+0000] {processor.py:157} INFO - Started process (PID=2675) to work on /home/airflow/.local/lib/python3.8/site-packages/airflow/example_dags/example_bash_operator.py
[2023-10-11T07:06:41.823+0000] {processor.py:829} INFO - Processing file /home/airflow/.local/lib/python3.8/site-packages/airflow/example_dags/example_bash_operator.py for tasks to queue
[2023-10-11T07:06:41.824+0000] {logging_mixin.py:151} INFO - [2023-10-11T07:06:41.824+0000] {dagbag.py:539} INFO - Filling up the DagBag from /home/airflow/.local/lib/python3.8/site-packages/airflow/example_dags/example_bash_operator.py
[2023-10-11T07:06:41.832+0000] {processor.py:839} INFO - DAG(s) dict_keys(['example_bash_operator']) retrieved from /home/airflow/.local/lib/python3.8/site-packages/airflow/example_dags/example_bash_operator.py
[2023-10-11T07:06:41.880+0000] {logging_mixin.py:151} INFO - [2023-10-11T07:06:41.879+0000] {dag.py:2915} INFO - Sync 1 DAGs
[2023-10-11T07:06:41.898+0000] {logging_mixin.py:151} INFO - [2023-10-11T07:06:41.898+0000] {dag.py:3696} INFO - Setting next_dagrun for example_bash_operator to 2023-10-10T00:00:00+00:00, run_after=2023-10-11T00:00:00+00:00
[2023-10-11T07:06:41.912+0000] {processor.py:179} INFO - Processing /home/airflow/.local/lib/python3.8/site-packages/airflow/example_dags/example_bash_operator.py took 0.092 seconds
[2023-10-11T07:07:12.823+0000] {processor.py:157} INFO - Started process (PID=2919) to work on /home/airflow/.local/lib/python3.8/site-packages/airflow/example_dags/example_bash_operator.py
[2023-10-11T07:07:12.824+0000] {processor.py:829} INFO - Processing file /home/airflow/.local/lib/python3.8/site-packages/airflow/example_dags/example_bash_operator.py for tasks to queue
[2023-10-11T07:07:12.825+0000] {logging_mixin.py:151} INFO - [2023-10-11T07:07:12.824+0000] {dagbag.py:539} INFO - Filling up the DagBag from /home/airflow/.local/lib/python3.8/site-packages/airflow/example_dags/example_bash_operator.py
[2023-10-11T07:07:12.833+0000] {processor.py:839} INFO - DAG(s) dict_keys(['example_bash_operator']) retrieved from /home/airflow/.local/lib/python3.8/site-packages/airflow/example_dags/example_bash_operator.py
[2023-10-11T07:07:12.865+0000] {logging_mixin.py:151} INFO - [2023-10-11T07:07:12.865+0000] {dag.py:2915} INFO - Sync 1 DAGs
[2023-10-11T07:07:12.889+0000] {logging_mixin.py:151} INFO - [2023-10-11T07:07:12.889+0000] {dag.py:3696} INFO - Setting next_dagrun for example_bash_operator to 2023-10-10T00:00:00+00:00, run_after=2023-10-11T00:00:00+00:00
[2023-10-11T07:07:12.901+0000] {processor.py:179} INFO - Processing /home/airflow/.local/lib/python3.8/site-packages/airflow/example_dags/example_bash_operator.py took 0.081 seconds
[2023-10-11T07:07:43.935+0000] {processor.py:157} INFO - Started process (PID=3165) to work on /home/airflow/.local/lib/python3.8/site-packages/airflow/example_dags/example_bash_operator.py
[2023-10-11T07:07:43.937+0000] {processor.py:829} INFO - Processing file /home/airflow/.local/lib/python3.8/site-packages/airflow/example_dags/example_bash_operator.py for tasks to queue
[2023-10-11T07:07:43.938+0000] {logging_mixin.py:151} INFO - [2023-10-11T07:07:43.937+0000] {dagbag.py:539} INFO - Filling up the DagBag from /home/airflow/.local/lib/python3.8/site-packages/airflow/example_dags/example_bash_operator.py
[2023-10-11T07:07:43.963+0000] {processor.py:839} INFO - DAG(s) dict_keys(['example_bash_operator']) retrieved from /home/airflow/.local/lib/python3.8/site-packages/airflow/example_dags/example_bash_operator.py
[2023-10-11T07:07:44.026+0000] {logging_mixin.py:151} INFO - [2023-10-11T07:07:44.026+0000] {dag.py:2915} INFO - Sync 1 DAGs
[2023-10-11T07:07:44.099+0000] {logging_mixin.py:151} INFO - [2023-10-11T07:07:44.098+0000] {dag.py:3696} INFO - Setting next_dagrun for example_bash_operator to 2023-10-10T00:00:00+00:00, run_after=2023-10-11T00:00:00+00:00
[2023-10-11T07:07:44.117+0000] {processor.py:179} INFO - Processing /home/airflow/.local/lib/python3.8/site-packages/airflow/example_dags/example_bash_operator.py took 0.185 seconds
[2023-10-11T07:08:14.405+0000] {processor.py:157} INFO - Started process (PID=3436) to work on /home/airflow/.local/lib/python3.8/site-packages/airflow/example_dags/example_bash_operator.py
[2023-10-11T07:08:14.406+0000] {processor.py:829} INFO - Processing file /home/airflow/.local/lib/python3.8/site-packages/airflow/example_dags/example_bash_operator.py for tasks to queue
[2023-10-11T07:08:14.406+0000] {logging_mixin.py:151} INFO - [2023-10-11T07:08:14.406+0000] {dagbag.py:539} INFO - Filling up the DagBag from /home/airflow/.local/lib/python3.8/site-packages/airflow/example_dags/example_bash_operator.py
[2023-10-11T07:08:14.414+0000] {processor.py:839} INFO - DAG(s) dict_keys(['example_bash_operator']) retrieved from /home/airflow/.local/lib/python3.8/site-packages/airflow/example_dags/example_bash_operator.py
[2023-10-11T07:08:14.434+0000] {logging_mixin.py:151} INFO - [2023-10-11T07:08:14.434+0000] {dag.py:2915} INFO - Sync 1 DAGs
[2023-10-11T07:08:14.449+0000] {logging_mixin.py:151} INFO - [2023-10-11T07:08:14.449+0000] {dag.py:3696} INFO - Setting next_dagrun for example_bash_operator to 2023-10-10T00:00:00+00:00, run_after=2023-10-11T00:00:00+00:00
[2023-10-11T07:08:14.470+0000] {processor.py:179} INFO - Processing /home/airflow/.local/lib/python3.8/site-packages/airflow/example_dags/example_bash_operator.py took 0.068 seconds
[2023-10-11T07:08:45.220+0000] {processor.py:157} INFO - Started process (PID=3677) to work on /home/airflow/.local/lib/python3.8/site-packages/airflow/example_dags/example_bash_operator.py
[2023-10-11T07:08:45.221+0000] {processor.py:829} INFO - Processing file /home/airflow/.local/lib/python3.8/site-packages/airflow/example_dags/example_bash_operator.py for tasks to queue
[2023-10-11T07:08:45.222+0000] {logging_mixin.py:151} INFO - [2023-10-11T07:08:45.222+0000] {dagbag.py:539} INFO - Filling up the DagBag from /home/airflow/.local/lib/python3.8/site-packages/airflow/example_dags/example_bash_operator.py
[2023-10-11T07:08:45.234+0000] {processor.py:839} INFO - DAG(s) dict_keys(['example_bash_operator']) retrieved from /home/airflow/.local/lib/python3.8/site-packages/airflow/example_dags/example_bash_operator.py
[2023-10-11T07:08:45.293+0000] {logging_mixin.py:151} INFO - [2023-10-11T07:08:45.292+0000] {dag.py:2915} INFO - Sync 1 DAGs
[2023-10-11T07:08:45.322+0000] {logging_mixin.py:151} INFO - [2023-10-11T07:08:45.322+0000] {dag.py:3696} INFO - Setting next_dagrun for example_bash_operator to 2023-10-10T00:00:00+00:00, run_after=2023-10-11T00:00:00+00:00
[2023-10-11T07:08:45.342+0000] {processor.py:179} INFO - Processing /home/airflow/.local/lib/python3.8/site-packages/airflow/example_dags/example_bash_operator.py took 0.126 seconds
[2023-10-11T07:09:15.537+0000] {processor.py:157} INFO - Started process (PID=3920) to work on /home/airflow/.local/lib/python3.8/site-packages/airflow/example_dags/example_bash_operator.py
[2023-10-11T07:09:15.537+0000] {processor.py:829} INFO - Processing file /home/airflow/.local/lib/python3.8/site-packages/airflow/example_dags/example_bash_operator.py for tasks to queue
[2023-10-11T07:09:15.538+0000] {logging_mixin.py:151} INFO - [2023-10-11T07:09:15.538+0000] {dagbag.py:539} INFO - Filling up the DagBag from /home/airflow/.local/lib/python3.8/site-packages/airflow/example_dags/example_bash_operator.py
[2023-10-11T07:09:15.545+0000] {processor.py:839} INFO - DAG(s) dict_keys(['example_bash_operator']) retrieved from /home/airflow/.local/lib/python3.8/site-packages/airflow/example_dags/example_bash_operator.py
[2023-10-11T07:09:15.584+0000] {logging_mixin.py:151} INFO - [2023-10-11T07:09:15.584+0000] {dag.py:2915} INFO - Sync 1 DAGs
[2023-10-11T07:09:15.599+0000] {logging_mixin.py:151} INFO - [2023-10-11T07:09:15.599+0000] {dag.py:3696} INFO - Setting next_dagrun for example_bash_operator to 2023-10-10T00:00:00+00:00, run_after=2023-10-11T00:00:00+00:00
[2023-10-11T07:09:15.609+0000] {processor.py:179} INFO - Processing /home/airflow/.local/lib/python3.8/site-packages/airflow/example_dags/example_bash_operator.py took 0.075 seconds
[2023-10-11T07:09:46.017+0000] {processor.py:157} INFO - Started process (PID=4163) to work on /home/airflow/.local/lib/python3.8/site-packages/airflow/example_dags/example_bash_operator.py
[2023-10-11T07:09:46.018+0000] {processor.py:829} INFO - Processing file /home/airflow/.local/lib/python3.8/site-packages/airflow/example_dags/example_bash_operator.py for tasks to queue
[2023-10-11T07:09:46.019+0000] {logging_mixin.py:151} INFO - [2023-10-11T07:09:46.019+0000] {dagbag.py:539} INFO - Filling up the DagBag from /home/airflow/.local/lib/python3.8/site-packages/airflow/example_dags/example_bash_operator.py
[2023-10-11T07:09:46.031+0000] {processor.py:839} INFO - DAG(s) dict_keys(['example_bash_operator']) retrieved from /home/airflow/.local/lib/python3.8/site-packages/airflow/example_dags/example_bash_operator.py
[2023-10-11T07:09:46.077+0000] {logging_mixin.py:151} INFO - [2023-10-11T07:09:46.077+0000] {dag.py:2915} INFO - Sync 1 DAGs
[2023-10-11T07:09:46.102+0000] {logging_mixin.py:151} INFO - [2023-10-11T07:09:46.102+0000] {dag.py:3696} INFO - Setting next_dagrun for example_bash_operator to 2023-10-10T00:00:00+00:00, run_after=2023-10-11T00:00:00+00:00
[2023-10-11T07:09:46.114+0000] {processor.py:179} INFO - Processing /home/airflow/.local/lib/python3.8/site-packages/airflow/example_dags/example_bash_operator.py took 0.101 seconds
[2023-10-11T07:10:16.734+0000] {processor.py:157} INFO - Started process (PID=4406) to work on /home/airflow/.local/lib/python3.8/site-packages/airflow/example_dags/example_bash_operator.py
[2023-10-11T07:10:16.736+0000] {processor.py:829} INFO - Processing file /home/airflow/.local/lib/python3.8/site-packages/airflow/example_dags/example_bash_operator.py for tasks to queue
[2023-10-11T07:10:16.737+0000] {logging_mixin.py:151} INFO - [2023-10-11T07:10:16.737+0000] {dagbag.py:539} INFO - Filling up the DagBag from /home/airflow/.local/lib/python3.8/site-packages/airflow/example_dags/example_bash_operator.py
[2023-10-11T07:10:16.747+0000] {processor.py:839} INFO - DAG(s) dict_keys(['example_bash_operator']) retrieved from /home/airflow/.local/lib/python3.8/site-packages/airflow/example_dags/example_bash_operator.py
[2023-10-11T07:10:16.805+0000] {logging_mixin.py:151} INFO - [2023-10-11T07:10:16.804+0000] {dag.py:2915} INFO - Sync 1 DAGs
[2023-10-11T07:10:16.825+0000] {logging_mixin.py:151} INFO - [2023-10-11T07:10:16.825+0000] {dag.py:3696} INFO - Setting next_dagrun for example_bash_operator to 2023-10-10T00:00:00+00:00, run_after=2023-10-11T00:00:00+00:00
[2023-10-11T07:10:16.840+0000] {processor.py:179} INFO - Processing /home/airflow/.local/lib/python3.8/site-packages/airflow/example_dags/example_bash_operator.py took 0.109 seconds
[2023-10-11T07:10:47.245+0000] {processor.py:157} INFO - Started process (PID=4651) to work on /home/airflow/.local/lib/python3.8/site-packages/airflow/example_dags/example_bash_operator.py
[2023-10-11T07:10:47.246+0000] {processor.py:829} INFO - Processing file /home/airflow/.local/lib/python3.8/site-packages/airflow/example_dags/example_bash_operator.py for tasks to queue
[2023-10-11T07:10:47.247+0000] {logging_mixin.py:151} INFO - [2023-10-11T07:10:47.247+0000] {dagbag.py:539} INFO - Filling up the DagBag from /home/airflow/.local/lib/python3.8/site-packages/airflow/example_dags/example_bash_operator.py
[2023-10-11T07:10:47.278+0000] {processor.py:839} INFO - DAG(s) dict_keys(['example_bash_operator']) retrieved from /home/airflow/.local/lib/python3.8/site-packages/airflow/example_dags/example_bash_operator.py
[2023-10-11T07:10:47.308+0000] {logging_mixin.py:151} INFO - [2023-10-11T07:10:47.308+0000] {dag.py:2915} INFO - Sync 1 DAGs
[2023-10-11T07:10:47.325+0000] {logging_mixin.py:151} INFO - [2023-10-11T07:10:47.324+0000] {dag.py:3696} INFO - Setting next_dagrun for example_bash_operator to 2023-10-10T00:00:00+00:00, run_after=2023-10-11T00:00:00+00:00
[2023-10-11T07:10:47.335+0000] {processor.py:179} INFO - Processing /home/airflow/.local/lib/python3.8/site-packages/airflow/example_dags/example_bash_operator.py took 0.094 seconds
[2023-10-11T07:11:17.719+0000] {processor.py:157} INFO - Started process (PID=4894) to work on /home/airflow/.local/lib/python3.8/site-packages/airflow/example_dags/example_bash_operator.py
[2023-10-11T07:11:17.720+0000] {processor.py:829} INFO - Processing file /home/airflow/.local/lib/python3.8/site-packages/airflow/example_dags/example_bash_operator.py for tasks to queue
[2023-10-11T07:11:17.721+0000] {logging_mixin.py:151} INFO - [2023-10-11T07:11:17.720+0000] {dagbag.py:539} INFO - Filling up the DagBag from /home/airflow/.local/lib/python3.8/site-packages/airflow/example_dags/example_bash_operator.py
[2023-10-11T07:11:17.729+0000] {processor.py:839} INFO - DAG(s) dict_keys(['example_bash_operator']) retrieved from /home/airflow/.local/lib/python3.8/site-packages/airflow/example_dags/example_bash_operator.py
[2023-10-11T07:11:17.767+0000] {logging_mixin.py:151} INFO - [2023-10-11T07:11:17.767+0000] {dag.py:2915} INFO - Sync 1 DAGs
[2023-10-11T07:11:17.818+0000] {logging_mixin.py:151} INFO - [2023-10-11T07:11:17.818+0000] {dag.py:3696} INFO - Setting next_dagrun for example_bash_operator to 2023-10-10T00:00:00+00:00, run_after=2023-10-11T00:00:00+00:00
[2023-10-11T07:11:17.830+0000] {processor.py:179} INFO - Processing /home/airflow/.local/lib/python3.8/site-packages/airflow/example_dags/example_bash_operator.py took 0.114 seconds
[2023-10-11T07:11:48.488+0000] {processor.py:157} INFO - Started process (PID=5135) to work on /home/airflow/.local/lib/python3.8/site-packages/airflow/example_dags/example_bash_operator.py
[2023-10-11T07:11:48.490+0000] {processor.py:829} INFO - Processing file /home/airflow/.local/lib/python3.8/site-packages/airflow/example_dags/example_bash_operator.py for tasks to queue
[2023-10-11T07:11:48.491+0000] {logging_mixin.py:151} INFO - [2023-10-11T07:11:48.491+0000] {dagbag.py:539} INFO - Filling up the DagBag from /home/airflow/.local/lib/python3.8/site-packages/airflow/example_dags/example_bash_operator.py
[2023-10-11T07:11:48.500+0000] {processor.py:839} INFO - DAG(s) dict_keys(['example_bash_operator']) retrieved from /home/airflow/.local/lib/python3.8/site-packages/airflow/example_dags/example_bash_operator.py
[2023-10-11T07:11:48.521+0000] {logging_mixin.py:151} INFO - [2023-10-11T07:11:48.521+0000] {dag.py:2915} INFO - Sync 1 DAGs
[2023-10-11T07:11:48.536+0000] {logging_mixin.py:151} INFO - [2023-10-11T07:11:48.536+0000] {dag.py:3696} INFO - Setting next_dagrun for example_bash_operator to 2023-10-10T00:00:00+00:00, run_after=2023-10-11T00:00:00+00:00
[2023-10-11T07:11:48.547+0000] {processor.py:179} INFO - Processing /home/airflow/.local/lib/python3.8/site-packages/airflow/example_dags/example_bash_operator.py took 0.062 seconds
[2023-10-11T07:12:19.132+0000] {processor.py:157} INFO - Started process (PID=5378) to work on /home/airflow/.local/lib/python3.8/site-packages/airflow/example_dags/example_bash_operator.py
[2023-10-11T07:12:19.133+0000] {processor.py:829} INFO - Processing file /home/airflow/.local/lib/python3.8/site-packages/airflow/example_dags/example_bash_operator.py for tasks to queue
[2023-10-11T07:12:19.134+0000] {logging_mixin.py:151} INFO - [2023-10-11T07:12:19.134+0000] {dagbag.py:539} INFO - Filling up the DagBag from /home/airflow/.local/lib/python3.8/site-packages/airflow/example_dags/example_bash_operator.py
[2023-10-11T07:12:19.142+0000] {processor.py:839} INFO - DAG(s) dict_keys(['example_bash_operator']) retrieved from /home/airflow/.local/lib/python3.8/site-packages/airflow/example_dags/example_bash_operator.py
[2023-10-11T07:12:19.175+0000] {logging_mixin.py:151} INFO - [2023-10-11T07:12:19.175+0000] {dag.py:2915} INFO - Sync 1 DAGs
[2023-10-11T07:12:19.193+0000] {logging_mixin.py:151} INFO - [2023-10-11T07:12:19.193+0000] {dag.py:3696} INFO - Setting next_dagrun for example_bash_operator to 2023-10-10T00:00:00+00:00, run_after=2023-10-11T00:00:00+00:00
[2023-10-11T07:12:19.204+0000] {processor.py:179} INFO - Processing /home/airflow/.local/lib/python3.8/site-packages/airflow/example_dags/example_bash_operator.py took 0.075 seconds
[2023-10-11T07:12:49.550+0000] {processor.py:157} INFO - Started process (PID=5621) to work on /home/airflow/.local/lib/python3.8/site-packages/airflow/example_dags/example_bash_operator.py
[2023-10-11T07:12:49.564+0000] {processor.py:829} INFO - Processing file /home/airflow/.local/lib/python3.8/site-packages/airflow/example_dags/example_bash_operator.py for tasks to queue
[2023-10-11T07:12:49.575+0000] {logging_mixin.py:151} INFO - [2023-10-11T07:12:49.575+0000] {dagbag.py:539} INFO - Filling up the DagBag from /home/airflow/.local/lib/python3.8/site-packages/airflow/example_dags/example_bash_operator.py
[2023-10-11T07:12:49.589+0000] {processor.py:839} INFO - DAG(s) dict_keys(['example_bash_operator']) retrieved from /home/airflow/.local/lib/python3.8/site-packages/airflow/example_dags/example_bash_operator.py
[2023-10-11T07:12:49.620+0000] {logging_mixin.py:151} INFO - [2023-10-11T07:12:49.619+0000] {dag.py:2915} INFO - Sync 1 DAGs
[2023-10-11T07:12:49.637+0000] {logging_mixin.py:151} INFO - [2023-10-11T07:12:49.637+0000] {dag.py:3696} INFO - Setting next_dagrun for example_bash_operator to 2023-10-10T00:00:00+00:00, run_after=2023-10-11T00:00:00+00:00
[2023-10-11T07:12:49.667+0000] {processor.py:179} INFO - Processing /home/airflow/.local/lib/python3.8/site-packages/airflow/example_dags/example_bash_operator.py took 0.120 seconds
[2023-10-11T07:13:20.041+0000] {processor.py:157} INFO - Started process (PID=5864) to work on /home/airflow/.local/lib/python3.8/site-packages/airflow/example_dags/example_bash_operator.py
[2023-10-11T07:13:20.042+0000] {processor.py:829} INFO - Processing file /home/airflow/.local/lib/python3.8/site-packages/airflow/example_dags/example_bash_operator.py for tasks to queue
[2023-10-11T07:13:20.043+0000] {logging_mixin.py:151} INFO - [2023-10-11T07:13:20.042+0000] {dagbag.py:539} INFO - Filling up the DagBag from /home/airflow/.local/lib/python3.8/site-packages/airflow/example_dags/example_bash_operator.py
[2023-10-11T07:13:20.066+0000] {processor.py:839} INFO - DAG(s) dict_keys(['example_bash_operator']) retrieved from /home/airflow/.local/lib/python3.8/site-packages/airflow/example_dags/example_bash_operator.py
[2023-10-11T07:13:20.101+0000] {logging_mixin.py:151} INFO - [2023-10-11T07:13:20.100+0000] {dag.py:2915} INFO - Sync 1 DAGs
[2023-10-11T07:13:20.117+0000] {logging_mixin.py:151} INFO - [2023-10-11T07:13:20.116+0000] {dag.py:3696} INFO - Setting next_dagrun for example_bash_operator to 2023-10-10T00:00:00+00:00, run_after=2023-10-11T00:00:00+00:00
[2023-10-11T07:13:20.128+0000] {processor.py:179} INFO - Processing /home/airflow/.local/lib/python3.8/site-packages/airflow/example_dags/example_bash_operator.py took 0.090 seconds
[2023-10-11T07:13:50.603+0000] {processor.py:157} INFO - Started process (PID=6107) to work on /home/airflow/.local/lib/python3.8/site-packages/airflow/example_dags/example_bash_operator.py
[2023-10-11T07:13:50.604+0000] {processor.py:829} INFO - Processing file /home/airflow/.local/lib/python3.8/site-packages/airflow/example_dags/example_bash_operator.py for tasks to queue
[2023-10-11T07:13:50.605+0000] {logging_mixin.py:151} INFO - [2023-10-11T07:13:50.605+0000] {dagbag.py:539} INFO - Filling up the DagBag from /home/airflow/.local/lib/python3.8/site-packages/airflow/example_dags/example_bash_operator.py
[2023-10-11T07:13:50.614+0000] {processor.py:839} INFO - DAG(s) dict_keys(['example_bash_operator']) retrieved from /home/airflow/.local/lib/python3.8/site-packages/airflow/example_dags/example_bash_operator.py
[2023-10-11T07:13:50.637+0000] {logging_mixin.py:151} INFO - [2023-10-11T07:13:50.637+0000] {dag.py:2915} INFO - Sync 1 DAGs
[2023-10-11T07:13:50.670+0000] {logging_mixin.py:151} INFO - [2023-10-11T07:13:50.670+0000] {dag.py:3696} INFO - Setting next_dagrun for example_bash_operator to 2023-10-10T00:00:00+00:00, run_after=2023-10-11T00:00:00+00:00
[2023-10-11T07:13:50.692+0000] {processor.py:179} INFO - Processing /home/airflow/.local/lib/python3.8/site-packages/airflow/example_dags/example_bash_operator.py took 0.092 seconds
[2023-10-11T07:14:21.175+0000] {processor.py:157} INFO - Started process (PID=6350) to work on /home/airflow/.local/lib/python3.8/site-packages/airflow/example_dags/example_bash_operator.py
[2023-10-11T07:14:21.176+0000] {processor.py:829} INFO - Processing file /home/airflow/.local/lib/python3.8/site-packages/airflow/example_dags/example_bash_operator.py for tasks to queue
[2023-10-11T07:14:21.177+0000] {logging_mixin.py:151} INFO - [2023-10-11T07:14:21.177+0000] {dagbag.py:539} INFO - Filling up the DagBag from /home/airflow/.local/lib/python3.8/site-packages/airflow/example_dags/example_bash_operator.py
[2023-10-11T07:14:21.186+0000] {processor.py:839} INFO - DAG(s) dict_keys(['example_bash_operator']) retrieved from /home/airflow/.local/lib/python3.8/site-packages/airflow/example_dags/example_bash_operator.py
[2023-10-11T07:14:21.210+0000] {logging_mixin.py:151} INFO - [2023-10-11T07:14:21.210+0000] {dag.py:2915} INFO - Sync 1 DAGs
[2023-10-11T07:14:21.226+0000] {logging_mixin.py:151} INFO - [2023-10-11T07:14:21.226+0000] {dag.py:3696} INFO - Setting next_dagrun for example_bash_operator to 2023-10-10T00:00:00+00:00, run_after=2023-10-11T00:00:00+00:00
[2023-10-11T07:14:21.237+0000] {processor.py:179} INFO - Processing /home/airflow/.local/lib/python3.8/site-packages/airflow/example_dags/example_bash_operator.py took 0.064 seconds
[2023-10-11T07:14:51.538+0000] {processor.py:157} INFO - Started process (PID=6590) to work on /home/airflow/.local/lib/python3.8/site-packages/airflow/example_dags/example_bash_operator.py
[2023-10-11T07:14:51.539+0000] {processor.py:829} INFO - Processing file /home/airflow/.local/lib/python3.8/site-packages/airflow/example_dags/example_bash_operator.py for tasks to queue
[2023-10-11T07:14:51.540+0000] {logging_mixin.py:151} INFO - [2023-10-11T07:14:51.539+0000] {dagbag.py:539} INFO - Filling up the DagBag from /home/airflow/.local/lib/python3.8/site-packages/airflow/example_dags/example_bash_operator.py
[2023-10-11T07:14:51.548+0000] {processor.py:839} INFO - DAG(s) dict_keys(['example_bash_operator']) retrieved from /home/airflow/.local/lib/python3.8/site-packages/airflow/example_dags/example_bash_operator.py
[2023-10-11T07:14:51.587+0000] {logging_mixin.py:151} INFO - [2023-10-11T07:14:51.586+0000] {dag.py:2915} INFO - Sync 1 DAGs
[2023-10-11T07:14:51.602+0000] {logging_mixin.py:151} INFO - [2023-10-11T07:14:51.602+0000] {dag.py:3696} INFO - Setting next_dagrun for example_bash_operator to 2023-10-10T00:00:00+00:00, run_after=2023-10-11T00:00:00+00:00
[2023-10-11T07:14:51.614+0000] {processor.py:179} INFO - Processing /home/airflow/.local/lib/python3.8/site-packages/airflow/example_dags/example_bash_operator.py took 0.079 seconds
[2023-10-11T07:15:21.979+0000] {processor.py:157} INFO - Started process (PID=6833) to work on /home/airflow/.local/lib/python3.8/site-packages/airflow/example_dags/example_bash_operator.py
[2023-10-11T07:15:21.981+0000] {processor.py:829} INFO - Processing file /home/airflow/.local/lib/python3.8/site-packages/airflow/example_dags/example_bash_operator.py for tasks to queue
[2023-10-11T07:15:21.981+0000] {logging_mixin.py:151} INFO - [2023-10-11T07:15:21.981+0000] {dagbag.py:539} INFO - Filling up the DagBag from /home/airflow/.local/lib/python3.8/site-packages/airflow/example_dags/example_bash_operator.py
[2023-10-11T07:15:21.989+0000] {processor.py:839} INFO - DAG(s) dict_keys(['example_bash_operator']) retrieved from /home/airflow/.local/lib/python3.8/site-packages/airflow/example_dags/example_bash_operator.py
[2023-10-11T07:15:22.005+0000] {logging_mixin.py:151} INFO - [2023-10-11T07:15:22.005+0000] {dag.py:2915} INFO - Sync 1 DAGs
[2023-10-11T07:15:22.017+0000] {logging_mixin.py:151} INFO - [2023-10-11T07:15:22.017+0000] {dag.py:3696} INFO - Setting next_dagrun for example_bash_operator to 2023-10-10T00:00:00+00:00, run_after=2023-10-11T00:00:00+00:00
[2023-10-11T07:15:22.028+0000] {processor.py:179} INFO - Processing /home/airflow/.local/lib/python3.8/site-packages/airflow/example_dags/example_bash_operator.py took 0.052 seconds
[2023-10-11T07:15:52.783+0000] {processor.py:157} INFO - Started process (PID=7079) to work on /home/airflow/.local/lib/python3.8/site-packages/airflow/example_dags/example_bash_operator.py
[2023-10-11T07:15:52.785+0000] {processor.py:829} INFO - Processing file /home/airflow/.local/lib/python3.8/site-packages/airflow/example_dags/example_bash_operator.py for tasks to queue
[2023-10-11T07:15:52.785+0000] {logging_mixin.py:151} INFO - [2023-10-11T07:15:52.785+0000] {dagbag.py:539} INFO - Filling up the DagBag from /home/airflow/.local/lib/python3.8/site-packages/airflow/example_dags/example_bash_operator.py
[2023-10-11T07:15:52.794+0000] {processor.py:839} INFO - DAG(s) dict_keys(['example_bash_operator']) retrieved from /home/airflow/.local/lib/python3.8/site-packages/airflow/example_dags/example_bash_operator.py
[2023-10-11T07:15:52.819+0000] {logging_mixin.py:151} INFO - [2023-10-11T07:15:52.819+0000] {dag.py:2915} INFO - Sync 1 DAGs
[2023-10-11T07:15:52.835+0000] {logging_mixin.py:151} INFO - [2023-10-11T07:15:52.835+0000] {dag.py:3696} INFO - Setting next_dagrun for example_bash_operator to 2023-10-10T00:00:00+00:00, run_after=2023-10-11T00:00:00+00:00
[2023-10-11T07:15:52.846+0000] {processor.py:179} INFO - Processing /home/airflow/.local/lib/python3.8/site-packages/airflow/example_dags/example_bash_operator.py took 0.066 seconds
[2023-10-11T07:16:23.641+0000] {processor.py:157} INFO - Started process (PID=7322) to work on /home/airflow/.local/lib/python3.8/site-packages/airflow/example_dags/example_bash_operator.py
[2023-10-11T07:16:23.643+0000] {processor.py:829} INFO - Processing file /home/airflow/.local/lib/python3.8/site-packages/airflow/example_dags/example_bash_operator.py for tasks to queue
[2023-10-11T07:16:23.646+0000] {logging_mixin.py:151} INFO - [2023-10-11T07:16:23.644+0000] {dagbag.py:539} INFO - Filling up the DagBag from /home/airflow/.local/lib/python3.8/site-packages/airflow/example_dags/example_bash_operator.py
[2023-10-11T07:16:23.697+0000] {processor.py:839} INFO - DAG(s) dict_keys(['example_bash_operator']) retrieved from /home/airflow/.local/lib/python3.8/site-packages/airflow/example_dags/example_bash_operator.py
[2023-10-11T07:16:23.731+0000] {logging_mixin.py:151} INFO - [2023-10-11T07:16:23.730+0000] {dag.py:2915} INFO - Sync 1 DAGs
[2023-10-11T07:16:23.777+0000] {logging_mixin.py:151} INFO - [2023-10-11T07:16:23.777+0000] {dag.py:3696} INFO - Setting next_dagrun for example_bash_operator to 2023-10-10T00:00:00+00:00, run_after=2023-10-11T00:00:00+00:00
[2023-10-11T07:16:23.794+0000] {processor.py:179} INFO - Processing /home/airflow/.local/lib/python3.8/site-packages/airflow/example_dags/example_bash_operator.py took 0.158 seconds
[2023-10-11T07:16:55.621+0000] {processor.py:157} INFO - Started process (PID=7565) to work on /home/airflow/.local/lib/python3.8/site-packages/airflow/example_dags/example_bash_operator.py
[2023-10-11T07:16:55.623+0000] {processor.py:829} INFO - Processing file /home/airflow/.local/lib/python3.8/site-packages/airflow/example_dags/example_bash_operator.py for tasks to queue
[2023-10-11T07:16:55.624+0000] {logging_mixin.py:151} INFO - [2023-10-11T07:16:55.624+0000] {dagbag.py:539} INFO - Filling up the DagBag from /home/airflow/.local/lib/python3.8/site-packages/airflow/example_dags/example_bash_operator.py
[2023-10-11T07:16:55.642+0000] {processor.py:839} INFO - DAG(s) dict_keys(['example_bash_operator']) retrieved from /home/airflow/.local/lib/python3.8/site-packages/airflow/example_dags/example_bash_operator.py
[2023-10-11T07:16:55.709+0000] {logging_mixin.py:151} INFO - [2023-10-11T07:16:55.708+0000] {dag.py:2915} INFO - Sync 1 DAGs
[2023-10-11T07:16:55.765+0000] {logging_mixin.py:151} INFO - [2023-10-11T07:16:55.765+0000] {dag.py:3696} INFO - Setting next_dagrun for example_bash_operator to 2023-10-10T00:00:00+00:00, run_after=2023-10-11T00:00:00+00:00
[2023-10-11T07:16:55.800+0000] {processor.py:179} INFO - Processing /home/airflow/.local/lib/python3.8/site-packages/airflow/example_dags/example_bash_operator.py took 0.183 seconds
[2023-10-11T07:17:26.772+0000] {processor.py:157} INFO - Started process (PID=7808) to work on /home/airflow/.local/lib/python3.8/site-packages/airflow/example_dags/example_bash_operator.py
[2023-10-11T07:17:26.778+0000] {processor.py:829} INFO - Processing file /home/airflow/.local/lib/python3.8/site-packages/airflow/example_dags/example_bash_operator.py for tasks to queue
[2023-10-11T07:17:26.781+0000] {logging_mixin.py:151} INFO - [2023-10-11T07:17:26.780+0000] {dagbag.py:539} INFO - Filling up the DagBag from /home/airflow/.local/lib/python3.8/site-packages/airflow/example_dags/example_bash_operator.py
[2023-10-11T07:17:26.927+0000] {processor.py:839} INFO - DAG(s) dict_keys(['example_bash_operator']) retrieved from /home/airflow/.local/lib/python3.8/site-packages/airflow/example_dags/example_bash_operator.py
[2023-10-11T07:17:27.017+0000] {logging_mixin.py:151} INFO - [2023-10-11T07:17:27.016+0000] {dag.py:2915} INFO - Sync 1 DAGs
[2023-10-11T07:17:27.111+0000] {logging_mixin.py:151} INFO - [2023-10-11T07:17:27.111+0000] {dag.py:3696} INFO - Setting next_dagrun for example_bash_operator to 2023-10-10T00:00:00+00:00, run_after=2023-10-11T00:00:00+00:00
[2023-10-11T07:17:27.142+0000] {processor.py:179} INFO - Processing /home/airflow/.local/lib/python3.8/site-packages/airflow/example_dags/example_bash_operator.py took 0.411 seconds
[2023-10-11T07:17:57.885+0000] {processor.py:157} INFO - Started process (PID=8051) to work on /home/airflow/.local/lib/python3.8/site-packages/airflow/example_dags/example_bash_operator.py
[2023-10-11T07:17:57.886+0000] {processor.py:829} INFO - Processing file /home/airflow/.local/lib/python3.8/site-packages/airflow/example_dags/example_bash_operator.py for tasks to queue
[2023-10-11T07:17:57.887+0000] {logging_mixin.py:151} INFO - [2023-10-11T07:17:57.887+0000] {dagbag.py:539} INFO - Filling up the DagBag from /home/airflow/.local/lib/python3.8/site-packages/airflow/example_dags/example_bash_operator.py
[2023-10-11T07:17:57.901+0000] {processor.py:839} INFO - DAG(s) dict_keys(['example_bash_operator']) retrieved from /home/airflow/.local/lib/python3.8/site-packages/airflow/example_dags/example_bash_operator.py
[2023-10-11T07:17:57.930+0000] {logging_mixin.py:151} INFO - [2023-10-11T07:17:57.930+0000] {dag.py:2915} INFO - Sync 1 DAGs
[2023-10-11T07:17:57.978+0000] {logging_mixin.py:151} INFO - [2023-10-11T07:17:57.978+0000] {dag.py:3696} INFO - Setting next_dagrun for example_bash_operator to 2023-10-10T00:00:00+00:00, run_after=2023-10-11T00:00:00+00:00
[2023-10-11T07:17:58.002+0000] {processor.py:179} INFO - Processing /home/airflow/.local/lib/python3.8/site-packages/airflow/example_dags/example_bash_operator.py took 0.122 seconds
[2023-10-11T07:18:28.434+0000] {processor.py:157} INFO - Started process (PID=8291) to work on /home/airflow/.local/lib/python3.8/site-packages/airflow/example_dags/example_bash_operator.py
[2023-10-11T07:18:28.436+0000] {processor.py:829} INFO - Processing file /home/airflow/.local/lib/python3.8/site-packages/airflow/example_dags/example_bash_operator.py for tasks to queue
[2023-10-11T07:18:28.437+0000] {logging_mixin.py:151} INFO - [2023-10-11T07:18:28.437+0000] {dagbag.py:539} INFO - Filling up the DagBag from /home/airflow/.local/lib/python3.8/site-packages/airflow/example_dags/example_bash_operator.py
[2023-10-11T07:18:28.482+0000] {processor.py:839} INFO - DAG(s) dict_keys(['example_bash_operator']) retrieved from /home/airflow/.local/lib/python3.8/site-packages/airflow/example_dags/example_bash_operator.py
[2023-10-11T07:18:28.526+0000] {logging_mixin.py:151} INFO - [2023-10-11T07:18:28.526+0000] {dag.py:2915} INFO - Sync 1 DAGs
[2023-10-11T07:18:28.574+0000] {logging_mixin.py:151} INFO - [2023-10-11T07:18:28.574+0000] {dag.py:3696} INFO - Setting next_dagrun for example_bash_operator to 2023-10-10T00:00:00+00:00, run_after=2023-10-11T00:00:00+00:00
[2023-10-11T07:18:28.620+0000] {processor.py:179} INFO - Processing /home/airflow/.local/lib/python3.8/site-packages/airflow/example_dags/example_bash_operator.py took 0.192 seconds
[2023-10-11T07:18:58.712+0000] {processor.py:157} INFO - Started process (PID=8534) to work on /home/airflow/.local/lib/python3.8/site-packages/airflow/example_dags/example_bash_operator.py
[2023-10-11T07:18:58.713+0000] {processor.py:829} INFO - Processing file /home/airflow/.local/lib/python3.8/site-packages/airflow/example_dags/example_bash_operator.py for tasks to queue
[2023-10-11T07:18:58.714+0000] {logging_mixin.py:151} INFO - [2023-10-11T07:18:58.714+0000] {dagbag.py:539} INFO - Filling up the DagBag from /home/airflow/.local/lib/python3.8/site-packages/airflow/example_dags/example_bash_operator.py
[2023-10-11T07:18:58.724+0000] {processor.py:839} INFO - DAG(s) dict_keys(['example_bash_operator']) retrieved from /home/airflow/.local/lib/python3.8/site-packages/airflow/example_dags/example_bash_operator.py
[2023-10-11T07:18:58.779+0000] {logging_mixin.py:151} INFO - [2023-10-11T07:18:58.779+0000] {dag.py:2915} INFO - Sync 1 DAGs
[2023-10-11T07:18:58.795+0000] {logging_mixin.py:151} INFO - [2023-10-11T07:18:58.795+0000] {dag.py:3696} INFO - Setting next_dagrun for example_bash_operator to 2023-10-10T00:00:00+00:00, run_after=2023-10-11T00:00:00+00:00
[2023-10-11T07:18:58.806+0000] {processor.py:179} INFO - Processing /home/airflow/.local/lib/python3.8/site-packages/airflow/example_dags/example_bash_operator.py took 0.098 seconds
[2023-10-11T07:19:28.991+0000] {processor.py:157} INFO - Started process (PID=8777) to work on /home/airflow/.local/lib/python3.8/site-packages/airflow/example_dags/example_bash_operator.py
[2023-10-11T07:19:28.992+0000] {processor.py:829} INFO - Processing file /home/airflow/.local/lib/python3.8/site-packages/airflow/example_dags/example_bash_operator.py for tasks to queue
[2023-10-11T07:19:28.993+0000] {logging_mixin.py:151} INFO - [2023-10-11T07:19:28.993+0000] {dagbag.py:539} INFO - Filling up the DagBag from /home/airflow/.local/lib/python3.8/site-packages/airflow/example_dags/example_bash_operator.py
[2023-10-11T07:19:29.024+0000] {processor.py:839} INFO - DAG(s) dict_keys(['example_bash_operator']) retrieved from /home/airflow/.local/lib/python3.8/site-packages/airflow/example_dags/example_bash_operator.py
[2023-10-11T07:19:29.090+0000] {logging_mixin.py:151} INFO - [2023-10-11T07:19:29.090+0000] {dag.py:2915} INFO - Sync 1 DAGs
[2023-10-11T07:19:29.113+0000] {logging_mixin.py:151} INFO - [2023-10-11T07:19:29.113+0000] {dag.py:3696} INFO - Setting next_dagrun for example_bash_operator to 2023-10-10T00:00:00+00:00, run_after=2023-10-11T00:00:00+00:00
[2023-10-11T07:19:29.132+0000] {processor.py:179} INFO - Processing /home/airflow/.local/lib/python3.8/site-packages/airflow/example_dags/example_bash_operator.py took 0.146 seconds
[2023-10-11T07:19:59.913+0000] {processor.py:157} INFO - Started process (PID=9020) to work on /home/airflow/.local/lib/python3.8/site-packages/airflow/example_dags/example_bash_operator.py
[2023-10-11T07:19:59.915+0000] {processor.py:829} INFO - Processing file /home/airflow/.local/lib/python3.8/site-packages/airflow/example_dags/example_bash_operator.py for tasks to queue
[2023-10-11T07:19:59.916+0000] {logging_mixin.py:151} INFO - [2023-10-11T07:19:59.916+0000] {dagbag.py:539} INFO - Filling up the DagBag from /home/airflow/.local/lib/python3.8/site-packages/airflow/example_dags/example_bash_operator.py
[2023-10-11T07:19:59.929+0000] {processor.py:839} INFO - DAG(s) dict_keys(['example_bash_operator']) retrieved from /home/airflow/.local/lib/python3.8/site-packages/airflow/example_dags/example_bash_operator.py
[2023-10-11T07:20:00.003+0000] {logging_mixin.py:151} INFO - [2023-10-11T07:20:00.003+0000] {dag.py:2915} INFO - Sync 1 DAGs
[2023-10-11T07:20:00.078+0000] {logging_mixin.py:151} INFO - [2023-10-11T07:20:00.078+0000] {dag.py:3696} INFO - Setting next_dagrun for example_bash_operator to 2023-10-10T00:00:00+00:00, run_after=2023-10-11T00:00:00+00:00
[2023-10-11T07:20:00.099+0000] {processor.py:179} INFO - Processing /home/airflow/.local/lib/python3.8/site-packages/airflow/example_dags/example_bash_operator.py took 0.192 seconds
[2023-10-11T07:20:30.230+0000] {processor.py:157} INFO - Started process (PID=9263) to work on /home/airflow/.local/lib/python3.8/site-packages/airflow/example_dags/example_bash_operator.py
[2023-10-11T07:20:30.232+0000] {processor.py:829} INFO - Processing file /home/airflow/.local/lib/python3.8/site-packages/airflow/example_dags/example_bash_operator.py for tasks to queue
[2023-10-11T07:20:30.233+0000] {logging_mixin.py:151} INFO - [2023-10-11T07:20:30.233+0000] {dagbag.py:539} INFO - Filling up the DagBag from /home/airflow/.local/lib/python3.8/site-packages/airflow/example_dags/example_bash_operator.py
[2023-10-11T07:20:30.252+0000] {processor.py:839} INFO - DAG(s) dict_keys(['example_bash_operator']) retrieved from /home/airflow/.local/lib/python3.8/site-packages/airflow/example_dags/example_bash_operator.py
[2023-10-11T07:20:30.312+0000] {logging_mixin.py:151} INFO - [2023-10-11T07:20:30.311+0000] {dag.py:2915} INFO - Sync 1 DAGs
[2023-10-11T07:20:30.339+0000] {logging_mixin.py:151} INFO - [2023-10-11T07:20:30.339+0000] {dag.py:3696} INFO - Setting next_dagrun for example_bash_operator to 2023-10-10T00:00:00+00:00, run_after=2023-10-11T00:00:00+00:00
[2023-10-11T07:20:30.382+0000] {processor.py:179} INFO - Processing /home/airflow/.local/lib/python3.8/site-packages/airflow/example_dags/example_bash_operator.py took 0.157 seconds
[2023-10-11T07:21:01.197+0000] {processor.py:157} INFO - Started process (PID=9506) to work on /home/airflow/.local/lib/python3.8/site-packages/airflow/example_dags/example_bash_operator.py
[2023-10-11T07:21:01.199+0000] {processor.py:829} INFO - Processing file /home/airflow/.local/lib/python3.8/site-packages/airflow/example_dags/example_bash_operator.py for tasks to queue
[2023-10-11T07:21:01.201+0000] {logging_mixin.py:151} INFO - [2023-10-11T07:21:01.200+0000] {dagbag.py:539} INFO - Filling up the DagBag from /home/airflow/.local/lib/python3.8/site-packages/airflow/example_dags/example_bash_operator.py
[2023-10-11T07:21:01.234+0000] {processor.py:839} INFO - DAG(s) dict_keys(['example_bash_operator']) retrieved from /home/airflow/.local/lib/python3.8/site-packages/airflow/example_dags/example_bash_operator.py
[2023-10-11T07:21:01.301+0000] {logging_mixin.py:151} INFO - [2023-10-11T07:21:01.301+0000] {dag.py:2915} INFO - Sync 1 DAGs
[2023-10-11T07:21:01.335+0000] {logging_mixin.py:151} INFO - [2023-10-11T07:21:01.335+0000] {dag.py:3696} INFO - Setting next_dagrun for example_bash_operator to 2023-10-10T00:00:00+00:00, run_after=2023-10-11T00:00:00+00:00
[2023-10-11T07:21:01.381+0000] {processor.py:179} INFO - Processing /home/airflow/.local/lib/python3.8/site-packages/airflow/example_dags/example_bash_operator.py took 0.192 seconds
[2023-10-11T07:21:31.485+0000] {processor.py:157} INFO - Started process (PID=9749) to work on /home/airflow/.local/lib/python3.8/site-packages/airflow/example_dags/example_bash_operator.py
[2023-10-11T07:21:31.486+0000] {processor.py:829} INFO - Processing file /home/airflow/.local/lib/python3.8/site-packages/airflow/example_dags/example_bash_operator.py for tasks to queue
[2023-10-11T07:21:31.487+0000] {logging_mixin.py:151} INFO - [2023-10-11T07:21:31.487+0000] {dagbag.py:539} INFO - Filling up the DagBag from /home/airflow/.local/lib/python3.8/site-packages/airflow/example_dags/example_bash_operator.py
[2023-10-11T07:21:31.498+0000] {processor.py:839} INFO - DAG(s) dict_keys(['example_bash_operator']) retrieved from /home/airflow/.local/lib/python3.8/site-packages/airflow/example_dags/example_bash_operator.py
[2023-10-11T07:21:31.521+0000] {logging_mixin.py:151} INFO - [2023-10-11T07:21:31.521+0000] {dag.py:2915} INFO - Sync 1 DAGs
[2023-10-11T07:21:31.543+0000] {logging_mixin.py:151} INFO - [2023-10-11T07:21:31.543+0000] {dag.py:3696} INFO - Setting next_dagrun for example_bash_operator to 2023-10-10T00:00:00+00:00, run_after=2023-10-11T00:00:00+00:00
[2023-10-11T07:21:31.584+0000] {processor.py:179} INFO - Processing /home/airflow/.local/lib/python3.8/site-packages/airflow/example_dags/example_bash_operator.py took 0.102 seconds
[2023-10-11T07:22:01.756+0000] {processor.py:157} INFO - Started process (PID=9992) to work on /home/airflow/.local/lib/python3.8/site-packages/airflow/example_dags/example_bash_operator.py
[2023-10-11T07:22:01.758+0000] {processor.py:829} INFO - Processing file /home/airflow/.local/lib/python3.8/site-packages/airflow/example_dags/example_bash_operator.py for tasks to queue
[2023-10-11T07:22:01.759+0000] {logging_mixin.py:151} INFO - [2023-10-11T07:22:01.759+0000] {dagbag.py:539} INFO - Filling up the DagBag from /home/airflow/.local/lib/python3.8/site-packages/airflow/example_dags/example_bash_operator.py
[2023-10-11T07:22:01.777+0000] {processor.py:839} INFO - DAG(s) dict_keys(['example_bash_operator']) retrieved from /home/airflow/.local/lib/python3.8/site-packages/airflow/example_dags/example_bash_operator.py
[2023-10-11T07:22:01.825+0000] {logging_mixin.py:151} INFO - [2023-10-11T07:22:01.825+0000] {dag.py:2915} INFO - Sync 1 DAGs
[2023-10-11T07:22:01.871+0000] {logging_mixin.py:151} INFO - [2023-10-11T07:22:01.871+0000] {dag.py:3696} INFO - Setting next_dagrun for example_bash_operator to 2023-10-10T00:00:00+00:00, run_after=2023-10-11T00:00:00+00:00
[2023-10-11T07:22:01.908+0000] {processor.py:179} INFO - Processing /home/airflow/.local/lib/python3.8/site-packages/airflow/example_dags/example_bash_operator.py took 0.155 seconds
[2023-10-11T07:22:32.401+0000] {processor.py:157} INFO - Started process (PID=10233) to work on /home/airflow/.local/lib/python3.8/site-packages/airflow/example_dags/example_bash_operator.py
[2023-10-11T07:22:32.402+0000] {processor.py:829} INFO - Processing file /home/airflow/.local/lib/python3.8/site-packages/airflow/example_dags/example_bash_operator.py for tasks to queue
[2023-10-11T07:22:32.402+0000] {logging_mixin.py:151} INFO - [2023-10-11T07:22:32.402+0000] {dagbag.py:539} INFO - Filling up the DagBag from /home/airflow/.local/lib/python3.8/site-packages/airflow/example_dags/example_bash_operator.py
[2023-10-11T07:22:32.411+0000] {processor.py:839} INFO - DAG(s) dict_keys(['example_bash_operator']) retrieved from /home/airflow/.local/lib/python3.8/site-packages/airflow/example_dags/example_bash_operator.py
[2023-10-11T07:22:32.430+0000] {logging_mixin.py:151} INFO - [2023-10-11T07:22:32.430+0000] {dag.py:2915} INFO - Sync 1 DAGs
[2023-10-11T07:22:32.447+0000] {logging_mixin.py:151} INFO - [2023-10-11T07:22:32.447+0000] {dag.py:3696} INFO - Setting next_dagrun for example_bash_operator to 2023-10-10T00:00:00+00:00, run_after=2023-10-11T00:00:00+00:00
[2023-10-11T07:22:32.475+0000] {processor.py:179} INFO - Processing /home/airflow/.local/lib/python3.8/site-packages/airflow/example_dags/example_bash_operator.py took 0.077 seconds
[2023-10-11T07:23:02.746+0000] {processor.py:157} INFO - Started process (PID=10478) to work on /home/airflow/.local/lib/python3.8/site-packages/airflow/example_dags/example_bash_operator.py
[2023-10-11T07:23:02.756+0000] {processor.py:829} INFO - Processing file /home/airflow/.local/lib/python3.8/site-packages/airflow/example_dags/example_bash_operator.py for tasks to queue
[2023-10-11T07:23:02.768+0000] {logging_mixin.py:151} INFO - [2023-10-11T07:23:02.767+0000] {dagbag.py:539} INFO - Filling up the DagBag from /home/airflow/.local/lib/python3.8/site-packages/airflow/example_dags/example_bash_operator.py
[2023-10-11T07:23:02.782+0000] {processor.py:839} INFO - DAG(s) dict_keys(['example_bash_operator']) retrieved from /home/airflow/.local/lib/python3.8/site-packages/airflow/example_dags/example_bash_operator.py
[2023-10-11T07:23:02.803+0000] {logging_mixin.py:151} INFO - [2023-10-11T07:23:02.803+0000] {dag.py:2915} INFO - Sync 1 DAGs
[2023-10-11T07:23:02.819+0000] {logging_mixin.py:151} INFO - [2023-10-11T07:23:02.819+0000] {dag.py:3696} INFO - Setting next_dagrun for example_bash_operator to 2023-10-10T00:00:00+00:00, run_after=2023-10-11T00:00:00+00:00
[2023-10-11T07:23:02.831+0000] {processor.py:179} INFO - Processing /home/airflow/.local/lib/python3.8/site-packages/airflow/example_dags/example_bash_operator.py took 0.087 seconds
[2023-10-11T07:23:32.873+0000] {processor.py:157} INFO - Started process (PID=10721) to work on /home/airflow/.local/lib/python3.8/site-packages/airflow/example_dags/example_bash_operator.py
[2023-10-11T07:23:32.875+0000] {processor.py:829} INFO - Processing file /home/airflow/.local/lib/python3.8/site-packages/airflow/example_dags/example_bash_operator.py for tasks to queue
[2023-10-11T07:23:32.876+0000] {logging_mixin.py:151} INFO - [2023-10-11T07:23:32.876+0000] {dagbag.py:539} INFO - Filling up the DagBag from /home/airflow/.local/lib/python3.8/site-packages/airflow/example_dags/example_bash_operator.py
[2023-10-11T07:23:32.885+0000] {processor.py:839} INFO - DAG(s) dict_keys(['example_bash_operator']) retrieved from /home/airflow/.local/lib/python3.8/site-packages/airflow/example_dags/example_bash_operator.py
[2023-10-11T07:23:32.906+0000] {logging_mixin.py:151} INFO - [2023-10-11T07:23:32.905+0000] {dag.py:2915} INFO - Sync 1 DAGs
[2023-10-11T07:23:32.920+0000] {logging_mixin.py:151} INFO - [2023-10-11T07:23:32.920+0000] {dag.py:3696} INFO - Setting next_dagrun for example_bash_operator to 2023-10-10T00:00:00+00:00, run_after=2023-10-11T00:00:00+00:00
[2023-10-11T07:23:32.931+0000] {processor.py:179} INFO - Processing /home/airflow/.local/lib/python3.8/site-packages/airflow/example_dags/example_bash_operator.py took 0.066 seconds
[2023-10-11T07:24:02.992+0000] {processor.py:157} INFO - Started process (PID=10962) to work on /home/airflow/.local/lib/python3.8/site-packages/airflow/example_dags/example_bash_operator.py
[2023-10-11T07:24:02.993+0000] {processor.py:829} INFO - Processing file /home/airflow/.local/lib/python3.8/site-packages/airflow/example_dags/example_bash_operator.py for tasks to queue
[2023-10-11T07:24:02.994+0000] {logging_mixin.py:151} INFO - [2023-10-11T07:24:02.994+0000] {dagbag.py:539} INFO - Filling up the DagBag from /home/airflow/.local/lib/python3.8/site-packages/airflow/example_dags/example_bash_operator.py
[2023-10-11T07:24:03.001+0000] {processor.py:839} INFO - DAG(s) dict_keys(['example_bash_operator']) retrieved from /home/airflow/.local/lib/python3.8/site-packages/airflow/example_dags/example_bash_operator.py
[2023-10-11T07:24:03.020+0000] {logging_mixin.py:151} INFO - [2023-10-11T07:24:03.020+0000] {dag.py:2915} INFO - Sync 1 DAGs
[2023-10-11T07:24:03.034+0000] {logging_mixin.py:151} INFO - [2023-10-11T07:24:03.034+0000] {dag.py:3696} INFO - Setting next_dagrun for example_bash_operator to 2023-10-10T00:00:00+00:00, run_after=2023-10-11T00:00:00+00:00
[2023-10-11T07:24:03.045+0000] {processor.py:179} INFO - Processing /home/airflow/.local/lib/python3.8/site-packages/airflow/example_dags/example_bash_operator.py took 0.056 seconds
[2023-10-11T07:24:33.727+0000] {processor.py:157} INFO - Started process (PID=11207) to work on /home/airflow/.local/lib/python3.8/site-packages/airflow/example_dags/example_bash_operator.py
[2023-10-11T07:24:33.728+0000] {processor.py:829} INFO - Processing file /home/airflow/.local/lib/python3.8/site-packages/airflow/example_dags/example_bash_operator.py for tasks to queue
[2023-10-11T07:24:33.729+0000] {logging_mixin.py:151} INFO - [2023-10-11T07:24:33.729+0000] {dagbag.py:539} INFO - Filling up the DagBag from /home/airflow/.local/lib/python3.8/site-packages/airflow/example_dags/example_bash_operator.py
[2023-10-11T07:24:33.742+0000] {processor.py:839} INFO - DAG(s) dict_keys(['example_bash_operator']) retrieved from /home/airflow/.local/lib/python3.8/site-packages/airflow/example_dags/example_bash_operator.py
[2023-10-11T07:24:33.812+0000] {logging_mixin.py:151} INFO - [2023-10-11T07:24:33.812+0000] {dag.py:2915} INFO - Sync 1 DAGs
[2023-10-11T07:24:33.840+0000] {logging_mixin.py:151} INFO - [2023-10-11T07:24:33.840+0000] {dag.py:3696} INFO - Setting next_dagrun for example_bash_operator to 2023-10-10T00:00:00+00:00, run_after=2023-10-11T00:00:00+00:00
[2023-10-11T07:24:33.885+0000] {processor.py:179} INFO - Processing /home/airflow/.local/lib/python3.8/site-packages/airflow/example_dags/example_bash_operator.py took 0.161 seconds
[2023-10-11T07:25:04.684+0000] {processor.py:157} INFO - Started process (PID=11450) to work on /home/airflow/.local/lib/python3.8/site-packages/airflow/example_dags/example_bash_operator.py
[2023-10-11T07:25:04.685+0000] {processor.py:829} INFO - Processing file /home/airflow/.local/lib/python3.8/site-packages/airflow/example_dags/example_bash_operator.py for tasks to queue
[2023-10-11T07:25:04.686+0000] {logging_mixin.py:151} INFO - [2023-10-11T07:25:04.686+0000] {dagbag.py:539} INFO - Filling up the DagBag from /home/airflow/.local/lib/python3.8/site-packages/airflow/example_dags/example_bash_operator.py
[2023-10-11T07:25:04.694+0000] {processor.py:839} INFO - DAG(s) dict_keys(['example_bash_operator']) retrieved from /home/airflow/.local/lib/python3.8/site-packages/airflow/example_dags/example_bash_operator.py
[2023-10-11T07:25:04.713+0000] {logging_mixin.py:151} INFO - [2023-10-11T07:25:04.713+0000] {dag.py:2915} INFO - Sync 1 DAGs
[2023-10-11T07:25:04.727+0000] {logging_mixin.py:151} INFO - [2023-10-11T07:25:04.727+0000] {dag.py:3696} INFO - Setting next_dagrun for example_bash_operator to 2023-10-10T00:00:00+00:00, run_after=2023-10-11T00:00:00+00:00
[2023-10-11T07:25:04.737+0000] {processor.py:179} INFO - Processing /home/airflow/.local/lib/python3.8/site-packages/airflow/example_dags/example_bash_operator.py took 0.057 seconds
[2023-10-11T07:25:35.013+0000] {processor.py:157} INFO - Started process (PID=11691) to work on /home/airflow/.local/lib/python3.8/site-packages/airflow/example_dags/example_bash_operator.py
[2023-10-11T07:25:35.014+0000] {processor.py:829} INFO - Processing file /home/airflow/.local/lib/python3.8/site-packages/airflow/example_dags/example_bash_operator.py for tasks to queue
[2023-10-11T07:25:35.016+0000] {logging_mixin.py:151} INFO - [2023-10-11T07:25:35.015+0000] {dagbag.py:539} INFO - Filling up the DagBag from /home/airflow/.local/lib/python3.8/site-packages/airflow/example_dags/example_bash_operator.py
[2023-10-11T07:25:35.035+0000] {processor.py:839} INFO - DAG(s) dict_keys(['example_bash_operator']) retrieved from /home/airflow/.local/lib/python3.8/site-packages/airflow/example_dags/example_bash_operator.py
[2023-10-11T07:25:35.105+0000] {logging_mixin.py:151} INFO - [2023-10-11T07:25:35.105+0000] {dag.py:2915} INFO - Sync 1 DAGs
[2023-10-11T07:25:35.135+0000] {logging_mixin.py:151} INFO - [2023-10-11T07:25:35.135+0000] {dag.py:3696} INFO - Setting next_dagrun for example_bash_operator to 2023-10-10T00:00:00+00:00, run_after=2023-10-11T00:00:00+00:00
[2023-10-11T07:25:35.172+0000] {processor.py:179} INFO - Processing /home/airflow/.local/lib/python3.8/site-packages/airflow/example_dags/example_bash_operator.py took 0.163 seconds
[2023-10-11T07:26:05.288+0000] {processor.py:157} INFO - Started process (PID=11934) to work on /home/airflow/.local/lib/python3.8/site-packages/airflow/example_dags/example_bash_operator.py
[2023-10-11T07:26:05.290+0000] {processor.py:829} INFO - Processing file /home/airflow/.local/lib/python3.8/site-packages/airflow/example_dags/example_bash_operator.py for tasks to queue
[2023-10-11T07:26:05.291+0000] {logging_mixin.py:151} INFO - [2023-10-11T07:26:05.290+0000] {dagbag.py:539} INFO - Filling up the DagBag from /home/airflow/.local/lib/python3.8/site-packages/airflow/example_dags/example_bash_operator.py
[2023-10-11T07:26:05.304+0000] {processor.py:839} INFO - DAG(s) dict_keys(['example_bash_operator']) retrieved from /home/airflow/.local/lib/python3.8/site-packages/airflow/example_dags/example_bash_operator.py
[2023-10-11T07:26:05.335+0000] {logging_mixin.py:151} INFO - [2023-10-11T07:26:05.335+0000] {dag.py:2915} INFO - Sync 1 DAGs
[2023-10-11T07:26:05.381+0000] {logging_mixin.py:151} INFO - [2023-10-11T07:26:05.381+0000] {dag.py:3696} INFO - Setting next_dagrun for example_bash_operator to 2023-10-10T00:00:00+00:00, run_after=2023-10-11T00:00:00+00:00
[2023-10-11T07:26:05.400+0000] {processor.py:179} INFO - Processing /home/airflow/.local/lib/python3.8/site-packages/airflow/example_dags/example_bash_operator.py took 0.115 seconds
[2023-10-11T07:26:36.299+0000] {processor.py:157} INFO - Started process (PID=12178) to work on /home/airflow/.local/lib/python3.8/site-packages/airflow/example_dags/example_bash_operator.py
[2023-10-11T07:26:36.301+0000] {processor.py:829} INFO - Processing file /home/airflow/.local/lib/python3.8/site-packages/airflow/example_dags/example_bash_operator.py for tasks to queue
[2023-10-11T07:26:36.302+0000] {logging_mixin.py:151} INFO - [2023-10-11T07:26:36.301+0000] {dagbag.py:539} INFO - Filling up the DagBag from /home/airflow/.local/lib/python3.8/site-packages/airflow/example_dags/example_bash_operator.py
[2023-10-11T07:26:36.313+0000] {processor.py:839} INFO - DAG(s) dict_keys(['example_bash_operator']) retrieved from /home/airflow/.local/lib/python3.8/site-packages/airflow/example_dags/example_bash_operator.py
[2023-10-11T07:26:36.341+0000] {logging_mixin.py:151} INFO - [2023-10-11T07:26:36.340+0000] {dag.py:2915} INFO - Sync 1 DAGs
[2023-10-11T07:26:36.400+0000] {logging_mixin.py:151} INFO - [2023-10-11T07:26:36.400+0000] {dag.py:3696} INFO - Setting next_dagrun for example_bash_operator to 2023-10-10T00:00:00+00:00, run_after=2023-10-11T00:00:00+00:00
[2023-10-11T07:26:36.421+0000] {processor.py:179} INFO - Processing /home/airflow/.local/lib/python3.8/site-packages/airflow/example_dags/example_bash_operator.py took 0.125 seconds
[2023-10-11T07:27:06.825+0000] {processor.py:157} INFO - Started process (PID=12420) to work on /home/airflow/.local/lib/python3.8/site-packages/airflow/example_dags/example_bash_operator.py
[2023-10-11T07:27:06.827+0000] {processor.py:829} INFO - Processing file /home/airflow/.local/lib/python3.8/site-packages/airflow/example_dags/example_bash_operator.py for tasks to queue
[2023-10-11T07:27:06.829+0000] {logging_mixin.py:151} INFO - [2023-10-11T07:27:06.828+0000] {dagbag.py:539} INFO - Filling up the DagBag from /home/airflow/.local/lib/python3.8/site-packages/airflow/example_dags/example_bash_operator.py
[2023-10-11T07:27:06.860+0000] {processor.py:839} INFO - DAG(s) dict_keys(['example_bash_operator']) retrieved from /home/airflow/.local/lib/python3.8/site-packages/airflow/example_dags/example_bash_operator.py
[2023-10-11T07:27:06.900+0000] {logging_mixin.py:151} INFO - [2023-10-11T07:27:06.899+0000] {dag.py:2915} INFO - Sync 1 DAGs
[2023-10-11T07:27:06.923+0000] {logging_mixin.py:151} INFO - [2023-10-11T07:27:06.923+0000] {dag.py:3696} INFO - Setting next_dagrun for example_bash_operator to 2023-10-10T00:00:00+00:00, run_after=2023-10-11T00:00:00+00:00
[2023-10-11T07:27:06.944+0000] {processor.py:179} INFO - Processing /home/airflow/.local/lib/python3.8/site-packages/airflow/example_dags/example_bash_operator.py took 0.125 seconds
[2023-10-11T07:27:37.377+0000] {processor.py:157} INFO - Started process (PID=12665) to work on /home/airflow/.local/lib/python3.8/site-packages/airflow/example_dags/example_bash_operator.py
[2023-10-11T07:27:37.378+0000] {processor.py:829} INFO - Processing file /home/airflow/.local/lib/python3.8/site-packages/airflow/example_dags/example_bash_operator.py for tasks to queue
[2023-10-11T07:27:37.378+0000] {logging_mixin.py:151} INFO - [2023-10-11T07:27:37.378+0000] {dagbag.py:539} INFO - Filling up the DagBag from /home/airflow/.local/lib/python3.8/site-packages/airflow/example_dags/example_bash_operator.py
[2023-10-11T07:27:37.385+0000] {processor.py:839} INFO - DAG(s) dict_keys(['example_bash_operator']) retrieved from /home/airflow/.local/lib/python3.8/site-packages/airflow/example_dags/example_bash_operator.py
[2023-10-11T07:27:37.401+0000] {logging_mixin.py:151} INFO - [2023-10-11T07:27:37.401+0000] {dag.py:2915} INFO - Sync 1 DAGs
[2023-10-11T07:27:37.412+0000] {logging_mixin.py:151} INFO - [2023-10-11T07:27:37.412+0000] {dag.py:3696} INFO - Setting next_dagrun for example_bash_operator to 2023-10-10T00:00:00+00:00, run_after=2023-10-11T00:00:00+00:00
[2023-10-11T07:27:37.420+0000] {processor.py:179} INFO - Processing /home/airflow/.local/lib/python3.8/site-packages/airflow/example_dags/example_bash_operator.py took 0.046 seconds
[2023-10-11T07:28:07.522+0000] {processor.py:157} INFO - Started process (PID=12906) to work on /home/airflow/.local/lib/python3.8/site-packages/airflow/example_dags/example_bash_operator.py
[2023-10-11T07:28:07.522+0000] {processor.py:829} INFO - Processing file /home/airflow/.local/lib/python3.8/site-packages/airflow/example_dags/example_bash_operator.py for tasks to queue
[2023-10-11T07:28:07.523+0000] {logging_mixin.py:151} INFO - [2023-10-11T07:28:07.523+0000] {dagbag.py:539} INFO - Filling up the DagBag from /home/airflow/.local/lib/python3.8/site-packages/airflow/example_dags/example_bash_operator.py
[2023-10-11T07:28:07.531+0000] {processor.py:839} INFO - DAG(s) dict_keys(['example_bash_operator']) retrieved from /home/airflow/.local/lib/python3.8/site-packages/airflow/example_dags/example_bash_operator.py
[2023-10-11T07:28:07.578+0000] {logging_mixin.py:151} INFO - [2023-10-11T07:28:07.578+0000] {dag.py:2915} INFO - Sync 1 DAGs
[2023-10-11T07:28:07.592+0000] {logging_mixin.py:151} INFO - [2023-10-11T07:28:07.591+0000] {dag.py:3696} INFO - Setting next_dagrun for example_bash_operator to 2023-10-10T00:00:00+00:00, run_after=2023-10-11T00:00:00+00:00
[2023-10-11T07:28:07.602+0000] {processor.py:179} INFO - Processing /home/airflow/.local/lib/python3.8/site-packages/airflow/example_dags/example_bash_operator.py took 0.082 seconds
[2023-10-11T07:28:37.907+0000] {processor.py:157} INFO - Started process (PID=13151) to work on /home/airflow/.local/lib/python3.8/site-packages/airflow/example_dags/example_bash_operator.py
[2023-10-11T07:28:37.908+0000] {processor.py:829} INFO - Processing file /home/airflow/.local/lib/python3.8/site-packages/airflow/example_dags/example_bash_operator.py for tasks to queue
[2023-10-11T07:28:37.909+0000] {logging_mixin.py:151} INFO - [2023-10-11T07:28:37.909+0000] {dagbag.py:539} INFO - Filling up the DagBag from /home/airflow/.local/lib/python3.8/site-packages/airflow/example_dags/example_bash_operator.py
[2023-10-11T07:28:37.916+0000] {processor.py:839} INFO - DAG(s) dict_keys(['example_bash_operator']) retrieved from /home/airflow/.local/lib/python3.8/site-packages/airflow/example_dags/example_bash_operator.py
[2023-10-11T07:28:37.933+0000] {logging_mixin.py:151} INFO - [2023-10-11T07:28:37.933+0000] {dag.py:2915} INFO - Sync 1 DAGs
[2023-10-11T07:28:37.946+0000] {logging_mixin.py:151} INFO - [2023-10-11T07:28:37.946+0000] {dag.py:3696} INFO - Setting next_dagrun for example_bash_operator to 2023-10-10T00:00:00+00:00, run_after=2023-10-11T00:00:00+00:00
[2023-10-11T07:28:37.980+0000] {processor.py:179} INFO - Processing /home/airflow/.local/lib/python3.8/site-packages/airflow/example_dags/example_bash_operator.py took 0.075 seconds
