[2023-10-11T07:01:30.249+0000] {processor.py:157} INFO - Started process (PID=195) to work on /home/airflow/.local/lib/python3.8/site-packages/airflow/example_dags/example_dynamic_task_mapping_with_no_taskflow_operators.py
[2023-10-11T07:01:30.251+0000] {processor.py:829} INFO - Processing file /home/airflow/.local/lib/python3.8/site-packages/airflow/example_dags/example_dynamic_task_mapping_with_no_taskflow_operators.py for tasks to queue
[2023-10-11T07:01:30.252+0000] {logging_mixin.py:151} INFO - [2023-10-11T07:01:30.251+0000] {dagbag.py:539} INFO - Filling up the DagBag from /home/airflow/.local/lib/python3.8/site-packages/airflow/example_dags/example_dynamic_task_mapping_with_no_taskflow_operators.py
[2023-10-11T07:01:30.275+0000] {processor.py:839} INFO - DAG(s) dict_keys(['example_dynamic_task_mapping_with_no_taskflow_operators']) retrieved from /home/airflow/.local/lib/python3.8/site-packages/airflow/example_dags/example_dynamic_task_mapping_with_no_taskflow_operators.py
[2023-10-11T07:01:30.537+0000] {logging_mixin.py:151} INFO - [2023-10-11T07:01:30.537+0000] {manager.py:499} INFO - Created Permission View: %s
[2023-10-11T07:01:30.542+0000] {logging_mixin.py:151} INFO - [2023-10-11T07:01:30.542+0000] {manager.py:499} INFO - Created Permission View: %s
[2023-10-11T07:01:30.546+0000] {logging_mixin.py:151} INFO - [2023-10-11T07:01:30.546+0000] {manager.py:499} INFO - Created Permission View: %s
[2023-10-11T07:01:30.546+0000] {logging_mixin.py:151} INFO - [2023-10-11T07:01:30.546+0000] {security.py:708} INFO - Not syncing DAG-level permissions for DAG 'DAG:example_dynamic_task_mapping_with_no_taskflow_operators' as access control is unset.
[2023-10-11T07:01:30.546+0000] {logging_mixin.py:151} INFO - [2023-10-11T07:01:30.546+0000] {dag.py:2915} INFO - Sync 1 DAGs
[2023-10-11T07:01:30.553+0000] {logging_mixin.py:151} INFO - [2023-10-11T07:01:30.553+0000] {dag.py:2937} INFO - Creating ORM DAG for example_dynamic_task_mapping_with_no_taskflow_operators
[2023-10-11T07:01:30.591+0000] {logging_mixin.py:151} INFO - [2023-10-11T07:01:30.591+0000] {dag.py:3696} INFO - Setting next_dagrun for example_dynamic_task_mapping_with_no_taskflow_operators to 2023-10-10T07:01:30.591404+00:00, run_after=2023-10-11T07:01:30.591404+00:00
[2023-10-11T07:01:30.604+0000] {processor.py:179} INFO - Processing /home/airflow/.local/lib/python3.8/site-packages/airflow/example_dags/example_dynamic_task_mapping_with_no_taskflow_operators.py took 0.357 seconds
[2023-10-11T07:02:01.469+0000] {processor.py:157} INFO - Started process (PID=434) to work on /home/airflow/.local/lib/python3.8/site-packages/airflow/example_dags/example_dynamic_task_mapping_with_no_taskflow_operators.py
[2023-10-11T07:02:01.480+0000] {processor.py:829} INFO - Processing file /home/airflow/.local/lib/python3.8/site-packages/airflow/example_dags/example_dynamic_task_mapping_with_no_taskflow_operators.py for tasks to queue
[2023-10-11T07:02:01.487+0000] {logging_mixin.py:151} INFO - [2023-10-11T07:02:01.486+0000] {dagbag.py:539} INFO - Filling up the DagBag from /home/airflow/.local/lib/python3.8/site-packages/airflow/example_dags/example_dynamic_task_mapping_with_no_taskflow_operators.py
[2023-10-11T07:02:01.506+0000] {processor.py:839} INFO - DAG(s) dict_keys(['example_dynamic_task_mapping_with_no_taskflow_operators']) retrieved from /home/airflow/.local/lib/python3.8/site-packages/airflow/example_dags/example_dynamic_task_mapping_with_no_taskflow_operators.py
[2023-10-11T07:02:01.528+0000] {logging_mixin.py:151} INFO - [2023-10-11T07:02:01.528+0000] {dag.py:2915} INFO - Sync 1 DAGs
[2023-10-11T07:02:01.546+0000] {logging_mixin.py:151} INFO - [2023-10-11T07:02:01.546+0000] {dag.py:3696} INFO - Setting next_dagrun for example_dynamic_task_mapping_with_no_taskflow_operators to 2023-10-10T07:02:01.546391+00:00, run_after=2023-10-11T07:02:01.546391+00:00
[2023-10-11T07:02:01.556+0000] {processor.py:179} INFO - Processing /home/airflow/.local/lib/python3.8/site-packages/airflow/example_dags/example_dynamic_task_mapping_with_no_taskflow_operators.py took 0.099 seconds
[2023-10-11T07:02:31.648+0000] {processor.py:157} INFO - Started process (PID=671) to work on /home/airflow/.local/lib/python3.8/site-packages/airflow/example_dags/example_dynamic_task_mapping_with_no_taskflow_operators.py
[2023-10-11T07:02:31.649+0000] {processor.py:829} INFO - Processing file /home/airflow/.local/lib/python3.8/site-packages/airflow/example_dags/example_dynamic_task_mapping_with_no_taskflow_operators.py for tasks to queue
[2023-10-11T07:02:31.650+0000] {logging_mixin.py:151} INFO - [2023-10-11T07:02:31.650+0000] {dagbag.py:539} INFO - Filling up the DagBag from /home/airflow/.local/lib/python3.8/site-packages/airflow/example_dags/example_dynamic_task_mapping_with_no_taskflow_operators.py
[2023-10-11T07:02:31.659+0000] {processor.py:839} INFO - DAG(s) dict_keys(['example_dynamic_task_mapping_with_no_taskflow_operators']) retrieved from /home/airflow/.local/lib/python3.8/site-packages/airflow/example_dags/example_dynamic_task_mapping_with_no_taskflow_operators.py
[2023-10-11T07:02:31.698+0000] {logging_mixin.py:151} INFO - [2023-10-11T07:02:31.698+0000] {dag.py:2915} INFO - Sync 1 DAGs
[2023-10-11T07:02:31.713+0000] {logging_mixin.py:151} INFO - [2023-10-11T07:02:31.712+0000] {dag.py:3696} INFO - Setting next_dagrun for example_dynamic_task_mapping_with_no_taskflow_operators to 2023-10-10T07:02:31.712681+00:00, run_after=2023-10-11T07:02:31.712681+00:00
[2023-10-11T07:02:31.723+0000] {processor.py:179} INFO - Processing /home/airflow/.local/lib/python3.8/site-packages/airflow/example_dags/example_dynamic_task_mapping_with_no_taskflow_operators.py took 0.078 seconds
[2023-10-11T07:03:02.411+0000] {processor.py:157} INFO - Started process (PID=909) to work on /home/airflow/.local/lib/python3.8/site-packages/airflow/example_dags/example_dynamic_task_mapping_with_no_taskflow_operators.py
[2023-10-11T07:03:02.412+0000] {processor.py:829} INFO - Processing file /home/airflow/.local/lib/python3.8/site-packages/airflow/example_dags/example_dynamic_task_mapping_with_no_taskflow_operators.py for tasks to queue
[2023-10-11T07:03:02.412+0000] {logging_mixin.py:151} INFO - [2023-10-11T07:03:02.412+0000] {dagbag.py:539} INFO - Filling up the DagBag from /home/airflow/.local/lib/python3.8/site-packages/airflow/example_dags/example_dynamic_task_mapping_with_no_taskflow_operators.py
[2023-10-11T07:03:02.418+0000] {processor.py:839} INFO - DAG(s) dict_keys(['example_dynamic_task_mapping_with_no_taskflow_operators']) retrieved from /home/airflow/.local/lib/python3.8/site-packages/airflow/example_dags/example_dynamic_task_mapping_with_no_taskflow_operators.py
[2023-10-11T07:03:02.430+0000] {logging_mixin.py:151} INFO - [2023-10-11T07:03:02.430+0000] {dag.py:2915} INFO - Sync 1 DAGs
[2023-10-11T07:03:02.444+0000] {logging_mixin.py:151} INFO - [2023-10-11T07:03:02.444+0000] {dag.py:3696} INFO - Setting next_dagrun for example_dynamic_task_mapping_with_no_taskflow_operators to 2023-10-10T07:03:02.444307+00:00, run_after=2023-10-11T07:03:02.444307+00:00
[2023-10-11T07:03:02.475+0000] {processor.py:179} INFO - Processing /home/airflow/.local/lib/python3.8/site-packages/airflow/example_dags/example_dynamic_task_mapping_with_no_taskflow_operators.py took 0.067 seconds
[2023-10-11T07:03:33.322+0000] {processor.py:157} INFO - Started process (PID=1147) to work on /home/airflow/.local/lib/python3.8/site-packages/airflow/example_dags/example_dynamic_task_mapping_with_no_taskflow_operators.py
[2023-10-11T07:03:33.323+0000] {processor.py:829} INFO - Processing file /home/airflow/.local/lib/python3.8/site-packages/airflow/example_dags/example_dynamic_task_mapping_with_no_taskflow_operators.py for tasks to queue
[2023-10-11T07:03:33.323+0000] {logging_mixin.py:151} INFO - [2023-10-11T07:03:33.323+0000] {dagbag.py:539} INFO - Filling up the DagBag from /home/airflow/.local/lib/python3.8/site-packages/airflow/example_dags/example_dynamic_task_mapping_with_no_taskflow_operators.py
[2023-10-11T07:03:33.328+0000] {processor.py:839} INFO - DAG(s) dict_keys(['example_dynamic_task_mapping_with_no_taskflow_operators']) retrieved from /home/airflow/.local/lib/python3.8/site-packages/airflow/example_dags/example_dynamic_task_mapping_with_no_taskflow_operators.py
[2023-10-11T07:03:33.342+0000] {logging_mixin.py:151} INFO - [2023-10-11T07:03:33.342+0000] {dag.py:2915} INFO - Sync 1 DAGs
[2023-10-11T07:03:33.359+0000] {logging_mixin.py:151} INFO - [2023-10-11T07:03:33.358+0000] {dag.py:3696} INFO - Setting next_dagrun for example_dynamic_task_mapping_with_no_taskflow_operators to 2023-10-10T07:03:33.358290+00:00, run_after=2023-10-11T07:03:33.358290+00:00
[2023-10-11T07:03:33.389+0000] {processor.py:179} INFO - Processing /home/airflow/.local/lib/python3.8/site-packages/airflow/example_dags/example_dynamic_task_mapping_with_no_taskflow_operators.py took 0.070 seconds
[2023-10-11T07:04:04.048+0000] {processor.py:157} INFO - Started process (PID=1385) to work on /home/airflow/.local/lib/python3.8/site-packages/airflow/example_dags/example_dynamic_task_mapping_with_no_taskflow_operators.py
[2023-10-11T07:04:04.049+0000] {processor.py:829} INFO - Processing file /home/airflow/.local/lib/python3.8/site-packages/airflow/example_dags/example_dynamic_task_mapping_with_no_taskflow_operators.py for tasks to queue
[2023-10-11T07:04:04.050+0000] {logging_mixin.py:151} INFO - [2023-10-11T07:04:04.049+0000] {dagbag.py:539} INFO - Filling up the DagBag from /home/airflow/.local/lib/python3.8/site-packages/airflow/example_dags/example_dynamic_task_mapping_with_no_taskflow_operators.py
[2023-10-11T07:04:04.065+0000] {processor.py:839} INFO - DAG(s) dict_keys(['example_dynamic_task_mapping_with_no_taskflow_operators']) retrieved from /home/airflow/.local/lib/python3.8/site-packages/airflow/example_dags/example_dynamic_task_mapping_with_no_taskflow_operators.py
[2023-10-11T07:04:04.094+0000] {logging_mixin.py:151} INFO - [2023-10-11T07:04:04.094+0000] {dag.py:2915} INFO - Sync 1 DAGs
[2023-10-11T07:04:04.109+0000] {logging_mixin.py:151} INFO - [2023-10-11T07:04:04.109+0000] {dag.py:3696} INFO - Setting next_dagrun for example_dynamic_task_mapping_with_no_taskflow_operators to 2023-10-10T07:04:04.109529+00:00, run_after=2023-10-11T07:04:04.109529+00:00
[2023-10-11T07:04:04.120+0000] {processor.py:179} INFO - Processing /home/airflow/.local/lib/python3.8/site-packages/airflow/example_dags/example_dynamic_task_mapping_with_no_taskflow_operators.py took 0.074 seconds
[2023-10-11T07:04:34.435+0000] {processor.py:157} INFO - Started process (PID=1623) to work on /home/airflow/.local/lib/python3.8/site-packages/airflow/example_dags/example_dynamic_task_mapping_with_no_taskflow_operators.py
[2023-10-11T07:04:34.436+0000] {processor.py:829} INFO - Processing file /home/airflow/.local/lib/python3.8/site-packages/airflow/example_dags/example_dynamic_task_mapping_with_no_taskflow_operators.py for tasks to queue
[2023-10-11T07:04:34.437+0000] {logging_mixin.py:151} INFO - [2023-10-11T07:04:34.436+0000] {dagbag.py:539} INFO - Filling up the DagBag from /home/airflow/.local/lib/python3.8/site-packages/airflow/example_dags/example_dynamic_task_mapping_with_no_taskflow_operators.py
[2023-10-11T07:04:34.444+0000] {processor.py:839} INFO - DAG(s) dict_keys(['example_dynamic_task_mapping_with_no_taskflow_operators']) retrieved from /home/airflow/.local/lib/python3.8/site-packages/airflow/example_dags/example_dynamic_task_mapping_with_no_taskflow_operators.py
[2023-10-11T07:04:34.478+0000] {logging_mixin.py:151} INFO - [2023-10-11T07:04:34.478+0000] {dag.py:2915} INFO - Sync 1 DAGs
[2023-10-11T07:04:34.492+0000] {logging_mixin.py:151} INFO - [2023-10-11T07:04:34.492+0000] {dag.py:3696} INFO - Setting next_dagrun for example_dynamic_task_mapping_with_no_taskflow_operators to 2023-10-10T07:04:34.492645+00:00, run_after=2023-10-11T07:04:34.492645+00:00
[2023-10-11T07:04:34.502+0000] {processor.py:179} INFO - Processing /home/airflow/.local/lib/python3.8/site-packages/airflow/example_dags/example_dynamic_task_mapping_with_no_taskflow_operators.py took 0.070 seconds
[2023-10-11T07:05:04.915+0000] {processor.py:157} INFO - Started process (PID=1861) to work on /home/airflow/.local/lib/python3.8/site-packages/airflow/example_dags/example_dynamic_task_mapping_with_no_taskflow_operators.py
[2023-10-11T07:05:04.916+0000] {processor.py:829} INFO - Processing file /home/airflow/.local/lib/python3.8/site-packages/airflow/example_dags/example_dynamic_task_mapping_with_no_taskflow_operators.py for tasks to queue
[2023-10-11T07:05:04.917+0000] {logging_mixin.py:151} INFO - [2023-10-11T07:05:04.916+0000] {dagbag.py:539} INFO - Filling up the DagBag from /home/airflow/.local/lib/python3.8/site-packages/airflow/example_dags/example_dynamic_task_mapping_with_no_taskflow_operators.py
[2023-10-11T07:05:04.924+0000] {processor.py:839} INFO - DAG(s) dict_keys(['example_dynamic_task_mapping_with_no_taskflow_operators']) retrieved from /home/airflow/.local/lib/python3.8/site-packages/airflow/example_dags/example_dynamic_task_mapping_with_no_taskflow_operators.py
[2023-10-11T07:05:04.938+0000] {logging_mixin.py:151} INFO - [2023-10-11T07:05:04.938+0000] {dag.py:2915} INFO - Sync 1 DAGs
[2023-10-11T07:05:04.956+0000] {logging_mixin.py:151} INFO - [2023-10-11T07:05:04.956+0000] {dag.py:3696} INFO - Setting next_dagrun for example_dynamic_task_mapping_with_no_taskflow_operators to 2023-10-10T07:05:04.955789+00:00, run_after=2023-10-11T07:05:04.955789+00:00
[2023-10-11T07:05:04.987+0000] {processor.py:179} INFO - Processing /home/airflow/.local/lib/python3.8/site-packages/airflow/example_dags/example_dynamic_task_mapping_with_no_taskflow_operators.py took 0.074 seconds
[2023-10-11T07:05:35.052+0000] {processor.py:157} INFO - Started process (PID=2099) to work on /home/airflow/.local/lib/python3.8/site-packages/airflow/example_dags/example_dynamic_task_mapping_with_no_taskflow_operators.py
[2023-10-11T07:05:35.053+0000] {processor.py:829} INFO - Processing file /home/airflow/.local/lib/python3.8/site-packages/airflow/example_dags/example_dynamic_task_mapping_with_no_taskflow_operators.py for tasks to queue
[2023-10-11T07:05:35.053+0000] {logging_mixin.py:151} INFO - [2023-10-11T07:05:35.053+0000] {dagbag.py:539} INFO - Filling up the DagBag from /home/airflow/.local/lib/python3.8/site-packages/airflow/example_dags/example_dynamic_task_mapping_with_no_taskflow_operators.py
[2023-10-11T07:05:35.059+0000] {processor.py:839} INFO - DAG(s) dict_keys(['example_dynamic_task_mapping_with_no_taskflow_operators']) retrieved from /home/airflow/.local/lib/python3.8/site-packages/airflow/example_dags/example_dynamic_task_mapping_with_no_taskflow_operators.py
[2023-10-11T07:05:35.099+0000] {logging_mixin.py:151} INFO - [2023-10-11T07:05:35.098+0000] {dag.py:2915} INFO - Sync 1 DAGs
[2023-10-11T07:05:35.111+0000] {logging_mixin.py:151} INFO - [2023-10-11T07:05:35.111+0000] {dag.py:3696} INFO - Setting next_dagrun for example_dynamic_task_mapping_with_no_taskflow_operators to 2023-10-10T07:05:35.111441+00:00, run_after=2023-10-11T07:05:35.111441+00:00
[2023-10-11T07:05:35.121+0000] {processor.py:179} INFO - Processing /home/airflow/.local/lib/python3.8/site-packages/airflow/example_dags/example_dynamic_task_mapping_with_no_taskflow_operators.py took 0.072 seconds
[2023-10-11T07:06:05.340+0000] {processor.py:157} INFO - Started process (PID=2337) to work on /home/airflow/.local/lib/python3.8/site-packages/airflow/example_dags/example_dynamic_task_mapping_with_no_taskflow_operators.py
[2023-10-11T07:06:05.341+0000] {processor.py:829} INFO - Processing file /home/airflow/.local/lib/python3.8/site-packages/airflow/example_dags/example_dynamic_task_mapping_with_no_taskflow_operators.py for tasks to queue
[2023-10-11T07:06:05.342+0000] {logging_mixin.py:151} INFO - [2023-10-11T07:06:05.342+0000] {dagbag.py:539} INFO - Filling up the DagBag from /home/airflow/.local/lib/python3.8/site-packages/airflow/example_dags/example_dynamic_task_mapping_with_no_taskflow_operators.py
[2023-10-11T07:06:05.352+0000] {processor.py:839} INFO - DAG(s) dict_keys(['example_dynamic_task_mapping_with_no_taskflow_operators']) retrieved from /home/airflow/.local/lib/python3.8/site-packages/airflow/example_dags/example_dynamic_task_mapping_with_no_taskflow_operators.py
[2023-10-11T07:06:05.392+0000] {logging_mixin.py:151} INFO - [2023-10-11T07:06:05.392+0000] {dag.py:2915} INFO - Sync 1 DAGs
[2023-10-11T07:06:05.410+0000] {logging_mixin.py:151} INFO - [2023-10-11T07:06:05.410+0000] {dag.py:3696} INFO - Setting next_dagrun for example_dynamic_task_mapping_with_no_taskflow_operators to 2023-10-10T07:06:05.409680+00:00, run_after=2023-10-11T07:06:05.409680+00:00
[2023-10-11T07:06:05.428+0000] {processor.py:179} INFO - Processing /home/airflow/.local/lib/python3.8/site-packages/airflow/example_dags/example_dynamic_task_mapping_with_no_taskflow_operators.py took 0.092 seconds
[2023-10-11T07:06:35.880+0000] {processor.py:157} INFO - Started process (PID=2578) to work on /home/airflow/.local/lib/python3.8/site-packages/airflow/example_dags/example_dynamic_task_mapping_with_no_taskflow_operators.py
[2023-10-11T07:06:35.881+0000] {processor.py:829} INFO - Processing file /home/airflow/.local/lib/python3.8/site-packages/airflow/example_dags/example_dynamic_task_mapping_with_no_taskflow_operators.py for tasks to queue
[2023-10-11T07:06:35.882+0000] {logging_mixin.py:151} INFO - [2023-10-11T07:06:35.881+0000] {dagbag.py:539} INFO - Filling up the DagBag from /home/airflow/.local/lib/python3.8/site-packages/airflow/example_dags/example_dynamic_task_mapping_with_no_taskflow_operators.py
[2023-10-11T07:06:35.887+0000] {processor.py:839} INFO - DAG(s) dict_keys(['example_dynamic_task_mapping_with_no_taskflow_operators']) retrieved from /home/airflow/.local/lib/python3.8/site-packages/airflow/example_dags/example_dynamic_task_mapping_with_no_taskflow_operators.py
[2023-10-11T07:06:35.901+0000] {logging_mixin.py:151} INFO - [2023-10-11T07:06:35.901+0000] {dag.py:2915} INFO - Sync 1 DAGs
[2023-10-11T07:06:35.915+0000] {logging_mixin.py:151} INFO - [2023-10-11T07:06:35.915+0000] {dag.py:3696} INFO - Setting next_dagrun for example_dynamic_task_mapping_with_no_taskflow_operators to 2023-10-10T07:06:35.915237+00:00, run_after=2023-10-11T07:06:35.915237+00:00
[2023-10-11T07:06:35.926+0000] {processor.py:179} INFO - Processing /home/airflow/.local/lib/python3.8/site-packages/airflow/example_dags/example_dynamic_task_mapping_with_no_taskflow_operators.py took 0.048 seconds
[2023-10-11T07:07:06.493+0000] {processor.py:157} INFO - Started process (PID=2821) to work on /home/airflow/.local/lib/python3.8/site-packages/airflow/example_dags/example_dynamic_task_mapping_with_no_taskflow_operators.py
[2023-10-11T07:07:06.494+0000] {processor.py:829} INFO - Processing file /home/airflow/.local/lib/python3.8/site-packages/airflow/example_dags/example_dynamic_task_mapping_with_no_taskflow_operators.py for tasks to queue
[2023-10-11T07:07:06.495+0000] {logging_mixin.py:151} INFO - [2023-10-11T07:07:06.494+0000] {dagbag.py:539} INFO - Filling up the DagBag from /home/airflow/.local/lib/python3.8/site-packages/airflow/example_dags/example_dynamic_task_mapping_with_no_taskflow_operators.py
[2023-10-11T07:07:06.502+0000] {processor.py:839} INFO - DAG(s) dict_keys(['example_dynamic_task_mapping_with_no_taskflow_operators']) retrieved from /home/airflow/.local/lib/python3.8/site-packages/airflow/example_dags/example_dynamic_task_mapping_with_no_taskflow_operators.py
[2023-10-11T07:07:06.521+0000] {logging_mixin.py:151} INFO - [2023-10-11T07:07:06.521+0000] {dag.py:2915} INFO - Sync 1 DAGs
[2023-10-11T07:07:06.536+0000] {logging_mixin.py:151} INFO - [2023-10-11T07:07:06.536+0000] {dag.py:3696} INFO - Setting next_dagrun for example_dynamic_task_mapping_with_no_taskflow_operators to 2023-10-10T07:07:06.536254+00:00, run_after=2023-10-11T07:07:06.536254+00:00
[2023-10-11T07:07:06.548+0000] {processor.py:179} INFO - Processing /home/airflow/.local/lib/python3.8/site-packages/airflow/example_dags/example_dynamic_task_mapping_with_no_taskflow_operators.py took 0.057 seconds
[2023-10-11T07:07:36.895+0000] {processor.py:157} INFO - Started process (PID=3064) to work on /home/airflow/.local/lib/python3.8/site-packages/airflow/example_dags/example_dynamic_task_mapping_with_no_taskflow_operators.py
[2023-10-11T07:07:36.895+0000] {processor.py:829} INFO - Processing file /home/airflow/.local/lib/python3.8/site-packages/airflow/example_dags/example_dynamic_task_mapping_with_no_taskflow_operators.py for tasks to queue
[2023-10-11T07:07:36.896+0000] {logging_mixin.py:151} INFO - [2023-10-11T07:07:36.896+0000] {dagbag.py:539} INFO - Filling up the DagBag from /home/airflow/.local/lib/python3.8/site-packages/airflow/example_dags/example_dynamic_task_mapping_with_no_taskflow_operators.py
[2023-10-11T07:07:36.901+0000] {processor.py:839} INFO - DAG(s) dict_keys(['example_dynamic_task_mapping_with_no_taskflow_operators']) retrieved from /home/airflow/.local/lib/python3.8/site-packages/airflow/example_dags/example_dynamic_task_mapping_with_no_taskflow_operators.py
[2023-10-11T07:07:36.919+0000] {logging_mixin.py:151} INFO - [2023-10-11T07:07:36.918+0000] {dag.py:2915} INFO - Sync 1 DAGs
[2023-10-11T07:07:36.932+0000] {logging_mixin.py:151} INFO - [2023-10-11T07:07:36.932+0000] {dag.py:3696} INFO - Setting next_dagrun for example_dynamic_task_mapping_with_no_taskflow_operators to 2023-10-10T07:07:36.932164+00:00, run_after=2023-10-11T07:07:36.932164+00:00
[2023-10-11T07:07:36.941+0000] {processor.py:179} INFO - Processing /home/airflow/.local/lib/python3.8/site-packages/airflow/example_dags/example_dynamic_task_mapping_with_no_taskflow_operators.py took 0.050 seconds
[2023-10-11T07:08:07.853+0000] {processor.py:157} INFO - Started process (PID=3339) to work on /home/airflow/.local/lib/python3.8/site-packages/airflow/example_dags/example_dynamic_task_mapping_with_no_taskflow_operators.py
[2023-10-11T07:08:07.854+0000] {processor.py:829} INFO - Processing file /home/airflow/.local/lib/python3.8/site-packages/airflow/example_dags/example_dynamic_task_mapping_with_no_taskflow_operators.py for tasks to queue
[2023-10-11T07:08:07.856+0000] {logging_mixin.py:151} INFO - [2023-10-11T07:08:07.856+0000] {dagbag.py:539} INFO - Filling up the DagBag from /home/airflow/.local/lib/python3.8/site-packages/airflow/example_dags/example_dynamic_task_mapping_with_no_taskflow_operators.py
[2023-10-11T07:08:07.864+0000] {processor.py:839} INFO - DAG(s) dict_keys(['example_dynamic_task_mapping_with_no_taskflow_operators']) retrieved from /home/airflow/.local/lib/python3.8/site-packages/airflow/example_dags/example_dynamic_task_mapping_with_no_taskflow_operators.py
[2023-10-11T07:08:07.902+0000] {logging_mixin.py:151} INFO - [2023-10-11T07:08:07.902+0000] {dag.py:2915} INFO - Sync 1 DAGs
[2023-10-11T07:08:07.916+0000] {logging_mixin.py:151} INFO - [2023-10-11T07:08:07.916+0000] {dag.py:3696} INFO - Setting next_dagrun for example_dynamic_task_mapping_with_no_taskflow_operators to 2023-10-10T07:08:07.915949+00:00, run_after=2023-10-11T07:08:07.915949+00:00
[2023-10-11T07:08:07.926+0000] {processor.py:179} INFO - Processing /home/airflow/.local/lib/python3.8/site-packages/airflow/example_dags/example_dynamic_task_mapping_with_no_taskflow_operators.py took 0.076 seconds
[2023-10-11T07:08:38.093+0000] {processor.py:157} INFO - Started process (PID=3582) to work on /home/airflow/.local/lib/python3.8/site-packages/airflow/example_dags/example_dynamic_task_mapping_with_no_taskflow_operators.py
[2023-10-11T07:08:38.095+0000] {processor.py:829} INFO - Processing file /home/airflow/.local/lib/python3.8/site-packages/airflow/example_dags/example_dynamic_task_mapping_with_no_taskflow_operators.py for tasks to queue
[2023-10-11T07:08:38.099+0000] {logging_mixin.py:151} INFO - [2023-10-11T07:08:38.096+0000] {dagbag.py:539} INFO - Filling up the DagBag from /home/airflow/.local/lib/python3.8/site-packages/airflow/example_dags/example_dynamic_task_mapping_with_no_taskflow_operators.py
[2023-10-11T07:08:38.109+0000] {processor.py:839} INFO - DAG(s) dict_keys(['example_dynamic_task_mapping_with_no_taskflow_operators']) retrieved from /home/airflow/.local/lib/python3.8/site-packages/airflow/example_dags/example_dynamic_task_mapping_with_no_taskflow_operators.py
[2023-10-11T07:08:38.131+0000] {logging_mixin.py:151} INFO - [2023-10-11T07:08:38.131+0000] {dag.py:2915} INFO - Sync 1 DAGs
[2023-10-11T07:08:38.151+0000] {logging_mixin.py:151} INFO - [2023-10-11T07:08:38.151+0000] {dag.py:3696} INFO - Setting next_dagrun for example_dynamic_task_mapping_with_no_taskflow_operators to 2023-10-10T07:08:38.151171+00:00, run_after=2023-10-11T07:08:38.151171+00:00
[2023-10-11T07:08:38.194+0000] {processor.py:179} INFO - Processing /home/airflow/.local/lib/python3.8/site-packages/airflow/example_dags/example_dynamic_task_mapping_with_no_taskflow_operators.py took 0.105 seconds
[2023-10-11T07:09:09.050+0000] {processor.py:157} INFO - Started process (PID=3825) to work on /home/airflow/.local/lib/python3.8/site-packages/airflow/example_dags/example_dynamic_task_mapping_with_no_taskflow_operators.py
[2023-10-11T07:09:09.053+0000] {processor.py:829} INFO - Processing file /home/airflow/.local/lib/python3.8/site-packages/airflow/example_dags/example_dynamic_task_mapping_with_no_taskflow_operators.py for tasks to queue
[2023-10-11T07:09:09.058+0000] {logging_mixin.py:151} INFO - [2023-10-11T07:09:09.057+0000] {dagbag.py:539} INFO - Filling up the DagBag from /home/airflow/.local/lib/python3.8/site-packages/airflow/example_dags/example_dynamic_task_mapping_with_no_taskflow_operators.py
[2023-10-11T07:09:09.078+0000] {processor.py:839} INFO - DAG(s) dict_keys(['example_dynamic_task_mapping_with_no_taskflow_operators']) retrieved from /home/airflow/.local/lib/python3.8/site-packages/airflow/example_dags/example_dynamic_task_mapping_with_no_taskflow_operators.py
[2023-10-11T07:09:09.116+0000] {logging_mixin.py:151} INFO - [2023-10-11T07:09:09.116+0000] {dag.py:2915} INFO - Sync 1 DAGs
[2023-10-11T07:09:09.139+0000] {logging_mixin.py:151} INFO - [2023-10-11T07:09:09.139+0000] {dag.py:3696} INFO - Setting next_dagrun for example_dynamic_task_mapping_with_no_taskflow_operators to 2023-10-10T07:09:09.139136+00:00, run_after=2023-10-11T07:09:09.139136+00:00
[2023-10-11T07:09:09.181+0000] {processor.py:179} INFO - Processing /home/airflow/.local/lib/python3.8/site-packages/airflow/example_dags/example_dynamic_task_mapping_with_no_taskflow_operators.py took 0.134 seconds
[2023-10-11T07:09:39.488+0000] {processor.py:157} INFO - Started process (PID=4068) to work on /home/airflow/.local/lib/python3.8/site-packages/airflow/example_dags/example_dynamic_task_mapping_with_no_taskflow_operators.py
[2023-10-11T07:09:39.490+0000] {processor.py:829} INFO - Processing file /home/airflow/.local/lib/python3.8/site-packages/airflow/example_dags/example_dynamic_task_mapping_with_no_taskflow_operators.py for tasks to queue
[2023-10-11T07:09:39.492+0000] {logging_mixin.py:151} INFO - [2023-10-11T07:09:39.491+0000] {dagbag.py:539} INFO - Filling up the DagBag from /home/airflow/.local/lib/python3.8/site-packages/airflow/example_dags/example_dynamic_task_mapping_with_no_taskflow_operators.py
[2023-10-11T07:09:39.514+0000] {processor.py:839} INFO - DAG(s) dict_keys(['example_dynamic_task_mapping_with_no_taskflow_operators']) retrieved from /home/airflow/.local/lib/python3.8/site-packages/airflow/example_dags/example_dynamic_task_mapping_with_no_taskflow_operators.py
[2023-10-11T07:09:39.539+0000] {logging_mixin.py:151} INFO - [2023-10-11T07:09:39.539+0000] {dag.py:2915} INFO - Sync 1 DAGs
[2023-10-11T07:09:39.554+0000] {logging_mixin.py:151} INFO - [2023-10-11T07:09:39.554+0000] {dag.py:3696} INFO - Setting next_dagrun for example_dynamic_task_mapping_with_no_taskflow_operators to 2023-10-10T07:09:39.554177+00:00, run_after=2023-10-11T07:09:39.554177+00:00
[2023-10-11T07:09:39.607+0000] {processor.py:179} INFO - Processing /home/airflow/.local/lib/python3.8/site-packages/airflow/example_dags/example_dynamic_task_mapping_with_no_taskflow_operators.py took 0.124 seconds
[2023-10-11T07:10:10.334+0000] {processor.py:157} INFO - Started process (PID=4311) to work on /home/airflow/.local/lib/python3.8/site-packages/airflow/example_dags/example_dynamic_task_mapping_with_no_taskflow_operators.py
[2023-10-11T07:10:10.335+0000] {processor.py:829} INFO - Processing file /home/airflow/.local/lib/python3.8/site-packages/airflow/example_dags/example_dynamic_task_mapping_with_no_taskflow_operators.py for tasks to queue
[2023-10-11T07:10:10.335+0000] {logging_mixin.py:151} INFO - [2023-10-11T07:10:10.335+0000] {dagbag.py:539} INFO - Filling up the DagBag from /home/airflow/.local/lib/python3.8/site-packages/airflow/example_dags/example_dynamic_task_mapping_with_no_taskflow_operators.py
[2023-10-11T07:10:10.343+0000] {processor.py:839} INFO - DAG(s) dict_keys(['example_dynamic_task_mapping_with_no_taskflow_operators']) retrieved from /home/airflow/.local/lib/python3.8/site-packages/airflow/example_dags/example_dynamic_task_mapping_with_no_taskflow_operators.py
[2023-10-11T07:10:10.382+0000] {logging_mixin.py:151} INFO - [2023-10-11T07:10:10.382+0000] {dag.py:2915} INFO - Sync 1 DAGs
[2023-10-11T07:10:10.412+0000] {logging_mixin.py:151} INFO - [2023-10-11T07:10:10.412+0000] {dag.py:3696} INFO - Setting next_dagrun for example_dynamic_task_mapping_with_no_taskflow_operators to 2023-10-10T07:10:10.412254+00:00, run_after=2023-10-11T07:10:10.412254+00:00
[2023-10-11T07:10:10.426+0000] {processor.py:179} INFO - Processing /home/airflow/.local/lib/python3.8/site-packages/airflow/example_dags/example_dynamic_task_mapping_with_no_taskflow_operators.py took 0.094 seconds
[2023-10-11T07:10:40.601+0000] {processor.py:157} INFO - Started process (PID=4554) to work on /home/airflow/.local/lib/python3.8/site-packages/airflow/example_dags/example_dynamic_task_mapping_with_no_taskflow_operators.py
[2023-10-11T07:10:40.602+0000] {processor.py:829} INFO - Processing file /home/airflow/.local/lib/python3.8/site-packages/airflow/example_dags/example_dynamic_task_mapping_with_no_taskflow_operators.py for tasks to queue
[2023-10-11T07:10:40.603+0000] {logging_mixin.py:151} INFO - [2023-10-11T07:10:40.602+0000] {dagbag.py:539} INFO - Filling up the DagBag from /home/airflow/.local/lib/python3.8/site-packages/airflow/example_dags/example_dynamic_task_mapping_with_no_taskflow_operators.py
[2023-10-11T07:10:40.610+0000] {processor.py:839} INFO - DAG(s) dict_keys(['example_dynamic_task_mapping_with_no_taskflow_operators']) retrieved from /home/airflow/.local/lib/python3.8/site-packages/airflow/example_dags/example_dynamic_task_mapping_with_no_taskflow_operators.py
[2023-10-11T07:10:40.634+0000] {logging_mixin.py:151} INFO - [2023-10-11T07:10:40.634+0000] {dag.py:2915} INFO - Sync 1 DAGs
[2023-10-11T07:10:40.680+0000] {logging_mixin.py:151} INFO - [2023-10-11T07:10:40.679+0000] {dag.py:3696} INFO - Setting next_dagrun for example_dynamic_task_mapping_with_no_taskflow_operators to 2023-10-10T07:10:40.679088+00:00, run_after=2023-10-11T07:10:40.679088+00:00
[2023-10-11T07:10:40.699+0000] {processor.py:179} INFO - Processing /home/airflow/.local/lib/python3.8/site-packages/airflow/example_dags/example_dynamic_task_mapping_with_no_taskflow_operators.py took 0.102 seconds
[2023-10-11T07:11:11.312+0000] {processor.py:157} INFO - Started process (PID=4797) to work on /home/airflow/.local/lib/python3.8/site-packages/airflow/example_dags/example_dynamic_task_mapping_with_no_taskflow_operators.py
[2023-10-11T07:11:11.312+0000] {processor.py:829} INFO - Processing file /home/airflow/.local/lib/python3.8/site-packages/airflow/example_dags/example_dynamic_task_mapping_with_no_taskflow_operators.py for tasks to queue
[2023-10-11T07:11:11.313+0000] {logging_mixin.py:151} INFO - [2023-10-11T07:11:11.313+0000] {dagbag.py:539} INFO - Filling up the DagBag from /home/airflow/.local/lib/python3.8/site-packages/airflow/example_dags/example_dynamic_task_mapping_with_no_taskflow_operators.py
[2023-10-11T07:11:11.318+0000] {processor.py:839} INFO - DAG(s) dict_keys(['example_dynamic_task_mapping_with_no_taskflow_operators']) retrieved from /home/airflow/.local/lib/python3.8/site-packages/airflow/example_dags/example_dynamic_task_mapping_with_no_taskflow_operators.py
[2023-10-11T07:11:11.332+0000] {logging_mixin.py:151} INFO - [2023-10-11T07:11:11.331+0000] {dag.py:2915} INFO - Sync 1 DAGs
[2023-10-11T07:11:11.344+0000] {logging_mixin.py:151} INFO - [2023-10-11T07:11:11.344+0000] {dag.py:3696} INFO - Setting next_dagrun for example_dynamic_task_mapping_with_no_taskflow_operators to 2023-10-10T07:11:11.344598+00:00, run_after=2023-10-11T07:11:11.344598+00:00
[2023-10-11T07:11:11.386+0000] {processor.py:179} INFO - Processing /home/airflow/.local/lib/python3.8/site-packages/airflow/example_dags/example_dynamic_task_mapping_with_no_taskflow_operators.py took 0.077 seconds
[2023-10-11T07:11:41.527+0000] {processor.py:157} INFO - Started process (PID=5040) to work on /home/airflow/.local/lib/python3.8/site-packages/airflow/example_dags/example_dynamic_task_mapping_with_no_taskflow_operators.py
[2023-10-11T07:11:41.528+0000] {processor.py:829} INFO - Processing file /home/airflow/.local/lib/python3.8/site-packages/airflow/example_dags/example_dynamic_task_mapping_with_no_taskflow_operators.py for tasks to queue
[2023-10-11T07:11:41.528+0000] {logging_mixin.py:151} INFO - [2023-10-11T07:11:41.528+0000] {dagbag.py:539} INFO - Filling up the DagBag from /home/airflow/.local/lib/python3.8/site-packages/airflow/example_dags/example_dynamic_task_mapping_with_no_taskflow_operators.py
[2023-10-11T07:11:41.533+0000] {processor.py:839} INFO - DAG(s) dict_keys(['example_dynamic_task_mapping_with_no_taskflow_operators']) retrieved from /home/airflow/.local/lib/python3.8/site-packages/airflow/example_dags/example_dynamic_task_mapping_with_no_taskflow_operators.py
[2023-10-11T07:11:41.545+0000] {logging_mixin.py:151} INFO - [2023-10-11T07:11:41.545+0000] {dag.py:2915} INFO - Sync 1 DAGs
[2023-10-11T07:11:41.567+0000] {logging_mixin.py:151} INFO - [2023-10-11T07:11:41.567+0000] {dag.py:3696} INFO - Setting next_dagrun for example_dynamic_task_mapping_with_no_taskflow_operators to 2023-10-10T07:11:41.567171+00:00, run_after=2023-10-11T07:11:41.567171+00:00
[2023-10-11T07:11:41.594+0000] {processor.py:179} INFO - Processing /home/airflow/.local/lib/python3.8/site-packages/airflow/example_dags/example_dynamic_task_mapping_with_no_taskflow_operators.py took 0.069 seconds
[2023-10-11T07:12:12.299+0000] {processor.py:157} INFO - Started process (PID=5283) to work on /home/airflow/.local/lib/python3.8/site-packages/airflow/example_dags/example_dynamic_task_mapping_with_no_taskflow_operators.py
[2023-10-11T07:12:12.300+0000] {processor.py:829} INFO - Processing file /home/airflow/.local/lib/python3.8/site-packages/airflow/example_dags/example_dynamic_task_mapping_with_no_taskflow_operators.py for tasks to queue
[2023-10-11T07:12:12.300+0000] {logging_mixin.py:151} INFO - [2023-10-11T07:12:12.300+0000] {dagbag.py:539} INFO - Filling up the DagBag from /home/airflow/.local/lib/python3.8/site-packages/airflow/example_dags/example_dynamic_task_mapping_with_no_taskflow_operators.py
[2023-10-11T07:12:12.306+0000] {processor.py:839} INFO - DAG(s) dict_keys(['example_dynamic_task_mapping_with_no_taskflow_operators']) retrieved from /home/airflow/.local/lib/python3.8/site-packages/airflow/example_dags/example_dynamic_task_mapping_with_no_taskflow_operators.py
[2023-10-11T07:12:12.319+0000] {logging_mixin.py:151} INFO - [2023-10-11T07:12:12.319+0000] {dag.py:2915} INFO - Sync 1 DAGs
[2023-10-11T07:12:12.332+0000] {logging_mixin.py:151} INFO - [2023-10-11T07:12:12.332+0000] {dag.py:3696} INFO - Setting next_dagrun for example_dynamic_task_mapping_with_no_taskflow_operators to 2023-10-10T07:12:12.332268+00:00, run_after=2023-10-11T07:12:12.332268+00:00
[2023-10-11T07:12:12.343+0000] {processor.py:179} INFO - Processing /home/airflow/.local/lib/python3.8/site-packages/airflow/example_dags/example_dynamic_task_mapping_with_no_taskflow_operators.py took 0.047 seconds
[2023-10-11T07:12:42.425+0000] {processor.py:157} INFO - Started process (PID=5526) to work on /home/airflow/.local/lib/python3.8/site-packages/airflow/example_dags/example_dynamic_task_mapping_with_no_taskflow_operators.py
[2023-10-11T07:12:42.426+0000] {processor.py:829} INFO - Processing file /home/airflow/.local/lib/python3.8/site-packages/airflow/example_dags/example_dynamic_task_mapping_with_no_taskflow_operators.py for tasks to queue
[2023-10-11T07:12:42.426+0000] {logging_mixin.py:151} INFO - [2023-10-11T07:12:42.426+0000] {dagbag.py:539} INFO - Filling up the DagBag from /home/airflow/.local/lib/python3.8/site-packages/airflow/example_dags/example_dynamic_task_mapping_with_no_taskflow_operators.py
[2023-10-11T07:12:42.431+0000] {processor.py:839} INFO - DAG(s) dict_keys(['example_dynamic_task_mapping_with_no_taskflow_operators']) retrieved from /home/airflow/.local/lib/python3.8/site-packages/airflow/example_dags/example_dynamic_task_mapping_with_no_taskflow_operators.py
[2023-10-11T07:12:42.443+0000] {logging_mixin.py:151} INFO - [2023-10-11T07:12:42.443+0000] {dag.py:2915} INFO - Sync 1 DAGs
[2023-10-11T07:12:42.475+0000] {logging_mixin.py:151} INFO - [2023-10-11T07:12:42.474+0000] {dag.py:3696} INFO - Setting next_dagrun for example_dynamic_task_mapping_with_no_taskflow_operators to 2023-10-10T07:12:42.474466+00:00, run_after=2023-10-11T07:12:42.474466+00:00
[2023-10-11T07:12:42.486+0000] {processor.py:179} INFO - Processing /home/airflow/.local/lib/python3.8/site-packages/airflow/example_dags/example_dynamic_task_mapping_with_no_taskflow_operators.py took 0.063 seconds
[2023-10-11T07:13:13.081+0000] {processor.py:157} INFO - Started process (PID=5769) to work on /home/airflow/.local/lib/python3.8/site-packages/airflow/example_dags/example_dynamic_task_mapping_with_no_taskflow_operators.py
[2023-10-11T07:13:13.082+0000] {processor.py:829} INFO - Processing file /home/airflow/.local/lib/python3.8/site-packages/airflow/example_dags/example_dynamic_task_mapping_with_no_taskflow_operators.py for tasks to queue
[2023-10-11T07:13:13.083+0000] {logging_mixin.py:151} INFO - [2023-10-11T07:13:13.082+0000] {dagbag.py:539} INFO - Filling up the DagBag from /home/airflow/.local/lib/python3.8/site-packages/airflow/example_dags/example_dynamic_task_mapping_with_no_taskflow_operators.py
[2023-10-11T07:13:13.089+0000] {processor.py:839} INFO - DAG(s) dict_keys(['example_dynamic_task_mapping_with_no_taskflow_operators']) retrieved from /home/airflow/.local/lib/python3.8/site-packages/airflow/example_dags/example_dynamic_task_mapping_with_no_taskflow_operators.py
[2023-10-11T07:13:13.104+0000] {logging_mixin.py:151} INFO - [2023-10-11T07:13:13.104+0000] {dag.py:2915} INFO - Sync 1 DAGs
[2023-10-11T07:13:13.116+0000] {logging_mixin.py:151} INFO - [2023-10-11T07:13:13.116+0000] {dag.py:3696} INFO - Setting next_dagrun for example_dynamic_task_mapping_with_no_taskflow_operators to 2023-10-10T07:13:13.116506+00:00, run_after=2023-10-11T07:13:13.116506+00:00
[2023-10-11T07:13:13.127+0000] {processor.py:179} INFO - Processing /home/airflow/.local/lib/python3.8/site-packages/airflow/example_dags/example_dynamic_task_mapping_with_no_taskflow_operators.py took 0.049 seconds
[2023-10-11T07:13:43.679+0000] {processor.py:157} INFO - Started process (PID=6012) to work on /home/airflow/.local/lib/python3.8/site-packages/airflow/example_dags/example_dynamic_task_mapping_with_no_taskflow_operators.py
[2023-10-11T07:13:43.680+0000] {processor.py:829} INFO - Processing file /home/airflow/.local/lib/python3.8/site-packages/airflow/example_dags/example_dynamic_task_mapping_with_no_taskflow_operators.py for tasks to queue
[2023-10-11T07:13:43.681+0000] {logging_mixin.py:151} INFO - [2023-10-11T07:13:43.680+0000] {dagbag.py:539} INFO - Filling up the DagBag from /home/airflow/.local/lib/python3.8/site-packages/airflow/example_dags/example_dynamic_task_mapping_with_no_taskflow_operators.py
[2023-10-11T07:13:43.686+0000] {processor.py:839} INFO - DAG(s) dict_keys(['example_dynamic_task_mapping_with_no_taskflow_operators']) retrieved from /home/airflow/.local/lib/python3.8/site-packages/airflow/example_dags/example_dynamic_task_mapping_with_no_taskflow_operators.py
[2023-10-11T07:13:43.713+0000] {logging_mixin.py:151} INFO - [2023-10-11T07:13:43.713+0000] {dag.py:2915} INFO - Sync 1 DAGs
[2023-10-11T07:13:43.729+0000] {logging_mixin.py:151} INFO - [2023-10-11T07:13:43.729+0000] {dag.py:3696} INFO - Setting next_dagrun for example_dynamic_task_mapping_with_no_taskflow_operators to 2023-10-10T07:13:43.728504+00:00, run_after=2023-10-11T07:13:43.728504+00:00
[2023-10-11T07:13:43.741+0000] {processor.py:179} INFO - Processing /home/airflow/.local/lib/python3.8/site-packages/airflow/example_dags/example_dynamic_task_mapping_with_no_taskflow_operators.py took 0.065 seconds
[2023-10-11T07:14:14.217+0000] {processor.py:157} INFO - Started process (PID=6255) to work on /home/airflow/.local/lib/python3.8/site-packages/airflow/example_dags/example_dynamic_task_mapping_with_no_taskflow_operators.py
[2023-10-11T07:14:14.218+0000] {processor.py:829} INFO - Processing file /home/airflow/.local/lib/python3.8/site-packages/airflow/example_dags/example_dynamic_task_mapping_with_no_taskflow_operators.py for tasks to queue
[2023-10-11T07:14:14.219+0000] {logging_mixin.py:151} INFO - [2023-10-11T07:14:14.218+0000] {dagbag.py:539} INFO - Filling up the DagBag from /home/airflow/.local/lib/python3.8/site-packages/airflow/example_dags/example_dynamic_task_mapping_with_no_taskflow_operators.py
[2023-10-11T07:14:14.224+0000] {processor.py:839} INFO - DAG(s) dict_keys(['example_dynamic_task_mapping_with_no_taskflow_operators']) retrieved from /home/airflow/.local/lib/python3.8/site-packages/airflow/example_dags/example_dynamic_task_mapping_with_no_taskflow_operators.py
[2023-10-11T07:14:14.241+0000] {logging_mixin.py:151} INFO - [2023-10-11T07:14:14.241+0000] {dag.py:2915} INFO - Sync 1 DAGs
[2023-10-11T07:14:14.255+0000] {logging_mixin.py:151} INFO - [2023-10-11T07:14:14.255+0000] {dag.py:3696} INFO - Setting next_dagrun for example_dynamic_task_mapping_with_no_taskflow_operators to 2023-10-10T07:14:14.255638+00:00, run_after=2023-10-11T07:14:14.255638+00:00
[2023-10-11T07:14:14.283+0000] {processor.py:179} INFO - Processing /home/airflow/.local/lib/python3.8/site-packages/airflow/example_dags/example_dynamic_task_mapping_with_no_taskflow_operators.py took 0.069 seconds
[2023-10-11T07:14:44.630+0000] {processor.py:157} INFO - Started process (PID=6498) to work on /home/airflow/.local/lib/python3.8/site-packages/airflow/example_dags/example_dynamic_task_mapping_with_no_taskflow_operators.py
[2023-10-11T07:14:44.631+0000] {processor.py:829} INFO - Processing file /home/airflow/.local/lib/python3.8/site-packages/airflow/example_dags/example_dynamic_task_mapping_with_no_taskflow_operators.py for tasks to queue
[2023-10-11T07:14:44.632+0000] {logging_mixin.py:151} INFO - [2023-10-11T07:14:44.631+0000] {dagbag.py:539} INFO - Filling up the DagBag from /home/airflow/.local/lib/python3.8/site-packages/airflow/example_dags/example_dynamic_task_mapping_with_no_taskflow_operators.py
[2023-10-11T07:14:44.642+0000] {processor.py:839} INFO - DAG(s) dict_keys(['example_dynamic_task_mapping_with_no_taskflow_operators']) retrieved from /home/airflow/.local/lib/python3.8/site-packages/airflow/example_dags/example_dynamic_task_mapping_with_no_taskflow_operators.py
[2023-10-11T07:14:44.689+0000] {logging_mixin.py:151} INFO - [2023-10-11T07:14:44.689+0000] {dag.py:2915} INFO - Sync 1 DAGs
[2023-10-11T07:14:44.704+0000] {logging_mixin.py:151} INFO - [2023-10-11T07:14:44.704+0000] {dag.py:3696} INFO - Setting next_dagrun for example_dynamic_task_mapping_with_no_taskflow_operators to 2023-10-10T07:14:44.703851+00:00, run_after=2023-10-11T07:14:44.703851+00:00
[2023-10-11T07:14:44.714+0000] {processor.py:179} INFO - Processing /home/airflow/.local/lib/python3.8/site-packages/airflow/example_dags/example_dynamic_task_mapping_with_no_taskflow_operators.py took 0.091 seconds
[2023-10-11T07:15:15.104+0000] {processor.py:157} INFO - Started process (PID=6741) to work on /home/airflow/.local/lib/python3.8/site-packages/airflow/example_dags/example_dynamic_task_mapping_with_no_taskflow_operators.py
[2023-10-11T07:15:15.104+0000] {processor.py:829} INFO - Processing file /home/airflow/.local/lib/python3.8/site-packages/airflow/example_dags/example_dynamic_task_mapping_with_no_taskflow_operators.py for tasks to queue
[2023-10-11T07:15:15.105+0000] {logging_mixin.py:151} INFO - [2023-10-11T07:15:15.105+0000] {dagbag.py:539} INFO - Filling up the DagBag from /home/airflow/.local/lib/python3.8/site-packages/airflow/example_dags/example_dynamic_task_mapping_with_no_taskflow_operators.py
[2023-10-11T07:15:15.110+0000] {processor.py:839} INFO - DAG(s) dict_keys(['example_dynamic_task_mapping_with_no_taskflow_operators']) retrieved from /home/airflow/.local/lib/python3.8/site-packages/airflow/example_dags/example_dynamic_task_mapping_with_no_taskflow_operators.py
[2023-10-11T07:15:15.123+0000] {logging_mixin.py:151} INFO - [2023-10-11T07:15:15.123+0000] {dag.py:2915} INFO - Sync 1 DAGs
[2023-10-11T07:15:15.136+0000] {logging_mixin.py:151} INFO - [2023-10-11T07:15:15.136+0000] {dag.py:3696} INFO - Setting next_dagrun for example_dynamic_task_mapping_with_no_taskflow_operators to 2023-10-10T07:15:15.136146+00:00, run_after=2023-10-11T07:15:15.136146+00:00
[2023-10-11T07:15:15.153+0000] {processor.py:179} INFO - Processing /home/airflow/.local/lib/python3.8/site-packages/airflow/example_dags/example_dynamic_task_mapping_with_no_taskflow_operators.py took 0.052 seconds
[2023-10-11T07:15:45.783+0000] {processor.py:157} INFO - Started process (PID=6984) to work on /home/airflow/.local/lib/python3.8/site-packages/airflow/example_dags/example_dynamic_task_mapping_with_no_taskflow_operators.py
[2023-10-11T07:15:45.783+0000] {processor.py:829} INFO - Processing file /home/airflow/.local/lib/python3.8/site-packages/airflow/example_dags/example_dynamic_task_mapping_with_no_taskflow_operators.py for tasks to queue
[2023-10-11T07:15:45.784+0000] {logging_mixin.py:151} INFO - [2023-10-11T07:15:45.784+0000] {dagbag.py:539} INFO - Filling up the DagBag from /home/airflow/.local/lib/python3.8/site-packages/airflow/example_dags/example_dynamic_task_mapping_with_no_taskflow_operators.py
[2023-10-11T07:15:45.789+0000] {processor.py:839} INFO - DAG(s) dict_keys(['example_dynamic_task_mapping_with_no_taskflow_operators']) retrieved from /home/airflow/.local/lib/python3.8/site-packages/airflow/example_dags/example_dynamic_task_mapping_with_no_taskflow_operators.py
[2023-10-11T07:15:45.803+0000] {logging_mixin.py:151} INFO - [2023-10-11T07:15:45.803+0000] {dag.py:2915} INFO - Sync 1 DAGs
[2023-10-11T07:15:45.816+0000] {logging_mixin.py:151} INFO - [2023-10-11T07:15:45.816+0000] {dag.py:3696} INFO - Setting next_dagrun for example_dynamic_task_mapping_with_no_taskflow_operators to 2023-10-10T07:15:45.816492+00:00, run_after=2023-10-11T07:15:45.816492+00:00
[2023-10-11T07:15:45.826+0000] {processor.py:179} INFO - Processing /home/airflow/.local/lib/python3.8/site-packages/airflow/example_dags/example_dynamic_task_mapping_with_no_taskflow_operators.py took 0.046 seconds
[2023-10-11T07:16:16.388+0000] {processor.py:157} INFO - Started process (PID=7227) to work on /home/airflow/.local/lib/python3.8/site-packages/airflow/example_dags/example_dynamic_task_mapping_with_no_taskflow_operators.py
[2023-10-11T07:16:16.389+0000] {processor.py:829} INFO - Processing file /home/airflow/.local/lib/python3.8/site-packages/airflow/example_dags/example_dynamic_task_mapping_with_no_taskflow_operators.py for tasks to queue
[2023-10-11T07:16:16.389+0000] {logging_mixin.py:151} INFO - [2023-10-11T07:16:16.389+0000] {dagbag.py:539} INFO - Filling up the DagBag from /home/airflow/.local/lib/python3.8/site-packages/airflow/example_dags/example_dynamic_task_mapping_with_no_taskflow_operators.py
[2023-10-11T07:16:16.394+0000] {processor.py:839} INFO - DAG(s) dict_keys(['example_dynamic_task_mapping_with_no_taskflow_operators']) retrieved from /home/airflow/.local/lib/python3.8/site-packages/airflow/example_dags/example_dynamic_task_mapping_with_no_taskflow_operators.py
[2023-10-11T07:16:16.407+0000] {logging_mixin.py:151} INFO - [2023-10-11T07:16:16.407+0000] {dag.py:2915} INFO - Sync 1 DAGs
[2023-10-11T07:16:16.419+0000] {logging_mixin.py:151} INFO - [2023-10-11T07:16:16.419+0000] {dag.py:3696} INFO - Setting next_dagrun for example_dynamic_task_mapping_with_no_taskflow_operators to 2023-10-10T07:16:16.419675+00:00, run_after=2023-10-11T07:16:16.419675+00:00
[2023-10-11T07:16:16.430+0000] {processor.py:179} INFO - Processing /home/airflow/.local/lib/python3.8/site-packages/airflow/example_dags/example_dynamic_task_mapping_with_no_taskflow_operators.py took 0.044 seconds
[2023-10-11T07:16:47.001+0000] {processor.py:157} INFO - Started process (PID=7470) to work on /home/airflow/.local/lib/python3.8/site-packages/airflow/example_dags/example_dynamic_task_mapping_with_no_taskflow_operators.py
[2023-10-11T07:16:47.014+0000] {processor.py:829} INFO - Processing file /home/airflow/.local/lib/python3.8/site-packages/airflow/example_dags/example_dynamic_task_mapping_with_no_taskflow_operators.py for tasks to queue
[2023-10-11T07:16:47.026+0000] {logging_mixin.py:151} INFO - [2023-10-11T07:16:47.019+0000] {dagbag.py:539} INFO - Filling up the DagBag from /home/airflow/.local/lib/python3.8/site-packages/airflow/example_dags/example_dynamic_task_mapping_with_no_taskflow_operators.py
[2023-10-11T07:16:47.098+0000] {processor.py:839} INFO - DAG(s) dict_keys(['example_dynamic_task_mapping_with_no_taskflow_operators']) retrieved from /home/airflow/.local/lib/python3.8/site-packages/airflow/example_dags/example_dynamic_task_mapping_with_no_taskflow_operators.py
[2023-10-11T07:16:47.321+0000] {logging_mixin.py:151} INFO - [2023-10-11T07:16:47.320+0000] {dag.py:2915} INFO - Sync 1 DAGs
[2023-10-11T07:16:47.392+0000] {logging_mixin.py:151} INFO - [2023-10-11T07:16:47.392+0000] {dag.py:3696} INFO - Setting next_dagrun for example_dynamic_task_mapping_with_no_taskflow_operators to 2023-10-10T07:16:47.391794+00:00, run_after=2023-10-11T07:16:47.391794+00:00
[2023-10-11T07:16:47.422+0000] {processor.py:179} INFO - Processing /home/airflow/.local/lib/python3.8/site-packages/airflow/example_dags/example_dynamic_task_mapping_with_no_taskflow_operators.py took 0.480 seconds
[2023-10-11T07:17:17.699+0000] {processor.py:157} INFO - Started process (PID=7713) to work on /home/airflow/.local/lib/python3.8/site-packages/airflow/example_dags/example_dynamic_task_mapping_with_no_taskflow_operators.py
[2023-10-11T07:17:17.700+0000] {processor.py:829} INFO - Processing file /home/airflow/.local/lib/python3.8/site-packages/airflow/example_dags/example_dynamic_task_mapping_with_no_taskflow_operators.py for tasks to queue
[2023-10-11T07:17:17.701+0000] {logging_mixin.py:151} INFO - [2023-10-11T07:17:17.701+0000] {dagbag.py:539} INFO - Filling up the DagBag from /home/airflow/.local/lib/python3.8/site-packages/airflow/example_dags/example_dynamic_task_mapping_with_no_taskflow_operators.py
[2023-10-11T07:17:17.710+0000] {processor.py:839} INFO - DAG(s) dict_keys(['example_dynamic_task_mapping_with_no_taskflow_operators']) retrieved from /home/airflow/.local/lib/python3.8/site-packages/airflow/example_dags/example_dynamic_task_mapping_with_no_taskflow_operators.py
[2023-10-11T07:17:17.732+0000] {logging_mixin.py:151} INFO - [2023-10-11T07:17:17.732+0000] {dag.py:2915} INFO - Sync 1 DAGs
[2023-10-11T07:17:17.772+0000] {logging_mixin.py:151} INFO - [2023-10-11T07:17:17.772+0000] {dag.py:3696} INFO - Setting next_dagrun for example_dynamic_task_mapping_with_no_taskflow_operators to 2023-10-10T07:17:17.772279+00:00, run_after=2023-10-11T07:17:17.772279+00:00
[2023-10-11T07:17:17.796+0000] {processor.py:179} INFO - Processing /home/airflow/.local/lib/python3.8/site-packages/airflow/example_dags/example_dynamic_task_mapping_with_no_taskflow_operators.py took 0.101 seconds
[2023-10-11T07:17:48.121+0000] {processor.py:157} INFO - Started process (PID=7956) to work on /home/airflow/.local/lib/python3.8/site-packages/airflow/example_dags/example_dynamic_task_mapping_with_no_taskflow_operators.py
[2023-10-11T07:17:48.123+0000] {processor.py:829} INFO - Processing file /home/airflow/.local/lib/python3.8/site-packages/airflow/example_dags/example_dynamic_task_mapping_with_no_taskflow_operators.py for tasks to queue
[2023-10-11T07:17:48.125+0000] {logging_mixin.py:151} INFO - [2023-10-11T07:17:48.125+0000] {dagbag.py:539} INFO - Filling up the DagBag from /home/airflow/.local/lib/python3.8/site-packages/airflow/example_dags/example_dynamic_task_mapping_with_no_taskflow_operators.py
[2023-10-11T07:17:48.137+0000] {processor.py:839} INFO - DAG(s) dict_keys(['example_dynamic_task_mapping_with_no_taskflow_operators']) retrieved from /home/airflow/.local/lib/python3.8/site-packages/airflow/example_dags/example_dynamic_task_mapping_with_no_taskflow_operators.py
[2023-10-11T07:17:48.192+0000] {logging_mixin.py:151} INFO - [2023-10-11T07:17:48.192+0000] {dag.py:2915} INFO - Sync 1 DAGs
[2023-10-11T07:17:48.217+0000] {logging_mixin.py:151} INFO - [2023-10-11T07:17:48.216+0000] {dag.py:3696} INFO - Setting next_dagrun for example_dynamic_task_mapping_with_no_taskflow_operators to 2023-10-10T07:17:48.216568+00:00, run_after=2023-10-11T07:17:48.216568+00:00
[2023-10-11T07:17:48.235+0000] {processor.py:179} INFO - Processing /home/airflow/.local/lib/python3.8/site-packages/airflow/example_dags/example_dynamic_task_mapping_with_no_taskflow_operators.py took 0.120 seconds
[2023-10-11T07:18:18.888+0000] {processor.py:157} INFO - Started process (PID=8199) to work on /home/airflow/.local/lib/python3.8/site-packages/airflow/example_dags/example_dynamic_task_mapping_with_no_taskflow_operators.py
[2023-10-11T07:18:18.890+0000] {processor.py:829} INFO - Processing file /home/airflow/.local/lib/python3.8/site-packages/airflow/example_dags/example_dynamic_task_mapping_with_no_taskflow_operators.py for tasks to queue
[2023-10-11T07:18:18.891+0000] {logging_mixin.py:151} INFO - [2023-10-11T07:18:18.890+0000] {dagbag.py:539} INFO - Filling up the DagBag from /home/airflow/.local/lib/python3.8/site-packages/airflow/example_dags/example_dynamic_task_mapping_with_no_taskflow_operators.py
[2023-10-11T07:18:18.900+0000] {processor.py:839} INFO - DAG(s) dict_keys(['example_dynamic_task_mapping_with_no_taskflow_operators']) retrieved from /home/airflow/.local/lib/python3.8/site-packages/airflow/example_dags/example_dynamic_task_mapping_with_no_taskflow_operators.py
[2023-10-11T07:18:18.935+0000] {logging_mixin.py:151} INFO - [2023-10-11T07:18:18.934+0000] {dag.py:2915} INFO - Sync 1 DAGs
[2023-10-11T07:18:18.998+0000] {logging_mixin.py:151} INFO - [2023-10-11T07:18:18.998+0000] {dag.py:3696} INFO - Setting next_dagrun for example_dynamic_task_mapping_with_no_taskflow_operators to 2023-10-10T07:18:18.997656+00:00, run_after=2023-10-11T07:18:18.997656+00:00
[2023-10-11T07:18:19.021+0000] {processor.py:179} INFO - Processing /home/airflow/.local/lib/python3.8/site-packages/airflow/example_dags/example_dynamic_task_mapping_with_no_taskflow_operators.py took 0.137 seconds
[2023-10-11T07:18:49.436+0000] {processor.py:157} INFO - Started process (PID=8442) to work on /home/airflow/.local/lib/python3.8/site-packages/airflow/example_dags/example_dynamic_task_mapping_with_no_taskflow_operators.py
[2023-10-11T07:18:49.437+0000] {processor.py:829} INFO - Processing file /home/airflow/.local/lib/python3.8/site-packages/airflow/example_dags/example_dynamic_task_mapping_with_no_taskflow_operators.py for tasks to queue
[2023-10-11T07:18:49.438+0000] {logging_mixin.py:151} INFO - [2023-10-11T07:18:49.438+0000] {dagbag.py:539} INFO - Filling up the DagBag from /home/airflow/.local/lib/python3.8/site-packages/airflow/example_dags/example_dynamic_task_mapping_with_no_taskflow_operators.py
[2023-10-11T07:18:49.459+0000] {processor.py:839} INFO - DAG(s) dict_keys(['example_dynamic_task_mapping_with_no_taskflow_operators']) retrieved from /home/airflow/.local/lib/python3.8/site-packages/airflow/example_dags/example_dynamic_task_mapping_with_no_taskflow_operators.py
[2023-10-11T07:18:49.490+0000] {logging_mixin.py:151} INFO - [2023-10-11T07:18:49.490+0000] {dag.py:2915} INFO - Sync 1 DAGs
[2023-10-11T07:18:49.508+0000] {logging_mixin.py:151} INFO - [2023-10-11T07:18:49.508+0000] {dag.py:3696} INFO - Setting next_dagrun for example_dynamic_task_mapping_with_no_taskflow_operators to 2023-10-10T07:18:49.508272+00:00, run_after=2023-10-11T07:18:49.508272+00:00
[2023-10-11T07:18:49.522+0000] {processor.py:179} INFO - Processing /home/airflow/.local/lib/python3.8/site-packages/airflow/example_dags/example_dynamic_task_mapping_with_no_taskflow_operators.py took 0.090 seconds
[2023-10-11T07:19:19.678+0000] {processor.py:157} INFO - Started process (PID=8685) to work on /home/airflow/.local/lib/python3.8/site-packages/airflow/example_dags/example_dynamic_task_mapping_with_no_taskflow_operators.py
[2023-10-11T07:19:19.679+0000] {processor.py:829} INFO - Processing file /home/airflow/.local/lib/python3.8/site-packages/airflow/example_dags/example_dynamic_task_mapping_with_no_taskflow_operators.py for tasks to queue
[2023-10-11T07:19:19.680+0000] {logging_mixin.py:151} INFO - [2023-10-11T07:19:19.679+0000] {dagbag.py:539} INFO - Filling up the DagBag from /home/airflow/.local/lib/python3.8/site-packages/airflow/example_dags/example_dynamic_task_mapping_with_no_taskflow_operators.py
[2023-10-11T07:19:19.686+0000] {processor.py:839} INFO - DAG(s) dict_keys(['example_dynamic_task_mapping_with_no_taskflow_operators']) retrieved from /home/airflow/.local/lib/python3.8/site-packages/airflow/example_dags/example_dynamic_task_mapping_with_no_taskflow_operators.py
[2023-10-11T07:19:19.703+0000] {logging_mixin.py:151} INFO - [2023-10-11T07:19:19.703+0000] {dag.py:2915} INFO - Sync 1 DAGs
[2023-10-11T07:19:19.721+0000] {logging_mixin.py:151} INFO - [2023-10-11T07:19:19.720+0000] {dag.py:3696} INFO - Setting next_dagrun for example_dynamic_task_mapping_with_no_taskflow_operators to 2023-10-10T07:19:19.720498+00:00, run_after=2023-10-11T07:19:19.720498+00:00
[2023-10-11T07:19:19.736+0000] {processor.py:179} INFO - Processing /home/airflow/.local/lib/python3.8/site-packages/airflow/example_dags/example_dynamic_task_mapping_with_no_taskflow_operators.py took 0.060 seconds
[2023-10-11T07:19:50.289+0000] {processor.py:157} INFO - Started process (PID=8928) to work on /home/airflow/.local/lib/python3.8/site-packages/airflow/example_dags/example_dynamic_task_mapping_with_no_taskflow_operators.py
[2023-10-11T07:19:50.291+0000] {processor.py:829} INFO - Processing file /home/airflow/.local/lib/python3.8/site-packages/airflow/example_dags/example_dynamic_task_mapping_with_no_taskflow_operators.py for tasks to queue
[2023-10-11T07:19:50.292+0000] {logging_mixin.py:151} INFO - [2023-10-11T07:19:50.291+0000] {dagbag.py:539} INFO - Filling up the DagBag from /home/airflow/.local/lib/python3.8/site-packages/airflow/example_dags/example_dynamic_task_mapping_with_no_taskflow_operators.py
[2023-10-11T07:19:50.301+0000] {processor.py:839} INFO - DAG(s) dict_keys(['example_dynamic_task_mapping_with_no_taskflow_operators']) retrieved from /home/airflow/.local/lib/python3.8/site-packages/airflow/example_dags/example_dynamic_task_mapping_with_no_taskflow_operators.py
[2023-10-11T07:19:50.324+0000] {logging_mixin.py:151} INFO - [2023-10-11T07:19:50.324+0000] {dag.py:2915} INFO - Sync 1 DAGs
[2023-10-11T07:19:50.371+0000] {logging_mixin.py:151} INFO - [2023-10-11T07:19:50.371+0000] {dag.py:3696} INFO - Setting next_dagrun for example_dynamic_task_mapping_with_no_taskflow_operators to 2023-10-10T07:19:50.371234+00:00, run_after=2023-10-11T07:19:50.371234+00:00
[2023-10-11T07:19:50.393+0000] {processor.py:179} INFO - Processing /home/airflow/.local/lib/python3.8/site-packages/airflow/example_dags/example_dynamic_task_mapping_with_no_taskflow_operators.py took 0.108 seconds
[2023-10-11T07:20:20.692+0000] {processor.py:157} INFO - Started process (PID=9171) to work on /home/airflow/.local/lib/python3.8/site-packages/airflow/example_dags/example_dynamic_task_mapping_with_no_taskflow_operators.py
[2023-10-11T07:20:20.693+0000] {processor.py:829} INFO - Processing file /home/airflow/.local/lib/python3.8/site-packages/airflow/example_dags/example_dynamic_task_mapping_with_no_taskflow_operators.py for tasks to queue
[2023-10-11T07:20:20.695+0000] {logging_mixin.py:151} INFO - [2023-10-11T07:20:20.694+0000] {dagbag.py:539} INFO - Filling up the DagBag from /home/airflow/.local/lib/python3.8/site-packages/airflow/example_dags/example_dynamic_task_mapping_with_no_taskflow_operators.py
[2023-10-11T07:20:20.705+0000] {processor.py:839} INFO - DAG(s) dict_keys(['example_dynamic_task_mapping_with_no_taskflow_operators']) retrieved from /home/airflow/.local/lib/python3.8/site-packages/airflow/example_dags/example_dynamic_task_mapping_with_no_taskflow_operators.py
[2023-10-11T07:20:20.726+0000] {logging_mixin.py:151} INFO - [2023-10-11T07:20:20.726+0000] {dag.py:2915} INFO - Sync 1 DAGs
[2023-10-11T07:20:20.752+0000] {logging_mixin.py:151} INFO - [2023-10-11T07:20:20.751+0000] {dag.py:3696} INFO - Setting next_dagrun for example_dynamic_task_mapping_with_no_taskflow_operators to 2023-10-10T07:20:20.751474+00:00, run_after=2023-10-11T07:20:20.751474+00:00
[2023-10-11T07:20:20.799+0000] {processor.py:179} INFO - Processing /home/airflow/.local/lib/python3.8/site-packages/airflow/example_dags/example_dynamic_task_mapping_with_no_taskflow_operators.py took 0.112 seconds
[2023-10-11T07:20:51.492+0000] {processor.py:157} INFO - Started process (PID=9414) to work on /home/airflow/.local/lib/python3.8/site-packages/airflow/example_dags/example_dynamic_task_mapping_with_no_taskflow_operators.py
[2023-10-11T07:20:51.493+0000] {processor.py:829} INFO - Processing file /home/airflow/.local/lib/python3.8/site-packages/airflow/example_dags/example_dynamic_task_mapping_with_no_taskflow_operators.py for tasks to queue
[2023-10-11T07:20:51.494+0000] {logging_mixin.py:151} INFO - [2023-10-11T07:20:51.494+0000] {dagbag.py:539} INFO - Filling up the DagBag from /home/airflow/.local/lib/python3.8/site-packages/airflow/example_dags/example_dynamic_task_mapping_with_no_taskflow_operators.py
[2023-10-11T07:20:51.503+0000] {processor.py:839} INFO - DAG(s) dict_keys(['example_dynamic_task_mapping_with_no_taskflow_operators']) retrieved from /home/airflow/.local/lib/python3.8/site-packages/airflow/example_dags/example_dynamic_task_mapping_with_no_taskflow_operators.py
[2023-10-11T07:20:51.520+0000] {logging_mixin.py:151} INFO - [2023-10-11T07:20:51.520+0000] {dag.py:2915} INFO - Sync 1 DAGs
[2023-10-11T07:20:51.536+0000] {logging_mixin.py:151} INFO - [2023-10-11T07:20:51.536+0000] {dag.py:3696} INFO - Setting next_dagrun for example_dynamic_task_mapping_with_no_taskflow_operators to 2023-10-10T07:20:51.536129+00:00, run_after=2023-10-11T07:20:51.536129+00:00
[2023-10-11T07:20:51.574+0000] {processor.py:179} INFO - Processing /home/airflow/.local/lib/python3.8/site-packages/airflow/example_dags/example_dynamic_task_mapping_with_no_taskflow_operators.py took 0.085 seconds
[2023-10-11T07:21:21.647+0000] {processor.py:157} INFO - Started process (PID=9657) to work on /home/airflow/.local/lib/python3.8/site-packages/airflow/example_dags/example_dynamic_task_mapping_with_no_taskflow_operators.py
[2023-10-11T07:21:21.648+0000] {processor.py:829} INFO - Processing file /home/airflow/.local/lib/python3.8/site-packages/airflow/example_dags/example_dynamic_task_mapping_with_no_taskflow_operators.py for tasks to queue
[2023-10-11T07:21:21.649+0000] {logging_mixin.py:151} INFO - [2023-10-11T07:21:21.649+0000] {dagbag.py:539} INFO - Filling up the DagBag from /home/airflow/.local/lib/python3.8/site-packages/airflow/example_dags/example_dynamic_task_mapping_with_no_taskflow_operators.py
[2023-10-11T07:21:21.658+0000] {processor.py:839} INFO - DAG(s) dict_keys(['example_dynamic_task_mapping_with_no_taskflow_operators']) retrieved from /home/airflow/.local/lib/python3.8/site-packages/airflow/example_dags/example_dynamic_task_mapping_with_no_taskflow_operators.py
[2023-10-11T07:21:21.676+0000] {logging_mixin.py:151} INFO - [2023-10-11T07:21:21.676+0000] {dag.py:2915} INFO - Sync 1 DAGs
[2023-10-11T07:21:21.694+0000] {logging_mixin.py:151} INFO - [2023-10-11T07:21:21.694+0000] {dag.py:3696} INFO - Setting next_dagrun for example_dynamic_task_mapping_with_no_taskflow_operators to 2023-10-10T07:21:21.693941+00:00, run_after=2023-10-11T07:21:21.693941+00:00
[2023-10-11T07:21:21.705+0000] {processor.py:179} INFO - Processing /home/airflow/.local/lib/python3.8/site-packages/airflow/example_dags/example_dynamic_task_mapping_with_no_taskflow_operators.py took 0.063 seconds
[2023-10-11T07:21:52.229+0000] {processor.py:157} INFO - Started process (PID=9900) to work on /home/airflow/.local/lib/python3.8/site-packages/airflow/example_dags/example_dynamic_task_mapping_with_no_taskflow_operators.py
[2023-10-11T07:21:52.230+0000] {processor.py:829} INFO - Processing file /home/airflow/.local/lib/python3.8/site-packages/airflow/example_dags/example_dynamic_task_mapping_with_no_taskflow_operators.py for tasks to queue
[2023-10-11T07:21:52.231+0000] {logging_mixin.py:151} INFO - [2023-10-11T07:21:52.231+0000] {dagbag.py:539} INFO - Filling up the DagBag from /home/airflow/.local/lib/python3.8/site-packages/airflow/example_dags/example_dynamic_task_mapping_with_no_taskflow_operators.py
[2023-10-11T07:21:52.240+0000] {processor.py:839} INFO - DAG(s) dict_keys(['example_dynamic_task_mapping_with_no_taskflow_operators']) retrieved from /home/airflow/.local/lib/python3.8/site-packages/airflow/example_dags/example_dynamic_task_mapping_with_no_taskflow_operators.py
[2023-10-11T07:21:52.271+0000] {logging_mixin.py:151} INFO - [2023-10-11T07:21:52.271+0000] {dag.py:2915} INFO - Sync 1 DAGs
[2023-10-11T07:21:52.298+0000] {logging_mixin.py:151} INFO - [2023-10-11T07:21:52.298+0000] {dag.py:3696} INFO - Setting next_dagrun for example_dynamic_task_mapping_with_no_taskflow_operators to 2023-10-10T07:21:52.298445+00:00, run_after=2023-10-11T07:21:52.298445+00:00
[2023-10-11T07:21:52.319+0000] {processor.py:179} INFO - Processing /home/airflow/.local/lib/python3.8/site-packages/airflow/example_dags/example_dynamic_task_mapping_with_no_taskflow_operators.py took 0.092 seconds
[2023-10-11T07:22:22.507+0000] {processor.py:157} INFO - Started process (PID=10143) to work on /home/airflow/.local/lib/python3.8/site-packages/airflow/example_dags/example_dynamic_task_mapping_with_no_taskflow_operators.py
[2023-10-11T07:22:22.508+0000] {processor.py:829} INFO - Processing file /home/airflow/.local/lib/python3.8/site-packages/airflow/example_dags/example_dynamic_task_mapping_with_no_taskflow_operators.py for tasks to queue
[2023-10-11T07:22:22.508+0000] {logging_mixin.py:151} INFO - [2023-10-11T07:22:22.508+0000] {dagbag.py:539} INFO - Filling up the DagBag from /home/airflow/.local/lib/python3.8/site-packages/airflow/example_dags/example_dynamic_task_mapping_with_no_taskflow_operators.py
[2023-10-11T07:22:22.514+0000] {processor.py:839} INFO - DAG(s) dict_keys(['example_dynamic_task_mapping_with_no_taskflow_operators']) retrieved from /home/airflow/.local/lib/python3.8/site-packages/airflow/example_dags/example_dynamic_task_mapping_with_no_taskflow_operators.py
[2023-10-11T07:22:22.528+0000] {logging_mixin.py:151} INFO - [2023-10-11T07:22:22.528+0000] {dag.py:2915} INFO - Sync 1 DAGs
[2023-10-11T07:22:22.557+0000] {logging_mixin.py:151} INFO - [2023-10-11T07:22:22.557+0000] {dag.py:3696} INFO - Setting next_dagrun for example_dynamic_task_mapping_with_no_taskflow_operators to 2023-10-10T07:22:22.557345+00:00, run_after=2023-10-11T07:22:22.557345+00:00
[2023-10-11T07:22:22.577+0000] {processor.py:179} INFO - Processing /home/airflow/.local/lib/python3.8/site-packages/airflow/example_dags/example_dynamic_task_mapping_with_no_taskflow_operators.py took 0.073 seconds
[2023-10-11T07:22:52.723+0000] {processor.py:157} INFO - Started process (PID=10386) to work on /home/airflow/.local/lib/python3.8/site-packages/airflow/example_dags/example_dynamic_task_mapping_with_no_taskflow_operators.py
[2023-10-11T07:22:52.725+0000] {processor.py:829} INFO - Processing file /home/airflow/.local/lib/python3.8/site-packages/airflow/example_dags/example_dynamic_task_mapping_with_no_taskflow_operators.py for tasks to queue
[2023-10-11T07:22:52.727+0000] {logging_mixin.py:151} INFO - [2023-10-11T07:22:52.726+0000] {dagbag.py:539} INFO - Filling up the DagBag from /home/airflow/.local/lib/python3.8/site-packages/airflow/example_dags/example_dynamic_task_mapping_with_no_taskflow_operators.py
[2023-10-11T07:22:52.738+0000] {processor.py:839} INFO - DAG(s) dict_keys(['example_dynamic_task_mapping_with_no_taskflow_operators']) retrieved from /home/airflow/.local/lib/python3.8/site-packages/airflow/example_dags/example_dynamic_task_mapping_with_no_taskflow_operators.py
[2023-10-11T07:22:52.790+0000] {logging_mixin.py:151} INFO - [2023-10-11T07:22:52.790+0000] {dag.py:2915} INFO - Sync 1 DAGs
[2023-10-11T07:22:52.811+0000] {logging_mixin.py:151} INFO - [2023-10-11T07:22:52.810+0000] {dag.py:3696} INFO - Setting next_dagrun for example_dynamic_task_mapping_with_no_taskflow_operators to 2023-10-10T07:22:52.810522+00:00, run_after=2023-10-11T07:22:52.810522+00:00
[2023-10-11T07:22:52.825+0000] {processor.py:179} INFO - Processing /home/airflow/.local/lib/python3.8/site-packages/airflow/example_dags/example_dynamic_task_mapping_with_no_taskflow_operators.py took 0.109 seconds
[2023-10-11T07:23:22.923+0000] {processor.py:157} INFO - Started process (PID=10629) to work on /home/airflow/.local/lib/python3.8/site-packages/airflow/example_dags/example_dynamic_task_mapping_with_no_taskflow_operators.py
[2023-10-11T07:23:22.924+0000] {processor.py:829} INFO - Processing file /home/airflow/.local/lib/python3.8/site-packages/airflow/example_dags/example_dynamic_task_mapping_with_no_taskflow_operators.py for tasks to queue
[2023-10-11T07:23:22.925+0000] {logging_mixin.py:151} INFO - [2023-10-11T07:23:22.925+0000] {dagbag.py:539} INFO - Filling up the DagBag from /home/airflow/.local/lib/python3.8/site-packages/airflow/example_dags/example_dynamic_task_mapping_with_no_taskflow_operators.py
[2023-10-11T07:23:22.934+0000] {processor.py:839} INFO - DAG(s) dict_keys(['example_dynamic_task_mapping_with_no_taskflow_operators']) retrieved from /home/airflow/.local/lib/python3.8/site-packages/airflow/example_dags/example_dynamic_task_mapping_with_no_taskflow_operators.py
[2023-10-11T07:23:22.983+0000] {logging_mixin.py:151} INFO - [2023-10-11T07:23:22.983+0000] {dag.py:2915} INFO - Sync 1 DAGs
[2023-10-11T07:23:23.007+0000] {logging_mixin.py:151} INFO - [2023-10-11T07:23:23.006+0000] {dag.py:3696} INFO - Setting next_dagrun for example_dynamic_task_mapping_with_no_taskflow_operators to 2023-10-10T07:23:23.006693+00:00, run_after=2023-10-11T07:23:23.006693+00:00
[2023-10-11T07:23:23.029+0000] {processor.py:179} INFO - Processing /home/airflow/.local/lib/python3.8/site-packages/airflow/example_dags/example_dynamic_task_mapping_with_no_taskflow_operators.py took 0.110 seconds
[2023-10-11T07:23:53.108+0000] {processor.py:157} INFO - Started process (PID=10872) to work on /home/airflow/.local/lib/python3.8/site-packages/airflow/example_dags/example_dynamic_task_mapping_with_no_taskflow_operators.py
[2023-10-11T07:23:53.109+0000] {processor.py:829} INFO - Processing file /home/airflow/.local/lib/python3.8/site-packages/airflow/example_dags/example_dynamic_task_mapping_with_no_taskflow_operators.py for tasks to queue
[2023-10-11T07:23:53.109+0000] {logging_mixin.py:151} INFO - [2023-10-11T07:23:53.109+0000] {dagbag.py:539} INFO - Filling up the DagBag from /home/airflow/.local/lib/python3.8/site-packages/airflow/example_dags/example_dynamic_task_mapping_with_no_taskflow_operators.py
[2023-10-11T07:23:53.114+0000] {processor.py:839} INFO - DAG(s) dict_keys(['example_dynamic_task_mapping_with_no_taskflow_operators']) retrieved from /home/airflow/.local/lib/python3.8/site-packages/airflow/example_dags/example_dynamic_task_mapping_with_no_taskflow_operators.py
[2023-10-11T07:23:53.127+0000] {logging_mixin.py:151} INFO - [2023-10-11T07:23:53.127+0000] {dag.py:2915} INFO - Sync 1 DAGs
[2023-10-11T07:23:53.142+0000] {logging_mixin.py:151} INFO - [2023-10-11T07:23:53.142+0000] {dag.py:3696} INFO - Setting next_dagrun for example_dynamic_task_mapping_with_no_taskflow_operators to 2023-10-10T07:23:53.142507+00:00, run_after=2023-10-11T07:23:53.142507+00:00
[2023-10-11T07:23:53.185+0000] {processor.py:179} INFO - Processing /home/airflow/.local/lib/python3.8/site-packages/airflow/example_dags/example_dynamic_task_mapping_with_no_taskflow_operators.py took 0.079 seconds
[2023-10-11T07:24:23.544+0000] {processor.py:157} INFO - Started process (PID=11115) to work on /home/airflow/.local/lib/python3.8/site-packages/airflow/example_dags/example_dynamic_task_mapping_with_no_taskflow_operators.py
[2023-10-11T07:24:23.545+0000] {processor.py:829} INFO - Processing file /home/airflow/.local/lib/python3.8/site-packages/airflow/example_dags/example_dynamic_task_mapping_with_no_taskflow_operators.py for tasks to queue
[2023-10-11T07:24:23.546+0000] {logging_mixin.py:151} INFO - [2023-10-11T07:24:23.546+0000] {dagbag.py:539} INFO - Filling up the DagBag from /home/airflow/.local/lib/python3.8/site-packages/airflow/example_dags/example_dynamic_task_mapping_with_no_taskflow_operators.py
[2023-10-11T07:24:23.555+0000] {processor.py:839} INFO - DAG(s) dict_keys(['example_dynamic_task_mapping_with_no_taskflow_operators']) retrieved from /home/airflow/.local/lib/python3.8/site-packages/airflow/example_dags/example_dynamic_task_mapping_with_no_taskflow_operators.py
[2023-10-11T07:24:23.608+0000] {logging_mixin.py:151} INFO - [2023-10-11T07:24:23.608+0000] {dag.py:2915} INFO - Sync 1 DAGs
[2023-10-11T07:24:23.632+0000] {logging_mixin.py:151} INFO - [2023-10-11T07:24:23.632+0000] {dag.py:3696} INFO - Setting next_dagrun for example_dynamic_task_mapping_with_no_taskflow_operators to 2023-10-10T07:24:23.632270+00:00, run_after=2023-10-11T07:24:23.632270+00:00
[2023-10-11T07:24:23.646+0000] {processor.py:179} INFO - Processing /home/airflow/.local/lib/python3.8/site-packages/airflow/example_dags/example_dynamic_task_mapping_with_no_taskflow_operators.py took 0.107 seconds
[2023-10-11T07:24:53.723+0000] {processor.py:157} INFO - Started process (PID=11358) to work on /home/airflow/.local/lib/python3.8/site-packages/airflow/example_dags/example_dynamic_task_mapping_with_no_taskflow_operators.py
[2023-10-11T07:24:53.724+0000] {processor.py:829} INFO - Processing file /home/airflow/.local/lib/python3.8/site-packages/airflow/example_dags/example_dynamic_task_mapping_with_no_taskflow_operators.py for tasks to queue
[2023-10-11T07:24:53.725+0000] {logging_mixin.py:151} INFO - [2023-10-11T07:24:53.724+0000] {dagbag.py:539} INFO - Filling up the DagBag from /home/airflow/.local/lib/python3.8/site-packages/airflow/example_dags/example_dynamic_task_mapping_with_no_taskflow_operators.py
[2023-10-11T07:24:53.731+0000] {processor.py:839} INFO - DAG(s) dict_keys(['example_dynamic_task_mapping_with_no_taskflow_operators']) retrieved from /home/airflow/.local/lib/python3.8/site-packages/airflow/example_dags/example_dynamic_task_mapping_with_no_taskflow_operators.py
[2023-10-11T07:24:53.764+0000] {logging_mixin.py:151} INFO - [2023-10-11T07:24:53.764+0000] {dag.py:2915} INFO - Sync 1 DAGs
[2023-10-11T07:24:53.791+0000] {logging_mixin.py:151} INFO - [2023-10-11T07:24:53.791+0000] {dag.py:3696} INFO - Setting next_dagrun for example_dynamic_task_mapping_with_no_taskflow_operators to 2023-10-10T07:24:53.790840+00:00, run_after=2023-10-11T07:24:53.790840+00:00
[2023-10-11T07:24:53.804+0000] {processor.py:179} INFO - Processing /home/airflow/.local/lib/python3.8/site-packages/airflow/example_dags/example_dynamic_task_mapping_with_no_taskflow_operators.py took 0.084 seconds
[2023-10-11T07:25:23.886+0000] {processor.py:157} INFO - Started process (PID=11601) to work on /home/airflow/.local/lib/python3.8/site-packages/airflow/example_dags/example_dynamic_task_mapping_with_no_taskflow_operators.py
[2023-10-11T07:25:23.888+0000] {processor.py:829} INFO - Processing file /home/airflow/.local/lib/python3.8/site-packages/airflow/example_dags/example_dynamic_task_mapping_with_no_taskflow_operators.py for tasks to queue
[2023-10-11T07:25:23.889+0000] {logging_mixin.py:151} INFO - [2023-10-11T07:25:23.889+0000] {dagbag.py:539} INFO - Filling up the DagBag from /home/airflow/.local/lib/python3.8/site-packages/airflow/example_dags/example_dynamic_task_mapping_with_no_taskflow_operators.py
[2023-10-11T07:25:23.906+0000] {processor.py:839} INFO - DAG(s) dict_keys(['example_dynamic_task_mapping_with_no_taskflow_operators']) retrieved from /home/airflow/.local/lib/python3.8/site-packages/airflow/example_dags/example_dynamic_task_mapping_with_no_taskflow_operators.py
[2023-10-11T07:25:23.939+0000] {logging_mixin.py:151} INFO - [2023-10-11T07:25:23.939+0000] {dag.py:2915} INFO - Sync 1 DAGs
[2023-10-11T07:25:24.008+0000] {logging_mixin.py:151} INFO - [2023-10-11T07:25:24.007+0000] {dag.py:3696} INFO - Setting next_dagrun for example_dynamic_task_mapping_with_no_taskflow_operators to 2023-10-10T07:25:24.007588+00:00, run_after=2023-10-11T07:25:24.007588+00:00
[2023-10-11T07:25:24.035+0000] {processor.py:179} INFO - Processing /home/airflow/.local/lib/python3.8/site-packages/airflow/example_dags/example_dynamic_task_mapping_with_no_taskflow_operators.py took 0.155 seconds
[2023-10-11T07:25:54.866+0000] {processor.py:157} INFO - Started process (PID=11844) to work on /home/airflow/.local/lib/python3.8/site-packages/airflow/example_dags/example_dynamic_task_mapping_with_no_taskflow_operators.py
[2023-10-11T07:25:54.868+0000] {processor.py:829} INFO - Processing file /home/airflow/.local/lib/python3.8/site-packages/airflow/example_dags/example_dynamic_task_mapping_with_no_taskflow_operators.py for tasks to queue
[2023-10-11T07:25:54.871+0000] {logging_mixin.py:151} INFO - [2023-10-11T07:25:54.869+0000] {dagbag.py:539} INFO - Filling up the DagBag from /home/airflow/.local/lib/python3.8/site-packages/airflow/example_dags/example_dynamic_task_mapping_with_no_taskflow_operators.py
[2023-10-11T07:25:54.880+0000] {processor.py:839} INFO - DAG(s) dict_keys(['example_dynamic_task_mapping_with_no_taskflow_operators']) retrieved from /home/airflow/.local/lib/python3.8/site-packages/airflow/example_dags/example_dynamic_task_mapping_with_no_taskflow_operators.py
[2023-10-11T07:25:54.898+0000] {logging_mixin.py:151} INFO - [2023-10-11T07:25:54.898+0000] {dag.py:2915} INFO - Sync 1 DAGs
[2023-10-11T07:25:54.914+0000] {logging_mixin.py:151} INFO - [2023-10-11T07:25:54.914+0000] {dag.py:3696} INFO - Setting next_dagrun for example_dynamic_task_mapping_with_no_taskflow_operators to 2023-10-10T07:25:54.914111+00:00, run_after=2023-10-11T07:25:54.914111+00:00
[2023-10-11T07:25:54.926+0000] {processor.py:179} INFO - Processing /home/airflow/.local/lib/python3.8/site-packages/airflow/example_dags/example_dynamic_task_mapping_with_no_taskflow_operators.py took 0.065 seconds
[2023-10-11T07:26:25.331+0000] {processor.py:157} INFO - Started process (PID=12087) to work on /home/airflow/.local/lib/python3.8/site-packages/airflow/example_dags/example_dynamic_task_mapping_with_no_taskflow_operators.py
[2023-10-11T07:26:25.332+0000] {processor.py:829} INFO - Processing file /home/airflow/.local/lib/python3.8/site-packages/airflow/example_dags/example_dynamic_task_mapping_with_no_taskflow_operators.py for tasks to queue
[2023-10-11T07:26:25.332+0000] {logging_mixin.py:151} INFO - [2023-10-11T07:26:25.332+0000] {dagbag.py:539} INFO - Filling up the DagBag from /home/airflow/.local/lib/python3.8/site-packages/airflow/example_dags/example_dynamic_task_mapping_with_no_taskflow_operators.py
[2023-10-11T07:26:25.337+0000] {processor.py:839} INFO - DAG(s) dict_keys(['example_dynamic_task_mapping_with_no_taskflow_operators']) retrieved from /home/airflow/.local/lib/python3.8/site-packages/airflow/example_dags/example_dynamic_task_mapping_with_no_taskflow_operators.py
[2023-10-11T07:26:25.367+0000] {logging_mixin.py:151} INFO - [2023-10-11T07:26:25.367+0000] {dag.py:2915} INFO - Sync 1 DAGs
[2023-10-11T07:26:25.384+0000] {logging_mixin.py:151} INFO - [2023-10-11T07:26:25.383+0000] {dag.py:3696} INFO - Setting next_dagrun for example_dynamic_task_mapping_with_no_taskflow_operators to 2023-10-10T07:26:25.383697+00:00, run_after=2023-10-11T07:26:25.383697+00:00
[2023-10-11T07:26:25.395+0000] {processor.py:179} INFO - Processing /home/airflow/.local/lib/python3.8/site-packages/airflow/example_dags/example_dynamic_task_mapping_with_no_taskflow_operators.py took 0.067 seconds
[2023-10-11T07:26:55.702+0000] {processor.py:157} INFO - Started process (PID=12330) to work on /home/airflow/.local/lib/python3.8/site-packages/airflow/example_dags/example_dynamic_task_mapping_with_no_taskflow_operators.py
[2023-10-11T07:26:55.703+0000] {processor.py:829} INFO - Processing file /home/airflow/.local/lib/python3.8/site-packages/airflow/example_dags/example_dynamic_task_mapping_with_no_taskflow_operators.py for tasks to queue
[2023-10-11T07:26:55.704+0000] {logging_mixin.py:151} INFO - [2023-10-11T07:26:55.704+0000] {dagbag.py:539} INFO - Filling up the DagBag from /home/airflow/.local/lib/python3.8/site-packages/airflow/example_dags/example_dynamic_task_mapping_with_no_taskflow_operators.py
[2023-10-11T07:26:55.716+0000] {processor.py:839} INFO - DAG(s) dict_keys(['example_dynamic_task_mapping_with_no_taskflow_operators']) retrieved from /home/airflow/.local/lib/python3.8/site-packages/airflow/example_dags/example_dynamic_task_mapping_with_no_taskflow_operators.py
[2023-10-11T07:26:55.760+0000] {logging_mixin.py:151} INFO - [2023-10-11T07:26:55.759+0000] {dag.py:2915} INFO - Sync 1 DAGs
[2023-10-11T07:26:55.799+0000] {logging_mixin.py:151} INFO - [2023-10-11T07:26:55.799+0000] {dag.py:3696} INFO - Setting next_dagrun for example_dynamic_task_mapping_with_no_taskflow_operators to 2023-10-10T07:26:55.799085+00:00, run_after=2023-10-11T07:26:55.799085+00:00
[2023-10-11T07:26:55.820+0000] {processor.py:179} INFO - Processing /home/airflow/.local/lib/python3.8/site-packages/airflow/example_dags/example_dynamic_task_mapping_with_no_taskflow_operators.py took 0.121 seconds
[2023-10-11T07:27:26.705+0000] {processor.py:157} INFO - Started process (PID=12573) to work on /home/airflow/.local/lib/python3.8/site-packages/airflow/example_dags/example_dynamic_task_mapping_with_no_taskflow_operators.py
[2023-10-11T07:27:26.706+0000] {processor.py:829} INFO - Processing file /home/airflow/.local/lib/python3.8/site-packages/airflow/example_dags/example_dynamic_task_mapping_with_no_taskflow_operators.py for tasks to queue
[2023-10-11T07:27:26.707+0000] {logging_mixin.py:151} INFO - [2023-10-11T07:27:26.706+0000] {dagbag.py:539} INFO - Filling up the DagBag from /home/airflow/.local/lib/python3.8/site-packages/airflow/example_dags/example_dynamic_task_mapping_with_no_taskflow_operators.py
[2023-10-11T07:27:26.711+0000] {processor.py:839} INFO - DAG(s) dict_keys(['example_dynamic_task_mapping_with_no_taskflow_operators']) retrieved from /home/airflow/.local/lib/python3.8/site-packages/airflow/example_dags/example_dynamic_task_mapping_with_no_taskflow_operators.py
[2023-10-11T07:27:26.723+0000] {logging_mixin.py:151} INFO - [2023-10-11T07:27:26.723+0000] {dag.py:2915} INFO - Sync 1 DAGs
[2023-10-11T07:27:26.736+0000] {logging_mixin.py:151} INFO - [2023-10-11T07:27:26.735+0000] {dag.py:3696} INFO - Setting next_dagrun for example_dynamic_task_mapping_with_no_taskflow_operators to 2023-10-10T07:27:26.735699+00:00, run_after=2023-10-11T07:27:26.735699+00:00
[2023-10-11T07:27:26.752+0000] {processor.py:179} INFO - Processing /home/airflow/.local/lib/python3.8/site-packages/airflow/example_dags/example_dynamic_task_mapping_with_no_taskflow_operators.py took 0.049 seconds
[2023-10-11T07:27:56.874+0000] {processor.py:157} INFO - Started process (PID=12816) to work on /home/airflow/.local/lib/python3.8/site-packages/airflow/example_dags/example_dynamic_task_mapping_with_no_taskflow_operators.py
[2023-10-11T07:27:56.875+0000] {processor.py:829} INFO - Processing file /home/airflow/.local/lib/python3.8/site-packages/airflow/example_dags/example_dynamic_task_mapping_with_no_taskflow_operators.py for tasks to queue
[2023-10-11T07:27:56.875+0000] {logging_mixin.py:151} INFO - [2023-10-11T07:27:56.875+0000] {dagbag.py:539} INFO - Filling up the DagBag from /home/airflow/.local/lib/python3.8/site-packages/airflow/example_dags/example_dynamic_task_mapping_with_no_taskflow_operators.py
[2023-10-11T07:27:56.880+0000] {processor.py:839} INFO - DAG(s) dict_keys(['example_dynamic_task_mapping_with_no_taskflow_operators']) retrieved from /home/airflow/.local/lib/python3.8/site-packages/airflow/example_dags/example_dynamic_task_mapping_with_no_taskflow_operators.py
[2023-10-11T07:27:56.893+0000] {logging_mixin.py:151} INFO - [2023-10-11T07:27:56.893+0000] {dag.py:2915} INFO - Sync 1 DAGs
[2023-10-11T07:27:56.904+0000] {logging_mixin.py:151} INFO - [2023-10-11T07:27:56.904+0000] {dag.py:3696} INFO - Setting next_dagrun for example_dynamic_task_mapping_with_no_taskflow_operators to 2023-10-10T07:27:56.904702+00:00, run_after=2023-10-11T07:27:56.904702+00:00
[2023-10-11T07:27:56.913+0000] {processor.py:179} INFO - Processing /home/airflow/.local/lib/python3.8/site-packages/airflow/example_dags/example_dynamic_task_mapping_with_no_taskflow_operators.py took 0.041 seconds
[2023-10-11T07:28:27.190+0000] {processor.py:157} INFO - Started process (PID=13059) to work on /home/airflow/.local/lib/python3.8/site-packages/airflow/example_dags/example_dynamic_task_mapping_with_no_taskflow_operators.py
[2023-10-11T07:28:27.192+0000] {processor.py:829} INFO - Processing file /home/airflow/.local/lib/python3.8/site-packages/airflow/example_dags/example_dynamic_task_mapping_with_no_taskflow_operators.py for tasks to queue
[2023-10-11T07:28:27.193+0000] {logging_mixin.py:151} INFO - [2023-10-11T07:28:27.193+0000] {dagbag.py:539} INFO - Filling up the DagBag from /home/airflow/.local/lib/python3.8/site-packages/airflow/example_dags/example_dynamic_task_mapping_with_no_taskflow_operators.py
[2023-10-11T07:28:27.201+0000] {processor.py:839} INFO - DAG(s) dict_keys(['example_dynamic_task_mapping_with_no_taskflow_operators']) retrieved from /home/airflow/.local/lib/python3.8/site-packages/airflow/example_dags/example_dynamic_task_mapping_with_no_taskflow_operators.py
[2023-10-11T07:28:27.214+0000] {logging_mixin.py:151} INFO - [2023-10-11T07:28:27.214+0000] {dag.py:2915} INFO - Sync 1 DAGs
[2023-10-11T07:28:27.226+0000] {logging_mixin.py:151} INFO - [2023-10-11T07:28:27.226+0000] {dag.py:3696} INFO - Setting next_dagrun for example_dynamic_task_mapping_with_no_taskflow_operators to 2023-10-10T07:28:27.226590+00:00, run_after=2023-10-11T07:28:27.226590+00:00
[2023-10-11T07:28:27.237+0000] {processor.py:179} INFO - Processing /home/airflow/.local/lib/python3.8/site-packages/airflow/example_dags/example_dynamic_task_mapping_with_no_taskflow_operators.py took 0.050 seconds
