[2023-10-11T07:01:29.652+0000] {processor.py:157} INFO - Started process (PID=180) to work on /home/airflow/.local/lib/python3.8/site-packages/airflow/example_dags/example_branch_python_dop_operator_3.py
[2023-10-11T07:01:29.653+0000] {processor.py:829} INFO - Processing file /home/airflow/.local/lib/python3.8/site-packages/airflow/example_dags/example_branch_python_dop_operator_3.py for tasks to queue
[2023-10-11T07:01:29.653+0000] {logging_mixin.py:151} INFO - [2023-10-11T07:01:29.653+0000] {dagbag.py:539} INFO - Filling up the DagBag from /home/airflow/.local/lib/python3.8/site-packages/airflow/example_dags/example_branch_python_dop_operator_3.py
[2023-10-11T07:01:29.672+0000] {processor.py:839} INFO - DAG(s) dict_keys(['example_branch_dop_operator_v3']) retrieved from /home/airflow/.local/lib/python3.8/site-packages/airflow/example_dags/example_branch_python_dop_operator_3.py
[2023-10-11T07:01:30.020+0000] {logging_mixin.py:151} INFO - [2023-10-11T07:01:30.020+0000] {manager.py:499} INFO - Created Permission View: %s
[2023-10-11T07:01:30.028+0000] {logging_mixin.py:151} INFO - [2023-10-11T07:01:30.028+0000] {manager.py:499} INFO - Created Permission View: %s
[2023-10-11T07:01:30.034+0000] {logging_mixin.py:151} INFO - [2023-10-11T07:01:30.033+0000] {manager.py:499} INFO - Created Permission View: %s
[2023-10-11T07:01:30.034+0000] {logging_mixin.py:151} INFO - [2023-10-11T07:01:30.034+0000] {security.py:708} INFO - Not syncing DAG-level permissions for DAG 'DAG:example_branch_dop_operator_v3' as access control is unset.
[2023-10-11T07:01:30.035+0000] {logging_mixin.py:151} INFO - [2023-10-11T07:01:30.034+0000] {dag.py:2915} INFO - Sync 1 DAGs
[2023-10-11T07:01:30.042+0000] {logging_mixin.py:151} INFO - [2023-10-11T07:01:30.042+0000] {dag.py:2937} INFO - Creating ORM DAG for example_branch_dop_operator_v3
[2023-10-11T07:01:30.051+0000] {logging_mixin.py:151} INFO - [2023-10-11T07:01:30.051+0000] {dag.py:3696} INFO - Setting next_dagrun for example_branch_dop_operator_v3 to 2023-10-11T07:00:00+00:00, run_after=2023-10-11T07:01:00+00:00
[2023-10-11T07:01:30.117+0000] {processor.py:179} INFO - Processing /home/airflow/.local/lib/python3.8/site-packages/airflow/example_dags/example_branch_python_dop_operator_3.py took 0.469 seconds
[2023-10-11T07:02:00.411+0000] {processor.py:157} INFO - Started process (PID=421) to work on /home/airflow/.local/lib/python3.8/site-packages/airflow/example_dags/example_branch_python_dop_operator_3.py
[2023-10-11T07:02:00.412+0000] {processor.py:829} INFO - Processing file /home/airflow/.local/lib/python3.8/site-packages/airflow/example_dags/example_branch_python_dop_operator_3.py for tasks to queue
[2023-10-11T07:02:00.413+0000] {logging_mixin.py:151} INFO - [2023-10-11T07:02:00.413+0000] {dagbag.py:539} INFO - Filling up the DagBag from /home/airflow/.local/lib/python3.8/site-packages/airflow/example_dags/example_branch_python_dop_operator_3.py
[2023-10-11T07:02:00.422+0000] {processor.py:839} INFO - DAG(s) dict_keys(['example_branch_dop_operator_v3']) retrieved from /home/airflow/.local/lib/python3.8/site-packages/airflow/example_dags/example_branch_python_dop_operator_3.py
[2023-10-11T07:02:00.436+0000] {logging_mixin.py:151} INFO - [2023-10-11T07:02:00.436+0000] {dag.py:2915} INFO - Sync 1 DAGs
[2023-10-11T07:02:00.451+0000] {logging_mixin.py:151} INFO - [2023-10-11T07:02:00.451+0000] {dag.py:3696} INFO - Setting next_dagrun for example_branch_dop_operator_v3 to 2023-10-11T07:01:00+00:00, run_after=2023-10-11T07:02:00+00:00
[2023-10-11T07:02:00.479+0000] {processor.py:179} INFO - Processing /home/airflow/.local/lib/python3.8/site-packages/airflow/example_dags/example_branch_python_dop_operator_3.py took 0.071 seconds
[2023-10-11T07:02:30.553+0000] {processor.py:157} INFO - Started process (PID=658) to work on /home/airflow/.local/lib/python3.8/site-packages/airflow/example_dags/example_branch_python_dop_operator_3.py
[2023-10-11T07:02:30.554+0000] {processor.py:829} INFO - Processing file /home/airflow/.local/lib/python3.8/site-packages/airflow/example_dags/example_branch_python_dop_operator_3.py for tasks to queue
[2023-10-11T07:02:30.555+0000] {logging_mixin.py:151} INFO - [2023-10-11T07:02:30.555+0000] {dagbag.py:539} INFO - Filling up the DagBag from /home/airflow/.local/lib/python3.8/site-packages/airflow/example_dags/example_branch_python_dop_operator_3.py
[2023-10-11T07:02:30.576+0000] {processor.py:839} INFO - DAG(s) dict_keys(['example_branch_dop_operator_v3']) retrieved from /home/airflow/.local/lib/python3.8/site-packages/airflow/example_dags/example_branch_python_dop_operator_3.py
[2023-10-11T07:02:30.600+0000] {logging_mixin.py:151} INFO - [2023-10-11T07:02:30.600+0000] {dag.py:2915} INFO - Sync 1 DAGs
[2023-10-11T07:02:30.614+0000] {logging_mixin.py:151} INFO - [2023-10-11T07:02:30.614+0000] {dag.py:3696} INFO - Setting next_dagrun for example_branch_dop_operator_v3 to 2023-10-11T07:01:00+00:00, run_after=2023-10-11T07:02:00+00:00
[2023-10-11T07:02:30.623+0000] {processor.py:179} INFO - Processing /home/airflow/.local/lib/python3.8/site-packages/airflow/example_dags/example_branch_python_dop_operator_3.py took 0.073 seconds
[2023-10-11T07:03:01.388+0000] {processor.py:157} INFO - Started process (PID=896) to work on /home/airflow/.local/lib/python3.8/site-packages/airflow/example_dags/example_branch_python_dop_operator_3.py
[2023-10-11T07:03:01.388+0000] {processor.py:829} INFO - Processing file /home/airflow/.local/lib/python3.8/site-packages/airflow/example_dags/example_branch_python_dop_operator_3.py for tasks to queue
[2023-10-11T07:03:01.389+0000] {logging_mixin.py:151} INFO - [2023-10-11T07:03:01.389+0000] {dagbag.py:539} INFO - Filling up the DagBag from /home/airflow/.local/lib/python3.8/site-packages/airflow/example_dags/example_branch_python_dop_operator_3.py
[2023-10-11T07:03:01.397+0000] {processor.py:839} INFO - DAG(s) dict_keys(['example_branch_dop_operator_v3']) retrieved from /home/airflow/.local/lib/python3.8/site-packages/airflow/example_dags/example_branch_python_dop_operator_3.py
[2023-10-11T07:03:01.411+0000] {logging_mixin.py:151} INFO - [2023-10-11T07:03:01.411+0000] {dag.py:2915} INFO - Sync 1 DAGs
[2023-10-11T07:03:01.425+0000] {logging_mixin.py:151} INFO - [2023-10-11T07:03:01.425+0000] {dag.py:3696} INFO - Setting next_dagrun for example_branch_dop_operator_v3 to 2023-10-11T07:02:00+00:00, run_after=2023-10-11T07:03:00+00:00
[2023-10-11T07:03:01.435+0000] {processor.py:179} INFO - Processing /home/airflow/.local/lib/python3.8/site-packages/airflow/example_dags/example_branch_python_dop_operator_3.py took 0.050 seconds
[2023-10-11T07:03:32.207+0000] {processor.py:157} INFO - Started process (PID=1132) to work on /home/airflow/.local/lib/python3.8/site-packages/airflow/example_dags/example_branch_python_dop_operator_3.py
[2023-10-11T07:03:32.208+0000] {processor.py:829} INFO - Processing file /home/airflow/.local/lib/python3.8/site-packages/airflow/example_dags/example_branch_python_dop_operator_3.py for tasks to queue
[2023-10-11T07:03:32.208+0000] {logging_mixin.py:151} INFO - [2023-10-11T07:03:32.208+0000] {dagbag.py:539} INFO - Filling up the DagBag from /home/airflow/.local/lib/python3.8/site-packages/airflow/example_dags/example_branch_python_dop_operator_3.py
[2023-10-11T07:03:32.214+0000] {processor.py:839} INFO - DAG(s) dict_keys(['example_branch_dop_operator_v3']) retrieved from /home/airflow/.local/lib/python3.8/site-packages/airflow/example_dags/example_branch_python_dop_operator_3.py
[2023-10-11T07:03:32.231+0000] {logging_mixin.py:151} INFO - [2023-10-11T07:03:32.231+0000] {dag.py:2915} INFO - Sync 1 DAGs
[2023-10-11T07:03:32.248+0000] {logging_mixin.py:151} INFO - [2023-10-11T07:03:32.247+0000] {dag.py:3696} INFO - Setting next_dagrun for example_branch_dop_operator_v3 to 2023-10-11T07:02:00+00:00, run_after=2023-10-11T07:03:00+00:00
[2023-10-11T07:03:32.285+0000] {processor.py:179} INFO - Processing /home/airflow/.local/lib/python3.8/site-packages/airflow/example_dags/example_branch_python_dop_operator_3.py took 0.081 seconds
[2023-10-11T07:04:03.022+0000] {processor.py:157} INFO - Started process (PID=1372) to work on /home/airflow/.local/lib/python3.8/site-packages/airflow/example_dags/example_branch_python_dop_operator_3.py
[2023-10-11T07:04:03.024+0000] {processor.py:829} INFO - Processing file /home/airflow/.local/lib/python3.8/site-packages/airflow/example_dags/example_branch_python_dop_operator_3.py for tasks to queue
[2023-10-11T07:04:03.025+0000] {logging_mixin.py:151} INFO - [2023-10-11T07:04:03.025+0000] {dagbag.py:539} INFO - Filling up the DagBag from /home/airflow/.local/lib/python3.8/site-packages/airflow/example_dags/example_branch_python_dop_operator_3.py
[2023-10-11T07:04:03.033+0000] {processor.py:839} INFO - DAG(s) dict_keys(['example_branch_dop_operator_v3']) retrieved from /home/airflow/.local/lib/python3.8/site-packages/airflow/example_dags/example_branch_python_dop_operator_3.py
[2023-10-11T07:04:03.046+0000] {logging_mixin.py:151} INFO - [2023-10-11T07:04:03.046+0000] {dag.py:2915} INFO - Sync 1 DAGs
[2023-10-11T07:04:03.067+0000] {logging_mixin.py:151} INFO - [2023-10-11T07:04:03.067+0000] {dag.py:3696} INFO - Setting next_dagrun for example_branch_dop_operator_v3 to 2023-10-11T07:03:00+00:00, run_after=2023-10-11T07:04:00+00:00
[2023-10-11T07:04:03.085+0000] {processor.py:179} INFO - Processing /home/airflow/.local/lib/python3.8/site-packages/airflow/example_dags/example_branch_python_dop_operator_3.py took 0.065 seconds
[2023-10-11T07:04:33.293+0000] {processor.py:157} INFO - Started process (PID=1607) to work on /home/airflow/.local/lib/python3.8/site-packages/airflow/example_dags/example_branch_python_dop_operator_3.py
[2023-10-11T07:04:33.294+0000] {processor.py:829} INFO - Processing file /home/airflow/.local/lib/python3.8/site-packages/airflow/example_dags/example_branch_python_dop_operator_3.py for tasks to queue
[2023-10-11T07:04:33.295+0000] {logging_mixin.py:151} INFO - [2023-10-11T07:04:33.295+0000] {dagbag.py:539} INFO - Filling up the DagBag from /home/airflow/.local/lib/python3.8/site-packages/airflow/example_dags/example_branch_python_dop_operator_3.py
[2023-10-11T07:04:33.317+0000] {processor.py:839} INFO - DAG(s) dict_keys(['example_branch_dop_operator_v3']) retrieved from /home/airflow/.local/lib/python3.8/site-packages/airflow/example_dags/example_branch_python_dop_operator_3.py
[2023-10-11T07:04:33.334+0000] {logging_mixin.py:151} INFO - [2023-10-11T07:04:33.334+0000] {dag.py:2915} INFO - Sync 1 DAGs
[2023-10-11T07:04:33.350+0000] {logging_mixin.py:151} INFO - [2023-10-11T07:04:33.350+0000] {dag.py:3696} INFO - Setting next_dagrun for example_branch_dop_operator_v3 to 2023-10-11T07:03:00+00:00, run_after=2023-10-11T07:04:00+00:00
[2023-10-11T07:04:33.388+0000] {processor.py:179} INFO - Processing /home/airflow/.local/lib/python3.8/site-packages/airflow/example_dags/example_branch_python_dop_operator_3.py took 0.098 seconds
[2023-10-11T07:05:03.626+0000] {processor.py:157} INFO - Started process (PID=1848) to work on /home/airflow/.local/lib/python3.8/site-packages/airflow/example_dags/example_branch_python_dop_operator_3.py
[2023-10-11T07:05:03.627+0000] {processor.py:829} INFO - Processing file /home/airflow/.local/lib/python3.8/site-packages/airflow/example_dags/example_branch_python_dop_operator_3.py for tasks to queue
[2023-10-11T07:05:03.627+0000] {logging_mixin.py:151} INFO - [2023-10-11T07:05:03.627+0000] {dagbag.py:539} INFO - Filling up the DagBag from /home/airflow/.local/lib/python3.8/site-packages/airflow/example_dags/example_branch_python_dop_operator_3.py
[2023-10-11T07:05:03.637+0000] {processor.py:839} INFO - DAG(s) dict_keys(['example_branch_dop_operator_v3']) retrieved from /home/airflow/.local/lib/python3.8/site-packages/airflow/example_dags/example_branch_python_dop_operator_3.py
[2023-10-11T07:05:03.655+0000] {logging_mixin.py:151} INFO - [2023-10-11T07:05:03.655+0000] {dag.py:2915} INFO - Sync 1 DAGs
[2023-10-11T07:05:03.852+0000] {logging_mixin.py:151} INFO - [2023-10-11T07:05:03.852+0000] {dag.py:3696} INFO - Setting next_dagrun for example_branch_dop_operator_v3 to 2023-10-11T07:04:00+00:00, run_after=2023-10-11T07:05:00+00:00
[2023-10-11T07:05:03.877+0000] {processor.py:179} INFO - Processing /home/airflow/.local/lib/python3.8/site-packages/airflow/example_dags/example_branch_python_dop_operator_3.py took 0.255 seconds
[2023-10-11T07:05:33.933+0000] {processor.py:157} INFO - Started process (PID=2086) to work on /home/airflow/.local/lib/python3.8/site-packages/airflow/example_dags/example_branch_python_dop_operator_3.py
[2023-10-11T07:05:33.935+0000] {processor.py:829} INFO - Processing file /home/airflow/.local/lib/python3.8/site-packages/airflow/example_dags/example_branch_python_dop_operator_3.py for tasks to queue
[2023-10-11T07:05:33.936+0000] {logging_mixin.py:151} INFO - [2023-10-11T07:05:33.935+0000] {dagbag.py:539} INFO - Filling up the DagBag from /home/airflow/.local/lib/python3.8/site-packages/airflow/example_dags/example_branch_python_dop_operator_3.py
[2023-10-11T07:05:33.945+0000] {processor.py:839} INFO - DAG(s) dict_keys(['example_branch_dop_operator_v3']) retrieved from /home/airflow/.local/lib/python3.8/site-packages/airflow/example_dags/example_branch_python_dop_operator_3.py
[2023-10-11T07:05:33.979+0000] {logging_mixin.py:151} INFO - [2023-10-11T07:05:33.978+0000] {dag.py:2915} INFO - Sync 1 DAGs
[2023-10-11T07:05:34.010+0000] {logging_mixin.py:151} INFO - [2023-10-11T07:05:34.010+0000] {dag.py:3696} INFO - Setting next_dagrun for example_branch_dop_operator_v3 to 2023-10-11T07:04:00+00:00, run_after=2023-10-11T07:05:00+00:00
[2023-10-11T07:05:34.022+0000] {processor.py:179} INFO - Processing /home/airflow/.local/lib/python3.8/site-packages/airflow/example_dags/example_branch_python_dop_operator_3.py took 0.092 seconds
[2023-10-11T07:06:04.314+0000] {processor.py:157} INFO - Started process (PID=2324) to work on /home/airflow/.local/lib/python3.8/site-packages/airflow/example_dags/example_branch_python_dop_operator_3.py
[2023-10-11T07:06:04.315+0000] {processor.py:829} INFO - Processing file /home/airflow/.local/lib/python3.8/site-packages/airflow/example_dags/example_branch_python_dop_operator_3.py for tasks to queue
[2023-10-11T07:06:04.317+0000] {logging_mixin.py:151} INFO - [2023-10-11T07:06:04.316+0000] {dagbag.py:539} INFO - Filling up the DagBag from /home/airflow/.local/lib/python3.8/site-packages/airflow/example_dags/example_branch_python_dop_operator_3.py
[2023-10-11T07:06:04.324+0000] {processor.py:839} INFO - DAG(s) dict_keys(['example_branch_dop_operator_v3']) retrieved from /home/airflow/.local/lib/python3.8/site-packages/airflow/example_dags/example_branch_python_dop_operator_3.py
[2023-10-11T07:06:04.338+0000] {logging_mixin.py:151} INFO - [2023-10-11T07:06:04.338+0000] {dag.py:2915} INFO - Sync 1 DAGs
[2023-10-11T07:06:04.353+0000] {logging_mixin.py:151} INFO - [2023-10-11T07:06:04.353+0000] {dag.py:3696} INFO - Setting next_dagrun for example_branch_dop_operator_v3 to 2023-10-11T07:05:00+00:00, run_after=2023-10-11T07:06:00+00:00
[2023-10-11T07:06:04.383+0000] {processor.py:179} INFO - Processing /home/airflow/.local/lib/python3.8/site-packages/airflow/example_dags/example_branch_python_dop_operator_3.py took 0.071 seconds
[2023-10-11T07:06:34.788+0000] {processor.py:157} INFO - Started process (PID=2565) to work on /home/airflow/.local/lib/python3.8/site-packages/airflow/example_dags/example_branch_python_dop_operator_3.py
[2023-10-11T07:06:34.789+0000] {processor.py:829} INFO - Processing file /home/airflow/.local/lib/python3.8/site-packages/airflow/example_dags/example_branch_python_dop_operator_3.py for tasks to queue
[2023-10-11T07:06:34.789+0000] {logging_mixin.py:151} INFO - [2023-10-11T07:06:34.789+0000] {dagbag.py:539} INFO - Filling up the DagBag from /home/airflow/.local/lib/python3.8/site-packages/airflow/example_dags/example_branch_python_dop_operator_3.py
[2023-10-11T07:06:34.795+0000] {processor.py:839} INFO - DAG(s) dict_keys(['example_branch_dop_operator_v3']) retrieved from /home/airflow/.local/lib/python3.8/site-packages/airflow/example_dags/example_branch_python_dop_operator_3.py
[2023-10-11T07:06:34.810+0000] {logging_mixin.py:151} INFO - [2023-10-11T07:06:34.810+0000] {dag.py:2915} INFO - Sync 1 DAGs
[2023-10-11T07:06:34.824+0000] {logging_mixin.py:151} INFO - [2023-10-11T07:06:34.824+0000] {dag.py:3696} INFO - Setting next_dagrun for example_branch_dop_operator_v3 to 2023-10-11T07:05:00+00:00, run_after=2023-10-11T07:06:00+00:00
[2023-10-11T07:06:34.835+0000] {processor.py:179} INFO - Processing /home/airflow/.local/lib/python3.8/site-packages/airflow/example_dags/example_branch_python_dop_operator_3.py took 0.049 seconds
[2023-10-11T07:07:05.350+0000] {processor.py:157} INFO - Started process (PID=2807) to work on /home/airflow/.local/lib/python3.8/site-packages/airflow/example_dags/example_branch_python_dop_operator_3.py
[2023-10-11T07:07:05.351+0000] {processor.py:829} INFO - Processing file /home/airflow/.local/lib/python3.8/site-packages/airflow/example_dags/example_branch_python_dop_operator_3.py for tasks to queue
[2023-10-11T07:07:05.352+0000] {logging_mixin.py:151} INFO - [2023-10-11T07:07:05.352+0000] {dagbag.py:539} INFO - Filling up the DagBag from /home/airflow/.local/lib/python3.8/site-packages/airflow/example_dags/example_branch_python_dop_operator_3.py
[2023-10-11T07:07:05.387+0000] {processor.py:839} INFO - DAG(s) dict_keys(['example_branch_dop_operator_v3']) retrieved from /home/airflow/.local/lib/python3.8/site-packages/airflow/example_dags/example_branch_python_dop_operator_3.py
[2023-10-11T07:07:05.403+0000] {logging_mixin.py:151} INFO - [2023-10-11T07:07:05.403+0000] {dag.py:2915} INFO - Sync 1 DAGs
[2023-10-11T07:07:05.418+0000] {logging_mixin.py:151} INFO - [2023-10-11T07:07:05.418+0000] {dag.py:3696} INFO - Setting next_dagrun for example_branch_dop_operator_v3 to 2023-10-11T07:06:00+00:00, run_after=2023-10-11T07:07:00+00:00
[2023-10-11T07:07:05.430+0000] {processor.py:179} INFO - Processing /home/airflow/.local/lib/python3.8/site-packages/airflow/example_dags/example_branch_python_dop_operator_3.py took 0.084 seconds
[2023-10-11T07:07:35.732+0000] {processor.py:157} INFO - Started process (PID=3049) to work on /home/airflow/.local/lib/python3.8/site-packages/airflow/example_dags/example_branch_python_dop_operator_3.py
[2023-10-11T07:07:35.732+0000] {processor.py:829} INFO - Processing file /home/airflow/.local/lib/python3.8/site-packages/airflow/example_dags/example_branch_python_dop_operator_3.py for tasks to queue
[2023-10-11T07:07:35.733+0000] {logging_mixin.py:151} INFO - [2023-10-11T07:07:35.733+0000] {dagbag.py:539} INFO - Filling up the DagBag from /home/airflow/.local/lib/python3.8/site-packages/airflow/example_dags/example_branch_python_dop_operator_3.py
[2023-10-11T07:07:35.741+0000] {processor.py:839} INFO - DAG(s) dict_keys(['example_branch_dop_operator_v3']) retrieved from /home/airflow/.local/lib/python3.8/site-packages/airflow/example_dags/example_branch_python_dop_operator_3.py
[2023-10-11T07:07:35.761+0000] {logging_mixin.py:151} INFO - [2023-10-11T07:07:35.760+0000] {dag.py:2915} INFO - Sync 1 DAGs
[2023-10-11T07:07:35.817+0000] {logging_mixin.py:151} INFO - [2023-10-11T07:07:35.816+0000] {dag.py:3696} INFO - Setting next_dagrun for example_branch_dop_operator_v3 to 2023-10-11T07:06:00+00:00, run_after=2023-10-11T07:07:00+00:00
[2023-10-11T07:07:35.837+0000] {processor.py:179} INFO - Processing /home/airflow/.local/lib/python3.8/site-packages/airflow/example_dags/example_branch_python_dop_operator_3.py took 0.108 seconds
[2023-10-11T07:08:06.826+0000] {processor.py:157} INFO - Started process (PID=3326) to work on /home/airflow/.local/lib/python3.8/site-packages/airflow/example_dags/example_branch_python_dop_operator_3.py
[2023-10-11T07:08:06.827+0000] {processor.py:829} INFO - Processing file /home/airflow/.local/lib/python3.8/site-packages/airflow/example_dags/example_branch_python_dop_operator_3.py for tasks to queue
[2023-10-11T07:08:06.828+0000] {logging_mixin.py:151} INFO - [2023-10-11T07:08:06.827+0000] {dagbag.py:539} INFO - Filling up the DagBag from /home/airflow/.local/lib/python3.8/site-packages/airflow/example_dags/example_branch_python_dop_operator_3.py
[2023-10-11T07:08:06.836+0000] {processor.py:839} INFO - DAG(s) dict_keys(['example_branch_dop_operator_v3']) retrieved from /home/airflow/.local/lib/python3.8/site-packages/airflow/example_dags/example_branch_python_dop_operator_3.py
[2023-10-11T07:08:06.854+0000] {logging_mixin.py:151} INFO - [2023-10-11T07:08:06.854+0000] {dag.py:2915} INFO - Sync 1 DAGs
[2023-10-11T07:08:06.895+0000] {logging_mixin.py:151} INFO - [2023-10-11T07:08:06.895+0000] {dag.py:3696} INFO - Setting next_dagrun for example_branch_dop_operator_v3 to 2023-10-11T07:07:00+00:00, run_after=2023-10-11T07:08:00+00:00
[2023-10-11T07:08:06.918+0000] {processor.py:179} INFO - Processing /home/airflow/.local/lib/python3.8/site-packages/airflow/example_dags/example_branch_python_dop_operator_3.py took 0.095 seconds
[2023-10-11T07:08:37.030+0000] {processor.py:157} INFO - Started process (PID=3569) to work on /home/airflow/.local/lib/python3.8/site-packages/airflow/example_dags/example_branch_python_dop_operator_3.py
[2023-10-11T07:08:37.031+0000] {processor.py:829} INFO - Processing file /home/airflow/.local/lib/python3.8/site-packages/airflow/example_dags/example_branch_python_dop_operator_3.py for tasks to queue
[2023-10-11T07:08:37.031+0000] {logging_mixin.py:151} INFO - [2023-10-11T07:08:37.031+0000] {dagbag.py:539} INFO - Filling up the DagBag from /home/airflow/.local/lib/python3.8/site-packages/airflow/example_dags/example_branch_python_dop_operator_3.py
[2023-10-11T07:08:37.038+0000] {processor.py:839} INFO - DAG(s) dict_keys(['example_branch_dop_operator_v3']) retrieved from /home/airflow/.local/lib/python3.8/site-packages/airflow/example_dags/example_branch_python_dop_operator_3.py
[2023-10-11T07:08:37.060+0000] {logging_mixin.py:151} INFO - [2023-10-11T07:08:37.060+0000] {dag.py:2915} INFO - Sync 1 DAGs
[2023-10-11T07:08:37.076+0000] {logging_mixin.py:151} INFO - [2023-10-11T07:08:37.076+0000] {dag.py:3696} INFO - Setting next_dagrun for example_branch_dop_operator_v3 to 2023-10-11T07:07:00+00:00, run_after=2023-10-11T07:08:00+00:00
[2023-10-11T07:08:37.086+0000] {processor.py:179} INFO - Processing /home/airflow/.local/lib/python3.8/site-packages/airflow/example_dags/example_branch_python_dop_operator_3.py took 0.058 seconds
[2023-10-11T07:09:07.853+0000] {processor.py:157} INFO - Started process (PID=3810) to work on /home/airflow/.local/lib/python3.8/site-packages/airflow/example_dags/example_branch_python_dop_operator_3.py
[2023-10-11T07:09:07.859+0000] {processor.py:829} INFO - Processing file /home/airflow/.local/lib/python3.8/site-packages/airflow/example_dags/example_branch_python_dop_operator_3.py for tasks to queue
[2023-10-11T07:09:07.864+0000] {logging_mixin.py:151} INFO - [2023-10-11T07:09:07.864+0000] {dagbag.py:539} INFO - Filling up the DagBag from /home/airflow/.local/lib/python3.8/site-packages/airflow/example_dags/example_branch_python_dop_operator_3.py
[2023-10-11T07:09:07.900+0000] {processor.py:839} INFO - DAG(s) dict_keys(['example_branch_dop_operator_v3']) retrieved from /home/airflow/.local/lib/python3.8/site-packages/airflow/example_dags/example_branch_python_dop_operator_3.py
[2023-10-11T07:09:07.932+0000] {logging_mixin.py:151} INFO - [2023-10-11T07:09:07.931+0000] {dag.py:2915} INFO - Sync 1 DAGs
[2023-10-11T07:09:07.986+0000] {logging_mixin.py:151} INFO - [2023-10-11T07:09:07.986+0000] {dag.py:3696} INFO - Setting next_dagrun for example_branch_dop_operator_v3 to 2023-10-11T07:08:00+00:00, run_after=2023-10-11T07:09:00+00:00
[2023-10-11T07:09:08.004+0000] {processor.py:179} INFO - Processing /home/airflow/.local/lib/python3.8/site-packages/airflow/example_dags/example_branch_python_dop_operator_3.py took 0.156 seconds
[2023-10-11T07:09:38.439+0000] {processor.py:157} INFO - Started process (PID=4055) to work on /home/airflow/.local/lib/python3.8/site-packages/airflow/example_dags/example_branch_python_dop_operator_3.py
[2023-10-11T07:09:38.440+0000] {processor.py:829} INFO - Processing file /home/airflow/.local/lib/python3.8/site-packages/airflow/example_dags/example_branch_python_dop_operator_3.py for tasks to queue
[2023-10-11T07:09:38.441+0000] {logging_mixin.py:151} INFO - [2023-10-11T07:09:38.441+0000] {dagbag.py:539} INFO - Filling up the DagBag from /home/airflow/.local/lib/python3.8/site-packages/airflow/example_dags/example_branch_python_dop_operator_3.py
[2023-10-11T07:09:38.452+0000] {processor.py:839} INFO - DAG(s) dict_keys(['example_branch_dop_operator_v3']) retrieved from /home/airflow/.local/lib/python3.8/site-packages/airflow/example_dags/example_branch_python_dop_operator_3.py
[2023-10-11T07:09:38.487+0000] {logging_mixin.py:151} INFO - [2023-10-11T07:09:38.487+0000] {dag.py:2915} INFO - Sync 1 DAGs
[2023-10-11T07:09:38.507+0000] {logging_mixin.py:151} INFO - [2023-10-11T07:09:38.507+0000] {dag.py:3696} INFO - Setting next_dagrun for example_branch_dop_operator_v3 to 2023-10-11T07:08:00+00:00, run_after=2023-10-11T07:09:00+00:00
[2023-10-11T07:09:38.519+0000] {processor.py:179} INFO - Processing /home/airflow/.local/lib/python3.8/site-packages/airflow/example_dags/example_branch_python_dop_operator_3.py took 0.083 seconds
[2023-10-11T07:10:09.222+0000] {processor.py:157} INFO - Started process (PID=4298) to work on /home/airflow/.local/lib/python3.8/site-packages/airflow/example_dags/example_branch_python_dop_operator_3.py
[2023-10-11T07:10:09.223+0000] {processor.py:829} INFO - Processing file /home/airflow/.local/lib/python3.8/site-packages/airflow/example_dags/example_branch_python_dop_operator_3.py for tasks to queue
[2023-10-11T07:10:09.224+0000] {logging_mixin.py:151} INFO - [2023-10-11T07:10:09.223+0000] {dagbag.py:539} INFO - Filling up the DagBag from /home/airflow/.local/lib/python3.8/site-packages/airflow/example_dags/example_branch_python_dop_operator_3.py
[2023-10-11T07:10:09.234+0000] {processor.py:839} INFO - DAG(s) dict_keys(['example_branch_dop_operator_v3']) retrieved from /home/airflow/.local/lib/python3.8/site-packages/airflow/example_dags/example_branch_python_dop_operator_3.py
[2023-10-11T07:10:09.271+0000] {logging_mixin.py:151} INFO - [2023-10-11T07:10:09.271+0000] {dag.py:2915} INFO - Sync 1 DAGs
[2023-10-11T07:10:09.297+0000] {logging_mixin.py:151} INFO - [2023-10-11T07:10:09.297+0000] {dag.py:3696} INFO - Setting next_dagrun for example_branch_dop_operator_v3 to 2023-10-11T07:09:00+00:00, run_after=2023-10-11T07:10:00+00:00
[2023-10-11T07:10:09.309+0000] {processor.py:179} INFO - Processing /home/airflow/.local/lib/python3.8/site-packages/airflow/example_dags/example_branch_python_dop_operator_3.py took 0.091 seconds
[2023-10-11T07:10:39.583+0000] {processor.py:157} INFO - Started process (PID=4541) to work on /home/airflow/.local/lib/python3.8/site-packages/airflow/example_dags/example_branch_python_dop_operator_3.py
[2023-10-11T07:10:39.585+0000] {processor.py:829} INFO - Processing file /home/airflow/.local/lib/python3.8/site-packages/airflow/example_dags/example_branch_python_dop_operator_3.py for tasks to queue
[2023-10-11T07:10:39.585+0000] {logging_mixin.py:151} INFO - [2023-10-11T07:10:39.585+0000] {dagbag.py:539} INFO - Filling up the DagBag from /home/airflow/.local/lib/python3.8/site-packages/airflow/example_dags/example_branch_python_dop_operator_3.py
[2023-10-11T07:10:39.613+0000] {processor.py:839} INFO - DAG(s) dict_keys(['example_branch_dop_operator_v3']) retrieved from /home/airflow/.local/lib/python3.8/site-packages/airflow/example_dags/example_branch_python_dop_operator_3.py
[2023-10-11T07:10:39.639+0000] {logging_mixin.py:151} INFO - [2023-10-11T07:10:39.639+0000] {dag.py:2915} INFO - Sync 1 DAGs
[2023-10-11T07:10:39.685+0000] {logging_mixin.py:151} INFO - [2023-10-11T07:10:39.685+0000] {dag.py:3696} INFO - Setting next_dagrun for example_branch_dop_operator_v3 to 2023-10-11T07:09:00+00:00, run_after=2023-10-11T07:10:00+00:00
[2023-10-11T07:10:39.700+0000] {processor.py:179} INFO - Processing /home/airflow/.local/lib/python3.8/site-packages/airflow/example_dags/example_branch_python_dop_operator_3.py took 0.123 seconds
[2023-10-11T07:11:10.148+0000] {processor.py:157} INFO - Started process (PID=4784) to work on /home/airflow/.local/lib/python3.8/site-packages/airflow/example_dags/example_branch_python_dop_operator_3.py
[2023-10-11T07:11:10.149+0000] {processor.py:829} INFO - Processing file /home/airflow/.local/lib/python3.8/site-packages/airflow/example_dags/example_branch_python_dop_operator_3.py for tasks to queue
[2023-10-11T07:11:10.150+0000] {logging_mixin.py:151} INFO - [2023-10-11T07:11:10.150+0000] {dagbag.py:539} INFO - Filling up the DagBag from /home/airflow/.local/lib/python3.8/site-packages/airflow/example_dags/example_branch_python_dop_operator_3.py
[2023-10-11T07:11:10.195+0000] {processor.py:839} INFO - DAG(s) dict_keys(['example_branch_dop_operator_v3']) retrieved from /home/airflow/.local/lib/python3.8/site-packages/airflow/example_dags/example_branch_python_dop_operator_3.py
[2023-10-11T07:11:10.216+0000] {logging_mixin.py:151} INFO - [2023-10-11T07:11:10.215+0000] {dag.py:2915} INFO - Sync 1 DAGs
[2023-10-11T07:11:10.234+0000] {logging_mixin.py:151} INFO - [2023-10-11T07:11:10.234+0000] {dag.py:3696} INFO - Setting next_dagrun for example_branch_dop_operator_v3 to 2023-10-11T07:10:00+00:00, run_after=2023-10-11T07:11:00+00:00
[2023-10-11T07:11:10.248+0000] {processor.py:179} INFO - Processing /home/airflow/.local/lib/python3.8/site-packages/airflow/example_dags/example_branch_python_dop_operator_3.py took 0.103 seconds
[2023-10-11T07:11:40.432+0000] {processor.py:157} INFO - Started process (PID=5027) to work on /home/airflow/.local/lib/python3.8/site-packages/airflow/example_dags/example_branch_python_dop_operator_3.py
[2023-10-11T07:11:40.433+0000] {processor.py:829} INFO - Processing file /home/airflow/.local/lib/python3.8/site-packages/airflow/example_dags/example_branch_python_dop_operator_3.py for tasks to queue
[2023-10-11T07:11:40.434+0000] {logging_mixin.py:151} INFO - [2023-10-11T07:11:40.434+0000] {dagbag.py:539} INFO - Filling up the DagBag from /home/airflow/.local/lib/python3.8/site-packages/airflow/example_dags/example_branch_python_dop_operator_3.py
[2023-10-11T07:11:40.439+0000] {processor.py:839} INFO - DAG(s) dict_keys(['example_branch_dop_operator_v3']) retrieved from /home/airflow/.local/lib/python3.8/site-packages/airflow/example_dags/example_branch_python_dop_operator_3.py
[2023-10-11T07:11:40.458+0000] {logging_mixin.py:151} INFO - [2023-10-11T07:11:40.457+0000] {dag.py:2915} INFO - Sync 1 DAGs
[2023-10-11T07:11:40.488+0000] {logging_mixin.py:151} INFO - [2023-10-11T07:11:40.488+0000] {dag.py:3696} INFO - Setting next_dagrun for example_branch_dop_operator_v3 to 2023-10-11T07:10:00+00:00, run_after=2023-10-11T07:11:00+00:00
[2023-10-11T07:11:40.497+0000] {processor.py:179} INFO - Processing /home/airflow/.local/lib/python3.8/site-packages/airflow/example_dags/example_branch_python_dop_operator_3.py took 0.068 seconds
[2023-10-11T07:12:11.183+0000] {processor.py:157} INFO - Started process (PID=5268) to work on /home/airflow/.local/lib/python3.8/site-packages/airflow/example_dags/example_branch_python_dop_operator_3.py
[2023-10-11T07:12:11.186+0000] {processor.py:829} INFO - Processing file /home/airflow/.local/lib/python3.8/site-packages/airflow/example_dags/example_branch_python_dop_operator_3.py for tasks to queue
[2023-10-11T07:12:11.188+0000] {logging_mixin.py:151} INFO - [2023-10-11T07:12:11.188+0000] {dagbag.py:539} INFO - Filling up the DagBag from /home/airflow/.local/lib/python3.8/site-packages/airflow/example_dags/example_branch_python_dop_operator_3.py
[2023-10-11T07:12:11.199+0000] {processor.py:839} INFO - DAG(s) dict_keys(['example_branch_dop_operator_v3']) retrieved from /home/airflow/.local/lib/python3.8/site-packages/airflow/example_dags/example_branch_python_dop_operator_3.py
[2023-10-11T07:12:11.215+0000] {logging_mixin.py:151} INFO - [2023-10-11T07:12:11.214+0000] {dag.py:2915} INFO - Sync 1 DAGs
[2023-10-11T07:12:11.231+0000] {logging_mixin.py:151} INFO - [2023-10-11T07:12:11.231+0000] {dag.py:3696} INFO - Setting next_dagrun for example_branch_dop_operator_v3 to 2023-10-11T07:11:00+00:00, run_after=2023-10-11T07:12:00+00:00
[2023-10-11T07:12:11.243+0000] {processor.py:179} INFO - Processing /home/airflow/.local/lib/python3.8/site-packages/airflow/example_dags/example_branch_python_dop_operator_3.py took 0.069 seconds
[2023-10-11T07:12:41.334+0000] {processor.py:157} INFO - Started process (PID=5513) to work on /home/airflow/.local/lib/python3.8/site-packages/airflow/example_dags/example_branch_python_dop_operator_3.py
[2023-10-11T07:12:41.335+0000] {processor.py:829} INFO - Processing file /home/airflow/.local/lib/python3.8/site-packages/airflow/example_dags/example_branch_python_dop_operator_3.py for tasks to queue
[2023-10-11T07:12:41.336+0000] {logging_mixin.py:151} INFO - [2023-10-11T07:12:41.335+0000] {dagbag.py:539} INFO - Filling up the DagBag from /home/airflow/.local/lib/python3.8/site-packages/airflow/example_dags/example_branch_python_dop_operator_3.py
[2023-10-11T07:12:41.342+0000] {processor.py:839} INFO - DAG(s) dict_keys(['example_branch_dop_operator_v3']) retrieved from /home/airflow/.local/lib/python3.8/site-packages/airflow/example_dags/example_branch_python_dop_operator_3.py
[2023-10-11T07:12:41.363+0000] {logging_mixin.py:151} INFO - [2023-10-11T07:12:41.363+0000] {dag.py:2915} INFO - Sync 1 DAGs
[2023-10-11T07:12:41.384+0000] {logging_mixin.py:151} INFO - [2023-10-11T07:12:41.384+0000] {dag.py:3696} INFO - Setting next_dagrun for example_branch_dop_operator_v3 to 2023-10-11T07:11:00+00:00, run_after=2023-10-11T07:12:00+00:00
[2023-10-11T07:12:41.394+0000] {processor.py:179} INFO - Processing /home/airflow/.local/lib/python3.8/site-packages/airflow/example_dags/example_branch_python_dop_operator_3.py took 0.063 seconds
[2023-10-11T07:13:11.979+0000] {processor.py:157} INFO - Started process (PID=5754) to work on /home/airflow/.local/lib/python3.8/site-packages/airflow/example_dags/example_branch_python_dop_operator_3.py
[2023-10-11T07:13:11.980+0000] {processor.py:829} INFO - Processing file /home/airflow/.local/lib/python3.8/site-packages/airflow/example_dags/example_branch_python_dop_operator_3.py for tasks to queue
[2023-10-11T07:13:11.981+0000] {logging_mixin.py:151} INFO - [2023-10-11T07:13:11.980+0000] {dagbag.py:539} INFO - Filling up the DagBag from /home/airflow/.local/lib/python3.8/site-packages/airflow/example_dags/example_branch_python_dop_operator_3.py
[2023-10-11T07:13:11.987+0000] {processor.py:839} INFO - DAG(s) dict_keys(['example_branch_dop_operator_v3']) retrieved from /home/airflow/.local/lib/python3.8/site-packages/airflow/example_dags/example_branch_python_dop_operator_3.py
[2023-10-11T07:13:12.001+0000] {logging_mixin.py:151} INFO - [2023-10-11T07:13:12.001+0000] {dag.py:2915} INFO - Sync 1 DAGs
[2023-10-11T07:13:12.017+0000] {logging_mixin.py:151} INFO - [2023-10-11T07:13:12.017+0000] {dag.py:3696} INFO - Setting next_dagrun for example_branch_dop_operator_v3 to 2023-10-11T07:12:00+00:00, run_after=2023-10-11T07:13:00+00:00
[2023-10-11T07:13:12.028+0000] {processor.py:179} INFO - Processing /home/airflow/.local/lib/python3.8/site-packages/airflow/example_dags/example_branch_python_dop_operator_3.py took 0.052 seconds
[2023-10-11T07:13:42.642+0000] {processor.py:157} INFO - Started process (PID=5999) to work on /home/airflow/.local/lib/python3.8/site-packages/airflow/example_dags/example_branch_python_dop_operator_3.py
[2023-10-11T07:13:42.643+0000] {processor.py:829} INFO - Processing file /home/airflow/.local/lib/python3.8/site-packages/airflow/example_dags/example_branch_python_dop_operator_3.py for tasks to queue
[2023-10-11T07:13:42.644+0000] {logging_mixin.py:151} INFO - [2023-10-11T07:13:42.644+0000] {dagbag.py:539} INFO - Filling up the DagBag from /home/airflow/.local/lib/python3.8/site-packages/airflow/example_dags/example_branch_python_dop_operator_3.py
[2023-10-11T07:13:42.679+0000] {processor.py:839} INFO - DAG(s) dict_keys(['example_branch_dop_operator_v3']) retrieved from /home/airflow/.local/lib/python3.8/site-packages/airflow/example_dags/example_branch_python_dop_operator_3.py
[2023-10-11T07:13:42.696+0000] {logging_mixin.py:151} INFO - [2023-10-11T07:13:42.696+0000] {dag.py:2915} INFO - Sync 1 DAGs
[2023-10-11T07:13:42.718+0000] {logging_mixin.py:151} INFO - [2023-10-11T07:13:42.718+0000] {dag.py:3696} INFO - Setting next_dagrun for example_branch_dop_operator_v3 to 2023-10-11T07:12:00+00:00, run_after=2023-10-11T07:13:00+00:00
[2023-10-11T07:13:42.729+0000] {processor.py:179} INFO - Processing /home/airflow/.local/lib/python3.8/site-packages/airflow/example_dags/example_branch_python_dop_operator_3.py took 0.090 seconds
[2023-10-11T07:14:13.119+0000] {processor.py:157} INFO - Started process (PID=6240) to work on /home/airflow/.local/lib/python3.8/site-packages/airflow/example_dags/example_branch_python_dop_operator_3.py
[2023-10-11T07:14:13.120+0000] {processor.py:829} INFO - Processing file /home/airflow/.local/lib/python3.8/site-packages/airflow/example_dags/example_branch_python_dop_operator_3.py for tasks to queue
[2023-10-11T07:14:13.120+0000] {logging_mixin.py:151} INFO - [2023-10-11T07:14:13.120+0000] {dagbag.py:539} INFO - Filling up the DagBag from /home/airflow/.local/lib/python3.8/site-packages/airflow/example_dags/example_branch_python_dop_operator_3.py
[2023-10-11T07:14:13.126+0000] {processor.py:839} INFO - DAG(s) dict_keys(['example_branch_dop_operator_v3']) retrieved from /home/airflow/.local/lib/python3.8/site-packages/airflow/example_dags/example_branch_python_dop_operator_3.py
[2023-10-11T07:14:13.139+0000] {logging_mixin.py:151} INFO - [2023-10-11T07:14:13.139+0000] {dag.py:2915} INFO - Sync 1 DAGs
[2023-10-11T07:14:13.158+0000] {logging_mixin.py:151} INFO - [2023-10-11T07:14:13.158+0000] {dag.py:3696} INFO - Setting next_dagrun for example_branch_dop_operator_v3 to 2023-10-11T07:13:00+00:00, run_after=2023-10-11T07:14:00+00:00
[2023-10-11T07:14:13.184+0000] {processor.py:179} INFO - Processing /home/airflow/.local/lib/python3.8/site-packages/airflow/example_dags/example_branch_python_dop_operator_3.py took 0.068 seconds
[2023-10-11T07:14:43.505+0000] {processor.py:157} INFO - Started process (PID=6483) to work on /home/airflow/.local/lib/python3.8/site-packages/airflow/example_dags/example_branch_python_dop_operator_3.py
[2023-10-11T07:14:43.506+0000] {processor.py:829} INFO - Processing file /home/airflow/.local/lib/python3.8/site-packages/airflow/example_dags/example_branch_python_dop_operator_3.py for tasks to queue
[2023-10-11T07:14:43.507+0000] {logging_mixin.py:151} INFO - [2023-10-11T07:14:43.507+0000] {dagbag.py:539} INFO - Filling up the DagBag from /home/airflow/.local/lib/python3.8/site-packages/airflow/example_dags/example_branch_python_dop_operator_3.py
[2023-10-11T07:14:43.514+0000] {processor.py:839} INFO - DAG(s) dict_keys(['example_branch_dop_operator_v3']) retrieved from /home/airflow/.local/lib/python3.8/site-packages/airflow/example_dags/example_branch_python_dop_operator_3.py
[2023-10-11T07:14:43.531+0000] {logging_mixin.py:151} INFO - [2023-10-11T07:14:43.530+0000] {dag.py:2915} INFO - Sync 1 DAGs
[2023-10-11T07:14:43.547+0000] {logging_mixin.py:151} INFO - [2023-10-11T07:14:43.547+0000] {dag.py:3696} INFO - Setting next_dagrun for example_branch_dop_operator_v3 to 2023-10-11T07:13:00+00:00, run_after=2023-10-11T07:14:00+00:00
[2023-10-11T07:14:43.568+0000] {processor.py:179} INFO - Processing /home/airflow/.local/lib/python3.8/site-packages/airflow/example_dags/example_branch_python_dop_operator_3.py took 0.065 seconds
[2023-10-11T07:15:14.086+0000] {processor.py:157} INFO - Started process (PID=6728) to work on /home/airflow/.local/lib/python3.8/site-packages/airflow/example_dags/example_branch_python_dop_operator_3.py
[2023-10-11T07:15:14.087+0000] {processor.py:829} INFO - Processing file /home/airflow/.local/lib/python3.8/site-packages/airflow/example_dags/example_branch_python_dop_operator_3.py for tasks to queue
[2023-10-11T07:15:14.088+0000] {logging_mixin.py:151} INFO - [2023-10-11T07:15:14.087+0000] {dagbag.py:539} INFO - Filling up the DagBag from /home/airflow/.local/lib/python3.8/site-packages/airflow/example_dags/example_branch_python_dop_operator_3.py
[2023-10-11T07:15:14.094+0000] {processor.py:839} INFO - DAG(s) dict_keys(['example_branch_dop_operator_v3']) retrieved from /home/airflow/.local/lib/python3.8/site-packages/airflow/example_dags/example_branch_python_dop_operator_3.py
[2023-10-11T07:15:14.108+0000] {logging_mixin.py:151} INFO - [2023-10-11T07:15:14.108+0000] {dag.py:2915} INFO - Sync 1 DAGs
[2023-10-11T07:15:14.123+0000] {logging_mixin.py:151} INFO - [2023-10-11T07:15:14.122+0000] {dag.py:3696} INFO - Setting next_dagrun for example_branch_dop_operator_v3 to 2023-10-11T07:14:00+00:00, run_after=2023-10-11T07:15:00+00:00
[2023-10-11T07:15:14.133+0000] {processor.py:179} INFO - Processing /home/airflow/.local/lib/python3.8/site-packages/airflow/example_dags/example_branch_python_dop_operator_3.py took 0.049 seconds
[2023-10-11T07:15:44.679+0000] {processor.py:157} INFO - Started process (PID=6969) to work on /home/airflow/.local/lib/python3.8/site-packages/airflow/example_dags/example_branch_python_dop_operator_3.py
[2023-10-11T07:15:44.680+0000] {processor.py:829} INFO - Processing file /home/airflow/.local/lib/python3.8/site-packages/airflow/example_dags/example_branch_python_dop_operator_3.py for tasks to queue
[2023-10-11T07:15:44.680+0000] {logging_mixin.py:151} INFO - [2023-10-11T07:15:44.680+0000] {dagbag.py:539} INFO - Filling up the DagBag from /home/airflow/.local/lib/python3.8/site-packages/airflow/example_dags/example_branch_python_dop_operator_3.py
[2023-10-11T07:15:44.687+0000] {processor.py:839} INFO - DAG(s) dict_keys(['example_branch_dop_operator_v3']) retrieved from /home/airflow/.local/lib/python3.8/site-packages/airflow/example_dags/example_branch_python_dop_operator_3.py
[2023-10-11T07:15:44.701+0000] {logging_mixin.py:151} INFO - [2023-10-11T07:15:44.701+0000] {dag.py:2915} INFO - Sync 1 DAGs
[2023-10-11T07:15:44.716+0000] {logging_mixin.py:151} INFO - [2023-10-11T07:15:44.716+0000] {dag.py:3696} INFO - Setting next_dagrun for example_branch_dop_operator_v3 to 2023-10-11T07:14:00+00:00, run_after=2023-10-11T07:15:00+00:00
[2023-10-11T07:15:44.728+0000] {processor.py:179} INFO - Processing /home/airflow/.local/lib/python3.8/site-packages/airflow/example_dags/example_branch_python_dop_operator_3.py took 0.052 seconds
[2023-10-11T07:16:15.245+0000] {processor.py:157} INFO - Started process (PID=7214) to work on /home/airflow/.local/lib/python3.8/site-packages/airflow/example_dags/example_branch_python_dop_operator_3.py
[2023-10-11T07:16:15.252+0000] {processor.py:829} INFO - Processing file /home/airflow/.local/lib/python3.8/site-packages/airflow/example_dags/example_branch_python_dop_operator_3.py for tasks to queue
[2023-10-11T07:16:15.254+0000] {logging_mixin.py:151} INFO - [2023-10-11T07:16:15.254+0000] {dagbag.py:539} INFO - Filling up the DagBag from /home/airflow/.local/lib/python3.8/site-packages/airflow/example_dags/example_branch_python_dop_operator_3.py
[2023-10-11T07:16:15.270+0000] {processor.py:839} INFO - DAG(s) dict_keys(['example_branch_dop_operator_v3']) retrieved from /home/airflow/.local/lib/python3.8/site-packages/airflow/example_dags/example_branch_python_dop_operator_3.py
[2023-10-11T07:16:15.298+0000] {logging_mixin.py:151} INFO - [2023-10-11T07:16:15.298+0000] {dag.py:2915} INFO - Sync 1 DAGs
[2023-10-11T07:16:15.318+0000] {logging_mixin.py:151} INFO - [2023-10-11T07:16:15.317+0000] {dag.py:3696} INFO - Setting next_dagrun for example_branch_dop_operator_v3 to 2023-10-11T07:15:00+00:00, run_after=2023-10-11T07:16:00+00:00
[2023-10-11T07:16:15.330+0000] {processor.py:179} INFO - Processing /home/airflow/.local/lib/python3.8/site-packages/airflow/example_dags/example_branch_python_dop_operator_3.py took 0.089 seconds
[2023-10-11T07:16:45.796+0000] {processor.py:157} INFO - Started process (PID=7457) to work on /home/airflow/.local/lib/python3.8/site-packages/airflow/example_dags/example_branch_python_dop_operator_3.py
[2023-10-11T07:16:45.798+0000] {processor.py:829} INFO - Processing file /home/airflow/.local/lib/python3.8/site-packages/airflow/example_dags/example_branch_python_dop_operator_3.py for tasks to queue
[2023-10-11T07:16:45.798+0000] {logging_mixin.py:151} INFO - [2023-10-11T07:16:45.798+0000] {dagbag.py:539} INFO - Filling up the DagBag from /home/airflow/.local/lib/python3.8/site-packages/airflow/example_dags/example_branch_python_dop_operator_3.py
[2023-10-11T07:16:45.807+0000] {processor.py:839} INFO - DAG(s) dict_keys(['example_branch_dop_operator_v3']) retrieved from /home/airflow/.local/lib/python3.8/site-packages/airflow/example_dags/example_branch_python_dop_operator_3.py
[2023-10-11T07:16:45.824+0000] {logging_mixin.py:151} INFO - [2023-10-11T07:16:45.824+0000] {dag.py:2915} INFO - Sync 1 DAGs
[2023-10-11T07:16:45.891+0000] {logging_mixin.py:151} INFO - [2023-10-11T07:16:45.890+0000] {dag.py:3696} INFO - Setting next_dagrun for example_branch_dop_operator_v3 to 2023-10-11T07:15:00+00:00, run_after=2023-10-11T07:16:00+00:00
[2023-10-11T07:16:45.913+0000] {processor.py:179} INFO - Processing /home/airflow/.local/lib/python3.8/site-packages/airflow/example_dags/example_branch_python_dop_operator_3.py took 0.120 seconds
[2023-10-11T07:17:16.518+0000] {processor.py:157} INFO - Started process (PID=7700) to work on /home/airflow/.local/lib/python3.8/site-packages/airflow/example_dags/example_branch_python_dop_operator_3.py
[2023-10-11T07:17:16.519+0000] {processor.py:829} INFO - Processing file /home/airflow/.local/lib/python3.8/site-packages/airflow/example_dags/example_branch_python_dop_operator_3.py for tasks to queue
[2023-10-11T07:17:16.520+0000] {logging_mixin.py:151} INFO - [2023-10-11T07:17:16.520+0000] {dagbag.py:539} INFO - Filling up the DagBag from /home/airflow/.local/lib/python3.8/site-packages/airflow/example_dags/example_branch_python_dop_operator_3.py
[2023-10-11T07:17:16.532+0000] {processor.py:839} INFO - DAG(s) dict_keys(['example_branch_dop_operator_v3']) retrieved from /home/airflow/.local/lib/python3.8/site-packages/airflow/example_dags/example_branch_python_dop_operator_3.py
[2023-10-11T07:17:16.569+0000] {logging_mixin.py:151} INFO - [2023-10-11T07:17:16.568+0000] {dag.py:2915} INFO - Sync 1 DAGs
[2023-10-11T07:17:16.613+0000] {logging_mixin.py:151} INFO - [2023-10-11T07:17:16.613+0000] {dag.py:3696} INFO - Setting next_dagrun for example_branch_dop_operator_v3 to 2023-10-11T07:16:00+00:00, run_after=2023-10-11T07:17:00+00:00
[2023-10-11T07:17:16.631+0000] {processor.py:179} INFO - Processing /home/airflow/.local/lib/python3.8/site-packages/airflow/example_dags/example_branch_python_dop_operator_3.py took 0.116 seconds
[2023-10-11T07:17:47.089+0000] {processor.py:157} INFO - Started process (PID=7943) to work on /home/airflow/.local/lib/python3.8/site-packages/airflow/example_dags/example_branch_python_dop_operator_3.py
[2023-10-11T07:17:47.092+0000] {processor.py:829} INFO - Processing file /home/airflow/.local/lib/python3.8/site-packages/airflow/example_dags/example_branch_python_dop_operator_3.py for tasks to queue
[2023-10-11T07:17:47.094+0000] {logging_mixin.py:151} INFO - [2023-10-11T07:17:47.093+0000] {dagbag.py:539} INFO - Filling up the DagBag from /home/airflow/.local/lib/python3.8/site-packages/airflow/example_dags/example_branch_python_dop_operator_3.py
[2023-10-11T07:17:47.121+0000] {processor.py:839} INFO - DAG(s) dict_keys(['example_branch_dop_operator_v3']) retrieved from /home/airflow/.local/lib/python3.8/site-packages/airflow/example_dags/example_branch_python_dop_operator_3.py
[2023-10-11T07:17:47.180+0000] {logging_mixin.py:151} INFO - [2023-10-11T07:17:47.180+0000] {dag.py:2915} INFO - Sync 1 DAGs
[2023-10-11T07:17:47.229+0000] {logging_mixin.py:151} INFO - [2023-10-11T07:17:47.229+0000] {dag.py:3696} INFO - Setting next_dagrun for example_branch_dop_operator_v3 to 2023-10-11T07:16:00+00:00, run_after=2023-10-11T07:17:00+00:00
[2023-10-11T07:17:47.288+0000] {processor.py:179} INFO - Processing /home/airflow/.local/lib/python3.8/site-packages/airflow/example_dags/example_branch_python_dop_operator_3.py took 0.206 seconds
[2023-10-11T07:18:17.837+0000] {processor.py:157} INFO - Started process (PID=8186) to work on /home/airflow/.local/lib/python3.8/site-packages/airflow/example_dags/example_branch_python_dop_operator_3.py
[2023-10-11T07:18:17.839+0000] {processor.py:829} INFO - Processing file /home/airflow/.local/lib/python3.8/site-packages/airflow/example_dags/example_branch_python_dop_operator_3.py for tasks to queue
[2023-10-11T07:18:17.840+0000] {logging_mixin.py:151} INFO - [2023-10-11T07:18:17.839+0000] {dagbag.py:539} INFO - Filling up the DagBag from /home/airflow/.local/lib/python3.8/site-packages/airflow/example_dags/example_branch_python_dop_operator_3.py
[2023-10-11T07:18:17.876+0000] {processor.py:839} INFO - DAG(s) dict_keys(['example_branch_dop_operator_v3']) retrieved from /home/airflow/.local/lib/python3.8/site-packages/airflow/example_dags/example_branch_python_dop_operator_3.py
[2023-10-11T07:18:17.913+0000] {logging_mixin.py:151} INFO - [2023-10-11T07:18:17.913+0000] {dag.py:2915} INFO - Sync 1 DAGs
[2023-10-11T07:18:17.947+0000] {logging_mixin.py:151} INFO - [2023-10-11T07:18:17.946+0000] {dag.py:3696} INFO - Setting next_dagrun for example_branch_dop_operator_v3 to 2023-10-11T07:17:00+00:00, run_after=2023-10-11T07:18:00+00:00
[2023-10-11T07:18:17.984+0000] {processor.py:179} INFO - Processing /home/airflow/.local/lib/python3.8/site-packages/airflow/example_dags/example_branch_python_dop_operator_3.py took 0.150 seconds
[2023-10-11T07:18:48.406+0000] {processor.py:157} INFO - Started process (PID=8429) to work on /home/airflow/.local/lib/python3.8/site-packages/airflow/example_dags/example_branch_python_dop_operator_3.py
[2023-10-11T07:18:48.408+0000] {processor.py:829} INFO - Processing file /home/airflow/.local/lib/python3.8/site-packages/airflow/example_dags/example_branch_python_dop_operator_3.py for tasks to queue
[2023-10-11T07:18:48.409+0000] {logging_mixin.py:151} INFO - [2023-10-11T07:18:48.409+0000] {dagbag.py:539} INFO - Filling up the DagBag from /home/airflow/.local/lib/python3.8/site-packages/airflow/example_dags/example_branch_python_dop_operator_3.py
[2023-10-11T07:18:48.424+0000] {processor.py:839} INFO - DAG(s) dict_keys(['example_branch_dop_operator_v3']) retrieved from /home/airflow/.local/lib/python3.8/site-packages/airflow/example_dags/example_branch_python_dop_operator_3.py
[2023-10-11T07:18:48.477+0000] {logging_mixin.py:151} INFO - [2023-10-11T07:18:48.476+0000] {dag.py:2915} INFO - Sync 1 DAGs
[2023-10-11T07:18:48.504+0000] {logging_mixin.py:151} INFO - [2023-10-11T07:18:48.504+0000] {dag.py:3696} INFO - Setting next_dagrun for example_branch_dop_operator_v3 to 2023-10-11T07:17:00+00:00, run_after=2023-10-11T07:18:00+00:00
[2023-10-11T07:18:48.520+0000] {processor.py:179} INFO - Processing /home/airflow/.local/lib/python3.8/site-packages/airflow/example_dags/example_branch_python_dop_operator_3.py took 0.117 seconds
[2023-10-11T07:19:18.641+0000] {processor.py:157} INFO - Started process (PID=8672) to work on /home/airflow/.local/lib/python3.8/site-packages/airflow/example_dags/example_branch_python_dop_operator_3.py
[2023-10-11T07:19:18.649+0000] {processor.py:829} INFO - Processing file /home/airflow/.local/lib/python3.8/site-packages/airflow/example_dags/example_branch_python_dop_operator_3.py for tasks to queue
[2023-10-11T07:19:18.664+0000] {logging_mixin.py:151} INFO - [2023-10-11T07:19:18.663+0000] {dagbag.py:539} INFO - Filling up the DagBag from /home/airflow/.local/lib/python3.8/site-packages/airflow/example_dags/example_branch_python_dop_operator_3.py
[2023-10-11T07:19:18.674+0000] {processor.py:839} INFO - DAG(s) dict_keys(['example_branch_dop_operator_v3']) retrieved from /home/airflow/.local/lib/python3.8/site-packages/airflow/example_dags/example_branch_python_dop_operator_3.py
[2023-10-11T07:19:18.697+0000] {logging_mixin.py:151} INFO - [2023-10-11T07:19:18.697+0000] {dag.py:2915} INFO - Sync 1 DAGs
[2023-10-11T07:19:18.719+0000] {logging_mixin.py:151} INFO - [2023-10-11T07:19:18.719+0000] {dag.py:3696} INFO - Setting next_dagrun for example_branch_dop_operator_v3 to 2023-10-11T07:18:00+00:00, run_after=2023-10-11T07:19:00+00:00
[2023-10-11T07:19:18.730+0000] {processor.py:179} INFO - Processing /home/airflow/.local/lib/python3.8/site-packages/airflow/example_dags/example_branch_python_dop_operator_3.py took 0.092 seconds
[2023-10-11T07:19:49.250+0000] {processor.py:157} INFO - Started process (PID=8915) to work on /home/airflow/.local/lib/python3.8/site-packages/airflow/example_dags/example_branch_python_dop_operator_3.py
[2023-10-11T07:19:49.261+0000] {processor.py:829} INFO - Processing file /home/airflow/.local/lib/python3.8/site-packages/airflow/example_dags/example_branch_python_dop_operator_3.py for tasks to queue
[2023-10-11T07:19:49.274+0000] {logging_mixin.py:151} INFO - [2023-10-11T07:19:49.273+0000] {dagbag.py:539} INFO - Filling up the DagBag from /home/airflow/.local/lib/python3.8/site-packages/airflow/example_dags/example_branch_python_dop_operator_3.py
[2023-10-11T07:19:49.288+0000] {processor.py:839} INFO - DAG(s) dict_keys(['example_branch_dop_operator_v3']) retrieved from /home/airflow/.local/lib/python3.8/site-packages/airflow/example_dags/example_branch_python_dop_operator_3.py
[2023-10-11T07:19:49.316+0000] {logging_mixin.py:151} INFO - [2023-10-11T07:19:49.316+0000] {dag.py:2915} INFO - Sync 1 DAGs
[2023-10-11T07:19:49.358+0000] {logging_mixin.py:151} INFO - [2023-10-11T07:19:49.357+0000] {dag.py:3696} INFO - Setting next_dagrun for example_branch_dop_operator_v3 to 2023-10-11T07:18:00+00:00, run_after=2023-10-11T07:19:00+00:00
[2023-10-11T07:19:49.387+0000] {processor.py:179} INFO - Processing /home/airflow/.local/lib/python3.8/site-packages/airflow/example_dags/example_branch_python_dop_operator_3.py took 0.152 seconds
[2023-10-11T07:20:19.644+0000] {processor.py:157} INFO - Started process (PID=9158) to work on /home/airflow/.local/lib/python3.8/site-packages/airflow/example_dags/example_branch_python_dop_operator_3.py
[2023-10-11T07:20:19.657+0000] {processor.py:829} INFO - Processing file /home/airflow/.local/lib/python3.8/site-packages/airflow/example_dags/example_branch_python_dop_operator_3.py for tasks to queue
[2023-10-11T07:20:19.667+0000] {logging_mixin.py:151} INFO - [2023-10-11T07:20:19.666+0000] {dagbag.py:539} INFO - Filling up the DagBag from /home/airflow/.local/lib/python3.8/site-packages/airflow/example_dags/example_branch_python_dop_operator_3.py
[2023-10-11T07:20:19.685+0000] {processor.py:839} INFO - DAG(s) dict_keys(['example_branch_dop_operator_v3']) retrieved from /home/airflow/.local/lib/python3.8/site-packages/airflow/example_dags/example_branch_python_dop_operator_3.py
[2023-10-11T07:20:19.710+0000] {logging_mixin.py:151} INFO - [2023-10-11T07:20:19.710+0000] {dag.py:2915} INFO - Sync 1 DAGs
[2023-10-11T07:20:19.738+0000] {logging_mixin.py:151} INFO - [2023-10-11T07:20:19.738+0000] {dag.py:3696} INFO - Setting next_dagrun for example_branch_dop_operator_v3 to 2023-10-11T07:19:00+00:00, run_after=2023-10-11T07:20:00+00:00
[2023-10-11T07:20:19.780+0000] {processor.py:179} INFO - Processing /home/airflow/.local/lib/python3.8/site-packages/airflow/example_dags/example_branch_python_dop_operator_3.py took 0.142 seconds
[2023-10-11T07:20:50.316+0000] {processor.py:157} INFO - Started process (PID=9401) to work on /home/airflow/.local/lib/python3.8/site-packages/airflow/example_dags/example_branch_python_dop_operator_3.py
[2023-10-11T07:20:50.320+0000] {processor.py:829} INFO - Processing file /home/airflow/.local/lib/python3.8/site-packages/airflow/example_dags/example_branch_python_dop_operator_3.py for tasks to queue
[2023-10-11T07:20:50.322+0000] {logging_mixin.py:151} INFO - [2023-10-11T07:20:50.322+0000] {dagbag.py:539} INFO - Filling up the DagBag from /home/airflow/.local/lib/python3.8/site-packages/airflow/example_dags/example_branch_python_dop_operator_3.py
[2023-10-11T07:20:50.338+0000] {processor.py:839} INFO - DAG(s) dict_keys(['example_branch_dop_operator_v3']) retrieved from /home/airflow/.local/lib/python3.8/site-packages/airflow/example_dags/example_branch_python_dop_operator_3.py
[2023-10-11T07:20:50.395+0000] {logging_mixin.py:151} INFO - [2023-10-11T07:20:50.395+0000] {dag.py:2915} INFO - Sync 1 DAGs
[2023-10-11T07:20:50.421+0000] {logging_mixin.py:151} INFO - [2023-10-11T07:20:50.421+0000] {dag.py:3696} INFO - Setting next_dagrun for example_branch_dop_operator_v3 to 2023-10-11T07:19:00+00:00, run_after=2023-10-11T07:20:00+00:00
[2023-10-11T07:20:50.439+0000] {processor.py:179} INFO - Processing /home/airflow/.local/lib/python3.8/site-packages/airflow/example_dags/example_branch_python_dop_operator_3.py took 0.133 seconds
[2023-10-11T07:21:20.617+0000] {processor.py:157} INFO - Started process (PID=9644) to work on /home/airflow/.local/lib/python3.8/site-packages/airflow/example_dags/example_branch_python_dop_operator_3.py
[2023-10-11T07:21:20.619+0000] {processor.py:829} INFO - Processing file /home/airflow/.local/lib/python3.8/site-packages/airflow/example_dags/example_branch_python_dop_operator_3.py for tasks to queue
[2023-10-11T07:21:20.619+0000] {logging_mixin.py:151} INFO - [2023-10-11T07:21:20.619+0000] {dagbag.py:539} INFO - Filling up the DagBag from /home/airflow/.local/lib/python3.8/site-packages/airflow/example_dags/example_branch_python_dop_operator_3.py
[2023-10-11T07:21:20.625+0000] {processor.py:839} INFO - DAG(s) dict_keys(['example_branch_dop_operator_v3']) retrieved from /home/airflow/.local/lib/python3.8/site-packages/airflow/example_dags/example_branch_python_dop_operator_3.py
[2023-10-11T07:21:20.643+0000] {logging_mixin.py:151} INFO - [2023-10-11T07:21:20.643+0000] {dag.py:2915} INFO - Sync 1 DAGs
[2023-10-11T07:21:20.659+0000] {logging_mixin.py:151} INFO - [2023-10-11T07:21:20.659+0000] {dag.py:3696} INFO - Setting next_dagrun for example_branch_dop_operator_v3 to 2023-10-11T07:20:00+00:00, run_after=2023-10-11T07:21:00+00:00
[2023-10-11T07:21:20.670+0000] {processor.py:179} INFO - Processing /home/airflow/.local/lib/python3.8/site-packages/airflow/example_dags/example_branch_python_dop_operator_3.py took 0.055 seconds
[2023-10-11T07:21:51.082+0000] {processor.py:157} INFO - Started process (PID=9887) to work on /home/airflow/.local/lib/python3.8/site-packages/airflow/example_dags/example_branch_python_dop_operator_3.py
[2023-10-11T07:21:51.085+0000] {processor.py:829} INFO - Processing file /home/airflow/.local/lib/python3.8/site-packages/airflow/example_dags/example_branch_python_dop_operator_3.py for tasks to queue
[2023-10-11T07:21:51.086+0000] {logging_mixin.py:151} INFO - [2023-10-11T07:21:51.086+0000] {dagbag.py:539} INFO - Filling up the DagBag from /home/airflow/.local/lib/python3.8/site-packages/airflow/example_dags/example_branch_python_dop_operator_3.py
[2023-10-11T07:21:51.095+0000] {processor.py:839} INFO - DAG(s) dict_keys(['example_branch_dop_operator_v3']) retrieved from /home/airflow/.local/lib/python3.8/site-packages/airflow/example_dags/example_branch_python_dop_operator_3.py
[2023-10-11T07:21:51.119+0000] {logging_mixin.py:151} INFO - [2023-10-11T07:21:51.119+0000] {dag.py:2915} INFO - Sync 1 DAGs
[2023-10-11T07:21:51.158+0000] {logging_mixin.py:151} INFO - [2023-10-11T07:21:51.157+0000] {dag.py:3696} INFO - Setting next_dagrun for example_branch_dop_operator_v3 to 2023-10-11T07:20:00+00:00, run_after=2023-10-11T07:21:00+00:00
[2023-10-11T07:21:51.191+0000] {processor.py:179} INFO - Processing /home/airflow/.local/lib/python3.8/site-packages/airflow/example_dags/example_branch_python_dop_operator_3.py took 0.112 seconds
[2023-10-11T07:22:21.484+0000] {processor.py:157} INFO - Started process (PID=10130) to work on /home/airflow/.local/lib/python3.8/site-packages/airflow/example_dags/example_branch_python_dop_operator_3.py
[2023-10-11T07:22:21.486+0000] {processor.py:829} INFO - Processing file /home/airflow/.local/lib/python3.8/site-packages/airflow/example_dags/example_branch_python_dop_operator_3.py for tasks to queue
[2023-10-11T07:22:21.487+0000] {logging_mixin.py:151} INFO - [2023-10-11T07:22:21.486+0000] {dagbag.py:539} INFO - Filling up the DagBag from /home/airflow/.local/lib/python3.8/site-packages/airflow/example_dags/example_branch_python_dop_operator_3.py
[2023-10-11T07:22:21.495+0000] {processor.py:839} INFO - DAG(s) dict_keys(['example_branch_dop_operator_v3']) retrieved from /home/airflow/.local/lib/python3.8/site-packages/airflow/example_dags/example_branch_python_dop_operator_3.py
[2023-10-11T07:22:21.518+0000] {logging_mixin.py:151} INFO - [2023-10-11T07:22:21.517+0000] {dag.py:2915} INFO - Sync 1 DAGs
[2023-10-11T07:22:21.555+0000] {logging_mixin.py:151} INFO - [2023-10-11T07:22:21.555+0000] {dag.py:3696} INFO - Setting next_dagrun for example_branch_dop_operator_v3 to 2023-10-11T07:21:00+00:00, run_after=2023-10-11T07:22:00+00:00
[2023-10-11T07:22:21.584+0000] {processor.py:179} INFO - Processing /home/airflow/.local/lib/python3.8/site-packages/airflow/example_dags/example_branch_python_dop_operator_3.py took 0.103 seconds
[2023-10-11T07:22:51.678+0000] {processor.py:157} INFO - Started process (PID=10373) to work on /home/airflow/.local/lib/python3.8/site-packages/airflow/example_dags/example_branch_python_dop_operator_3.py
[2023-10-11T07:22:51.680+0000] {processor.py:829} INFO - Processing file /home/airflow/.local/lib/python3.8/site-packages/airflow/example_dags/example_branch_python_dop_operator_3.py for tasks to queue
[2023-10-11T07:22:51.681+0000] {logging_mixin.py:151} INFO - [2023-10-11T07:22:51.680+0000] {dagbag.py:539} INFO - Filling up the DagBag from /home/airflow/.local/lib/python3.8/site-packages/airflow/example_dags/example_branch_python_dop_operator_3.py
[2023-10-11T07:22:51.688+0000] {processor.py:839} INFO - DAG(s) dict_keys(['example_branch_dop_operator_v3']) retrieved from /home/airflow/.local/lib/python3.8/site-packages/airflow/example_dags/example_branch_python_dop_operator_3.py
[2023-10-11T07:22:51.707+0000] {logging_mixin.py:151} INFO - [2023-10-11T07:22:51.707+0000] {dag.py:2915} INFO - Sync 1 DAGs
[2023-10-11T07:22:51.727+0000] {logging_mixin.py:151} INFO - [2023-10-11T07:22:51.727+0000] {dag.py:3696} INFO - Setting next_dagrun for example_branch_dop_operator_v3 to 2023-10-11T07:21:00+00:00, run_after=2023-10-11T07:22:00+00:00
[2023-10-11T07:22:51.742+0000] {processor.py:179} INFO - Processing /home/airflow/.local/lib/python3.8/site-packages/airflow/example_dags/example_branch_python_dop_operator_3.py took 0.067 seconds
[2023-10-11T07:23:21.818+0000] {processor.py:157} INFO - Started process (PID=10616) to work on /home/airflow/.local/lib/python3.8/site-packages/airflow/example_dags/example_branch_python_dop_operator_3.py
[2023-10-11T07:23:21.819+0000] {processor.py:829} INFO - Processing file /home/airflow/.local/lib/python3.8/site-packages/airflow/example_dags/example_branch_python_dop_operator_3.py for tasks to queue
[2023-10-11T07:23:21.820+0000] {logging_mixin.py:151} INFO - [2023-10-11T07:23:21.820+0000] {dagbag.py:539} INFO - Filling up the DagBag from /home/airflow/.local/lib/python3.8/site-packages/airflow/example_dags/example_branch_python_dop_operator_3.py
[2023-10-11T07:23:21.827+0000] {processor.py:839} INFO - DAG(s) dict_keys(['example_branch_dop_operator_v3']) retrieved from /home/airflow/.local/lib/python3.8/site-packages/airflow/example_dags/example_branch_python_dop_operator_3.py
[2023-10-11T07:23:21.843+0000] {logging_mixin.py:151} INFO - [2023-10-11T07:23:21.842+0000] {dag.py:2915} INFO - Sync 1 DAGs
[2023-10-11T07:23:21.878+0000] {logging_mixin.py:151} INFO - [2023-10-11T07:23:21.878+0000] {dag.py:3696} INFO - Setting next_dagrun for example_branch_dop_operator_v3 to 2023-10-11T07:22:00+00:00, run_after=2023-10-11T07:23:00+00:00
[2023-10-11T07:23:21.894+0000] {processor.py:179} INFO - Processing /home/airflow/.local/lib/python3.8/site-packages/airflow/example_dags/example_branch_python_dop_operator_3.py took 0.079 seconds
[2023-10-11T07:23:52.014+0000] {processor.py:157} INFO - Started process (PID=10859) to work on /home/airflow/.local/lib/python3.8/site-packages/airflow/example_dags/example_branch_python_dop_operator_3.py
[2023-10-11T07:23:52.015+0000] {processor.py:829} INFO - Processing file /home/airflow/.local/lib/python3.8/site-packages/airflow/example_dags/example_branch_python_dop_operator_3.py for tasks to queue
[2023-10-11T07:23:52.016+0000] {logging_mixin.py:151} INFO - [2023-10-11T07:23:52.016+0000] {dagbag.py:539} INFO - Filling up the DagBag from /home/airflow/.local/lib/python3.8/site-packages/airflow/example_dags/example_branch_python_dop_operator_3.py
[2023-10-11T07:23:52.022+0000] {processor.py:839} INFO - DAG(s) dict_keys(['example_branch_dop_operator_v3']) retrieved from /home/airflow/.local/lib/python3.8/site-packages/airflow/example_dags/example_branch_python_dop_operator_3.py
[2023-10-11T07:23:52.037+0000] {logging_mixin.py:151} INFO - [2023-10-11T07:23:52.037+0000] {dag.py:2915} INFO - Sync 1 DAGs
[2023-10-11T07:23:52.054+0000] {logging_mixin.py:151} INFO - [2023-10-11T07:23:52.054+0000] {dag.py:3696} INFO - Setting next_dagrun for example_branch_dop_operator_v3 to 2023-10-11T07:22:00+00:00, run_after=2023-10-11T07:23:00+00:00
[2023-10-11T07:23:52.080+0000] {processor.py:179} INFO - Processing /home/airflow/.local/lib/python3.8/site-packages/airflow/example_dags/example_branch_python_dop_operator_3.py took 0.069 seconds
[2023-10-11T07:24:22.514+0000] {processor.py:157} INFO - Started process (PID=11102) to work on /home/airflow/.local/lib/python3.8/site-packages/airflow/example_dags/example_branch_python_dop_operator_3.py
[2023-10-11T07:24:22.515+0000] {processor.py:829} INFO - Processing file /home/airflow/.local/lib/python3.8/site-packages/airflow/example_dags/example_branch_python_dop_operator_3.py for tasks to queue
[2023-10-11T07:24:22.516+0000] {logging_mixin.py:151} INFO - [2023-10-11T07:24:22.516+0000] {dagbag.py:539} INFO - Filling up the DagBag from /home/airflow/.local/lib/python3.8/site-packages/airflow/example_dags/example_branch_python_dop_operator_3.py
[2023-10-11T07:24:22.525+0000] {processor.py:839} INFO - DAG(s) dict_keys(['example_branch_dop_operator_v3']) retrieved from /home/airflow/.local/lib/python3.8/site-packages/airflow/example_dags/example_branch_python_dop_operator_3.py
[2023-10-11T07:24:22.541+0000] {logging_mixin.py:151} INFO - [2023-10-11T07:24:22.541+0000] {dag.py:2915} INFO - Sync 1 DAGs
[2023-10-11T07:24:22.567+0000] {logging_mixin.py:151} INFO - [2023-10-11T07:24:22.567+0000] {dag.py:3696} INFO - Setting next_dagrun for example_branch_dop_operator_v3 to 2023-10-11T07:23:00+00:00, run_after=2023-10-11T07:24:00+00:00
[2023-10-11T07:24:22.589+0000] {processor.py:179} INFO - Processing /home/airflow/.local/lib/python3.8/site-packages/airflow/example_dags/example_branch_python_dop_operator_3.py took 0.078 seconds
[2023-10-11T07:24:52.698+0000] {processor.py:157} INFO - Started process (PID=11345) to work on /home/airflow/.local/lib/python3.8/site-packages/airflow/example_dags/example_branch_python_dop_operator_3.py
[2023-10-11T07:24:52.699+0000] {processor.py:829} INFO - Processing file /home/airflow/.local/lib/python3.8/site-packages/airflow/example_dags/example_branch_python_dop_operator_3.py for tasks to queue
[2023-10-11T07:24:52.700+0000] {logging_mixin.py:151} INFO - [2023-10-11T07:24:52.699+0000] {dagbag.py:539} INFO - Filling up the DagBag from /home/airflow/.local/lib/python3.8/site-packages/airflow/example_dags/example_branch_python_dop_operator_3.py
[2023-10-11T07:24:52.710+0000] {processor.py:839} INFO - DAG(s) dict_keys(['example_branch_dop_operator_v3']) retrieved from /home/airflow/.local/lib/python3.8/site-packages/airflow/example_dags/example_branch_python_dop_operator_3.py
[2023-10-11T07:24:52.728+0000] {logging_mixin.py:151} INFO - [2023-10-11T07:24:52.728+0000] {dag.py:2915} INFO - Sync 1 DAGs
[2023-10-11T07:24:52.758+0000] {logging_mixin.py:151} INFO - [2023-10-11T07:24:52.758+0000] {dag.py:3696} INFO - Setting next_dagrun for example_branch_dop_operator_v3 to 2023-10-11T07:23:00+00:00, run_after=2023-10-11T07:24:00+00:00
[2023-10-11T07:24:52.787+0000] {processor.py:179} INFO - Processing /home/airflow/.local/lib/python3.8/site-packages/airflow/example_dags/example_branch_python_dop_operator_3.py took 0.092 seconds
[2023-10-11T07:25:23.610+0000] {processor.py:157} INFO - Started process (PID=11588) to work on /home/airflow/.local/lib/python3.8/site-packages/airflow/example_dags/example_branch_python_dop_operator_3.py
[2023-10-11T07:25:23.613+0000] {processor.py:829} INFO - Processing file /home/airflow/.local/lib/python3.8/site-packages/airflow/example_dags/example_branch_python_dop_operator_3.py for tasks to queue
[2023-10-11T07:25:23.616+0000] {logging_mixin.py:151} INFO - [2023-10-11T07:25:23.615+0000] {dagbag.py:539} INFO - Filling up the DagBag from /home/airflow/.local/lib/python3.8/site-packages/airflow/example_dags/example_branch_python_dop_operator_3.py
[2023-10-11T07:25:23.638+0000] {processor.py:839} INFO - DAG(s) dict_keys(['example_branch_dop_operator_v3']) retrieved from /home/airflow/.local/lib/python3.8/site-packages/airflow/example_dags/example_branch_python_dop_operator_3.py
[2023-10-11T07:25:23.700+0000] {logging_mixin.py:151} INFO - [2023-10-11T07:25:23.699+0000] {dag.py:2915} INFO - Sync 1 DAGs
[2023-10-11T07:25:23.736+0000] {logging_mixin.py:151} INFO - [2023-10-11T07:25:23.736+0000] {dag.py:3696} INFO - Setting next_dagrun for example_branch_dop_operator_v3 to 2023-10-11T07:24:00+00:00, run_after=2023-10-11T07:25:00+00:00
[2023-10-11T07:25:23.782+0000] {processor.py:179} INFO - Processing /home/airflow/.local/lib/python3.8/site-packages/airflow/example_dags/example_branch_python_dop_operator_3.py took 0.180 seconds
[2023-10-11T07:25:53.837+0000] {processor.py:157} INFO - Started process (PID=11831) to work on /home/airflow/.local/lib/python3.8/site-packages/airflow/example_dags/example_branch_python_dop_operator_3.py
[2023-10-11T07:25:53.840+0000] {processor.py:829} INFO - Processing file /home/airflow/.local/lib/python3.8/site-packages/airflow/example_dags/example_branch_python_dop_operator_3.py for tasks to queue
[2023-10-11T07:25:53.841+0000] {logging_mixin.py:151} INFO - [2023-10-11T07:25:53.840+0000] {dagbag.py:539} INFO - Filling up the DagBag from /home/airflow/.local/lib/python3.8/site-packages/airflow/example_dags/example_branch_python_dop_operator_3.py
[2023-10-11T07:25:53.855+0000] {processor.py:839} INFO - DAG(s) dict_keys(['example_branch_dop_operator_v3']) retrieved from /home/airflow/.local/lib/python3.8/site-packages/airflow/example_dags/example_branch_python_dop_operator_3.py
[2023-10-11T07:25:53.889+0000] {logging_mixin.py:151} INFO - [2023-10-11T07:25:53.888+0000] {dag.py:2915} INFO - Sync 1 DAGs
[2023-10-11T07:25:53.914+0000] {logging_mixin.py:151} INFO - [2023-10-11T07:25:53.914+0000] {dag.py:3696} INFO - Setting next_dagrun for example_branch_dop_operator_v3 to 2023-10-11T07:24:00+00:00, run_after=2023-10-11T07:25:00+00:00
[2023-10-11T07:25:53.930+0000] {processor.py:179} INFO - Processing /home/airflow/.local/lib/python3.8/site-packages/airflow/example_dags/example_branch_python_dop_operator_3.py took 0.096 seconds
[2023-10-11T07:26:24.211+0000] {processor.py:157} INFO - Started process (PID=12074) to work on /home/airflow/.local/lib/python3.8/site-packages/airflow/example_dags/example_branch_python_dop_operator_3.py
[2023-10-11T07:26:24.213+0000] {processor.py:829} INFO - Processing file /home/airflow/.local/lib/python3.8/site-packages/airflow/example_dags/example_branch_python_dop_operator_3.py for tasks to queue
[2023-10-11T07:26:24.213+0000] {logging_mixin.py:151} INFO - [2023-10-11T07:26:24.213+0000] {dagbag.py:539} INFO - Filling up the DagBag from /home/airflow/.local/lib/python3.8/site-packages/airflow/example_dags/example_branch_python_dop_operator_3.py
[2023-10-11T07:26:24.222+0000] {processor.py:839} INFO - DAG(s) dict_keys(['example_branch_dop_operator_v3']) retrieved from /home/airflow/.local/lib/python3.8/site-packages/airflow/example_dags/example_branch_python_dop_operator_3.py
[2023-10-11T07:26:24.243+0000] {logging_mixin.py:151} INFO - [2023-10-11T07:26:24.243+0000] {dag.py:2915} INFO - Sync 1 DAGs
[2023-10-11T07:26:24.294+0000] {logging_mixin.py:151} INFO - [2023-10-11T07:26:24.293+0000] {dag.py:3696} INFO - Setting next_dagrun for example_branch_dop_operator_v3 to 2023-10-11T07:25:00+00:00, run_after=2023-10-11T07:26:00+00:00
[2023-10-11T07:26:24.311+0000] {processor.py:179} INFO - Processing /home/airflow/.local/lib/python3.8/site-packages/airflow/example_dags/example_branch_python_dop_operator_3.py took 0.103 seconds
[2023-10-11T07:26:54.537+0000] {processor.py:157} INFO - Started process (PID=12317) to work on /home/airflow/.local/lib/python3.8/site-packages/airflow/example_dags/example_branch_python_dop_operator_3.py
[2023-10-11T07:26:54.538+0000] {processor.py:829} INFO - Processing file /home/airflow/.local/lib/python3.8/site-packages/airflow/example_dags/example_branch_python_dop_operator_3.py for tasks to queue
[2023-10-11T07:26:54.539+0000] {logging_mixin.py:151} INFO - [2023-10-11T07:26:54.539+0000] {dagbag.py:539} INFO - Filling up the DagBag from /home/airflow/.local/lib/python3.8/site-packages/airflow/example_dags/example_branch_python_dop_operator_3.py
[2023-10-11T07:26:54.566+0000] {processor.py:839} INFO - DAG(s) dict_keys(['example_branch_dop_operator_v3']) retrieved from /home/airflow/.local/lib/python3.8/site-packages/airflow/example_dags/example_branch_python_dop_operator_3.py
[2023-10-11T07:26:54.595+0000] {logging_mixin.py:151} INFO - [2023-10-11T07:26:54.595+0000] {dag.py:2915} INFO - Sync 1 DAGs
[2023-10-11T07:26:54.621+0000] {logging_mixin.py:151} INFO - [2023-10-11T07:26:54.621+0000] {dag.py:3696} INFO - Setting next_dagrun for example_branch_dop_operator_v3 to 2023-10-11T07:25:00+00:00, run_after=2023-10-11T07:26:00+00:00
[2023-10-11T07:26:54.640+0000] {processor.py:179} INFO - Processing /home/airflow/.local/lib/python3.8/site-packages/airflow/example_dags/example_branch_python_dop_operator_3.py took 0.107 seconds
[2023-10-11T07:27:25.607+0000] {processor.py:157} INFO - Started process (PID=12560) to work on /home/airflow/.local/lib/python3.8/site-packages/airflow/example_dags/example_branch_python_dop_operator_3.py
[2023-10-11T07:27:25.607+0000] {processor.py:829} INFO - Processing file /home/airflow/.local/lib/python3.8/site-packages/airflow/example_dags/example_branch_python_dop_operator_3.py for tasks to queue
[2023-10-11T07:27:25.608+0000] {logging_mixin.py:151} INFO - [2023-10-11T07:27:25.608+0000] {dagbag.py:539} INFO - Filling up the DagBag from /home/airflow/.local/lib/python3.8/site-packages/airflow/example_dags/example_branch_python_dop_operator_3.py
[2023-10-11T07:27:25.614+0000] {processor.py:839} INFO - DAG(s) dict_keys(['example_branch_dop_operator_v3']) retrieved from /home/airflow/.local/lib/python3.8/site-packages/airflow/example_dags/example_branch_python_dop_operator_3.py
[2023-10-11T07:27:25.628+0000] {logging_mixin.py:151} INFO - [2023-10-11T07:27:25.628+0000] {dag.py:2915} INFO - Sync 1 DAGs
[2023-10-11T07:27:25.643+0000] {logging_mixin.py:151} INFO - [2023-10-11T07:27:25.643+0000] {dag.py:3696} INFO - Setting next_dagrun for example_branch_dop_operator_v3 to 2023-10-11T07:26:00+00:00, run_after=2023-10-11T07:27:00+00:00
[2023-10-11T07:27:25.683+0000] {processor.py:179} INFO - Processing /home/airflow/.local/lib/python3.8/site-packages/airflow/example_dags/example_branch_python_dop_operator_3.py took 0.079 seconds
[2023-10-11T07:27:55.777+0000] {processor.py:157} INFO - Started process (PID=12803) to work on /home/airflow/.local/lib/python3.8/site-packages/airflow/example_dags/example_branch_python_dop_operator_3.py
[2023-10-11T07:27:55.778+0000] {processor.py:829} INFO - Processing file /home/airflow/.local/lib/python3.8/site-packages/airflow/example_dags/example_branch_python_dop_operator_3.py for tasks to queue
[2023-10-11T07:27:55.779+0000] {logging_mixin.py:151} INFO - [2023-10-11T07:27:55.778+0000] {dagbag.py:539} INFO - Filling up the DagBag from /home/airflow/.local/lib/python3.8/site-packages/airflow/example_dags/example_branch_python_dop_operator_3.py
[2023-10-11T07:27:55.784+0000] {processor.py:839} INFO - DAG(s) dict_keys(['example_branch_dop_operator_v3']) retrieved from /home/airflow/.local/lib/python3.8/site-packages/airflow/example_dags/example_branch_python_dop_operator_3.py
[2023-10-11T07:27:55.797+0000] {logging_mixin.py:151} INFO - [2023-10-11T07:27:55.797+0000] {dag.py:2915} INFO - Sync 1 DAGs
[2023-10-11T07:27:55.811+0000] {logging_mixin.py:151} INFO - [2023-10-11T07:27:55.811+0000] {dag.py:3696} INFO - Setting next_dagrun for example_branch_dop_operator_v3 to 2023-10-11T07:26:00+00:00, run_after=2023-10-11T07:27:00+00:00
[2023-10-11T07:27:55.819+0000] {processor.py:179} INFO - Processing /home/airflow/.local/lib/python3.8/site-packages/airflow/example_dags/example_branch_python_dop_operator_3.py took 0.045 seconds
[2023-10-11T07:28:26.104+0000] {processor.py:157} INFO - Started process (PID=13046) to work on /home/airflow/.local/lib/python3.8/site-packages/airflow/example_dags/example_branch_python_dop_operator_3.py
[2023-10-11T07:28:26.105+0000] {processor.py:829} INFO - Processing file /home/airflow/.local/lib/python3.8/site-packages/airflow/example_dags/example_branch_python_dop_operator_3.py for tasks to queue
[2023-10-11T07:28:26.106+0000] {logging_mixin.py:151} INFO - [2023-10-11T07:28:26.106+0000] {dagbag.py:539} INFO - Filling up the DagBag from /home/airflow/.local/lib/python3.8/site-packages/airflow/example_dags/example_branch_python_dop_operator_3.py
[2023-10-11T07:28:26.113+0000] {processor.py:839} INFO - DAG(s) dict_keys(['example_branch_dop_operator_v3']) retrieved from /home/airflow/.local/lib/python3.8/site-packages/airflow/example_dags/example_branch_python_dop_operator_3.py
[2023-10-11T07:28:26.129+0000] {logging_mixin.py:151} INFO - [2023-10-11T07:28:26.129+0000] {dag.py:2915} INFO - Sync 1 DAGs
[2023-10-11T07:28:26.171+0000] {logging_mixin.py:151} INFO - [2023-10-11T07:28:26.171+0000] {dag.py:3696} INFO - Setting next_dagrun for example_branch_dop_operator_v3 to 2023-10-11T07:27:00+00:00, run_after=2023-10-11T07:28:00+00:00
[2023-10-11T07:28:26.191+0000] {processor.py:179} INFO - Processing /home/airflow/.local/lib/python3.8/site-packages/airflow/example_dags/example_branch_python_dop_operator_3.py took 0.090 seconds
