[2023-10-11T07:01:36.823+0000] {processor.py:157} INFO - Started process (PID=320) to work on /home/airflow/.local/lib/python3.8/site-packages/airflow/example_dags/example_task_group.py
[2023-10-11T07:01:36.824+0000] {processor.py:829} INFO - Processing file /home/airflow/.local/lib/python3.8/site-packages/airflow/example_dags/example_task_group.py for tasks to queue
[2023-10-11T07:01:36.825+0000] {logging_mixin.py:151} INFO - [2023-10-11T07:01:36.825+0000] {dagbag.py:539} INFO - Filling up the DagBag from /home/airflow/.local/lib/python3.8/site-packages/airflow/example_dags/example_task_group.py
[2023-10-11T07:01:36.835+0000] {processor.py:839} INFO - DAG(s) dict_keys(['example_task_group']) retrieved from /home/airflow/.local/lib/python3.8/site-packages/airflow/example_dags/example_task_group.py
[2023-10-11T07:01:37.051+0000] {logging_mixin.py:151} INFO - [2023-10-11T07:01:37.051+0000] {manager.py:499} INFO - Created Permission View: %s
[2023-10-11T07:01:37.095+0000] {logging_mixin.py:151} INFO - [2023-10-11T07:01:37.095+0000] {manager.py:499} INFO - Created Permission View: %s
[2023-10-11T07:01:37.101+0000] {logging_mixin.py:151} INFO - [2023-10-11T07:01:37.101+0000] {manager.py:499} INFO - Created Permission View: %s
[2023-10-11T07:01:37.102+0000] {logging_mixin.py:151} INFO - [2023-10-11T07:01:37.101+0000] {security.py:708} INFO - Not syncing DAG-level permissions for DAG 'DAG:example_task_group' as access control is unset.
[2023-10-11T07:01:37.102+0000] {logging_mixin.py:151} INFO - [2023-10-11T07:01:37.102+0000] {dag.py:2915} INFO - Sync 1 DAGs
[2023-10-11T07:01:37.109+0000] {logging_mixin.py:151} INFO - [2023-10-11T07:01:37.109+0000] {dag.py:2937} INFO - Creating ORM DAG for example_task_group
[2023-10-11T07:01:37.117+0000] {logging_mixin.py:151} INFO - [2023-10-11T07:01:37.116+0000] {dag.py:3696} INFO - Setting next_dagrun for example_task_group to 2023-10-10T07:01:37.116554+00:00, run_after=2023-10-11T07:01:37.116554+00:00
[2023-10-11T07:01:37.129+0000] {processor.py:179} INFO - Processing /home/airflow/.local/lib/python3.8/site-packages/airflow/example_dags/example_task_group.py took 0.309 seconds
[2023-10-11T07:02:07.321+0000] {processor.py:157} INFO - Started process (PID=559) to work on /home/airflow/.local/lib/python3.8/site-packages/airflow/example_dags/example_task_group.py
[2023-10-11T07:02:07.322+0000] {processor.py:829} INFO - Processing file /home/airflow/.local/lib/python3.8/site-packages/airflow/example_dags/example_task_group.py for tasks to queue
[2023-10-11T07:02:07.322+0000] {logging_mixin.py:151} INFO - [2023-10-11T07:02:07.322+0000] {dagbag.py:539} INFO - Filling up the DagBag from /home/airflow/.local/lib/python3.8/site-packages/airflow/example_dags/example_task_group.py
[2023-10-11T07:02:07.328+0000] {processor.py:839} INFO - DAG(s) dict_keys(['example_task_group']) retrieved from /home/airflow/.local/lib/python3.8/site-packages/airflow/example_dags/example_task_group.py
[2023-10-11T07:02:07.342+0000] {logging_mixin.py:151} INFO - [2023-10-11T07:02:07.342+0000] {dag.py:2915} INFO - Sync 1 DAGs
[2023-10-11T07:02:07.356+0000] {logging_mixin.py:151} INFO - [2023-10-11T07:02:07.356+0000] {dag.py:3696} INFO - Setting next_dagrun for example_task_group to 2023-10-10T07:02:07.355798+00:00, run_after=2023-10-11T07:02:07.355798+00:00
[2023-10-11T07:02:07.386+0000] {processor.py:179} INFO - Processing /home/airflow/.local/lib/python3.8/site-packages/airflow/example_dags/example_task_group.py took 0.067 seconds
[2023-10-11T07:02:38.120+0000] {processor.py:157} INFO - Started process (PID=796) to work on /home/airflow/.local/lib/python3.8/site-packages/airflow/example_dags/example_task_group.py
[2023-10-11T07:02:38.121+0000] {processor.py:829} INFO - Processing file /home/airflow/.local/lib/python3.8/site-packages/airflow/example_dags/example_task_group.py for tasks to queue
[2023-10-11T07:02:38.122+0000] {logging_mixin.py:151} INFO - [2023-10-11T07:02:38.121+0000] {dagbag.py:539} INFO - Filling up the DagBag from /home/airflow/.local/lib/python3.8/site-packages/airflow/example_dags/example_task_group.py
[2023-10-11T07:02:38.127+0000] {processor.py:839} INFO - DAG(s) dict_keys(['example_task_group']) retrieved from /home/airflow/.local/lib/python3.8/site-packages/airflow/example_dags/example_task_group.py
[2023-10-11T07:02:38.142+0000] {logging_mixin.py:151} INFO - [2023-10-11T07:02:38.142+0000] {dag.py:2915} INFO - Sync 1 DAGs
[2023-10-11T07:02:38.158+0000] {logging_mixin.py:151} INFO - [2023-10-11T07:02:38.158+0000] {dag.py:3696} INFO - Setting next_dagrun for example_task_group to 2023-10-10T07:02:38.158641+00:00, run_after=2023-10-11T07:02:38.158641+00:00
[2023-10-11T07:02:38.175+0000] {processor.py:179} INFO - Processing /home/airflow/.local/lib/python3.8/site-packages/airflow/example_dags/example_task_group.py took 0.058 seconds
[2023-10-11T07:03:09.127+0000] {processor.py:157} INFO - Started process (PID=1034) to work on /home/airflow/.local/lib/python3.8/site-packages/airflow/example_dags/example_task_group.py
[2023-10-11T07:03:09.128+0000] {processor.py:829} INFO - Processing file /home/airflow/.local/lib/python3.8/site-packages/airflow/example_dags/example_task_group.py for tasks to queue
[2023-10-11T07:03:09.129+0000] {logging_mixin.py:151} INFO - [2023-10-11T07:03:09.129+0000] {dagbag.py:539} INFO - Filling up the DagBag from /home/airflow/.local/lib/python3.8/site-packages/airflow/example_dags/example_task_group.py
[2023-10-11T07:03:09.134+0000] {processor.py:839} INFO - DAG(s) dict_keys(['example_task_group']) retrieved from /home/airflow/.local/lib/python3.8/site-packages/airflow/example_dags/example_task_group.py
[2023-10-11T07:03:09.149+0000] {logging_mixin.py:151} INFO - [2023-10-11T07:03:09.149+0000] {dag.py:2915} INFO - Sync 1 DAGs
[2023-10-11T07:03:09.197+0000] {logging_mixin.py:151} INFO - [2023-10-11T07:03:09.197+0000] {dag.py:3696} INFO - Setting next_dagrun for example_task_group to 2023-10-10T07:03:09.197095+00:00, run_after=2023-10-11T07:03:09.197095+00:00
[2023-10-11T07:03:09.396+0000] {processor.py:179} INFO - Processing /home/airflow/.local/lib/python3.8/site-packages/airflow/example_dags/example_task_group.py took 0.271 seconds
[2023-10-11T07:03:39.817+0000] {processor.py:157} INFO - Started process (PID=1272) to work on /home/airflow/.local/lib/python3.8/site-packages/airflow/example_dags/example_task_group.py
[2023-10-11T07:03:39.818+0000] {processor.py:829} INFO - Processing file /home/airflow/.local/lib/python3.8/site-packages/airflow/example_dags/example_task_group.py for tasks to queue
[2023-10-11T07:03:39.819+0000] {logging_mixin.py:151} INFO - [2023-10-11T07:03:39.819+0000] {dagbag.py:539} INFO - Filling up the DagBag from /home/airflow/.local/lib/python3.8/site-packages/airflow/example_dags/example_task_group.py
[2023-10-11T07:03:39.825+0000] {processor.py:839} INFO - DAG(s) dict_keys(['example_task_group']) retrieved from /home/airflow/.local/lib/python3.8/site-packages/airflow/example_dags/example_task_group.py
[2023-10-11T07:03:39.842+0000] {logging_mixin.py:151} INFO - [2023-10-11T07:03:39.842+0000] {dag.py:2915} INFO - Sync 1 DAGs
[2023-10-11T07:03:39.884+0000] {logging_mixin.py:151} INFO - [2023-10-11T07:03:39.883+0000] {dag.py:3696} INFO - Setting next_dagrun for example_task_group to 2023-10-10T07:03:39.883378+00:00, run_after=2023-10-11T07:03:39.883378+00:00
[2023-10-11T07:03:39.901+0000] {processor.py:179} INFO - Processing /home/airflow/.local/lib/python3.8/site-packages/airflow/example_dags/example_task_group.py took 0.088 seconds
[2023-10-11T07:04:10.283+0000] {processor.py:157} INFO - Started process (PID=1510) to work on /home/airflow/.local/lib/python3.8/site-packages/airflow/example_dags/example_task_group.py
[2023-10-11T07:04:10.284+0000] {processor.py:829} INFO - Processing file /home/airflow/.local/lib/python3.8/site-packages/airflow/example_dags/example_task_group.py for tasks to queue
[2023-10-11T07:04:10.285+0000] {logging_mixin.py:151} INFO - [2023-10-11T07:04:10.285+0000] {dagbag.py:539} INFO - Filling up the DagBag from /home/airflow/.local/lib/python3.8/site-packages/airflow/example_dags/example_task_group.py
[2023-10-11T07:04:10.290+0000] {processor.py:839} INFO - DAG(s) dict_keys(['example_task_group']) retrieved from /home/airflow/.local/lib/python3.8/site-packages/airflow/example_dags/example_task_group.py
[2023-10-11T07:04:10.305+0000] {logging_mixin.py:151} INFO - [2023-10-11T07:04:10.305+0000] {dag.py:2915} INFO - Sync 1 DAGs
[2023-10-11T07:04:10.317+0000] {logging_mixin.py:151} INFO - [2023-10-11T07:04:10.317+0000] {dag.py:3696} INFO - Setting next_dagrun for example_task_group to 2023-10-10T07:04:10.317389+00:00, run_after=2023-10-11T07:04:10.317389+00:00
[2023-10-11T07:04:10.333+0000] {processor.py:179} INFO - Processing /home/airflow/.local/lib/python3.8/site-packages/airflow/example_dags/example_task_group.py took 0.052 seconds
[2023-10-11T07:04:41.112+0000] {processor.py:157} INFO - Started process (PID=1748) to work on /home/airflow/.local/lib/python3.8/site-packages/airflow/example_dags/example_task_group.py
[2023-10-11T07:04:41.114+0000] {processor.py:829} INFO - Processing file /home/airflow/.local/lib/python3.8/site-packages/airflow/example_dags/example_task_group.py for tasks to queue
[2023-10-11T07:04:41.115+0000] {logging_mixin.py:151} INFO - [2023-10-11T07:04:41.114+0000] {dagbag.py:539} INFO - Filling up the DagBag from /home/airflow/.local/lib/python3.8/site-packages/airflow/example_dags/example_task_group.py
[2023-10-11T07:04:41.122+0000] {processor.py:839} INFO - DAG(s) dict_keys(['example_task_group']) retrieved from /home/airflow/.local/lib/python3.8/site-packages/airflow/example_dags/example_task_group.py
[2023-10-11T07:04:41.141+0000] {logging_mixin.py:151} INFO - [2023-10-11T07:04:41.141+0000] {dag.py:2915} INFO - Sync 1 DAGs
[2023-10-11T07:04:41.159+0000] {logging_mixin.py:151} INFO - [2023-10-11T07:04:41.159+0000] {dag.py:3696} INFO - Setting next_dagrun for example_task_group to 2023-10-10T07:04:41.158927+00:00, run_after=2023-10-11T07:04:41.158927+00:00
[2023-10-11T07:04:41.188+0000] {processor.py:179} INFO - Processing /home/airflow/.local/lib/python3.8/site-packages/airflow/example_dags/example_task_group.py took 0.078 seconds
[2023-10-11T07:05:11.686+0000] {processor.py:157} INFO - Started process (PID=1986) to work on /home/airflow/.local/lib/python3.8/site-packages/airflow/example_dags/example_task_group.py
[2023-10-11T07:05:11.687+0000] {processor.py:829} INFO - Processing file /home/airflow/.local/lib/python3.8/site-packages/airflow/example_dags/example_task_group.py for tasks to queue
[2023-10-11T07:05:11.688+0000] {logging_mixin.py:151} INFO - [2023-10-11T07:05:11.688+0000] {dagbag.py:539} INFO - Filling up the DagBag from /home/airflow/.local/lib/python3.8/site-packages/airflow/example_dags/example_task_group.py
[2023-10-11T07:05:11.694+0000] {processor.py:839} INFO - DAG(s) dict_keys(['example_task_group']) retrieved from /home/airflow/.local/lib/python3.8/site-packages/airflow/example_dags/example_task_group.py
[2023-10-11T07:05:11.711+0000] {logging_mixin.py:151} INFO - [2023-10-11T07:05:11.711+0000] {dag.py:2915} INFO - Sync 1 DAGs
[2023-10-11T07:05:11.726+0000] {logging_mixin.py:151} INFO - [2023-10-11T07:05:11.726+0000] {dag.py:3696} INFO - Setting next_dagrun for example_task_group to 2023-10-10T07:05:11.726047+00:00, run_after=2023-10-11T07:05:11.726047+00:00
[2023-10-11T07:05:11.743+0000] {processor.py:179} INFO - Processing /home/airflow/.local/lib/python3.8/site-packages/airflow/example_dags/example_task_group.py took 0.059 seconds
[2023-10-11T07:05:42.252+0000] {processor.py:157} INFO - Started process (PID=2224) to work on /home/airflow/.local/lib/python3.8/site-packages/airflow/example_dags/example_task_group.py
[2023-10-11T07:05:42.253+0000] {processor.py:829} INFO - Processing file /home/airflow/.local/lib/python3.8/site-packages/airflow/example_dags/example_task_group.py for tasks to queue
[2023-10-11T07:05:42.254+0000] {logging_mixin.py:151} INFO - [2023-10-11T07:05:42.254+0000] {dagbag.py:539} INFO - Filling up the DagBag from /home/airflow/.local/lib/python3.8/site-packages/airflow/example_dags/example_task_group.py
[2023-10-11T07:05:42.259+0000] {processor.py:839} INFO - DAG(s) dict_keys(['example_task_group']) retrieved from /home/airflow/.local/lib/python3.8/site-packages/airflow/example_dags/example_task_group.py
[2023-10-11T07:05:42.293+0000] {logging_mixin.py:151} INFO - [2023-10-11T07:05:42.293+0000] {dag.py:2915} INFO - Sync 1 DAGs
[2023-10-11T07:05:42.307+0000] {logging_mixin.py:151} INFO - [2023-10-11T07:05:42.307+0000] {dag.py:3696} INFO - Setting next_dagrun for example_task_group to 2023-10-10T07:05:42.307263+00:00, run_after=2023-10-11T07:05:42.307263+00:00
[2023-10-11T07:05:42.329+0000] {processor.py:179} INFO - Processing /home/airflow/.local/lib/python3.8/site-packages/airflow/example_dags/example_task_group.py took 0.080 seconds
[2023-10-11T07:06:12.730+0000] {processor.py:157} INFO - Started process (PID=2462) to work on /home/airflow/.local/lib/python3.8/site-packages/airflow/example_dags/example_task_group.py
[2023-10-11T07:06:12.731+0000] {processor.py:829} INFO - Processing file /home/airflow/.local/lib/python3.8/site-packages/airflow/example_dags/example_task_group.py for tasks to queue
[2023-10-11T07:06:12.732+0000] {logging_mixin.py:151} INFO - [2023-10-11T07:06:12.732+0000] {dagbag.py:539} INFO - Filling up the DagBag from /home/airflow/.local/lib/python3.8/site-packages/airflow/example_dags/example_task_group.py
[2023-10-11T07:06:12.737+0000] {processor.py:839} INFO - DAG(s) dict_keys(['example_task_group']) retrieved from /home/airflow/.local/lib/python3.8/site-packages/airflow/example_dags/example_task_group.py
[2023-10-11T07:06:12.758+0000] {logging_mixin.py:151} INFO - [2023-10-11T07:06:12.758+0000] {dag.py:2915} INFO - Sync 1 DAGs
[2023-10-11T07:06:12.788+0000] {logging_mixin.py:151} INFO - [2023-10-11T07:06:12.788+0000] {dag.py:3696} INFO - Setting next_dagrun for example_task_group to 2023-10-10T07:06:12.788678+00:00, run_after=2023-10-11T07:06:12.788678+00:00
[2023-10-11T07:06:12.799+0000] {processor.py:179} INFO - Processing /home/airflow/.local/lib/python3.8/site-packages/airflow/example_dags/example_task_group.py took 0.071 seconds
[2023-10-11T07:06:43.191+0000] {processor.py:157} INFO - Started process (PID=2705) to work on /home/airflow/.local/lib/python3.8/site-packages/airflow/example_dags/example_task_group.py
[2023-10-11T07:06:43.192+0000] {processor.py:829} INFO - Processing file /home/airflow/.local/lib/python3.8/site-packages/airflow/example_dags/example_task_group.py for tasks to queue
[2023-10-11T07:06:43.193+0000] {logging_mixin.py:151} INFO - [2023-10-11T07:06:43.192+0000] {dagbag.py:539} INFO - Filling up the DagBag from /home/airflow/.local/lib/python3.8/site-packages/airflow/example_dags/example_task_group.py
[2023-10-11T07:06:43.198+0000] {processor.py:839} INFO - DAG(s) dict_keys(['example_task_group']) retrieved from /home/airflow/.local/lib/python3.8/site-packages/airflow/example_dags/example_task_group.py
[2023-10-11T07:06:43.213+0000] {logging_mixin.py:151} INFO - [2023-10-11T07:06:43.213+0000] {dag.py:2915} INFO - Sync 1 DAGs
[2023-10-11T07:06:43.225+0000] {logging_mixin.py:151} INFO - [2023-10-11T07:06:43.225+0000] {dag.py:3696} INFO - Setting next_dagrun for example_task_group to 2023-10-10T07:06:43.225027+00:00, run_after=2023-10-11T07:06:43.225027+00:00
[2023-10-11T07:06:43.236+0000] {processor.py:179} INFO - Processing /home/airflow/.local/lib/python3.8/site-packages/airflow/example_dags/example_task_group.py took 0.047 seconds
[2023-10-11T07:07:14.215+0000] {processor.py:157} INFO - Started process (PID=2947) to work on /home/airflow/.local/lib/python3.8/site-packages/airflow/example_dags/example_task_group.py
[2023-10-11T07:07:14.216+0000] {processor.py:829} INFO - Processing file /home/airflow/.local/lib/python3.8/site-packages/airflow/example_dags/example_task_group.py for tasks to queue
[2023-10-11T07:07:14.217+0000] {logging_mixin.py:151} INFO - [2023-10-11T07:07:14.217+0000] {dagbag.py:539} INFO - Filling up the DagBag from /home/airflow/.local/lib/python3.8/site-packages/airflow/example_dags/example_task_group.py
[2023-10-11T07:07:14.223+0000] {processor.py:839} INFO - DAG(s) dict_keys(['example_task_group']) retrieved from /home/airflow/.local/lib/python3.8/site-packages/airflow/example_dags/example_task_group.py
[2023-10-11T07:07:14.243+0000] {logging_mixin.py:151} INFO - [2023-10-11T07:07:14.242+0000] {dag.py:2915} INFO - Sync 1 DAGs
[2023-10-11T07:07:14.264+0000] {logging_mixin.py:151} INFO - [2023-10-11T07:07:14.264+0000] {dag.py:3696} INFO - Setting next_dagrun for example_task_group to 2023-10-10T07:07:14.264582+00:00, run_after=2023-10-11T07:07:14.264582+00:00
[2023-10-11T07:07:14.294+0000] {processor.py:179} INFO - Processing /home/airflow/.local/lib/python3.8/site-packages/airflow/example_dags/example_task_group.py took 0.083 seconds
[2023-10-11T07:07:45.894+0000] {processor.py:157} INFO - Started process (PID=3195) to work on /home/airflow/.local/lib/python3.8/site-packages/airflow/example_dags/example_task_group.py
[2023-10-11T07:07:45.917+0000] {processor.py:829} INFO - Processing file /home/airflow/.local/lib/python3.8/site-packages/airflow/example_dags/example_task_group.py for tasks to queue
[2023-10-11T07:07:45.921+0000] {logging_mixin.py:151} INFO - [2023-10-11T07:07:45.920+0000] {dagbag.py:539} INFO - Filling up the DagBag from /home/airflow/.local/lib/python3.8/site-packages/airflow/example_dags/example_task_group.py
[2023-10-11T07:07:45.933+0000] {processor.py:839} INFO - DAG(s) dict_keys(['example_task_group']) retrieved from /home/airflow/.local/lib/python3.8/site-packages/airflow/example_dags/example_task_group.py
[2023-10-11T07:07:46.015+0000] {logging_mixin.py:151} INFO - [2023-10-11T07:07:46.015+0000] {dag.py:2915} INFO - Sync 1 DAGs
[2023-10-11T07:07:46.051+0000] {logging_mixin.py:151} INFO - [2023-10-11T07:07:46.051+0000] {dag.py:3696} INFO - Setting next_dagrun for example_task_group to 2023-10-10T07:07:46.051283+00:00, run_after=2023-10-11T07:07:46.051283+00:00
[2023-10-11T07:07:46.132+0000] {processor.py:179} INFO - Processing /home/airflow/.local/lib/python3.8/site-packages/airflow/example_dags/example_task_group.py took 0.265 seconds
[2023-10-11T07:08:16.657+0000] {processor.py:157} INFO - Started process (PID=3464) to work on /home/airflow/.local/lib/python3.8/site-packages/airflow/example_dags/example_task_group.py
[2023-10-11T07:08:16.660+0000] {processor.py:829} INFO - Processing file /home/airflow/.local/lib/python3.8/site-packages/airflow/example_dags/example_task_group.py for tasks to queue
[2023-10-11T07:08:16.662+0000] {logging_mixin.py:151} INFO - [2023-10-11T07:08:16.662+0000] {dagbag.py:539} INFO - Filling up the DagBag from /home/airflow/.local/lib/python3.8/site-packages/airflow/example_dags/example_task_group.py
[2023-10-11T07:08:16.687+0000] {processor.py:839} INFO - DAG(s) dict_keys(['example_task_group']) retrieved from /home/airflow/.local/lib/python3.8/site-packages/airflow/example_dags/example_task_group.py
[2023-10-11T07:08:16.703+0000] {logging_mixin.py:151} INFO - [2023-10-11T07:08:16.703+0000] {dag.py:2915} INFO - Sync 1 DAGs
[2023-10-11T07:08:16.716+0000] {logging_mixin.py:151} INFO - [2023-10-11T07:08:16.716+0000] {dag.py:3696} INFO - Setting next_dagrun for example_task_group to 2023-10-10T07:08:16.715956+00:00, run_after=2023-10-11T07:08:16.715956+00:00
[2023-10-11T07:08:16.726+0000] {processor.py:179} INFO - Processing /home/airflow/.local/lib/python3.8/site-packages/airflow/example_dags/example_task_group.py took 0.072 seconds
[2023-10-11T07:08:47.552+0000] {processor.py:157} INFO - Started process (PID=3707) to work on /home/airflow/.local/lib/python3.8/site-packages/airflow/example_dags/example_task_group.py
[2023-10-11T07:08:47.558+0000] {processor.py:829} INFO - Processing file /home/airflow/.local/lib/python3.8/site-packages/airflow/example_dags/example_task_group.py for tasks to queue
[2023-10-11T07:08:47.562+0000] {logging_mixin.py:151} INFO - [2023-10-11T07:08:47.561+0000] {dagbag.py:539} INFO - Filling up the DagBag from /home/airflow/.local/lib/python3.8/site-packages/airflow/example_dags/example_task_group.py
[2023-10-11T07:08:47.584+0000] {processor.py:839} INFO - DAG(s) dict_keys(['example_task_group']) retrieved from /home/airflow/.local/lib/python3.8/site-packages/airflow/example_dags/example_task_group.py
[2023-10-11T07:08:47.613+0000] {logging_mixin.py:151} INFO - [2023-10-11T07:08:47.613+0000] {dag.py:2915} INFO - Sync 1 DAGs
[2023-10-11T07:08:47.630+0000] {logging_mixin.py:151} INFO - [2023-10-11T07:08:47.630+0000] {dag.py:3696} INFO - Setting next_dagrun for example_task_group to 2023-10-10T07:08:47.629823+00:00, run_after=2023-10-11T07:08:47.629823+00:00
[2023-10-11T07:08:47.642+0000] {processor.py:179} INFO - Processing /home/airflow/.local/lib/python3.8/site-packages/airflow/example_dags/example_task_group.py took 0.093 seconds
[2023-10-11T07:09:18.011+0000] {processor.py:157} INFO - Started process (PID=3950) to work on /home/airflow/.local/lib/python3.8/site-packages/airflow/example_dags/example_task_group.py
[2023-10-11T07:09:18.012+0000] {processor.py:829} INFO - Processing file /home/airflow/.local/lib/python3.8/site-packages/airflow/example_dags/example_task_group.py for tasks to queue
[2023-10-11T07:09:18.014+0000] {logging_mixin.py:151} INFO - [2023-10-11T07:09:18.013+0000] {dagbag.py:539} INFO - Filling up the DagBag from /home/airflow/.local/lib/python3.8/site-packages/airflow/example_dags/example_task_group.py
[2023-10-11T07:09:18.021+0000] {processor.py:839} INFO - DAG(s) dict_keys(['example_task_group']) retrieved from /home/airflow/.local/lib/python3.8/site-packages/airflow/example_dags/example_task_group.py
[2023-10-11T07:09:18.043+0000] {logging_mixin.py:151} INFO - [2023-10-11T07:09:18.043+0000] {dag.py:2915} INFO - Sync 1 DAGs
[2023-10-11T07:09:18.089+0000] {logging_mixin.py:151} INFO - [2023-10-11T07:09:18.089+0000] {dag.py:3696} INFO - Setting next_dagrun for example_task_group to 2023-10-10T07:09:18.088958+00:00, run_after=2023-10-11T07:09:18.088958+00:00
[2023-10-11T07:09:18.109+0000] {processor.py:179} INFO - Processing /home/airflow/.local/lib/python3.8/site-packages/airflow/example_dags/example_task_group.py took 0.102 seconds
[2023-10-11T07:09:48.446+0000] {processor.py:157} INFO - Started process (PID=4193) to work on /home/airflow/.local/lib/python3.8/site-packages/airflow/example_dags/example_task_group.py
[2023-10-11T07:09:48.447+0000] {processor.py:829} INFO - Processing file /home/airflow/.local/lib/python3.8/site-packages/airflow/example_dags/example_task_group.py for tasks to queue
[2023-10-11T07:09:48.448+0000] {logging_mixin.py:151} INFO - [2023-10-11T07:09:48.448+0000] {dagbag.py:539} INFO - Filling up the DagBag from /home/airflow/.local/lib/python3.8/site-packages/airflow/example_dags/example_task_group.py
[2023-10-11T07:09:48.464+0000] {processor.py:839} INFO - DAG(s) dict_keys(['example_task_group']) retrieved from /home/airflow/.local/lib/python3.8/site-packages/airflow/example_dags/example_task_group.py
[2023-10-11T07:09:48.515+0000] {logging_mixin.py:151} INFO - [2023-10-11T07:09:48.515+0000] {dag.py:2915} INFO - Sync 1 DAGs
[2023-10-11T07:09:48.531+0000] {logging_mixin.py:151} INFO - [2023-10-11T07:09:48.531+0000] {dag.py:3696} INFO - Setting next_dagrun for example_task_group to 2023-10-10T07:09:48.530899+00:00, run_after=2023-10-11T07:09:48.530899+00:00
[2023-10-11T07:09:48.542+0000] {processor.py:179} INFO - Processing /home/airflow/.local/lib/python3.8/site-packages/airflow/example_dags/example_task_group.py took 0.100 seconds
[2023-10-11T07:10:19.234+0000] {processor.py:157} INFO - Started process (PID=4436) to work on /home/airflow/.local/lib/python3.8/site-packages/airflow/example_dags/example_task_group.py
[2023-10-11T07:10:19.235+0000] {processor.py:829} INFO - Processing file /home/airflow/.local/lib/python3.8/site-packages/airflow/example_dags/example_task_group.py for tasks to queue
[2023-10-11T07:10:19.235+0000] {logging_mixin.py:151} INFO - [2023-10-11T07:10:19.235+0000] {dagbag.py:539} INFO - Filling up the DagBag from /home/airflow/.local/lib/python3.8/site-packages/airflow/example_dags/example_task_group.py
[2023-10-11T07:10:19.243+0000] {processor.py:839} INFO - DAG(s) dict_keys(['example_task_group']) retrieved from /home/airflow/.local/lib/python3.8/site-packages/airflow/example_dags/example_task_group.py
[2023-10-11T07:10:19.282+0000] {logging_mixin.py:151} INFO - [2023-10-11T07:10:19.281+0000] {dag.py:2915} INFO - Sync 1 DAGs
[2023-10-11T07:10:19.301+0000] {logging_mixin.py:151} INFO - [2023-10-11T07:10:19.301+0000] {dag.py:3696} INFO - Setting next_dagrun for example_task_group to 2023-10-10T07:10:19.301199+00:00, run_after=2023-10-11T07:10:19.301199+00:00
[2023-10-11T07:10:19.313+0000] {processor.py:179} INFO - Processing /home/airflow/.local/lib/python3.8/site-packages/airflow/example_dags/example_task_group.py took 0.083 seconds
[2023-10-11T07:10:49.708+0000] {processor.py:157} INFO - Started process (PID=4679) to work on /home/airflow/.local/lib/python3.8/site-packages/airflow/example_dags/example_task_group.py
[2023-10-11T07:10:49.709+0000] {processor.py:829} INFO - Processing file /home/airflow/.local/lib/python3.8/site-packages/airflow/example_dags/example_task_group.py for tasks to queue
[2023-10-11T07:10:49.710+0000] {logging_mixin.py:151} INFO - [2023-10-11T07:10:49.710+0000] {dagbag.py:539} INFO - Filling up the DagBag from /home/airflow/.local/lib/python3.8/site-packages/airflow/example_dags/example_task_group.py
[2023-10-11T07:10:49.717+0000] {processor.py:839} INFO - DAG(s) dict_keys(['example_task_group']) retrieved from /home/airflow/.local/lib/python3.8/site-packages/airflow/example_dags/example_task_group.py
[2023-10-11T07:10:49.740+0000] {logging_mixin.py:151} INFO - [2023-10-11T07:10:49.740+0000] {dag.py:2915} INFO - Sync 1 DAGs
[2023-10-11T07:10:49.783+0000] {logging_mixin.py:151} INFO - [2023-10-11T07:10:49.783+0000] {dag.py:3696} INFO - Setting next_dagrun for example_task_group to 2023-10-10T07:10:49.782790+00:00, run_after=2023-10-11T07:10:49.782790+00:00
[2023-10-11T07:10:49.796+0000] {processor.py:179} INFO - Processing /home/airflow/.local/lib/python3.8/site-packages/airflow/example_dags/example_task_group.py took 0.094 seconds
[2023-10-11T07:11:19.887+0000] {processor.py:157} INFO - Started process (PID=4917) to work on /home/airflow/.local/lib/python3.8/site-packages/airflow/example_dags/example_task_group.py
[2023-10-11T07:11:19.888+0000] {processor.py:829} INFO - Processing file /home/airflow/.local/lib/python3.8/site-packages/airflow/example_dags/example_task_group.py for tasks to queue
[2023-10-11T07:11:19.889+0000] {logging_mixin.py:151} INFO - [2023-10-11T07:11:19.889+0000] {dagbag.py:539} INFO - Filling up the DagBag from /home/airflow/.local/lib/python3.8/site-packages/airflow/example_dags/example_task_group.py
[2023-10-11T07:11:19.899+0000] {processor.py:839} INFO - DAG(s) dict_keys(['example_task_group']) retrieved from /home/airflow/.local/lib/python3.8/site-packages/airflow/example_dags/example_task_group.py
[2023-10-11T07:11:19.934+0000] {logging_mixin.py:151} INFO - [2023-10-11T07:11:19.934+0000] {dag.py:2915} INFO - Sync 1 DAGs
[2023-10-11T07:11:19.957+0000] {logging_mixin.py:151} INFO - [2023-10-11T07:11:19.956+0000] {dag.py:3696} INFO - Setting next_dagrun for example_task_group to 2023-10-10T07:11:19.955824+00:00, run_after=2023-10-11T07:11:19.955824+00:00
[2023-10-11T07:11:19.984+0000] {processor.py:179} INFO - Processing /home/airflow/.local/lib/python3.8/site-packages/airflow/example_dags/example_task_group.py took 0.101 seconds
[2023-10-11T07:11:50.949+0000] {processor.py:157} INFO - Started process (PID=5165) to work on /home/airflow/.local/lib/python3.8/site-packages/airflow/example_dags/example_task_group.py
[2023-10-11T07:11:50.960+0000] {processor.py:829} INFO - Processing file /home/airflow/.local/lib/python3.8/site-packages/airflow/example_dags/example_task_group.py for tasks to queue
[2023-10-11T07:11:50.962+0000] {logging_mixin.py:151} INFO - [2023-10-11T07:11:50.962+0000] {dagbag.py:539} INFO - Filling up the DagBag from /home/airflow/.local/lib/python3.8/site-packages/airflow/example_dags/example_task_group.py
[2023-10-11T07:11:50.967+0000] {processor.py:839} INFO - DAG(s) dict_keys(['example_task_group']) retrieved from /home/airflow/.local/lib/python3.8/site-packages/airflow/example_dags/example_task_group.py
[2023-10-11T07:11:50.993+0000] {logging_mixin.py:151} INFO - [2023-10-11T07:11:50.993+0000] {dag.py:2915} INFO - Sync 1 DAGs
[2023-10-11T07:11:51.009+0000] {logging_mixin.py:151} INFO - [2023-10-11T07:11:51.008+0000] {dag.py:3696} INFO - Setting next_dagrun for example_task_group to 2023-10-10T07:11:51.008675+00:00, run_after=2023-10-11T07:11:51.008675+00:00
[2023-10-11T07:11:51.021+0000] {processor.py:179} INFO - Processing /home/airflow/.local/lib/python3.8/site-packages/airflow/example_dags/example_task_group.py took 0.075 seconds
[2023-10-11T07:12:21.544+0000] {processor.py:157} INFO - Started process (PID=5408) to work on /home/airflow/.local/lib/python3.8/site-packages/airflow/example_dags/example_task_group.py
[2023-10-11T07:12:21.545+0000] {processor.py:829} INFO - Processing file /home/airflow/.local/lib/python3.8/site-packages/airflow/example_dags/example_task_group.py for tasks to queue
[2023-10-11T07:12:21.545+0000] {logging_mixin.py:151} INFO - [2023-10-11T07:12:21.545+0000] {dagbag.py:539} INFO - Filling up the DagBag from /home/airflow/.local/lib/python3.8/site-packages/airflow/example_dags/example_task_group.py
[2023-10-11T07:12:21.551+0000] {processor.py:839} INFO - DAG(s) dict_keys(['example_task_group']) retrieved from /home/airflow/.local/lib/python3.8/site-packages/airflow/example_dags/example_task_group.py
[2023-10-11T07:12:21.576+0000] {logging_mixin.py:151} INFO - [2023-10-11T07:12:21.576+0000] {dag.py:2915} INFO - Sync 1 DAGs
[2023-10-11T07:12:21.592+0000] {logging_mixin.py:151} INFO - [2023-10-11T07:12:21.592+0000] {dag.py:3696} INFO - Setting next_dagrun for example_task_group to 2023-10-10T07:12:21.592499+00:00, run_after=2023-10-11T07:12:21.592499+00:00
[2023-10-11T07:12:21.987+0000] {processor.py:179} INFO - Processing /home/airflow/.local/lib/python3.8/site-packages/airflow/example_dags/example_task_group.py took 0.446 seconds
[2023-10-11T07:12:52.912+0000] {processor.py:157} INFO - Started process (PID=5651) to work on /home/airflow/.local/lib/python3.8/site-packages/airflow/example_dags/example_task_group.py
[2023-10-11T07:12:52.913+0000] {processor.py:829} INFO - Processing file /home/airflow/.local/lib/python3.8/site-packages/airflow/example_dags/example_task_group.py for tasks to queue
[2023-10-11T07:12:52.913+0000] {logging_mixin.py:151} INFO - [2023-10-11T07:12:52.913+0000] {dagbag.py:539} INFO - Filling up the DagBag from /home/airflow/.local/lib/python3.8/site-packages/airflow/example_dags/example_task_group.py
[2023-10-11T07:12:52.919+0000] {processor.py:839} INFO - DAG(s) dict_keys(['example_task_group']) retrieved from /home/airflow/.local/lib/python3.8/site-packages/airflow/example_dags/example_task_group.py
[2023-10-11T07:12:52.935+0000] {logging_mixin.py:151} INFO - [2023-10-11T07:12:52.935+0000] {dag.py:2915} INFO - Sync 1 DAGs
[2023-10-11T07:12:52.952+0000] {logging_mixin.py:151} INFO - [2023-10-11T07:12:52.952+0000] {dag.py:3696} INFO - Setting next_dagrun for example_task_group to 2023-10-10T07:12:52.952051+00:00, run_after=2023-10-11T07:12:52.952051+00:00
[2023-10-11T07:12:52.989+0000] {processor.py:179} INFO - Processing /home/airflow/.local/lib/python3.8/site-packages/airflow/example_dags/example_task_group.py took 0.080 seconds
[2023-10-11T07:13:23.493+0000] {processor.py:157} INFO - Started process (PID=5894) to work on /home/airflow/.local/lib/python3.8/site-packages/airflow/example_dags/example_task_group.py
[2023-10-11T07:13:23.494+0000] {processor.py:829} INFO - Processing file /home/airflow/.local/lib/python3.8/site-packages/airflow/example_dags/example_task_group.py for tasks to queue
[2023-10-11T07:13:23.495+0000] {logging_mixin.py:151} INFO - [2023-10-11T07:13:23.494+0000] {dagbag.py:539} INFO - Filling up the DagBag from /home/airflow/.local/lib/python3.8/site-packages/airflow/example_dags/example_task_group.py
[2023-10-11T07:13:23.501+0000] {processor.py:839} INFO - DAG(s) dict_keys(['example_task_group']) retrieved from /home/airflow/.local/lib/python3.8/site-packages/airflow/example_dags/example_task_group.py
[2023-10-11T07:13:23.519+0000] {logging_mixin.py:151} INFO - [2023-10-11T07:13:23.519+0000] {dag.py:2915} INFO - Sync 1 DAGs
[2023-10-11T07:13:23.534+0000] {logging_mixin.py:151} INFO - [2023-10-11T07:13:23.534+0000] {dag.py:3696} INFO - Setting next_dagrun for example_task_group to 2023-10-10T07:13:23.534030+00:00, run_after=2023-10-11T07:13:23.534030+00:00
[2023-10-11T07:13:23.545+0000] {processor.py:179} INFO - Processing /home/airflow/.local/lib/python3.8/site-packages/airflow/example_dags/example_task_group.py took 0.057 seconds
[2023-10-11T07:13:53.982+0000] {processor.py:157} INFO - Started process (PID=6137) to work on /home/airflow/.local/lib/python3.8/site-packages/airflow/example_dags/example_task_group.py
[2023-10-11T07:13:53.983+0000] {processor.py:829} INFO - Processing file /home/airflow/.local/lib/python3.8/site-packages/airflow/example_dags/example_task_group.py for tasks to queue
[2023-10-11T07:13:53.983+0000] {logging_mixin.py:151} INFO - [2023-10-11T07:13:53.983+0000] {dagbag.py:539} INFO - Filling up the DagBag from /home/airflow/.local/lib/python3.8/site-packages/airflow/example_dags/example_task_group.py
[2023-10-11T07:13:53.990+0000] {processor.py:839} INFO - DAG(s) dict_keys(['example_task_group']) retrieved from /home/airflow/.local/lib/python3.8/site-packages/airflow/example_dags/example_task_group.py
[2023-10-11T07:13:54.010+0000] {logging_mixin.py:151} INFO - [2023-10-11T07:13:54.010+0000] {dag.py:2915} INFO - Sync 1 DAGs
[2023-10-11T07:13:54.025+0000] {logging_mixin.py:151} INFO - [2023-10-11T07:13:54.025+0000] {dag.py:3696} INFO - Setting next_dagrun for example_task_group to 2023-10-10T07:13:54.025442+00:00, run_after=2023-10-11T07:13:54.025442+00:00
[2023-10-11T07:13:54.042+0000] {processor.py:179} INFO - Processing /home/airflow/.local/lib/python3.8/site-packages/airflow/example_dags/example_task_group.py took 0.063 seconds
[2023-10-11T07:14:24.533+0000] {processor.py:157} INFO - Started process (PID=6380) to work on /home/airflow/.local/lib/python3.8/site-packages/airflow/example_dags/example_task_group.py
[2023-10-11T07:14:24.534+0000] {processor.py:829} INFO - Processing file /home/airflow/.local/lib/python3.8/site-packages/airflow/example_dags/example_task_group.py for tasks to queue
[2023-10-11T07:14:24.535+0000] {logging_mixin.py:151} INFO - [2023-10-11T07:14:24.535+0000] {dagbag.py:539} INFO - Filling up the DagBag from /home/airflow/.local/lib/python3.8/site-packages/airflow/example_dags/example_task_group.py
[2023-10-11T07:14:24.542+0000] {processor.py:839} INFO - DAG(s) dict_keys(['example_task_group']) retrieved from /home/airflow/.local/lib/python3.8/site-packages/airflow/example_dags/example_task_group.py
[2023-10-11T07:14:24.593+0000] {logging_mixin.py:151} INFO - [2023-10-11T07:14:24.593+0000] {dag.py:2915} INFO - Sync 1 DAGs
[2023-10-11T07:14:24.615+0000] {logging_mixin.py:151} INFO - [2023-10-11T07:14:24.615+0000] {dag.py:3696} INFO - Setting next_dagrun for example_task_group to 2023-10-10T07:14:24.614974+00:00, run_after=2023-10-11T07:14:24.614974+00:00
[2023-10-11T07:14:24.630+0000] {processor.py:179} INFO - Processing /home/airflow/.local/lib/python3.8/site-packages/airflow/example_dags/example_task_group.py took 0.100 seconds
[2023-10-11T07:14:54.887+0000] {processor.py:157} INFO - Started process (PID=6623) to work on /home/airflow/.local/lib/python3.8/site-packages/airflow/example_dags/example_task_group.py
[2023-10-11T07:14:54.888+0000] {processor.py:829} INFO - Processing file /home/airflow/.local/lib/python3.8/site-packages/airflow/example_dags/example_task_group.py for tasks to queue
[2023-10-11T07:14:54.889+0000] {logging_mixin.py:151} INFO - [2023-10-11T07:14:54.889+0000] {dagbag.py:539} INFO - Filling up the DagBag from /home/airflow/.local/lib/python3.8/site-packages/airflow/example_dags/example_task_group.py
[2023-10-11T07:14:54.897+0000] {processor.py:839} INFO - DAG(s) dict_keys(['example_task_group']) retrieved from /home/airflow/.local/lib/python3.8/site-packages/airflow/example_dags/example_task_group.py
[2023-10-11T07:14:54.915+0000] {logging_mixin.py:151} INFO - [2023-10-11T07:14:54.915+0000] {dag.py:2915} INFO - Sync 1 DAGs
[2023-10-11T07:14:54.930+0000] {logging_mixin.py:151} INFO - [2023-10-11T07:14:54.930+0000] {dag.py:3696} INFO - Setting next_dagrun for example_task_group to 2023-10-10T07:14:54.930503+00:00, run_after=2023-10-11T07:14:54.930503+00:00
[2023-10-11T07:14:54.941+0000] {processor.py:179} INFO - Processing /home/airflow/.local/lib/python3.8/site-packages/airflow/example_dags/example_task_group.py took 0.057 seconds
[2023-10-11T07:15:25.329+0000] {processor.py:157} INFO - Started process (PID=6866) to work on /home/airflow/.local/lib/python3.8/site-packages/airflow/example_dags/example_task_group.py
[2023-10-11T07:15:25.330+0000] {processor.py:829} INFO - Processing file /home/airflow/.local/lib/python3.8/site-packages/airflow/example_dags/example_task_group.py for tasks to queue
[2023-10-11T07:15:25.331+0000] {logging_mixin.py:151} INFO - [2023-10-11T07:15:25.331+0000] {dagbag.py:539} INFO - Filling up the DagBag from /home/airflow/.local/lib/python3.8/site-packages/airflow/example_dags/example_task_group.py
[2023-10-11T07:15:25.337+0000] {processor.py:839} INFO - DAG(s) dict_keys(['example_task_group']) retrieved from /home/airflow/.local/lib/python3.8/site-packages/airflow/example_dags/example_task_group.py
[2023-10-11T07:15:25.377+0000] {logging_mixin.py:151} INFO - [2023-10-11T07:15:25.376+0000] {dag.py:2915} INFO - Sync 1 DAGs
[2023-10-11T07:15:25.410+0000] {logging_mixin.py:151} INFO - [2023-10-11T07:15:25.410+0000] {dag.py:3696} INFO - Setting next_dagrun for example_task_group to 2023-10-10T07:15:25.409603+00:00, run_after=2023-10-11T07:15:25.409603+00:00
[2023-10-11T07:15:25.424+0000] {processor.py:179} INFO - Processing /home/airflow/.local/lib/python3.8/site-packages/airflow/example_dags/example_task_group.py took 0.098 seconds
[2023-10-11T07:15:56.124+0000] {processor.py:157} INFO - Started process (PID=7109) to work on /home/airflow/.local/lib/python3.8/site-packages/airflow/example_dags/example_task_group.py
[2023-10-11T07:15:56.125+0000] {processor.py:829} INFO - Processing file /home/airflow/.local/lib/python3.8/site-packages/airflow/example_dags/example_task_group.py for tasks to queue
[2023-10-11T07:15:56.125+0000] {logging_mixin.py:151} INFO - [2023-10-11T07:15:56.125+0000] {dagbag.py:539} INFO - Filling up the DagBag from /home/airflow/.local/lib/python3.8/site-packages/airflow/example_dags/example_task_group.py
[2023-10-11T07:15:56.131+0000] {processor.py:839} INFO - DAG(s) dict_keys(['example_task_group']) retrieved from /home/airflow/.local/lib/python3.8/site-packages/airflow/example_dags/example_task_group.py
[2023-10-11T07:15:56.150+0000] {logging_mixin.py:151} INFO - [2023-10-11T07:15:56.150+0000] {dag.py:2915} INFO - Sync 1 DAGs
[2023-10-11T07:15:56.180+0000] {logging_mixin.py:151} INFO - [2023-10-11T07:15:56.180+0000] {dag.py:3696} INFO - Setting next_dagrun for example_task_group to 2023-10-10T07:15:56.180490+00:00, run_after=2023-10-11T07:15:56.180490+00:00
[2023-10-11T07:15:56.192+0000] {processor.py:179} INFO - Processing /home/airflow/.local/lib/python3.8/site-packages/airflow/example_dags/example_task_group.py took 0.071 seconds
[2023-10-11T07:16:26.378+0000] {processor.py:157} INFO - Started process (PID=7349) to work on /home/airflow/.local/lib/python3.8/site-packages/airflow/example_dags/example_task_group.py
[2023-10-11T07:16:26.380+0000] {processor.py:829} INFO - Processing file /home/airflow/.local/lib/python3.8/site-packages/airflow/example_dags/example_task_group.py for tasks to queue
[2023-10-11T07:16:26.382+0000] {logging_mixin.py:151} INFO - [2023-10-11T07:16:26.381+0000] {dagbag.py:539} INFO - Filling up the DagBag from /home/airflow/.local/lib/python3.8/site-packages/airflow/example_dags/example_task_group.py
[2023-10-11T07:16:26.397+0000] {processor.py:839} INFO - DAG(s) dict_keys(['example_task_group']) retrieved from /home/airflow/.local/lib/python3.8/site-packages/airflow/example_dags/example_task_group.py
[2023-10-11T07:16:26.475+0000] {logging_mixin.py:151} INFO - [2023-10-11T07:16:26.475+0000] {dag.py:2915} INFO - Sync 1 DAGs
[2023-10-11T07:16:26.533+0000] {logging_mixin.py:151} INFO - [2023-10-11T07:16:26.533+0000] {dag.py:3696} INFO - Setting next_dagrun for example_task_group to 2023-10-10T07:16:26.533201+00:00, run_after=2023-10-11T07:16:26.533201+00:00
[2023-10-11T07:16:26.595+0000] {processor.py:179} INFO - Processing /home/airflow/.local/lib/python3.8/site-packages/airflow/example_dags/example_task_group.py took 0.240 seconds
[2023-10-11T07:16:57.288+0000] {processor.py:157} INFO - Started process (PID=7592) to work on /home/airflow/.local/lib/python3.8/site-packages/airflow/example_dags/example_task_group.py
[2023-10-11T07:16:57.290+0000] {processor.py:829} INFO - Processing file /home/airflow/.local/lib/python3.8/site-packages/airflow/example_dags/example_task_group.py for tasks to queue
[2023-10-11T07:16:57.291+0000] {logging_mixin.py:151} INFO - [2023-10-11T07:16:57.291+0000] {dagbag.py:539} INFO - Filling up the DagBag from /home/airflow/.local/lib/python3.8/site-packages/airflow/example_dags/example_task_group.py
[2023-10-11T07:16:57.303+0000] {processor.py:839} INFO - DAG(s) dict_keys(['example_task_group']) retrieved from /home/airflow/.local/lib/python3.8/site-packages/airflow/example_dags/example_task_group.py
[2023-10-11T07:16:57.334+0000] {logging_mixin.py:151} INFO - [2023-10-11T07:16:57.334+0000] {dag.py:2915} INFO - Sync 1 DAGs
[2023-10-11T07:16:57.365+0000] {logging_mixin.py:151} INFO - [2023-10-11T07:16:57.364+0000] {dag.py:3696} INFO - Setting next_dagrun for example_task_group to 2023-10-10T07:16:57.364418+00:00, run_after=2023-10-11T07:16:57.364418+00:00
[2023-10-11T07:16:57.394+0000] {processor.py:179} INFO - Processing /home/airflow/.local/lib/python3.8/site-packages/airflow/example_dags/example_task_group.py took 0.112 seconds
[2023-10-11T07:17:28.479+0000] {processor.py:157} INFO - Started process (PID=7833) to work on /home/airflow/.local/lib/python3.8/site-packages/airflow/example_dags/example_task_group.py
[2023-10-11T07:17:28.487+0000] {processor.py:829} INFO - Processing file /home/airflow/.local/lib/python3.8/site-packages/airflow/example_dags/example_task_group.py for tasks to queue
[2023-10-11T07:17:28.491+0000] {logging_mixin.py:151} INFO - [2023-10-11T07:17:28.489+0000] {dagbag.py:539} INFO - Filling up the DagBag from /home/airflow/.local/lib/python3.8/site-packages/airflow/example_dags/example_task_group.py
[2023-10-11T07:17:28.518+0000] {processor.py:839} INFO - DAG(s) dict_keys(['example_task_group']) retrieved from /home/airflow/.local/lib/python3.8/site-packages/airflow/example_dags/example_task_group.py
[2023-10-11T07:17:28.610+0000] {logging_mixin.py:151} INFO - [2023-10-11T07:17:28.610+0000] {dag.py:2915} INFO - Sync 1 DAGs
[2023-10-11T07:17:28.669+0000] {logging_mixin.py:151} INFO - [2023-10-11T07:17:28.668+0000] {dag.py:3696} INFO - Setting next_dagrun for example_task_group to 2023-10-10T07:17:28.664902+00:00, run_after=2023-10-11T07:17:28.664902+00:00
[2023-10-11T07:17:28.714+0000] {processor.py:179} INFO - Processing /home/airflow/.local/lib/python3.8/site-packages/airflow/example_dags/example_task_group.py took 0.282 seconds
[2023-10-11T07:17:59.511+0000] {processor.py:157} INFO - Started process (PID=8076) to work on /home/airflow/.local/lib/python3.8/site-packages/airflow/example_dags/example_task_group.py
[2023-10-11T07:17:59.513+0000] {processor.py:829} INFO - Processing file /home/airflow/.local/lib/python3.8/site-packages/airflow/example_dags/example_task_group.py for tasks to queue
[2023-10-11T07:17:59.514+0000] {logging_mixin.py:151} INFO - [2023-10-11T07:17:59.514+0000] {dagbag.py:539} INFO - Filling up the DagBag from /home/airflow/.local/lib/python3.8/site-packages/airflow/example_dags/example_task_group.py
[2023-10-11T07:17:59.534+0000] {processor.py:839} INFO - DAG(s) dict_keys(['example_task_group']) retrieved from /home/airflow/.local/lib/python3.8/site-packages/airflow/example_dags/example_task_group.py
[2023-10-11T07:17:59.590+0000] {logging_mixin.py:151} INFO - [2023-10-11T07:17:59.590+0000] {dag.py:2915} INFO - Sync 1 DAGs
[2023-10-11T07:17:59.623+0000] {logging_mixin.py:151} INFO - [2023-10-11T07:17:59.623+0000] {dag.py:3696} INFO - Setting next_dagrun for example_task_group to 2023-10-10T07:17:59.622877+00:00, run_after=2023-10-11T07:17:59.622877+00:00
[2023-10-11T07:17:59.651+0000] {processor.py:179} INFO - Processing /home/airflow/.local/lib/python3.8/site-packages/airflow/example_dags/example_task_group.py took 0.146 seconds
[2023-10-11T07:18:30.321+0000] {processor.py:157} INFO - Started process (PID=8319) to work on /home/airflow/.local/lib/python3.8/site-packages/airflow/example_dags/example_task_group.py
[2023-10-11T07:18:30.323+0000] {processor.py:829} INFO - Processing file /home/airflow/.local/lib/python3.8/site-packages/airflow/example_dags/example_task_group.py for tasks to queue
[2023-10-11T07:18:30.325+0000] {logging_mixin.py:151} INFO - [2023-10-11T07:18:30.324+0000] {dagbag.py:539} INFO - Filling up the DagBag from /home/airflow/.local/lib/python3.8/site-packages/airflow/example_dags/example_task_group.py
[2023-10-11T07:18:30.340+0000] {processor.py:839} INFO - DAG(s) dict_keys(['example_task_group']) retrieved from /home/airflow/.local/lib/python3.8/site-packages/airflow/example_dags/example_task_group.py
[2023-10-11T07:18:30.389+0000] {logging_mixin.py:151} INFO - [2023-10-11T07:18:30.388+0000] {dag.py:2915} INFO - Sync 1 DAGs
[2023-10-11T07:18:30.416+0000] {logging_mixin.py:151} INFO - [2023-10-11T07:18:30.416+0000] {dag.py:3696} INFO - Setting next_dagrun for example_task_group to 2023-10-10T07:18:30.415819+00:00, run_after=2023-10-11T07:18:30.415819+00:00
[2023-10-11T07:18:30.433+0000] {processor.py:179} INFO - Processing /home/airflow/.local/lib/python3.8/site-packages/airflow/example_dags/example_task_group.py took 0.118 seconds
[2023-10-11T07:19:01.205+0000] {processor.py:157} INFO - Started process (PID=8562) to work on /home/airflow/.local/lib/python3.8/site-packages/airflow/example_dags/example_task_group.py
[2023-10-11T07:19:01.208+0000] {processor.py:829} INFO - Processing file /home/airflow/.local/lib/python3.8/site-packages/airflow/example_dags/example_task_group.py for tasks to queue
[2023-10-11T07:19:01.210+0000] {logging_mixin.py:151} INFO - [2023-10-11T07:19:01.209+0000] {dagbag.py:539} INFO - Filling up the DagBag from /home/airflow/.local/lib/python3.8/site-packages/airflow/example_dags/example_task_group.py
[2023-10-11T07:19:01.227+0000] {processor.py:839} INFO - DAG(s) dict_keys(['example_task_group']) retrieved from /home/airflow/.local/lib/python3.8/site-packages/airflow/example_dags/example_task_group.py
[2023-10-11T07:19:01.281+0000] {logging_mixin.py:151} INFO - [2023-10-11T07:19:01.281+0000] {dag.py:2915} INFO - Sync 1 DAGs
[2023-10-11T07:19:01.329+0000] {logging_mixin.py:151} INFO - [2023-10-11T07:19:01.329+0000] {dag.py:3696} INFO - Setting next_dagrun for example_task_group to 2023-10-10T07:19:01.329090+00:00, run_after=2023-10-11T07:19:01.329090+00:00
[2023-10-11T07:19:01.384+0000] {processor.py:179} INFO - Processing /home/airflow/.local/lib/python3.8/site-packages/airflow/example_dags/example_task_group.py took 0.186 seconds
[2023-10-11T07:19:32.190+0000] {processor.py:157} INFO - Started process (PID=8805) to work on /home/airflow/.local/lib/python3.8/site-packages/airflow/example_dags/example_task_group.py
[2023-10-11T07:19:32.192+0000] {processor.py:829} INFO - Processing file /home/airflow/.local/lib/python3.8/site-packages/airflow/example_dags/example_task_group.py for tasks to queue
[2023-10-11T07:19:32.193+0000] {logging_mixin.py:151} INFO - [2023-10-11T07:19:32.192+0000] {dagbag.py:539} INFO - Filling up the DagBag from /home/airflow/.local/lib/python3.8/site-packages/airflow/example_dags/example_task_group.py
[2023-10-11T07:19:32.202+0000] {processor.py:839} INFO - DAG(s) dict_keys(['example_task_group']) retrieved from /home/airflow/.local/lib/python3.8/site-packages/airflow/example_dags/example_task_group.py
[2023-10-11T07:19:32.226+0000] {logging_mixin.py:151} INFO - [2023-10-11T07:19:32.226+0000] {dag.py:2915} INFO - Sync 1 DAGs
[2023-10-11T07:19:32.256+0000] {logging_mixin.py:151} INFO - [2023-10-11T07:19:32.255+0000] {dag.py:3696} INFO - Setting next_dagrun for example_task_group to 2023-10-10T07:19:32.255160+00:00, run_after=2023-10-11T07:19:32.255160+00:00
[2023-10-11T07:19:32.296+0000] {processor.py:179} INFO - Processing /home/airflow/.local/lib/python3.8/site-packages/airflow/example_dags/example_task_group.py took 0.109 seconds
[2023-10-11T07:20:02.477+0000] {processor.py:157} INFO - Started process (PID=9048) to work on /home/airflow/.local/lib/python3.8/site-packages/airflow/example_dags/example_task_group.py
[2023-10-11T07:20:02.480+0000] {processor.py:829} INFO - Processing file /home/airflow/.local/lib/python3.8/site-packages/airflow/example_dags/example_task_group.py for tasks to queue
[2023-10-11T07:20:02.481+0000] {logging_mixin.py:151} INFO - [2023-10-11T07:20:02.481+0000] {dagbag.py:539} INFO - Filling up the DagBag from /home/airflow/.local/lib/python3.8/site-packages/airflow/example_dags/example_task_group.py
[2023-10-11T07:20:02.493+0000] {processor.py:839} INFO - DAG(s) dict_keys(['example_task_group']) retrieved from /home/airflow/.local/lib/python3.8/site-packages/airflow/example_dags/example_task_group.py
[2023-10-11T07:20:02.524+0000] {logging_mixin.py:151} INFO - [2023-10-11T07:20:02.524+0000] {dag.py:2915} INFO - Sync 1 DAGs
[2023-10-11T07:20:02.564+0000] {logging_mixin.py:151} INFO - [2023-10-11T07:20:02.564+0000] {dag.py:3696} INFO - Setting next_dagrun for example_task_group to 2023-10-10T07:20:02.563607+00:00, run_after=2023-10-11T07:20:02.563607+00:00
[2023-10-11T07:20:02.612+0000] {processor.py:179} INFO - Processing /home/airflow/.local/lib/python3.8/site-packages/airflow/example_dags/example_task_group.py took 0.140 seconds
[2023-10-11T07:20:32.675+0000] {processor.py:157} INFO - Started process (PID=9286) to work on /home/airflow/.local/lib/python3.8/site-packages/airflow/example_dags/example_task_group.py
[2023-10-11T07:20:32.679+0000] {processor.py:829} INFO - Processing file /home/airflow/.local/lib/python3.8/site-packages/airflow/example_dags/example_task_group.py for tasks to queue
[2023-10-11T07:20:32.682+0000] {logging_mixin.py:151} INFO - [2023-10-11T07:20:32.681+0000] {dagbag.py:539} INFO - Filling up the DagBag from /home/airflow/.local/lib/python3.8/site-packages/airflow/example_dags/example_task_group.py
[2023-10-11T07:20:32.706+0000] {processor.py:839} INFO - DAG(s) dict_keys(['example_task_group']) retrieved from /home/airflow/.local/lib/python3.8/site-packages/airflow/example_dags/example_task_group.py
[2023-10-11T07:20:32.762+0000] {logging_mixin.py:151} INFO - [2023-10-11T07:20:32.762+0000] {dag.py:2915} INFO - Sync 1 DAGs
[2023-10-11T07:20:32.803+0000] {logging_mixin.py:151} INFO - [2023-10-11T07:20:32.803+0000] {dag.py:3696} INFO - Setting next_dagrun for example_task_group to 2023-10-10T07:20:32.802891+00:00, run_after=2023-10-11T07:20:32.802891+00:00
[2023-10-11T07:20:32.833+0000] {processor.py:179} INFO - Processing /home/airflow/.local/lib/python3.8/site-packages/airflow/example_dags/example_task_group.py took 0.169 seconds
[2023-10-11T07:21:04.207+0000] {processor.py:157} INFO - Started process (PID=9534) to work on /home/airflow/.local/lib/python3.8/site-packages/airflow/example_dags/example_task_group.py
[2023-10-11T07:21:04.212+0000] {processor.py:829} INFO - Processing file /home/airflow/.local/lib/python3.8/site-packages/airflow/example_dags/example_task_group.py for tasks to queue
[2023-10-11T07:21:04.216+0000] {logging_mixin.py:151} INFO - [2023-10-11T07:21:04.215+0000] {dagbag.py:539} INFO - Filling up the DagBag from /home/airflow/.local/lib/python3.8/site-packages/airflow/example_dags/example_task_group.py
[2023-10-11T07:21:04.233+0000] {processor.py:839} INFO - DAG(s) dict_keys(['example_task_group']) retrieved from /home/airflow/.local/lib/python3.8/site-packages/airflow/example_dags/example_task_group.py
[2023-10-11T07:21:04.318+0000] {logging_mixin.py:151} INFO - [2023-10-11T07:21:04.317+0000] {dag.py:2915} INFO - Sync 1 DAGs
[2023-10-11T07:21:04.374+0000] {logging_mixin.py:151} INFO - [2023-10-11T07:21:04.374+0000] {dag.py:3696} INFO - Setting next_dagrun for example_task_group to 2023-10-10T07:21:04.373352+00:00, run_after=2023-10-11T07:21:04.373352+00:00
[2023-10-11T07:21:04.410+0000] {processor.py:179} INFO - Processing /home/airflow/.local/lib/python3.8/site-packages/airflow/example_dags/example_task_group.py took 0.212 seconds
[2023-10-11T07:21:35.183+0000] {processor.py:157} INFO - Started process (PID=9777) to work on /home/airflow/.local/lib/python3.8/site-packages/airflow/example_dags/example_task_group.py
[2023-10-11T07:21:35.184+0000] {processor.py:829} INFO - Processing file /home/airflow/.local/lib/python3.8/site-packages/airflow/example_dags/example_task_group.py for tasks to queue
[2023-10-11T07:21:35.184+0000] {logging_mixin.py:151} INFO - [2023-10-11T07:21:35.184+0000] {dagbag.py:539} INFO - Filling up the DagBag from /home/airflow/.local/lib/python3.8/site-packages/airflow/example_dags/example_task_group.py
[2023-10-11T07:21:35.191+0000] {processor.py:839} INFO - DAG(s) dict_keys(['example_task_group']) retrieved from /home/airflow/.local/lib/python3.8/site-packages/airflow/example_dags/example_task_group.py
[2023-10-11T07:21:35.211+0000] {logging_mixin.py:151} INFO - [2023-10-11T07:21:35.211+0000] {dag.py:2915} INFO - Sync 1 DAGs
[2023-10-11T07:21:35.241+0000] {logging_mixin.py:151} INFO - [2023-10-11T07:21:35.240+0000] {dag.py:3696} INFO - Setting next_dagrun for example_task_group to 2023-10-10T07:21:35.240460+00:00, run_after=2023-10-11T07:21:35.240460+00:00
[2023-10-11T07:21:35.265+0000] {processor.py:179} INFO - Processing /home/airflow/.local/lib/python3.8/site-packages/airflow/example_dags/example_task_group.py took 0.085 seconds
[2023-10-11T07:22:05.477+0000] {processor.py:157} INFO - Started process (PID=10020) to work on /home/airflow/.local/lib/python3.8/site-packages/airflow/example_dags/example_task_group.py
[2023-10-11T07:22:05.479+0000] {processor.py:829} INFO - Processing file /home/airflow/.local/lib/python3.8/site-packages/airflow/example_dags/example_task_group.py for tasks to queue
[2023-10-11T07:22:05.480+0000] {logging_mixin.py:151} INFO - [2023-10-11T07:22:05.480+0000] {dagbag.py:539} INFO - Filling up the DagBag from /home/airflow/.local/lib/python3.8/site-packages/airflow/example_dags/example_task_group.py
[2023-10-11T07:22:05.491+0000] {processor.py:839} INFO - DAG(s) dict_keys(['example_task_group']) retrieved from /home/airflow/.local/lib/python3.8/site-packages/airflow/example_dags/example_task_group.py
[2023-10-11T07:22:05.536+0000] {logging_mixin.py:151} INFO - [2023-10-11T07:22:05.536+0000] {dag.py:2915} INFO - Sync 1 DAGs
[2023-10-11T07:22:05.570+0000] {logging_mixin.py:151} INFO - [2023-10-11T07:22:05.569+0000] {dag.py:3696} INFO - Setting next_dagrun for example_task_group to 2023-10-10T07:22:05.569416+00:00, run_after=2023-10-11T07:22:05.569416+00:00
[2023-10-11T07:22:05.620+0000] {processor.py:179} INFO - Processing /home/airflow/.local/lib/python3.8/site-packages/airflow/example_dags/example_task_group.py took 0.148 seconds
[2023-10-11T07:22:35.726+0000] {processor.py:157} INFO - Started process (PID=10260) to work on /home/airflow/.local/lib/python3.8/site-packages/airflow/example_dags/example_task_group.py
[2023-10-11T07:22:35.727+0000] {processor.py:829} INFO - Processing file /home/airflow/.local/lib/python3.8/site-packages/airflow/example_dags/example_task_group.py for tasks to queue
[2023-10-11T07:22:35.728+0000] {logging_mixin.py:151} INFO - [2023-10-11T07:22:35.728+0000] {dagbag.py:539} INFO - Filling up the DagBag from /home/airflow/.local/lib/python3.8/site-packages/airflow/example_dags/example_task_group.py
[2023-10-11T07:22:35.734+0000] {processor.py:839} INFO - DAG(s) dict_keys(['example_task_group']) retrieved from /home/airflow/.local/lib/python3.8/site-packages/airflow/example_dags/example_task_group.py
[2023-10-11T07:22:35.763+0000] {logging_mixin.py:151} INFO - [2023-10-11T07:22:35.763+0000] {dag.py:2915} INFO - Sync 1 DAGs
[2023-10-11T07:22:35.778+0000] {logging_mixin.py:151} INFO - [2023-10-11T07:22:35.778+0000] {dag.py:3696} INFO - Setting next_dagrun for example_task_group to 2023-10-10T07:22:35.777783+00:00, run_after=2023-10-11T07:22:35.777783+00:00
[2023-10-11T07:22:35.787+0000] {processor.py:179} INFO - Processing /home/airflow/.local/lib/python3.8/site-packages/airflow/example_dags/example_task_group.py took 0.064 seconds
[2023-10-11T07:23:06.013+0000] {processor.py:157} INFO - Started process (PID=10501) to work on /home/airflow/.local/lib/python3.8/site-packages/airflow/example_dags/example_task_group.py
[2023-10-11T07:23:06.014+0000] {processor.py:829} INFO - Processing file /home/airflow/.local/lib/python3.8/site-packages/airflow/example_dags/example_task_group.py for tasks to queue
[2023-10-11T07:23:06.015+0000] {logging_mixin.py:151} INFO - [2023-10-11T07:23:06.015+0000] {dagbag.py:539} INFO - Filling up the DagBag from /home/airflow/.local/lib/python3.8/site-packages/airflow/example_dags/example_task_group.py
[2023-10-11T07:23:06.022+0000] {processor.py:839} INFO - DAG(s) dict_keys(['example_task_group']) retrieved from /home/airflow/.local/lib/python3.8/site-packages/airflow/example_dags/example_task_group.py
[2023-10-11T07:23:06.043+0000] {logging_mixin.py:151} INFO - [2023-10-11T07:23:06.043+0000] {dag.py:2915} INFO - Sync 1 DAGs
[2023-10-11T07:23:06.080+0000] {logging_mixin.py:151} INFO - [2023-10-11T07:23:06.080+0000] {dag.py:3696} INFO - Setting next_dagrun for example_task_group to 2023-10-10T07:23:06.079980+00:00, run_after=2023-10-11T07:23:06.079980+00:00
[2023-10-11T07:23:06.095+0000] {processor.py:179} INFO - Processing /home/airflow/.local/lib/python3.8/site-packages/airflow/example_dags/example_task_group.py took 0.086 seconds
[2023-10-11T07:23:36.211+0000] {processor.py:157} INFO - Started process (PID=10744) to work on /home/airflow/.local/lib/python3.8/site-packages/airflow/example_dags/example_task_group.py
[2023-10-11T07:23:36.212+0000] {processor.py:829} INFO - Processing file /home/airflow/.local/lib/python3.8/site-packages/airflow/example_dags/example_task_group.py for tasks to queue
[2023-10-11T07:23:36.213+0000] {logging_mixin.py:151} INFO - [2023-10-11T07:23:36.212+0000] {dagbag.py:539} INFO - Filling up the DagBag from /home/airflow/.local/lib/python3.8/site-packages/airflow/example_dags/example_task_group.py
[2023-10-11T07:23:36.223+0000] {processor.py:839} INFO - DAG(s) dict_keys(['example_task_group']) retrieved from /home/airflow/.local/lib/python3.8/site-packages/airflow/example_dags/example_task_group.py
[2023-10-11T07:23:36.256+0000] {logging_mixin.py:151} INFO - [2023-10-11T07:23:36.248+0000] {dag.py:2915} INFO - Sync 1 DAGs
[2023-10-11T07:23:36.293+0000] {logging_mixin.py:151} INFO - [2023-10-11T07:23:36.292+0000] {dag.py:3696} INFO - Setting next_dagrun for example_task_group to 2023-10-10T07:23:36.292658+00:00, run_after=2023-10-11T07:23:36.292658+00:00
[2023-10-11T07:23:36.308+0000] {processor.py:179} INFO - Processing /home/airflow/.local/lib/python3.8/site-packages/airflow/example_dags/example_task_group.py took 0.100 seconds
[2023-10-11T07:24:06.386+0000] {processor.py:157} INFO - Started process (PID=10987) to work on /home/airflow/.local/lib/python3.8/site-packages/airflow/example_dags/example_task_group.py
[2023-10-11T07:24:06.387+0000] {processor.py:829} INFO - Processing file /home/airflow/.local/lib/python3.8/site-packages/airflow/example_dags/example_task_group.py for tasks to queue
[2023-10-11T07:24:06.387+0000] {logging_mixin.py:151} INFO - [2023-10-11T07:24:06.387+0000] {dagbag.py:539} INFO - Filling up the DagBag from /home/airflow/.local/lib/python3.8/site-packages/airflow/example_dags/example_task_group.py
[2023-10-11T07:24:06.394+0000] {processor.py:839} INFO - DAG(s) dict_keys(['example_task_group']) retrieved from /home/airflow/.local/lib/python3.8/site-packages/airflow/example_dags/example_task_group.py
[2023-10-11T07:24:06.410+0000] {logging_mixin.py:151} INFO - [2023-10-11T07:24:06.410+0000] {dag.py:2915} INFO - Sync 1 DAGs
[2023-10-11T07:24:06.424+0000] {logging_mixin.py:151} INFO - [2023-10-11T07:24:06.424+0000] {dag.py:3696} INFO - Setting next_dagrun for example_task_group to 2023-10-10T07:24:06.424125+00:00, run_after=2023-10-11T07:24:06.424125+00:00
[2023-10-11T07:24:06.434+0000] {processor.py:179} INFO - Processing /home/airflow/.local/lib/python3.8/site-packages/airflow/example_dags/example_task_group.py took 0.051 seconds
[2023-10-11T07:24:37.097+0000] {processor.py:157} INFO - Started process (PID=11230) to work on /home/airflow/.local/lib/python3.8/site-packages/airflow/example_dags/example_task_group.py
[2023-10-11T07:24:37.098+0000] {processor.py:829} INFO - Processing file /home/airflow/.local/lib/python3.8/site-packages/airflow/example_dags/example_task_group.py for tasks to queue
[2023-10-11T07:24:37.099+0000] {logging_mixin.py:151} INFO - [2023-10-11T07:24:37.099+0000] {dagbag.py:539} INFO - Filling up the DagBag from /home/airflow/.local/lib/python3.8/site-packages/airflow/example_dags/example_task_group.py
[2023-10-11T07:24:37.110+0000] {processor.py:839} INFO - DAG(s) dict_keys(['example_task_group']) retrieved from /home/airflow/.local/lib/python3.8/site-packages/airflow/example_dags/example_task_group.py
[2023-10-11T07:24:37.134+0000] {logging_mixin.py:151} INFO - [2023-10-11T07:24:37.134+0000] {dag.py:2915} INFO - Sync 1 DAGs
[2023-10-11T07:24:37.170+0000] {logging_mixin.py:151} INFO - [2023-10-11T07:24:37.170+0000] {dag.py:3696} INFO - Setting next_dagrun for example_task_group to 2023-10-10T07:24:37.169441+00:00, run_after=2023-10-11T07:24:37.169441+00:00
[2023-10-11T07:24:37.188+0000] {processor.py:179} INFO - Processing /home/airflow/.local/lib/python3.8/site-packages/airflow/example_dags/example_task_group.py took 0.094 seconds
[2023-10-11T07:25:08.056+0000] {processor.py:157} INFO - Started process (PID=11480) to work on /home/airflow/.local/lib/python3.8/site-packages/airflow/example_dags/example_task_group.py
[2023-10-11T07:25:08.067+0000] {processor.py:829} INFO - Processing file /home/airflow/.local/lib/python3.8/site-packages/airflow/example_dags/example_task_group.py for tasks to queue
[2023-10-11T07:25:08.069+0000] {logging_mixin.py:151} INFO - [2023-10-11T07:25:08.069+0000] {dagbag.py:539} INFO - Filling up the DagBag from /home/airflow/.local/lib/python3.8/site-packages/airflow/example_dags/example_task_group.py
[2023-10-11T07:25:08.083+0000] {processor.py:839} INFO - DAG(s) dict_keys(['example_task_group']) retrieved from /home/airflow/.local/lib/python3.8/site-packages/airflow/example_dags/example_task_group.py
[2023-10-11T07:25:08.142+0000] {logging_mixin.py:151} INFO - [2023-10-11T07:25:08.142+0000] {dag.py:2915} INFO - Sync 1 DAGs
[2023-10-11T07:25:08.187+0000] {logging_mixin.py:151} INFO - [2023-10-11T07:25:08.186+0000] {dag.py:3696} INFO - Setting next_dagrun for example_task_group to 2023-10-10T07:25:08.185787+00:00, run_after=2023-10-11T07:25:08.185787+00:00
[2023-10-11T07:25:08.221+0000] {processor.py:179} INFO - Processing /home/airflow/.local/lib/python3.8/site-packages/airflow/example_dags/example_task_group.py took 0.178 seconds
[2023-10-11T07:25:38.560+0000] {processor.py:157} INFO - Started process (PID=11723) to work on /home/airflow/.local/lib/python3.8/site-packages/airflow/example_dags/example_task_group.py
[2023-10-11T07:25:38.566+0000] {processor.py:829} INFO - Processing file /home/airflow/.local/lib/python3.8/site-packages/airflow/example_dags/example_task_group.py for tasks to queue
[2023-10-11T07:25:38.577+0000] {logging_mixin.py:151} INFO - [2023-10-11T07:25:38.575+0000] {dagbag.py:539} INFO - Filling up the DagBag from /home/airflow/.local/lib/python3.8/site-packages/airflow/example_dags/example_task_group.py
[2023-10-11T07:25:38.606+0000] {processor.py:839} INFO - DAG(s) dict_keys(['example_task_group']) retrieved from /home/airflow/.local/lib/python3.8/site-packages/airflow/example_dags/example_task_group.py
[2023-10-11T07:25:38.681+0000] {logging_mixin.py:151} INFO - [2023-10-11T07:25:38.681+0000] {dag.py:2915} INFO - Sync 1 DAGs
[2023-10-11T07:25:38.710+0000] {logging_mixin.py:151} INFO - [2023-10-11T07:25:38.710+0000] {dag.py:3696} INFO - Setting next_dagrun for example_task_group to 2023-10-10T07:25:38.709558+00:00, run_after=2023-10-11T07:25:38.709558+00:00
[2023-10-11T07:25:38.730+0000] {processor.py:179} INFO - Processing /home/airflow/.local/lib/python3.8/site-packages/airflow/example_dags/example_task_group.py took 0.179 seconds
[2023-10-11T07:26:09.683+0000] {processor.py:157} INFO - Started process (PID=11965) to work on /home/airflow/.local/lib/python3.8/site-packages/airflow/example_dags/example_task_group.py
[2023-10-11T07:26:09.684+0000] {processor.py:829} INFO - Processing file /home/airflow/.local/lib/python3.8/site-packages/airflow/example_dags/example_task_group.py for tasks to queue
[2023-10-11T07:26:09.685+0000] {logging_mixin.py:151} INFO - [2023-10-11T07:26:09.684+0000] {dagbag.py:539} INFO - Filling up the DagBag from /home/airflow/.local/lib/python3.8/site-packages/airflow/example_dags/example_task_group.py
[2023-10-11T07:26:09.691+0000] {processor.py:839} INFO - DAG(s) dict_keys(['example_task_group']) retrieved from /home/airflow/.local/lib/python3.8/site-packages/airflow/example_dags/example_task_group.py
[2023-10-11T07:26:09.709+0000] {logging_mixin.py:151} INFO - [2023-10-11T07:26:09.709+0000] {dag.py:2915} INFO - Sync 1 DAGs
[2023-10-11T07:26:09.723+0000] {logging_mixin.py:151} INFO - [2023-10-11T07:26:09.723+0000] {dag.py:3696} INFO - Setting next_dagrun for example_task_group to 2023-10-10T07:26:09.723602+00:00, run_after=2023-10-11T07:26:09.723602+00:00
[2023-10-11T07:26:09.735+0000] {processor.py:179} INFO - Processing /home/airflow/.local/lib/python3.8/site-packages/airflow/example_dags/example_task_group.py took 0.055 seconds
[2023-10-11T07:26:40.543+0000] {processor.py:157} INFO - Started process (PID=12209) to work on /home/airflow/.local/lib/python3.8/site-packages/airflow/example_dags/example_task_group.py
[2023-10-11T07:26:40.551+0000] {processor.py:829} INFO - Processing file /home/airflow/.local/lib/python3.8/site-packages/airflow/example_dags/example_task_group.py for tasks to queue
[2023-10-11T07:26:40.557+0000] {logging_mixin.py:151} INFO - [2023-10-11T07:26:40.556+0000] {dagbag.py:539} INFO - Filling up the DagBag from /home/airflow/.local/lib/python3.8/site-packages/airflow/example_dags/example_task_group.py
[2023-10-11T07:26:40.572+0000] {processor.py:839} INFO - DAG(s) dict_keys(['example_task_group']) retrieved from /home/airflow/.local/lib/python3.8/site-packages/airflow/example_dags/example_task_group.py
[2023-10-11T07:26:40.591+0000] {logging_mixin.py:151} INFO - [2023-10-11T07:26:40.591+0000] {dag.py:2915} INFO - Sync 1 DAGs
[2023-10-11T07:26:40.604+0000] {logging_mixin.py:151} INFO - [2023-10-11T07:26:40.604+0000] {dag.py:3696} INFO - Setting next_dagrun for example_task_group to 2023-10-10T07:26:40.604205+00:00, run_after=2023-10-11T07:26:40.604205+00:00
[2023-10-11T07:26:40.615+0000] {processor.py:179} INFO - Processing /home/airflow/.local/lib/python3.8/site-packages/airflow/example_dags/example_task_group.py took 0.074 seconds
[2023-10-11T07:27:11.149+0000] {processor.py:157} INFO - Started process (PID=12452) to work on /home/airflow/.local/lib/python3.8/site-packages/airflow/example_dags/example_task_group.py
[2023-10-11T07:27:11.153+0000] {processor.py:829} INFO - Processing file /home/airflow/.local/lib/python3.8/site-packages/airflow/example_dags/example_task_group.py for tasks to queue
[2023-10-11T07:27:11.156+0000] {logging_mixin.py:151} INFO - [2023-10-11T07:27:11.156+0000] {dagbag.py:539} INFO - Filling up the DagBag from /home/airflow/.local/lib/python3.8/site-packages/airflow/example_dags/example_task_group.py
[2023-10-11T07:27:11.163+0000] {processor.py:839} INFO - DAG(s) dict_keys(['example_task_group']) retrieved from /home/airflow/.local/lib/python3.8/site-packages/airflow/example_dags/example_task_group.py
[2023-10-11T07:27:11.185+0000] {logging_mixin.py:151} INFO - [2023-10-11T07:27:11.185+0000] {dag.py:2915} INFO - Sync 1 DAGs
[2023-10-11T07:27:11.198+0000] {logging_mixin.py:151} INFO - [2023-10-11T07:27:11.198+0000] {dag.py:3696} INFO - Setting next_dagrun for example_task_group to 2023-10-10T07:27:11.198153+00:00, run_after=2023-10-11T07:27:11.198153+00:00
[2023-10-11T07:27:11.207+0000] {processor.py:179} INFO - Processing /home/airflow/.local/lib/python3.8/site-packages/airflow/example_dags/example_task_group.py took 0.067 seconds
[2023-10-11T07:27:41.604+0000] {processor.py:157} INFO - Started process (PID=12695) to work on /home/airflow/.local/lib/python3.8/site-packages/airflow/example_dags/example_task_group.py
[2023-10-11T07:27:41.605+0000] {processor.py:829} INFO - Processing file /home/airflow/.local/lib/python3.8/site-packages/airflow/example_dags/example_task_group.py for tasks to queue
[2023-10-11T07:27:41.606+0000] {logging_mixin.py:151} INFO - [2023-10-11T07:27:41.605+0000] {dagbag.py:539} INFO - Filling up the DagBag from /home/airflow/.local/lib/python3.8/site-packages/airflow/example_dags/example_task_group.py
[2023-10-11T07:27:41.618+0000] {processor.py:839} INFO - DAG(s) dict_keys(['example_task_group']) retrieved from /home/airflow/.local/lib/python3.8/site-packages/airflow/example_dags/example_task_group.py
[2023-10-11T07:27:41.648+0000] {logging_mixin.py:151} INFO - [2023-10-11T07:27:41.648+0000] {dag.py:2915} INFO - Sync 1 DAGs
[2023-10-11T07:27:41.683+0000] {logging_mixin.py:151} INFO - [2023-10-11T07:27:41.683+0000] {dag.py:3696} INFO - Setting next_dagrun for example_task_group to 2023-10-10T07:27:41.683406+00:00, run_after=2023-10-11T07:27:41.683406+00:00
[2023-10-11T07:27:41.699+0000] {processor.py:179} INFO - Processing /home/airflow/.local/lib/python3.8/site-packages/airflow/example_dags/example_task_group.py took 0.100 seconds
[2023-10-11T07:28:11.744+0000] {processor.py:157} INFO - Started process (PID=12935) to work on /home/airflow/.local/lib/python3.8/site-packages/airflow/example_dags/example_task_group.py
[2023-10-11T07:28:11.752+0000] {processor.py:829} INFO - Processing file /home/airflow/.local/lib/python3.8/site-packages/airflow/example_dags/example_task_group.py for tasks to queue
[2023-10-11T07:28:11.756+0000] {logging_mixin.py:151} INFO - [2023-10-11T07:28:11.756+0000] {dagbag.py:539} INFO - Filling up the DagBag from /home/airflow/.local/lib/python3.8/site-packages/airflow/example_dags/example_task_group.py
[2023-10-11T07:28:11.766+0000] {processor.py:839} INFO - DAG(s) dict_keys(['example_task_group']) retrieved from /home/airflow/.local/lib/python3.8/site-packages/airflow/example_dags/example_task_group.py
[2023-10-11T07:28:11.785+0000] {logging_mixin.py:151} INFO - [2023-10-11T07:28:11.784+0000] {dag.py:2915} INFO - Sync 1 DAGs
[2023-10-11T07:28:11.797+0000] {logging_mixin.py:151} INFO - [2023-10-11T07:28:11.797+0000] {dag.py:3696} INFO - Setting next_dagrun for example_task_group to 2023-10-10T07:28:11.796886+00:00, run_after=2023-10-11T07:28:11.796886+00:00
[2023-10-11T07:28:11.806+0000] {processor.py:179} INFO - Processing /home/airflow/.local/lib/python3.8/site-packages/airflow/example_dags/example_task_group.py took 0.065 seconds
