[2023-10-11T07:01:36.018+0000] {processor.py:157} INFO - Started process (PID=310) to work on /home/airflow/.local/lib/python3.8/site-packages/airflow/example_dags/example_local_kubernetes_executor.py
[2023-10-11T07:01:36.021+0000] {processor.py:829} INFO - Processing file /home/airflow/.local/lib/python3.8/site-packages/airflow/example_dags/example_local_kubernetes_executor.py for tasks to queue
[2023-10-11T07:01:36.023+0000] {logging_mixin.py:151} INFO - [2023-10-11T07:01:36.022+0000] {dagbag.py:539} INFO - Filling up the DagBag from /home/airflow/.local/lib/python3.8/site-packages/airflow/example_dags/example_local_kubernetes_executor.py
[2023-10-11T07:01:36.656+0000] {processor.py:839} INFO - DAG(s) dict_keys(['example_local_kubernetes_executor']) retrieved from /home/airflow/.local/lib/python3.8/site-packages/airflow/example_dags/example_local_kubernetes_executor.py
[2023-10-11T07:01:36.767+0000] {logging_mixin.py:151} INFO - [2023-10-11T07:01:36.764+0000] {manager.py:499} INFO - Created Permission View: %s
[2023-10-11T07:01:36.795+0000] {logging_mixin.py:151} INFO - [2023-10-11T07:01:36.795+0000] {manager.py:499} INFO - Created Permission View: %s
[2023-10-11T07:01:36.801+0000] {logging_mixin.py:151} INFO - [2023-10-11T07:01:36.801+0000] {manager.py:499} INFO - Created Permission View: %s
[2023-10-11T07:01:36.801+0000] {logging_mixin.py:151} INFO - [2023-10-11T07:01:36.801+0000] {security.py:708} INFO - Not syncing DAG-level permissions for DAG 'DAG:example_local_kubernetes_executor' as access control is unset.
[2023-10-11T07:01:36.802+0000] {logging_mixin.py:151} INFO - [2023-10-11T07:01:36.802+0000] {dag.py:2915} INFO - Sync 1 DAGs
[2023-10-11T07:01:36.810+0000] {logging_mixin.py:151} INFO - [2023-10-11T07:01:36.810+0000] {dag.py:2937} INFO - Creating ORM DAG for example_local_kubernetes_executor
[2023-10-11T07:01:36.810+0000] {logging_mixin.py:151} INFO - [2023-10-11T07:01:36.810+0000] {dag.py:3696} INFO - Setting next_dagrun for example_local_kubernetes_executor to None, run_after=None
[2023-10-11T07:01:36.823+0000] {processor.py:179} INFO - Processing /home/airflow/.local/lib/python3.8/site-packages/airflow/example_dags/example_local_kubernetes_executor.py took 0.809 seconds
[2023-10-11T07:02:07.101+0000] {processor.py:157} INFO - Started process (PID=547) to work on /home/airflow/.local/lib/python3.8/site-packages/airflow/example_dags/example_local_kubernetes_executor.py
[2023-10-11T07:02:07.102+0000] {processor.py:829} INFO - Processing file /home/airflow/.local/lib/python3.8/site-packages/airflow/example_dags/example_local_kubernetes_executor.py for tasks to queue
[2023-10-11T07:02:07.103+0000] {logging_mixin.py:151} INFO - [2023-10-11T07:02:07.103+0000] {dagbag.py:539} INFO - Filling up the DagBag from /home/airflow/.local/lib/python3.8/site-packages/airflow/example_dags/example_local_kubernetes_executor.py
[2023-10-11T07:02:07.301+0000] {processor.py:839} INFO - DAG(s) dict_keys(['example_local_kubernetes_executor']) retrieved from /home/airflow/.local/lib/python3.8/site-packages/airflow/example_dags/example_local_kubernetes_executor.py
[2023-10-11T07:02:07.322+0000] {logging_mixin.py:151} INFO - [2023-10-11T07:02:07.322+0000] {dag.py:2915} INFO - Sync 1 DAGs
[2023-10-11T07:02:07.329+0000] {logging_mixin.py:151} INFO - [2023-10-11T07:02:07.328+0000] {dag.py:3696} INFO - Setting next_dagrun for example_local_kubernetes_executor to None, run_after=None
[2023-10-11T07:02:07.338+0000] {processor.py:179} INFO - Processing /home/airflow/.local/lib/python3.8/site-packages/airflow/example_dags/example_local_kubernetes_executor.py took 0.240 seconds
[2023-10-11T07:02:37.895+0000] {processor.py:157} INFO - Started process (PID=786) to work on /home/airflow/.local/lib/python3.8/site-packages/airflow/example_dags/example_local_kubernetes_executor.py
[2023-10-11T07:02:37.896+0000] {processor.py:829} INFO - Processing file /home/airflow/.local/lib/python3.8/site-packages/airflow/example_dags/example_local_kubernetes_executor.py for tasks to queue
[2023-10-11T07:02:37.897+0000] {logging_mixin.py:151} INFO - [2023-10-11T07:02:37.897+0000] {dagbag.py:539} INFO - Filling up the DagBag from /home/airflow/.local/lib/python3.8/site-packages/airflow/example_dags/example_local_kubernetes_executor.py
[2023-10-11T07:02:38.077+0000] {processor.py:839} INFO - DAG(s) dict_keys(['example_local_kubernetes_executor']) retrieved from /home/airflow/.local/lib/python3.8/site-packages/airflow/example_dags/example_local_kubernetes_executor.py
[2023-10-11T07:02:38.107+0000] {logging_mixin.py:151} INFO - [2023-10-11T07:02:38.106+0000] {dag.py:2915} INFO - Sync 1 DAGs
[2023-10-11T07:02:38.114+0000] {logging_mixin.py:151} INFO - [2023-10-11T07:02:38.114+0000] {dag.py:3696} INFO - Setting next_dagrun for example_local_kubernetes_executor to None, run_after=None
[2023-10-11T07:02:38.126+0000] {processor.py:179} INFO - Processing /home/airflow/.local/lib/python3.8/site-packages/airflow/example_dags/example_local_kubernetes_executor.py took 0.233 seconds
[2023-10-11T07:03:09.017+0000] {processor.py:157} INFO - Started process (PID=1026) to work on /home/airflow/.local/lib/python3.8/site-packages/airflow/example_dags/example_local_kubernetes_executor.py
[2023-10-11T07:03:09.019+0000] {processor.py:829} INFO - Processing file /home/airflow/.local/lib/python3.8/site-packages/airflow/example_dags/example_local_kubernetes_executor.py for tasks to queue
[2023-10-11T07:03:09.019+0000] {logging_mixin.py:151} INFO - [2023-10-11T07:03:09.019+0000] {dagbag.py:539} INFO - Filling up the DagBag from /home/airflow/.local/lib/python3.8/site-packages/airflow/example_dags/example_local_kubernetes_executor.py
[2023-10-11T07:03:09.214+0000] {processor.py:839} INFO - DAG(s) dict_keys(['example_local_kubernetes_executor']) retrieved from /home/airflow/.local/lib/python3.8/site-packages/airflow/example_dags/example_local_kubernetes_executor.py
[2023-10-11T07:03:09.396+0000] {logging_mixin.py:151} INFO - [2023-10-11T07:03:09.396+0000] {dag.py:2915} INFO - Sync 1 DAGs
[2023-10-11T07:03:09.432+0000] {logging_mixin.py:151} INFO - [2023-10-11T07:03:09.431+0000] {dag.py:3696} INFO - Setting next_dagrun for example_local_kubernetes_executor to None, run_after=None
[2023-10-11T07:03:09.478+0000] {processor.py:179} INFO - Processing /home/airflow/.local/lib/python3.8/site-packages/airflow/example_dags/example_local_kubernetes_executor.py took 0.464 seconds
[2023-10-11T07:03:39.657+0000] {processor.py:157} INFO - Started process (PID=1264) to work on /home/airflow/.local/lib/python3.8/site-packages/airflow/example_dags/example_local_kubernetes_executor.py
[2023-10-11T07:03:39.670+0000] {processor.py:829} INFO - Processing file /home/airflow/.local/lib/python3.8/site-packages/airflow/example_dags/example_local_kubernetes_executor.py for tasks to queue
[2023-10-11T07:03:39.680+0000] {logging_mixin.py:151} INFO - [2023-10-11T07:03:39.680+0000] {dagbag.py:539} INFO - Filling up the DagBag from /home/airflow/.local/lib/python3.8/site-packages/airflow/example_dags/example_local_kubernetes_executor.py
[2023-10-11T07:03:39.904+0000] {processor.py:839} INFO - DAG(s) dict_keys(['example_local_kubernetes_executor']) retrieved from /home/airflow/.local/lib/python3.8/site-packages/airflow/example_dags/example_local_kubernetes_executor.py
[2023-10-11T07:03:39.927+0000] {logging_mixin.py:151} INFO - [2023-10-11T07:03:39.926+0000] {dag.py:2915} INFO - Sync 1 DAGs
[2023-10-11T07:03:39.935+0000] {logging_mixin.py:151} INFO - [2023-10-11T07:03:39.935+0000] {dag.py:3696} INFO - Setting next_dagrun for example_local_kubernetes_executor to None, run_after=None
[2023-10-11T07:03:39.978+0000] {processor.py:179} INFO - Processing /home/airflow/.local/lib/python3.8/site-packages/airflow/example_dags/example_local_kubernetes_executor.py took 0.326 seconds
[2023-10-11T07:04:10.132+0000] {processor.py:157} INFO - Started process (PID=1502) to work on /home/airflow/.local/lib/python3.8/site-packages/airflow/example_dags/example_local_kubernetes_executor.py
[2023-10-11T07:04:10.133+0000] {processor.py:829} INFO - Processing file /home/airflow/.local/lib/python3.8/site-packages/airflow/example_dags/example_local_kubernetes_executor.py for tasks to queue
[2023-10-11T07:04:10.134+0000] {logging_mixin.py:151} INFO - [2023-10-11T07:04:10.133+0000] {dagbag.py:539} INFO - Filling up the DagBag from /home/airflow/.local/lib/python3.8/site-packages/airflow/example_dags/example_local_kubernetes_executor.py
[2023-10-11T07:04:10.316+0000] {processor.py:839} INFO - DAG(s) dict_keys(['example_local_kubernetes_executor']) retrieved from /home/airflow/.local/lib/python3.8/site-packages/airflow/example_dags/example_local_kubernetes_executor.py
[2023-10-11T07:04:10.344+0000] {logging_mixin.py:151} INFO - [2023-10-11T07:04:10.343+0000] {dag.py:2915} INFO - Sync 1 DAGs
[2023-10-11T07:04:10.367+0000] {logging_mixin.py:151} INFO - [2023-10-11T07:04:10.367+0000] {dag.py:3696} INFO - Setting next_dagrun for example_local_kubernetes_executor to None, run_after=None
[2023-10-11T07:04:10.408+0000] {processor.py:179} INFO - Processing /home/airflow/.local/lib/python3.8/site-packages/airflow/example_dags/example_local_kubernetes_executor.py took 0.279 seconds
[2023-10-11T07:04:40.995+0000] {processor.py:157} INFO - Started process (PID=1740) to work on /home/airflow/.local/lib/python3.8/site-packages/airflow/example_dags/example_local_kubernetes_executor.py
[2023-10-11T07:04:40.996+0000] {processor.py:829} INFO - Processing file /home/airflow/.local/lib/python3.8/site-packages/airflow/example_dags/example_local_kubernetes_executor.py for tasks to queue
[2023-10-11T07:04:40.997+0000] {logging_mixin.py:151} INFO - [2023-10-11T07:04:40.996+0000] {dagbag.py:539} INFO - Filling up the DagBag from /home/airflow/.local/lib/python3.8/site-packages/airflow/example_dags/example_local_kubernetes_executor.py
[2023-10-11T07:04:41.157+0000] {processor.py:839} INFO - DAG(s) dict_keys(['example_local_kubernetes_executor']) retrieved from /home/airflow/.local/lib/python3.8/site-packages/airflow/example_dags/example_local_kubernetes_executor.py
[2023-10-11T07:04:41.199+0000] {logging_mixin.py:151} INFO - [2023-10-11T07:04:41.198+0000] {dag.py:2915} INFO - Sync 1 DAGs
[2023-10-11T07:04:41.206+0000] {logging_mixin.py:151} INFO - [2023-10-11T07:04:41.206+0000] {dag.py:3696} INFO - Setting next_dagrun for example_local_kubernetes_executor to None, run_after=None
[2023-10-11T07:04:41.217+0000] {processor.py:179} INFO - Processing /home/airflow/.local/lib/python3.8/site-packages/airflow/example_dags/example_local_kubernetes_executor.py took 0.227 seconds
[2023-10-11T07:05:11.519+0000] {processor.py:157} INFO - Started process (PID=1978) to work on /home/airflow/.local/lib/python3.8/site-packages/airflow/example_dags/example_local_kubernetes_executor.py
[2023-10-11T07:05:11.521+0000] {processor.py:829} INFO - Processing file /home/airflow/.local/lib/python3.8/site-packages/airflow/example_dags/example_local_kubernetes_executor.py for tasks to queue
[2023-10-11T07:05:11.522+0000] {logging_mixin.py:151} INFO - [2023-10-11T07:05:11.521+0000] {dagbag.py:539} INFO - Filling up the DagBag from /home/airflow/.local/lib/python3.8/site-packages/airflow/example_dags/example_local_kubernetes_executor.py
[2023-10-11T07:05:11.723+0000] {processor.py:839} INFO - DAG(s) dict_keys(['example_local_kubernetes_executor']) retrieved from /home/airflow/.local/lib/python3.8/site-packages/airflow/example_dags/example_local_kubernetes_executor.py
[2023-10-11T07:05:11.756+0000] {logging_mixin.py:151} INFO - [2023-10-11T07:05:11.755+0000] {dag.py:2915} INFO - Sync 1 DAGs
[2023-10-11T07:05:11.781+0000] {logging_mixin.py:151} INFO - [2023-10-11T07:05:11.781+0000] {dag.py:3696} INFO - Setting next_dagrun for example_local_kubernetes_executor to None, run_after=None
[2023-10-11T07:05:11.800+0000] {processor.py:179} INFO - Processing /home/airflow/.local/lib/python3.8/site-packages/airflow/example_dags/example_local_kubernetes_executor.py took 0.286 seconds
[2023-10-11T07:05:42.128+0000] {processor.py:157} INFO - Started process (PID=2216) to work on /home/airflow/.local/lib/python3.8/site-packages/airflow/example_dags/example_local_kubernetes_executor.py
[2023-10-11T07:05:42.129+0000] {processor.py:829} INFO - Processing file /home/airflow/.local/lib/python3.8/site-packages/airflow/example_dags/example_local_kubernetes_executor.py for tasks to queue
[2023-10-11T07:05:42.130+0000] {logging_mixin.py:151} INFO - [2023-10-11T07:05:42.130+0000] {dagbag.py:539} INFO - Filling up the DagBag from /home/airflow/.local/lib/python3.8/site-packages/airflow/example_dags/example_local_kubernetes_executor.py
[2023-10-11T07:05:42.302+0000] {processor.py:839} INFO - DAG(s) dict_keys(['example_local_kubernetes_executor']) retrieved from /home/airflow/.local/lib/python3.8/site-packages/airflow/example_dags/example_local_kubernetes_executor.py
[2023-10-11T07:05:42.329+0000] {logging_mixin.py:151} INFO - [2023-10-11T07:05:42.328+0000] {dag.py:2915} INFO - Sync 1 DAGs
[2023-10-11T07:05:42.342+0000] {logging_mixin.py:151} INFO - [2023-10-11T07:05:42.342+0000] {dag.py:3696} INFO - Setting next_dagrun for example_local_kubernetes_executor to None, run_after=None
[2023-10-11T07:05:42.354+0000] {processor.py:179} INFO - Processing /home/airflow/.local/lib/python3.8/site-packages/airflow/example_dags/example_local_kubernetes_executor.py took 0.229 seconds
[2023-10-11T07:06:12.627+0000] {processor.py:157} INFO - Started process (PID=2454) to work on /home/airflow/.local/lib/python3.8/site-packages/airflow/example_dags/example_local_kubernetes_executor.py
[2023-10-11T07:06:12.628+0000] {processor.py:829} INFO - Processing file /home/airflow/.local/lib/python3.8/site-packages/airflow/example_dags/example_local_kubernetes_executor.py for tasks to queue
[2023-10-11T07:06:12.628+0000] {logging_mixin.py:151} INFO - [2023-10-11T07:06:12.628+0000] {dagbag.py:539} INFO - Filling up the DagBag from /home/airflow/.local/lib/python3.8/site-packages/airflow/example_dags/example_local_kubernetes_executor.py
[2023-10-11T07:06:12.783+0000] {processor.py:839} INFO - DAG(s) dict_keys(['example_local_kubernetes_executor']) retrieved from /home/airflow/.local/lib/python3.8/site-packages/airflow/example_dags/example_local_kubernetes_executor.py
[2023-10-11T07:06:12.806+0000] {logging_mixin.py:151} INFO - [2023-10-11T07:06:12.806+0000] {dag.py:2915} INFO - Sync 1 DAGs
[2023-10-11T07:06:12.821+0000] {logging_mixin.py:151} INFO - [2023-10-11T07:06:12.821+0000] {dag.py:3696} INFO - Setting next_dagrun for example_local_kubernetes_executor to None, run_after=None
[2023-10-11T07:06:12.832+0000] {processor.py:179} INFO - Processing /home/airflow/.local/lib/python3.8/site-packages/airflow/example_dags/example_local_kubernetes_executor.py took 0.208 seconds
[2023-10-11T07:06:43.080+0000] {processor.py:157} INFO - Started process (PID=2697) to work on /home/airflow/.local/lib/python3.8/site-packages/airflow/example_dags/example_local_kubernetes_executor.py
[2023-10-11T07:06:43.081+0000] {processor.py:829} INFO - Processing file /home/airflow/.local/lib/python3.8/site-packages/airflow/example_dags/example_local_kubernetes_executor.py for tasks to queue
[2023-10-11T07:06:43.082+0000] {logging_mixin.py:151} INFO - [2023-10-11T07:06:43.081+0000] {dagbag.py:539} INFO - Filling up the DagBag from /home/airflow/.local/lib/python3.8/site-packages/airflow/example_dags/example_local_kubernetes_executor.py
[2023-10-11T07:06:43.233+0000] {processor.py:839} INFO - DAG(s) dict_keys(['example_local_kubernetes_executor']) retrieved from /home/airflow/.local/lib/python3.8/site-packages/airflow/example_dags/example_local_kubernetes_executor.py
[2023-10-11T07:06:43.263+0000] {logging_mixin.py:151} INFO - [2023-10-11T07:06:43.262+0000] {dag.py:2915} INFO - Sync 1 DAGs
[2023-10-11T07:06:43.281+0000] {logging_mixin.py:151} INFO - [2023-10-11T07:06:43.281+0000] {dag.py:3696} INFO - Setting next_dagrun for example_local_kubernetes_executor to None, run_after=None
[2023-10-11T07:06:43.293+0000] {processor.py:179} INFO - Processing /home/airflow/.local/lib/python3.8/site-packages/airflow/example_dags/example_local_kubernetes_executor.py took 0.215 seconds
[2023-10-11T07:07:14.061+0000] {processor.py:157} INFO - Started process (PID=2939) to work on /home/airflow/.local/lib/python3.8/site-packages/airflow/example_dags/example_local_kubernetes_executor.py
[2023-10-11T07:07:14.068+0000] {processor.py:829} INFO - Processing file /home/airflow/.local/lib/python3.8/site-packages/airflow/example_dags/example_local_kubernetes_executor.py for tasks to queue
[2023-10-11T07:07:14.072+0000] {logging_mixin.py:151} INFO - [2023-10-11T07:07:14.072+0000] {dagbag.py:539} INFO - Filling up the DagBag from /home/airflow/.local/lib/python3.8/site-packages/airflow/example_dags/example_local_kubernetes_executor.py
[2023-10-11T07:07:14.250+0000] {processor.py:839} INFO - DAG(s) dict_keys(['example_local_kubernetes_executor']) retrieved from /home/airflow/.local/lib/python3.8/site-packages/airflow/example_dags/example_local_kubernetes_executor.py
[2023-10-11T07:07:14.297+0000] {logging_mixin.py:151} INFO - [2023-10-11T07:07:14.297+0000] {dag.py:2915} INFO - Sync 1 DAGs
[2023-10-11T07:07:14.305+0000] {logging_mixin.py:151} INFO - [2023-10-11T07:07:14.305+0000] {dag.py:3696} INFO - Setting next_dagrun for example_local_kubernetes_executor to None, run_after=None
[2023-10-11T07:07:14.318+0000] {processor.py:179} INFO - Processing /home/airflow/.local/lib/python3.8/site-packages/airflow/example_dags/example_local_kubernetes_executor.py took 0.267 seconds
[2023-10-11T07:07:44.737+0000] {processor.py:157} INFO - Started process (PID=3187) to work on /home/airflow/.local/lib/python3.8/site-packages/airflow/example_dags/example_local_kubernetes_executor.py
[2023-10-11T07:07:44.742+0000] {processor.py:829} INFO - Processing file /home/airflow/.local/lib/python3.8/site-packages/airflow/example_dags/example_local_kubernetes_executor.py for tasks to queue
[2023-10-11T07:07:44.746+0000] {logging_mixin.py:151} INFO - [2023-10-11T07:07:44.745+0000] {dagbag.py:539} INFO - Filling up the DagBag from /home/airflow/.local/lib/python3.8/site-packages/airflow/example_dags/example_local_kubernetes_executor.py
[2023-10-11T07:07:45.250+0000] {processor.py:839} INFO - DAG(s) dict_keys(['example_local_kubernetes_executor']) retrieved from /home/airflow/.local/lib/python3.8/site-packages/airflow/example_dags/example_local_kubernetes_executor.py
[2023-10-11T07:07:45.353+0000] {logging_mixin.py:151} INFO - [2023-10-11T07:07:45.353+0000] {dag.py:2915} INFO - Sync 1 DAGs
[2023-10-11T07:07:45.398+0000] {logging_mixin.py:151} INFO - [2023-10-11T07:07:45.398+0000] {dag.py:3696} INFO - Setting next_dagrun for example_local_kubernetes_executor to None, run_after=None
[2023-10-11T07:07:45.471+0000] {processor.py:179} INFO - Processing /home/airflow/.local/lib/python3.8/site-packages/airflow/example_dags/example_local_kubernetes_executor.py took 0.751 seconds
[2023-10-11T07:08:15.619+0000] {processor.py:157} INFO - Started process (PID=3454) to work on /home/airflow/.local/lib/python3.8/site-packages/airflow/example_dags/example_local_kubernetes_executor.py
[2023-10-11T07:08:15.620+0000] {processor.py:829} INFO - Processing file /home/airflow/.local/lib/python3.8/site-packages/airflow/example_dags/example_local_kubernetes_executor.py for tasks to queue
[2023-10-11T07:08:15.621+0000] {logging_mixin.py:151} INFO - [2023-10-11T07:08:15.621+0000] {dagbag.py:539} INFO - Filling up the DagBag from /home/airflow/.local/lib/python3.8/site-packages/airflow/example_dags/example_local_kubernetes_executor.py
[2023-10-11T07:08:15.807+0000] {processor.py:839} INFO - DAG(s) dict_keys(['example_local_kubernetes_executor']) retrieved from /home/airflow/.local/lib/python3.8/site-packages/airflow/example_dags/example_local_kubernetes_executor.py
[2023-10-11T07:08:15.840+0000] {logging_mixin.py:151} INFO - [2023-10-11T07:08:15.838+0000] {dag.py:2915} INFO - Sync 1 DAGs
[2023-10-11T07:08:15.850+0000] {logging_mixin.py:151} INFO - [2023-10-11T07:08:15.850+0000] {dag.py:3696} INFO - Setting next_dagrun for example_local_kubernetes_executor to None, run_after=None
[2023-10-11T07:08:15.880+0000] {processor.py:179} INFO - Processing /home/airflow/.local/lib/python3.8/site-packages/airflow/example_dags/example_local_kubernetes_executor.py took 0.264 seconds
[2023-10-11T07:08:46.640+0000] {processor.py:157} INFO - Started process (PID=3697) to work on /home/airflow/.local/lib/python3.8/site-packages/airflow/example_dags/example_local_kubernetes_executor.py
[2023-10-11T07:08:46.641+0000] {processor.py:829} INFO - Processing file /home/airflow/.local/lib/python3.8/site-packages/airflow/example_dags/example_local_kubernetes_executor.py for tasks to queue
[2023-10-11T07:08:46.642+0000] {logging_mixin.py:151} INFO - [2023-10-11T07:08:46.642+0000] {dagbag.py:539} INFO - Filling up the DagBag from /home/airflow/.local/lib/python3.8/site-packages/airflow/example_dags/example_local_kubernetes_executor.py
[2023-10-11T07:08:47.255+0000] {processor.py:839} INFO - DAG(s) dict_keys(['example_local_kubernetes_executor']) retrieved from /home/airflow/.local/lib/python3.8/site-packages/airflow/example_dags/example_local_kubernetes_executor.py
[2023-10-11T07:08:47.383+0000] {logging_mixin.py:151} INFO - [2023-10-11T07:08:47.381+0000] {dag.py:2915} INFO - Sync 1 DAGs
[2023-10-11T07:08:47.430+0000] {logging_mixin.py:151} INFO - [2023-10-11T07:08:47.430+0000] {dag.py:3696} INFO - Setting next_dagrun for example_local_kubernetes_executor to None, run_after=None
[2023-10-11T07:08:47.479+0000] {processor.py:179} INFO - Processing /home/airflow/.local/lib/python3.8/site-packages/airflow/example_dags/example_local_kubernetes_executor.py took 0.842 seconds
[2023-10-11T07:09:17.745+0000] {processor.py:157} INFO - Started process (PID=3942) to work on /home/airflow/.local/lib/python3.8/site-packages/airflow/example_dags/example_local_kubernetes_executor.py
[2023-10-11T07:09:17.747+0000] {processor.py:829} INFO - Processing file /home/airflow/.local/lib/python3.8/site-packages/airflow/example_dags/example_local_kubernetes_executor.py for tasks to queue
[2023-10-11T07:09:17.748+0000] {logging_mixin.py:151} INFO - [2023-10-11T07:09:17.747+0000] {dagbag.py:539} INFO - Filling up the DagBag from /home/airflow/.local/lib/python3.8/site-packages/airflow/example_dags/example_local_kubernetes_executor.py
[2023-10-11T07:09:18.114+0000] {processor.py:839} INFO - DAG(s) dict_keys(['example_local_kubernetes_executor']) retrieved from /home/airflow/.local/lib/python3.8/site-packages/airflow/example_dags/example_local_kubernetes_executor.py
[2023-10-11T07:09:18.143+0000] {logging_mixin.py:151} INFO - [2023-10-11T07:09:18.142+0000] {dag.py:2915} INFO - Sync 1 DAGs
[2023-10-11T07:09:18.154+0000] {logging_mixin.py:151} INFO - [2023-10-11T07:09:18.154+0000] {dag.py:3696} INFO - Setting next_dagrun for example_local_kubernetes_executor to None, run_after=None
[2023-10-11T07:09:18.194+0000] {processor.py:179} INFO - Processing /home/airflow/.local/lib/python3.8/site-packages/airflow/example_dags/example_local_kubernetes_executor.py took 0.456 seconds
[2023-10-11T07:09:48.310+0000] {processor.py:157} INFO - Started process (PID=4185) to work on /home/airflow/.local/lib/python3.8/site-packages/airflow/example_dags/example_local_kubernetes_executor.py
[2023-10-11T07:09:48.311+0000] {processor.py:829} INFO - Processing file /home/airflow/.local/lib/python3.8/site-packages/airflow/example_dags/example_local_kubernetes_executor.py for tasks to queue
[2023-10-11T07:09:48.312+0000] {logging_mixin.py:151} INFO - [2023-10-11T07:09:48.312+0000] {dagbag.py:539} INFO - Filling up the DagBag from /home/airflow/.local/lib/python3.8/site-packages/airflow/example_dags/example_local_kubernetes_executor.py
[2023-10-11T07:09:48.516+0000] {processor.py:839} INFO - DAG(s) dict_keys(['example_local_kubernetes_executor']) retrieved from /home/airflow/.local/lib/python3.8/site-packages/airflow/example_dags/example_local_kubernetes_executor.py
[2023-10-11T07:09:48.541+0000] {logging_mixin.py:151} INFO - [2023-10-11T07:09:48.541+0000] {dag.py:2915} INFO - Sync 1 DAGs
[2023-10-11T07:09:48.552+0000] {logging_mixin.py:151} INFO - [2023-10-11T07:09:48.552+0000] {dag.py:3696} INFO - Setting next_dagrun for example_local_kubernetes_executor to None, run_after=None
[2023-10-11T07:09:48.584+0000] {processor.py:179} INFO - Processing /home/airflow/.local/lib/python3.8/site-packages/airflow/example_dags/example_local_kubernetes_executor.py took 0.277 seconds
[2023-10-11T07:10:19.035+0000] {processor.py:157} INFO - Started process (PID=4428) to work on /home/airflow/.local/lib/python3.8/site-packages/airflow/example_dags/example_local_kubernetes_executor.py
[2023-10-11T07:10:19.036+0000] {processor.py:829} INFO - Processing file /home/airflow/.local/lib/python3.8/site-packages/airflow/example_dags/example_local_kubernetes_executor.py for tasks to queue
[2023-10-11T07:10:19.037+0000] {logging_mixin.py:151} INFO - [2023-10-11T07:10:19.037+0000] {dagbag.py:539} INFO - Filling up the DagBag from /home/airflow/.local/lib/python3.8/site-packages/airflow/example_dags/example_local_kubernetes_executor.py
[2023-10-11T07:10:19.291+0000] {processor.py:839} INFO - DAG(s) dict_keys(['example_local_kubernetes_executor']) retrieved from /home/airflow/.local/lib/python3.8/site-packages/airflow/example_dags/example_local_kubernetes_executor.py
[2023-10-11T07:10:19.316+0000] {logging_mixin.py:151} INFO - [2023-10-11T07:10:19.315+0000] {dag.py:2915} INFO - Sync 1 DAGs
[2023-10-11T07:10:19.335+0000] {logging_mixin.py:151} INFO - [2023-10-11T07:10:19.334+0000] {dag.py:3696} INFO - Setting next_dagrun for example_local_kubernetes_executor to None, run_after=None
[2023-10-11T07:10:19.364+0000] {processor.py:179} INFO - Processing /home/airflow/.local/lib/python3.8/site-packages/airflow/example_dags/example_local_kubernetes_executor.py took 0.331 seconds
[2023-10-11T07:10:49.580+0000] {processor.py:157} INFO - Started process (PID=4671) to work on /home/airflow/.local/lib/python3.8/site-packages/airflow/example_dags/example_local_kubernetes_executor.py
[2023-10-11T07:10:49.581+0000] {processor.py:829} INFO - Processing file /home/airflow/.local/lib/python3.8/site-packages/airflow/example_dags/example_local_kubernetes_executor.py for tasks to queue
[2023-10-11T07:10:49.582+0000] {logging_mixin.py:151} INFO - [2023-10-11T07:10:49.582+0000] {dagbag.py:539} INFO - Filling up the DagBag from /home/airflow/.local/lib/python3.8/site-packages/airflow/example_dags/example_local_kubernetes_executor.py
[2023-10-11T07:10:49.821+0000] {processor.py:839} INFO - DAG(s) dict_keys(['example_local_kubernetes_executor']) retrieved from /home/airflow/.local/lib/python3.8/site-packages/airflow/example_dags/example_local_kubernetes_executor.py
[2023-10-11T07:10:49.841+0000] {logging_mixin.py:151} INFO - [2023-10-11T07:10:49.841+0000] {dag.py:2915} INFO - Sync 1 DAGs
[2023-10-11T07:10:49.849+0000] {logging_mixin.py:151} INFO - [2023-10-11T07:10:49.849+0000] {dag.py:3696} INFO - Setting next_dagrun for example_local_kubernetes_executor to None, run_after=None
[2023-10-11T07:10:49.882+0000] {processor.py:179} INFO - Processing /home/airflow/.local/lib/python3.8/site-packages/airflow/example_dags/example_local_kubernetes_executor.py took 0.305 seconds
[2023-10-11T07:11:20.017+0000] {processor.py:157} INFO - Started process (PID=4922) to work on /home/airflow/.local/lib/python3.8/site-packages/airflow/example_dags/example_local_kubernetes_executor.py
[2023-10-11T07:11:20.017+0000] {processor.py:829} INFO - Processing file /home/airflow/.local/lib/python3.8/site-packages/airflow/example_dags/example_local_kubernetes_executor.py for tasks to queue
[2023-10-11T07:11:20.018+0000] {logging_mixin.py:151} INFO - [2023-10-11T07:11:20.018+0000] {dagbag.py:539} INFO - Filling up the DagBag from /home/airflow/.local/lib/python3.8/site-packages/airflow/example_dags/example_local_kubernetes_executor.py
[2023-10-11T07:11:20.253+0000] {processor.py:839} INFO - DAG(s) dict_keys(['example_local_kubernetes_executor']) retrieved from /home/airflow/.local/lib/python3.8/site-packages/airflow/example_dags/example_local_kubernetes_executor.py
[2023-10-11T07:11:20.313+0000] {logging_mixin.py:151} INFO - [2023-10-11T07:11:20.313+0000] {dag.py:2915} INFO - Sync 1 DAGs
[2023-10-11T07:11:20.321+0000] {logging_mixin.py:151} INFO - [2023-10-11T07:11:20.320+0000] {dag.py:3696} INFO - Setting next_dagrun for example_local_kubernetes_executor to None, run_after=None
[2023-10-11T07:11:20.332+0000] {processor.py:179} INFO - Processing /home/airflow/.local/lib/python3.8/site-packages/airflow/example_dags/example_local_kubernetes_executor.py took 0.318 seconds
[2023-10-11T07:11:50.829+0000] {processor.py:157} INFO - Started process (PID=5157) to work on /home/airflow/.local/lib/python3.8/site-packages/airflow/example_dags/example_local_kubernetes_executor.py
[2023-10-11T07:11:50.830+0000] {processor.py:829} INFO - Processing file /home/airflow/.local/lib/python3.8/site-packages/airflow/example_dags/example_local_kubernetes_executor.py for tasks to queue
[2023-10-11T07:11:50.831+0000] {logging_mixin.py:151} INFO - [2023-10-11T07:11:50.831+0000] {dagbag.py:539} INFO - Filling up the DagBag from /home/airflow/.local/lib/python3.8/site-packages/airflow/example_dags/example_local_kubernetes_executor.py
[2023-10-11T07:11:51.001+0000] {processor.py:839} INFO - DAG(s) dict_keys(['example_local_kubernetes_executor']) retrieved from /home/airflow/.local/lib/python3.8/site-packages/airflow/example_dags/example_local_kubernetes_executor.py
[2023-10-11T07:11:51.026+0000] {logging_mixin.py:151} INFO - [2023-10-11T07:11:51.026+0000] {dag.py:2915} INFO - Sync 1 DAGs
[2023-10-11T07:11:51.035+0000] {logging_mixin.py:151} INFO - [2023-10-11T07:11:51.034+0000] {dag.py:3696} INFO - Setting next_dagrun for example_local_kubernetes_executor to None, run_after=None
[2023-10-11T07:11:51.045+0000] {processor.py:179} INFO - Processing /home/airflow/.local/lib/python3.8/site-packages/airflow/example_dags/example_local_kubernetes_executor.py took 0.219 seconds
[2023-10-11T07:12:21.438+0000] {processor.py:157} INFO - Started process (PID=5400) to work on /home/airflow/.local/lib/python3.8/site-packages/airflow/example_dags/example_local_kubernetes_executor.py
[2023-10-11T07:12:21.440+0000] {processor.py:829} INFO - Processing file /home/airflow/.local/lib/python3.8/site-packages/airflow/example_dags/example_local_kubernetes_executor.py for tasks to queue
[2023-10-11T07:12:21.441+0000] {logging_mixin.py:151} INFO - [2023-10-11T07:12:21.440+0000] {dagbag.py:539} INFO - Filling up the DagBag from /home/airflow/.local/lib/python3.8/site-packages/airflow/example_dags/example_local_kubernetes_executor.py
[2023-10-11T07:12:21.631+0000] {processor.py:839} INFO - DAG(s) dict_keys(['example_local_kubernetes_executor']) retrieved from /home/airflow/.local/lib/python3.8/site-packages/airflow/example_dags/example_local_kubernetes_executor.py
[2023-10-11T07:12:21.659+0000] {logging_mixin.py:151} INFO - [2023-10-11T07:12:21.658+0000] {dag.py:2915} INFO - Sync 1 DAGs
[2023-10-11T07:12:21.682+0000] {logging_mixin.py:151} INFO - [2023-10-11T07:12:21.682+0000] {dag.py:3696} INFO - Setting next_dagrun for example_local_kubernetes_executor to None, run_after=None
[2023-10-11T07:12:21.988+0000] {processor.py:179} INFO - Processing /home/airflow/.local/lib/python3.8/site-packages/airflow/example_dags/example_local_kubernetes_executor.py took 0.553 seconds
[2023-10-11T07:12:52.906+0000] {processor.py:157} INFO - Started process (PID=5648) to work on /home/airflow/.local/lib/python3.8/site-packages/airflow/example_dags/example_local_kubernetes_executor.py
[2023-10-11T07:12:52.907+0000] {processor.py:829} INFO - Processing file /home/airflow/.local/lib/python3.8/site-packages/airflow/example_dags/example_local_kubernetes_executor.py for tasks to queue
[2023-10-11T07:12:52.908+0000] {logging_mixin.py:151} INFO - [2023-10-11T07:12:52.908+0000] {dagbag.py:539} INFO - Filling up the DagBag from /home/airflow/.local/lib/python3.8/site-packages/airflow/example_dags/example_local_kubernetes_executor.py
[2023-10-11T07:12:53.097+0000] {processor.py:839} INFO - DAG(s) dict_keys(['example_local_kubernetes_executor']) retrieved from /home/airflow/.local/lib/python3.8/site-packages/airflow/example_dags/example_local_kubernetes_executor.py
[2023-10-11T07:12:53.119+0000] {logging_mixin.py:151} INFO - [2023-10-11T07:12:53.119+0000] {dag.py:2915} INFO - Sync 1 DAGs
[2023-10-11T07:12:53.126+0000] {logging_mixin.py:151} INFO - [2023-10-11T07:12:53.126+0000] {dag.py:3696} INFO - Setting next_dagrun for example_local_kubernetes_executor to None, run_after=None
[2023-10-11T07:12:53.138+0000] {processor.py:179} INFO - Processing /home/airflow/.local/lib/python3.8/site-packages/airflow/example_dags/example_local_kubernetes_executor.py took 0.235 seconds
[2023-10-11T07:13:23.490+0000] {processor.py:157} INFO - Started process (PID=5891) to work on /home/airflow/.local/lib/python3.8/site-packages/airflow/example_dags/example_local_kubernetes_executor.py
[2023-10-11T07:13:23.492+0000] {processor.py:829} INFO - Processing file /home/airflow/.local/lib/python3.8/site-packages/airflow/example_dags/example_local_kubernetes_executor.py for tasks to queue
[2023-10-11T07:13:23.493+0000] {logging_mixin.py:151} INFO - [2023-10-11T07:13:23.492+0000] {dagbag.py:539} INFO - Filling up the DagBag from /home/airflow/.local/lib/python3.8/site-packages/airflow/example_dags/example_local_kubernetes_executor.py
[2023-10-11T07:13:23.700+0000] {processor.py:839} INFO - DAG(s) dict_keys(['example_local_kubernetes_executor']) retrieved from /home/airflow/.local/lib/python3.8/site-packages/airflow/example_dags/example_local_kubernetes_executor.py
[2023-10-11T07:13:23.726+0000] {logging_mixin.py:151} INFO - [2023-10-11T07:13:23.724+0000] {dag.py:2915} INFO - Sync 1 DAGs
[2023-10-11T07:13:23.735+0000] {logging_mixin.py:151} INFO - [2023-10-11T07:13:23.734+0000] {dag.py:3696} INFO - Setting next_dagrun for example_local_kubernetes_executor to None, run_after=None
[2023-10-11T07:13:23.767+0000] {processor.py:179} INFO - Processing /home/airflow/.local/lib/python3.8/site-packages/airflow/example_dags/example_local_kubernetes_executor.py took 0.280 seconds
[2023-10-11T07:13:53.980+0000] {processor.py:157} INFO - Started process (PID=6134) to work on /home/airflow/.local/lib/python3.8/site-packages/airflow/example_dags/example_local_kubernetes_executor.py
[2023-10-11T07:13:53.981+0000] {processor.py:829} INFO - Processing file /home/airflow/.local/lib/python3.8/site-packages/airflow/example_dags/example_local_kubernetes_executor.py for tasks to queue
[2023-10-11T07:13:53.982+0000] {logging_mixin.py:151} INFO - [2023-10-11T07:13:53.982+0000] {dagbag.py:539} INFO - Filling up the DagBag from /home/airflow/.local/lib/python3.8/site-packages/airflow/example_dags/example_local_kubernetes_executor.py
[2023-10-11T07:13:54.177+0000] {processor.py:839} INFO - DAG(s) dict_keys(['example_local_kubernetes_executor']) retrieved from /home/airflow/.local/lib/python3.8/site-packages/airflow/example_dags/example_local_kubernetes_executor.py
[2023-10-11T07:13:54.200+0000] {logging_mixin.py:151} INFO - [2023-10-11T07:13:54.200+0000] {dag.py:2915} INFO - Sync 1 DAGs
[2023-10-11T07:13:54.210+0000] {logging_mixin.py:151} INFO - [2023-10-11T07:13:54.210+0000] {dag.py:3696} INFO - Setting next_dagrun for example_local_kubernetes_executor to None, run_after=None
[2023-10-11T07:13:54.223+0000] {processor.py:179} INFO - Processing /home/airflow/.local/lib/python3.8/site-packages/airflow/example_dags/example_local_kubernetes_executor.py took 0.246 seconds
[2023-10-11T07:14:24.528+0000] {processor.py:157} INFO - Started process (PID=6377) to work on /home/airflow/.local/lib/python3.8/site-packages/airflow/example_dags/example_local_kubernetes_executor.py
[2023-10-11T07:14:24.530+0000] {processor.py:829} INFO - Processing file /home/airflow/.local/lib/python3.8/site-packages/airflow/example_dags/example_local_kubernetes_executor.py for tasks to queue
[2023-10-11T07:14:24.530+0000] {logging_mixin.py:151} INFO - [2023-10-11T07:14:24.530+0000] {dagbag.py:539} INFO - Filling up the DagBag from /home/airflow/.local/lib/python3.8/site-packages/airflow/example_dags/example_local_kubernetes_executor.py
[2023-10-11T07:14:24.768+0000] {processor.py:839} INFO - DAG(s) dict_keys(['example_local_kubernetes_executor']) retrieved from /home/airflow/.local/lib/python3.8/site-packages/airflow/example_dags/example_local_kubernetes_executor.py
[2023-10-11T07:14:24.796+0000] {logging_mixin.py:151} INFO - [2023-10-11T07:14:24.795+0000] {dag.py:2915} INFO - Sync 1 DAGs
[2023-10-11T07:14:24.803+0000] {logging_mixin.py:151} INFO - [2023-10-11T07:14:24.803+0000] {dag.py:3696} INFO - Setting next_dagrun for example_local_kubernetes_executor to None, run_after=None
[2023-10-11T07:14:24.813+0000] {processor.py:179} INFO - Processing /home/airflow/.local/lib/python3.8/site-packages/airflow/example_dags/example_local_kubernetes_executor.py took 0.288 seconds
[2023-10-11T07:14:54.884+0000] {processor.py:157} INFO - Started process (PID=6620) to work on /home/airflow/.local/lib/python3.8/site-packages/airflow/example_dags/example_local_kubernetes_executor.py
[2023-10-11T07:14:54.886+0000] {processor.py:829} INFO - Processing file /home/airflow/.local/lib/python3.8/site-packages/airflow/example_dags/example_local_kubernetes_executor.py for tasks to queue
[2023-10-11T07:14:54.887+0000] {logging_mixin.py:151} INFO - [2023-10-11T07:14:54.886+0000] {dagbag.py:539} INFO - Filling up the DagBag from /home/airflow/.local/lib/python3.8/site-packages/airflow/example_dags/example_local_kubernetes_executor.py
[2023-10-11T07:14:55.091+0000] {processor.py:839} INFO - DAG(s) dict_keys(['example_local_kubernetes_executor']) retrieved from /home/airflow/.local/lib/python3.8/site-packages/airflow/example_dags/example_local_kubernetes_executor.py
[2023-10-11T07:14:55.115+0000] {logging_mixin.py:151} INFO - [2023-10-11T07:14:55.114+0000] {dag.py:2915} INFO - Sync 1 DAGs
[2023-10-11T07:14:55.122+0000] {logging_mixin.py:151} INFO - [2023-10-11T07:14:55.122+0000] {dag.py:3696} INFO - Setting next_dagrun for example_local_kubernetes_executor to None, run_after=None
[2023-10-11T07:14:55.132+0000] {processor.py:179} INFO - Processing /home/airflow/.local/lib/python3.8/site-packages/airflow/example_dags/example_local_kubernetes_executor.py took 0.251 seconds
[2023-10-11T07:15:25.324+0000] {processor.py:157} INFO - Started process (PID=6863) to work on /home/airflow/.local/lib/python3.8/site-packages/airflow/example_dags/example_local_kubernetes_executor.py
[2023-10-11T07:15:25.326+0000] {processor.py:829} INFO - Processing file /home/airflow/.local/lib/python3.8/site-packages/airflow/example_dags/example_local_kubernetes_executor.py for tasks to queue
[2023-10-11T07:15:25.327+0000] {logging_mixin.py:151} INFO - [2023-10-11T07:15:25.326+0000] {dagbag.py:539} INFO - Filling up the DagBag from /home/airflow/.local/lib/python3.8/site-packages/airflow/example_dags/example_local_kubernetes_executor.py
[2023-10-11T07:15:25.594+0000] {processor.py:839} INFO - DAG(s) dict_keys(['example_local_kubernetes_executor']) retrieved from /home/airflow/.local/lib/python3.8/site-packages/airflow/example_dags/example_local_kubernetes_executor.py
[2023-10-11T07:15:25.617+0000] {logging_mixin.py:151} INFO - [2023-10-11T07:15:25.617+0000] {dag.py:2915} INFO - Sync 1 DAGs
[2023-10-11T07:15:25.625+0000] {logging_mixin.py:151} INFO - [2023-10-11T07:15:25.625+0000] {dag.py:3696} INFO - Setting next_dagrun for example_local_kubernetes_executor to None, run_after=None
[2023-10-11T07:15:25.636+0000] {processor.py:179} INFO - Processing /home/airflow/.local/lib/python3.8/site-packages/airflow/example_dags/example_local_kubernetes_executor.py took 0.316 seconds
[2023-10-11T07:15:56.119+0000] {processor.py:157} INFO - Started process (PID=7106) to work on /home/airflow/.local/lib/python3.8/site-packages/airflow/example_dags/example_local_kubernetes_executor.py
[2023-10-11T07:15:56.120+0000] {processor.py:829} INFO - Processing file /home/airflow/.local/lib/python3.8/site-packages/airflow/example_dags/example_local_kubernetes_executor.py for tasks to queue
[2023-10-11T07:15:56.121+0000] {logging_mixin.py:151} INFO - [2023-10-11T07:15:56.121+0000] {dagbag.py:539} INFO - Filling up the DagBag from /home/airflow/.local/lib/python3.8/site-packages/airflow/example_dags/example_local_kubernetes_executor.py
[2023-10-11T07:15:56.315+0000] {processor.py:839} INFO - DAG(s) dict_keys(['example_local_kubernetes_executor']) retrieved from /home/airflow/.local/lib/python3.8/site-packages/airflow/example_dags/example_local_kubernetes_executor.py
[2023-10-11T07:15:56.338+0000] {logging_mixin.py:151} INFO - [2023-10-11T07:15:56.337+0000] {dag.py:2915} INFO - Sync 1 DAGs
[2023-10-11T07:15:56.371+0000] {logging_mixin.py:151} INFO - [2023-10-11T07:15:56.370+0000] {dag.py:3696} INFO - Setting next_dagrun for example_local_kubernetes_executor to None, run_after=None
[2023-10-11T07:15:56.398+0000] {processor.py:179} INFO - Processing /home/airflow/.local/lib/python3.8/site-packages/airflow/example_dags/example_local_kubernetes_executor.py took 0.283 seconds
[2023-10-11T07:16:26.627+0000] {processor.py:157} INFO - Started process (PID=7357) to work on /home/airflow/.local/lib/python3.8/site-packages/airflow/example_dags/example_local_kubernetes_executor.py
[2023-10-11T07:16:26.629+0000] {processor.py:829} INFO - Processing file /home/airflow/.local/lib/python3.8/site-packages/airflow/example_dags/example_local_kubernetes_executor.py for tasks to queue
[2023-10-11T07:16:26.630+0000] {logging_mixin.py:151} INFO - [2023-10-11T07:16:26.630+0000] {dagbag.py:539} INFO - Filling up the DagBag from /home/airflow/.local/lib/python3.8/site-packages/airflow/example_dags/example_local_kubernetes_executor.py
[2023-10-11T07:16:27.257+0000] {processor.py:839} INFO - DAG(s) dict_keys(['example_local_kubernetes_executor']) retrieved from /home/airflow/.local/lib/python3.8/site-packages/airflow/example_dags/example_local_kubernetes_executor.py
[2023-10-11T07:16:27.364+0000] {logging_mixin.py:151} INFO - [2023-10-11T07:16:27.363+0000] {dag.py:2915} INFO - Sync 1 DAGs
[2023-10-11T07:16:27.410+0000] {logging_mixin.py:151} INFO - [2023-10-11T07:16:27.409+0000] {dag.py:3696} INFO - Setting next_dagrun for example_local_kubernetes_executor to None, run_after=None
[2023-10-11T07:16:27.426+0000] {processor.py:179} INFO - Processing /home/airflow/.local/lib/python3.8/site-packages/airflow/example_dags/example_local_kubernetes_executor.py took 0.803 seconds
[2023-10-11T07:16:57.588+0000] {processor.py:157} INFO - Started process (PID=7610) to work on /home/airflow/.local/lib/python3.8/site-packages/airflow/example_dags/example_local_kubernetes_executor.py
[2023-10-11T07:16:57.589+0000] {processor.py:829} INFO - Processing file /home/airflow/.local/lib/python3.8/site-packages/airflow/example_dags/example_local_kubernetes_executor.py for tasks to queue
[2023-10-11T07:16:57.590+0000] {logging_mixin.py:151} INFO - [2023-10-11T07:16:57.590+0000] {dagbag.py:539} INFO - Filling up the DagBag from /home/airflow/.local/lib/python3.8/site-packages/airflow/example_dags/example_local_kubernetes_executor.py
[2023-10-11T07:16:57.999+0000] {processor.py:839} INFO - DAG(s) dict_keys(['example_local_kubernetes_executor']) retrieved from /home/airflow/.local/lib/python3.8/site-packages/airflow/example_dags/example_local_kubernetes_executor.py
[2023-10-11T07:16:58.049+0000] {logging_mixin.py:151} INFO - [2023-10-11T07:16:58.048+0000] {dag.py:2915} INFO - Sync 1 DAGs
[2023-10-11T07:16:58.105+0000] {logging_mixin.py:151} INFO - [2023-10-11T07:16:58.105+0000] {dag.py:3696} INFO - Setting next_dagrun for example_local_kubernetes_executor to None, run_after=None
[2023-10-11T07:16:58.130+0000] {processor.py:179} INFO - Processing /home/airflow/.local/lib/python3.8/site-packages/airflow/example_dags/example_local_kubernetes_executor.py took 0.546 seconds
[2023-10-11T07:17:28.788+0000] {processor.py:157} INFO - Started process (PID=7843) to work on /home/airflow/.local/lib/python3.8/site-packages/airflow/example_dags/example_local_kubernetes_executor.py
[2023-10-11T07:17:28.790+0000] {processor.py:829} INFO - Processing file /home/airflow/.local/lib/python3.8/site-packages/airflow/example_dags/example_local_kubernetes_executor.py for tasks to queue
[2023-10-11T07:17:28.791+0000] {logging_mixin.py:151} INFO - [2023-10-11T07:17:28.791+0000] {dagbag.py:539} INFO - Filling up the DagBag from /home/airflow/.local/lib/python3.8/site-packages/airflow/example_dags/example_local_kubernetes_executor.py
[2023-10-11T07:17:29.626+0000] {processor.py:839} INFO - DAG(s) dict_keys(['example_local_kubernetes_executor']) retrieved from /home/airflow/.local/lib/python3.8/site-packages/airflow/example_dags/example_local_kubernetes_executor.py
[2023-10-11T07:17:29.709+0000] {logging_mixin.py:151} INFO - [2023-10-11T07:17:29.708+0000] {dag.py:2915} INFO - Sync 1 DAGs
[2023-10-11T07:17:29.733+0000] {logging_mixin.py:151} INFO - [2023-10-11T07:17:29.733+0000] {dag.py:3696} INFO - Setting next_dagrun for example_local_kubernetes_executor to None, run_after=None
[2023-10-11T07:17:29.812+0000] {processor.py:179} INFO - Processing /home/airflow/.local/lib/python3.8/site-packages/airflow/example_dags/example_local_kubernetes_executor.py took 1.031 seconds
[2023-10-11T07:17:59.911+0000] {processor.py:157} INFO - Started process (PID=8096) to work on /home/airflow/.local/lib/python3.8/site-packages/airflow/example_dags/example_local_kubernetes_executor.py
[2023-10-11T07:17:59.912+0000] {processor.py:829} INFO - Processing file /home/airflow/.local/lib/python3.8/site-packages/airflow/example_dags/example_local_kubernetes_executor.py for tasks to queue
[2023-10-11T07:17:59.913+0000] {logging_mixin.py:151} INFO - [2023-10-11T07:17:59.913+0000] {dagbag.py:539} INFO - Filling up the DagBag from /home/airflow/.local/lib/python3.8/site-packages/airflow/example_dags/example_local_kubernetes_executor.py
[2023-10-11T07:18:00.292+0000] {processor.py:839} INFO - DAG(s) dict_keys(['example_local_kubernetes_executor']) retrieved from /home/airflow/.local/lib/python3.8/site-packages/airflow/example_dags/example_local_kubernetes_executor.py
[2023-10-11T07:18:00.399+0000] {logging_mixin.py:151} INFO - [2023-10-11T07:18:00.399+0000] {dag.py:2915} INFO - Sync 1 DAGs
[2023-10-11T07:18:00.411+0000] {logging_mixin.py:151} INFO - [2023-10-11T07:18:00.411+0000] {dag.py:3696} INFO - Setting next_dagrun for example_local_kubernetes_executor to None, run_after=None
[2023-10-11T07:18:00.432+0000] {processor.py:179} INFO - Processing /home/airflow/.local/lib/python3.8/site-packages/airflow/example_dags/example_local_kubernetes_executor.py took 0.525 seconds
[2023-10-11T07:18:30.878+0000] {processor.py:157} INFO - Started process (PID=8346) to work on /home/airflow/.local/lib/python3.8/site-packages/airflow/example_dags/example_local_kubernetes_executor.py
[2023-10-11T07:18:30.879+0000] {processor.py:829} INFO - Processing file /home/airflow/.local/lib/python3.8/site-packages/airflow/example_dags/example_local_kubernetes_executor.py for tasks to queue
[2023-10-11T07:18:30.880+0000] {logging_mixin.py:151} INFO - [2023-10-11T07:18:30.880+0000] {dagbag.py:539} INFO - Filling up the DagBag from /home/airflow/.local/lib/python3.8/site-packages/airflow/example_dags/example_local_kubernetes_executor.py
[2023-10-11T07:18:31.171+0000] {processor.py:839} INFO - DAG(s) dict_keys(['example_local_kubernetes_executor']) retrieved from /home/airflow/.local/lib/python3.8/site-packages/airflow/example_dags/example_local_kubernetes_executor.py
[2023-10-11T07:18:31.218+0000] {logging_mixin.py:151} INFO - [2023-10-11T07:18:31.216+0000] {dag.py:2915} INFO - Sync 1 DAGs
[2023-10-11T07:18:31.231+0000] {logging_mixin.py:151} INFO - [2023-10-11T07:18:31.230+0000] {dag.py:3696} INFO - Setting next_dagrun for example_local_kubernetes_executor to None, run_after=None
[2023-10-11T07:18:31.266+0000] {processor.py:179} INFO - Processing /home/airflow/.local/lib/python3.8/site-packages/airflow/example_dags/example_local_kubernetes_executor.py took 0.392 seconds
[2023-10-11T07:19:01.816+0000] {processor.py:157} INFO - Started process (PID=8589) to work on /home/airflow/.local/lib/python3.8/site-packages/airflow/example_dags/example_local_kubernetes_executor.py
[2023-10-11T07:19:01.817+0000] {processor.py:829} INFO - Processing file /home/airflow/.local/lib/python3.8/site-packages/airflow/example_dags/example_local_kubernetes_executor.py for tasks to queue
[2023-10-11T07:19:01.818+0000] {logging_mixin.py:151} INFO - [2023-10-11T07:19:01.818+0000] {dagbag.py:539} INFO - Filling up the DagBag from /home/airflow/.local/lib/python3.8/site-packages/airflow/example_dags/example_local_kubernetes_executor.py
[2023-10-11T07:19:02.133+0000] {processor.py:839} INFO - DAG(s) dict_keys(['example_local_kubernetes_executor']) retrieved from /home/airflow/.local/lib/python3.8/site-packages/airflow/example_dags/example_local_kubernetes_executor.py
[2023-10-11T07:19:02.220+0000] {logging_mixin.py:151} INFO - [2023-10-11T07:19:02.219+0000] {dag.py:2915} INFO - Sync 1 DAGs
[2023-10-11T07:19:02.252+0000] {logging_mixin.py:151} INFO - [2023-10-11T07:19:02.251+0000] {dag.py:3696} INFO - Setting next_dagrun for example_local_kubernetes_executor to None, run_after=None
[2023-10-11T07:19:02.303+0000] {processor.py:179} INFO - Processing /home/airflow/.local/lib/python3.8/site-packages/airflow/example_dags/example_local_kubernetes_executor.py took 0.492 seconds
[2023-10-11T07:19:32.688+0000] {processor.py:157} INFO - Started process (PID=8832) to work on /home/airflow/.local/lib/python3.8/site-packages/airflow/example_dags/example_local_kubernetes_executor.py
[2023-10-11T07:19:32.689+0000] {processor.py:829} INFO - Processing file /home/airflow/.local/lib/python3.8/site-packages/airflow/example_dags/example_local_kubernetes_executor.py for tasks to queue
[2023-10-11T07:19:32.690+0000] {logging_mixin.py:151} INFO - [2023-10-11T07:19:32.690+0000] {dagbag.py:539} INFO - Filling up the DagBag from /home/airflow/.local/lib/python3.8/site-packages/airflow/example_dags/example_local_kubernetes_executor.py
[2023-10-11T07:19:33.029+0000] {processor.py:839} INFO - DAG(s) dict_keys(['example_local_kubernetes_executor']) retrieved from /home/airflow/.local/lib/python3.8/site-packages/airflow/example_dags/example_local_kubernetes_executor.py
[2023-10-11T07:19:33.113+0000] {logging_mixin.py:151} INFO - [2023-10-11T07:19:33.112+0000] {dag.py:2915} INFO - Sync 1 DAGs
[2023-10-11T07:19:33.138+0000] {logging_mixin.py:151} INFO - [2023-10-11T07:19:33.138+0000] {dag.py:3696} INFO - Setting next_dagrun for example_local_kubernetes_executor to None, run_after=None
[2023-10-11T07:19:33.187+0000] {processor.py:179} INFO - Processing /home/airflow/.local/lib/python3.8/site-packages/airflow/example_dags/example_local_kubernetes_executor.py took 0.503 seconds
[2023-10-11T07:20:04.194+0000] {processor.py:157} INFO - Started process (PID=9075) to work on /home/airflow/.local/lib/python3.8/site-packages/airflow/example_dags/example_local_kubernetes_executor.py
[2023-10-11T07:20:04.197+0000] {processor.py:829} INFO - Processing file /home/airflow/.local/lib/python3.8/site-packages/airflow/example_dags/example_local_kubernetes_executor.py for tasks to queue
[2023-10-11T07:20:04.199+0000] {logging_mixin.py:151} INFO - [2023-10-11T07:20:04.198+0000] {dagbag.py:539} INFO - Filling up the DagBag from /home/airflow/.local/lib/python3.8/site-packages/airflow/example_dags/example_local_kubernetes_executor.py
[2023-10-11T07:20:04.780+0000] {processor.py:839} INFO - DAG(s) dict_keys(['example_local_kubernetes_executor']) retrieved from /home/airflow/.local/lib/python3.8/site-packages/airflow/example_dags/example_local_kubernetes_executor.py
[2023-10-11T07:20:04.884+0000] {logging_mixin.py:151} INFO - [2023-10-11T07:20:04.883+0000] {dag.py:2915} INFO - Sync 1 DAGs
[2023-10-11T07:20:04.920+0000] {logging_mixin.py:151} INFO - [2023-10-11T07:20:04.920+0000] {dag.py:3696} INFO - Setting next_dagrun for example_local_kubernetes_executor to None, run_after=None
[2023-10-11T07:20:04.963+0000] {processor.py:179} INFO - Processing /home/airflow/.local/lib/python3.8/site-packages/airflow/example_dags/example_local_kubernetes_executor.py took 0.776 seconds
[2023-10-11T07:20:35.702+0000] {processor.py:157} INFO - Started process (PID=9323) to work on /home/airflow/.local/lib/python3.8/site-packages/airflow/example_dags/example_local_kubernetes_executor.py
[2023-10-11T07:20:35.705+0000] {processor.py:829} INFO - Processing file /home/airflow/.local/lib/python3.8/site-packages/airflow/example_dags/example_local_kubernetes_executor.py for tasks to queue
[2023-10-11T07:20:35.707+0000] {logging_mixin.py:151} INFO - [2023-10-11T07:20:35.706+0000] {dagbag.py:539} INFO - Filling up the DagBag from /home/airflow/.local/lib/python3.8/site-packages/airflow/example_dags/example_local_kubernetes_executor.py
[2023-10-11T07:20:36.255+0000] {processor.py:839} INFO - DAG(s) dict_keys(['example_local_kubernetes_executor']) retrieved from /home/airflow/.local/lib/python3.8/site-packages/airflow/example_dags/example_local_kubernetes_executor.py
[2023-10-11T07:20:36.310+0000] {logging_mixin.py:151} INFO - [2023-10-11T07:20:36.309+0000] {dag.py:2915} INFO - Sync 1 DAGs
[2023-10-11T07:20:36.327+0000] {logging_mixin.py:151} INFO - [2023-10-11T07:20:36.327+0000] {dag.py:3696} INFO - Setting next_dagrun for example_local_kubernetes_executor to None, run_after=None
[2023-10-11T07:20:36.353+0000] {processor.py:179} INFO - Processing /home/airflow/.local/lib/python3.8/site-packages/airflow/example_dags/example_local_kubernetes_executor.py took 0.657 seconds
[2023-10-11T07:21:07.035+0000] {processor.py:157} INFO - Started process (PID=9573) to work on /home/airflow/.local/lib/python3.8/site-packages/airflow/example_dags/example_local_kubernetes_executor.py
[2023-10-11T07:21:07.036+0000] {processor.py:829} INFO - Processing file /home/airflow/.local/lib/python3.8/site-packages/airflow/example_dags/example_local_kubernetes_executor.py for tasks to queue
[2023-10-11T07:21:07.037+0000] {logging_mixin.py:151} INFO - [2023-10-11T07:21:07.037+0000] {dagbag.py:539} INFO - Filling up the DagBag from /home/airflow/.local/lib/python3.8/site-packages/airflow/example_dags/example_local_kubernetes_executor.py
[2023-10-11T07:21:07.583+0000] {processor.py:839} INFO - DAG(s) dict_keys(['example_local_kubernetes_executor']) retrieved from /home/airflow/.local/lib/python3.8/site-packages/airflow/example_dags/example_local_kubernetes_executor.py
[2023-10-11T07:21:07.633+0000] {logging_mixin.py:151} INFO - [2023-10-11T07:21:07.632+0000] {dag.py:2915} INFO - Sync 1 DAGs
[2023-10-11T07:21:07.654+0000] {logging_mixin.py:151} INFO - [2023-10-11T07:21:07.654+0000] {dag.py:3696} INFO - Setting next_dagrun for example_local_kubernetes_executor to None, run_after=None
[2023-10-11T07:21:07.688+0000] {processor.py:179} INFO - Processing /home/airflow/.local/lib/python3.8/site-packages/airflow/example_dags/example_local_kubernetes_executor.py took 0.658 seconds
[2023-10-11T07:21:37.829+0000] {processor.py:157} INFO - Started process (PID=9821) to work on /home/airflow/.local/lib/python3.8/site-packages/airflow/example_dags/example_local_kubernetes_executor.py
[2023-10-11T07:21:37.830+0000] {processor.py:829} INFO - Processing file /home/airflow/.local/lib/python3.8/site-packages/airflow/example_dags/example_local_kubernetes_executor.py for tasks to queue
[2023-10-11T07:21:37.830+0000] {logging_mixin.py:151} INFO - [2023-10-11T07:21:37.830+0000] {dagbag.py:539} INFO - Filling up the DagBag from /home/airflow/.local/lib/python3.8/site-packages/airflow/example_dags/example_local_kubernetes_executor.py
[2023-10-11T07:21:37.999+0000] {processor.py:839} INFO - DAG(s) dict_keys(['example_local_kubernetes_executor']) retrieved from /home/airflow/.local/lib/python3.8/site-packages/airflow/example_dags/example_local_kubernetes_executor.py
[2023-10-11T07:21:38.025+0000] {logging_mixin.py:151} INFO - [2023-10-11T07:21:38.025+0000] {dag.py:2915} INFO - Sync 1 DAGs
[2023-10-11T07:21:38.032+0000] {logging_mixin.py:151} INFO - [2023-10-11T07:21:38.032+0000] {dag.py:3696} INFO - Setting next_dagrun for example_local_kubernetes_executor to None, run_after=None
[2023-10-11T07:21:38.043+0000] {processor.py:179} INFO - Processing /home/airflow/.local/lib/python3.8/site-packages/airflow/example_dags/example_local_kubernetes_executor.py took 0.218 seconds
[2023-10-11T07:22:08.637+0000] {processor.py:157} INFO - Started process (PID=10059) to work on /home/airflow/.local/lib/python3.8/site-packages/airflow/example_dags/example_local_kubernetes_executor.py
[2023-10-11T07:22:08.644+0000] {processor.py:829} INFO - Processing file /home/airflow/.local/lib/python3.8/site-packages/airflow/example_dags/example_local_kubernetes_executor.py for tasks to queue
[2023-10-11T07:22:08.669+0000] {logging_mixin.py:151} INFO - [2023-10-11T07:22:08.667+0000] {dagbag.py:539} INFO - Filling up the DagBag from /home/airflow/.local/lib/python3.8/site-packages/airflow/example_dags/example_local_kubernetes_executor.py
[2023-10-11T07:22:09.216+0000] {processor.py:839} INFO - DAG(s) dict_keys(['example_local_kubernetes_executor']) retrieved from /home/airflow/.local/lib/python3.8/site-packages/airflow/example_dags/example_local_kubernetes_executor.py
[2023-10-11T07:22:09.283+0000] {logging_mixin.py:151} INFO - [2023-10-11T07:22:09.282+0000] {dag.py:2915} INFO - Sync 1 DAGs
[2023-10-11T07:22:09.321+0000] {logging_mixin.py:151} INFO - [2023-10-11T07:22:09.321+0000] {dag.py:3696} INFO - Setting next_dagrun for example_local_kubernetes_executor to None, run_after=None
[2023-10-11T07:22:09.355+0000] {processor.py:179} INFO - Processing /home/airflow/.local/lib/python3.8/site-packages/airflow/example_dags/example_local_kubernetes_executor.py took 0.723 seconds
[2023-10-11T07:22:39.444+0000] {processor.py:157} INFO - Started process (PID=10307) to work on /home/airflow/.local/lib/python3.8/site-packages/airflow/example_dags/example_local_kubernetes_executor.py
[2023-10-11T07:22:39.451+0000] {processor.py:829} INFO - Processing file /home/airflow/.local/lib/python3.8/site-packages/airflow/example_dags/example_local_kubernetes_executor.py for tasks to queue
[2023-10-11T07:22:39.459+0000] {logging_mixin.py:151} INFO - [2023-10-11T07:22:39.459+0000] {dagbag.py:539} INFO - Filling up the DagBag from /home/airflow/.local/lib/python3.8/site-packages/airflow/example_dags/example_local_kubernetes_executor.py
[2023-10-11T07:22:39.651+0000] {processor.py:839} INFO - DAG(s) dict_keys(['example_local_kubernetes_executor']) retrieved from /home/airflow/.local/lib/python3.8/site-packages/airflow/example_dags/example_local_kubernetes_executor.py
[2023-10-11T07:22:39.683+0000] {logging_mixin.py:151} INFO - [2023-10-11T07:22:39.682+0000] {dag.py:2915} INFO - Sync 1 DAGs
[2023-10-11T07:22:39.693+0000] {logging_mixin.py:151} INFO - [2023-10-11T07:22:39.693+0000] {dag.py:3696} INFO - Setting next_dagrun for example_local_kubernetes_executor to None, run_after=None
[2023-10-11T07:22:39.707+0000] {processor.py:179} INFO - Processing /home/airflow/.local/lib/python3.8/site-packages/airflow/example_dags/example_local_kubernetes_executor.py took 0.267 seconds
[2023-10-11T07:23:09.789+0000] {processor.py:157} INFO - Started process (PID=10555) to work on /home/airflow/.local/lib/python3.8/site-packages/airflow/example_dags/example_local_kubernetes_executor.py
[2023-10-11T07:23:09.790+0000] {processor.py:829} INFO - Processing file /home/airflow/.local/lib/python3.8/site-packages/airflow/example_dags/example_local_kubernetes_executor.py for tasks to queue
[2023-10-11T07:23:09.791+0000] {logging_mixin.py:151} INFO - [2023-10-11T07:23:09.791+0000] {dagbag.py:539} INFO - Filling up the DagBag from /home/airflow/.local/lib/python3.8/site-packages/airflow/example_dags/example_local_kubernetes_executor.py
[2023-10-11T07:23:10.052+0000] {processor.py:839} INFO - DAG(s) dict_keys(['example_local_kubernetes_executor']) retrieved from /home/airflow/.local/lib/python3.8/site-packages/airflow/example_dags/example_local_kubernetes_executor.py
[2023-10-11T07:23:10.099+0000] {logging_mixin.py:151} INFO - [2023-10-11T07:23:10.098+0000] {dag.py:2915} INFO - Sync 1 DAGs
[2023-10-11T07:23:10.110+0000] {logging_mixin.py:151} INFO - [2023-10-11T07:23:10.109+0000] {dag.py:3696} INFO - Setting next_dagrun for example_local_kubernetes_executor to None, run_after=None
[2023-10-11T07:23:10.125+0000] {processor.py:179} INFO - Processing /home/airflow/.local/lib/python3.8/site-packages/airflow/example_dags/example_local_kubernetes_executor.py took 0.339 seconds
[2023-10-11T07:23:41.085+0000] {processor.py:157} INFO - Started process (PID=10798) to work on /home/airflow/.local/lib/python3.8/site-packages/airflow/example_dags/example_local_kubernetes_executor.py
[2023-10-11T07:23:41.086+0000] {processor.py:829} INFO - Processing file /home/airflow/.local/lib/python3.8/site-packages/airflow/example_dags/example_local_kubernetes_executor.py for tasks to queue
[2023-10-11T07:23:41.087+0000] {logging_mixin.py:151} INFO - [2023-10-11T07:23:41.087+0000] {dagbag.py:539} INFO - Filling up the DagBag from /home/airflow/.local/lib/python3.8/site-packages/airflow/example_dags/example_local_kubernetes_executor.py
[2023-10-11T07:23:41.253+0000] {processor.py:839} INFO - DAG(s) dict_keys(['example_local_kubernetes_executor']) retrieved from /home/airflow/.local/lib/python3.8/site-packages/airflow/example_dags/example_local_kubernetes_executor.py
[2023-10-11T07:23:41.294+0000] {logging_mixin.py:151} INFO - [2023-10-11T07:23:41.293+0000] {dag.py:2915} INFO - Sync 1 DAGs
[2023-10-11T07:23:41.305+0000] {logging_mixin.py:151} INFO - [2023-10-11T07:23:41.305+0000] {dag.py:3696} INFO - Setting next_dagrun for example_local_kubernetes_executor to None, run_after=None
[2023-10-11T07:23:41.318+0000] {processor.py:179} INFO - Processing /home/airflow/.local/lib/python3.8/site-packages/airflow/example_dags/example_local_kubernetes_executor.py took 0.236 seconds
[2023-10-11T07:24:11.381+0000] {processor.py:157} INFO - Started process (PID=11051) to work on /home/airflow/.local/lib/python3.8/site-packages/airflow/example_dags/example_local_kubernetes_executor.py
[2023-10-11T07:24:11.383+0000] {processor.py:829} INFO - Processing file /home/airflow/.local/lib/python3.8/site-packages/airflow/example_dags/example_local_kubernetes_executor.py for tasks to queue
[2023-10-11T07:24:11.384+0000] {logging_mixin.py:151} INFO - [2023-10-11T07:24:11.384+0000] {dagbag.py:539} INFO - Filling up the DagBag from /home/airflow/.local/lib/python3.8/site-packages/airflow/example_dags/example_local_kubernetes_executor.py
[2023-10-11T07:24:11.592+0000] {processor.py:839} INFO - DAG(s) dict_keys(['example_local_kubernetes_executor']) retrieved from /home/airflow/.local/lib/python3.8/site-packages/airflow/example_dags/example_local_kubernetes_executor.py
[2023-10-11T07:24:11.622+0000] {logging_mixin.py:151} INFO - [2023-10-11T07:24:11.621+0000] {dag.py:2915} INFO - Sync 1 DAGs
[2023-10-11T07:24:11.632+0000] {logging_mixin.py:151} INFO - [2023-10-11T07:24:11.632+0000] {dag.py:3696} INFO - Setting next_dagrun for example_local_kubernetes_executor to None, run_after=None
[2023-10-11T07:24:11.645+0000] {processor.py:179} INFO - Processing /home/airflow/.local/lib/python3.8/site-packages/airflow/example_dags/example_local_kubernetes_executor.py took 0.267 seconds
[2023-10-11T07:24:41.784+0000] {processor.py:157} INFO - Started process (PID=11284) to work on /home/airflow/.local/lib/python3.8/site-packages/airflow/example_dags/example_local_kubernetes_executor.py
[2023-10-11T07:24:41.785+0000] {processor.py:829} INFO - Processing file /home/airflow/.local/lib/python3.8/site-packages/airflow/example_dags/example_local_kubernetes_executor.py for tasks to queue
[2023-10-11T07:24:41.786+0000] {logging_mixin.py:151} INFO - [2023-10-11T07:24:41.786+0000] {dagbag.py:539} INFO - Filling up the DagBag from /home/airflow/.local/lib/python3.8/site-packages/airflow/example_dags/example_local_kubernetes_executor.py
[2023-10-11T07:24:41.955+0000] {processor.py:839} INFO - DAG(s) dict_keys(['example_local_kubernetes_executor']) retrieved from /home/airflow/.local/lib/python3.8/site-packages/airflow/example_dags/example_local_kubernetes_executor.py
[2023-10-11T07:24:41.984+0000] {logging_mixin.py:151} INFO - [2023-10-11T07:24:41.984+0000] {dag.py:2915} INFO - Sync 1 DAGs
[2023-10-11T07:24:41.993+0000] {logging_mixin.py:151} INFO - [2023-10-11T07:24:41.993+0000] {dag.py:3696} INFO - Setting next_dagrun for example_local_kubernetes_executor to None, run_after=None
[2023-10-11T07:24:42.005+0000] {processor.py:179} INFO - Processing /home/airflow/.local/lib/python3.8/site-packages/airflow/example_dags/example_local_kubernetes_executor.py took 0.225 seconds
[2023-10-11T07:25:12.296+0000] {processor.py:157} INFO - Started process (PID=11525) to work on /home/airflow/.local/lib/python3.8/site-packages/airflow/example_dags/example_local_kubernetes_executor.py
[2023-10-11T07:25:12.297+0000] {processor.py:829} INFO - Processing file /home/airflow/.local/lib/python3.8/site-packages/airflow/example_dags/example_local_kubernetes_executor.py for tasks to queue
[2023-10-11T07:25:12.299+0000] {logging_mixin.py:151} INFO - [2023-10-11T07:25:12.298+0000] {dagbag.py:539} INFO - Filling up the DagBag from /home/airflow/.local/lib/python3.8/site-packages/airflow/example_dags/example_local_kubernetes_executor.py
[2023-10-11T07:25:12.801+0000] {processor.py:839} INFO - DAG(s) dict_keys(['example_local_kubernetes_executor']) retrieved from /home/airflow/.local/lib/python3.8/site-packages/airflow/example_dags/example_local_kubernetes_executor.py
[2023-10-11T07:25:12.925+0000] {logging_mixin.py:151} INFO - [2023-10-11T07:25:12.924+0000] {dag.py:2915} INFO - Sync 1 DAGs
[2023-10-11T07:25:12.944+0000] {logging_mixin.py:151} INFO - [2023-10-11T07:25:12.944+0000] {dag.py:3696} INFO - Setting next_dagrun for example_local_kubernetes_executor to None, run_after=None
[2023-10-11T07:25:13.016+0000] {processor.py:179} INFO - Processing /home/airflow/.local/lib/python3.8/site-packages/airflow/example_dags/example_local_kubernetes_executor.py took 0.724 seconds
[2023-10-11T07:25:43.282+0000] {processor.py:157} INFO - Started process (PID=11778) to work on /home/airflow/.local/lib/python3.8/site-packages/airflow/example_dags/example_local_kubernetes_executor.py
[2023-10-11T07:25:43.284+0000] {processor.py:829} INFO - Processing file /home/airflow/.local/lib/python3.8/site-packages/airflow/example_dags/example_local_kubernetes_executor.py for tasks to queue
[2023-10-11T07:25:43.285+0000] {logging_mixin.py:151} INFO - [2023-10-11T07:25:43.285+0000] {dagbag.py:539} INFO - Filling up the DagBag from /home/airflow/.local/lib/python3.8/site-packages/airflow/example_dags/example_local_kubernetes_executor.py
[2023-10-11T07:25:43.819+0000] {processor.py:839} INFO - DAG(s) dict_keys(['example_local_kubernetes_executor']) retrieved from /home/airflow/.local/lib/python3.8/site-packages/airflow/example_dags/example_local_kubernetes_executor.py
[2023-10-11T07:25:43.890+0000] {logging_mixin.py:151} INFO - [2023-10-11T07:25:43.889+0000] {dag.py:2915} INFO - Sync 1 DAGs
[2023-10-11T07:25:43.915+0000] {logging_mixin.py:151} INFO - [2023-10-11T07:25:43.915+0000] {dag.py:3696} INFO - Setting next_dagrun for example_local_kubernetes_executor to None, run_after=None
[2023-10-11T07:25:43.937+0000] {processor.py:179} INFO - Processing /home/airflow/.local/lib/python3.8/site-packages/airflow/example_dags/example_local_kubernetes_executor.py took 0.659 seconds
[2023-10-11T07:26:14.028+0000] {processor.py:157} INFO - Started process (PID=12043) to work on /home/airflow/.local/lib/python3.8/site-packages/airflow/example_dags/example_local_kubernetes_executor.py
[2023-10-11T07:26:14.030+0000] {processor.py:829} INFO - Processing file /home/airflow/.local/lib/python3.8/site-packages/airflow/example_dags/example_local_kubernetes_executor.py for tasks to queue
[2023-10-11T07:26:14.032+0000] {logging_mixin.py:151} INFO - [2023-10-11T07:26:14.031+0000] {dagbag.py:539} INFO - Filling up the DagBag from /home/airflow/.local/lib/python3.8/site-packages/airflow/example_dags/example_local_kubernetes_executor.py
[2023-10-11T07:26:14.389+0000] {processor.py:839} INFO - DAG(s) dict_keys(['example_local_kubernetes_executor']) retrieved from /home/airflow/.local/lib/python3.8/site-packages/airflow/example_dags/example_local_kubernetes_executor.py
[2023-10-11T07:26:14.433+0000] {logging_mixin.py:151} INFO - [2023-10-11T07:26:14.432+0000] {dag.py:2915} INFO - Sync 1 DAGs
[2023-10-11T07:26:14.452+0000] {logging_mixin.py:151} INFO - [2023-10-11T07:26:14.452+0000] {dag.py:3696} INFO - Setting next_dagrun for example_local_kubernetes_executor to None, run_after=None
[2023-10-11T07:26:14.483+0000] {processor.py:179} INFO - Processing /home/airflow/.local/lib/python3.8/site-packages/airflow/example_dags/example_local_kubernetes_executor.py took 0.462 seconds
[2023-10-11T07:26:44.887+0000] {processor.py:157} INFO - Started process (PID=12284) to work on /home/airflow/.local/lib/python3.8/site-packages/airflow/example_dags/example_local_kubernetes_executor.py
[2023-10-11T07:26:44.889+0000] {processor.py:829} INFO - Processing file /home/airflow/.local/lib/python3.8/site-packages/airflow/example_dags/example_local_kubernetes_executor.py for tasks to queue
[2023-10-11T07:26:44.890+0000] {logging_mixin.py:151} INFO - [2023-10-11T07:26:44.890+0000] {dagbag.py:539} INFO - Filling up the DagBag from /home/airflow/.local/lib/python3.8/site-packages/airflow/example_dags/example_local_kubernetes_executor.py
[2023-10-11T07:26:45.194+0000] {processor.py:839} INFO - DAG(s) dict_keys(['example_local_kubernetes_executor']) retrieved from /home/airflow/.local/lib/python3.8/site-packages/airflow/example_dags/example_local_kubernetes_executor.py
[2023-10-11T07:26:45.231+0000] {logging_mixin.py:151} INFO - [2023-10-11T07:26:45.231+0000] {dag.py:2915} INFO - Sync 1 DAGs
[2023-10-11T07:26:45.244+0000] {logging_mixin.py:151} INFO - [2023-10-11T07:26:45.244+0000] {dag.py:3696} INFO - Setting next_dagrun for example_local_kubernetes_executor to None, run_after=None
[2023-10-11T07:26:45.288+0000] {processor.py:179} INFO - Processing /home/airflow/.local/lib/python3.8/site-packages/airflow/example_dags/example_local_kubernetes_executor.py took 0.406 seconds
[2023-10-11T07:27:15.380+0000] {processor.py:157} INFO - Started process (PID=12529) to work on /home/airflow/.local/lib/python3.8/site-packages/airflow/example_dags/example_local_kubernetes_executor.py
[2023-10-11T07:27:15.381+0000] {processor.py:829} INFO - Processing file /home/airflow/.local/lib/python3.8/site-packages/airflow/example_dags/example_local_kubernetes_executor.py for tasks to queue
[2023-10-11T07:27:15.382+0000] {logging_mixin.py:151} INFO - [2023-10-11T07:27:15.382+0000] {dagbag.py:539} INFO - Filling up the DagBag from /home/airflow/.local/lib/python3.8/site-packages/airflow/example_dags/example_local_kubernetes_executor.py
[2023-10-11T07:27:15.625+0000] {processor.py:839} INFO - DAG(s) dict_keys(['example_local_kubernetes_executor']) retrieved from /home/airflow/.local/lib/python3.8/site-packages/airflow/example_dags/example_local_kubernetes_executor.py
[2023-10-11T07:27:15.690+0000] {logging_mixin.py:151} INFO - [2023-10-11T07:27:15.689+0000] {dag.py:2915} INFO - Sync 1 DAGs
[2023-10-11T07:27:15.703+0000] {logging_mixin.py:151} INFO - [2023-10-11T07:27:15.703+0000] {dag.py:3696} INFO - Setting next_dagrun for example_local_kubernetes_executor to None, run_after=None
[2023-10-11T07:27:15.720+0000] {processor.py:179} INFO - Processing /home/airflow/.local/lib/python3.8/site-packages/airflow/example_dags/example_local_kubernetes_executor.py took 0.344 seconds
[2023-10-11T07:27:46.521+0000] {processor.py:157} INFO - Started process (PID=12772) to work on /home/airflow/.local/lib/python3.8/site-packages/airflow/example_dags/example_local_kubernetes_executor.py
[2023-10-11T07:27:46.522+0000] {processor.py:829} INFO - Processing file /home/airflow/.local/lib/python3.8/site-packages/airflow/example_dags/example_local_kubernetes_executor.py for tasks to queue
[2023-10-11T07:27:46.522+0000] {logging_mixin.py:151} INFO - [2023-10-11T07:27:46.522+0000] {dagbag.py:539} INFO - Filling up the DagBag from /home/airflow/.local/lib/python3.8/site-packages/airflow/example_dags/example_local_kubernetes_executor.py
[2023-10-11T07:27:46.708+0000] {processor.py:839} INFO - DAG(s) dict_keys(['example_local_kubernetes_executor']) retrieved from /home/airflow/.local/lib/python3.8/site-packages/airflow/example_dags/example_local_kubernetes_executor.py
[2023-10-11T07:27:46.732+0000] {logging_mixin.py:151} INFO - [2023-10-11T07:27:46.731+0000] {dag.py:2915} INFO - Sync 1 DAGs
[2023-10-11T07:27:46.742+0000] {logging_mixin.py:151} INFO - [2023-10-11T07:27:46.742+0000] {dag.py:3696} INFO - Setting next_dagrun for example_local_kubernetes_executor to None, run_after=None
[2023-10-11T07:27:46.759+0000] {processor.py:179} INFO - Processing /home/airflow/.local/lib/python3.8/site-packages/airflow/example_dags/example_local_kubernetes_executor.py took 0.240 seconds
[2023-10-11T07:28:16.813+0000] {processor.py:157} INFO - Started process (PID=13015) to work on /home/airflow/.local/lib/python3.8/site-packages/airflow/example_dags/example_local_kubernetes_executor.py
[2023-10-11T07:28:16.814+0000] {processor.py:829} INFO - Processing file /home/airflow/.local/lib/python3.8/site-packages/airflow/example_dags/example_local_kubernetes_executor.py for tasks to queue
[2023-10-11T07:28:16.814+0000] {logging_mixin.py:151} INFO - [2023-10-11T07:28:16.814+0000] {dagbag.py:539} INFO - Filling up the DagBag from /home/airflow/.local/lib/python3.8/site-packages/airflow/example_dags/example_local_kubernetes_executor.py
[2023-10-11T07:28:16.956+0000] {processor.py:839} INFO - DAG(s) dict_keys(['example_local_kubernetes_executor']) retrieved from /home/airflow/.local/lib/python3.8/site-packages/airflow/example_dags/example_local_kubernetes_executor.py
[2023-10-11T07:28:16.988+0000] {logging_mixin.py:151} INFO - [2023-10-11T07:28:16.988+0000] {dag.py:2915} INFO - Sync 1 DAGs
[2023-10-11T07:28:16.995+0000] {logging_mixin.py:151} INFO - [2023-10-11T07:28:16.995+0000] {dag.py:3696} INFO - Setting next_dagrun for example_local_kubernetes_executor to None, run_after=None
[2023-10-11T07:28:17.006+0000] {processor.py:179} INFO - Processing /home/airflow/.local/lib/python3.8/site-packages/airflow/example_dags/example_local_kubernetes_executor.py took 0.195 seconds
