[2023-10-11T07:01:31.942+0000] {processor.py:157} INFO - Started process (PID=230) to work on /home/airflow/.local/lib/python3.8/site-packages/airflow/example_dags/example_latest_only.py
[2023-10-11T07:01:31.943+0000] {processor.py:829} INFO - Processing file /home/airflow/.local/lib/python3.8/site-packages/airflow/example_dags/example_latest_only.py for tasks to queue
[2023-10-11T07:01:31.944+0000] {logging_mixin.py:151} INFO - [2023-10-11T07:01:31.944+0000] {dagbag.py:539} INFO - Filling up the DagBag from /home/airflow/.local/lib/python3.8/site-packages/airflow/example_dags/example_latest_only.py
[2023-10-11T07:01:31.952+0000] {processor.py:839} INFO - DAG(s) dict_keys(['latest_only']) retrieved from /home/airflow/.local/lib/python3.8/site-packages/airflow/example_dags/example_latest_only.py
[2023-10-11T07:01:32.226+0000] {logging_mixin.py:151} INFO - [2023-10-11T07:01:32.226+0000] {manager.py:499} INFO - Created Permission View: %s
[2023-10-11T07:01:32.233+0000] {logging_mixin.py:151} INFO - [2023-10-11T07:01:32.233+0000] {manager.py:499} INFO - Created Permission View: %s
[2023-10-11T07:01:32.238+0000] {logging_mixin.py:151} INFO - [2023-10-11T07:01:32.238+0000] {manager.py:499} INFO - Created Permission View: %s
[2023-10-11T07:01:32.239+0000] {logging_mixin.py:151} INFO - [2023-10-11T07:01:32.239+0000] {security.py:708} INFO - Not syncing DAG-level permissions for DAG 'DAG:latest_only' as access control is unset.
[2023-10-11T07:01:32.239+0000] {logging_mixin.py:151} INFO - [2023-10-11T07:01:32.239+0000] {dag.py:2915} INFO - Sync 1 DAGs
[2023-10-11T07:01:32.246+0000] {logging_mixin.py:151} INFO - [2023-10-11T07:01:32.246+0000] {dag.py:2937} INFO - Creating ORM DAG for latest_only
[2023-10-11T07:01:32.254+0000] {logging_mixin.py:151} INFO - [2023-10-11T07:01:32.254+0000] {dag.py:3696} INFO - Setting next_dagrun for latest_only to 2023-10-11T03:01:32.253925+00:00, run_after=2023-10-11T07:01:32.253925+00:00
[2023-10-11T07:01:32.296+0000] {processor.py:179} INFO - Processing /home/airflow/.local/lib/python3.8/site-packages/airflow/example_dags/example_latest_only.py took 0.357 seconds
[2023-10-11T07:02:03.057+0000] {processor.py:157} INFO - Started process (PID=469) to work on /home/airflow/.local/lib/python3.8/site-packages/airflow/example_dags/example_latest_only.py
[2023-10-11T07:02:03.061+0000] {processor.py:829} INFO - Processing file /home/airflow/.local/lib/python3.8/site-packages/airflow/example_dags/example_latest_only.py for tasks to queue
[2023-10-11T07:02:03.074+0000] {logging_mixin.py:151} INFO - [2023-10-11T07:02:03.073+0000] {dagbag.py:539} INFO - Filling up the DagBag from /home/airflow/.local/lib/python3.8/site-packages/airflow/example_dags/example_latest_only.py
[2023-10-11T07:02:03.084+0000] {processor.py:839} INFO - DAG(s) dict_keys(['latest_only']) retrieved from /home/airflow/.local/lib/python3.8/site-packages/airflow/example_dags/example_latest_only.py
[2023-10-11T07:02:03.113+0000] {logging_mixin.py:151} INFO - [2023-10-11T07:02:03.113+0000] {dag.py:2915} INFO - Sync 1 DAGs
[2023-10-11T07:02:03.130+0000] {logging_mixin.py:151} INFO - [2023-10-11T07:02:03.130+0000] {dag.py:3696} INFO - Setting next_dagrun for latest_only to 2023-10-11T03:02:03.129759+00:00, run_after=2023-10-11T07:02:03.129759+00:00
[2023-10-11T07:02:03.144+0000] {processor.py:179} INFO - Processing /home/airflow/.local/lib/python3.8/site-packages/airflow/example_dags/example_latest_only.py took 0.091 seconds
[2023-10-11T07:02:34.046+0000] {processor.py:157} INFO - Started process (PID=708) to work on /home/airflow/.local/lib/python3.8/site-packages/airflow/example_dags/example_latest_only.py
[2023-10-11T07:02:34.046+0000] {processor.py:829} INFO - Processing file /home/airflow/.local/lib/python3.8/site-packages/airflow/example_dags/example_latest_only.py for tasks to queue
[2023-10-11T07:02:34.047+0000] {logging_mixin.py:151} INFO - [2023-10-11T07:02:34.047+0000] {dagbag.py:539} INFO - Filling up the DagBag from /home/airflow/.local/lib/python3.8/site-packages/airflow/example_dags/example_latest_only.py
[2023-10-11T07:02:34.052+0000] {processor.py:839} INFO - DAG(s) dict_keys(['latest_only']) retrieved from /home/airflow/.local/lib/python3.8/site-packages/airflow/example_dags/example_latest_only.py
[2023-10-11T07:02:34.072+0000] {logging_mixin.py:151} INFO - [2023-10-11T07:02:34.072+0000] {dag.py:2915} INFO - Sync 1 DAGs
[2023-10-11T07:02:34.089+0000] {logging_mixin.py:151} INFO - [2023-10-11T07:02:34.089+0000] {dag.py:3696} INFO - Setting next_dagrun for latest_only to 2023-10-11T03:02:34.089167+00:00, run_after=2023-10-11T07:02:34.089167+00:00
[2023-10-11T07:02:34.098+0000] {processor.py:179} INFO - Processing /home/airflow/.local/lib/python3.8/site-packages/airflow/example_dags/example_latest_only.py took 0.055 seconds
[2023-10-11T07:03:04.909+0000] {processor.py:157} INFO - Started process (PID=946) to work on /home/airflow/.local/lib/python3.8/site-packages/airflow/example_dags/example_latest_only.py
[2023-10-11T07:03:04.910+0000] {processor.py:829} INFO - Processing file /home/airflow/.local/lib/python3.8/site-packages/airflow/example_dags/example_latest_only.py for tasks to queue
[2023-10-11T07:03:04.911+0000] {logging_mixin.py:151} INFO - [2023-10-11T07:03:04.910+0000] {dagbag.py:539} INFO - Filling up the DagBag from /home/airflow/.local/lib/python3.8/site-packages/airflow/example_dags/example_latest_only.py
[2023-10-11T07:03:04.915+0000] {processor.py:839} INFO - DAG(s) dict_keys(['latest_only']) retrieved from /home/airflow/.local/lib/python3.8/site-packages/airflow/example_dags/example_latest_only.py
[2023-10-11T07:03:04.930+0000] {logging_mixin.py:151} INFO - [2023-10-11T07:03:04.930+0000] {dag.py:2915} INFO - Sync 1 DAGs
[2023-10-11T07:03:04.946+0000] {logging_mixin.py:151} INFO - [2023-10-11T07:03:04.945+0000] {dag.py:3696} INFO - Setting next_dagrun for latest_only to 2023-10-11T03:03:04.945733+00:00, run_after=2023-10-11T07:03:04.945733+00:00
[2023-10-11T07:03:04.965+0000] {processor.py:179} INFO - Processing /home/airflow/.local/lib/python3.8/site-packages/airflow/example_dags/example_latest_only.py took 0.058 seconds
[2023-10-11T07:03:35.824+0000] {processor.py:157} INFO - Started process (PID=1184) to work on /home/airflow/.local/lib/python3.8/site-packages/airflow/example_dags/example_latest_only.py
[2023-10-11T07:03:35.825+0000] {processor.py:829} INFO - Processing file /home/airflow/.local/lib/python3.8/site-packages/airflow/example_dags/example_latest_only.py for tasks to queue
[2023-10-11T07:03:35.826+0000] {logging_mixin.py:151} INFO - [2023-10-11T07:03:35.825+0000] {dagbag.py:539} INFO - Filling up the DagBag from /home/airflow/.local/lib/python3.8/site-packages/airflow/example_dags/example_latest_only.py
[2023-10-11T07:03:35.830+0000] {processor.py:839} INFO - DAG(s) dict_keys(['latest_only']) retrieved from /home/airflow/.local/lib/python3.8/site-packages/airflow/example_dags/example_latest_only.py
[2023-10-11T07:03:35.843+0000] {logging_mixin.py:151} INFO - [2023-10-11T07:03:35.843+0000] {dag.py:2915} INFO - Sync 1 DAGs
[2023-10-11T07:03:35.857+0000] {logging_mixin.py:151} INFO - [2023-10-11T07:03:35.857+0000] {dag.py:3696} INFO - Setting next_dagrun for latest_only to 2023-10-11T03:03:35.857160+00:00, run_after=2023-10-11T07:03:35.857160+00:00
[2023-10-11T07:03:35.873+0000] {processor.py:179} INFO - Processing /home/airflow/.local/lib/python3.8/site-packages/airflow/example_dags/example_latest_only.py took 0.051 seconds
[2023-10-11T07:04:06.682+0000] {processor.py:157} INFO - Started process (PID=1422) to work on /home/airflow/.local/lib/python3.8/site-packages/airflow/example_dags/example_latest_only.py
[2023-10-11T07:04:06.689+0000] {processor.py:829} INFO - Processing file /home/airflow/.local/lib/python3.8/site-packages/airflow/example_dags/example_latest_only.py for tasks to queue
[2023-10-11T07:04:06.691+0000] {logging_mixin.py:151} INFO - [2023-10-11T07:04:06.690+0000] {dagbag.py:539} INFO - Filling up the DagBag from /home/airflow/.local/lib/python3.8/site-packages/airflow/example_dags/example_latest_only.py
[2023-10-11T07:04:06.702+0000] {processor.py:839} INFO - DAG(s) dict_keys(['latest_only']) retrieved from /home/airflow/.local/lib/python3.8/site-packages/airflow/example_dags/example_latest_only.py
[2023-10-11T07:04:06.736+0000] {logging_mixin.py:151} INFO - [2023-10-11T07:04:06.736+0000] {dag.py:2915} INFO - Sync 1 DAGs
[2023-10-11T07:04:06.765+0000] {logging_mixin.py:151} INFO - [2023-10-11T07:04:06.764+0000] {dag.py:3696} INFO - Setting next_dagrun for latest_only to 2023-10-11T03:04:06.764203+00:00, run_after=2023-10-11T07:04:06.764203+00:00
[2023-10-11T07:04:07.080+0000] {processor.py:179} INFO - Processing /home/airflow/.local/lib/python3.8/site-packages/airflow/example_dags/example_latest_only.py took 0.417 seconds
[2023-10-11T07:04:37.837+0000] {processor.py:157} INFO - Started process (PID=1660) to work on /home/airflow/.local/lib/python3.8/site-packages/airflow/example_dags/example_latest_only.py
[2023-10-11T07:04:37.838+0000] {processor.py:829} INFO - Processing file /home/airflow/.local/lib/python3.8/site-packages/airflow/example_dags/example_latest_only.py for tasks to queue
[2023-10-11T07:04:37.839+0000] {logging_mixin.py:151} INFO - [2023-10-11T07:04:37.838+0000] {dagbag.py:539} INFO - Filling up the DagBag from /home/airflow/.local/lib/python3.8/site-packages/airflow/example_dags/example_latest_only.py
[2023-10-11T07:04:37.843+0000] {processor.py:839} INFO - DAG(s) dict_keys(['latest_only']) retrieved from /home/airflow/.local/lib/python3.8/site-packages/airflow/example_dags/example_latest_only.py
[2023-10-11T07:04:37.879+0000] {logging_mixin.py:151} INFO - [2023-10-11T07:04:37.879+0000] {dag.py:2915} INFO - Sync 1 DAGs
[2023-10-11T07:04:37.902+0000] {logging_mixin.py:151} INFO - [2023-10-11T07:04:37.902+0000] {dag.py:3696} INFO - Setting next_dagrun for latest_only to 2023-10-11T03:04:37.902234+00:00, run_after=2023-10-11T07:04:37.902234+00:00
[2023-10-11T07:04:37.913+0000] {processor.py:179} INFO - Processing /home/airflow/.local/lib/python3.8/site-packages/airflow/example_dags/example_latest_only.py took 0.080 seconds
[2023-10-11T07:05:08.438+0000] {processor.py:157} INFO - Started process (PID=1898) to work on /home/airflow/.local/lib/python3.8/site-packages/airflow/example_dags/example_latest_only.py
[2023-10-11T07:05:08.439+0000] {processor.py:829} INFO - Processing file /home/airflow/.local/lib/python3.8/site-packages/airflow/example_dags/example_latest_only.py for tasks to queue
[2023-10-11T07:05:08.440+0000] {logging_mixin.py:151} INFO - [2023-10-11T07:05:08.440+0000] {dagbag.py:539} INFO - Filling up the DagBag from /home/airflow/.local/lib/python3.8/site-packages/airflow/example_dags/example_latest_only.py
[2023-10-11T07:05:08.446+0000] {processor.py:839} INFO - DAG(s) dict_keys(['latest_only']) retrieved from /home/airflow/.local/lib/python3.8/site-packages/airflow/example_dags/example_latest_only.py
[2023-10-11T07:05:08.499+0000] {logging_mixin.py:151} INFO - [2023-10-11T07:05:08.499+0000] {dag.py:2915} INFO - Sync 1 DAGs
[2023-10-11T07:05:08.525+0000] {logging_mixin.py:151} INFO - [2023-10-11T07:05:08.525+0000] {dag.py:3696} INFO - Setting next_dagrun for latest_only to 2023-10-11T03:05:08.525271+00:00, run_after=2023-10-11T07:05:08.525271+00:00
[2023-10-11T07:05:08.540+0000] {processor.py:179} INFO - Processing /home/airflow/.local/lib/python3.8/site-packages/airflow/example_dags/example_latest_only.py took 0.107 seconds
[2023-10-11T07:05:39.426+0000] {processor.py:157} INFO - Started process (PID=2136) to work on /home/airflow/.local/lib/python3.8/site-packages/airflow/example_dags/example_latest_only.py
[2023-10-11T07:05:39.427+0000] {processor.py:829} INFO - Processing file /home/airflow/.local/lib/python3.8/site-packages/airflow/example_dags/example_latest_only.py for tasks to queue
[2023-10-11T07:05:39.428+0000] {logging_mixin.py:151} INFO - [2023-10-11T07:05:39.428+0000] {dagbag.py:539} INFO - Filling up the DagBag from /home/airflow/.local/lib/python3.8/site-packages/airflow/example_dags/example_latest_only.py
[2023-10-11T07:05:39.433+0000] {processor.py:839} INFO - DAG(s) dict_keys(['latest_only']) retrieved from /home/airflow/.local/lib/python3.8/site-packages/airflow/example_dags/example_latest_only.py
[2023-10-11T07:05:39.447+0000] {logging_mixin.py:151} INFO - [2023-10-11T07:05:39.447+0000] {dag.py:2915} INFO - Sync 1 DAGs
[2023-10-11T07:05:39.460+0000] {logging_mixin.py:151} INFO - [2023-10-11T07:05:39.460+0000] {dag.py:3696} INFO - Setting next_dagrun for latest_only to 2023-10-11T03:05:39.460467+00:00, run_after=2023-10-11T07:05:39.460467+00:00
[2023-10-11T07:05:39.491+0000] {processor.py:179} INFO - Processing /home/airflow/.local/lib/python3.8/site-packages/airflow/example_dags/example_latest_only.py took 0.068 seconds
[2023-10-11T07:06:09.749+0000] {processor.py:157} INFO - Started process (PID=2374) to work on /home/airflow/.local/lib/python3.8/site-packages/airflow/example_dags/example_latest_only.py
[2023-10-11T07:06:09.759+0000] {processor.py:829} INFO - Processing file /home/airflow/.local/lib/python3.8/site-packages/airflow/example_dags/example_latest_only.py for tasks to queue
[2023-10-11T07:06:09.772+0000] {logging_mixin.py:151} INFO - [2023-10-11T07:06:09.772+0000] {dagbag.py:539} INFO - Filling up the DagBag from /home/airflow/.local/lib/python3.8/site-packages/airflow/example_dags/example_latest_only.py
[2023-10-11T07:06:09.783+0000] {processor.py:839} INFO - DAG(s) dict_keys(['latest_only']) retrieved from /home/airflow/.local/lib/python3.8/site-packages/airflow/example_dags/example_latest_only.py
[2023-10-11T07:06:09.798+0000] {logging_mixin.py:151} INFO - [2023-10-11T07:06:09.798+0000] {dag.py:2915} INFO - Sync 1 DAGs
[2023-10-11T07:06:09.812+0000] {logging_mixin.py:151} INFO - [2023-10-11T07:06:09.812+0000] {dag.py:3696} INFO - Setting next_dagrun for latest_only to 2023-10-11T03:06:09.811903+00:00, run_after=2023-10-11T07:06:09.811903+00:00
[2023-10-11T07:06:09.823+0000] {processor.py:179} INFO - Processing /home/airflow/.local/lib/python3.8/site-packages/airflow/example_dags/example_latest_only.py took 0.077 seconds
[2023-10-11T07:06:40.203+0000] {processor.py:157} INFO - Started process (PID=2617) to work on /home/airflow/.local/lib/python3.8/site-packages/airflow/example_dags/example_latest_only.py
[2023-10-11T07:06:40.204+0000] {processor.py:829} INFO - Processing file /home/airflow/.local/lib/python3.8/site-packages/airflow/example_dags/example_latest_only.py for tasks to queue
[2023-10-11T07:06:40.204+0000] {logging_mixin.py:151} INFO - [2023-10-11T07:06:40.204+0000] {dagbag.py:539} INFO - Filling up the DagBag from /home/airflow/.local/lib/python3.8/site-packages/airflow/example_dags/example_latest_only.py
[2023-10-11T07:06:40.211+0000] {processor.py:839} INFO - DAG(s) dict_keys(['latest_only']) retrieved from /home/airflow/.local/lib/python3.8/site-packages/airflow/example_dags/example_latest_only.py
[2023-10-11T07:06:40.226+0000] {logging_mixin.py:151} INFO - [2023-10-11T07:06:40.226+0000] {dag.py:2915} INFO - Sync 1 DAGs
[2023-10-11T07:06:40.239+0000] {logging_mixin.py:151} INFO - [2023-10-11T07:06:40.239+0000] {dag.py:3696} INFO - Setting next_dagrun for latest_only to 2023-10-11T03:06:40.239575+00:00, run_after=2023-10-11T07:06:40.239575+00:00
[2023-10-11T07:06:40.260+0000] {processor.py:179} INFO - Processing /home/airflow/.local/lib/python3.8/site-packages/airflow/example_dags/example_latest_only.py took 0.060 seconds
[2023-10-11T07:07:10.999+0000] {processor.py:157} INFO - Started process (PID=2859) to work on /home/airflow/.local/lib/python3.8/site-packages/airflow/example_dags/example_latest_only.py
[2023-10-11T07:07:11.005+0000] {processor.py:829} INFO - Processing file /home/airflow/.local/lib/python3.8/site-packages/airflow/example_dags/example_latest_only.py for tasks to queue
[2023-10-11T07:07:11.007+0000] {logging_mixin.py:151} INFO - [2023-10-11T07:07:11.007+0000] {dagbag.py:539} INFO - Filling up the DagBag from /home/airflow/.local/lib/python3.8/site-packages/airflow/example_dags/example_latest_only.py
[2023-10-11T07:07:11.016+0000] {processor.py:839} INFO - DAG(s) dict_keys(['latest_only']) retrieved from /home/airflow/.local/lib/python3.8/site-packages/airflow/example_dags/example_latest_only.py
[2023-10-11T07:07:11.039+0000] {logging_mixin.py:151} INFO - [2023-10-11T07:07:11.039+0000] {dag.py:2915} INFO - Sync 1 DAGs
[2023-10-11T07:07:11.083+0000] {logging_mixin.py:151} INFO - [2023-10-11T07:07:11.083+0000] {dag.py:3696} INFO - Setting next_dagrun for latest_only to 2023-10-11T03:07:11.083055+00:00, run_after=2023-10-11T07:07:11.083055+00:00
[2023-10-11T07:07:11.103+0000] {processor.py:179} INFO - Processing /home/airflow/.local/lib/python3.8/site-packages/airflow/example_dags/example_latest_only.py took 0.109 seconds
[2023-10-11T07:07:41.518+0000] {processor.py:157} INFO - Started process (PID=3107) to work on /home/airflow/.local/lib/python3.8/site-packages/airflow/example_dags/example_latest_only.py
[2023-10-11T07:07:41.524+0000] {processor.py:829} INFO - Processing file /home/airflow/.local/lib/python3.8/site-packages/airflow/example_dags/example_latest_only.py for tasks to queue
[2023-10-11T07:07:41.540+0000] {logging_mixin.py:151} INFO - [2023-10-11T07:07:41.539+0000] {dagbag.py:539} INFO - Filling up the DagBag from /home/airflow/.local/lib/python3.8/site-packages/airflow/example_dags/example_latest_only.py
[2023-10-11T07:07:41.722+0000] {processor.py:839} INFO - DAG(s) dict_keys(['latest_only']) retrieved from /home/airflow/.local/lib/python3.8/site-packages/airflow/example_dags/example_latest_only.py
[2023-10-11T07:07:41.834+0000] {logging_mixin.py:151} INFO - [2023-10-11T07:07:41.834+0000] {dag.py:2915} INFO - Sync 1 DAGs
[2023-10-11T07:07:41.907+0000] {logging_mixin.py:151} INFO - [2023-10-11T07:07:41.905+0000] {dag.py:3696} INFO - Setting next_dagrun for latest_only to 2023-10-11T03:07:41.900940+00:00, run_after=2023-10-11T07:07:41.900940+00:00
[2023-10-11T07:07:42.520+0000] {processor.py:179} INFO - Processing /home/airflow/.local/lib/python3.8/site-packages/airflow/example_dags/example_latest_only.py took 1.013 seconds
[2023-10-11T07:08:13.191+0000] {processor.py:157} INFO - Started process (PID=3376) to work on /home/airflow/.local/lib/python3.8/site-packages/airflow/example_dags/example_latest_only.py
[2023-10-11T07:08:13.192+0000] {processor.py:829} INFO - Processing file /home/airflow/.local/lib/python3.8/site-packages/airflow/example_dags/example_latest_only.py for tasks to queue
[2023-10-11T07:08:13.193+0000] {logging_mixin.py:151} INFO - [2023-10-11T07:08:13.193+0000] {dagbag.py:539} INFO - Filling up the DagBag from /home/airflow/.local/lib/python3.8/site-packages/airflow/example_dags/example_latest_only.py
[2023-10-11T07:08:13.200+0000] {processor.py:839} INFO - DAG(s) dict_keys(['latest_only']) retrieved from /home/airflow/.local/lib/python3.8/site-packages/airflow/example_dags/example_latest_only.py
[2023-10-11T07:08:13.248+0000] {logging_mixin.py:151} INFO - [2023-10-11T07:08:13.248+0000] {dag.py:2915} INFO - Sync 1 DAGs
[2023-10-11T07:08:13.288+0000] {logging_mixin.py:151} INFO - [2023-10-11T07:08:13.288+0000] {dag.py:3696} INFO - Setting next_dagrun for latest_only to 2023-10-11T03:08:13.288307+00:00, run_after=2023-10-11T07:08:13.288307+00:00
[2023-10-11T07:08:13.306+0000] {processor.py:179} INFO - Processing /home/airflow/.local/lib/python3.8/site-packages/airflow/example_dags/example_latest_only.py took 0.117 seconds
[2023-10-11T07:08:43.716+0000] {processor.py:157} INFO - Started process (PID=3619) to work on /home/airflow/.local/lib/python3.8/site-packages/airflow/example_dags/example_latest_only.py
[2023-10-11T07:08:43.718+0000] {processor.py:829} INFO - Processing file /home/airflow/.local/lib/python3.8/site-packages/airflow/example_dags/example_latest_only.py for tasks to queue
[2023-10-11T07:08:43.719+0000] {logging_mixin.py:151} INFO - [2023-10-11T07:08:43.718+0000] {dagbag.py:539} INFO - Filling up the DagBag from /home/airflow/.local/lib/python3.8/site-packages/airflow/example_dags/example_latest_only.py
[2023-10-11T07:08:43.744+0000] {processor.py:839} INFO - DAG(s) dict_keys(['latest_only']) retrieved from /home/airflow/.local/lib/python3.8/site-packages/airflow/example_dags/example_latest_only.py
[2023-10-11T07:08:43.818+0000] {logging_mixin.py:151} INFO - [2023-10-11T07:08:43.818+0000] {dag.py:2915} INFO - Sync 1 DAGs
[2023-10-11T07:08:43.845+0000] {logging_mixin.py:151} INFO - [2023-10-11T07:08:43.845+0000] {dag.py:3696} INFO - Setting next_dagrun for latest_only to 2023-10-11T03:08:43.845306+00:00, run_after=2023-10-11T07:08:43.845306+00:00
[2023-10-11T07:08:43.912+0000] {processor.py:179} INFO - Processing /home/airflow/.local/lib/python3.8/site-packages/airflow/example_dags/example_latest_only.py took 0.209 seconds
[2023-10-11T07:09:14.708+0000] {processor.py:157} INFO - Started process (PID=3862) to work on /home/airflow/.local/lib/python3.8/site-packages/airflow/example_dags/example_latest_only.py
[2023-10-11T07:09:14.711+0000] {processor.py:829} INFO - Processing file /home/airflow/.local/lib/python3.8/site-packages/airflow/example_dags/example_latest_only.py for tasks to queue
[2023-10-11T07:09:14.714+0000] {logging_mixin.py:151} INFO - [2023-10-11T07:09:14.713+0000] {dagbag.py:539} INFO - Filling up the DagBag from /home/airflow/.local/lib/python3.8/site-packages/airflow/example_dags/example_latest_only.py
[2023-10-11T07:09:14.729+0000] {processor.py:839} INFO - DAG(s) dict_keys(['latest_only']) retrieved from /home/airflow/.local/lib/python3.8/site-packages/airflow/example_dags/example_latest_only.py
[2023-10-11T07:09:14.763+0000] {logging_mixin.py:151} INFO - [2023-10-11T07:09:14.762+0000] {dag.py:2915} INFO - Sync 1 DAGs
[2023-10-11T07:09:14.804+0000] {logging_mixin.py:151} INFO - [2023-10-11T07:09:14.804+0000] {dag.py:3696} INFO - Setting next_dagrun for latest_only to 2023-10-11T03:09:14.804132+00:00, run_after=2023-10-11T07:09:14.804132+00:00
[2023-10-11T07:09:14.816+0000] {processor.py:179} INFO - Processing /home/airflow/.local/lib/python3.8/site-packages/airflow/example_dags/example_latest_only.py took 0.123 seconds
[2023-10-11T07:09:44.997+0000] {processor.py:157} INFO - Started process (PID=4105) to work on /home/airflow/.local/lib/python3.8/site-packages/airflow/example_dags/example_latest_only.py
[2023-10-11T07:09:44.999+0000] {processor.py:829} INFO - Processing file /home/airflow/.local/lib/python3.8/site-packages/airflow/example_dags/example_latest_only.py for tasks to queue
[2023-10-11T07:09:45.000+0000] {logging_mixin.py:151} INFO - [2023-10-11T07:09:44.999+0000] {dagbag.py:539} INFO - Filling up the DagBag from /home/airflow/.local/lib/python3.8/site-packages/airflow/example_dags/example_latest_only.py
[2023-10-11T07:09:45.009+0000] {processor.py:839} INFO - DAG(s) dict_keys(['latest_only']) retrieved from /home/airflow/.local/lib/python3.8/site-packages/airflow/example_dags/example_latest_only.py
[2023-10-11T07:09:45.033+0000] {logging_mixin.py:151} INFO - [2023-10-11T07:09:45.033+0000] {dag.py:2915} INFO - Sync 1 DAGs
[2023-10-11T07:09:45.051+0000] {logging_mixin.py:151} INFO - [2023-10-11T07:09:45.051+0000] {dag.py:3696} INFO - Setting next_dagrun for latest_only to 2023-10-11T03:09:45.051198+00:00, run_after=2023-10-11T07:09:45.051198+00:00
[2023-10-11T07:09:45.088+0000] {processor.py:179} INFO - Processing /home/airflow/.local/lib/python3.8/site-packages/airflow/example_dags/example_latest_only.py took 0.095 seconds
[2023-10-11T07:10:15.804+0000] {processor.py:157} INFO - Started process (PID=4348) to work on /home/airflow/.local/lib/python3.8/site-packages/airflow/example_dags/example_latest_only.py
[2023-10-11T07:10:15.810+0000] {processor.py:829} INFO - Processing file /home/airflow/.local/lib/python3.8/site-packages/airflow/example_dags/example_latest_only.py for tasks to queue
[2023-10-11T07:10:15.817+0000] {logging_mixin.py:151} INFO - [2023-10-11T07:10:15.813+0000] {dagbag.py:539} INFO - Filling up the DagBag from /home/airflow/.local/lib/python3.8/site-packages/airflow/example_dags/example_latest_only.py
[2023-10-11T07:10:15.862+0000] {processor.py:839} INFO - DAG(s) dict_keys(['latest_only']) retrieved from /home/airflow/.local/lib/python3.8/site-packages/airflow/example_dags/example_latest_only.py
[2023-10-11T07:10:15.938+0000] {logging_mixin.py:151} INFO - [2023-10-11T07:10:15.937+0000] {dag.py:2915} INFO - Sync 1 DAGs
[2023-10-11T07:10:15.984+0000] {logging_mixin.py:151} INFO - [2023-10-11T07:10:15.983+0000] {dag.py:3696} INFO - Setting next_dagrun for latest_only to 2023-10-11T03:10:15.983516+00:00, run_after=2023-10-11T07:10:15.983516+00:00
[2023-10-11T07:10:15.997+0000] {processor.py:179} INFO - Processing /home/airflow/.local/lib/python3.8/site-packages/airflow/example_dags/example_latest_only.py took 0.210 seconds
[2023-10-11T07:10:46.252+0000] {processor.py:157} INFO - Started process (PID=4591) to work on /home/airflow/.local/lib/python3.8/site-packages/airflow/example_dags/example_latest_only.py
[2023-10-11T07:10:46.269+0000] {processor.py:829} INFO - Processing file /home/airflow/.local/lib/python3.8/site-packages/airflow/example_dags/example_latest_only.py for tasks to queue
[2023-10-11T07:10:46.277+0000] {logging_mixin.py:151} INFO - [2023-10-11T07:10:46.276+0000] {dagbag.py:539} INFO - Filling up the DagBag from /home/airflow/.local/lib/python3.8/site-packages/airflow/example_dags/example_latest_only.py
[2023-10-11T07:10:46.286+0000] {processor.py:839} INFO - DAG(s) dict_keys(['latest_only']) retrieved from /home/airflow/.local/lib/python3.8/site-packages/airflow/example_dags/example_latest_only.py
[2023-10-11T07:10:46.305+0000] {logging_mixin.py:151} INFO - [2023-10-11T07:10:46.304+0000] {dag.py:2915} INFO - Sync 1 DAGs
[2023-10-11T07:10:46.321+0000] {logging_mixin.py:151} INFO - [2023-10-11T07:10:46.321+0000] {dag.py:3696} INFO - Setting next_dagrun for latest_only to 2023-10-11T03:10:46.320758+00:00, run_after=2023-10-11T07:10:46.320758+00:00
[2023-10-11T07:10:46.337+0000] {processor.py:179} INFO - Processing /home/airflow/.local/lib/python3.8/site-packages/airflow/example_dags/example_latest_only.py took 0.088 seconds
[2023-10-11T07:11:16.735+0000] {processor.py:157} INFO - Started process (PID=4834) to work on /home/airflow/.local/lib/python3.8/site-packages/airflow/example_dags/example_latest_only.py
[2023-10-11T07:11:16.737+0000] {processor.py:829} INFO - Processing file /home/airflow/.local/lib/python3.8/site-packages/airflow/example_dags/example_latest_only.py for tasks to queue
[2023-10-11T07:11:16.739+0000] {logging_mixin.py:151} INFO - [2023-10-11T07:11:16.739+0000] {dagbag.py:539} INFO - Filling up the DagBag from /home/airflow/.local/lib/python3.8/site-packages/airflow/example_dags/example_latest_only.py
[2023-10-11T07:11:16.747+0000] {processor.py:839} INFO - DAG(s) dict_keys(['latest_only']) retrieved from /home/airflow/.local/lib/python3.8/site-packages/airflow/example_dags/example_latest_only.py
[2023-10-11T07:11:16.786+0000] {logging_mixin.py:151} INFO - [2023-10-11T07:11:16.786+0000] {dag.py:2915} INFO - Sync 1 DAGs
[2023-10-11T07:11:16.805+0000] {logging_mixin.py:151} INFO - [2023-10-11T07:11:16.805+0000] {dag.py:3696} INFO - Setting next_dagrun for latest_only to 2023-10-11T03:11:16.805245+00:00, run_after=2023-10-11T07:11:16.805245+00:00
[2023-10-11T07:11:16.834+0000] {processor.py:179} INFO - Processing /home/airflow/.local/lib/python3.8/site-packages/airflow/example_dags/example_latest_only.py took 0.102 seconds
[2023-10-11T07:11:46.909+0000] {processor.py:157} INFO - Started process (PID=5077) to work on /home/airflow/.local/lib/python3.8/site-packages/airflow/example_dags/example_latest_only.py
[2023-10-11T07:11:46.910+0000] {processor.py:829} INFO - Processing file /home/airflow/.local/lib/python3.8/site-packages/airflow/example_dags/example_latest_only.py for tasks to queue
[2023-10-11T07:11:46.912+0000] {logging_mixin.py:151} INFO - [2023-10-11T07:11:46.912+0000] {dagbag.py:539} INFO - Filling up the DagBag from /home/airflow/.local/lib/python3.8/site-packages/airflow/example_dags/example_latest_only.py
[2023-10-11T07:11:46.920+0000] {processor.py:839} INFO - DAG(s) dict_keys(['latest_only']) retrieved from /home/airflow/.local/lib/python3.8/site-packages/airflow/example_dags/example_latest_only.py
[2023-10-11T07:11:46.939+0000] {logging_mixin.py:151} INFO - [2023-10-11T07:11:46.939+0000] {dag.py:2915} INFO - Sync 1 DAGs
[2023-10-11T07:11:46.959+0000] {logging_mixin.py:151} INFO - [2023-10-11T07:11:46.959+0000] {dag.py:3696} INFO - Setting next_dagrun for latest_only to 2023-10-11T03:11:46.959188+00:00, run_after=2023-10-11T07:11:46.959188+00:00
[2023-10-11T07:11:46.983+0000] {processor.py:179} INFO - Processing /home/airflow/.local/lib/python3.8/site-packages/airflow/example_dags/example_latest_only.py took 0.079 seconds
[2023-10-11T07:12:17.687+0000] {processor.py:157} INFO - Started process (PID=5320) to work on /home/airflow/.local/lib/python3.8/site-packages/airflow/example_dags/example_latest_only.py
[2023-10-11T07:12:17.688+0000] {processor.py:829} INFO - Processing file /home/airflow/.local/lib/python3.8/site-packages/airflow/example_dags/example_latest_only.py for tasks to queue
[2023-10-11T07:12:17.689+0000] {logging_mixin.py:151} INFO - [2023-10-11T07:12:17.689+0000] {dagbag.py:539} INFO - Filling up the DagBag from /home/airflow/.local/lib/python3.8/site-packages/airflow/example_dags/example_latest_only.py
[2023-10-11T07:12:17.694+0000] {processor.py:839} INFO - DAG(s) dict_keys(['latest_only']) retrieved from /home/airflow/.local/lib/python3.8/site-packages/airflow/example_dags/example_latest_only.py
[2023-10-11T07:12:17.710+0000] {logging_mixin.py:151} INFO - [2023-10-11T07:12:17.709+0000] {dag.py:2915} INFO - Sync 1 DAGs
[2023-10-11T07:12:17.724+0000] {logging_mixin.py:151} INFO - [2023-10-11T07:12:17.724+0000] {dag.py:3696} INFO - Setting next_dagrun for latest_only to 2023-10-11T03:12:17.724418+00:00, run_after=2023-10-11T07:12:17.724418+00:00
[2023-10-11T07:12:17.734+0000] {processor.py:179} INFO - Processing /home/airflow/.local/lib/python3.8/site-packages/airflow/example_dags/example_latest_only.py took 0.050 seconds
[2023-10-11T07:12:47.813+0000] {processor.py:157} INFO - Started process (PID=5563) to work on /home/airflow/.local/lib/python3.8/site-packages/airflow/example_dags/example_latest_only.py
[2023-10-11T07:12:47.815+0000] {processor.py:829} INFO - Processing file /home/airflow/.local/lib/python3.8/site-packages/airflow/example_dags/example_latest_only.py for tasks to queue
[2023-10-11T07:12:47.816+0000] {logging_mixin.py:151} INFO - [2023-10-11T07:12:47.815+0000] {dagbag.py:539} INFO - Filling up the DagBag from /home/airflow/.local/lib/python3.8/site-packages/airflow/example_dags/example_latest_only.py
[2023-10-11T07:12:47.822+0000] {processor.py:839} INFO - DAG(s) dict_keys(['latest_only']) retrieved from /home/airflow/.local/lib/python3.8/site-packages/airflow/example_dags/example_latest_only.py
[2023-10-11T07:12:47.841+0000] {logging_mixin.py:151} INFO - [2023-10-11T07:12:47.840+0000] {dag.py:2915} INFO - Sync 1 DAGs
[2023-10-11T07:12:47.872+0000] {logging_mixin.py:151} INFO - [2023-10-11T07:12:47.872+0000] {dag.py:3696} INFO - Setting next_dagrun for latest_only to 2023-10-11T03:12:47.872340+00:00, run_after=2023-10-11T07:12:47.872340+00:00
[2023-10-11T07:12:47.888+0000] {processor.py:179} INFO - Processing /home/airflow/.local/lib/python3.8/site-packages/airflow/example_dags/example_latest_only.py took 0.079 seconds
[2023-10-11T07:13:18.443+0000] {processor.py:157} INFO - Started process (PID=5806) to work on /home/airflow/.local/lib/python3.8/site-packages/airflow/example_dags/example_latest_only.py
[2023-10-11T07:13:18.445+0000] {processor.py:829} INFO - Processing file /home/airflow/.local/lib/python3.8/site-packages/airflow/example_dags/example_latest_only.py for tasks to queue
[2023-10-11T07:13:18.447+0000] {logging_mixin.py:151} INFO - [2023-10-11T07:13:18.446+0000] {dagbag.py:539} INFO - Filling up the DagBag from /home/airflow/.local/lib/python3.8/site-packages/airflow/example_dags/example_latest_only.py
[2023-10-11T07:13:18.482+0000] {processor.py:839} INFO - DAG(s) dict_keys(['latest_only']) retrieved from /home/airflow/.local/lib/python3.8/site-packages/airflow/example_dags/example_latest_only.py
[2023-10-11T07:13:18.512+0000] {logging_mixin.py:151} INFO - [2023-10-11T07:13:18.512+0000] {dag.py:2915} INFO - Sync 1 DAGs
[2023-10-11T07:13:18.529+0000] {logging_mixin.py:151} INFO - [2023-10-11T07:13:18.529+0000] {dag.py:3696} INFO - Setting next_dagrun for latest_only to 2023-10-11T03:13:18.528950+00:00, run_after=2023-10-11T07:13:18.528950+00:00
[2023-10-11T07:13:18.539+0000] {processor.py:179} INFO - Processing /home/airflow/.local/lib/python3.8/site-packages/airflow/example_dags/example_latest_only.py took 0.102 seconds
[2023-10-11T07:13:49.136+0000] {processor.py:157} INFO - Started process (PID=6049) to work on /home/airflow/.local/lib/python3.8/site-packages/airflow/example_dags/example_latest_only.py
[2023-10-11T07:13:49.138+0000] {processor.py:829} INFO - Processing file /home/airflow/.local/lib/python3.8/site-packages/airflow/example_dags/example_latest_only.py for tasks to queue
[2023-10-11T07:13:49.139+0000] {logging_mixin.py:151} INFO - [2023-10-11T07:13:49.138+0000] {dagbag.py:539} INFO - Filling up the DagBag from /home/airflow/.local/lib/python3.8/site-packages/airflow/example_dags/example_latest_only.py
[2023-10-11T07:13:49.149+0000] {processor.py:839} INFO - DAG(s) dict_keys(['latest_only']) retrieved from /home/airflow/.local/lib/python3.8/site-packages/airflow/example_dags/example_latest_only.py
[2023-10-11T07:13:49.195+0000] {logging_mixin.py:151} INFO - [2023-10-11T07:13:49.195+0000] {dag.py:2915} INFO - Sync 1 DAGs
[2023-10-11T07:13:49.210+0000] {logging_mixin.py:151} INFO - [2023-10-11T07:13:49.210+0000] {dag.py:3696} INFO - Setting next_dagrun for latest_only to 2023-10-11T03:13:49.210419+00:00, run_after=2023-10-11T07:13:49.210419+00:00
[2023-10-11T07:13:49.220+0000] {processor.py:179} INFO - Processing /home/airflow/.local/lib/python3.8/site-packages/airflow/example_dags/example_latest_only.py took 0.090 seconds
[2023-10-11T07:14:19.587+0000] {processor.py:157} INFO - Started process (PID=6292) to work on /home/airflow/.local/lib/python3.8/site-packages/airflow/example_dags/example_latest_only.py
[2023-10-11T07:14:19.589+0000] {processor.py:829} INFO - Processing file /home/airflow/.local/lib/python3.8/site-packages/airflow/example_dags/example_latest_only.py for tasks to queue
[2023-10-11T07:14:19.589+0000] {logging_mixin.py:151} INFO - [2023-10-11T07:14:19.589+0000] {dagbag.py:539} INFO - Filling up the DagBag from /home/airflow/.local/lib/python3.8/site-packages/airflow/example_dags/example_latest_only.py
[2023-10-11T07:14:19.596+0000] {processor.py:839} INFO - DAG(s) dict_keys(['latest_only']) retrieved from /home/airflow/.local/lib/python3.8/site-packages/airflow/example_dags/example_latest_only.py
[2023-10-11T07:14:19.615+0000] {logging_mixin.py:151} INFO - [2023-10-11T07:14:19.615+0000] {dag.py:2915} INFO - Sync 1 DAGs
[2023-10-11T07:14:19.637+0000] {logging_mixin.py:151} INFO - [2023-10-11T07:14:19.637+0000] {dag.py:3696} INFO - Setting next_dagrun for latest_only to 2023-10-11T03:14:19.636736+00:00, run_after=2023-10-11T07:14:19.636736+00:00
[2023-10-11T07:14:19.648+0000] {processor.py:179} INFO - Processing /home/airflow/.local/lib/python3.8/site-packages/airflow/example_dags/example_latest_only.py took 0.065 seconds
[2023-10-11T07:14:50.034+0000] {processor.py:157} INFO - Started process (PID=6535) to work on /home/airflow/.local/lib/python3.8/site-packages/airflow/example_dags/example_latest_only.py
[2023-10-11T07:14:50.036+0000] {processor.py:829} INFO - Processing file /home/airflow/.local/lib/python3.8/site-packages/airflow/example_dags/example_latest_only.py for tasks to queue
[2023-10-11T07:14:50.037+0000] {logging_mixin.py:151} INFO - [2023-10-11T07:14:50.037+0000] {dagbag.py:539} INFO - Filling up the DagBag from /home/airflow/.local/lib/python3.8/site-packages/airflow/example_dags/example_latest_only.py
[2023-10-11T07:14:50.046+0000] {processor.py:839} INFO - DAG(s) dict_keys(['latest_only']) retrieved from /home/airflow/.local/lib/python3.8/site-packages/airflow/example_dags/example_latest_only.py
[2023-10-11T07:14:50.101+0000] {logging_mixin.py:151} INFO - [2023-10-11T07:14:50.101+0000] {dag.py:2915} INFO - Sync 1 DAGs
[2023-10-11T07:14:50.122+0000] {logging_mixin.py:151} INFO - [2023-10-11T07:14:50.122+0000] {dag.py:3696} INFO - Setting next_dagrun for latest_only to 2023-10-11T03:14:50.121764+00:00, run_after=2023-10-11T07:14:50.121764+00:00
[2023-10-11T07:14:50.139+0000] {processor.py:179} INFO - Processing /home/airflow/.local/lib/python3.8/site-packages/airflow/example_dags/example_latest_only.py took 0.110 seconds
[2023-10-11T07:15:20.482+0000] {processor.py:157} INFO - Started process (PID=6778) to work on /home/airflow/.local/lib/python3.8/site-packages/airflow/example_dags/example_latest_only.py
[2023-10-11T07:15:20.483+0000] {processor.py:829} INFO - Processing file /home/airflow/.local/lib/python3.8/site-packages/airflow/example_dags/example_latest_only.py for tasks to queue
[2023-10-11T07:15:20.484+0000] {logging_mixin.py:151} INFO - [2023-10-11T07:15:20.484+0000] {dagbag.py:539} INFO - Filling up the DagBag from /home/airflow/.local/lib/python3.8/site-packages/airflow/example_dags/example_latest_only.py
[2023-10-11T07:15:20.489+0000] {processor.py:839} INFO - DAG(s) dict_keys(['latest_only']) retrieved from /home/airflow/.local/lib/python3.8/site-packages/airflow/example_dags/example_latest_only.py
[2023-10-11T07:15:20.505+0000] {logging_mixin.py:151} INFO - [2023-10-11T07:15:20.505+0000] {dag.py:2915} INFO - Sync 1 DAGs
[2023-10-11T07:15:20.518+0000] {logging_mixin.py:151} INFO - [2023-10-11T07:15:20.518+0000] {dag.py:3696} INFO - Setting next_dagrun for latest_only to 2023-10-11T03:15:20.518650+00:00, run_after=2023-10-11T07:15:20.518650+00:00
[2023-10-11T07:15:20.529+0000] {processor.py:179} INFO - Processing /home/airflow/.local/lib/python3.8/site-packages/airflow/example_dags/example_latest_only.py took 0.050 seconds
[2023-10-11T07:15:51.143+0000] {processor.py:157} INFO - Started process (PID=7021) to work on /home/airflow/.local/lib/python3.8/site-packages/airflow/example_dags/example_latest_only.py
[2023-10-11T07:15:51.145+0000] {processor.py:829} INFO - Processing file /home/airflow/.local/lib/python3.8/site-packages/airflow/example_dags/example_latest_only.py for tasks to queue
[2023-10-11T07:15:51.146+0000] {logging_mixin.py:151} INFO - [2023-10-11T07:15:51.145+0000] {dagbag.py:539} INFO - Filling up the DagBag from /home/airflow/.local/lib/python3.8/site-packages/airflow/example_dags/example_latest_only.py
[2023-10-11T07:15:51.168+0000] {processor.py:839} INFO - DAG(s) dict_keys(['latest_only']) retrieved from /home/airflow/.local/lib/python3.8/site-packages/airflow/example_dags/example_latest_only.py
[2023-10-11T07:15:51.207+0000] {logging_mixin.py:151} INFO - [2023-10-11T07:15:51.207+0000] {dag.py:2915} INFO - Sync 1 DAGs
[2023-10-11T07:15:51.232+0000] {logging_mixin.py:151} INFO - [2023-10-11T07:15:51.232+0000] {dag.py:3696} INFO - Setting next_dagrun for latest_only to 2023-10-11T03:15:51.231766+00:00, run_after=2023-10-11T07:15:51.231766+00:00
[2023-10-11T07:15:51.246+0000] {processor.py:179} INFO - Processing /home/airflow/.local/lib/python3.8/site-packages/airflow/example_dags/example_latest_only.py took 0.108 seconds
[2023-10-11T07:16:21.716+0000] {processor.py:157} INFO - Started process (PID=7264) to work on /home/airflow/.local/lib/python3.8/site-packages/airflow/example_dags/example_latest_only.py
[2023-10-11T07:16:21.719+0000] {processor.py:829} INFO - Processing file /home/airflow/.local/lib/python3.8/site-packages/airflow/example_dags/example_latest_only.py for tasks to queue
[2023-10-11T07:16:21.720+0000] {logging_mixin.py:151} INFO - [2023-10-11T07:16:21.720+0000] {dagbag.py:539} INFO - Filling up the DagBag from /home/airflow/.local/lib/python3.8/site-packages/airflow/example_dags/example_latest_only.py
[2023-10-11T07:16:21.736+0000] {processor.py:839} INFO - DAG(s) dict_keys(['latest_only']) retrieved from /home/airflow/.local/lib/python3.8/site-packages/airflow/example_dags/example_latest_only.py
[2023-10-11T07:16:21.816+0000] {logging_mixin.py:151} INFO - [2023-10-11T07:16:21.816+0000] {dag.py:2915} INFO - Sync 1 DAGs
[2023-10-11T07:16:21.889+0000] {logging_mixin.py:151} INFO - [2023-10-11T07:16:21.889+0000] {dag.py:3696} INFO - Setting next_dagrun for latest_only to 2023-10-11T03:16:21.889090+00:00, run_after=2023-10-11T07:16:21.889090+00:00
[2023-10-11T07:16:21.907+0000] {processor.py:179} INFO - Processing /home/airflow/.local/lib/python3.8/site-packages/airflow/example_dags/example_latest_only.py took 0.198 seconds
[2023-10-11T07:16:52.532+0000] {processor.py:157} INFO - Started process (PID=7507) to work on /home/airflow/.local/lib/python3.8/site-packages/airflow/example_dags/example_latest_only.py
[2023-10-11T07:16:52.535+0000] {processor.py:829} INFO - Processing file /home/airflow/.local/lib/python3.8/site-packages/airflow/example_dags/example_latest_only.py for tasks to queue
[2023-10-11T07:16:52.536+0000] {logging_mixin.py:151} INFO - [2023-10-11T07:16:52.536+0000] {dagbag.py:539} INFO - Filling up the DagBag from /home/airflow/.local/lib/python3.8/site-packages/airflow/example_dags/example_latest_only.py
[2023-10-11T07:16:52.591+0000] {processor.py:839} INFO - DAG(s) dict_keys(['latest_only']) retrieved from /home/airflow/.local/lib/python3.8/site-packages/airflow/example_dags/example_latest_only.py
[2023-10-11T07:16:52.664+0000] {logging_mixin.py:151} INFO - [2023-10-11T07:16:52.664+0000] {dag.py:2915} INFO - Sync 1 DAGs
[2023-10-11T07:16:52.777+0000] {logging_mixin.py:151} INFO - [2023-10-11T07:16:52.776+0000] {dag.py:3696} INFO - Setting next_dagrun for latest_only to 2023-10-11T03:16:52.773425+00:00, run_after=2023-10-11T07:16:52.773425+00:00
[2023-10-11T07:16:52.815+0000] {processor.py:179} INFO - Processing /home/airflow/.local/lib/python3.8/site-packages/airflow/example_dags/example_latest_only.py took 0.289 seconds
[2023-10-11T07:17:23.338+0000] {processor.py:157} INFO - Started process (PID=7750) to work on /home/airflow/.local/lib/python3.8/site-packages/airflow/example_dags/example_latest_only.py
[2023-10-11T07:17:23.341+0000] {processor.py:829} INFO - Processing file /home/airflow/.local/lib/python3.8/site-packages/airflow/example_dags/example_latest_only.py for tasks to queue
[2023-10-11T07:17:23.342+0000] {logging_mixin.py:151} INFO - [2023-10-11T07:17:23.341+0000] {dagbag.py:539} INFO - Filling up the DagBag from /home/airflow/.local/lib/python3.8/site-packages/airflow/example_dags/example_latest_only.py
[2023-10-11T07:17:23.377+0000] {processor.py:839} INFO - DAG(s) dict_keys(['latest_only']) retrieved from /home/airflow/.local/lib/python3.8/site-packages/airflow/example_dags/example_latest_only.py
[2023-10-11T07:17:23.475+0000] {logging_mixin.py:151} INFO - [2023-10-11T07:17:23.474+0000] {dag.py:2915} INFO - Sync 1 DAGs
[2023-10-11T07:17:23.510+0000] {logging_mixin.py:151} INFO - [2023-10-11T07:17:23.510+0000] {dag.py:3696} INFO - Setting next_dagrun for latest_only to 2023-10-11T03:17:23.509786+00:00, run_after=2023-10-11T07:17:23.509786+00:00
[2023-10-11T07:17:23.531+0000] {processor.py:179} INFO - Processing /home/airflow/.local/lib/python3.8/site-packages/airflow/example_dags/example_latest_only.py took 0.201 seconds
[2023-10-11T07:17:54.798+0000] {processor.py:157} INFO - Started process (PID=7993) to work on /home/airflow/.local/lib/python3.8/site-packages/airflow/example_dags/example_latest_only.py
[2023-10-11T07:17:54.801+0000] {processor.py:829} INFO - Processing file /home/airflow/.local/lib/python3.8/site-packages/airflow/example_dags/example_latest_only.py for tasks to queue
[2023-10-11T07:17:54.804+0000] {logging_mixin.py:151} INFO - [2023-10-11T07:17:54.803+0000] {dagbag.py:539} INFO - Filling up the DagBag from /home/airflow/.local/lib/python3.8/site-packages/airflow/example_dags/example_latest_only.py
[2023-10-11T07:17:54.825+0000] {processor.py:839} INFO - DAG(s) dict_keys(['latest_only']) retrieved from /home/airflow/.local/lib/python3.8/site-packages/airflow/example_dags/example_latest_only.py
[2023-10-11T07:17:54.896+0000] {logging_mixin.py:151} INFO - [2023-10-11T07:17:54.896+0000] {dag.py:2915} INFO - Sync 1 DAGs
[2023-10-11T07:17:54.952+0000] {logging_mixin.py:151} INFO - [2023-10-11T07:17:54.951+0000] {dag.py:3696} INFO - Setting next_dagrun for latest_only to 2023-10-11T03:17:54.950866+00:00, run_after=2023-10-11T07:17:54.950866+00:00
[2023-10-11T07:17:55.002+0000] {processor.py:179} INFO - Processing /home/airflow/.local/lib/python3.8/site-packages/airflow/example_dags/example_latest_only.py took 0.211 seconds
[2023-10-11T07:18:25.479+0000] {processor.py:157} INFO - Started process (PID=8236) to work on /home/airflow/.local/lib/python3.8/site-packages/airflow/example_dags/example_latest_only.py
[2023-10-11T07:18:25.482+0000] {processor.py:829} INFO - Processing file /home/airflow/.local/lib/python3.8/site-packages/airflow/example_dags/example_latest_only.py for tasks to queue
[2023-10-11T07:18:25.483+0000] {logging_mixin.py:151} INFO - [2023-10-11T07:18:25.483+0000] {dagbag.py:539} INFO - Filling up the DagBag from /home/airflow/.local/lib/python3.8/site-packages/airflow/example_dags/example_latest_only.py
[2023-10-11T07:18:25.498+0000] {processor.py:839} INFO - DAG(s) dict_keys(['latest_only']) retrieved from /home/airflow/.local/lib/python3.8/site-packages/airflow/example_dags/example_latest_only.py
[2023-10-11T07:18:25.528+0000] {logging_mixin.py:151} INFO - [2023-10-11T07:18:25.528+0000] {dag.py:2915} INFO - Sync 1 DAGs
[2023-10-11T07:18:25.587+0000] {logging_mixin.py:151} INFO - [2023-10-11T07:18:25.586+0000] {dag.py:3696} INFO - Setting next_dagrun for latest_only to 2023-10-11T03:18:25.586399+00:00, run_after=2023-10-11T07:18:25.586399+00:00
[2023-10-11T07:18:25.603+0000] {processor.py:179} INFO - Processing /home/airflow/.local/lib/python3.8/site-packages/airflow/example_dags/example_latest_only.py took 0.130 seconds
[2023-10-11T07:18:56.037+0000] {processor.py:157} INFO - Started process (PID=8479) to work on /home/airflow/.local/lib/python3.8/site-packages/airflow/example_dags/example_latest_only.py
[2023-10-11T07:18:56.038+0000] {processor.py:829} INFO - Processing file /home/airflow/.local/lib/python3.8/site-packages/airflow/example_dags/example_latest_only.py for tasks to queue
[2023-10-11T07:18:56.039+0000] {logging_mixin.py:151} INFO - [2023-10-11T07:18:56.039+0000] {dagbag.py:539} INFO - Filling up the DagBag from /home/airflow/.local/lib/python3.8/site-packages/airflow/example_dags/example_latest_only.py
[2023-10-11T07:18:56.065+0000] {processor.py:839} INFO - DAG(s) dict_keys(['latest_only']) retrieved from /home/airflow/.local/lib/python3.8/site-packages/airflow/example_dags/example_latest_only.py
[2023-10-11T07:18:56.098+0000] {logging_mixin.py:151} INFO - [2023-10-11T07:18:56.098+0000] {dag.py:2915} INFO - Sync 1 DAGs
[2023-10-11T07:18:56.114+0000] {logging_mixin.py:151} INFO - [2023-10-11T07:18:56.114+0000] {dag.py:3696} INFO - Setting next_dagrun for latest_only to 2023-10-11T03:18:56.114075+00:00, run_after=2023-10-11T07:18:56.114075+00:00
[2023-10-11T07:18:56.126+0000] {processor.py:179} INFO - Processing /home/airflow/.local/lib/python3.8/site-packages/airflow/example_dags/example_latest_only.py took 0.093 seconds
[2023-10-11T07:19:26.193+0000] {processor.py:157} INFO - Started process (PID=8722) to work on /home/airflow/.local/lib/python3.8/site-packages/airflow/example_dags/example_latest_only.py
[2023-10-11T07:19:26.195+0000] {processor.py:829} INFO - Processing file /home/airflow/.local/lib/python3.8/site-packages/airflow/example_dags/example_latest_only.py for tasks to queue
[2023-10-11T07:19:26.196+0000] {logging_mixin.py:151} INFO - [2023-10-11T07:19:26.196+0000] {dagbag.py:539} INFO - Filling up the DagBag from /home/airflow/.local/lib/python3.8/site-packages/airflow/example_dags/example_latest_only.py
[2023-10-11T07:19:26.205+0000] {processor.py:839} INFO - DAG(s) dict_keys(['latest_only']) retrieved from /home/airflow/.local/lib/python3.8/site-packages/airflow/example_dags/example_latest_only.py
[2023-10-11T07:19:26.258+0000] {logging_mixin.py:151} INFO - [2023-10-11T07:19:26.258+0000] {dag.py:2915} INFO - Sync 1 DAGs
[2023-10-11T07:19:26.285+0000] {logging_mixin.py:151} INFO - [2023-10-11T07:19:26.285+0000] {dag.py:3696} INFO - Setting next_dagrun for latest_only to 2023-10-11T03:19:26.285157+00:00, run_after=2023-10-11T07:19:26.285157+00:00
[2023-10-11T07:19:26.297+0000] {processor.py:179} INFO - Processing /home/airflow/.local/lib/python3.8/site-packages/airflow/example_dags/example_latest_only.py took 0.111 seconds
[2023-10-11T07:19:56.908+0000] {processor.py:157} INFO - Started process (PID=8965) to work on /home/airflow/.local/lib/python3.8/site-packages/airflow/example_dags/example_latest_only.py
[2023-10-11T07:19:56.911+0000] {processor.py:829} INFO - Processing file /home/airflow/.local/lib/python3.8/site-packages/airflow/example_dags/example_latest_only.py for tasks to queue
[2023-10-11T07:19:56.914+0000] {logging_mixin.py:151} INFO - [2023-10-11T07:19:56.912+0000] {dagbag.py:539} INFO - Filling up the DagBag from /home/airflow/.local/lib/python3.8/site-packages/airflow/example_dags/example_latest_only.py
[2023-10-11T07:19:56.961+0000] {processor.py:839} INFO - DAG(s) dict_keys(['latest_only']) retrieved from /home/airflow/.local/lib/python3.8/site-packages/airflow/example_dags/example_latest_only.py
[2023-10-11T07:19:57.017+0000] {logging_mixin.py:151} INFO - [2023-10-11T07:19:57.017+0000] {dag.py:2915} INFO - Sync 1 DAGs
[2023-10-11T07:19:57.102+0000] {logging_mixin.py:151} INFO - [2023-10-11T07:19:57.101+0000] {dag.py:3696} INFO - Setting next_dagrun for latest_only to 2023-10-11T03:19:57.097999+00:00, run_after=2023-10-11T07:19:57.097999+00:00
[2023-10-11T07:19:57.134+0000] {processor.py:179} INFO - Processing /home/airflow/.local/lib/python3.8/site-packages/airflow/example_dags/example_latest_only.py took 0.233 seconds
[2023-10-11T07:20:27.193+0000] {processor.py:157} INFO - Started process (PID=9208) to work on /home/airflow/.local/lib/python3.8/site-packages/airflow/example_dags/example_latest_only.py
[2023-10-11T07:20:27.195+0000] {processor.py:829} INFO - Processing file /home/airflow/.local/lib/python3.8/site-packages/airflow/example_dags/example_latest_only.py for tasks to queue
[2023-10-11T07:20:27.196+0000] {logging_mixin.py:151} INFO - [2023-10-11T07:20:27.196+0000] {dagbag.py:539} INFO - Filling up the DagBag from /home/airflow/.local/lib/python3.8/site-packages/airflow/example_dags/example_latest_only.py
[2023-10-11T07:20:27.209+0000] {processor.py:839} INFO - DAG(s) dict_keys(['latest_only']) retrieved from /home/airflow/.local/lib/python3.8/site-packages/airflow/example_dags/example_latest_only.py
[2023-10-11T07:20:27.282+0000] {logging_mixin.py:151} INFO - [2023-10-11T07:20:27.282+0000] {dag.py:2915} INFO - Sync 1 DAGs
[2023-10-11T07:20:27.315+0000] {logging_mixin.py:151} INFO - [2023-10-11T07:20:27.314+0000] {dag.py:3696} INFO - Setting next_dagrun for latest_only to 2023-10-11T03:20:27.314185+00:00, run_after=2023-10-11T07:20:27.314185+00:00
[2023-10-11T07:20:27.336+0000] {processor.py:179} INFO - Processing /home/airflow/.local/lib/python3.8/site-packages/airflow/example_dags/example_latest_only.py took 0.149 seconds
[2023-10-11T07:20:58.174+0000] {processor.py:157} INFO - Started process (PID=9451) to work on /home/airflow/.local/lib/python3.8/site-packages/airflow/example_dags/example_latest_only.py
[2023-10-11T07:20:58.180+0000] {processor.py:829} INFO - Processing file /home/airflow/.local/lib/python3.8/site-packages/airflow/example_dags/example_latest_only.py for tasks to queue
[2023-10-11T07:20:58.184+0000] {logging_mixin.py:151} INFO - [2023-10-11T07:20:58.183+0000] {dagbag.py:539} INFO - Filling up the DagBag from /home/airflow/.local/lib/python3.8/site-packages/airflow/example_dags/example_latest_only.py
[2023-10-11T07:20:58.206+0000] {processor.py:839} INFO - DAG(s) dict_keys(['latest_only']) retrieved from /home/airflow/.local/lib/python3.8/site-packages/airflow/example_dags/example_latest_only.py
[2023-10-11T07:20:58.243+0000] {logging_mixin.py:151} INFO - [2023-10-11T07:20:58.242+0000] {dag.py:2915} INFO - Sync 1 DAGs
[2023-10-11T07:20:58.282+0000] {logging_mixin.py:151} INFO - [2023-10-11T07:20:58.281+0000] {dag.py:3696} INFO - Setting next_dagrun for latest_only to 2023-10-11T03:20:58.281500+00:00, run_after=2023-10-11T07:20:58.281500+00:00
[2023-10-11T07:20:58.300+0000] {processor.py:179} INFO - Processing /home/airflow/.local/lib/python3.8/site-packages/airflow/example_dags/example_latest_only.py took 0.134 seconds
[2023-10-11T07:21:28.986+0000] {processor.py:157} INFO - Started process (PID=9694) to work on /home/airflow/.local/lib/python3.8/site-packages/airflow/example_dags/example_latest_only.py
[2023-10-11T07:21:28.988+0000] {processor.py:829} INFO - Processing file /home/airflow/.local/lib/python3.8/site-packages/airflow/example_dags/example_latest_only.py for tasks to queue
[2023-10-11T07:21:28.989+0000] {logging_mixin.py:151} INFO - [2023-10-11T07:21:28.989+0000] {dagbag.py:539} INFO - Filling up the DagBag from /home/airflow/.local/lib/python3.8/site-packages/airflow/example_dags/example_latest_only.py
[2023-10-11T07:21:28.996+0000] {processor.py:839} INFO - DAG(s) dict_keys(['latest_only']) retrieved from /home/airflow/.local/lib/python3.8/site-packages/airflow/example_dags/example_latest_only.py
[2023-10-11T07:21:29.020+0000] {logging_mixin.py:151} INFO - [2023-10-11T07:21:29.019+0000] {dag.py:2915} INFO - Sync 1 DAGs
[2023-10-11T07:21:29.048+0000] {logging_mixin.py:151} INFO - [2023-10-11T07:21:29.048+0000] {dag.py:3696} INFO - Setting next_dagrun for latest_only to 2023-10-11T03:21:29.048470+00:00, run_after=2023-10-11T07:21:29.048470+00:00
[2023-10-11T07:21:29.064+0000] {processor.py:179} INFO - Processing /home/airflow/.local/lib/python3.8/site-packages/airflow/example_dags/example_latest_only.py took 0.082 seconds
[2023-10-11T07:21:59.806+0000] {processor.py:157} INFO - Started process (PID=9937) to work on /home/airflow/.local/lib/python3.8/site-packages/airflow/example_dags/example_latest_only.py
[2023-10-11T07:21:59.810+0000] {processor.py:829} INFO - Processing file /home/airflow/.local/lib/python3.8/site-packages/airflow/example_dags/example_latest_only.py for tasks to queue
[2023-10-11T07:21:59.812+0000] {logging_mixin.py:151} INFO - [2023-10-11T07:21:59.811+0000] {dagbag.py:539} INFO - Filling up the DagBag from /home/airflow/.local/lib/python3.8/site-packages/airflow/example_dags/example_latest_only.py
[2023-10-11T07:21:59.833+0000] {processor.py:839} INFO - DAG(s) dict_keys(['latest_only']) retrieved from /home/airflow/.local/lib/python3.8/site-packages/airflow/example_dags/example_latest_only.py
[2023-10-11T07:21:59.868+0000] {logging_mixin.py:151} INFO - [2023-10-11T07:21:59.867+0000] {dag.py:2915} INFO - Sync 1 DAGs
[2023-10-11T07:21:59.893+0000] {logging_mixin.py:151} INFO - [2023-10-11T07:21:59.893+0000] {dag.py:3696} INFO - Setting next_dagrun for latest_only to 2023-10-11T03:21:59.893094+00:00, run_after=2023-10-11T07:21:59.893094+00:00
[2023-10-11T07:21:59.915+0000] {processor.py:179} INFO - Processing /home/airflow/.local/lib/python3.8/site-packages/airflow/example_dags/example_latest_only.py took 0.115 seconds
[2023-10-11T07:22:30.880+0000] {processor.py:157} INFO - Started process (PID=10180) to work on /home/airflow/.local/lib/python3.8/site-packages/airflow/example_dags/example_latest_only.py
[2023-10-11T07:22:30.881+0000] {processor.py:829} INFO - Processing file /home/airflow/.local/lib/python3.8/site-packages/airflow/example_dags/example_latest_only.py for tasks to queue
[2023-10-11T07:22:30.881+0000] {logging_mixin.py:151} INFO - [2023-10-11T07:22:30.881+0000] {dagbag.py:539} INFO - Filling up the DagBag from /home/airflow/.local/lib/python3.8/site-packages/airflow/example_dags/example_latest_only.py
[2023-10-11T07:22:30.887+0000] {processor.py:839} INFO - DAG(s) dict_keys(['latest_only']) retrieved from /home/airflow/.local/lib/python3.8/site-packages/airflow/example_dags/example_latest_only.py
[2023-10-11T07:22:30.903+0000] {logging_mixin.py:151} INFO - [2023-10-11T07:22:30.903+0000] {dag.py:2915} INFO - Sync 1 DAGs
[2023-10-11T07:22:30.918+0000] {logging_mixin.py:151} INFO - [2023-10-11T07:22:30.918+0000] {dag.py:3696} INFO - Setting next_dagrun for latest_only to 2023-10-11T03:22:30.917956+00:00, run_after=2023-10-11T07:22:30.917956+00:00
[2023-10-11T07:22:30.929+0000] {processor.py:179} INFO - Processing /home/airflow/.local/lib/python3.8/site-packages/airflow/example_dags/example_latest_only.py took 0.053 seconds
[2023-10-11T07:23:01.206+0000] {processor.py:157} INFO - Started process (PID=10423) to work on /home/airflow/.local/lib/python3.8/site-packages/airflow/example_dags/example_latest_only.py
[2023-10-11T07:23:01.207+0000] {processor.py:829} INFO - Processing file /home/airflow/.local/lib/python3.8/site-packages/airflow/example_dags/example_latest_only.py for tasks to queue
[2023-10-11T07:23:01.209+0000] {logging_mixin.py:151} INFO - [2023-10-11T07:23:01.208+0000] {dagbag.py:539} INFO - Filling up the DagBag from /home/airflow/.local/lib/python3.8/site-packages/airflow/example_dags/example_latest_only.py
[2023-10-11T07:23:01.214+0000] {processor.py:839} INFO - DAG(s) dict_keys(['latest_only']) retrieved from /home/airflow/.local/lib/python3.8/site-packages/airflow/example_dags/example_latest_only.py
[2023-10-11T07:23:01.229+0000] {logging_mixin.py:151} INFO - [2023-10-11T07:23:01.229+0000] {dag.py:2915} INFO - Sync 1 DAGs
[2023-10-11T07:23:01.242+0000] {logging_mixin.py:151} INFO - [2023-10-11T07:23:01.242+0000] {dag.py:3696} INFO - Setting next_dagrun for latest_only to 2023-10-11T03:23:01.242308+00:00, run_after=2023-10-11T07:23:01.242308+00:00
[2023-10-11T07:23:01.269+0000] {processor.py:179} INFO - Processing /home/airflow/.local/lib/python3.8/site-packages/airflow/example_dags/example_latest_only.py took 0.066 seconds
[2023-10-11T07:23:31.305+0000] {processor.py:157} INFO - Started process (PID=10666) to work on /home/airflow/.local/lib/python3.8/site-packages/airflow/example_dags/example_latest_only.py
[2023-10-11T07:23:31.306+0000] {processor.py:829} INFO - Processing file /home/airflow/.local/lib/python3.8/site-packages/airflow/example_dags/example_latest_only.py for tasks to queue
[2023-10-11T07:23:31.307+0000] {logging_mixin.py:151} INFO - [2023-10-11T07:23:31.306+0000] {dagbag.py:539} INFO - Filling up the DagBag from /home/airflow/.local/lib/python3.8/site-packages/airflow/example_dags/example_latest_only.py
[2023-10-11T07:23:31.313+0000] {processor.py:839} INFO - DAG(s) dict_keys(['latest_only']) retrieved from /home/airflow/.local/lib/python3.8/site-packages/airflow/example_dags/example_latest_only.py
[2023-10-11T07:23:31.330+0000] {logging_mixin.py:151} INFO - [2023-10-11T07:23:31.330+0000] {dag.py:2915} INFO - Sync 1 DAGs
[2023-10-11T07:23:31.354+0000] {logging_mixin.py:151} INFO - [2023-10-11T07:23:31.354+0000] {dag.py:3696} INFO - Setting next_dagrun for latest_only to 2023-10-11T03:23:31.353272+00:00, run_after=2023-10-11T07:23:31.353272+00:00
[2023-10-11T07:23:31.379+0000] {processor.py:179} INFO - Processing /home/airflow/.local/lib/python3.8/site-packages/airflow/example_dags/example_latest_only.py took 0.079 seconds
[2023-10-11T07:24:01.504+0000] {processor.py:157} INFO - Started process (PID=10909) to work on /home/airflow/.local/lib/python3.8/site-packages/airflow/example_dags/example_latest_only.py
[2023-10-11T07:24:01.505+0000] {processor.py:829} INFO - Processing file /home/airflow/.local/lib/python3.8/site-packages/airflow/example_dags/example_latest_only.py for tasks to queue
[2023-10-11T07:24:01.506+0000] {logging_mixin.py:151} INFO - [2023-10-11T07:24:01.506+0000] {dagbag.py:539} INFO - Filling up the DagBag from /home/airflow/.local/lib/python3.8/site-packages/airflow/example_dags/example_latest_only.py
[2023-10-11T07:24:01.511+0000] {processor.py:839} INFO - DAG(s) dict_keys(['latest_only']) retrieved from /home/airflow/.local/lib/python3.8/site-packages/airflow/example_dags/example_latest_only.py
[2023-10-11T07:24:01.525+0000] {logging_mixin.py:151} INFO - [2023-10-11T07:24:01.525+0000] {dag.py:2915} INFO - Sync 1 DAGs
[2023-10-11T07:24:01.539+0000] {logging_mixin.py:151} INFO - [2023-10-11T07:24:01.539+0000] {dag.py:3696} INFO - Setting next_dagrun for latest_only to 2023-10-11T03:24:01.539525+00:00, run_after=2023-10-11T07:24:01.539525+00:00
[2023-10-11T07:24:01.552+0000] {processor.py:179} INFO - Processing /home/airflow/.local/lib/python3.8/site-packages/airflow/example_dags/example_latest_only.py took 0.052 seconds
[2023-10-11T07:24:31.891+0000] {processor.py:157} INFO - Started process (PID=11152) to work on /home/airflow/.local/lib/python3.8/site-packages/airflow/example_dags/example_latest_only.py
[2023-10-11T07:24:31.892+0000] {processor.py:829} INFO - Processing file /home/airflow/.local/lib/python3.8/site-packages/airflow/example_dags/example_latest_only.py for tasks to queue
[2023-10-11T07:24:31.893+0000] {logging_mixin.py:151} INFO - [2023-10-11T07:24:31.893+0000] {dagbag.py:539} INFO - Filling up the DagBag from /home/airflow/.local/lib/python3.8/site-packages/airflow/example_dags/example_latest_only.py
[2023-10-11T07:24:31.898+0000] {processor.py:839} INFO - DAG(s) dict_keys(['latest_only']) retrieved from /home/airflow/.local/lib/python3.8/site-packages/airflow/example_dags/example_latest_only.py
[2023-10-11T07:24:31.912+0000] {logging_mixin.py:151} INFO - [2023-10-11T07:24:31.912+0000] {dag.py:2915} INFO - Sync 1 DAGs
[2023-10-11T07:24:31.925+0000] {logging_mixin.py:151} INFO - [2023-10-11T07:24:31.925+0000] {dag.py:3696} INFO - Setting next_dagrun for latest_only to 2023-10-11T03:24:31.925571+00:00, run_after=2023-10-11T07:24:31.925571+00:00
[2023-10-11T07:24:31.936+0000] {processor.py:179} INFO - Processing /home/airflow/.local/lib/python3.8/site-packages/airflow/example_dags/example_latest_only.py took 0.048 seconds
[2023-10-11T07:25:02.097+0000] {processor.py:157} INFO - Started process (PID=11395) to work on /home/airflow/.local/lib/python3.8/site-packages/airflow/example_dags/example_latest_only.py
[2023-10-11T07:25:02.099+0000] {processor.py:829} INFO - Processing file /home/airflow/.local/lib/python3.8/site-packages/airflow/example_dags/example_latest_only.py for tasks to queue
[2023-10-11T07:25:02.100+0000] {logging_mixin.py:151} INFO - [2023-10-11T07:25:02.100+0000] {dagbag.py:539} INFO - Filling up the DagBag from /home/airflow/.local/lib/python3.8/site-packages/airflow/example_dags/example_latest_only.py
[2023-10-11T07:25:02.104+0000] {processor.py:839} INFO - DAG(s) dict_keys(['latest_only']) retrieved from /home/airflow/.local/lib/python3.8/site-packages/airflow/example_dags/example_latest_only.py
[2023-10-11T07:25:02.118+0000] {logging_mixin.py:151} INFO - [2023-10-11T07:25:02.118+0000] {dag.py:2915} INFO - Sync 1 DAGs
[2023-10-11T07:25:02.130+0000] {logging_mixin.py:151} INFO - [2023-10-11T07:25:02.130+0000] {dag.py:3696} INFO - Setting next_dagrun for latest_only to 2023-10-11T03:25:02.130054+00:00, run_after=2023-10-11T07:25:02.130054+00:00
[2023-10-11T07:25:02.141+0000] {processor.py:179} INFO - Processing /home/airflow/.local/lib/python3.8/site-packages/airflow/example_dags/example_latest_only.py took 0.046 seconds
[2023-10-11T07:25:32.812+0000] {processor.py:157} INFO - Started process (PID=11638) to work on /home/airflow/.local/lib/python3.8/site-packages/airflow/example_dags/example_latest_only.py
[2023-10-11T07:25:32.814+0000] {processor.py:829} INFO - Processing file /home/airflow/.local/lib/python3.8/site-packages/airflow/example_dags/example_latest_only.py for tasks to queue
[2023-10-11T07:25:32.815+0000] {logging_mixin.py:151} INFO - [2023-10-11T07:25:32.815+0000] {dagbag.py:539} INFO - Filling up the DagBag from /home/airflow/.local/lib/python3.8/site-packages/airflow/example_dags/example_latest_only.py
[2023-10-11T07:25:32.826+0000] {processor.py:839} INFO - DAG(s) dict_keys(['latest_only']) retrieved from /home/airflow/.local/lib/python3.8/site-packages/airflow/example_dags/example_latest_only.py
[2023-10-11T07:25:32.884+0000] {logging_mixin.py:151} INFO - [2023-10-11T07:25:32.884+0000] {dag.py:2915} INFO - Sync 1 DAGs
[2023-10-11T07:25:32.938+0000] {logging_mixin.py:151} INFO - [2023-10-11T07:25:32.938+0000] {dag.py:3696} INFO - Setting next_dagrun for latest_only to 2023-10-11T03:25:32.937327+00:00, run_after=2023-10-11T07:25:32.937327+00:00
[2023-10-11T07:25:32.977+0000] {processor.py:179} INFO - Processing /home/airflow/.local/lib/python3.8/site-packages/airflow/example_dags/example_latest_only.py took 0.186 seconds
[2023-10-11T07:26:03.205+0000] {processor.py:157} INFO - Started process (PID=11881) to work on /home/airflow/.local/lib/python3.8/site-packages/airflow/example_dags/example_latest_only.py
[2023-10-11T07:26:03.207+0000] {processor.py:829} INFO - Processing file /home/airflow/.local/lib/python3.8/site-packages/airflow/example_dags/example_latest_only.py for tasks to queue
[2023-10-11T07:26:03.208+0000] {logging_mixin.py:151} INFO - [2023-10-11T07:26:03.208+0000] {dagbag.py:539} INFO - Filling up the DagBag from /home/airflow/.local/lib/python3.8/site-packages/airflow/example_dags/example_latest_only.py
[2023-10-11T07:26:03.219+0000] {processor.py:839} INFO - DAG(s) dict_keys(['latest_only']) retrieved from /home/airflow/.local/lib/python3.8/site-packages/airflow/example_dags/example_latest_only.py
[2023-10-11T07:26:03.260+0000] {logging_mixin.py:151} INFO - [2023-10-11T07:26:03.260+0000] {dag.py:2915} INFO - Sync 1 DAGs
[2023-10-11T07:26:03.306+0000] {logging_mixin.py:151} INFO - [2023-10-11T07:26:03.306+0000] {dag.py:3696} INFO - Setting next_dagrun for latest_only to 2023-10-11T03:26:03.305873+00:00, run_after=2023-10-11T07:26:03.305873+00:00
[2023-10-11T07:26:03.338+0000] {processor.py:179} INFO - Processing /home/airflow/.local/lib/python3.8/site-packages/airflow/example_dags/example_latest_only.py took 0.140 seconds
[2023-10-11T07:26:33.685+0000] {processor.py:157} INFO - Started process (PID=12124) to work on /home/airflow/.local/lib/python3.8/site-packages/airflow/example_dags/example_latest_only.py
[2023-10-11T07:26:33.686+0000] {processor.py:829} INFO - Processing file /home/airflow/.local/lib/python3.8/site-packages/airflow/example_dags/example_latest_only.py for tasks to queue
[2023-10-11T07:26:33.687+0000] {logging_mixin.py:151} INFO - [2023-10-11T07:26:33.687+0000] {dagbag.py:539} INFO - Filling up the DagBag from /home/airflow/.local/lib/python3.8/site-packages/airflow/example_dags/example_latest_only.py
[2023-10-11T07:26:33.692+0000] {processor.py:839} INFO - DAG(s) dict_keys(['latest_only']) retrieved from /home/airflow/.local/lib/python3.8/site-packages/airflow/example_dags/example_latest_only.py
[2023-10-11T07:26:33.706+0000] {logging_mixin.py:151} INFO - [2023-10-11T07:26:33.706+0000] {dag.py:2915} INFO - Sync 1 DAGs
[2023-10-11T07:26:33.719+0000] {logging_mixin.py:151} INFO - [2023-10-11T07:26:33.719+0000] {dag.py:3696} INFO - Setting next_dagrun for latest_only to 2023-10-11T03:26:33.718798+00:00, run_after=2023-10-11T07:26:33.718798+00:00
[2023-10-11T07:26:33.729+0000] {processor.py:179} INFO - Processing /home/airflow/.local/lib/python3.8/site-packages/airflow/example_dags/example_latest_only.py took 0.047 seconds
[2023-10-11T07:27:04.279+0000] {processor.py:157} INFO - Started process (PID=12367) to work on /home/airflow/.local/lib/python3.8/site-packages/airflow/example_dags/example_latest_only.py
[2023-10-11T07:27:04.280+0000] {processor.py:829} INFO - Processing file /home/airflow/.local/lib/python3.8/site-packages/airflow/example_dags/example_latest_only.py for tasks to queue
[2023-10-11T07:27:04.281+0000] {logging_mixin.py:151} INFO - [2023-10-11T07:27:04.281+0000] {dagbag.py:539} INFO - Filling up the DagBag from /home/airflow/.local/lib/python3.8/site-packages/airflow/example_dags/example_latest_only.py
[2023-10-11T07:27:04.287+0000] {processor.py:839} INFO - DAG(s) dict_keys(['latest_only']) retrieved from /home/airflow/.local/lib/python3.8/site-packages/airflow/example_dags/example_latest_only.py
[2023-10-11T07:27:04.305+0000] {logging_mixin.py:151} INFO - [2023-10-11T07:27:04.305+0000] {dag.py:2915} INFO - Sync 1 DAGs
[2023-10-11T07:27:04.320+0000] {logging_mixin.py:151} INFO - [2023-10-11T07:27:04.320+0000] {dag.py:3696} INFO - Setting next_dagrun for latest_only to 2023-10-11T03:27:04.320397+00:00, run_after=2023-10-11T07:27:04.320397+00:00
[2023-10-11T07:27:04.334+0000] {processor.py:179} INFO - Processing /home/airflow/.local/lib/python3.8/site-packages/airflow/example_dags/example_latest_only.py took 0.058 seconds
[2023-10-11T07:27:34.981+0000] {processor.py:157} INFO - Started process (PID=12610) to work on /home/airflow/.local/lib/python3.8/site-packages/airflow/example_dags/example_latest_only.py
[2023-10-11T07:27:34.982+0000] {processor.py:829} INFO - Processing file /home/airflow/.local/lib/python3.8/site-packages/airflow/example_dags/example_latest_only.py for tasks to queue
[2023-10-11T07:27:34.982+0000] {logging_mixin.py:151} INFO - [2023-10-11T07:27:34.982+0000] {dagbag.py:539} INFO - Filling up the DagBag from /home/airflow/.local/lib/python3.8/site-packages/airflow/example_dags/example_latest_only.py
[2023-10-11T07:27:34.986+0000] {processor.py:839} INFO - DAG(s) dict_keys(['latest_only']) retrieved from /home/airflow/.local/lib/python3.8/site-packages/airflow/example_dags/example_latest_only.py
[2023-10-11T07:27:35.001+0000] {logging_mixin.py:151} INFO - [2023-10-11T07:27:35.001+0000] {dag.py:2915} INFO - Sync 1 DAGs
[2023-10-11T07:27:35.013+0000] {logging_mixin.py:151} INFO - [2023-10-11T07:27:35.013+0000] {dag.py:3696} INFO - Setting next_dagrun for latest_only to 2023-10-11T03:27:35.012871+00:00, run_after=2023-10-11T07:27:35.012871+00:00
[2023-10-11T07:27:35.022+0000] {processor.py:179} INFO - Processing /home/airflow/.local/lib/python3.8/site-packages/airflow/example_dags/example_latest_only.py took 0.044 seconds
[2023-10-11T07:28:05.106+0000] {processor.py:157} INFO - Started process (PID=12853) to work on /home/airflow/.local/lib/python3.8/site-packages/airflow/example_dags/example_latest_only.py
[2023-10-11T07:28:05.107+0000] {processor.py:829} INFO - Processing file /home/airflow/.local/lib/python3.8/site-packages/airflow/example_dags/example_latest_only.py for tasks to queue
[2023-10-11T07:28:05.108+0000] {logging_mixin.py:151} INFO - [2023-10-11T07:28:05.108+0000] {dagbag.py:539} INFO - Filling up the DagBag from /home/airflow/.local/lib/python3.8/site-packages/airflow/example_dags/example_latest_only.py
[2023-10-11T07:28:05.113+0000] {processor.py:839} INFO - DAG(s) dict_keys(['latest_only']) retrieved from /home/airflow/.local/lib/python3.8/site-packages/airflow/example_dags/example_latest_only.py
[2023-10-11T07:28:05.130+0000] {logging_mixin.py:151} INFO - [2023-10-11T07:28:05.130+0000] {dag.py:2915} INFO - Sync 1 DAGs
[2023-10-11T07:28:05.146+0000] {logging_mixin.py:151} INFO - [2023-10-11T07:28:05.146+0000] {dag.py:3696} INFO - Setting next_dagrun for latest_only to 2023-10-11T03:28:05.146511+00:00, run_after=2023-10-11T07:28:05.146511+00:00
[2023-10-11T07:28:05.177+0000] {processor.py:179} INFO - Processing /home/airflow/.local/lib/python3.8/site-packages/airflow/example_dags/example_latest_only.py took 0.075 seconds
[2023-10-11T07:28:35.481+0000] {processor.py:157} INFO - Started process (PID=13096) to work on /home/airflow/.local/lib/python3.8/site-packages/airflow/example_dags/example_latest_only.py
[2023-10-11T07:28:35.482+0000] {processor.py:829} INFO - Processing file /home/airflow/.local/lib/python3.8/site-packages/airflow/example_dags/example_latest_only.py for tasks to queue
[2023-10-11T07:28:35.483+0000] {logging_mixin.py:151} INFO - [2023-10-11T07:28:35.483+0000] {dagbag.py:539} INFO - Filling up the DagBag from /home/airflow/.local/lib/python3.8/site-packages/airflow/example_dags/example_latest_only.py
[2023-10-11T07:28:35.489+0000] {processor.py:839} INFO - DAG(s) dict_keys(['latest_only']) retrieved from /home/airflow/.local/lib/python3.8/site-packages/airflow/example_dags/example_latest_only.py
[2023-10-11T07:28:35.506+0000] {logging_mixin.py:151} INFO - [2023-10-11T07:28:35.506+0000] {dag.py:2915} INFO - Sync 1 DAGs
[2023-10-11T07:28:35.519+0000] {logging_mixin.py:151} INFO - [2023-10-11T07:28:35.519+0000] {dag.py:3696} INFO - Setting next_dagrun for latest_only to 2023-10-11T03:28:35.519264+00:00, run_after=2023-10-11T07:28:35.519264+00:00
[2023-10-11T07:28:35.529+0000] {processor.py:179} INFO - Processing /home/airflow/.local/lib/python3.8/site-packages/airflow/example_dags/example_latest_only.py took 0.052 seconds
