[2023-10-11T07:01:33.097+0000] {processor.py:157} INFO - Started process (PID=250) to work on /home/airflow/.local/lib/python3.8/site-packages/airflow/example_dags/example_python_operator.py
[2023-10-11T07:01:33.098+0000] {processor.py:829} INFO - Processing file /home/airflow/.local/lib/python3.8/site-packages/airflow/example_dags/example_python_operator.py for tasks to queue
[2023-10-11T07:01:33.099+0000] {logging_mixin.py:151} INFO - [2023-10-11T07:01:33.098+0000] {dagbag.py:539} INFO - Filling up the DagBag from /home/airflow/.local/lib/python3.8/site-packages/airflow/example_dags/example_python_operator.py
[2023-10-11T07:01:33.118+0000] {processor.py:839} INFO - DAG(s) dict_keys(['example_python_operator']) retrieved from /home/airflow/.local/lib/python3.8/site-packages/airflow/example_dags/example_python_operator.py
[2023-10-11T07:01:33.369+0000] {logging_mixin.py:151} INFO - [2023-10-11T07:01:33.369+0000] {manager.py:499} INFO - Created Permission View: %s
[2023-10-11T07:01:33.396+0000] {logging_mixin.py:151} INFO - [2023-10-11T07:01:33.395+0000] {manager.py:499} INFO - Created Permission View: %s
[2023-10-11T07:01:33.444+0000] {logging_mixin.py:151} INFO - [2023-10-11T07:01:33.444+0000] {manager.py:499} INFO - Created Permission View: %s
[2023-10-11T07:01:33.445+0000] {logging_mixin.py:151} INFO - [2023-10-11T07:01:33.445+0000] {security.py:708} INFO - Not syncing DAG-level permissions for DAG 'DAG:example_python_operator' as access control is unset.
[2023-10-11T07:01:33.446+0000] {logging_mixin.py:151} INFO - [2023-10-11T07:01:33.445+0000] {dag.py:2915} INFO - Sync 1 DAGs
[2023-10-11T07:01:33.486+0000] {logging_mixin.py:151} INFO - [2023-10-11T07:01:33.486+0000] {dag.py:2937} INFO - Creating ORM DAG for example_python_operator
[2023-10-11T07:01:33.487+0000] {logging_mixin.py:151} INFO - [2023-10-11T07:01:33.487+0000] {dag.py:3696} INFO - Setting next_dagrun for example_python_operator to None, run_after=None
[2023-10-11T07:01:33.513+0000] {processor.py:179} INFO - Processing /home/airflow/.local/lib/python3.8/site-packages/airflow/example_dags/example_python_operator.py took 0.419 seconds
[2023-10-11T07:02:04.256+0000] {processor.py:157} INFO - Started process (PID=489) to work on /home/airflow/.local/lib/python3.8/site-packages/airflow/example_dags/example_python_operator.py
[2023-10-11T07:02:04.257+0000] {processor.py:829} INFO - Processing file /home/airflow/.local/lib/python3.8/site-packages/airflow/example_dags/example_python_operator.py for tasks to queue
[2023-10-11T07:02:04.271+0000] {logging_mixin.py:151} INFO - [2023-10-11T07:02:04.269+0000] {dagbag.py:539} INFO - Filling up the DagBag from /home/airflow/.local/lib/python3.8/site-packages/airflow/example_dags/example_python_operator.py
[2023-10-11T07:02:04.294+0000] {processor.py:839} INFO - DAG(s) dict_keys(['example_python_operator']) retrieved from /home/airflow/.local/lib/python3.8/site-packages/airflow/example_dags/example_python_operator.py
[2023-10-11T07:02:04.338+0000] {logging_mixin.py:151} INFO - [2023-10-11T07:02:04.338+0000] {dag.py:2915} INFO - Sync 1 DAGs
[2023-10-11T07:02:04.348+0000] {logging_mixin.py:151} INFO - [2023-10-11T07:02:04.347+0000] {dag.py:3696} INFO - Setting next_dagrun for example_python_operator to None, run_after=None
[2023-10-11T07:02:04.379+0000] {processor.py:179} INFO - Processing /home/airflow/.local/lib/python3.8/site-packages/airflow/example_dags/example_python_operator.py took 0.127 seconds
[2023-10-11T07:02:35.142+0000] {processor.py:157} INFO - Started process (PID=726) to work on /home/airflow/.local/lib/python3.8/site-packages/airflow/example_dags/example_python_operator.py
[2023-10-11T07:02:35.143+0000] {processor.py:829} INFO - Processing file /home/airflow/.local/lib/python3.8/site-packages/airflow/example_dags/example_python_operator.py for tasks to queue
[2023-10-11T07:02:35.143+0000] {logging_mixin.py:151} INFO - [2023-10-11T07:02:35.143+0000] {dagbag.py:539} INFO - Filling up the DagBag from /home/airflow/.local/lib/python3.8/site-packages/airflow/example_dags/example_python_operator.py
[2023-10-11T07:02:35.151+0000] {processor.py:839} INFO - DAG(s) dict_keys(['example_python_operator']) retrieved from /home/airflow/.local/lib/python3.8/site-packages/airflow/example_dags/example_python_operator.py
[2023-10-11T07:02:35.182+0000] {logging_mixin.py:151} INFO - [2023-10-11T07:02:35.182+0000] {dag.py:2915} INFO - Sync 1 DAGs
[2023-10-11T07:02:35.194+0000] {logging_mixin.py:151} INFO - [2023-10-11T07:02:35.194+0000] {dag.py:3696} INFO - Setting next_dagrun for example_python_operator to None, run_after=None
[2023-10-11T07:02:35.204+0000] {processor.py:179} INFO - Processing /home/airflow/.local/lib/python3.8/site-packages/airflow/example_dags/example_python_operator.py took 0.064 seconds
[2023-10-11T07:03:06.136+0000] {processor.py:157} INFO - Started process (PID=964) to work on /home/airflow/.local/lib/python3.8/site-packages/airflow/example_dags/example_python_operator.py
[2023-10-11T07:03:06.137+0000] {processor.py:829} INFO - Processing file /home/airflow/.local/lib/python3.8/site-packages/airflow/example_dags/example_python_operator.py for tasks to queue
[2023-10-11T07:03:06.137+0000] {logging_mixin.py:151} INFO - [2023-10-11T07:03:06.137+0000] {dagbag.py:539} INFO - Filling up the DagBag from /home/airflow/.local/lib/python3.8/site-packages/airflow/example_dags/example_python_operator.py
[2023-10-11T07:03:06.148+0000] {processor.py:839} INFO - DAG(s) dict_keys(['example_python_operator']) retrieved from /home/airflow/.local/lib/python3.8/site-packages/airflow/example_dags/example_python_operator.py
[2023-10-11T07:03:06.185+0000] {logging_mixin.py:151} INFO - [2023-10-11T07:03:06.185+0000] {dag.py:2915} INFO - Sync 1 DAGs
[2023-10-11T07:03:06.196+0000] {logging_mixin.py:151} INFO - [2023-10-11T07:03:06.195+0000] {dag.py:3696} INFO - Setting next_dagrun for example_python_operator to None, run_after=None
[2023-10-11T07:03:06.209+0000] {processor.py:179} INFO - Processing /home/airflow/.local/lib/python3.8/site-packages/airflow/example_dags/example_python_operator.py took 0.077 seconds
[2023-10-11T07:03:36.935+0000] {processor.py:157} INFO - Started process (PID=1202) to work on /home/airflow/.local/lib/python3.8/site-packages/airflow/example_dags/example_python_operator.py
[2023-10-11T07:03:36.936+0000] {processor.py:829} INFO - Processing file /home/airflow/.local/lib/python3.8/site-packages/airflow/example_dags/example_python_operator.py for tasks to queue
[2023-10-11T07:03:36.936+0000] {logging_mixin.py:151} INFO - [2023-10-11T07:03:36.936+0000] {dagbag.py:539} INFO - Filling up the DagBag from /home/airflow/.local/lib/python3.8/site-packages/airflow/example_dags/example_python_operator.py
[2023-10-11T07:03:36.946+0000] {processor.py:839} INFO - DAG(s) dict_keys(['example_python_operator']) retrieved from /home/airflow/.local/lib/python3.8/site-packages/airflow/example_dags/example_python_operator.py
[2023-10-11T07:03:36.978+0000] {logging_mixin.py:151} INFO - [2023-10-11T07:03:36.978+0000] {dag.py:2915} INFO - Sync 1 DAGs
[2023-10-11T07:03:36.991+0000] {logging_mixin.py:151} INFO - [2023-10-11T07:03:36.990+0000] {dag.py:3696} INFO - Setting next_dagrun for example_python_operator to None, run_after=None
[2023-10-11T07:03:37.002+0000] {processor.py:179} INFO - Processing /home/airflow/.local/lib/python3.8/site-packages/airflow/example_dags/example_python_operator.py took 0.072 seconds
[2023-10-11T07:04:07.213+0000] {processor.py:157} INFO - Started process (PID=1437) to work on /home/airflow/.local/lib/python3.8/site-packages/airflow/example_dags/example_python_operator.py
[2023-10-11T07:04:07.214+0000] {processor.py:829} INFO - Processing file /home/airflow/.local/lib/python3.8/site-packages/airflow/example_dags/example_python_operator.py for tasks to queue
[2023-10-11T07:04:07.215+0000] {logging_mixin.py:151} INFO - [2023-10-11T07:04:07.215+0000] {dagbag.py:539} INFO - Filling up the DagBag from /home/airflow/.local/lib/python3.8/site-packages/airflow/example_dags/example_python_operator.py
[2023-10-11T07:04:07.223+0000] {processor.py:839} INFO - DAG(s) dict_keys(['example_python_operator']) retrieved from /home/airflow/.local/lib/python3.8/site-packages/airflow/example_dags/example_python_operator.py
[2023-10-11T07:04:07.241+0000] {logging_mixin.py:151} INFO - [2023-10-11T07:04:07.241+0000] {dag.py:2915} INFO - Sync 1 DAGs
[2023-10-11T07:04:07.249+0000] {logging_mixin.py:151} INFO - [2023-10-11T07:04:07.249+0000] {dag.py:3696} INFO - Setting next_dagrun for example_python_operator to None, run_after=None
[2023-10-11T07:04:07.293+0000] {processor.py:179} INFO - Processing /home/airflow/.local/lib/python3.8/site-packages/airflow/example_dags/example_python_operator.py took 0.082 seconds
[2023-10-11T07:04:38.127+0000] {processor.py:157} INFO - Started process (PID=1678) to work on /home/airflow/.local/lib/python3.8/site-packages/airflow/example_dags/example_python_operator.py
[2023-10-11T07:04:38.129+0000] {processor.py:829} INFO - Processing file /home/airflow/.local/lib/python3.8/site-packages/airflow/example_dags/example_python_operator.py for tasks to queue
[2023-10-11T07:04:38.130+0000] {logging_mixin.py:151} INFO - [2023-10-11T07:04:38.129+0000] {dagbag.py:539} INFO - Filling up the DagBag from /home/airflow/.local/lib/python3.8/site-packages/airflow/example_dags/example_python_operator.py
[2023-10-11T07:04:38.138+0000] {processor.py:839} INFO - DAG(s) dict_keys(['example_python_operator']) retrieved from /home/airflow/.local/lib/python3.8/site-packages/airflow/example_dags/example_python_operator.py
[2023-10-11T07:04:38.174+0000] {logging_mixin.py:151} INFO - [2023-10-11T07:04:38.174+0000] {dag.py:2915} INFO - Sync 1 DAGs
[2023-10-11T07:04:38.213+0000] {logging_mixin.py:151} INFO - [2023-10-11T07:04:38.213+0000] {dag.py:3696} INFO - Setting next_dagrun for example_python_operator to None, run_after=None
[2023-10-11T07:04:38.227+0000] {processor.py:179} INFO - Processing /home/airflow/.local/lib/python3.8/site-packages/airflow/example_dags/example_python_operator.py took 0.103 seconds
[2023-10-11T07:05:08.815+0000] {processor.py:157} INFO - Started process (PID=1916) to work on /home/airflow/.local/lib/python3.8/site-packages/airflow/example_dags/example_python_operator.py
[2023-10-11T07:05:08.816+0000] {processor.py:829} INFO - Processing file /home/airflow/.local/lib/python3.8/site-packages/airflow/example_dags/example_python_operator.py for tasks to queue
[2023-10-11T07:05:08.817+0000] {logging_mixin.py:151} INFO - [2023-10-11T07:05:08.816+0000] {dagbag.py:539} INFO - Filling up the DagBag from /home/airflow/.local/lib/python3.8/site-packages/airflow/example_dags/example_python_operator.py
[2023-10-11T07:05:08.824+0000] {processor.py:839} INFO - DAG(s) dict_keys(['example_python_operator']) retrieved from /home/airflow/.local/lib/python3.8/site-packages/airflow/example_dags/example_python_operator.py
[2023-10-11T07:05:08.843+0000] {logging_mixin.py:151} INFO - [2023-10-11T07:05:08.842+0000] {dag.py:2915} INFO - Sync 1 DAGs
[2023-10-11T07:05:08.855+0000] {logging_mixin.py:151} INFO - [2023-10-11T07:05:08.855+0000] {dag.py:3696} INFO - Setting next_dagrun for example_python_operator to None, run_after=None
[2023-10-11T07:05:08.884+0000] {processor.py:179} INFO - Processing /home/airflow/.local/lib/python3.8/site-packages/airflow/example_dags/example_python_operator.py took 0.072 seconds
[2023-10-11T07:05:39.647+0000] {processor.py:157} INFO - Started process (PID=2154) to work on /home/airflow/.local/lib/python3.8/site-packages/airflow/example_dags/example_python_operator.py
[2023-10-11T07:05:39.648+0000] {processor.py:829} INFO - Processing file /home/airflow/.local/lib/python3.8/site-packages/airflow/example_dags/example_python_operator.py for tasks to queue
[2023-10-11T07:05:39.648+0000] {logging_mixin.py:151} INFO - [2023-10-11T07:05:39.648+0000] {dagbag.py:539} INFO - Filling up the DagBag from /home/airflow/.local/lib/python3.8/site-packages/airflow/example_dags/example_python_operator.py
[2023-10-11T07:05:39.655+0000] {processor.py:839} INFO - DAG(s) dict_keys(['example_python_operator']) retrieved from /home/airflow/.local/lib/python3.8/site-packages/airflow/example_dags/example_python_operator.py
[2023-10-11T07:05:39.694+0000] {logging_mixin.py:151} INFO - [2023-10-11T07:05:39.694+0000] {dag.py:2915} INFO - Sync 1 DAGs
[2023-10-11T07:05:39.701+0000] {logging_mixin.py:151} INFO - [2023-10-11T07:05:39.701+0000] {dag.py:3696} INFO - Setting next_dagrun for example_python_operator to None, run_after=None
[2023-10-11T07:05:39.711+0000] {processor.py:179} INFO - Processing /home/airflow/.local/lib/python3.8/site-packages/airflow/example_dags/example_python_operator.py took 0.067 seconds
[2023-10-11T07:06:10.016+0000] {processor.py:157} INFO - Started process (PID=2392) to work on /home/airflow/.local/lib/python3.8/site-packages/airflow/example_dags/example_python_operator.py
[2023-10-11T07:06:10.017+0000] {processor.py:829} INFO - Processing file /home/airflow/.local/lib/python3.8/site-packages/airflow/example_dags/example_python_operator.py for tasks to queue
[2023-10-11T07:06:10.018+0000] {logging_mixin.py:151} INFO - [2023-10-11T07:06:10.018+0000] {dagbag.py:539} INFO - Filling up the DagBag from /home/airflow/.local/lib/python3.8/site-packages/airflow/example_dags/example_python_operator.py
[2023-10-11T07:06:10.024+0000] {processor.py:839} INFO - DAG(s) dict_keys(['example_python_operator']) retrieved from /home/airflow/.local/lib/python3.8/site-packages/airflow/example_dags/example_python_operator.py
[2023-10-11T07:06:10.039+0000] {logging_mixin.py:151} INFO - [2023-10-11T07:06:10.039+0000] {dag.py:2915} INFO - Sync 1 DAGs
[2023-10-11T07:06:10.046+0000] {logging_mixin.py:151} INFO - [2023-10-11T07:06:10.046+0000] {dag.py:3696} INFO - Setting next_dagrun for example_python_operator to None, run_after=None
[2023-10-11T07:06:10.080+0000] {processor.py:179} INFO - Processing /home/airflow/.local/lib/python3.8/site-packages/airflow/example_dags/example_python_operator.py took 0.066 seconds
[2023-10-11T07:06:40.455+0000] {processor.py:157} INFO - Started process (PID=2635) to work on /home/airflow/.local/lib/python3.8/site-packages/airflow/example_dags/example_python_operator.py
[2023-10-11T07:06:40.466+0000] {processor.py:829} INFO - Processing file /home/airflow/.local/lib/python3.8/site-packages/airflow/example_dags/example_python_operator.py for tasks to queue
[2023-10-11T07:06:40.478+0000] {logging_mixin.py:151} INFO - [2023-10-11T07:06:40.478+0000] {dagbag.py:539} INFO - Filling up the DagBag from /home/airflow/.local/lib/python3.8/site-packages/airflow/example_dags/example_python_operator.py
[2023-10-11T07:06:40.486+0000] {processor.py:839} INFO - DAG(s) dict_keys(['example_python_operator']) retrieved from /home/airflow/.local/lib/python3.8/site-packages/airflow/example_dags/example_python_operator.py
[2023-10-11T07:06:40.501+0000] {logging_mixin.py:151} INFO - [2023-10-11T07:06:40.501+0000] {dag.py:2915} INFO - Sync 1 DAGs
[2023-10-11T07:06:40.508+0000] {logging_mixin.py:151} INFO - [2023-10-11T07:06:40.508+0000] {dag.py:3696} INFO - Setting next_dagrun for example_python_operator to None, run_after=None
[2023-10-11T07:06:40.524+0000] {processor.py:179} INFO - Processing /home/airflow/.local/lib/python3.8/site-packages/airflow/example_dags/example_python_operator.py took 0.074 seconds
[2023-10-11T07:07:11.388+0000] {processor.py:157} INFO - Started process (PID=2877) to work on /home/airflow/.local/lib/python3.8/site-packages/airflow/example_dags/example_python_operator.py
[2023-10-11T07:07:11.389+0000] {processor.py:829} INFO - Processing file /home/airflow/.local/lib/python3.8/site-packages/airflow/example_dags/example_python_operator.py for tasks to queue
[2023-10-11T07:07:11.390+0000] {logging_mixin.py:151} INFO - [2023-10-11T07:07:11.390+0000] {dagbag.py:539} INFO - Filling up the DagBag from /home/airflow/.local/lib/python3.8/site-packages/airflow/example_dags/example_python_operator.py
[2023-10-11T07:07:11.396+0000] {processor.py:839} INFO - DAG(s) dict_keys(['example_python_operator']) retrieved from /home/airflow/.local/lib/python3.8/site-packages/airflow/example_dags/example_python_operator.py
[2023-10-11T07:07:11.413+0000] {logging_mixin.py:151} INFO - [2023-10-11T07:07:11.412+0000] {dag.py:2915} INFO - Sync 1 DAGs
[2023-10-11T07:07:11.420+0000] {logging_mixin.py:151} INFO - [2023-10-11T07:07:11.420+0000] {dag.py:3696} INFO - Setting next_dagrun for example_python_operator to None, run_after=None
[2023-10-11T07:07:11.431+0000] {processor.py:179} INFO - Processing /home/airflow/.local/lib/python3.8/site-packages/airflow/example_dags/example_python_operator.py took 0.045 seconds
[2023-10-11T07:07:43.040+0000] {processor.py:157} INFO - Started process (PID=3125) to work on /home/airflow/.local/lib/python3.8/site-packages/airflow/example_dags/example_python_operator.py
[2023-10-11T07:07:43.041+0000] {processor.py:829} INFO - Processing file /home/airflow/.local/lib/python3.8/site-packages/airflow/example_dags/example_python_operator.py for tasks to queue
[2023-10-11T07:07:43.043+0000] {logging_mixin.py:151} INFO - [2023-10-11T07:07:43.043+0000] {dagbag.py:539} INFO - Filling up the DagBag from /home/airflow/.local/lib/python3.8/site-packages/airflow/example_dags/example_python_operator.py
[2023-10-11T07:07:43.071+0000] {processor.py:839} INFO - DAG(s) dict_keys(['example_python_operator']) retrieved from /home/airflow/.local/lib/python3.8/site-packages/airflow/example_dags/example_python_operator.py
[2023-10-11T07:07:43.108+0000] {logging_mixin.py:151} INFO - [2023-10-11T07:07:43.108+0000] {dag.py:2915} INFO - Sync 1 DAGs
[2023-10-11T07:07:43.147+0000] {logging_mixin.py:151} INFO - [2023-10-11T07:07:43.146+0000] {dag.py:3696} INFO - Setting next_dagrun for example_python_operator to None, run_after=None
[2023-10-11T07:07:43.198+0000] {processor.py:179} INFO - Processing /home/airflow/.local/lib/python3.8/site-packages/airflow/example_dags/example_python_operator.py took 0.161 seconds
[2023-10-11T07:08:13.405+0000] {processor.py:157} INFO - Started process (PID=3391) to work on /home/airflow/.local/lib/python3.8/site-packages/airflow/example_dags/example_python_operator.py
[2023-10-11T07:08:13.406+0000] {processor.py:829} INFO - Processing file /home/airflow/.local/lib/python3.8/site-packages/airflow/example_dags/example_python_operator.py for tasks to queue
[2023-10-11T07:08:13.406+0000] {logging_mixin.py:151} INFO - [2023-10-11T07:08:13.406+0000] {dagbag.py:539} INFO - Filling up the DagBag from /home/airflow/.local/lib/python3.8/site-packages/airflow/example_dags/example_python_operator.py
[2023-10-11T07:08:13.413+0000] {processor.py:839} INFO - DAG(s) dict_keys(['example_python_operator']) retrieved from /home/airflow/.local/lib/python3.8/site-packages/airflow/example_dags/example_python_operator.py
[2023-10-11T07:08:13.434+0000] {logging_mixin.py:151} INFO - [2023-10-11T07:08:13.434+0000] {dag.py:2915} INFO - Sync 1 DAGs
[2023-10-11T07:08:13.444+0000] {logging_mixin.py:151} INFO - [2023-10-11T07:08:13.444+0000] {dag.py:3696} INFO - Setting next_dagrun for example_python_operator to None, run_after=None
[2023-10-11T07:08:13.464+0000] {processor.py:179} INFO - Processing /home/airflow/.local/lib/python3.8/site-packages/airflow/example_dags/example_python_operator.py took 0.061 seconds
[2023-10-11T07:08:43.963+0000] {processor.py:157} INFO - Started process (PID=3632) to work on /home/airflow/.local/lib/python3.8/site-packages/airflow/example_dags/example_python_operator.py
[2023-10-11T07:08:43.971+0000] {processor.py:829} INFO - Processing file /home/airflow/.local/lib/python3.8/site-packages/airflow/example_dags/example_python_operator.py for tasks to queue
[2023-10-11T07:08:43.974+0000] {logging_mixin.py:151} INFO - [2023-10-11T07:08:43.974+0000] {dagbag.py:539} INFO - Filling up the DagBag from /home/airflow/.local/lib/python3.8/site-packages/airflow/example_dags/example_python_operator.py
[2023-10-11T07:08:44.000+0000] {processor.py:839} INFO - DAG(s) dict_keys(['example_python_operator']) retrieved from /home/airflow/.local/lib/python3.8/site-packages/airflow/example_dags/example_python_operator.py
[2023-10-11T07:08:44.068+0000] {logging_mixin.py:151} INFO - [2023-10-11T07:08:44.067+0000] {dag.py:2915} INFO - Sync 1 DAGs
[2023-10-11T07:08:44.098+0000] {logging_mixin.py:151} INFO - [2023-10-11T07:08:44.098+0000] {dag.py:3696} INFO - Setting next_dagrun for example_python_operator to None, run_after=None
[2023-10-11T07:08:44.111+0000] {processor.py:179} INFO - Processing /home/airflow/.local/lib/python3.8/site-packages/airflow/example_dags/example_python_operator.py took 0.162 seconds
[2023-10-11T07:09:14.909+0000] {processor.py:157} INFO - Started process (PID=3877) to work on /home/airflow/.local/lib/python3.8/site-packages/airflow/example_dags/example_python_operator.py
[2023-10-11T07:09:14.909+0000] {processor.py:829} INFO - Processing file /home/airflow/.local/lib/python3.8/site-packages/airflow/example_dags/example_python_operator.py for tasks to queue
[2023-10-11T07:09:14.910+0000] {logging_mixin.py:151} INFO - [2023-10-11T07:09:14.910+0000] {dagbag.py:539} INFO - Filling up the DagBag from /home/airflow/.local/lib/python3.8/site-packages/airflow/example_dags/example_python_operator.py
[2023-10-11T07:09:14.917+0000] {processor.py:839} INFO - DAG(s) dict_keys(['example_python_operator']) retrieved from /home/airflow/.local/lib/python3.8/site-packages/airflow/example_dags/example_python_operator.py
[2023-10-11T07:09:14.932+0000] {logging_mixin.py:151} INFO - [2023-10-11T07:09:14.932+0000] {dag.py:2915} INFO - Sync 1 DAGs
[2023-10-11T07:09:14.941+0000] {logging_mixin.py:151} INFO - [2023-10-11T07:09:14.941+0000] {dag.py:3696} INFO - Setting next_dagrun for example_python_operator to None, run_after=None
[2023-10-11T07:09:14.985+0000] {processor.py:179} INFO - Processing /home/airflow/.local/lib/python3.8/site-packages/airflow/example_dags/example_python_operator.py took 0.079 seconds
[2023-10-11T07:09:45.191+0000] {processor.py:157} INFO - Started process (PID=4120) to work on /home/airflow/.local/lib/python3.8/site-packages/airflow/example_dags/example_python_operator.py
[2023-10-11T07:09:45.191+0000] {processor.py:829} INFO - Processing file /home/airflow/.local/lib/python3.8/site-packages/airflow/example_dags/example_python_operator.py for tasks to queue
[2023-10-11T07:09:45.192+0000] {logging_mixin.py:151} INFO - [2023-10-11T07:09:45.192+0000] {dagbag.py:539} INFO - Filling up the DagBag from /home/airflow/.local/lib/python3.8/site-packages/airflow/example_dags/example_python_operator.py
[2023-10-11T07:09:45.199+0000] {processor.py:839} INFO - DAG(s) dict_keys(['example_python_operator']) retrieved from /home/airflow/.local/lib/python3.8/site-packages/airflow/example_dags/example_python_operator.py
[2023-10-11T07:09:45.215+0000] {logging_mixin.py:151} INFO - [2023-10-11T07:09:45.215+0000] {dag.py:2915} INFO - Sync 1 DAGs
[2023-10-11T07:09:45.224+0000] {logging_mixin.py:151} INFO - [2023-10-11T07:09:45.224+0000] {dag.py:3696} INFO - Setting next_dagrun for example_python_operator to None, run_after=None
[2023-10-11T07:09:45.238+0000] {processor.py:179} INFO - Processing /home/airflow/.local/lib/python3.8/site-packages/airflow/example_dags/example_python_operator.py took 0.050 seconds
[2023-10-11T07:10:16.102+0000] {processor.py:157} INFO - Started process (PID=4363) to work on /home/airflow/.local/lib/python3.8/site-packages/airflow/example_dags/example_python_operator.py
[2023-10-11T07:10:16.104+0000] {processor.py:829} INFO - Processing file /home/airflow/.local/lib/python3.8/site-packages/airflow/example_dags/example_python_operator.py for tasks to queue
[2023-10-11T07:10:16.105+0000] {logging_mixin.py:151} INFO - [2023-10-11T07:10:16.105+0000] {dagbag.py:539} INFO - Filling up the DagBag from /home/airflow/.local/lib/python3.8/site-packages/airflow/example_dags/example_python_operator.py
[2023-10-11T07:10:16.115+0000] {processor.py:839} INFO - DAG(s) dict_keys(['example_python_operator']) retrieved from /home/airflow/.local/lib/python3.8/site-packages/airflow/example_dags/example_python_operator.py
[2023-10-11T07:10:16.141+0000] {logging_mixin.py:151} INFO - [2023-10-11T07:10:16.140+0000] {dag.py:2915} INFO - Sync 1 DAGs
[2023-10-11T07:10:16.150+0000] {logging_mixin.py:151} INFO - [2023-10-11T07:10:16.150+0000] {dag.py:3696} INFO - Setting next_dagrun for example_python_operator to None, run_after=None
[2023-10-11T07:10:16.204+0000] {processor.py:179} INFO - Processing /home/airflow/.local/lib/python3.8/site-packages/airflow/example_dags/example_python_operator.py took 0.107 seconds
[2023-10-11T07:10:46.404+0000] {processor.py:157} INFO - Started process (PID=4604) to work on /home/airflow/.local/lib/python3.8/site-packages/airflow/example_dags/example_python_operator.py
[2023-10-11T07:10:46.405+0000] {processor.py:829} INFO - Processing file /home/airflow/.local/lib/python3.8/site-packages/airflow/example_dags/example_python_operator.py for tasks to queue
[2023-10-11T07:10:46.406+0000] {logging_mixin.py:151} INFO - [2023-10-11T07:10:46.406+0000] {dagbag.py:539} INFO - Filling up the DagBag from /home/airflow/.local/lib/python3.8/site-packages/airflow/example_dags/example_python_operator.py
[2023-10-11T07:10:46.414+0000] {processor.py:839} INFO - DAG(s) dict_keys(['example_python_operator']) retrieved from /home/airflow/.local/lib/python3.8/site-packages/airflow/example_dags/example_python_operator.py
[2023-10-11T07:10:46.432+0000] {logging_mixin.py:151} INFO - [2023-10-11T07:10:46.432+0000] {dag.py:2915} INFO - Sync 1 DAGs
[2023-10-11T07:10:46.440+0000] {logging_mixin.py:151} INFO - [2023-10-11T07:10:46.440+0000] {dag.py:3696} INFO - Setting next_dagrun for example_python_operator to None, run_after=None
[2023-10-11T07:10:46.459+0000] {processor.py:179} INFO - Processing /home/airflow/.local/lib/python3.8/site-packages/airflow/example_dags/example_python_operator.py took 0.058 seconds
[2023-10-11T07:11:16.899+0000] {processor.py:157} INFO - Started process (PID=4847) to work on /home/airflow/.local/lib/python3.8/site-packages/airflow/example_dags/example_python_operator.py
[2023-10-11T07:11:16.900+0000] {processor.py:829} INFO - Processing file /home/airflow/.local/lib/python3.8/site-packages/airflow/example_dags/example_python_operator.py for tasks to queue
[2023-10-11T07:11:16.901+0000] {logging_mixin.py:151} INFO - [2023-10-11T07:11:16.901+0000] {dagbag.py:539} INFO - Filling up the DagBag from /home/airflow/.local/lib/python3.8/site-packages/airflow/example_dags/example_python_operator.py
[2023-10-11T07:11:16.909+0000] {processor.py:839} INFO - DAG(s) dict_keys(['example_python_operator']) retrieved from /home/airflow/.local/lib/python3.8/site-packages/airflow/example_dags/example_python_operator.py
[2023-10-11T07:11:16.931+0000] {logging_mixin.py:151} INFO - [2023-10-11T07:11:16.931+0000] {dag.py:2915} INFO - Sync 1 DAGs
[2023-10-11T07:11:16.942+0000] {logging_mixin.py:151} INFO - [2023-10-11T07:11:16.942+0000] {dag.py:3696} INFO - Setting next_dagrun for example_python_operator to None, run_after=None
[2023-10-11T07:11:16.988+0000] {processor.py:179} INFO - Processing /home/airflow/.local/lib/python3.8/site-packages/airflow/example_dags/example_python_operator.py took 0.092 seconds
[2023-10-11T07:11:47.012+0000] {processor.py:157} INFO - Started process (PID=5090) to work on /home/airflow/.local/lib/python3.8/site-packages/airflow/example_dags/example_python_operator.py
[2023-10-11T07:11:47.012+0000] {processor.py:829} INFO - Processing file /home/airflow/.local/lib/python3.8/site-packages/airflow/example_dags/example_python_operator.py for tasks to queue
[2023-10-11T07:11:47.013+0000] {logging_mixin.py:151} INFO - [2023-10-11T07:11:47.013+0000] {dagbag.py:539} INFO - Filling up the DagBag from /home/airflow/.local/lib/python3.8/site-packages/airflow/example_dags/example_python_operator.py
[2023-10-11T07:11:47.020+0000] {processor.py:839} INFO - DAG(s) dict_keys(['example_python_operator']) retrieved from /home/airflow/.local/lib/python3.8/site-packages/airflow/example_dags/example_python_operator.py
[2023-10-11T07:11:47.036+0000] {logging_mixin.py:151} INFO - [2023-10-11T07:11:47.036+0000] {dag.py:2915} INFO - Sync 1 DAGs
[2023-10-11T07:11:47.043+0000] {logging_mixin.py:151} INFO - [2023-10-11T07:11:47.043+0000] {dag.py:3696} INFO - Setting next_dagrun for example_python_operator to None, run_after=None
[2023-10-11T07:11:47.076+0000] {processor.py:179} INFO - Processing /home/airflow/.local/lib/python3.8/site-packages/airflow/example_dags/example_python_operator.py took 0.067 seconds
[2023-10-11T07:12:17.781+0000] {processor.py:157} INFO - Started process (PID=5333) to work on /home/airflow/.local/lib/python3.8/site-packages/airflow/example_dags/example_python_operator.py
[2023-10-11T07:12:17.782+0000] {processor.py:829} INFO - Processing file /home/airflow/.local/lib/python3.8/site-packages/airflow/example_dags/example_python_operator.py for tasks to queue
[2023-10-11T07:12:17.782+0000] {logging_mixin.py:151} INFO - [2023-10-11T07:12:17.782+0000] {dagbag.py:539} INFO - Filling up the DagBag from /home/airflow/.local/lib/python3.8/site-packages/airflow/example_dags/example_python_operator.py
[2023-10-11T07:12:17.789+0000] {processor.py:839} INFO - DAG(s) dict_keys(['example_python_operator']) retrieved from /home/airflow/.local/lib/python3.8/site-packages/airflow/example_dags/example_python_operator.py
[2023-10-11T07:12:17.805+0000] {logging_mixin.py:151} INFO - [2023-10-11T07:12:17.805+0000] {dag.py:2915} INFO - Sync 1 DAGs
[2023-10-11T07:12:17.812+0000] {logging_mixin.py:151} INFO - [2023-10-11T07:12:17.812+0000] {dag.py:3696} INFO - Setting next_dagrun for example_python_operator to None, run_after=None
[2023-10-11T07:12:17.823+0000] {processor.py:179} INFO - Processing /home/airflow/.local/lib/python3.8/site-packages/airflow/example_dags/example_python_operator.py took 0.045 seconds
[2023-10-11T07:12:48.007+0000] {processor.py:157} INFO - Started process (PID=5578) to work on /home/airflow/.local/lib/python3.8/site-packages/airflow/example_dags/example_python_operator.py
[2023-10-11T07:12:48.009+0000] {processor.py:829} INFO - Processing file /home/airflow/.local/lib/python3.8/site-packages/airflow/example_dags/example_python_operator.py for tasks to queue
[2023-10-11T07:12:48.010+0000] {logging_mixin.py:151} INFO - [2023-10-11T07:12:48.009+0000] {dagbag.py:539} INFO - Filling up the DagBag from /home/airflow/.local/lib/python3.8/site-packages/airflow/example_dags/example_python_operator.py
[2023-10-11T07:12:48.018+0000] {processor.py:839} INFO - DAG(s) dict_keys(['example_python_operator']) retrieved from /home/airflow/.local/lib/python3.8/site-packages/airflow/example_dags/example_python_operator.py
[2023-10-11T07:12:48.038+0000] {logging_mixin.py:151} INFO - [2023-10-11T07:12:48.038+0000] {dag.py:2915} INFO - Sync 1 DAGs
[2023-10-11T07:12:48.046+0000] {logging_mixin.py:151} INFO - [2023-10-11T07:12:48.046+0000] {dag.py:3696} INFO - Setting next_dagrun for example_python_operator to None, run_after=None
[2023-10-11T07:12:48.066+0000] {processor.py:179} INFO - Processing /home/airflow/.local/lib/python3.8/site-packages/airflow/example_dags/example_python_operator.py took 0.064 seconds
[2023-10-11T07:13:18.590+0000] {processor.py:157} INFO - Started process (PID=5819) to work on /home/airflow/.local/lib/python3.8/site-packages/airflow/example_dags/example_python_operator.py
[2023-10-11T07:13:18.591+0000] {processor.py:829} INFO - Processing file /home/airflow/.local/lib/python3.8/site-packages/airflow/example_dags/example_python_operator.py for tasks to queue
[2023-10-11T07:13:18.592+0000] {logging_mixin.py:151} INFO - [2023-10-11T07:13:18.592+0000] {dagbag.py:539} INFO - Filling up the DagBag from /home/airflow/.local/lib/python3.8/site-packages/airflow/example_dags/example_python_operator.py
[2023-10-11T07:13:18.599+0000] {processor.py:839} INFO - DAG(s) dict_keys(['example_python_operator']) retrieved from /home/airflow/.local/lib/python3.8/site-packages/airflow/example_dags/example_python_operator.py
[2023-10-11T07:13:18.624+0000] {logging_mixin.py:151} INFO - [2023-10-11T07:13:18.624+0000] {dag.py:2915} INFO - Sync 1 DAGs
[2023-10-11T07:13:18.632+0000] {logging_mixin.py:151} INFO - [2023-10-11T07:13:18.632+0000] {dag.py:3696} INFO - Setting next_dagrun for example_python_operator to None, run_after=None
[2023-10-11T07:13:18.644+0000] {processor.py:179} INFO - Processing /home/airflow/.local/lib/python3.8/site-packages/airflow/example_dags/example_python_operator.py took 0.056 seconds
[2023-10-11T07:13:49.245+0000] {processor.py:157} INFO - Started process (PID=6062) to work on /home/airflow/.local/lib/python3.8/site-packages/airflow/example_dags/example_python_operator.py
[2023-10-11T07:13:49.245+0000] {processor.py:829} INFO - Processing file /home/airflow/.local/lib/python3.8/site-packages/airflow/example_dags/example_python_operator.py for tasks to queue
[2023-10-11T07:13:49.246+0000] {logging_mixin.py:151} INFO - [2023-10-11T07:13:49.246+0000] {dagbag.py:539} INFO - Filling up the DagBag from /home/airflow/.local/lib/python3.8/site-packages/airflow/example_dags/example_python_operator.py
[2023-10-11T07:13:49.261+0000] {processor.py:839} INFO - DAG(s) dict_keys(['example_python_operator']) retrieved from /home/airflow/.local/lib/python3.8/site-packages/airflow/example_dags/example_python_operator.py
[2023-10-11T07:13:49.290+0000] {logging_mixin.py:151} INFO - [2023-10-11T07:13:49.290+0000] {dag.py:2915} INFO - Sync 1 DAGs
[2023-10-11T07:13:49.297+0000] {logging_mixin.py:151} INFO - [2023-10-11T07:13:49.297+0000] {dag.py:3696} INFO - Setting next_dagrun for example_python_operator to None, run_after=None
[2023-10-11T07:13:49.308+0000] {processor.py:179} INFO - Processing /home/airflow/.local/lib/python3.8/site-packages/airflow/example_dags/example_python_operator.py took 0.066 seconds
[2023-10-11T07:14:19.709+0000] {processor.py:157} INFO - Started process (PID=6305) to work on /home/airflow/.local/lib/python3.8/site-packages/airflow/example_dags/example_python_operator.py
[2023-10-11T07:14:19.711+0000] {processor.py:829} INFO - Processing file /home/airflow/.local/lib/python3.8/site-packages/airflow/example_dags/example_python_operator.py for tasks to queue
[2023-10-11T07:14:19.711+0000] {logging_mixin.py:151} INFO - [2023-10-11T07:14:19.711+0000] {dagbag.py:539} INFO - Filling up the DagBag from /home/airflow/.local/lib/python3.8/site-packages/airflow/example_dags/example_python_operator.py
[2023-10-11T07:14:19.720+0000] {processor.py:839} INFO - DAG(s) dict_keys(['example_python_operator']) retrieved from /home/airflow/.local/lib/python3.8/site-packages/airflow/example_dags/example_python_operator.py
[2023-10-11T07:14:19.738+0000] {logging_mixin.py:151} INFO - [2023-10-11T07:14:19.737+0000] {dag.py:2915} INFO - Sync 1 DAGs
[2023-10-11T07:14:19.748+0000] {logging_mixin.py:151} INFO - [2023-10-11T07:14:19.747+0000] {dag.py:3696} INFO - Setting next_dagrun for example_python_operator to None, run_after=None
[2023-10-11T07:14:19.795+0000] {processor.py:179} INFO - Processing /home/airflow/.local/lib/python3.8/site-packages/airflow/example_dags/example_python_operator.py took 0.088 seconds
[2023-10-11T07:14:50.195+0000] {processor.py:157} INFO - Started process (PID=6548) to work on /home/airflow/.local/lib/python3.8/site-packages/airflow/example_dags/example_python_operator.py
[2023-10-11T07:14:50.196+0000] {processor.py:829} INFO - Processing file /home/airflow/.local/lib/python3.8/site-packages/airflow/example_dags/example_python_operator.py for tasks to queue
[2023-10-11T07:14:50.197+0000] {logging_mixin.py:151} INFO - [2023-10-11T07:14:50.197+0000] {dagbag.py:539} INFO - Filling up the DagBag from /home/airflow/.local/lib/python3.8/site-packages/airflow/example_dags/example_python_operator.py
[2023-10-11T07:14:50.204+0000] {processor.py:839} INFO - DAG(s) dict_keys(['example_python_operator']) retrieved from /home/airflow/.local/lib/python3.8/site-packages/airflow/example_dags/example_python_operator.py
[2023-10-11T07:14:50.219+0000] {logging_mixin.py:151} INFO - [2023-10-11T07:14:50.219+0000] {dag.py:2915} INFO - Sync 1 DAGs
[2023-10-11T07:14:50.229+0000] {logging_mixin.py:151} INFO - [2023-10-11T07:14:50.229+0000] {dag.py:3696} INFO - Setting next_dagrun for example_python_operator to None, run_after=None
[2023-10-11T07:14:50.240+0000] {processor.py:179} INFO - Processing /home/airflow/.local/lib/python3.8/site-packages/airflow/example_dags/example_python_operator.py took 0.048 seconds
[2023-10-11T07:15:20.621+0000] {processor.py:157} INFO - Started process (PID=6793) to work on /home/airflow/.local/lib/python3.8/site-packages/airflow/example_dags/example_python_operator.py
[2023-10-11T07:15:20.622+0000] {processor.py:829} INFO - Processing file /home/airflow/.local/lib/python3.8/site-packages/airflow/example_dags/example_python_operator.py for tasks to queue
[2023-10-11T07:15:20.623+0000] {logging_mixin.py:151} INFO - [2023-10-11T07:15:20.623+0000] {dagbag.py:539} INFO - Filling up the DagBag from /home/airflow/.local/lib/python3.8/site-packages/airflow/example_dags/example_python_operator.py
[2023-10-11T07:15:20.630+0000] {processor.py:839} INFO - DAG(s) dict_keys(['example_python_operator']) retrieved from /home/airflow/.local/lib/python3.8/site-packages/airflow/example_dags/example_python_operator.py
[2023-10-11T07:15:20.649+0000] {logging_mixin.py:151} INFO - [2023-10-11T07:15:20.647+0000] {dag.py:2915} INFO - Sync 1 DAGs
[2023-10-11T07:15:20.666+0000] {logging_mixin.py:151} INFO - [2023-10-11T07:15:20.665+0000] {dag.py:3696} INFO - Setting next_dagrun for example_python_operator to None, run_after=None
[2023-10-11T07:15:20.676+0000] {processor.py:179} INFO - Processing /home/airflow/.local/lib/python3.8/site-packages/airflow/example_dags/example_python_operator.py took 0.057 seconds
[2023-10-11T07:15:51.298+0000] {processor.py:157} INFO - Started process (PID=7034) to work on /home/airflow/.local/lib/python3.8/site-packages/airflow/example_dags/example_python_operator.py
[2023-10-11T07:15:51.299+0000] {processor.py:829} INFO - Processing file /home/airflow/.local/lib/python3.8/site-packages/airflow/example_dags/example_python_operator.py for tasks to queue
[2023-10-11T07:15:51.300+0000] {logging_mixin.py:151} INFO - [2023-10-11T07:15:51.300+0000] {dagbag.py:539} INFO - Filling up the DagBag from /home/airflow/.local/lib/python3.8/site-packages/airflow/example_dags/example_python_operator.py
[2023-10-11T07:15:51.326+0000] {processor.py:839} INFO - DAG(s) dict_keys(['example_python_operator']) retrieved from /home/airflow/.local/lib/python3.8/site-packages/airflow/example_dags/example_python_operator.py
[2023-10-11T07:15:51.378+0000] {logging_mixin.py:151} INFO - [2023-10-11T07:15:51.378+0000] {dag.py:2915} INFO - Sync 1 DAGs
[2023-10-11T07:15:51.402+0000] {logging_mixin.py:151} INFO - [2023-10-11T07:15:51.402+0000] {dag.py:3696} INFO - Setting next_dagrun for example_python_operator to None, run_after=None
[2023-10-11T07:15:51.424+0000] {processor.py:179} INFO - Processing /home/airflow/.local/lib/python3.8/site-packages/airflow/example_dags/example_python_operator.py took 0.129 seconds
[2023-10-11T07:16:22.034+0000] {processor.py:157} INFO - Started process (PID=7279) to work on /home/airflow/.local/lib/python3.8/site-packages/airflow/example_dags/example_python_operator.py
[2023-10-11T07:16:22.035+0000] {processor.py:829} INFO - Processing file /home/airflow/.local/lib/python3.8/site-packages/airflow/example_dags/example_python_operator.py for tasks to queue
[2023-10-11T07:16:22.036+0000] {logging_mixin.py:151} INFO - [2023-10-11T07:16:22.036+0000] {dagbag.py:539} INFO - Filling up the DagBag from /home/airflow/.local/lib/python3.8/site-packages/airflow/example_dags/example_python_operator.py
[2023-10-11T07:16:22.056+0000] {processor.py:839} INFO - DAG(s) dict_keys(['example_python_operator']) retrieved from /home/airflow/.local/lib/python3.8/site-packages/airflow/example_dags/example_python_operator.py
[2023-10-11T07:16:22.131+0000] {logging_mixin.py:151} INFO - [2023-10-11T07:16:22.131+0000] {dag.py:2915} INFO - Sync 1 DAGs
[2023-10-11T07:16:22.142+0000] {logging_mixin.py:151} INFO - [2023-10-11T07:16:22.142+0000] {dag.py:3696} INFO - Setting next_dagrun for example_python_operator to None, run_after=None
[2023-10-11T07:16:22.186+0000] {processor.py:179} INFO - Processing /home/airflow/.local/lib/python3.8/site-packages/airflow/example_dags/example_python_operator.py took 0.156 seconds
[2023-10-11T07:16:52.887+0000] {processor.py:157} INFO - Started process (PID=7520) to work on /home/airflow/.local/lib/python3.8/site-packages/airflow/example_dags/example_python_operator.py
[2023-10-11T07:16:52.889+0000] {processor.py:829} INFO - Processing file /home/airflow/.local/lib/python3.8/site-packages/airflow/example_dags/example_python_operator.py for tasks to queue
[2023-10-11T07:16:52.890+0000] {logging_mixin.py:151} INFO - [2023-10-11T07:16:52.890+0000] {dagbag.py:539} INFO - Filling up the DagBag from /home/airflow/.local/lib/python3.8/site-packages/airflow/example_dags/example_python_operator.py
[2023-10-11T07:16:52.902+0000] {processor.py:839} INFO - DAG(s) dict_keys(['example_python_operator']) retrieved from /home/airflow/.local/lib/python3.8/site-packages/airflow/example_dags/example_python_operator.py
[2023-10-11T07:16:52.935+0000] {logging_mixin.py:151} INFO - [2023-10-11T07:16:52.934+0000] {dag.py:2915} INFO - Sync 1 DAGs
[2023-10-11T07:16:52.960+0000] {logging_mixin.py:151} INFO - [2023-10-11T07:16:52.959+0000] {dag.py:3696} INFO - Setting next_dagrun for example_python_operator to None, run_after=None
[2023-10-11T07:16:52.991+0000] {processor.py:179} INFO - Processing /home/airflow/.local/lib/python3.8/site-packages/airflow/example_dags/example_python_operator.py took 0.109 seconds
[2023-10-11T07:17:23.735+0000] {processor.py:157} INFO - Started process (PID=7765) to work on /home/airflow/.local/lib/python3.8/site-packages/airflow/example_dags/example_python_operator.py
[2023-10-11T07:17:23.738+0000] {processor.py:829} INFO - Processing file /home/airflow/.local/lib/python3.8/site-packages/airflow/example_dags/example_python_operator.py for tasks to queue
[2023-10-11T07:17:23.740+0000] {logging_mixin.py:151} INFO - [2023-10-11T07:17:23.739+0000] {dagbag.py:539} INFO - Filling up the DagBag from /home/airflow/.local/lib/python3.8/site-packages/airflow/example_dags/example_python_operator.py
[2023-10-11T07:17:23.824+0000] {processor.py:839} INFO - DAG(s) dict_keys(['example_python_operator']) retrieved from /home/airflow/.local/lib/python3.8/site-packages/airflow/example_dags/example_python_operator.py
[2023-10-11T07:17:23.913+0000] {logging_mixin.py:151} INFO - [2023-10-11T07:17:23.912+0000] {dag.py:2915} INFO - Sync 1 DAGs
[2023-10-11T07:17:23.932+0000] {logging_mixin.py:151} INFO - [2023-10-11T07:17:23.931+0000] {dag.py:3696} INFO - Setting next_dagrun for example_python_operator to None, run_after=None
[2023-10-11T07:17:23.998+0000] {processor.py:179} INFO - Processing /home/airflow/.local/lib/python3.8/site-packages/airflow/example_dags/example_python_operator.py took 0.269 seconds
[2023-10-11T07:17:55.143+0000] {processor.py:157} INFO - Started process (PID=8006) to work on /home/airflow/.local/lib/python3.8/site-packages/airflow/example_dags/example_python_operator.py
[2023-10-11T07:17:55.146+0000] {processor.py:829} INFO - Processing file /home/airflow/.local/lib/python3.8/site-packages/airflow/example_dags/example_python_operator.py for tasks to queue
[2023-10-11T07:17:55.148+0000] {logging_mixin.py:151} INFO - [2023-10-11T07:17:55.147+0000] {dagbag.py:539} INFO - Filling up the DagBag from /home/airflow/.local/lib/python3.8/site-packages/airflow/example_dags/example_python_operator.py
[2023-10-11T07:17:55.190+0000] {processor.py:839} INFO - DAG(s) dict_keys(['example_python_operator']) retrieved from /home/airflow/.local/lib/python3.8/site-packages/airflow/example_dags/example_python_operator.py
[2023-10-11T07:17:55.489+0000] {logging_mixin.py:151} INFO - [2023-10-11T07:17:55.487+0000] {dag.py:2915} INFO - Sync 1 DAGs
[2023-10-11T07:17:55.580+0000] {logging_mixin.py:151} INFO - [2023-10-11T07:17:55.579+0000] {dag.py:3696} INFO - Setting next_dagrun for example_python_operator to None, run_after=None
[2023-10-11T07:17:55.642+0000] {processor.py:179} INFO - Processing /home/airflow/.local/lib/python3.8/site-packages/airflow/example_dags/example_python_operator.py took 0.505 seconds
[2023-10-11T07:18:25.719+0000] {processor.py:157} INFO - Started process (PID=8251) to work on /home/airflow/.local/lib/python3.8/site-packages/airflow/example_dags/example_python_operator.py
[2023-10-11T07:18:25.720+0000] {processor.py:829} INFO - Processing file /home/airflow/.local/lib/python3.8/site-packages/airflow/example_dags/example_python_operator.py for tasks to queue
[2023-10-11T07:18:25.721+0000] {logging_mixin.py:151} INFO - [2023-10-11T07:18:25.721+0000] {dagbag.py:539} INFO - Filling up the DagBag from /home/airflow/.local/lib/python3.8/site-packages/airflow/example_dags/example_python_operator.py
[2023-10-11T07:18:25.733+0000] {processor.py:839} INFO - DAG(s) dict_keys(['example_python_operator']) retrieved from /home/airflow/.local/lib/python3.8/site-packages/airflow/example_dags/example_python_operator.py
[2023-10-11T07:18:25.784+0000] {logging_mixin.py:151} INFO - [2023-10-11T07:18:25.784+0000] {dag.py:2915} INFO - Sync 1 DAGs
[2023-10-11T07:18:25.802+0000] {logging_mixin.py:151} INFO - [2023-10-11T07:18:25.801+0000] {dag.py:3696} INFO - Setting next_dagrun for example_python_operator to None, run_after=None
[2023-10-11T07:18:25.816+0000] {processor.py:179} INFO - Processing /home/airflow/.local/lib/python3.8/site-packages/airflow/example_dags/example_python_operator.py took 0.099 seconds
[2023-10-11T07:18:56.176+0000] {processor.py:157} INFO - Started process (PID=8492) to work on /home/airflow/.local/lib/python3.8/site-packages/airflow/example_dags/example_python_operator.py
[2023-10-11T07:18:56.177+0000] {processor.py:829} INFO - Processing file /home/airflow/.local/lib/python3.8/site-packages/airflow/example_dags/example_python_operator.py for tasks to queue
[2023-10-11T07:18:56.178+0000] {logging_mixin.py:151} INFO - [2023-10-11T07:18:56.177+0000] {dagbag.py:539} INFO - Filling up the DagBag from /home/airflow/.local/lib/python3.8/site-packages/airflow/example_dags/example_python_operator.py
[2023-10-11T07:18:56.184+0000] {processor.py:839} INFO - DAG(s) dict_keys(['example_python_operator']) retrieved from /home/airflow/.local/lib/python3.8/site-packages/airflow/example_dags/example_python_operator.py
[2023-10-11T07:18:56.201+0000] {logging_mixin.py:151} INFO - [2023-10-11T07:18:56.200+0000] {dag.py:2915} INFO - Sync 1 DAGs
[2023-10-11T07:18:56.211+0000] {logging_mixin.py:151} INFO - [2023-10-11T07:18:56.211+0000] {dag.py:3696} INFO - Setting next_dagrun for example_python_operator to None, run_after=None
[2023-10-11T07:18:56.228+0000] {processor.py:179} INFO - Processing /home/airflow/.local/lib/python3.8/site-packages/airflow/example_dags/example_python_operator.py took 0.054 seconds
[2023-10-11T07:19:26.411+0000] {processor.py:157} INFO - Started process (PID=8737) to work on /home/airflow/.local/lib/python3.8/site-packages/airflow/example_dags/example_python_operator.py
[2023-10-11T07:19:26.412+0000] {processor.py:829} INFO - Processing file /home/airflow/.local/lib/python3.8/site-packages/airflow/example_dags/example_python_operator.py for tasks to queue
[2023-10-11T07:19:26.413+0000] {logging_mixin.py:151} INFO - [2023-10-11T07:19:26.413+0000] {dagbag.py:539} INFO - Filling up the DagBag from /home/airflow/.local/lib/python3.8/site-packages/airflow/example_dags/example_python_operator.py
[2023-10-11T07:19:26.419+0000] {processor.py:839} INFO - DAG(s) dict_keys(['example_python_operator']) retrieved from /home/airflow/.local/lib/python3.8/site-packages/airflow/example_dags/example_python_operator.py
[2023-10-11T07:19:26.433+0000] {logging_mixin.py:151} INFO - [2023-10-11T07:19:26.433+0000] {dag.py:2915} INFO - Sync 1 DAGs
[2023-10-11T07:19:26.440+0000] {logging_mixin.py:151} INFO - [2023-10-11T07:19:26.440+0000] {dag.py:3696} INFO - Setting next_dagrun for example_python_operator to None, run_after=None
[2023-10-11T07:19:26.474+0000] {processor.py:179} INFO - Processing /home/airflow/.local/lib/python3.8/site-packages/airflow/example_dags/example_python_operator.py took 0.066 seconds
[2023-10-11T07:19:57.310+0000] {processor.py:157} INFO - Started process (PID=8980) to work on /home/airflow/.local/lib/python3.8/site-packages/airflow/example_dags/example_python_operator.py
[2023-10-11T07:19:57.311+0000] {processor.py:829} INFO - Processing file /home/airflow/.local/lib/python3.8/site-packages/airflow/example_dags/example_python_operator.py for tasks to queue
[2023-10-11T07:19:57.312+0000] {logging_mixin.py:151} INFO - [2023-10-11T07:19:57.312+0000] {dagbag.py:539} INFO - Filling up the DagBag from /home/airflow/.local/lib/python3.8/site-packages/airflow/example_dags/example_python_operator.py
[2023-10-11T07:19:57.323+0000] {processor.py:839} INFO - DAG(s) dict_keys(['example_python_operator']) retrieved from /home/airflow/.local/lib/python3.8/site-packages/airflow/example_dags/example_python_operator.py
[2023-10-11T07:19:57.372+0000] {logging_mixin.py:151} INFO - [2023-10-11T07:19:57.371+0000] {dag.py:2915} INFO - Sync 1 DAGs
[2023-10-11T07:19:57.384+0000] {logging_mixin.py:151} INFO - [2023-10-11T07:19:57.384+0000] {dag.py:3696} INFO - Setting next_dagrun for example_python_operator to None, run_after=None
[2023-10-11T07:19:57.414+0000] {processor.py:179} INFO - Processing /home/airflow/.local/lib/python3.8/site-packages/airflow/example_dags/example_python_operator.py took 0.108 seconds
[2023-10-11T07:20:27.510+0000] {processor.py:157} INFO - Started process (PID=9223) to work on /home/airflow/.local/lib/python3.8/site-packages/airflow/example_dags/example_python_operator.py
[2023-10-11T07:20:27.511+0000] {processor.py:829} INFO - Processing file /home/airflow/.local/lib/python3.8/site-packages/airflow/example_dags/example_python_operator.py for tasks to queue
[2023-10-11T07:20:27.512+0000] {logging_mixin.py:151} INFO - [2023-10-11T07:20:27.512+0000] {dagbag.py:539} INFO - Filling up the DagBag from /home/airflow/.local/lib/python3.8/site-packages/airflow/example_dags/example_python_operator.py
[2023-10-11T07:20:27.522+0000] {processor.py:839} INFO - DAG(s) dict_keys(['example_python_operator']) retrieved from /home/airflow/.local/lib/python3.8/site-packages/airflow/example_dags/example_python_operator.py
[2023-10-11T07:20:27.553+0000] {logging_mixin.py:151} INFO - [2023-10-11T07:20:27.553+0000] {dag.py:2915} INFO - Sync 1 DAGs
[2023-10-11T07:20:27.584+0000] {logging_mixin.py:151} INFO - [2023-10-11T07:20:27.584+0000] {dag.py:3696} INFO - Setting next_dagrun for example_python_operator to None, run_after=None
[2023-10-11T07:20:27.603+0000] {processor.py:179} INFO - Processing /home/airflow/.local/lib/python3.8/site-packages/airflow/example_dags/example_python_operator.py took 0.097 seconds
[2023-10-11T07:20:58.436+0000] {processor.py:157} INFO - Started process (PID=9466) to work on /home/airflow/.local/lib/python3.8/site-packages/airflow/example_dags/example_python_operator.py
[2023-10-11T07:20:58.437+0000] {processor.py:829} INFO - Processing file /home/airflow/.local/lib/python3.8/site-packages/airflow/example_dags/example_python_operator.py for tasks to queue
[2023-10-11T07:20:58.439+0000] {logging_mixin.py:151} INFO - [2023-10-11T07:20:58.438+0000] {dagbag.py:539} INFO - Filling up the DagBag from /home/airflow/.local/lib/python3.8/site-packages/airflow/example_dags/example_python_operator.py
[2023-10-11T07:20:58.462+0000] {processor.py:839} INFO - DAG(s) dict_keys(['example_python_operator']) retrieved from /home/airflow/.local/lib/python3.8/site-packages/airflow/example_dags/example_python_operator.py
[2023-10-11T07:20:58.499+0000] {logging_mixin.py:151} INFO - [2023-10-11T07:20:58.499+0000] {dag.py:2915} INFO - Sync 1 DAGs
[2023-10-11T07:20:58.511+0000] {logging_mixin.py:151} INFO - [2023-10-11T07:20:58.511+0000] {dag.py:3696} INFO - Setting next_dagrun for example_python_operator to None, run_after=None
[2023-10-11T07:20:58.528+0000] {processor.py:179} INFO - Processing /home/airflow/.local/lib/python3.8/site-packages/airflow/example_dags/example_python_operator.py took 0.096 seconds
[2023-10-11T07:21:29.104+0000] {processor.py:157} INFO - Started process (PID=9707) to work on /home/airflow/.local/lib/python3.8/site-packages/airflow/example_dags/example_python_operator.py
[2023-10-11T07:21:29.105+0000] {processor.py:829} INFO - Processing file /home/airflow/.local/lib/python3.8/site-packages/airflow/example_dags/example_python_operator.py for tasks to queue
[2023-10-11T07:21:29.107+0000] {logging_mixin.py:151} INFO - [2023-10-11T07:21:29.106+0000] {dagbag.py:539} INFO - Filling up the DagBag from /home/airflow/.local/lib/python3.8/site-packages/airflow/example_dags/example_python_operator.py
[2023-10-11T07:21:29.113+0000] {processor.py:839} INFO - DAG(s) dict_keys(['example_python_operator']) retrieved from /home/airflow/.local/lib/python3.8/site-packages/airflow/example_dags/example_python_operator.py
[2023-10-11T07:21:29.131+0000] {logging_mixin.py:151} INFO - [2023-10-11T07:21:29.131+0000] {dag.py:2915} INFO - Sync 1 DAGs
[2023-10-11T07:21:29.138+0000] {logging_mixin.py:151} INFO - [2023-10-11T07:21:29.138+0000] {dag.py:3696} INFO - Setting next_dagrun for example_python_operator to None, run_after=None
[2023-10-11T07:21:29.150+0000] {processor.py:179} INFO - Processing /home/airflow/.local/lib/python3.8/site-packages/airflow/example_dags/example_python_operator.py took 0.048 seconds
[2023-10-11T07:21:59.965+0000] {processor.py:157} INFO - Started process (PID=9950) to work on /home/airflow/.local/lib/python3.8/site-packages/airflow/example_dags/example_python_operator.py
[2023-10-11T07:21:59.967+0000] {processor.py:829} INFO - Processing file /home/airflow/.local/lib/python3.8/site-packages/airflow/example_dags/example_python_operator.py for tasks to queue
[2023-10-11T07:21:59.969+0000] {logging_mixin.py:151} INFO - [2023-10-11T07:21:59.968+0000] {dagbag.py:539} INFO - Filling up the DagBag from /home/airflow/.local/lib/python3.8/site-packages/airflow/example_dags/example_python_operator.py
[2023-10-11T07:21:59.981+0000] {processor.py:839} INFO - DAG(s) dict_keys(['example_python_operator']) retrieved from /home/airflow/.local/lib/python3.8/site-packages/airflow/example_dags/example_python_operator.py
[2023-10-11T07:22:00.014+0000] {logging_mixin.py:151} INFO - [2023-10-11T07:22:00.014+0000] {dag.py:2915} INFO - Sync 1 DAGs
[2023-10-11T07:22:00.066+0000] {logging_mixin.py:151} INFO - [2023-10-11T07:22:00.066+0000] {dag.py:3696} INFO - Setting next_dagrun for example_python_operator to None, run_after=None
[2023-10-11T07:22:00.094+0000] {processor.py:179} INFO - Processing /home/airflow/.local/lib/python3.8/site-packages/airflow/example_dags/example_python_operator.py took 0.134 seconds
[2023-10-11T07:22:30.983+0000] {processor.py:157} INFO - Started process (PID=10193) to work on /home/airflow/.local/lib/python3.8/site-packages/airflow/example_dags/example_python_operator.py
[2023-10-11T07:22:30.983+0000] {processor.py:829} INFO - Processing file /home/airflow/.local/lib/python3.8/site-packages/airflow/example_dags/example_python_operator.py for tasks to queue
[2023-10-11T07:22:30.984+0000] {logging_mixin.py:151} INFO - [2023-10-11T07:22:30.984+0000] {dagbag.py:539} INFO - Filling up the DagBag from /home/airflow/.local/lib/python3.8/site-packages/airflow/example_dags/example_python_operator.py
[2023-10-11T07:22:30.991+0000] {processor.py:839} INFO - DAG(s) dict_keys(['example_python_operator']) retrieved from /home/airflow/.local/lib/python3.8/site-packages/airflow/example_dags/example_python_operator.py
[2023-10-11T07:22:31.006+0000] {logging_mixin.py:151} INFO - [2023-10-11T07:22:31.006+0000] {dag.py:2915} INFO - Sync 1 DAGs
[2023-10-11T07:22:31.013+0000] {logging_mixin.py:151} INFO - [2023-10-11T07:22:31.013+0000] {dag.py:3696} INFO - Setting next_dagrun for example_python_operator to None, run_after=None
[2023-10-11T07:22:31.022+0000] {processor.py:179} INFO - Processing /home/airflow/.local/lib/python3.8/site-packages/airflow/example_dags/example_python_operator.py took 0.042 seconds
[2023-10-11T07:23:01.297+0000] {processor.py:157} INFO - Started process (PID=10436) to work on /home/airflow/.local/lib/python3.8/site-packages/airflow/example_dags/example_python_operator.py
[2023-10-11T07:23:01.298+0000] {processor.py:829} INFO - Processing file /home/airflow/.local/lib/python3.8/site-packages/airflow/example_dags/example_python_operator.py for tasks to queue
[2023-10-11T07:23:01.298+0000] {logging_mixin.py:151} INFO - [2023-10-11T07:23:01.298+0000] {dagbag.py:539} INFO - Filling up the DagBag from /home/airflow/.local/lib/python3.8/site-packages/airflow/example_dags/example_python_operator.py
[2023-10-11T07:23:01.306+0000] {processor.py:839} INFO - DAG(s) dict_keys(['example_python_operator']) retrieved from /home/airflow/.local/lib/python3.8/site-packages/airflow/example_dags/example_python_operator.py
[2023-10-11T07:23:01.324+0000] {logging_mixin.py:151} INFO - [2023-10-11T07:23:01.324+0000] {dag.py:2915} INFO - Sync 1 DAGs
[2023-10-11T07:23:01.333+0000] {logging_mixin.py:151} INFO - [2023-10-11T07:23:01.333+0000] {dag.py:3696} INFO - Setting next_dagrun for example_python_operator to None, run_after=None
[2023-10-11T07:23:01.345+0000] {processor.py:179} INFO - Processing /home/airflow/.local/lib/python3.8/site-packages/airflow/example_dags/example_python_operator.py took 0.050 seconds
[2023-10-11T07:23:31.428+0000] {processor.py:157} INFO - Started process (PID=10679) to work on /home/airflow/.local/lib/python3.8/site-packages/airflow/example_dags/example_python_operator.py
[2023-10-11T07:23:31.429+0000] {processor.py:829} INFO - Processing file /home/airflow/.local/lib/python3.8/site-packages/airflow/example_dags/example_python_operator.py for tasks to queue
[2023-10-11T07:23:31.429+0000] {logging_mixin.py:151} INFO - [2023-10-11T07:23:31.429+0000] {dagbag.py:539} INFO - Filling up the DagBag from /home/airflow/.local/lib/python3.8/site-packages/airflow/example_dags/example_python_operator.py
[2023-10-11T07:23:31.436+0000] {processor.py:839} INFO - DAG(s) dict_keys(['example_python_operator']) retrieved from /home/airflow/.local/lib/python3.8/site-packages/airflow/example_dags/example_python_operator.py
[2023-10-11T07:23:31.461+0000] {logging_mixin.py:151} INFO - [2023-10-11T07:23:31.461+0000] {dag.py:2915} INFO - Sync 1 DAGs
[2023-10-11T07:23:31.480+0000] {logging_mixin.py:151} INFO - [2023-10-11T07:23:31.479+0000] {dag.py:3696} INFO - Setting next_dagrun for example_python_operator to None, run_after=None
[2023-10-11T07:23:31.488+0000] {processor.py:179} INFO - Processing /home/airflow/.local/lib/python3.8/site-packages/airflow/example_dags/example_python_operator.py took 0.064 seconds
[2023-10-11T07:24:01.602+0000] {processor.py:157} INFO - Started process (PID=10922) to work on /home/airflow/.local/lib/python3.8/site-packages/airflow/example_dags/example_python_operator.py
[2023-10-11T07:24:01.603+0000] {processor.py:829} INFO - Processing file /home/airflow/.local/lib/python3.8/site-packages/airflow/example_dags/example_python_operator.py for tasks to queue
[2023-10-11T07:24:01.604+0000] {logging_mixin.py:151} INFO - [2023-10-11T07:24:01.604+0000] {dagbag.py:539} INFO - Filling up the DagBag from /home/airflow/.local/lib/python3.8/site-packages/airflow/example_dags/example_python_operator.py
[2023-10-11T07:24:01.612+0000] {processor.py:839} INFO - DAG(s) dict_keys(['example_python_operator']) retrieved from /home/airflow/.local/lib/python3.8/site-packages/airflow/example_dags/example_python_operator.py
[2023-10-11T07:24:01.628+0000] {logging_mixin.py:151} INFO - [2023-10-11T07:24:01.628+0000] {dag.py:2915} INFO - Sync 1 DAGs
[2023-10-11T07:24:01.635+0000] {logging_mixin.py:151} INFO - [2023-10-11T07:24:01.635+0000] {dag.py:3696} INFO - Setting next_dagrun for example_python_operator to None, run_after=None
[2023-10-11T07:24:01.645+0000] {processor.py:179} INFO - Processing /home/airflow/.local/lib/python3.8/site-packages/airflow/example_dags/example_python_operator.py took 0.045 seconds
[2023-10-11T07:24:31.996+0000] {processor.py:157} INFO - Started process (PID=11165) to work on /home/airflow/.local/lib/python3.8/site-packages/airflow/example_dags/example_python_operator.py
[2023-10-11T07:24:31.998+0000] {processor.py:829} INFO - Processing file /home/airflow/.local/lib/python3.8/site-packages/airflow/example_dags/example_python_operator.py for tasks to queue
[2023-10-11T07:24:31.999+0000] {logging_mixin.py:151} INFO - [2023-10-11T07:24:31.998+0000] {dagbag.py:539} INFO - Filling up the DagBag from /home/airflow/.local/lib/python3.8/site-packages/airflow/example_dags/example_python_operator.py
[2023-10-11T07:24:32.006+0000] {processor.py:839} INFO - DAG(s) dict_keys(['example_python_operator']) retrieved from /home/airflow/.local/lib/python3.8/site-packages/airflow/example_dags/example_python_operator.py
[2023-10-11T07:24:32.022+0000] {logging_mixin.py:151} INFO - [2023-10-11T07:24:32.022+0000] {dag.py:2915} INFO - Sync 1 DAGs
[2023-10-11T07:24:32.030+0000] {logging_mixin.py:151} INFO - [2023-10-11T07:24:32.030+0000] {dag.py:3696} INFO - Setting next_dagrun for example_python_operator to None, run_after=None
[2023-10-11T07:24:32.041+0000] {processor.py:179} INFO - Processing /home/airflow/.local/lib/python3.8/site-packages/airflow/example_dags/example_python_operator.py took 0.047 seconds
[2023-10-11T07:25:02.200+0000] {processor.py:157} INFO - Started process (PID=11408) to work on /home/airflow/.local/lib/python3.8/site-packages/airflow/example_dags/example_python_operator.py
[2023-10-11T07:25:02.201+0000] {processor.py:829} INFO - Processing file /home/airflow/.local/lib/python3.8/site-packages/airflow/example_dags/example_python_operator.py for tasks to queue
[2023-10-11T07:25:02.201+0000] {logging_mixin.py:151} INFO - [2023-10-11T07:25:02.201+0000] {dagbag.py:539} INFO - Filling up the DagBag from /home/airflow/.local/lib/python3.8/site-packages/airflow/example_dags/example_python_operator.py
[2023-10-11T07:25:02.208+0000] {processor.py:839} INFO - DAG(s) dict_keys(['example_python_operator']) retrieved from /home/airflow/.local/lib/python3.8/site-packages/airflow/example_dags/example_python_operator.py
[2023-10-11T07:25:02.224+0000] {logging_mixin.py:151} INFO - [2023-10-11T07:25:02.224+0000] {dag.py:2915} INFO - Sync 1 DAGs
[2023-10-11T07:25:02.236+0000] {logging_mixin.py:151} INFO - [2023-10-11T07:25:02.236+0000] {dag.py:3696} INFO - Setting next_dagrun for example_python_operator to None, run_after=None
[2023-10-11T07:25:02.263+0000] {processor.py:179} INFO - Processing /home/airflow/.local/lib/python3.8/site-packages/airflow/example_dags/example_python_operator.py took 0.066 seconds
[2023-10-11T07:25:33.142+0000] {processor.py:157} INFO - Started process (PID=11653) to work on /home/airflow/.local/lib/python3.8/site-packages/airflow/example_dags/example_python_operator.py
[2023-10-11T07:25:33.144+0000] {processor.py:829} INFO - Processing file /home/airflow/.local/lib/python3.8/site-packages/airflow/example_dags/example_python_operator.py for tasks to queue
[2023-10-11T07:25:33.153+0000] {logging_mixin.py:151} INFO - [2023-10-11T07:25:33.145+0000] {dagbag.py:539} INFO - Filling up the DagBag from /home/airflow/.local/lib/python3.8/site-packages/airflow/example_dags/example_python_operator.py
[2023-10-11T07:25:33.184+0000] {processor.py:839} INFO - DAG(s) dict_keys(['example_python_operator']) retrieved from /home/airflow/.local/lib/python3.8/site-packages/airflow/example_dags/example_python_operator.py
[2023-10-11T07:25:33.229+0000] {logging_mixin.py:151} INFO - [2023-10-11T07:25:33.229+0000] {dag.py:2915} INFO - Sync 1 DAGs
[2023-10-11T07:25:33.251+0000] {logging_mixin.py:151} INFO - [2023-10-11T07:25:33.251+0000] {dag.py:3696} INFO - Setting next_dagrun for example_python_operator to None, run_after=None
[2023-10-11T07:25:33.289+0000] {processor.py:179} INFO - Processing /home/airflow/.local/lib/python3.8/site-packages/airflow/example_dags/example_python_operator.py took 0.155 seconds
[2023-10-11T07:26:03.411+0000] {processor.py:157} INFO - Started process (PID=11894) to work on /home/airflow/.local/lib/python3.8/site-packages/airflow/example_dags/example_python_operator.py
[2023-10-11T07:26:03.413+0000] {processor.py:829} INFO - Processing file /home/airflow/.local/lib/python3.8/site-packages/airflow/example_dags/example_python_operator.py for tasks to queue
[2023-10-11T07:26:03.414+0000] {logging_mixin.py:151} INFO - [2023-10-11T07:26:03.414+0000] {dagbag.py:539} INFO - Filling up the DagBag from /home/airflow/.local/lib/python3.8/site-packages/airflow/example_dags/example_python_operator.py
[2023-10-11T07:26:03.427+0000] {processor.py:839} INFO - DAG(s) dict_keys(['example_python_operator']) retrieved from /home/airflow/.local/lib/python3.8/site-packages/airflow/example_dags/example_python_operator.py
[2023-10-11T07:26:03.469+0000] {logging_mixin.py:151} INFO - [2023-10-11T07:26:03.468+0000] {dag.py:2915} INFO - Sync 1 DAGs
[2023-10-11T07:26:03.493+0000] {logging_mixin.py:151} INFO - [2023-10-11T07:26:03.493+0000] {dag.py:3696} INFO - Setting next_dagrun for example_python_operator to None, run_after=None
[2023-10-11T07:26:03.512+0000] {processor.py:179} INFO - Processing /home/airflow/.local/lib/python3.8/site-packages/airflow/example_dags/example_python_operator.py took 0.106 seconds
[2023-10-11T07:26:33.776+0000] {processor.py:157} INFO - Started process (PID=12137) to work on /home/airflow/.local/lib/python3.8/site-packages/airflow/example_dags/example_python_operator.py
[2023-10-11T07:26:33.777+0000] {processor.py:829} INFO - Processing file /home/airflow/.local/lib/python3.8/site-packages/airflow/example_dags/example_python_operator.py for tasks to queue
[2023-10-11T07:26:33.778+0000] {logging_mixin.py:151} INFO - [2023-10-11T07:26:33.777+0000] {dagbag.py:539} INFO - Filling up the DagBag from /home/airflow/.local/lib/python3.8/site-packages/airflow/example_dags/example_python_operator.py
[2023-10-11T07:26:33.784+0000] {processor.py:839} INFO - DAG(s) dict_keys(['example_python_operator']) retrieved from /home/airflow/.local/lib/python3.8/site-packages/airflow/example_dags/example_python_operator.py
[2023-10-11T07:26:33.799+0000] {logging_mixin.py:151} INFO - [2023-10-11T07:26:33.799+0000] {dag.py:2915} INFO - Sync 1 DAGs
[2023-10-11T07:26:33.807+0000] {logging_mixin.py:151} INFO - [2023-10-11T07:26:33.806+0000] {dag.py:3696} INFO - Setting next_dagrun for example_python_operator to None, run_after=None
[2023-10-11T07:26:33.819+0000] {processor.py:179} INFO - Processing /home/airflow/.local/lib/python3.8/site-packages/airflow/example_dags/example_python_operator.py took 0.046 seconds
[2023-10-11T07:27:04.390+0000] {processor.py:157} INFO - Started process (PID=12380) to work on /home/airflow/.local/lib/python3.8/site-packages/airflow/example_dags/example_python_operator.py
[2023-10-11T07:27:04.391+0000] {processor.py:829} INFO - Processing file /home/airflow/.local/lib/python3.8/site-packages/airflow/example_dags/example_python_operator.py for tasks to queue
[2023-10-11T07:27:04.392+0000] {logging_mixin.py:151} INFO - [2023-10-11T07:27:04.391+0000] {dagbag.py:539} INFO - Filling up the DagBag from /home/airflow/.local/lib/python3.8/site-packages/airflow/example_dags/example_python_operator.py
[2023-10-11T07:27:04.400+0000] {processor.py:839} INFO - DAG(s) dict_keys(['example_python_operator']) retrieved from /home/airflow/.local/lib/python3.8/site-packages/airflow/example_dags/example_python_operator.py
[2023-10-11T07:27:04.419+0000] {logging_mixin.py:151} INFO - [2023-10-11T07:27:04.419+0000] {dag.py:2915} INFO - Sync 1 DAGs
[2023-10-11T07:27:04.428+0000] {logging_mixin.py:151} INFO - [2023-10-11T07:27:04.428+0000] {dag.py:3696} INFO - Setting next_dagrun for example_python_operator to None, run_after=None
[2023-10-11T07:27:04.439+0000] {processor.py:179} INFO - Processing /home/airflow/.local/lib/python3.8/site-packages/airflow/example_dags/example_python_operator.py took 0.053 seconds
[2023-10-11T07:27:35.069+0000] {processor.py:157} INFO - Started process (PID=12623) to work on /home/airflow/.local/lib/python3.8/site-packages/airflow/example_dags/example_python_operator.py
[2023-10-11T07:27:35.071+0000] {processor.py:829} INFO - Processing file /home/airflow/.local/lib/python3.8/site-packages/airflow/example_dags/example_python_operator.py for tasks to queue
[2023-10-11T07:27:35.072+0000] {logging_mixin.py:151} INFO - [2023-10-11T07:27:35.072+0000] {dagbag.py:539} INFO - Filling up the DagBag from /home/airflow/.local/lib/python3.8/site-packages/airflow/example_dags/example_python_operator.py
[2023-10-11T07:27:35.079+0000] {processor.py:839} INFO - DAG(s) dict_keys(['example_python_operator']) retrieved from /home/airflow/.local/lib/python3.8/site-packages/airflow/example_dags/example_python_operator.py
[2023-10-11T07:27:35.097+0000] {logging_mixin.py:151} INFO - [2023-10-11T07:27:35.097+0000] {dag.py:2915} INFO - Sync 1 DAGs
[2023-10-11T07:27:35.104+0000] {logging_mixin.py:151} INFO - [2023-10-11T07:27:35.104+0000] {dag.py:3696} INFO - Setting next_dagrun for example_python_operator to None, run_after=None
[2023-10-11T07:27:35.113+0000] {processor.py:179} INFO - Processing /home/airflow/.local/lib/python3.8/site-packages/airflow/example_dags/example_python_operator.py took 0.047 seconds
[2023-10-11T07:28:05.243+0000] {processor.py:157} INFO - Started process (PID=12868) to work on /home/airflow/.local/lib/python3.8/site-packages/airflow/example_dags/example_python_operator.py
[2023-10-11T07:28:05.256+0000] {processor.py:829} INFO - Processing file /home/airflow/.local/lib/python3.8/site-packages/airflow/example_dags/example_python_operator.py for tasks to queue
[2023-10-11T07:28:05.265+0000] {logging_mixin.py:151} INFO - [2023-10-11T07:28:05.265+0000] {dagbag.py:539} INFO - Filling up the DagBag from /home/airflow/.local/lib/python3.8/site-packages/airflow/example_dags/example_python_operator.py
[2023-10-11T07:28:05.277+0000] {processor.py:839} INFO - DAG(s) dict_keys(['example_python_operator']) retrieved from /home/airflow/.local/lib/python3.8/site-packages/airflow/example_dags/example_python_operator.py
[2023-10-11T07:28:05.292+0000] {logging_mixin.py:151} INFO - [2023-10-11T07:28:05.292+0000] {dag.py:2915} INFO - Sync 1 DAGs
[2023-10-11T07:28:05.298+0000] {logging_mixin.py:151} INFO - [2023-10-11T07:28:05.298+0000] {dag.py:3696} INFO - Setting next_dagrun for example_python_operator to None, run_after=None
[2023-10-11T07:28:05.307+0000] {processor.py:179} INFO - Processing /home/airflow/.local/lib/python3.8/site-packages/airflow/example_dags/example_python_operator.py took 0.066 seconds
[2023-10-11T07:28:35.575+0000] {processor.py:157} INFO - Started process (PID=13109) to work on /home/airflow/.local/lib/python3.8/site-packages/airflow/example_dags/example_python_operator.py
[2023-10-11T07:28:35.576+0000] {processor.py:829} INFO - Processing file /home/airflow/.local/lib/python3.8/site-packages/airflow/example_dags/example_python_operator.py for tasks to queue
[2023-10-11T07:28:35.577+0000] {logging_mixin.py:151} INFO - [2023-10-11T07:28:35.577+0000] {dagbag.py:539} INFO - Filling up the DagBag from /home/airflow/.local/lib/python3.8/site-packages/airflow/example_dags/example_python_operator.py
[2023-10-11T07:28:35.584+0000] {processor.py:839} INFO - DAG(s) dict_keys(['example_python_operator']) retrieved from /home/airflow/.local/lib/python3.8/site-packages/airflow/example_dags/example_python_operator.py
[2023-10-11T07:28:35.599+0000] {logging_mixin.py:151} INFO - [2023-10-11T07:28:35.599+0000] {dag.py:2915} INFO - Sync 1 DAGs
[2023-10-11T07:28:35.606+0000] {logging_mixin.py:151} INFO - [2023-10-11T07:28:35.605+0000] {dag.py:3696} INFO - Setting next_dagrun for example_python_operator to None, run_after=None
[2023-10-11T07:28:35.615+0000] {processor.py:179} INFO - Processing /home/airflow/.local/lib/python3.8/site-packages/airflow/example_dags/example_python_operator.py took 0.042 seconds
