[2023-10-11T07:01:37.543+0000] {processor.py:157} INFO - Started process (PID=340) to work on /home/airflow/.local/lib/python3.8/site-packages/airflow/example_dags/example_trigger_target_dag.py
[2023-10-11T07:01:37.544+0000] {processor.py:829} INFO - Processing file /home/airflow/.local/lib/python3.8/site-packages/airflow/example_dags/example_trigger_target_dag.py for tasks to queue
[2023-10-11T07:01:37.545+0000] {logging_mixin.py:151} INFO - [2023-10-11T07:01:37.544+0000] {dagbag.py:539} INFO - Filling up the DagBag from /home/airflow/.local/lib/python3.8/site-packages/airflow/example_dags/example_trigger_target_dag.py
[2023-10-11T07:01:37.552+0000] {processor.py:839} INFO - DAG(s) dict_keys(['example_trigger_target_dag']) retrieved from /home/airflow/.local/lib/python3.8/site-packages/airflow/example_dags/example_trigger_target_dag.py
[2023-10-11T07:01:37.791+0000] {logging_mixin.py:151} INFO - [2023-10-11T07:01:37.790+0000] {manager.py:499} INFO - Created Permission View: %s
[2023-10-11T07:01:37.797+0000] {logging_mixin.py:151} INFO - [2023-10-11T07:01:37.796+0000] {manager.py:499} INFO - Created Permission View: %s
[2023-10-11T07:01:37.801+0000] {logging_mixin.py:151} INFO - [2023-10-11T07:01:37.801+0000] {manager.py:499} INFO - Created Permission View: %s
[2023-10-11T07:01:37.802+0000] {logging_mixin.py:151} INFO - [2023-10-11T07:01:37.802+0000] {security.py:708} INFO - Not syncing DAG-level permissions for DAG 'DAG:example_trigger_target_dag' as access control is unset.
[2023-10-11T07:01:37.802+0000] {logging_mixin.py:151} INFO - [2023-10-11T07:01:37.802+0000] {dag.py:2915} INFO - Sync 1 DAGs
[2023-10-11T07:01:37.808+0000] {logging_mixin.py:151} INFO - [2023-10-11T07:01:37.808+0000] {dag.py:2937} INFO - Creating ORM DAG for example_trigger_target_dag
[2023-10-11T07:01:37.809+0000] {logging_mixin.py:151} INFO - [2023-10-11T07:01:37.809+0000] {dag.py:3696} INFO - Setting next_dagrun for example_trigger_target_dag to None, run_after=None
[2023-10-11T07:01:37.820+0000] {processor.py:179} INFO - Processing /home/airflow/.local/lib/python3.8/site-packages/airflow/example_dags/example_trigger_target_dag.py took 0.280 seconds
[2023-10-11T07:02:08.507+0000] {processor.py:157} INFO - Started process (PID=580) to work on /home/airflow/.local/lib/python3.8/site-packages/airflow/example_dags/example_trigger_target_dag.py
[2023-10-11T07:02:08.509+0000] {processor.py:829} INFO - Processing file /home/airflow/.local/lib/python3.8/site-packages/airflow/example_dags/example_trigger_target_dag.py for tasks to queue
[2023-10-11T07:02:08.510+0000] {logging_mixin.py:151} INFO - [2023-10-11T07:02:08.509+0000] {dagbag.py:539} INFO - Filling up the DagBag from /home/airflow/.local/lib/python3.8/site-packages/airflow/example_dags/example_trigger_target_dag.py
[2023-10-11T07:02:08.514+0000] {processor.py:839} INFO - DAG(s) dict_keys(['example_trigger_target_dag']) retrieved from /home/airflow/.local/lib/python3.8/site-packages/airflow/example_dags/example_trigger_target_dag.py
[2023-10-11T07:02:08.528+0000] {logging_mixin.py:151} INFO - [2023-10-11T07:02:08.528+0000] {dag.py:2915} INFO - Sync 1 DAGs
[2023-10-11T07:02:08.535+0000] {logging_mixin.py:151} INFO - [2023-10-11T07:02:08.535+0000] {dag.py:3696} INFO - Setting next_dagrun for example_trigger_target_dag to None, run_after=None
[2023-10-11T07:02:08.545+0000] {processor.py:179} INFO - Processing /home/airflow/.local/lib/python3.8/site-packages/airflow/example_dags/example_trigger_target_dag.py took 0.039 seconds
[2023-10-11T07:02:39.445+0000] {processor.py:157} INFO - Started process (PID=818) to work on /home/airflow/.local/lib/python3.8/site-packages/airflow/example_dags/example_trigger_target_dag.py
[2023-10-11T07:02:39.445+0000] {processor.py:829} INFO - Processing file /home/airflow/.local/lib/python3.8/site-packages/airflow/example_dags/example_trigger_target_dag.py for tasks to queue
[2023-10-11T07:02:39.446+0000] {logging_mixin.py:151} INFO - [2023-10-11T07:02:39.446+0000] {dagbag.py:539} INFO - Filling up the DagBag from /home/airflow/.local/lib/python3.8/site-packages/airflow/example_dags/example_trigger_target_dag.py
[2023-10-11T07:02:39.451+0000] {processor.py:839} INFO - DAG(s) dict_keys(['example_trigger_target_dag']) retrieved from /home/airflow/.local/lib/python3.8/site-packages/airflow/example_dags/example_trigger_target_dag.py
[2023-10-11T07:02:39.482+0000] {logging_mixin.py:151} INFO - [2023-10-11T07:02:39.482+0000] {dag.py:2915} INFO - Sync 1 DAGs
[2023-10-11T07:02:39.492+0000] {logging_mixin.py:151} INFO - [2023-10-11T07:02:39.492+0000] {dag.py:3696} INFO - Setting next_dagrun for example_trigger_target_dag to None, run_after=None
[2023-10-11T07:02:39.514+0000] {processor.py:179} INFO - Processing /home/airflow/.local/lib/python3.8/site-packages/airflow/example_dags/example_trigger_target_dag.py took 0.074 seconds
[2023-10-11T07:03:10.043+0000] {processor.py:157} INFO - Started process (PID=1054) to work on /home/airflow/.local/lib/python3.8/site-packages/airflow/example_dags/example_trigger_target_dag.py
[2023-10-11T07:03:10.044+0000] {processor.py:829} INFO - Processing file /home/airflow/.local/lib/python3.8/site-packages/airflow/example_dags/example_trigger_target_dag.py for tasks to queue
[2023-10-11T07:03:10.045+0000] {logging_mixin.py:151} INFO - [2023-10-11T07:03:10.044+0000] {dagbag.py:539} INFO - Filling up the DagBag from /home/airflow/.local/lib/python3.8/site-packages/airflow/example_dags/example_trigger_target_dag.py
[2023-10-11T07:03:10.051+0000] {processor.py:839} INFO - DAG(s) dict_keys(['example_trigger_target_dag']) retrieved from /home/airflow/.local/lib/python3.8/site-packages/airflow/example_dags/example_trigger_target_dag.py
[2023-10-11T07:03:10.116+0000] {logging_mixin.py:151} INFO - [2023-10-11T07:03:10.116+0000] {dag.py:2915} INFO - Sync 1 DAGs
[2023-10-11T07:03:10.131+0000] {logging_mixin.py:151} INFO - [2023-10-11T07:03:10.131+0000] {dag.py:3696} INFO - Setting next_dagrun for example_trigger_target_dag to None, run_after=None
[2023-10-11T07:03:10.146+0000] {processor.py:179} INFO - Processing /home/airflow/.local/lib/python3.8/site-packages/airflow/example_dags/example_trigger_target_dag.py took 0.106 seconds
[2023-10-11T07:03:40.244+0000] {processor.py:157} INFO - Started process (PID=1294) to work on /home/airflow/.local/lib/python3.8/site-packages/airflow/example_dags/example_trigger_target_dag.py
[2023-10-11T07:03:40.245+0000] {processor.py:829} INFO - Processing file /home/airflow/.local/lib/python3.8/site-packages/airflow/example_dags/example_trigger_target_dag.py for tasks to queue
[2023-10-11T07:03:40.246+0000] {logging_mixin.py:151} INFO - [2023-10-11T07:03:40.245+0000] {dagbag.py:539} INFO - Filling up the DagBag from /home/airflow/.local/lib/python3.8/site-packages/airflow/example_dags/example_trigger_target_dag.py
[2023-10-11T07:03:40.250+0000] {processor.py:839} INFO - DAG(s) dict_keys(['example_trigger_target_dag']) retrieved from /home/airflow/.local/lib/python3.8/site-packages/airflow/example_dags/example_trigger_target_dag.py
[2023-10-11T07:03:40.294+0000] {logging_mixin.py:151} INFO - [2023-10-11T07:03:40.294+0000] {dag.py:2915} INFO - Sync 1 DAGs
[2023-10-11T07:03:40.303+0000] {logging_mixin.py:151} INFO - [2023-10-11T07:03:40.302+0000] {dag.py:3696} INFO - Setting next_dagrun for example_trigger_target_dag to None, run_after=None
[2023-10-11T07:03:40.320+0000] {processor.py:179} INFO - Processing /home/airflow/.local/lib/python3.8/site-packages/airflow/example_dags/example_trigger_target_dag.py took 0.078 seconds
[2023-10-11T07:04:10.521+0000] {processor.py:157} INFO - Started process (PID=1530) to work on /home/airflow/.local/lib/python3.8/site-packages/airflow/example_dags/example_trigger_target_dag.py
[2023-10-11T07:04:10.522+0000] {processor.py:829} INFO - Processing file /home/airflow/.local/lib/python3.8/site-packages/airflow/example_dags/example_trigger_target_dag.py for tasks to queue
[2023-10-11T07:04:10.523+0000] {logging_mixin.py:151} INFO - [2023-10-11T07:04:10.522+0000] {dagbag.py:539} INFO - Filling up the DagBag from /home/airflow/.local/lib/python3.8/site-packages/airflow/example_dags/example_trigger_target_dag.py
[2023-10-11T07:04:10.527+0000] {processor.py:839} INFO - DAG(s) dict_keys(['example_trigger_target_dag']) retrieved from /home/airflow/.local/lib/python3.8/site-packages/airflow/example_dags/example_trigger_target_dag.py
[2023-10-11T07:04:10.541+0000] {logging_mixin.py:151} INFO - [2023-10-11T07:04:10.541+0000] {dag.py:2915} INFO - Sync 1 DAGs
[2023-10-11T07:04:10.550+0000] {logging_mixin.py:151} INFO - [2023-10-11T07:04:10.550+0000] {dag.py:3696} INFO - Setting next_dagrun for example_trigger_target_dag to None, run_after=None
[2023-10-11T07:04:10.590+0000] {processor.py:179} INFO - Processing /home/airflow/.local/lib/python3.8/site-packages/airflow/example_dags/example_trigger_target_dag.py took 0.071 seconds
[2023-10-11T07:04:41.337+0000] {processor.py:157} INFO - Started process (PID=1768) to work on /home/airflow/.local/lib/python3.8/site-packages/airflow/example_dags/example_trigger_target_dag.py
[2023-10-11T07:04:41.337+0000] {processor.py:829} INFO - Processing file /home/airflow/.local/lib/python3.8/site-packages/airflow/example_dags/example_trigger_target_dag.py for tasks to queue
[2023-10-11T07:04:41.338+0000] {logging_mixin.py:151} INFO - [2023-10-11T07:04:41.338+0000] {dagbag.py:539} INFO - Filling up the DagBag from /home/airflow/.local/lib/python3.8/site-packages/airflow/example_dags/example_trigger_target_dag.py
[2023-10-11T07:04:41.343+0000] {processor.py:839} INFO - DAG(s) dict_keys(['example_trigger_target_dag']) retrieved from /home/airflow/.local/lib/python3.8/site-packages/airflow/example_dags/example_trigger_target_dag.py
[2023-10-11T07:04:41.360+0000] {logging_mixin.py:151} INFO - [2023-10-11T07:04:41.360+0000] {dag.py:2915} INFO - Sync 1 DAGs
[2023-10-11T07:04:41.378+0000] {logging_mixin.py:151} INFO - [2023-10-11T07:04:41.378+0000] {dag.py:3696} INFO - Setting next_dagrun for example_trigger_target_dag to None, run_after=None
[2023-10-11T07:04:41.393+0000] {processor.py:179} INFO - Processing /home/airflow/.local/lib/python3.8/site-packages/airflow/example_dags/example_trigger_target_dag.py took 0.060 seconds
[2023-10-11T07:05:12.018+0000] {processor.py:157} INFO - Started process (PID=2008) to work on /home/airflow/.local/lib/python3.8/site-packages/airflow/example_dags/example_trigger_target_dag.py
[2023-10-11T07:05:12.019+0000] {processor.py:829} INFO - Processing file /home/airflow/.local/lib/python3.8/site-packages/airflow/example_dags/example_trigger_target_dag.py for tasks to queue
[2023-10-11T07:05:12.020+0000] {logging_mixin.py:151} INFO - [2023-10-11T07:05:12.020+0000] {dagbag.py:539} INFO - Filling up the DagBag from /home/airflow/.local/lib/python3.8/site-packages/airflow/example_dags/example_trigger_target_dag.py
[2023-10-11T07:05:12.026+0000] {processor.py:839} INFO - DAG(s) dict_keys(['example_trigger_target_dag']) retrieved from /home/airflow/.local/lib/python3.8/site-packages/airflow/example_dags/example_trigger_target_dag.py
[2023-10-11T07:05:12.049+0000] {logging_mixin.py:151} INFO - [2023-10-11T07:05:12.049+0000] {dag.py:2915} INFO - Sync 1 DAGs
[2023-10-11T07:05:12.070+0000] {logging_mixin.py:151} INFO - [2023-10-11T07:05:12.069+0000] {dag.py:3696} INFO - Setting next_dagrun for example_trigger_target_dag to None, run_after=None
[2023-10-11T07:05:12.096+0000] {processor.py:179} INFO - Processing /home/airflow/.local/lib/python3.8/site-packages/airflow/example_dags/example_trigger_target_dag.py took 0.081 seconds
[2023-10-11T07:05:42.490+0000] {processor.py:157} INFO - Started process (PID=2244) to work on /home/airflow/.local/lib/python3.8/site-packages/airflow/example_dags/example_trigger_target_dag.py
[2023-10-11T07:05:42.491+0000] {processor.py:829} INFO - Processing file /home/airflow/.local/lib/python3.8/site-packages/airflow/example_dags/example_trigger_target_dag.py for tasks to queue
[2023-10-11T07:05:42.492+0000] {logging_mixin.py:151} INFO - [2023-10-11T07:05:42.492+0000] {dagbag.py:539} INFO - Filling up the DagBag from /home/airflow/.local/lib/python3.8/site-packages/airflow/example_dags/example_trigger_target_dag.py
[2023-10-11T07:05:42.496+0000] {processor.py:839} INFO - DAG(s) dict_keys(['example_trigger_target_dag']) retrieved from /home/airflow/.local/lib/python3.8/site-packages/airflow/example_dags/example_trigger_target_dag.py
[2023-10-11T07:05:42.509+0000] {logging_mixin.py:151} INFO - [2023-10-11T07:05:42.509+0000] {dag.py:2915} INFO - Sync 1 DAGs
[2023-10-11T07:05:42.516+0000] {logging_mixin.py:151} INFO - [2023-10-11T07:05:42.516+0000] {dag.py:3696} INFO - Setting next_dagrun for example_trigger_target_dag to None, run_after=None
[2023-10-11T07:05:42.526+0000] {processor.py:179} INFO - Processing /home/airflow/.local/lib/python3.8/site-packages/airflow/example_dags/example_trigger_target_dag.py took 0.039 seconds
[2023-10-11T07:06:13.082+0000] {processor.py:157} INFO - Started process (PID=2484) to work on /home/airflow/.local/lib/python3.8/site-packages/airflow/example_dags/example_trigger_target_dag.py
[2023-10-11T07:06:13.083+0000] {processor.py:829} INFO - Processing file /home/airflow/.local/lib/python3.8/site-packages/airflow/example_dags/example_trigger_target_dag.py for tasks to queue
[2023-10-11T07:06:13.084+0000] {logging_mixin.py:151} INFO - [2023-10-11T07:06:13.084+0000] {dagbag.py:539} INFO - Filling up the DagBag from /home/airflow/.local/lib/python3.8/site-packages/airflow/example_dags/example_trigger_target_dag.py
[2023-10-11T07:06:13.088+0000] {processor.py:839} INFO - DAG(s) dict_keys(['example_trigger_target_dag']) retrieved from /home/airflow/.local/lib/python3.8/site-packages/airflow/example_dags/example_trigger_target_dag.py
[2023-10-11T07:06:13.101+0000] {logging_mixin.py:151} INFO - [2023-10-11T07:06:13.101+0000] {dag.py:2915} INFO - Sync 1 DAGs
[2023-10-11T07:06:13.107+0000] {logging_mixin.py:151} INFO - [2023-10-11T07:06:13.107+0000] {dag.py:3696} INFO - Setting next_dagrun for example_trigger_target_dag to None, run_after=None
[2023-10-11T07:06:13.117+0000] {processor.py:179} INFO - Processing /home/airflow/.local/lib/python3.8/site-packages/airflow/example_dags/example_trigger_target_dag.py took 0.037 seconds
[2023-10-11T07:06:43.481+0000] {processor.py:157} INFO - Started process (PID=2727) to work on /home/airflow/.local/lib/python3.8/site-packages/airflow/example_dags/example_trigger_target_dag.py
[2023-10-11T07:06:43.482+0000] {processor.py:829} INFO - Processing file /home/airflow/.local/lib/python3.8/site-packages/airflow/example_dags/example_trigger_target_dag.py for tasks to queue
[2023-10-11T07:06:43.483+0000] {logging_mixin.py:151} INFO - [2023-10-11T07:06:43.482+0000] {dagbag.py:539} INFO - Filling up the DagBag from /home/airflow/.local/lib/python3.8/site-packages/airflow/example_dags/example_trigger_target_dag.py
[2023-10-11T07:06:43.487+0000] {processor.py:839} INFO - DAG(s) dict_keys(['example_trigger_target_dag']) retrieved from /home/airflow/.local/lib/python3.8/site-packages/airflow/example_dags/example_trigger_target_dag.py
[2023-10-11T07:06:43.501+0000] {logging_mixin.py:151} INFO - [2023-10-11T07:06:43.501+0000] {dag.py:2915} INFO - Sync 1 DAGs
[2023-10-11T07:06:43.508+0000] {logging_mixin.py:151} INFO - [2023-10-11T07:06:43.508+0000] {dag.py:3696} INFO - Setting next_dagrun for example_trigger_target_dag to None, run_after=None
[2023-10-11T07:06:43.518+0000] {processor.py:179} INFO - Processing /home/airflow/.local/lib/python3.8/site-packages/airflow/example_dags/example_trigger_target_dag.py took 0.039 seconds
[2023-10-11T07:07:14.520+0000] {processor.py:157} INFO - Started process (PID=2969) to work on /home/airflow/.local/lib/python3.8/site-packages/airflow/example_dags/example_trigger_target_dag.py
[2023-10-11T07:07:14.521+0000] {processor.py:829} INFO - Processing file /home/airflow/.local/lib/python3.8/site-packages/airflow/example_dags/example_trigger_target_dag.py for tasks to queue
[2023-10-11T07:07:14.522+0000] {logging_mixin.py:151} INFO - [2023-10-11T07:07:14.521+0000] {dagbag.py:539} INFO - Filling up the DagBag from /home/airflow/.local/lib/python3.8/site-packages/airflow/example_dags/example_trigger_target_dag.py
[2023-10-11T07:07:14.526+0000] {processor.py:839} INFO - DAG(s) dict_keys(['example_trigger_target_dag']) retrieved from /home/airflow/.local/lib/python3.8/site-packages/airflow/example_dags/example_trigger_target_dag.py
[2023-10-11T07:07:14.542+0000] {logging_mixin.py:151} INFO - [2023-10-11T07:07:14.541+0000] {dag.py:2915} INFO - Sync 1 DAGs
[2023-10-11T07:07:14.550+0000] {logging_mixin.py:151} INFO - [2023-10-11T07:07:14.550+0000] {dag.py:3696} INFO - Setting next_dagrun for example_trigger_target_dag to None, run_after=None
[2023-10-11T07:07:14.581+0000] {processor.py:179} INFO - Processing /home/airflow/.local/lib/python3.8/site-packages/airflow/example_dags/example_trigger_target_dag.py took 0.063 seconds
[2023-10-11T07:07:47.243+0000] {processor.py:157} INFO - Started process (PID=3223) to work on /home/airflow/.local/lib/python3.8/site-packages/airflow/example_dags/example_trigger_target_dag.py
[2023-10-11T07:07:47.262+0000] {processor.py:829} INFO - Processing file /home/airflow/.local/lib/python3.8/site-packages/airflow/example_dags/example_trigger_target_dag.py for tasks to queue
[2023-10-11T07:07:47.266+0000] {logging_mixin.py:151} INFO - [2023-10-11T07:07:47.265+0000] {dagbag.py:539} INFO - Filling up the DagBag from /home/airflow/.local/lib/python3.8/site-packages/airflow/example_dags/example_trigger_target_dag.py
[2023-10-11T07:07:47.294+0000] {processor.py:839} INFO - DAG(s) dict_keys(['example_trigger_target_dag']) retrieved from /home/airflow/.local/lib/python3.8/site-packages/airflow/example_dags/example_trigger_target_dag.py
[2023-10-11T07:07:47.384+0000] {logging_mixin.py:151} INFO - [2023-10-11T07:07:47.384+0000] {dag.py:2915} INFO - Sync 1 DAGs
[2023-10-11T07:07:47.425+0000] {logging_mixin.py:151} INFO - [2023-10-11T07:07:47.425+0000] {dag.py:3696} INFO - Setting next_dagrun for example_trigger_target_dag to None, run_after=None
[2023-10-11T07:07:47.513+0000] {processor.py:179} INFO - Processing /home/airflow/.local/lib/python3.8/site-packages/airflow/example_dags/example_trigger_target_dag.py took 0.293 seconds
[2023-10-11T07:08:17.889+0000] {processor.py:157} INFO - Started process (PID=3484) to work on /home/airflow/.local/lib/python3.8/site-packages/airflow/example_dags/example_trigger_target_dag.py
[2023-10-11T07:08:17.891+0000] {processor.py:829} INFO - Processing file /home/airflow/.local/lib/python3.8/site-packages/airflow/example_dags/example_trigger_target_dag.py for tasks to queue
[2023-10-11T07:08:17.891+0000] {logging_mixin.py:151} INFO - [2023-10-11T07:08:17.891+0000] {dagbag.py:539} INFO - Filling up the DagBag from /home/airflow/.local/lib/python3.8/site-packages/airflow/example_dags/example_trigger_target_dag.py
[2023-10-11T07:08:17.896+0000] {processor.py:839} INFO - DAG(s) dict_keys(['example_trigger_target_dag']) retrieved from /home/airflow/.local/lib/python3.8/site-packages/airflow/example_dags/example_trigger_target_dag.py
[2023-10-11T07:08:17.910+0000] {logging_mixin.py:151} INFO - [2023-10-11T07:08:17.910+0000] {dag.py:2915} INFO - Sync 1 DAGs
[2023-10-11T07:08:17.918+0000] {logging_mixin.py:151} INFO - [2023-10-11T07:08:17.918+0000] {dag.py:3696} INFO - Setting next_dagrun for example_trigger_target_dag to None, run_after=None
[2023-10-11T07:08:17.929+0000] {processor.py:179} INFO - Processing /home/airflow/.local/lib/python3.8/site-packages/airflow/example_dags/example_trigger_target_dag.py took 0.042 seconds
[2023-10-11T07:08:48.916+0000] {processor.py:157} INFO - Started process (PID=3727) to work on /home/airflow/.local/lib/python3.8/site-packages/airflow/example_dags/example_trigger_target_dag.py
[2023-10-11T07:08:48.918+0000] {processor.py:829} INFO - Processing file /home/airflow/.local/lib/python3.8/site-packages/airflow/example_dags/example_trigger_target_dag.py for tasks to queue
[2023-10-11T07:08:48.919+0000] {logging_mixin.py:151} INFO - [2023-10-11T07:08:48.919+0000] {dagbag.py:539} INFO - Filling up the DagBag from /home/airflow/.local/lib/python3.8/site-packages/airflow/example_dags/example_trigger_target_dag.py
[2023-10-11T07:08:48.941+0000] {processor.py:839} INFO - DAG(s) dict_keys(['example_trigger_target_dag']) retrieved from /home/airflow/.local/lib/python3.8/site-packages/airflow/example_dags/example_trigger_target_dag.py
[2023-10-11T07:08:49.011+0000] {logging_mixin.py:151} INFO - [2023-10-11T07:08:49.011+0000] {dag.py:2915} INFO - Sync 1 DAGs
[2023-10-11T07:08:49.028+0000] {logging_mixin.py:151} INFO - [2023-10-11T07:08:49.028+0000] {dag.py:3696} INFO - Setting next_dagrun for example_trigger_target_dag to None, run_after=None
[2023-10-11T07:08:49.052+0000] {processor.py:179} INFO - Processing /home/airflow/.local/lib/python3.8/site-packages/airflow/example_dags/example_trigger_target_dag.py took 0.140 seconds
[2023-10-11T07:09:19.310+0000] {processor.py:157} INFO - Started process (PID=3970) to work on /home/airflow/.local/lib/python3.8/site-packages/airflow/example_dags/example_trigger_target_dag.py
[2023-10-11T07:09:19.312+0000] {processor.py:829} INFO - Processing file /home/airflow/.local/lib/python3.8/site-packages/airflow/example_dags/example_trigger_target_dag.py for tasks to queue
[2023-10-11T07:09:19.314+0000] {logging_mixin.py:151} INFO - [2023-10-11T07:09:19.314+0000] {dagbag.py:539} INFO - Filling up the DagBag from /home/airflow/.local/lib/python3.8/site-packages/airflow/example_dags/example_trigger_target_dag.py
[2023-10-11T07:09:19.322+0000] {processor.py:839} INFO - DAG(s) dict_keys(['example_trigger_target_dag']) retrieved from /home/airflow/.local/lib/python3.8/site-packages/airflow/example_dags/example_trigger_target_dag.py
[2023-10-11T07:09:19.345+0000] {logging_mixin.py:151} INFO - [2023-10-11T07:09:19.344+0000] {dag.py:2915} INFO - Sync 1 DAGs
[2023-10-11T07:09:19.372+0000] {logging_mixin.py:151} INFO - [2023-10-11T07:09:19.372+0000] {dag.py:3696} INFO - Setting next_dagrun for example_trigger_target_dag to None, run_after=None
[2023-10-11T07:09:19.394+0000] {processor.py:179} INFO - Processing /home/airflow/.local/lib/python3.8/site-packages/airflow/example_dags/example_trigger_target_dag.py took 0.087 seconds
[2023-10-11T07:09:49.739+0000] {processor.py:157} INFO - Started process (PID=4213) to work on /home/airflow/.local/lib/python3.8/site-packages/airflow/example_dags/example_trigger_target_dag.py
[2023-10-11T07:09:49.741+0000] {processor.py:829} INFO - Processing file /home/airflow/.local/lib/python3.8/site-packages/airflow/example_dags/example_trigger_target_dag.py for tasks to queue
[2023-10-11T07:09:49.743+0000] {logging_mixin.py:151} INFO - [2023-10-11T07:09:49.742+0000] {dagbag.py:539} INFO - Filling up the DagBag from /home/airflow/.local/lib/python3.8/site-packages/airflow/example_dags/example_trigger_target_dag.py
[2023-10-11T07:09:49.750+0000] {processor.py:839} INFO - DAG(s) dict_keys(['example_trigger_target_dag']) retrieved from /home/airflow/.local/lib/python3.8/site-packages/airflow/example_dags/example_trigger_target_dag.py
[2023-10-11T07:09:49.779+0000] {logging_mixin.py:151} INFO - [2023-10-11T07:09:49.779+0000] {dag.py:2915} INFO - Sync 1 DAGs
[2023-10-11T07:09:49.800+0000] {logging_mixin.py:151} INFO - [2023-10-11T07:09:49.799+0000] {dag.py:3696} INFO - Setting next_dagrun for example_trigger_target_dag to None, run_after=None
[2023-10-11T07:09:49.817+0000] {processor.py:179} INFO - Processing /home/airflow/.local/lib/python3.8/site-packages/airflow/example_dags/example_trigger_target_dag.py took 0.081 seconds
[2023-10-11T07:10:20.487+0000] {processor.py:157} INFO - Started process (PID=4454) to work on /home/airflow/.local/lib/python3.8/site-packages/airflow/example_dags/example_trigger_target_dag.py
[2023-10-11T07:10:20.488+0000] {processor.py:829} INFO - Processing file /home/airflow/.local/lib/python3.8/site-packages/airflow/example_dags/example_trigger_target_dag.py for tasks to queue
[2023-10-11T07:10:20.489+0000] {logging_mixin.py:151} INFO - [2023-10-11T07:10:20.489+0000] {dagbag.py:539} INFO - Filling up the DagBag from /home/airflow/.local/lib/python3.8/site-packages/airflow/example_dags/example_trigger_target_dag.py
[2023-10-11T07:10:20.497+0000] {processor.py:839} INFO - DAG(s) dict_keys(['example_trigger_target_dag']) retrieved from /home/airflow/.local/lib/python3.8/site-packages/airflow/example_dags/example_trigger_target_dag.py
[2023-10-11T07:10:20.519+0000] {logging_mixin.py:151} INFO - [2023-10-11T07:10:20.519+0000] {dag.py:2915} INFO - Sync 1 DAGs
[2023-10-11T07:10:20.529+0000] {logging_mixin.py:151} INFO - [2023-10-11T07:10:20.529+0000] {dag.py:3696} INFO - Setting next_dagrun for example_trigger_target_dag to None, run_after=None
[2023-10-11T07:10:20.542+0000] {processor.py:179} INFO - Processing /home/airflow/.local/lib/python3.8/site-packages/airflow/example_dags/example_trigger_target_dag.py took 0.058 seconds
[2023-10-11T07:10:50.960+0000] {processor.py:157} INFO - Started process (PID=4699) to work on /home/airflow/.local/lib/python3.8/site-packages/airflow/example_dags/example_trigger_target_dag.py
[2023-10-11T07:10:50.969+0000] {processor.py:829} INFO - Processing file /home/airflow/.local/lib/python3.8/site-packages/airflow/example_dags/example_trigger_target_dag.py for tasks to queue
[2023-10-11T07:10:50.979+0000] {logging_mixin.py:151} INFO - [2023-10-11T07:10:50.978+0000] {dagbag.py:539} INFO - Filling up the DagBag from /home/airflow/.local/lib/python3.8/site-packages/airflow/example_dags/example_trigger_target_dag.py
[2023-10-11T07:10:50.987+0000] {processor.py:839} INFO - DAG(s) dict_keys(['example_trigger_target_dag']) retrieved from /home/airflow/.local/lib/python3.8/site-packages/airflow/example_dags/example_trigger_target_dag.py
[2023-10-11T07:10:51.007+0000] {logging_mixin.py:151} INFO - [2023-10-11T07:10:51.007+0000] {dag.py:2915} INFO - Sync 1 DAGs
[2023-10-11T07:10:51.017+0000] {logging_mixin.py:151} INFO - [2023-10-11T07:10:51.017+0000] {dag.py:3696} INFO - Setting next_dagrun for example_trigger_target_dag to None, run_after=None
[2023-10-11T07:10:51.031+0000] {processor.py:179} INFO - Processing /home/airflow/.local/lib/python3.8/site-packages/airflow/example_dags/example_trigger_target_dag.py took 0.085 seconds
[2023-10-11T07:11:21.329+0000] {processor.py:157} INFO - Started process (PID=4942) to work on /home/airflow/.local/lib/python3.8/site-packages/airflow/example_dags/example_trigger_target_dag.py
[2023-10-11T07:11:21.329+0000] {processor.py:829} INFO - Processing file /home/airflow/.local/lib/python3.8/site-packages/airflow/example_dags/example_trigger_target_dag.py for tasks to queue
[2023-10-11T07:11:21.330+0000] {logging_mixin.py:151} INFO - [2023-10-11T07:11:21.330+0000] {dagbag.py:539} INFO - Filling up the DagBag from /home/airflow/.local/lib/python3.8/site-packages/airflow/example_dags/example_trigger_target_dag.py
[2023-10-11T07:11:21.335+0000] {processor.py:839} INFO - DAG(s) dict_keys(['example_trigger_target_dag']) retrieved from /home/airflow/.local/lib/python3.8/site-packages/airflow/example_dags/example_trigger_target_dag.py
[2023-10-11T07:11:21.360+0000] {logging_mixin.py:151} INFO - [2023-10-11T07:11:21.360+0000] {dag.py:2915} INFO - Sync 1 DAGs
[2023-10-11T07:11:21.375+0000] {logging_mixin.py:151} INFO - [2023-10-11T07:11:21.375+0000] {dag.py:3696} INFO - Setting next_dagrun for example_trigger_target_dag to None, run_after=None
[2023-10-11T07:11:21.410+0000] {processor.py:179} INFO - Processing /home/airflow/.local/lib/python3.8/site-packages/airflow/example_dags/example_trigger_target_dag.py took 0.085 seconds
[2023-10-11T07:11:52.182+0000] {processor.py:157} INFO - Started process (PID=5184) to work on /home/airflow/.local/lib/python3.8/site-packages/airflow/example_dags/example_trigger_target_dag.py
[2023-10-11T07:11:52.184+0000] {processor.py:829} INFO - Processing file /home/airflow/.local/lib/python3.8/site-packages/airflow/example_dags/example_trigger_target_dag.py for tasks to queue
[2023-10-11T07:11:52.185+0000] {logging_mixin.py:151} INFO - [2023-10-11T07:11:52.184+0000] {dagbag.py:539} INFO - Filling up the DagBag from /home/airflow/.local/lib/python3.8/site-packages/airflow/example_dags/example_trigger_target_dag.py
[2023-10-11T07:11:52.189+0000] {processor.py:839} INFO - DAG(s) dict_keys(['example_trigger_target_dag']) retrieved from /home/airflow/.local/lib/python3.8/site-packages/airflow/example_dags/example_trigger_target_dag.py
[2023-10-11T07:11:52.203+0000] {logging_mixin.py:151} INFO - [2023-10-11T07:11:52.203+0000] {dag.py:2915} INFO - Sync 1 DAGs
[2023-10-11T07:11:52.210+0000] {logging_mixin.py:151} INFO - [2023-10-11T07:11:52.209+0000] {dag.py:3696} INFO - Setting next_dagrun for example_trigger_target_dag to None, run_after=None
[2023-10-11T07:11:52.220+0000] {processor.py:179} INFO - Processing /home/airflow/.local/lib/python3.8/site-packages/airflow/example_dags/example_trigger_target_dag.py took 0.040 seconds
[2023-10-11T07:12:22.331+0000] {processor.py:157} INFO - Started process (PID=5428) to work on /home/airflow/.local/lib/python3.8/site-packages/airflow/example_dags/example_trigger_target_dag.py
[2023-10-11T07:12:22.332+0000] {processor.py:829} INFO - Processing file /home/airflow/.local/lib/python3.8/site-packages/airflow/example_dags/example_trigger_target_dag.py for tasks to queue
[2023-10-11T07:12:22.333+0000] {logging_mixin.py:151} INFO - [2023-10-11T07:12:22.333+0000] {dagbag.py:539} INFO - Filling up the DagBag from /home/airflow/.local/lib/python3.8/site-packages/airflow/example_dags/example_trigger_target_dag.py
[2023-10-11T07:12:22.340+0000] {processor.py:839} INFO - DAG(s) dict_keys(['example_trigger_target_dag']) retrieved from /home/airflow/.local/lib/python3.8/site-packages/airflow/example_dags/example_trigger_target_dag.py
[2023-10-11T07:12:22.376+0000] {logging_mixin.py:151} INFO - [2023-10-11T07:12:22.376+0000] {dag.py:2915} INFO - Sync 1 DAGs
[2023-10-11T07:12:22.387+0000] {logging_mixin.py:151} INFO - [2023-10-11T07:12:22.387+0000] {dag.py:3696} INFO - Setting next_dagrun for example_trigger_target_dag to None, run_after=None
[2023-10-11T07:12:22.400+0000] {processor.py:179} INFO - Processing /home/airflow/.local/lib/python3.8/site-packages/airflow/example_dags/example_trigger_target_dag.py took 0.072 seconds
[2023-10-11T07:12:53.210+0000] {processor.py:157} INFO - Started process (PID=5671) to work on /home/airflow/.local/lib/python3.8/site-packages/airflow/example_dags/example_trigger_target_dag.py
[2023-10-11T07:12:53.211+0000] {processor.py:829} INFO - Processing file /home/airflow/.local/lib/python3.8/site-packages/airflow/example_dags/example_trigger_target_dag.py for tasks to queue
[2023-10-11T07:12:53.212+0000] {logging_mixin.py:151} INFO - [2023-10-11T07:12:53.212+0000] {dagbag.py:539} INFO - Filling up the DagBag from /home/airflow/.local/lib/python3.8/site-packages/airflow/example_dags/example_trigger_target_dag.py
[2023-10-11T07:12:53.220+0000] {processor.py:839} INFO - DAG(s) dict_keys(['example_trigger_target_dag']) retrieved from /home/airflow/.local/lib/python3.8/site-packages/airflow/example_dags/example_trigger_target_dag.py
[2023-10-11T07:12:53.236+0000] {logging_mixin.py:151} INFO - [2023-10-11T07:12:53.236+0000] {dag.py:2915} INFO - Sync 1 DAGs
[2023-10-11T07:12:53.244+0000] {logging_mixin.py:151} INFO - [2023-10-11T07:12:53.243+0000] {dag.py:3696} INFO - Setting next_dagrun for example_trigger_target_dag to None, run_after=None
[2023-10-11T07:12:53.279+0000] {processor.py:179} INFO - Processing /home/airflow/.local/lib/python3.8/site-packages/airflow/example_dags/example_trigger_target_dag.py took 0.071 seconds
[2023-10-11T07:13:23.830+0000] {processor.py:157} INFO - Started process (PID=5914) to work on /home/airflow/.local/lib/python3.8/site-packages/airflow/example_dags/example_trigger_target_dag.py
[2023-10-11T07:13:23.831+0000] {processor.py:829} INFO - Processing file /home/airflow/.local/lib/python3.8/site-packages/airflow/example_dags/example_trigger_target_dag.py for tasks to queue
[2023-10-11T07:13:23.832+0000] {logging_mixin.py:151} INFO - [2023-10-11T07:13:23.831+0000] {dagbag.py:539} INFO - Filling up the DagBag from /home/airflow/.local/lib/python3.8/site-packages/airflow/example_dags/example_trigger_target_dag.py
[2023-10-11T07:13:23.836+0000] {processor.py:839} INFO - DAG(s) dict_keys(['example_trigger_target_dag']) retrieved from /home/airflow/.local/lib/python3.8/site-packages/airflow/example_dags/example_trigger_target_dag.py
[2023-10-11T07:13:23.858+0000] {logging_mixin.py:151} INFO - [2023-10-11T07:13:23.857+0000] {dag.py:2915} INFO - Sync 1 DAGs
[2023-10-11T07:13:23.879+0000] {logging_mixin.py:151} INFO - [2023-10-11T07:13:23.879+0000] {dag.py:3696} INFO - Setting next_dagrun for example_trigger_target_dag to None, run_after=None
[2023-10-11T07:13:23.895+0000] {processor.py:179} INFO - Processing /home/airflow/.local/lib/python3.8/site-packages/airflow/example_dags/example_trigger_target_dag.py took 0.068 seconds
[2023-10-11T07:13:54.278+0000] {processor.py:157} INFO - Started process (PID=6157) to work on /home/airflow/.local/lib/python3.8/site-packages/airflow/example_dags/example_trigger_target_dag.py
[2023-10-11T07:13:54.280+0000] {processor.py:829} INFO - Processing file /home/airflow/.local/lib/python3.8/site-packages/airflow/example_dags/example_trigger_target_dag.py for tasks to queue
[2023-10-11T07:13:54.280+0000] {logging_mixin.py:151} INFO - [2023-10-11T07:13:54.280+0000] {dagbag.py:539} INFO - Filling up the DagBag from /home/airflow/.local/lib/python3.8/site-packages/airflow/example_dags/example_trigger_target_dag.py
[2023-10-11T07:13:54.285+0000] {processor.py:839} INFO - DAG(s) dict_keys(['example_trigger_target_dag']) retrieved from /home/airflow/.local/lib/python3.8/site-packages/airflow/example_dags/example_trigger_target_dag.py
[2023-10-11T07:13:54.301+0000] {logging_mixin.py:151} INFO - [2023-10-11T07:13:54.301+0000] {dag.py:2915} INFO - Sync 1 DAGs
[2023-10-11T07:13:54.309+0000] {logging_mixin.py:151} INFO - [2023-10-11T07:13:54.308+0000] {dag.py:3696} INFO - Setting next_dagrun for example_trigger_target_dag to None, run_after=None
[2023-10-11T07:13:54.322+0000] {processor.py:179} INFO - Processing /home/airflow/.local/lib/python3.8/site-packages/airflow/example_dags/example_trigger_target_dag.py took 0.046 seconds
[2023-10-11T07:14:24.884+0000] {processor.py:157} INFO - Started process (PID=6400) to work on /home/airflow/.local/lib/python3.8/site-packages/airflow/example_dags/example_trigger_target_dag.py
[2023-10-11T07:14:24.886+0000] {processor.py:829} INFO - Processing file /home/airflow/.local/lib/python3.8/site-packages/airflow/example_dags/example_trigger_target_dag.py for tasks to queue
[2023-10-11T07:14:24.887+0000] {logging_mixin.py:151} INFO - [2023-10-11T07:14:24.886+0000] {dagbag.py:539} INFO - Filling up the DagBag from /home/airflow/.local/lib/python3.8/site-packages/airflow/example_dags/example_trigger_target_dag.py
[2023-10-11T07:14:24.891+0000] {processor.py:839} INFO - DAG(s) dict_keys(['example_trigger_target_dag']) retrieved from /home/airflow/.local/lib/python3.8/site-packages/airflow/example_dags/example_trigger_target_dag.py
[2023-10-11T07:14:24.911+0000] {logging_mixin.py:151} INFO - [2023-10-11T07:14:24.911+0000] {dag.py:2915} INFO - Sync 1 DAGs
[2023-10-11T07:14:24.921+0000] {logging_mixin.py:151} INFO - [2023-10-11T07:14:24.921+0000] {dag.py:3696} INFO - Setting next_dagrun for example_trigger_target_dag to None, run_after=None
[2023-10-11T07:14:24.933+0000] {processor.py:179} INFO - Processing /home/airflow/.local/lib/python3.8/site-packages/airflow/example_dags/example_trigger_target_dag.py took 0.052 seconds
[2023-10-11T07:14:55.197+0000] {processor.py:157} INFO - Started process (PID=6643) to work on /home/airflow/.local/lib/python3.8/site-packages/airflow/example_dags/example_trigger_target_dag.py
[2023-10-11T07:14:55.198+0000] {processor.py:829} INFO - Processing file /home/airflow/.local/lib/python3.8/site-packages/airflow/example_dags/example_trigger_target_dag.py for tasks to queue
[2023-10-11T07:14:55.199+0000] {logging_mixin.py:151} INFO - [2023-10-11T07:14:55.199+0000] {dagbag.py:539} INFO - Filling up the DagBag from /home/airflow/.local/lib/python3.8/site-packages/airflow/example_dags/example_trigger_target_dag.py
[2023-10-11T07:14:55.203+0000] {processor.py:839} INFO - DAG(s) dict_keys(['example_trigger_target_dag']) retrieved from /home/airflow/.local/lib/python3.8/site-packages/airflow/example_dags/example_trigger_target_dag.py
[2023-10-11T07:14:55.217+0000] {logging_mixin.py:151} INFO - [2023-10-11T07:14:55.216+0000] {dag.py:2915} INFO - Sync 1 DAGs
[2023-10-11T07:14:55.224+0000] {logging_mixin.py:151} INFO - [2023-10-11T07:14:55.223+0000] {dag.py:3696} INFO - Setting next_dagrun for example_trigger_target_dag to None, run_after=None
[2023-10-11T07:14:55.232+0000] {processor.py:179} INFO - Processing /home/airflow/.local/lib/python3.8/site-packages/airflow/example_dags/example_trigger_target_dag.py took 0.037 seconds
[2023-10-11T07:15:25.729+0000] {processor.py:157} INFO - Started process (PID=6886) to work on /home/airflow/.local/lib/python3.8/site-packages/airflow/example_dags/example_trigger_target_dag.py
[2023-10-11T07:15:25.730+0000] {processor.py:829} INFO - Processing file /home/airflow/.local/lib/python3.8/site-packages/airflow/example_dags/example_trigger_target_dag.py for tasks to queue
[2023-10-11T07:15:25.730+0000] {logging_mixin.py:151} INFO - [2023-10-11T07:15:25.730+0000] {dagbag.py:539} INFO - Filling up the DagBag from /home/airflow/.local/lib/python3.8/site-packages/airflow/example_dags/example_trigger_target_dag.py
[2023-10-11T07:15:25.735+0000] {processor.py:839} INFO - DAG(s) dict_keys(['example_trigger_target_dag']) retrieved from /home/airflow/.local/lib/python3.8/site-packages/airflow/example_dags/example_trigger_target_dag.py
[2023-10-11T07:15:25.754+0000] {logging_mixin.py:151} INFO - [2023-10-11T07:15:25.753+0000] {dag.py:2915} INFO - Sync 1 DAGs
[2023-10-11T07:15:25.778+0000] {logging_mixin.py:151} INFO - [2023-10-11T07:15:25.777+0000] {dag.py:3696} INFO - Setting next_dagrun for example_trigger_target_dag to None, run_after=None
[2023-10-11T07:15:25.790+0000] {processor.py:179} INFO - Processing /home/airflow/.local/lib/python3.8/site-packages/airflow/example_dags/example_trigger_target_dag.py took 0.064 seconds
[2023-10-11T07:15:56.519+0000] {processor.py:157} INFO - Started process (PID=7131) to work on /home/airflow/.local/lib/python3.8/site-packages/airflow/example_dags/example_trigger_target_dag.py
[2023-10-11T07:15:56.519+0000] {processor.py:829} INFO - Processing file /home/airflow/.local/lib/python3.8/site-packages/airflow/example_dags/example_trigger_target_dag.py for tasks to queue
[2023-10-11T07:15:56.520+0000] {logging_mixin.py:151} INFO - [2023-10-11T07:15:56.520+0000] {dagbag.py:539} INFO - Filling up the DagBag from /home/airflow/.local/lib/python3.8/site-packages/airflow/example_dags/example_trigger_target_dag.py
[2023-10-11T07:15:56.525+0000] {processor.py:839} INFO - DAG(s) dict_keys(['example_trigger_target_dag']) retrieved from /home/airflow/.local/lib/python3.8/site-packages/airflow/example_dags/example_trigger_target_dag.py
[2023-10-11T07:15:56.540+0000] {logging_mixin.py:151} INFO - [2023-10-11T07:15:56.540+0000] {dag.py:2915} INFO - Sync 1 DAGs
[2023-10-11T07:15:56.551+0000] {logging_mixin.py:151} INFO - [2023-10-11T07:15:56.550+0000] {dag.py:3696} INFO - Setting next_dagrun for example_trigger_target_dag to None, run_after=None
[2023-10-11T07:15:56.573+0000] {processor.py:179} INFO - Processing /home/airflow/.local/lib/python3.8/site-packages/airflow/example_dags/example_trigger_target_dag.py took 0.058 seconds
[2023-10-11T07:16:27.246+0000] {processor.py:157} INFO - Started process (PID=7372) to work on /home/airflow/.local/lib/python3.8/site-packages/airflow/example_dags/example_trigger_target_dag.py
[2023-10-11T07:16:27.252+0000] {processor.py:829} INFO - Processing file /home/airflow/.local/lib/python3.8/site-packages/airflow/example_dags/example_trigger_target_dag.py for tasks to queue
[2023-10-11T07:16:27.262+0000] {logging_mixin.py:151} INFO - [2023-10-11T07:16:27.261+0000] {dagbag.py:539} INFO - Filling up the DagBag from /home/airflow/.local/lib/python3.8/site-packages/airflow/example_dags/example_trigger_target_dag.py
[2023-10-11T07:16:27.280+0000] {processor.py:839} INFO - DAG(s) dict_keys(['example_trigger_target_dag']) retrieved from /home/airflow/.local/lib/python3.8/site-packages/airflow/example_dags/example_trigger_target_dag.py
[2023-10-11T07:16:27.337+0000] {logging_mixin.py:151} INFO - [2023-10-11T07:16:27.336+0000] {dag.py:2915} INFO - Sync 1 DAGs
[2023-10-11T07:16:27.374+0000] {logging_mixin.py:151} INFO - [2023-10-11T07:16:27.373+0000] {dag.py:3696} INFO - Setting next_dagrun for example_trigger_target_dag to None, run_after=None
[2023-10-11T07:16:27.414+0000] {processor.py:179} INFO - Processing /home/airflow/.local/lib/python3.8/site-packages/airflow/example_dags/example_trigger_target_dag.py took 0.172 seconds
[2023-10-11T07:16:57.636+0000] {processor.py:157} INFO - Started process (PID=7615) to work on /home/airflow/.local/lib/python3.8/site-packages/airflow/example_dags/example_trigger_target_dag.py
[2023-10-11T07:16:57.638+0000] {processor.py:829} INFO - Processing file /home/airflow/.local/lib/python3.8/site-packages/airflow/example_dags/example_trigger_target_dag.py for tasks to queue
[2023-10-11T07:16:57.639+0000] {logging_mixin.py:151} INFO - [2023-10-11T07:16:57.638+0000] {dagbag.py:539} INFO - Filling up the DagBag from /home/airflow/.local/lib/python3.8/site-packages/airflow/example_dags/example_trigger_target_dag.py
[2023-10-11T07:16:57.647+0000] {processor.py:839} INFO - DAG(s) dict_keys(['example_trigger_target_dag']) retrieved from /home/airflow/.local/lib/python3.8/site-packages/airflow/example_dags/example_trigger_target_dag.py
[2023-10-11T07:16:57.695+0000] {logging_mixin.py:151} INFO - [2023-10-11T07:16:57.695+0000] {dag.py:2915} INFO - Sync 1 DAGs
[2023-10-11T07:16:57.713+0000] {logging_mixin.py:151} INFO - [2023-10-11T07:16:57.713+0000] {dag.py:3696} INFO - Setting next_dagrun for example_trigger_target_dag to None, run_after=None
[2023-10-11T07:16:57.783+0000] {processor.py:179} INFO - Processing /home/airflow/.local/lib/python3.8/site-packages/airflow/example_dags/example_trigger_target_dag.py took 0.151 seconds
[2023-10-11T07:17:29.685+0000] {processor.py:157} INFO - Started process (PID=7858) to work on /home/airflow/.local/lib/python3.8/site-packages/airflow/example_dags/example_trigger_target_dag.py
[2023-10-11T07:17:29.688+0000] {processor.py:829} INFO - Processing file /home/airflow/.local/lib/python3.8/site-packages/airflow/example_dags/example_trigger_target_dag.py for tasks to queue
[2023-10-11T07:17:29.691+0000] {logging_mixin.py:151} INFO - [2023-10-11T07:17:29.690+0000] {dagbag.py:539} INFO - Filling up the DagBag from /home/airflow/.local/lib/python3.8/site-packages/airflow/example_dags/example_trigger_target_dag.py
[2023-10-11T07:17:29.706+0000] {processor.py:839} INFO - DAG(s) dict_keys(['example_trigger_target_dag']) retrieved from /home/airflow/.local/lib/python3.8/site-packages/airflow/example_dags/example_trigger_target_dag.py
[2023-10-11T07:17:29.775+0000] {logging_mixin.py:151} INFO - [2023-10-11T07:17:29.775+0000] {dag.py:2915} INFO - Sync 1 DAGs
[2023-10-11T07:17:29.853+0000] {logging_mixin.py:151} INFO - [2023-10-11T07:17:29.852+0000] {dag.py:3696} INFO - Setting next_dagrun for example_trigger_target_dag to None, run_after=None
[2023-10-11T07:17:29.906+0000] {processor.py:179} INFO - Processing /home/airflow/.local/lib/python3.8/site-packages/airflow/example_dags/example_trigger_target_dag.py took 0.231 seconds
[2023-10-11T07:18:00.065+0000] {processor.py:157} INFO - Started process (PID=8101) to work on /home/airflow/.local/lib/python3.8/site-packages/airflow/example_dags/example_trigger_target_dag.py
[2023-10-11T07:18:00.076+0000] {processor.py:829} INFO - Processing file /home/airflow/.local/lib/python3.8/site-packages/airflow/example_dags/example_trigger_target_dag.py for tasks to queue
[2023-10-11T07:18:00.078+0000] {logging_mixin.py:151} INFO - [2023-10-11T07:18:00.077+0000] {dagbag.py:539} INFO - Filling up the DagBag from /home/airflow/.local/lib/python3.8/site-packages/airflow/example_dags/example_trigger_target_dag.py
[2023-10-11T07:18:00.088+0000] {processor.py:839} INFO - DAG(s) dict_keys(['example_trigger_target_dag']) retrieved from /home/airflow/.local/lib/python3.8/site-packages/airflow/example_dags/example_trigger_target_dag.py
[2023-10-11T07:18:00.122+0000] {logging_mixin.py:151} INFO - [2023-10-11T07:18:00.122+0000] {dag.py:2915} INFO - Sync 1 DAGs
[2023-10-11T07:18:00.139+0000] {logging_mixin.py:151} INFO - [2023-10-11T07:18:00.138+0000] {dag.py:3696} INFO - Setting next_dagrun for example_trigger_target_dag to None, run_after=None
[2023-10-11T07:18:00.169+0000] {processor.py:179} INFO - Processing /home/airflow/.local/lib/python3.8/site-packages/airflow/example_dags/example_trigger_target_dag.py took 0.127 seconds
[2023-10-11T07:18:30.723+0000] {processor.py:157} INFO - Started process (PID=8339) to work on /home/airflow/.local/lib/python3.8/site-packages/airflow/example_dags/example_trigger_target_dag.py
[2023-10-11T07:18:30.724+0000] {processor.py:829} INFO - Processing file /home/airflow/.local/lib/python3.8/site-packages/airflow/example_dags/example_trigger_target_dag.py for tasks to queue
[2023-10-11T07:18:30.726+0000] {logging_mixin.py:151} INFO - [2023-10-11T07:18:30.725+0000] {dagbag.py:539} INFO - Filling up the DagBag from /home/airflow/.local/lib/python3.8/site-packages/airflow/example_dags/example_trigger_target_dag.py
[2023-10-11T07:18:30.734+0000] {processor.py:839} INFO - DAG(s) dict_keys(['example_trigger_target_dag']) retrieved from /home/airflow/.local/lib/python3.8/site-packages/airflow/example_dags/example_trigger_target_dag.py
[2023-10-11T07:18:30.783+0000] {logging_mixin.py:151} INFO - [2023-10-11T07:18:30.783+0000] {dag.py:2915} INFO - Sync 1 DAGs
[2023-10-11T07:18:30.795+0000] {logging_mixin.py:151} INFO - [2023-10-11T07:18:30.795+0000] {dag.py:3696} INFO - Setting next_dagrun for example_trigger_target_dag to None, run_after=None
[2023-10-11T07:18:30.814+0000] {processor.py:179} INFO - Processing /home/airflow/.local/lib/python3.8/site-packages/airflow/example_dags/example_trigger_target_dag.py took 0.096 seconds
[2023-10-11T07:19:01.670+0000] {processor.py:157} INFO - Started process (PID=8582) to work on /home/airflow/.local/lib/python3.8/site-packages/airflow/example_dags/example_trigger_target_dag.py
[2023-10-11T07:19:01.675+0000] {processor.py:829} INFO - Processing file /home/airflow/.local/lib/python3.8/site-packages/airflow/example_dags/example_trigger_target_dag.py for tasks to queue
[2023-10-11T07:19:01.676+0000] {logging_mixin.py:151} INFO - [2023-10-11T07:19:01.676+0000] {dagbag.py:539} INFO - Filling up the DagBag from /home/airflow/.local/lib/python3.8/site-packages/airflow/example_dags/example_trigger_target_dag.py
[2023-10-11T07:19:01.683+0000] {processor.py:839} INFO - DAG(s) dict_keys(['example_trigger_target_dag']) retrieved from /home/airflow/.local/lib/python3.8/site-packages/airflow/example_dags/example_trigger_target_dag.py
[2023-10-11T07:19:01.710+0000] {logging_mixin.py:151} INFO - [2023-10-11T07:19:01.710+0000] {dag.py:2915} INFO - Sync 1 DAGs
[2023-10-11T07:19:01.729+0000] {logging_mixin.py:151} INFO - [2023-10-11T07:19:01.728+0000] {dag.py:3696} INFO - Setting next_dagrun for example_trigger_target_dag to None, run_after=None
[2023-10-11T07:19:01.779+0000] {processor.py:179} INFO - Processing /home/airflow/.local/lib/python3.8/site-packages/airflow/example_dags/example_trigger_target_dag.py took 0.121 seconds
[2023-10-11T07:19:32.525+0000] {processor.py:157} INFO - Started process (PID=8825) to work on /home/airflow/.local/lib/python3.8/site-packages/airflow/example_dags/example_trigger_target_dag.py
[2023-10-11T07:19:32.527+0000] {processor.py:829} INFO - Processing file /home/airflow/.local/lib/python3.8/site-packages/airflow/example_dags/example_trigger_target_dag.py for tasks to queue
[2023-10-11T07:19:32.528+0000] {logging_mixin.py:151} INFO - [2023-10-11T07:19:32.528+0000] {dagbag.py:539} INFO - Filling up the DagBag from /home/airflow/.local/lib/python3.8/site-packages/airflow/example_dags/example_trigger_target_dag.py
[2023-10-11T07:19:32.534+0000] {processor.py:839} INFO - DAG(s) dict_keys(['example_trigger_target_dag']) retrieved from /home/airflow/.local/lib/python3.8/site-packages/airflow/example_dags/example_trigger_target_dag.py
[2023-10-11T07:19:32.581+0000] {logging_mixin.py:151} INFO - [2023-10-11T07:19:32.581+0000] {dag.py:2915} INFO - Sync 1 DAGs
[2023-10-11T07:19:32.603+0000] {logging_mixin.py:151} INFO - [2023-10-11T07:19:32.602+0000] {dag.py:3696} INFO - Setting next_dagrun for example_trigger_target_dag to None, run_after=None
[2023-10-11T07:19:32.629+0000] {processor.py:179} INFO - Processing /home/airflow/.local/lib/python3.8/site-packages/airflow/example_dags/example_trigger_target_dag.py took 0.108 seconds
[2023-10-11T07:20:02.938+0000] {processor.py:157} INFO - Started process (PID=9068) to work on /home/airflow/.local/lib/python3.8/site-packages/airflow/example_dags/example_trigger_target_dag.py
[2023-10-11T07:20:02.950+0000] {processor.py:829} INFO - Processing file /home/airflow/.local/lib/python3.8/site-packages/airflow/example_dags/example_trigger_target_dag.py for tasks to queue
[2023-10-11T07:20:02.953+0000] {logging_mixin.py:151} INFO - [2023-10-11T07:20:02.953+0000] {dagbag.py:539} INFO - Filling up the DagBag from /home/airflow/.local/lib/python3.8/site-packages/airflow/example_dags/example_trigger_target_dag.py
[2023-10-11T07:20:02.978+0000] {processor.py:839} INFO - DAG(s) dict_keys(['example_trigger_target_dag']) retrieved from /home/airflow/.local/lib/python3.8/site-packages/airflow/example_dags/example_trigger_target_dag.py
[2023-10-11T07:20:03.029+0000] {logging_mixin.py:151} INFO - [2023-10-11T07:20:03.029+0000] {dag.py:2915} INFO - Sync 1 DAGs
[2023-10-11T07:20:03.059+0000] {logging_mixin.py:151} INFO - [2023-10-11T07:20:03.059+0000] {dag.py:3696} INFO - Setting next_dagrun for example_trigger_target_dag to None, run_after=None
[2023-10-11T07:20:03.098+0000] {processor.py:179} INFO - Processing /home/airflow/.local/lib/python3.8/site-packages/airflow/example_dags/example_trigger_target_dag.py took 0.165 seconds
[2023-10-11T07:20:33.509+0000] {processor.py:157} INFO - Started process (PID=9311) to work on /home/airflow/.local/lib/python3.8/site-packages/airflow/example_dags/example_trigger_target_dag.py
[2023-10-11T07:20:33.511+0000] {processor.py:829} INFO - Processing file /home/airflow/.local/lib/python3.8/site-packages/airflow/example_dags/example_trigger_target_dag.py for tasks to queue
[2023-10-11T07:20:33.513+0000] {logging_mixin.py:151} INFO - [2023-10-11T07:20:33.513+0000] {dagbag.py:539} INFO - Filling up the DagBag from /home/airflow/.local/lib/python3.8/site-packages/airflow/example_dags/example_trigger_target_dag.py
[2023-10-11T07:20:33.524+0000] {processor.py:839} INFO - DAG(s) dict_keys(['example_trigger_target_dag']) retrieved from /home/airflow/.local/lib/python3.8/site-packages/airflow/example_dags/example_trigger_target_dag.py
[2023-10-11T07:20:33.570+0000] {logging_mixin.py:151} INFO - [2023-10-11T07:20:33.570+0000] {dag.py:2915} INFO - Sync 1 DAGs
[2023-10-11T07:20:33.597+0000] {logging_mixin.py:151} INFO - [2023-10-11T07:20:33.596+0000] {dag.py:3696} INFO - Setting next_dagrun for example_trigger_target_dag to None, run_after=None
[2023-10-11T07:20:33.625+0000] {processor.py:179} INFO - Processing /home/airflow/.local/lib/python3.8/site-packages/airflow/example_dags/example_trigger_target_dag.py took 0.126 seconds
[2023-10-11T07:21:04.844+0000] {processor.py:157} INFO - Started process (PID=9554) to work on /home/airflow/.local/lib/python3.8/site-packages/airflow/example_dags/example_trigger_target_dag.py
[2023-10-11T07:21:04.846+0000] {processor.py:829} INFO - Processing file /home/airflow/.local/lib/python3.8/site-packages/airflow/example_dags/example_trigger_target_dag.py for tasks to queue
[2023-10-11T07:21:04.848+0000] {logging_mixin.py:151} INFO - [2023-10-11T07:21:04.848+0000] {dagbag.py:539} INFO - Filling up the DagBag from /home/airflow/.local/lib/python3.8/site-packages/airflow/example_dags/example_trigger_target_dag.py
[2023-10-11T07:21:04.858+0000] {processor.py:839} INFO - DAG(s) dict_keys(['example_trigger_target_dag']) retrieved from /home/airflow/.local/lib/python3.8/site-packages/airflow/example_dags/example_trigger_target_dag.py
[2023-10-11T07:21:04.898+0000] {logging_mixin.py:151} INFO - [2023-10-11T07:21:04.898+0000] {dag.py:2915} INFO - Sync 1 DAGs
[2023-10-11T07:21:04.921+0000] {logging_mixin.py:151} INFO - [2023-10-11T07:21:04.921+0000] {dag.py:3696} INFO - Setting next_dagrun for example_trigger_target_dag to None, run_after=None
[2023-10-11T07:21:04.960+0000] {processor.py:179} INFO - Processing /home/airflow/.local/lib/python3.8/site-packages/airflow/example_dags/example_trigger_target_dag.py took 0.122 seconds
[2023-10-11T07:21:35.487+0000] {processor.py:157} INFO - Started process (PID=9797) to work on /home/airflow/.local/lib/python3.8/site-packages/airflow/example_dags/example_trigger_target_dag.py
[2023-10-11T07:21:35.489+0000] {processor.py:829} INFO - Processing file /home/airflow/.local/lib/python3.8/site-packages/airflow/example_dags/example_trigger_target_dag.py for tasks to queue
[2023-10-11T07:21:35.489+0000] {logging_mixin.py:151} INFO - [2023-10-11T07:21:35.489+0000] {dagbag.py:539} INFO - Filling up the DagBag from /home/airflow/.local/lib/python3.8/site-packages/airflow/example_dags/example_trigger_target_dag.py
[2023-10-11T07:21:35.494+0000] {processor.py:839} INFO - DAG(s) dict_keys(['example_trigger_target_dag']) retrieved from /home/airflow/.local/lib/python3.8/site-packages/airflow/example_dags/example_trigger_target_dag.py
[2023-10-11T07:21:35.509+0000] {logging_mixin.py:151} INFO - [2023-10-11T07:21:35.509+0000] {dag.py:2915} INFO - Sync 1 DAGs
[2023-10-11T07:21:35.517+0000] {logging_mixin.py:151} INFO - [2023-10-11T07:21:35.517+0000] {dag.py:3696} INFO - Setting next_dagrun for example_trigger_target_dag to None, run_after=None
[2023-10-11T07:21:35.529+0000] {processor.py:179} INFO - Processing /home/airflow/.local/lib/python3.8/site-packages/airflow/example_dags/example_trigger_target_dag.py took 0.045 seconds
[2023-10-11T07:22:06.213+0000] {processor.py:157} INFO - Started process (PID=10040) to work on /home/airflow/.local/lib/python3.8/site-packages/airflow/example_dags/example_trigger_target_dag.py
[2023-10-11T07:22:06.216+0000] {processor.py:829} INFO - Processing file /home/airflow/.local/lib/python3.8/site-packages/airflow/example_dags/example_trigger_target_dag.py for tasks to queue
[2023-10-11T07:22:06.221+0000] {logging_mixin.py:151} INFO - [2023-10-11T07:22:06.220+0000] {dagbag.py:539} INFO - Filling up the DagBag from /home/airflow/.local/lib/python3.8/site-packages/airflow/example_dags/example_trigger_target_dag.py
[2023-10-11T07:22:06.237+0000] {processor.py:839} INFO - DAG(s) dict_keys(['example_trigger_target_dag']) retrieved from /home/airflow/.local/lib/python3.8/site-packages/airflow/example_dags/example_trigger_target_dag.py
[2023-10-11T07:22:06.348+0000] {logging_mixin.py:151} INFO - [2023-10-11T07:22:06.348+0000] {dag.py:2915} INFO - Sync 1 DAGs
[2023-10-11T07:22:06.404+0000] {logging_mixin.py:151} INFO - [2023-10-11T07:22:06.403+0000] {dag.py:3696} INFO - Setting next_dagrun for example_trigger_target_dag to None, run_after=None
[2023-10-11T07:22:06.495+0000] {processor.py:179} INFO - Processing /home/airflow/.local/lib/python3.8/site-packages/airflow/example_dags/example_trigger_target_dag.py took 0.292 seconds
[2023-10-11T07:22:37.141+0000] {processor.py:157} INFO - Started process (PID=10290) to work on /home/airflow/.local/lib/python3.8/site-packages/airflow/example_dags/example_trigger_target_dag.py
[2023-10-11T07:22:37.142+0000] {processor.py:829} INFO - Processing file /home/airflow/.local/lib/python3.8/site-packages/airflow/example_dags/example_trigger_target_dag.py for tasks to queue
[2023-10-11T07:22:37.143+0000] {logging_mixin.py:151} INFO - [2023-10-11T07:22:37.143+0000] {dagbag.py:539} INFO - Filling up the DagBag from /home/airflow/.local/lib/python3.8/site-packages/airflow/example_dags/example_trigger_target_dag.py
[2023-10-11T07:22:37.157+0000] {processor.py:839} INFO - DAG(s) dict_keys(['example_trigger_target_dag']) retrieved from /home/airflow/.local/lib/python3.8/site-packages/airflow/example_dags/example_trigger_target_dag.py
[2023-10-11T07:22:37.193+0000] {logging_mixin.py:151} INFO - [2023-10-11T07:22:37.193+0000] {dag.py:2915} INFO - Sync 1 DAGs
[2023-10-11T07:22:37.205+0000] {logging_mixin.py:151} INFO - [2023-10-11T07:22:37.205+0000] {dag.py:3696} INFO - Setting next_dagrun for example_trigger_target_dag to None, run_after=None
[2023-10-11T07:22:37.222+0000] {processor.py:179} INFO - Processing /home/airflow/.local/lib/python3.8/site-packages/airflow/example_dags/example_trigger_target_dag.py took 0.085 seconds
[2023-10-11T07:23:07.312+0000] {processor.py:157} INFO - Started process (PID=10533) to work on /home/airflow/.local/lib/python3.8/site-packages/airflow/example_dags/example_trigger_target_dag.py
[2023-10-11T07:23:07.313+0000] {processor.py:829} INFO - Processing file /home/airflow/.local/lib/python3.8/site-packages/airflow/example_dags/example_trigger_target_dag.py for tasks to queue
[2023-10-11T07:23:07.313+0000] {logging_mixin.py:151} INFO - [2023-10-11T07:23:07.313+0000] {dagbag.py:539} INFO - Filling up the DagBag from /home/airflow/.local/lib/python3.8/site-packages/airflow/example_dags/example_trigger_target_dag.py
[2023-10-11T07:23:07.318+0000] {processor.py:839} INFO - DAG(s) dict_keys(['example_trigger_target_dag']) retrieved from /home/airflow/.local/lib/python3.8/site-packages/airflow/example_dags/example_trigger_target_dag.py
[2023-10-11T07:23:07.334+0000] {logging_mixin.py:151} INFO - [2023-10-11T07:23:07.334+0000] {dag.py:2915} INFO - Sync 1 DAGs
[2023-10-11T07:23:07.343+0000] {logging_mixin.py:151} INFO - [2023-10-11T07:23:07.343+0000] {dag.py:3696} INFO - Setting next_dagrun for example_trigger_target_dag to None, run_after=None
[2023-10-11T07:23:07.376+0000] {processor.py:179} INFO - Processing /home/airflow/.local/lib/python3.8/site-packages/airflow/example_dags/example_trigger_target_dag.py took 0.067 seconds
[2023-10-11T07:23:37.547+0000] {processor.py:157} INFO - Started process (PID=10773) to work on /home/airflow/.local/lib/python3.8/site-packages/airflow/example_dags/example_trigger_target_dag.py
[2023-10-11T07:23:37.570+0000] {processor.py:829} INFO - Processing file /home/airflow/.local/lib/python3.8/site-packages/airflow/example_dags/example_trigger_target_dag.py for tasks to queue
[2023-10-11T07:23:37.572+0000] {logging_mixin.py:151} INFO - [2023-10-11T07:23:37.572+0000] {dagbag.py:539} INFO - Filling up the DagBag from /home/airflow/.local/lib/python3.8/site-packages/airflow/example_dags/example_trigger_target_dag.py
[2023-10-11T07:23:37.579+0000] {processor.py:839} INFO - DAG(s) dict_keys(['example_trigger_target_dag']) retrieved from /home/airflow/.local/lib/python3.8/site-packages/airflow/example_dags/example_trigger_target_dag.py
[2023-10-11T07:23:37.595+0000] {logging_mixin.py:151} INFO - [2023-10-11T07:23:37.595+0000] {dag.py:2915} INFO - Sync 1 DAGs
[2023-10-11T07:23:37.604+0000] {logging_mixin.py:151} INFO - [2023-10-11T07:23:37.604+0000] {dag.py:3696} INFO - Setting next_dagrun for example_trigger_target_dag to None, run_after=None
[2023-10-11T07:23:37.616+0000] {processor.py:179} INFO - Processing /home/airflow/.local/lib/python3.8/site-packages/airflow/example_dags/example_trigger_target_dag.py took 0.071 seconds
[2023-10-11T07:24:07.704+0000] {processor.py:157} INFO - Started process (PID=11016) to work on /home/airflow/.local/lib/python3.8/site-packages/airflow/example_dags/example_trigger_target_dag.py
[2023-10-11T07:24:07.706+0000] {processor.py:829} INFO - Processing file /home/airflow/.local/lib/python3.8/site-packages/airflow/example_dags/example_trigger_target_dag.py for tasks to queue
[2023-10-11T07:24:07.706+0000] {logging_mixin.py:151} INFO - [2023-10-11T07:24:07.706+0000] {dagbag.py:539} INFO - Filling up the DagBag from /home/airflow/.local/lib/python3.8/site-packages/airflow/example_dags/example_trigger_target_dag.py
[2023-10-11T07:24:07.711+0000] {processor.py:839} INFO - DAG(s) dict_keys(['example_trigger_target_dag']) retrieved from /home/airflow/.local/lib/python3.8/site-packages/airflow/example_dags/example_trigger_target_dag.py
[2023-10-11T07:24:07.726+0000] {logging_mixin.py:151} INFO - [2023-10-11T07:24:07.726+0000] {dag.py:2915} INFO - Sync 1 DAGs
[2023-10-11T07:24:07.734+0000] {logging_mixin.py:151} INFO - [2023-10-11T07:24:07.734+0000] {dag.py:3696} INFO - Setting next_dagrun for example_trigger_target_dag to None, run_after=None
[2023-10-11T07:24:07.744+0000] {processor.py:179} INFO - Processing /home/airflow/.local/lib/python3.8/site-packages/airflow/example_dags/example_trigger_target_dag.py took 0.043 seconds
[2023-10-11T07:24:38.325+0000] {processor.py:157} INFO - Started process (PID=11257) to work on /home/airflow/.local/lib/python3.8/site-packages/airflow/example_dags/example_trigger_target_dag.py
[2023-10-11T07:24:38.326+0000] {processor.py:829} INFO - Processing file /home/airflow/.local/lib/python3.8/site-packages/airflow/example_dags/example_trigger_target_dag.py for tasks to queue
[2023-10-11T07:24:38.327+0000] {logging_mixin.py:151} INFO - [2023-10-11T07:24:38.326+0000] {dagbag.py:539} INFO - Filling up the DagBag from /home/airflow/.local/lib/python3.8/site-packages/airflow/example_dags/example_trigger_target_dag.py
[2023-10-11T07:24:38.332+0000] {processor.py:839} INFO - DAG(s) dict_keys(['example_trigger_target_dag']) retrieved from /home/airflow/.local/lib/python3.8/site-packages/airflow/example_dags/example_trigger_target_dag.py
[2023-10-11T07:24:38.355+0000] {logging_mixin.py:151} INFO - [2023-10-11T07:24:38.355+0000] {dag.py:2915} INFO - Sync 1 DAGs
[2023-10-11T07:24:38.379+0000] {logging_mixin.py:151} INFO - [2023-10-11T07:24:38.379+0000] {dag.py:3696} INFO - Setting next_dagrun for example_trigger_target_dag to None, run_after=None
[2023-10-11T07:24:38.391+0000] {processor.py:179} INFO - Processing /home/airflow/.local/lib/python3.8/site-packages/airflow/example_dags/example_trigger_target_dag.py took 0.069 seconds
[2023-10-11T07:25:09.410+0000] {processor.py:157} INFO - Started process (PID=11500) to work on /home/airflow/.local/lib/python3.8/site-packages/airflow/example_dags/example_trigger_target_dag.py
[2023-10-11T07:25:09.411+0000] {processor.py:829} INFO - Processing file /home/airflow/.local/lib/python3.8/site-packages/airflow/example_dags/example_trigger_target_dag.py for tasks to queue
[2023-10-11T07:25:09.412+0000] {logging_mixin.py:151} INFO - [2023-10-11T07:25:09.412+0000] {dagbag.py:539} INFO - Filling up the DagBag from /home/airflow/.local/lib/python3.8/site-packages/airflow/example_dags/example_trigger_target_dag.py
[2023-10-11T07:25:09.417+0000] {processor.py:839} INFO - DAG(s) dict_keys(['example_trigger_target_dag']) retrieved from /home/airflow/.local/lib/python3.8/site-packages/airflow/example_dags/example_trigger_target_dag.py
[2023-10-11T07:25:09.436+0000] {logging_mixin.py:151} INFO - [2023-10-11T07:25:09.436+0000] {dag.py:2915} INFO - Sync 1 DAGs
[2023-10-11T07:25:09.449+0000] {logging_mixin.py:151} INFO - [2023-10-11T07:25:09.449+0000] {dag.py:3696} INFO - Setting next_dagrun for example_trigger_target_dag to None, run_after=None
[2023-10-11T07:25:09.479+0000] {processor.py:179} INFO - Processing /home/airflow/.local/lib/python3.8/site-packages/airflow/example_dags/example_trigger_target_dag.py took 0.072 seconds
[2023-10-11T07:25:40.096+0000] {processor.py:157} INFO - Started process (PID=11743) to work on /home/airflow/.local/lib/python3.8/site-packages/airflow/example_dags/example_trigger_target_dag.py
[2023-10-11T07:25:40.097+0000] {processor.py:829} INFO - Processing file /home/airflow/.local/lib/python3.8/site-packages/airflow/example_dags/example_trigger_target_dag.py for tasks to queue
[2023-10-11T07:25:40.098+0000] {logging_mixin.py:151} INFO - [2023-10-11T07:25:40.098+0000] {dagbag.py:539} INFO - Filling up the DagBag from /home/airflow/.local/lib/python3.8/site-packages/airflow/example_dags/example_trigger_target_dag.py
[2023-10-11T07:25:40.106+0000] {processor.py:839} INFO - DAG(s) dict_keys(['example_trigger_target_dag']) retrieved from /home/airflow/.local/lib/python3.8/site-packages/airflow/example_dags/example_trigger_target_dag.py
[2023-10-11T07:25:40.133+0000] {logging_mixin.py:151} INFO - [2023-10-11T07:25:40.133+0000] {dag.py:2915} INFO - Sync 1 DAGs
[2023-10-11T07:25:40.158+0000] {logging_mixin.py:151} INFO - [2023-10-11T07:25:40.157+0000] {dag.py:3696} INFO - Setting next_dagrun for example_trigger_target_dag to None, run_after=None
[2023-10-11T07:25:40.190+0000] {processor.py:179} INFO - Processing /home/airflow/.local/lib/python3.8/site-packages/airflow/example_dags/example_trigger_target_dag.py took 0.103 seconds
[2023-10-11T07:26:10.882+0000] {processor.py:157} INFO - Started process (PID=11986) to work on /home/airflow/.local/lib/python3.8/site-packages/airflow/example_dags/example_trigger_target_dag.py
[2023-10-11T07:26:10.883+0000] {processor.py:829} INFO - Processing file /home/airflow/.local/lib/python3.8/site-packages/airflow/example_dags/example_trigger_target_dag.py for tasks to queue
[2023-10-11T07:26:10.884+0000] {logging_mixin.py:151} INFO - [2023-10-11T07:26:10.884+0000] {dagbag.py:539} INFO - Filling up the DagBag from /home/airflow/.local/lib/python3.8/site-packages/airflow/example_dags/example_trigger_target_dag.py
[2023-10-11T07:26:10.888+0000] {processor.py:839} INFO - DAG(s) dict_keys(['example_trigger_target_dag']) retrieved from /home/airflow/.local/lib/python3.8/site-packages/airflow/example_dags/example_trigger_target_dag.py
[2023-10-11T07:26:10.903+0000] {logging_mixin.py:151} INFO - [2023-10-11T07:26:10.902+0000] {dag.py:2915} INFO - Sync 1 DAGs
[2023-10-11T07:26:10.910+0000] {logging_mixin.py:151} INFO - [2023-10-11T07:26:10.910+0000] {dag.py:3696} INFO - Setting next_dagrun for example_trigger_target_dag to None, run_after=None
[2023-10-11T07:26:10.921+0000] {processor.py:179} INFO - Processing /home/airflow/.local/lib/python3.8/site-packages/airflow/example_dags/example_trigger_target_dag.py took 0.041 seconds
[2023-10-11T07:26:41.918+0000] {processor.py:157} INFO - Started process (PID=12231) to work on /home/airflow/.local/lib/python3.8/site-packages/airflow/example_dags/example_trigger_target_dag.py
[2023-10-11T07:26:41.919+0000] {processor.py:829} INFO - Processing file /home/airflow/.local/lib/python3.8/site-packages/airflow/example_dags/example_trigger_target_dag.py for tasks to queue
[2023-10-11T07:26:41.920+0000] {logging_mixin.py:151} INFO - [2023-10-11T07:26:41.920+0000] {dagbag.py:539} INFO - Filling up the DagBag from /home/airflow/.local/lib/python3.8/site-packages/airflow/example_dags/example_trigger_target_dag.py
[2023-10-11T07:26:41.926+0000] {processor.py:839} INFO - DAG(s) dict_keys(['example_trigger_target_dag']) retrieved from /home/airflow/.local/lib/python3.8/site-packages/airflow/example_dags/example_trigger_target_dag.py
[2023-10-11T07:26:41.961+0000] {logging_mixin.py:151} INFO - [2023-10-11T07:26:41.960+0000] {dag.py:2915} INFO - Sync 1 DAGs
[2023-10-11T07:26:41.987+0000] {logging_mixin.py:151} INFO - [2023-10-11T07:26:41.987+0000] {dag.py:3696} INFO - Setting next_dagrun for example_trigger_target_dag to None, run_after=None
[2023-10-11T07:26:42.004+0000] {processor.py:179} INFO - Processing /home/airflow/.local/lib/python3.8/site-packages/airflow/example_dags/example_trigger_target_dag.py took 0.090 seconds
[2023-10-11T07:27:12.414+0000] {processor.py:157} INFO - Started process (PID=12474) to work on /home/airflow/.local/lib/python3.8/site-packages/airflow/example_dags/example_trigger_target_dag.py
[2023-10-11T07:27:12.414+0000] {processor.py:829} INFO - Processing file /home/airflow/.local/lib/python3.8/site-packages/airflow/example_dags/example_trigger_target_dag.py for tasks to queue
[2023-10-11T07:27:12.415+0000] {logging_mixin.py:151} INFO - [2023-10-11T07:27:12.415+0000] {dagbag.py:539} INFO - Filling up the DagBag from /home/airflow/.local/lib/python3.8/site-packages/airflow/example_dags/example_trigger_target_dag.py
[2023-10-11T07:27:12.420+0000] {processor.py:839} INFO - DAG(s) dict_keys(['example_trigger_target_dag']) retrieved from /home/airflow/.local/lib/python3.8/site-packages/airflow/example_dags/example_trigger_target_dag.py
[2023-10-11T07:27:12.435+0000] {logging_mixin.py:151} INFO - [2023-10-11T07:27:12.435+0000] {dag.py:2915} INFO - Sync 1 DAGs
[2023-10-11T07:27:12.443+0000] {logging_mixin.py:151} INFO - [2023-10-11T07:27:12.442+0000] {dag.py:3696} INFO - Setting next_dagrun for example_trigger_target_dag to None, run_after=None
[2023-10-11T07:27:12.481+0000] {processor.py:179} INFO - Processing /home/airflow/.local/lib/python3.8/site-packages/airflow/example_dags/example_trigger_target_dag.py took 0.070 seconds
[2023-10-11T07:27:42.899+0000] {processor.py:157} INFO - Started process (PID=12717) to work on /home/airflow/.local/lib/python3.8/site-packages/airflow/example_dags/example_trigger_target_dag.py
[2023-10-11T07:27:42.900+0000] {processor.py:829} INFO - Processing file /home/airflow/.local/lib/python3.8/site-packages/airflow/example_dags/example_trigger_target_dag.py for tasks to queue
[2023-10-11T07:27:42.901+0000] {logging_mixin.py:151} INFO - [2023-10-11T07:27:42.901+0000] {dagbag.py:539} INFO - Filling up the DagBag from /home/airflow/.local/lib/python3.8/site-packages/airflow/example_dags/example_trigger_target_dag.py
[2023-10-11T07:27:42.906+0000] {processor.py:839} INFO - DAG(s) dict_keys(['example_trigger_target_dag']) retrieved from /home/airflow/.local/lib/python3.8/site-packages/airflow/example_dags/example_trigger_target_dag.py
[2023-10-11T07:27:42.919+0000] {logging_mixin.py:151} INFO - [2023-10-11T07:27:42.919+0000] {dag.py:2915} INFO - Sync 1 DAGs
[2023-10-11T07:27:42.926+0000] {logging_mixin.py:151} INFO - [2023-10-11T07:27:42.926+0000] {dag.py:3696} INFO - Setting next_dagrun for example_trigger_target_dag to None, run_after=None
[2023-10-11T07:27:42.935+0000] {processor.py:179} INFO - Processing /home/airflow/.local/lib/python3.8/site-packages/airflow/example_dags/example_trigger_target_dag.py took 0.039 seconds
[2023-10-11T07:28:13.079+0000] {processor.py:157} INFO - Started process (PID=12960) to work on /home/airflow/.local/lib/python3.8/site-packages/airflow/example_dags/example_trigger_target_dag.py
[2023-10-11T07:28:13.080+0000] {processor.py:829} INFO - Processing file /home/airflow/.local/lib/python3.8/site-packages/airflow/example_dags/example_trigger_target_dag.py for tasks to queue
[2023-10-11T07:28:13.080+0000] {logging_mixin.py:151} INFO - [2023-10-11T07:28:13.080+0000] {dagbag.py:539} INFO - Filling up the DagBag from /home/airflow/.local/lib/python3.8/site-packages/airflow/example_dags/example_trigger_target_dag.py
[2023-10-11T07:28:13.085+0000] {processor.py:839} INFO - DAG(s) dict_keys(['example_trigger_target_dag']) retrieved from /home/airflow/.local/lib/python3.8/site-packages/airflow/example_dags/example_trigger_target_dag.py
[2023-10-11T07:28:13.100+0000] {logging_mixin.py:151} INFO - [2023-10-11T07:28:13.100+0000] {dag.py:2915} INFO - Sync 1 DAGs
[2023-10-11T07:28:13.108+0000] {logging_mixin.py:151} INFO - [2023-10-11T07:28:13.108+0000] {dag.py:3696} INFO - Setting next_dagrun for example_trigger_target_dag to None, run_after=None
[2023-10-11T07:28:13.120+0000] {processor.py:179} INFO - Processing /home/airflow/.local/lib/python3.8/site-packages/airflow/example_dags/example_trigger_target_dag.py took 0.044 seconds
