[2023-10-11T07:01:29.752+0000] {processor.py:157} INFO - Started process (PID=185) to work on /home/airflow/.local/lib/python3.8/site-packages/airflow/example_dags/example_trigger_controller_dag.py
[2023-10-11T07:01:29.753+0000] {processor.py:829} INFO - Processing file /home/airflow/.local/lib/python3.8/site-packages/airflow/example_dags/example_trigger_controller_dag.py for tasks to queue
[2023-10-11T07:01:29.754+0000] {logging_mixin.py:151} INFO - [2023-10-11T07:01:29.753+0000] {dagbag.py:539} INFO - Filling up the DagBag from /home/airflow/.local/lib/python3.8/site-packages/airflow/example_dags/example_trigger_controller_dag.py
[2023-10-11T07:01:29.796+0000] {processor.py:839} INFO - DAG(s) dict_keys(['example_trigger_controller_dag']) retrieved from /home/airflow/.local/lib/python3.8/site-packages/airflow/example_dags/example_trigger_controller_dag.py
[2023-10-11T07:01:30.126+0000] {logging_mixin.py:151} INFO - [2023-10-11T07:01:30.126+0000] {manager.py:499} INFO - Created Permission View: %s
[2023-10-11T07:01:30.133+0000] {logging_mixin.py:151} INFO - [2023-10-11T07:01:30.133+0000] {manager.py:499} INFO - Created Permission View: %s
[2023-10-11T07:01:30.137+0000] {logging_mixin.py:151} INFO - [2023-10-11T07:01:30.137+0000] {manager.py:499} INFO - Created Permission View: %s
[2023-10-11T07:01:30.138+0000] {logging_mixin.py:151} INFO - [2023-10-11T07:01:30.137+0000] {security.py:708} INFO - Not syncing DAG-level permissions for DAG 'DAG:example_trigger_controller_dag' as access control is unset.
[2023-10-11T07:01:30.138+0000] {logging_mixin.py:151} INFO - [2023-10-11T07:01:30.138+0000] {dag.py:2915} INFO - Sync 1 DAGs
[2023-10-11T07:01:30.144+0000] {logging_mixin.py:151} INFO - [2023-10-11T07:01:30.144+0000] {dag.py:2937} INFO - Creating ORM DAG for example_trigger_controller_dag
[2023-10-11T07:01:30.151+0000] {logging_mixin.py:151} INFO - [2023-10-11T07:01:30.151+0000] {dag.py:3696} INFO - Setting next_dagrun for example_trigger_controller_dag to 2021-01-01T00:00:00+00:00, run_after=2021-01-01T00:00:00+00:00
[2023-10-11T07:01:30.214+0000] {processor.py:179} INFO - Processing /home/airflow/.local/lib/python3.8/site-packages/airflow/example_dags/example_trigger_controller_dag.py took 0.466 seconds
[2023-10-11T07:02:00.418+0000] {processor.py:157} INFO - Started process (PID=424) to work on /home/airflow/.local/lib/python3.8/site-packages/airflow/example_dags/example_trigger_controller_dag.py
[2023-10-11T07:02:00.419+0000] {processor.py:829} INFO - Processing file /home/airflow/.local/lib/python3.8/site-packages/airflow/example_dags/example_trigger_controller_dag.py for tasks to queue
[2023-10-11T07:02:00.419+0000] {logging_mixin.py:151} INFO - [2023-10-11T07:02:00.419+0000] {dagbag.py:539} INFO - Filling up the DagBag from /home/airflow/.local/lib/python3.8/site-packages/airflow/example_dags/example_trigger_controller_dag.py
[2023-10-11T07:02:00.423+0000] {processor.py:839} INFO - DAG(s) dict_keys(['example_trigger_controller_dag']) retrieved from /home/airflow/.local/lib/python3.8/site-packages/airflow/example_dags/example_trigger_controller_dag.py
[2023-10-11T07:02:00.436+0000] {logging_mixin.py:151} INFO - [2023-10-11T07:02:00.436+0000] {dag.py:2915} INFO - Sync 1 DAGs
[2023-10-11T07:02:00.449+0000] {logging_mixin.py:151} INFO - [2023-10-11T07:02:00.449+0000] {dag.py:3696} INFO - Setting next_dagrun for example_trigger_controller_dag to 2021-01-01T00:00:00+00:00, run_after=2021-01-01T00:00:00+00:00
[2023-10-11T07:02:00.476+0000] {processor.py:179} INFO - Processing /home/airflow/.local/lib/python3.8/site-packages/airflow/example_dags/example_trigger_controller_dag.py took 0.061 seconds
[2023-10-11T07:02:30.564+0000] {processor.py:157} INFO - Started process (PID=661) to work on /home/airflow/.local/lib/python3.8/site-packages/airflow/example_dags/example_trigger_controller_dag.py
[2023-10-11T07:02:30.568+0000] {processor.py:829} INFO - Processing file /home/airflow/.local/lib/python3.8/site-packages/airflow/example_dags/example_trigger_controller_dag.py for tasks to queue
[2023-10-11T07:02:30.572+0000] {logging_mixin.py:151} INFO - [2023-10-11T07:02:30.571+0000] {dagbag.py:539} INFO - Filling up the DagBag from /home/airflow/.local/lib/python3.8/site-packages/airflow/example_dags/example_trigger_controller_dag.py
[2023-10-11T07:02:30.582+0000] {processor.py:839} INFO - DAG(s) dict_keys(['example_trigger_controller_dag']) retrieved from /home/airflow/.local/lib/python3.8/site-packages/airflow/example_dags/example_trigger_controller_dag.py
[2023-10-11T07:02:30.600+0000] {logging_mixin.py:151} INFO - [2023-10-11T07:02:30.600+0000] {dag.py:2915} INFO - Sync 1 DAGs
[2023-10-11T07:02:30.612+0000] {logging_mixin.py:151} INFO - [2023-10-11T07:02:30.612+0000] {dag.py:3696} INFO - Setting next_dagrun for example_trigger_controller_dag to 2021-01-01T00:00:00+00:00, run_after=2021-01-01T00:00:00+00:00
[2023-10-11T07:02:30.621+0000] {processor.py:179} INFO - Processing /home/airflow/.local/lib/python3.8/site-packages/airflow/example_dags/example_trigger_controller_dag.py took 0.065 seconds
[2023-10-11T07:03:01.393+0000] {processor.py:157} INFO - Started process (PID=899) to work on /home/airflow/.local/lib/python3.8/site-packages/airflow/example_dags/example_trigger_controller_dag.py
[2023-10-11T07:03:01.393+0000] {processor.py:829} INFO - Processing file /home/airflow/.local/lib/python3.8/site-packages/airflow/example_dags/example_trigger_controller_dag.py for tasks to queue
[2023-10-11T07:03:01.394+0000] {logging_mixin.py:151} INFO - [2023-10-11T07:03:01.394+0000] {dagbag.py:539} INFO - Filling up the DagBag from /home/airflow/.local/lib/python3.8/site-packages/airflow/example_dags/example_trigger_controller_dag.py
[2023-10-11T07:03:01.397+0000] {processor.py:839} INFO - DAG(s) dict_keys(['example_trigger_controller_dag']) retrieved from /home/airflow/.local/lib/python3.8/site-packages/airflow/example_dags/example_trigger_controller_dag.py
[2023-10-11T07:03:01.411+0000] {logging_mixin.py:151} INFO - [2023-10-11T07:03:01.411+0000] {dag.py:2915} INFO - Sync 1 DAGs
[2023-10-11T07:03:01.423+0000] {logging_mixin.py:151} INFO - [2023-10-11T07:03:01.422+0000] {dag.py:3696} INFO - Setting next_dagrun for example_trigger_controller_dag to 2021-01-01T00:00:00+00:00, run_after=2021-01-01T00:00:00+00:00
[2023-10-11T07:03:01.433+0000] {processor.py:179} INFO - Processing /home/airflow/.local/lib/python3.8/site-packages/airflow/example_dags/example_trigger_controller_dag.py took 0.043 seconds
[2023-10-11T07:03:32.290+0000] {processor.py:157} INFO - Started process (PID=1137) to work on /home/airflow/.local/lib/python3.8/site-packages/airflow/example_dags/example_trigger_controller_dag.py
[2023-10-11T07:03:32.290+0000] {processor.py:829} INFO - Processing file /home/airflow/.local/lib/python3.8/site-packages/airflow/example_dags/example_trigger_controller_dag.py for tasks to queue
[2023-10-11T07:03:32.291+0000] {logging_mixin.py:151} INFO - [2023-10-11T07:03:32.291+0000] {dagbag.py:539} INFO - Filling up the DagBag from /home/airflow/.local/lib/python3.8/site-packages/airflow/example_dags/example_trigger_controller_dag.py
[2023-10-11T07:03:32.295+0000] {processor.py:839} INFO - DAG(s) dict_keys(['example_trigger_controller_dag']) retrieved from /home/airflow/.local/lib/python3.8/site-packages/airflow/example_dags/example_trigger_controller_dag.py
[2023-10-11T07:03:32.308+0000] {logging_mixin.py:151} INFO - [2023-10-11T07:03:32.308+0000] {dag.py:2915} INFO - Sync 1 DAGs
[2023-10-11T07:03:32.319+0000] {logging_mixin.py:151} INFO - [2023-10-11T07:03:32.318+0000] {dag.py:3696} INFO - Setting next_dagrun for example_trigger_controller_dag to 2021-01-01T00:00:00+00:00, run_after=2021-01-01T00:00:00+00:00
[2023-10-11T07:03:32.327+0000] {processor.py:179} INFO - Processing /home/airflow/.local/lib/python3.8/site-packages/airflow/example_dags/example_trigger_controller_dag.py took 0.041 seconds
[2023-10-11T07:04:03.028+0000] {processor.py:157} INFO - Started process (PID=1375) to work on /home/airflow/.local/lib/python3.8/site-packages/airflow/example_dags/example_trigger_controller_dag.py
[2023-10-11T07:04:03.028+0000] {processor.py:829} INFO - Processing file /home/airflow/.local/lib/python3.8/site-packages/airflow/example_dags/example_trigger_controller_dag.py for tasks to queue
[2023-10-11T07:04:03.029+0000] {logging_mixin.py:151} INFO - [2023-10-11T07:04:03.029+0000] {dagbag.py:539} INFO - Filling up the DagBag from /home/airflow/.local/lib/python3.8/site-packages/airflow/example_dags/example_trigger_controller_dag.py
[2023-10-11T07:04:03.033+0000] {processor.py:839} INFO - DAG(s) dict_keys(['example_trigger_controller_dag']) retrieved from /home/airflow/.local/lib/python3.8/site-packages/airflow/example_dags/example_trigger_controller_dag.py
[2023-10-11T07:04:03.046+0000] {logging_mixin.py:151} INFO - [2023-10-11T07:04:03.046+0000] {dag.py:2915} INFO - Sync 1 DAGs
[2023-10-11T07:04:03.064+0000] {logging_mixin.py:151} INFO - [2023-10-11T07:04:03.064+0000] {dag.py:3696} INFO - Setting next_dagrun for example_trigger_controller_dag to 2021-01-01T00:00:00+00:00, run_after=2021-01-01T00:00:00+00:00
[2023-10-11T07:04:03.084+0000] {processor.py:179} INFO - Processing /home/airflow/.local/lib/python3.8/site-packages/airflow/example_dags/example_trigger_controller_dag.py took 0.059 seconds
[2023-10-11T07:04:33.408+0000] {processor.py:157} INFO - Started process (PID=1615) to work on /home/airflow/.local/lib/python3.8/site-packages/airflow/example_dags/example_trigger_controller_dag.py
[2023-10-11T07:04:33.409+0000] {processor.py:829} INFO - Processing file /home/airflow/.local/lib/python3.8/site-packages/airflow/example_dags/example_trigger_controller_dag.py for tasks to queue
[2023-10-11T07:04:33.410+0000] {logging_mixin.py:151} INFO - [2023-10-11T07:04:33.410+0000] {dagbag.py:539} INFO - Filling up the DagBag from /home/airflow/.local/lib/python3.8/site-packages/airflow/example_dags/example_trigger_controller_dag.py
[2023-10-11T07:04:33.414+0000] {processor.py:839} INFO - DAG(s) dict_keys(['example_trigger_controller_dag']) retrieved from /home/airflow/.local/lib/python3.8/site-packages/airflow/example_dags/example_trigger_controller_dag.py
[2023-10-11T07:04:33.433+0000] {logging_mixin.py:151} INFO - [2023-10-11T07:04:33.433+0000] {dag.py:2915} INFO - Sync 1 DAGs
[2023-10-11T07:04:33.448+0000] {logging_mixin.py:151} INFO - [2023-10-11T07:04:33.448+0000] {dag.py:3696} INFO - Setting next_dagrun for example_trigger_controller_dag to 2021-01-01T00:00:00+00:00, run_after=2021-01-01T00:00:00+00:00
[2023-10-11T07:04:33.493+0000] {processor.py:179} INFO - Processing /home/airflow/.local/lib/python3.8/site-packages/airflow/example_dags/example_trigger_controller_dag.py took 0.088 seconds
[2023-10-11T07:05:03.632+0000] {processor.py:157} INFO - Started process (PID=1851) to work on /home/airflow/.local/lib/python3.8/site-packages/airflow/example_dags/example_trigger_controller_dag.py
[2023-10-11T07:05:03.633+0000] {processor.py:829} INFO - Processing file /home/airflow/.local/lib/python3.8/site-packages/airflow/example_dags/example_trigger_controller_dag.py for tasks to queue
[2023-10-11T07:05:03.633+0000] {logging_mixin.py:151} INFO - [2023-10-11T07:05:03.633+0000] {dagbag.py:539} INFO - Filling up the DagBag from /home/airflow/.local/lib/python3.8/site-packages/airflow/example_dags/example_trigger_controller_dag.py
[2023-10-11T07:05:03.637+0000] {processor.py:839} INFO - DAG(s) dict_keys(['example_trigger_controller_dag']) retrieved from /home/airflow/.local/lib/python3.8/site-packages/airflow/example_dags/example_trigger_controller_dag.py
[2023-10-11T07:05:03.653+0000] {logging_mixin.py:151} INFO - [2023-10-11T07:05:03.653+0000] {dag.py:2915} INFO - Sync 1 DAGs
[2023-10-11T07:05:03.674+0000] {logging_mixin.py:151} INFO - [2023-10-11T07:05:03.674+0000] {dag.py:3696} INFO - Setting next_dagrun for example_trigger_controller_dag to 2021-01-01T00:00:00+00:00, run_after=2021-01-01T00:00:00+00:00
[2023-10-11T07:05:03.857+0000] {processor.py:179} INFO - Processing /home/airflow/.local/lib/python3.8/site-packages/airflow/example_dags/example_trigger_controller_dag.py took 0.228 seconds
[2023-10-11T07:05:33.939+0000] {processor.py:157} INFO - Started process (PID=2089) to work on /home/airflow/.local/lib/python3.8/site-packages/airflow/example_dags/example_trigger_controller_dag.py
[2023-10-11T07:05:33.940+0000] {processor.py:829} INFO - Processing file /home/airflow/.local/lib/python3.8/site-packages/airflow/example_dags/example_trigger_controller_dag.py for tasks to queue
[2023-10-11T07:05:33.941+0000] {logging_mixin.py:151} INFO - [2023-10-11T07:05:33.940+0000] {dagbag.py:539} INFO - Filling up the DagBag from /home/airflow/.local/lib/python3.8/site-packages/airflow/example_dags/example_trigger_controller_dag.py
[2023-10-11T07:05:33.946+0000] {processor.py:839} INFO - DAG(s) dict_keys(['example_trigger_controller_dag']) retrieved from /home/airflow/.local/lib/python3.8/site-packages/airflow/example_dags/example_trigger_controller_dag.py
[2023-10-11T07:05:33.991+0000] {logging_mixin.py:151} INFO - [2023-10-11T07:05:33.990+0000] {dag.py:2915} INFO - Sync 1 DAGs
[2023-10-11T07:05:34.010+0000] {logging_mixin.py:151} INFO - [2023-10-11T07:05:34.010+0000] {dag.py:3696} INFO - Setting next_dagrun for example_trigger_controller_dag to 2021-01-01T00:00:00+00:00, run_after=2021-01-01T00:00:00+00:00
[2023-10-11T07:05:34.021+0000] {processor.py:179} INFO - Processing /home/airflow/.local/lib/python3.8/site-packages/airflow/example_dags/example_trigger_controller_dag.py took 0.085 seconds
[2023-10-11T07:06:04.319+0000] {processor.py:157} INFO - Started process (PID=2327) to work on /home/airflow/.local/lib/python3.8/site-packages/airflow/example_dags/example_trigger_controller_dag.py
[2023-10-11T07:06:04.320+0000] {processor.py:829} INFO - Processing file /home/airflow/.local/lib/python3.8/site-packages/airflow/example_dags/example_trigger_controller_dag.py for tasks to queue
[2023-10-11T07:06:04.321+0000] {logging_mixin.py:151} INFO - [2023-10-11T07:06:04.320+0000] {dagbag.py:539} INFO - Filling up the DagBag from /home/airflow/.local/lib/python3.8/site-packages/airflow/example_dags/example_trigger_controller_dag.py
[2023-10-11T07:06:04.324+0000] {processor.py:839} INFO - DAG(s) dict_keys(['example_trigger_controller_dag']) retrieved from /home/airflow/.local/lib/python3.8/site-packages/airflow/example_dags/example_trigger_controller_dag.py
[2023-10-11T07:06:04.339+0000] {logging_mixin.py:151} INFO - [2023-10-11T07:06:04.338+0000] {dag.py:2915} INFO - Sync 1 DAGs
[2023-10-11T07:06:04.354+0000] {logging_mixin.py:151} INFO - [2023-10-11T07:06:04.354+0000] {dag.py:3696} INFO - Setting next_dagrun for example_trigger_controller_dag to 2021-01-01T00:00:00+00:00, run_after=2021-01-01T00:00:00+00:00
[2023-10-11T07:06:04.379+0000] {processor.py:179} INFO - Processing /home/airflow/.local/lib/python3.8/site-packages/airflow/example_dags/example_trigger_controller_dag.py took 0.062 seconds
[2023-10-11T07:06:34.845+0000] {processor.py:157} INFO - Started process (PID=2572) to work on /home/airflow/.local/lib/python3.8/site-packages/airflow/example_dags/example_trigger_controller_dag.py
[2023-10-11T07:06:34.846+0000] {processor.py:829} INFO - Processing file /home/airflow/.local/lib/python3.8/site-packages/airflow/example_dags/example_trigger_controller_dag.py for tasks to queue
[2023-10-11T07:06:34.847+0000] {logging_mixin.py:151} INFO - [2023-10-11T07:06:34.846+0000] {dagbag.py:539} INFO - Filling up the DagBag from /home/airflow/.local/lib/python3.8/site-packages/airflow/example_dags/example_trigger_controller_dag.py
[2023-10-11T07:06:34.850+0000] {processor.py:839} INFO - DAG(s) dict_keys(['example_trigger_controller_dag']) retrieved from /home/airflow/.local/lib/python3.8/site-packages/airflow/example_dags/example_trigger_controller_dag.py
[2023-10-11T07:06:34.885+0000] {logging_mixin.py:151} INFO - [2023-10-11T07:06:34.884+0000] {dag.py:2915} INFO - Sync 1 DAGs
[2023-10-11T07:06:34.895+0000] {logging_mixin.py:151} INFO - [2023-10-11T07:06:34.895+0000] {dag.py:3696} INFO - Setting next_dagrun for example_trigger_controller_dag to 2021-01-01T00:00:00+00:00, run_after=2021-01-01T00:00:00+00:00
[2023-10-11T07:06:34.903+0000] {processor.py:179} INFO - Processing /home/airflow/.local/lib/python3.8/site-packages/airflow/example_dags/example_trigger_controller_dag.py took 0.060 seconds
[2023-10-11T07:07:05.441+0000] {processor.py:157} INFO - Started process (PID=2814) to work on /home/airflow/.local/lib/python3.8/site-packages/airflow/example_dags/example_trigger_controller_dag.py
[2023-10-11T07:07:05.442+0000] {processor.py:829} INFO - Processing file /home/airflow/.local/lib/python3.8/site-packages/airflow/example_dags/example_trigger_controller_dag.py for tasks to queue
[2023-10-11T07:07:05.443+0000] {logging_mixin.py:151} INFO - [2023-10-11T07:07:05.442+0000] {dagbag.py:539} INFO - Filling up the DagBag from /home/airflow/.local/lib/python3.8/site-packages/airflow/example_dags/example_trigger_controller_dag.py
[2023-10-11T07:07:05.447+0000] {processor.py:839} INFO - DAG(s) dict_keys(['example_trigger_controller_dag']) retrieved from /home/airflow/.local/lib/python3.8/site-packages/airflow/example_dags/example_trigger_controller_dag.py
[2023-10-11T07:07:05.488+0000] {logging_mixin.py:151} INFO - [2023-10-11T07:07:05.488+0000] {dag.py:2915} INFO - Sync 1 DAGs
[2023-10-11T07:07:05.502+0000] {logging_mixin.py:151} INFO - [2023-10-11T07:07:05.502+0000] {dag.py:3696} INFO - Setting next_dagrun for example_trigger_controller_dag to 2021-01-01T00:00:00+00:00, run_after=2021-01-01T00:00:00+00:00
[2023-10-11T07:07:05.514+0000] {processor.py:179} INFO - Processing /home/airflow/.local/lib/python3.8/site-packages/airflow/example_dags/example_trigger_controller_dag.py took 0.077 seconds
[2023-10-11T07:07:35.843+0000] {processor.py:157} INFO - Started process (PID=3054) to work on /home/airflow/.local/lib/python3.8/site-packages/airflow/example_dags/example_trigger_controller_dag.py
[2023-10-11T07:07:35.845+0000] {processor.py:829} INFO - Processing file /home/airflow/.local/lib/python3.8/site-packages/airflow/example_dags/example_trigger_controller_dag.py for tasks to queue
[2023-10-11T07:07:35.846+0000] {logging_mixin.py:151} INFO - [2023-10-11T07:07:35.846+0000] {dagbag.py:539} INFO - Filling up the DagBag from /home/airflow/.local/lib/python3.8/site-packages/airflow/example_dags/example_trigger_controller_dag.py
[2023-10-11T07:07:35.863+0000] {processor.py:839} INFO - DAG(s) dict_keys(['example_trigger_controller_dag']) retrieved from /home/airflow/.local/lib/python3.8/site-packages/airflow/example_dags/example_trigger_controller_dag.py
[2023-10-11T07:07:35.903+0000] {logging_mixin.py:151} INFO - [2023-10-11T07:07:35.902+0000] {dag.py:2915} INFO - Sync 1 DAGs
[2023-10-11T07:07:35.920+0000] {logging_mixin.py:151} INFO - [2023-10-11T07:07:35.920+0000] {dag.py:3696} INFO - Setting next_dagrun for example_trigger_controller_dag to 2021-01-01T00:00:00+00:00, run_after=2021-01-01T00:00:00+00:00
[2023-10-11T07:07:35.934+0000] {processor.py:179} INFO - Processing /home/airflow/.local/lib/python3.8/site-packages/airflow/example_dags/example_trigger_controller_dag.py took 0.095 seconds
[2023-10-11T07:08:06.832+0000] {processor.py:157} INFO - Started process (PID=3329) to work on /home/airflow/.local/lib/python3.8/site-packages/airflow/example_dags/example_trigger_controller_dag.py
[2023-10-11T07:08:06.833+0000] {processor.py:829} INFO - Processing file /home/airflow/.local/lib/python3.8/site-packages/airflow/example_dags/example_trigger_controller_dag.py for tasks to queue
[2023-10-11T07:08:06.834+0000] {logging_mixin.py:151} INFO - [2023-10-11T07:08:06.834+0000] {dagbag.py:539} INFO - Filling up the DagBag from /home/airflow/.local/lib/python3.8/site-packages/airflow/example_dags/example_trigger_controller_dag.py
[2023-10-11T07:08:06.838+0000] {processor.py:839} INFO - DAG(s) dict_keys(['example_trigger_controller_dag']) retrieved from /home/airflow/.local/lib/python3.8/site-packages/airflow/example_dags/example_trigger_controller_dag.py
[2023-10-11T07:08:06.856+0000] {logging_mixin.py:151} INFO - [2023-10-11T07:08:06.856+0000] {dag.py:2915} INFO - Sync 1 DAGs
[2023-10-11T07:08:06.884+0000] {logging_mixin.py:151} INFO - [2023-10-11T07:08:06.884+0000] {dag.py:3696} INFO - Setting next_dagrun for example_trigger_controller_dag to 2021-01-01T00:00:00+00:00, run_after=2021-01-01T00:00:00+00:00
[2023-10-11T07:08:06.918+0000] {processor.py:179} INFO - Processing /home/airflow/.local/lib/python3.8/site-packages/airflow/example_dags/example_trigger_controller_dag.py took 0.089 seconds
[2023-10-11T07:08:37.035+0000] {processor.py:157} INFO - Started process (PID=3572) to work on /home/airflow/.local/lib/python3.8/site-packages/airflow/example_dags/example_trigger_controller_dag.py
[2023-10-11T07:08:37.036+0000] {processor.py:829} INFO - Processing file /home/airflow/.local/lib/python3.8/site-packages/airflow/example_dags/example_trigger_controller_dag.py for tasks to queue
[2023-10-11T07:08:37.037+0000] {logging_mixin.py:151} INFO - [2023-10-11T07:08:37.036+0000] {dagbag.py:539} INFO - Filling up the DagBag from /home/airflow/.local/lib/python3.8/site-packages/airflow/example_dags/example_trigger_controller_dag.py
[2023-10-11T07:08:37.040+0000] {processor.py:839} INFO - DAG(s) dict_keys(['example_trigger_controller_dag']) retrieved from /home/airflow/.local/lib/python3.8/site-packages/airflow/example_dags/example_trigger_controller_dag.py
[2023-10-11T07:08:37.064+0000] {logging_mixin.py:151} INFO - [2023-10-11T07:08:37.064+0000] {dag.py:2915} INFO - Sync 1 DAGs
[2023-10-11T07:08:37.077+0000] {logging_mixin.py:151} INFO - [2023-10-11T07:08:37.077+0000] {dag.py:3696} INFO - Setting next_dagrun for example_trigger_controller_dag to 2021-01-01T00:00:00+00:00, run_after=2021-01-01T00:00:00+00:00
[2023-10-11T07:08:37.086+0000] {processor.py:179} INFO - Processing /home/airflow/.local/lib/python3.8/site-packages/airflow/example_dags/example_trigger_controller_dag.py took 0.053 seconds
[2023-10-11T07:09:08.003+0000] {processor.py:157} INFO - Started process (PID=3815) to work on /home/airflow/.local/lib/python3.8/site-packages/airflow/example_dags/example_trigger_controller_dag.py
[2023-10-11T07:09:08.004+0000] {processor.py:829} INFO - Processing file /home/airflow/.local/lib/python3.8/site-packages/airflow/example_dags/example_trigger_controller_dag.py for tasks to queue
[2023-10-11T07:09:08.005+0000] {logging_mixin.py:151} INFO - [2023-10-11T07:09:08.005+0000] {dagbag.py:539} INFO - Filling up the DagBag from /home/airflow/.local/lib/python3.8/site-packages/airflow/example_dags/example_trigger_controller_dag.py
[2023-10-11T07:09:08.011+0000] {processor.py:839} INFO - DAG(s) dict_keys(['example_trigger_controller_dag']) retrieved from /home/airflow/.local/lib/python3.8/site-packages/airflow/example_dags/example_trigger_controller_dag.py
[2023-10-11T07:09:08.028+0000] {logging_mixin.py:151} INFO - [2023-10-11T07:09:08.028+0000] {dag.py:2915} INFO - Sync 1 DAGs
[2023-10-11T07:09:08.039+0000] {logging_mixin.py:151} INFO - [2023-10-11T07:09:08.039+0000] {dag.py:3696} INFO - Setting next_dagrun for example_trigger_controller_dag to 2021-01-01T00:00:00+00:00, run_after=2021-01-01T00:00:00+00:00
[2023-10-11T07:09:08.049+0000] {processor.py:179} INFO - Processing /home/airflow/.local/lib/python3.8/site-packages/airflow/example_dags/example_trigger_controller_dag.py took 0.049 seconds
[2023-10-11T07:09:38.444+0000] {processor.py:157} INFO - Started process (PID=4058) to work on /home/airflow/.local/lib/python3.8/site-packages/airflow/example_dags/example_trigger_controller_dag.py
[2023-10-11T07:09:38.446+0000] {processor.py:829} INFO - Processing file /home/airflow/.local/lib/python3.8/site-packages/airflow/example_dags/example_trigger_controller_dag.py for tasks to queue
[2023-10-11T07:09:38.446+0000] {logging_mixin.py:151} INFO - [2023-10-11T07:09:38.446+0000] {dagbag.py:539} INFO - Filling up the DagBag from /home/airflow/.local/lib/python3.8/site-packages/airflow/example_dags/example_trigger_controller_dag.py
[2023-10-11T07:09:38.452+0000] {processor.py:839} INFO - DAG(s) dict_keys(['example_trigger_controller_dag']) retrieved from /home/airflow/.local/lib/python3.8/site-packages/airflow/example_dags/example_trigger_controller_dag.py
[2023-10-11T07:09:38.492+0000] {logging_mixin.py:151} INFO - [2023-10-11T07:09:38.491+0000] {dag.py:2915} INFO - Sync 1 DAGs
[2023-10-11T07:09:38.505+0000] {logging_mixin.py:151} INFO - [2023-10-11T07:09:38.504+0000] {dag.py:3696} INFO - Setting next_dagrun for example_trigger_controller_dag to 2021-01-01T00:00:00+00:00, run_after=2021-01-01T00:00:00+00:00
[2023-10-11T07:09:38.516+0000] {processor.py:179} INFO - Processing /home/airflow/.local/lib/python3.8/site-packages/airflow/example_dags/example_trigger_controller_dag.py took 0.075 seconds
[2023-10-11T07:10:09.226+0000] {processor.py:157} INFO - Started process (PID=4301) to work on /home/airflow/.local/lib/python3.8/site-packages/airflow/example_dags/example_trigger_controller_dag.py
[2023-10-11T07:10:09.227+0000] {processor.py:829} INFO - Processing file /home/airflow/.local/lib/python3.8/site-packages/airflow/example_dags/example_trigger_controller_dag.py for tasks to queue
[2023-10-11T07:10:09.228+0000] {logging_mixin.py:151} INFO - [2023-10-11T07:10:09.228+0000] {dagbag.py:539} INFO - Filling up the DagBag from /home/airflow/.local/lib/python3.8/site-packages/airflow/example_dags/example_trigger_controller_dag.py
[2023-10-11T07:10:09.233+0000] {processor.py:839} INFO - DAG(s) dict_keys(['example_trigger_controller_dag']) retrieved from /home/airflow/.local/lib/python3.8/site-packages/airflow/example_dags/example_trigger_controller_dag.py
[2023-10-11T07:10:09.257+0000] {logging_mixin.py:151} INFO - [2023-10-11T07:10:09.256+0000] {dag.py:2915} INFO - Sync 1 DAGs
[2023-10-11T07:10:09.286+0000] {logging_mixin.py:151} INFO - [2023-10-11T07:10:09.286+0000] {dag.py:3696} INFO - Setting next_dagrun for example_trigger_controller_dag to 2021-01-01T00:00:00+00:00, run_after=2021-01-01T00:00:00+00:00
[2023-10-11T07:10:09.301+0000] {processor.py:179} INFO - Processing /home/airflow/.local/lib/python3.8/site-packages/airflow/example_dags/example_trigger_controller_dag.py took 0.078 seconds
[2023-10-11T07:10:39.594+0000] {processor.py:157} INFO - Started process (PID=4544) to work on /home/airflow/.local/lib/python3.8/site-packages/airflow/example_dags/example_trigger_controller_dag.py
[2023-10-11T07:10:39.598+0000] {processor.py:829} INFO - Processing file /home/airflow/.local/lib/python3.8/site-packages/airflow/example_dags/example_trigger_controller_dag.py for tasks to queue
[2023-10-11T07:10:39.599+0000] {logging_mixin.py:151} INFO - [2023-10-11T07:10:39.599+0000] {dagbag.py:539} INFO - Filling up the DagBag from /home/airflow/.local/lib/python3.8/site-packages/airflow/example_dags/example_trigger_controller_dag.py
[2023-10-11T07:10:39.613+0000] {processor.py:839} INFO - DAG(s) dict_keys(['example_trigger_controller_dag']) retrieved from /home/airflow/.local/lib/python3.8/site-packages/airflow/example_dags/example_trigger_controller_dag.py
[2023-10-11T07:10:39.639+0000] {logging_mixin.py:151} INFO - [2023-10-11T07:10:39.639+0000] {dag.py:2915} INFO - Sync 1 DAGs
[2023-10-11T07:10:39.665+0000] {logging_mixin.py:151} INFO - [2023-10-11T07:10:39.665+0000] {dag.py:3696} INFO - Setting next_dagrun for example_trigger_controller_dag to 2021-01-01T00:00:00+00:00, run_after=2021-01-01T00:00:00+00:00
[2023-10-11T07:10:39.695+0000] {processor.py:179} INFO - Processing /home/airflow/.local/lib/python3.8/site-packages/airflow/example_dags/example_trigger_controller_dag.py took 0.108 seconds
[2023-10-11T07:11:10.184+0000] {processor.py:157} INFO - Started process (PID=4787) to work on /home/airflow/.local/lib/python3.8/site-packages/airflow/example_dags/example_trigger_controller_dag.py
[2023-10-11T07:11:10.186+0000] {processor.py:829} INFO - Processing file /home/airflow/.local/lib/python3.8/site-packages/airflow/example_dags/example_trigger_controller_dag.py for tasks to queue
[2023-10-11T07:11:10.187+0000] {logging_mixin.py:151} INFO - [2023-10-11T07:11:10.187+0000] {dagbag.py:539} INFO - Filling up the DagBag from /home/airflow/.local/lib/python3.8/site-packages/airflow/example_dags/example_trigger_controller_dag.py
[2023-10-11T07:11:10.196+0000] {processor.py:839} INFO - DAG(s) dict_keys(['example_trigger_controller_dag']) retrieved from /home/airflow/.local/lib/python3.8/site-packages/airflow/example_dags/example_trigger_controller_dag.py
[2023-10-11T07:11:10.216+0000] {logging_mixin.py:151} INFO - [2023-10-11T07:11:10.215+0000] {dag.py:2915} INFO - Sync 1 DAGs
[2023-10-11T07:11:10.231+0000] {logging_mixin.py:151} INFO - [2023-10-11T07:11:10.231+0000] {dag.py:3696} INFO - Setting next_dagrun for example_trigger_controller_dag to 2021-01-01T00:00:00+00:00, run_after=2021-01-01T00:00:00+00:00
[2023-10-11T07:11:10.244+0000] {processor.py:179} INFO - Processing /home/airflow/.local/lib/python3.8/site-packages/airflow/example_dags/example_trigger_controller_dag.py took 0.064 seconds
[2023-10-11T07:11:40.436+0000] {processor.py:157} INFO - Started process (PID=5030) to work on /home/airflow/.local/lib/python3.8/site-packages/airflow/example_dags/example_trigger_controller_dag.py
[2023-10-11T07:11:40.437+0000] {processor.py:829} INFO - Processing file /home/airflow/.local/lib/python3.8/site-packages/airflow/example_dags/example_trigger_controller_dag.py for tasks to queue
[2023-10-11T07:11:40.437+0000] {logging_mixin.py:151} INFO - [2023-10-11T07:11:40.437+0000] {dagbag.py:539} INFO - Filling up the DagBag from /home/airflow/.local/lib/python3.8/site-packages/airflow/example_dags/example_trigger_controller_dag.py
[2023-10-11T07:11:40.441+0000] {processor.py:839} INFO - DAG(s) dict_keys(['example_trigger_controller_dag']) retrieved from /home/airflow/.local/lib/python3.8/site-packages/airflow/example_dags/example_trigger_controller_dag.py
[2023-10-11T07:11:40.473+0000] {logging_mixin.py:151} INFO - [2023-10-11T07:11:40.473+0000] {dag.py:2915} INFO - Sync 1 DAGs
[2023-10-11T07:11:40.491+0000] {logging_mixin.py:151} INFO - [2023-10-11T07:11:40.491+0000] {dag.py:3696} INFO - Setting next_dagrun for example_trigger_controller_dag to 2021-01-01T00:00:00+00:00, run_after=2021-01-01T00:00:00+00:00
[2023-10-11T07:11:40.501+0000] {processor.py:179} INFO - Processing /home/airflow/.local/lib/python3.8/site-packages/airflow/example_dags/example_trigger_controller_dag.py took 0.067 seconds
[2023-10-11T07:12:11.256+0000] {processor.py:157} INFO - Started process (PID=5273) to work on /home/airflow/.local/lib/python3.8/site-packages/airflow/example_dags/example_trigger_controller_dag.py
[2023-10-11T07:12:11.259+0000] {processor.py:829} INFO - Processing file /home/airflow/.local/lib/python3.8/site-packages/airflow/example_dags/example_trigger_controller_dag.py for tasks to queue
[2023-10-11T07:12:11.261+0000] {logging_mixin.py:151} INFO - [2023-10-11T07:12:11.261+0000] {dagbag.py:539} INFO - Filling up the DagBag from /home/airflow/.local/lib/python3.8/site-packages/airflow/example_dags/example_trigger_controller_dag.py
[2023-10-11T07:12:11.275+0000] {processor.py:839} INFO - DAG(s) dict_keys(['example_trigger_controller_dag']) retrieved from /home/airflow/.local/lib/python3.8/site-packages/airflow/example_dags/example_trigger_controller_dag.py
[2023-10-11T07:12:11.298+0000] {logging_mixin.py:151} INFO - [2023-10-11T07:12:11.298+0000] {dag.py:2915} INFO - Sync 1 DAGs
[2023-10-11T07:12:11.310+0000] {logging_mixin.py:151} INFO - [2023-10-11T07:12:11.309+0000] {dag.py:3696} INFO - Setting next_dagrun for example_trigger_controller_dag to 2021-01-01T00:00:00+00:00, run_after=2021-01-01T00:00:00+00:00
[2023-10-11T07:12:11.322+0000] {processor.py:179} INFO - Processing /home/airflow/.local/lib/python3.8/site-packages/airflow/example_dags/example_trigger_controller_dag.py took 0.070 seconds
[2023-10-11T07:12:41.411+0000] {processor.py:157} INFO - Started process (PID=5518) to work on /home/airflow/.local/lib/python3.8/site-packages/airflow/example_dags/example_trigger_controller_dag.py
[2023-10-11T07:12:41.413+0000] {processor.py:829} INFO - Processing file /home/airflow/.local/lib/python3.8/site-packages/airflow/example_dags/example_trigger_controller_dag.py for tasks to queue
[2023-10-11T07:12:41.413+0000] {logging_mixin.py:151} INFO - [2023-10-11T07:12:41.413+0000] {dagbag.py:539} INFO - Filling up the DagBag from /home/airflow/.local/lib/python3.8/site-packages/airflow/example_dags/example_trigger_controller_dag.py
[2023-10-11T07:12:41.417+0000] {processor.py:839} INFO - DAG(s) dict_keys(['example_trigger_controller_dag']) retrieved from /home/airflow/.local/lib/python3.8/site-packages/airflow/example_dags/example_trigger_controller_dag.py
[2023-10-11T07:12:41.431+0000] {logging_mixin.py:151} INFO - [2023-10-11T07:12:41.431+0000] {dag.py:2915} INFO - Sync 1 DAGs
[2023-10-11T07:12:41.442+0000] {logging_mixin.py:151} INFO - [2023-10-11T07:12:41.442+0000] {dag.py:3696} INFO - Setting next_dagrun for example_trigger_controller_dag to 2021-01-01T00:00:00+00:00, run_after=2021-01-01T00:00:00+00:00
[2023-10-11T07:12:41.457+0000] {processor.py:179} INFO - Processing /home/airflow/.local/lib/python3.8/site-packages/airflow/example_dags/example_trigger_controller_dag.py took 0.048 seconds
[2023-10-11T07:13:12.021+0000] {processor.py:157} INFO - Started process (PID=5759) to work on /home/airflow/.local/lib/python3.8/site-packages/airflow/example_dags/example_trigger_controller_dag.py
[2023-10-11T07:13:12.022+0000] {processor.py:829} INFO - Processing file /home/airflow/.local/lib/python3.8/site-packages/airflow/example_dags/example_trigger_controller_dag.py for tasks to queue
[2023-10-11T07:13:12.023+0000] {logging_mixin.py:151} INFO - [2023-10-11T07:13:12.022+0000] {dagbag.py:539} INFO - Filling up the DagBag from /home/airflow/.local/lib/python3.8/site-packages/airflow/example_dags/example_trigger_controller_dag.py
[2023-10-11T07:13:12.026+0000] {processor.py:839} INFO - DAG(s) dict_keys(['example_trigger_controller_dag']) retrieved from /home/airflow/.local/lib/python3.8/site-packages/airflow/example_dags/example_trigger_controller_dag.py
[2023-10-11T07:13:12.042+0000] {logging_mixin.py:151} INFO - [2023-10-11T07:13:12.042+0000] {dag.py:2915} INFO - Sync 1 DAGs
[2023-10-11T07:13:12.059+0000] {logging_mixin.py:151} INFO - [2023-10-11T07:13:12.058+0000] {dag.py:3696} INFO - Setting next_dagrun for example_trigger_controller_dag to 2021-01-01T00:00:00+00:00, run_after=2021-01-01T00:00:00+00:00
[2023-10-11T07:13:12.076+0000] {processor.py:179} INFO - Processing /home/airflow/.local/lib/python3.8/site-packages/airflow/example_dags/example_trigger_controller_dag.py took 0.058 seconds
[2023-10-11T07:13:42.647+0000] {processor.py:157} INFO - Started process (PID=6002) to work on /home/airflow/.local/lib/python3.8/site-packages/airflow/example_dags/example_trigger_controller_dag.py
[2023-10-11T07:13:42.669+0000] {processor.py:829} INFO - Processing file /home/airflow/.local/lib/python3.8/site-packages/airflow/example_dags/example_trigger_controller_dag.py for tasks to queue
[2023-10-11T07:13:42.670+0000] {logging_mixin.py:151} INFO - [2023-10-11T07:13:42.670+0000] {dagbag.py:539} INFO - Filling up the DagBag from /home/airflow/.local/lib/python3.8/site-packages/airflow/example_dags/example_trigger_controller_dag.py
[2023-10-11T07:13:42.677+0000] {processor.py:839} INFO - DAG(s) dict_keys(['example_trigger_controller_dag']) retrieved from /home/airflow/.local/lib/python3.8/site-packages/airflow/example_dags/example_trigger_controller_dag.py
[2023-10-11T07:13:42.697+0000] {logging_mixin.py:151} INFO - [2023-10-11T07:13:42.697+0000] {dag.py:2915} INFO - Sync 1 DAGs
[2023-10-11T07:13:42.715+0000] {logging_mixin.py:151} INFO - [2023-10-11T07:13:42.715+0000] {dag.py:3696} INFO - Setting next_dagrun for example_trigger_controller_dag to 2021-01-01T00:00:00+00:00, run_after=2021-01-01T00:00:00+00:00
[2023-10-11T07:13:42.726+0000] {processor.py:179} INFO - Processing /home/airflow/.local/lib/python3.8/site-packages/airflow/example_dags/example_trigger_controller_dag.py took 0.082 seconds
[2023-10-11T07:14:13.185+0000] {processor.py:157} INFO - Started process (PID=6245) to work on /home/airflow/.local/lib/python3.8/site-packages/airflow/example_dags/example_trigger_controller_dag.py
[2023-10-11T07:14:13.186+0000] {processor.py:829} INFO - Processing file /home/airflow/.local/lib/python3.8/site-packages/airflow/example_dags/example_trigger_controller_dag.py for tasks to queue
[2023-10-11T07:14:13.187+0000] {logging_mixin.py:151} INFO - [2023-10-11T07:14:13.187+0000] {dagbag.py:539} INFO - Filling up the DagBag from /home/airflow/.local/lib/python3.8/site-packages/airflow/example_dags/example_trigger_controller_dag.py
[2023-10-11T07:14:13.191+0000] {processor.py:839} INFO - DAG(s) dict_keys(['example_trigger_controller_dag']) retrieved from /home/airflow/.local/lib/python3.8/site-packages/airflow/example_dags/example_trigger_controller_dag.py
[2023-10-11T07:14:13.204+0000] {logging_mixin.py:151} INFO - [2023-10-11T07:14:13.204+0000] {dag.py:2915} INFO - Sync 1 DAGs
[2023-10-11T07:14:13.215+0000] {logging_mixin.py:151} INFO - [2023-10-11T07:14:13.215+0000] {dag.py:3696} INFO - Setting next_dagrun for example_trigger_controller_dag to 2021-01-01T00:00:00+00:00, run_after=2021-01-01T00:00:00+00:00
[2023-10-11T07:14:13.224+0000] {processor.py:179} INFO - Processing /home/airflow/.local/lib/python3.8/site-packages/airflow/example_dags/example_trigger_controller_dag.py took 0.041 seconds
[2023-10-11T07:14:43.578+0000] {processor.py:157} INFO - Started process (PID=6488) to work on /home/airflow/.local/lib/python3.8/site-packages/airflow/example_dags/example_trigger_controller_dag.py
[2023-10-11T07:14:43.579+0000] {processor.py:829} INFO - Processing file /home/airflow/.local/lib/python3.8/site-packages/airflow/example_dags/example_trigger_controller_dag.py for tasks to queue
[2023-10-11T07:14:43.580+0000] {logging_mixin.py:151} INFO - [2023-10-11T07:14:43.580+0000] {dagbag.py:539} INFO - Filling up the DagBag from /home/airflow/.local/lib/python3.8/site-packages/airflow/example_dags/example_trigger_controller_dag.py
[2023-10-11T07:14:43.583+0000] {processor.py:839} INFO - DAG(s) dict_keys(['example_trigger_controller_dag']) retrieved from /home/airflow/.local/lib/python3.8/site-packages/airflow/example_dags/example_trigger_controller_dag.py
[2023-10-11T07:14:43.597+0000] {logging_mixin.py:151} INFO - [2023-10-11T07:14:43.597+0000] {dag.py:2915} INFO - Sync 1 DAGs
[2023-10-11T07:14:43.608+0000] {logging_mixin.py:151} INFO - [2023-10-11T07:14:43.608+0000] {dag.py:3696} INFO - Setting next_dagrun for example_trigger_controller_dag to 2021-01-01T00:00:00+00:00, run_after=2021-01-01T00:00:00+00:00
[2023-10-11T07:14:43.616+0000] {processor.py:179} INFO - Processing /home/airflow/.local/lib/python3.8/site-packages/airflow/example_dags/example_trigger_controller_dag.py took 0.040 seconds
[2023-10-11T07:15:14.089+0000] {processor.py:157} INFO - Started process (PID=6731) to work on /home/airflow/.local/lib/python3.8/site-packages/airflow/example_dags/example_trigger_controller_dag.py
[2023-10-11T07:15:14.090+0000] {processor.py:829} INFO - Processing file /home/airflow/.local/lib/python3.8/site-packages/airflow/example_dags/example_trigger_controller_dag.py for tasks to queue
[2023-10-11T07:15:14.090+0000] {logging_mixin.py:151} INFO - [2023-10-11T07:15:14.090+0000] {dagbag.py:539} INFO - Filling up the DagBag from /home/airflow/.local/lib/python3.8/site-packages/airflow/example_dags/example_trigger_controller_dag.py
[2023-10-11T07:15:14.094+0000] {processor.py:839} INFO - DAG(s) dict_keys(['example_trigger_controller_dag']) retrieved from /home/airflow/.local/lib/python3.8/site-packages/airflow/example_dags/example_trigger_controller_dag.py
[2023-10-11T07:15:14.108+0000] {logging_mixin.py:151} INFO - [2023-10-11T07:15:14.108+0000] {dag.py:2915} INFO - Sync 1 DAGs
[2023-10-11T07:15:14.120+0000] {logging_mixin.py:151} INFO - [2023-10-11T07:15:14.120+0000] {dag.py:3696} INFO - Setting next_dagrun for example_trigger_controller_dag to 2021-01-01T00:00:00+00:00, run_after=2021-01-01T00:00:00+00:00
[2023-10-11T07:15:14.130+0000] {processor.py:179} INFO - Processing /home/airflow/.local/lib/python3.8/site-packages/airflow/example_dags/example_trigger_controller_dag.py took 0.043 seconds
[2023-10-11T07:15:44.744+0000] {processor.py:157} INFO - Started process (PID=6976) to work on /home/airflow/.local/lib/python3.8/site-packages/airflow/example_dags/example_trigger_controller_dag.py
[2023-10-11T07:15:44.744+0000] {processor.py:829} INFO - Processing file /home/airflow/.local/lib/python3.8/site-packages/airflow/example_dags/example_trigger_controller_dag.py for tasks to queue
[2023-10-11T07:15:44.745+0000] {logging_mixin.py:151} INFO - [2023-10-11T07:15:44.745+0000] {dagbag.py:539} INFO - Filling up the DagBag from /home/airflow/.local/lib/python3.8/site-packages/airflow/example_dags/example_trigger_controller_dag.py
[2023-10-11T07:15:44.750+0000] {processor.py:839} INFO - DAG(s) dict_keys(['example_trigger_controller_dag']) retrieved from /home/airflow/.local/lib/python3.8/site-packages/airflow/example_dags/example_trigger_controller_dag.py
[2023-10-11T07:15:44.786+0000] {logging_mixin.py:151} INFO - [2023-10-11T07:15:44.786+0000] {dag.py:2915} INFO - Sync 1 DAGs
[2023-10-11T07:15:44.797+0000] {logging_mixin.py:151} INFO - [2023-10-11T07:15:44.797+0000] {dag.py:3696} INFO - Setting next_dagrun for example_trigger_controller_dag to 2021-01-01T00:00:00+00:00, run_after=2021-01-01T00:00:00+00:00
[2023-10-11T07:15:44.807+0000] {processor.py:179} INFO - Processing /home/airflow/.local/lib/python3.8/site-packages/airflow/example_dags/example_trigger_controller_dag.py took 0.066 seconds
[2023-10-11T07:16:15.285+0000] {processor.py:157} INFO - Started process (PID=7217) to work on /home/airflow/.local/lib/python3.8/site-packages/airflow/example_dags/example_trigger_controller_dag.py
[2023-10-11T07:16:15.286+0000] {processor.py:829} INFO - Processing file /home/airflow/.local/lib/python3.8/site-packages/airflow/example_dags/example_trigger_controller_dag.py for tasks to queue
[2023-10-11T07:16:15.287+0000] {logging_mixin.py:151} INFO - [2023-10-11T07:16:15.287+0000] {dagbag.py:539} INFO - Filling up the DagBag from /home/airflow/.local/lib/python3.8/site-packages/airflow/example_dags/example_trigger_controller_dag.py
[2023-10-11T07:16:15.294+0000] {processor.py:839} INFO - DAG(s) dict_keys(['example_trigger_controller_dag']) retrieved from /home/airflow/.local/lib/python3.8/site-packages/airflow/example_dags/example_trigger_controller_dag.py
[2023-10-11T07:16:15.316+0000] {logging_mixin.py:151} INFO - [2023-10-11T07:16:15.315+0000] {dag.py:2915} INFO - Sync 1 DAGs
[2023-10-11T07:16:15.331+0000] {logging_mixin.py:151} INFO - [2023-10-11T07:16:15.330+0000] {dag.py:3696} INFO - Setting next_dagrun for example_trigger_controller_dag to 2021-01-01T00:00:00+00:00, run_after=2021-01-01T00:00:00+00:00
[2023-10-11T07:16:15.343+0000] {processor.py:179} INFO - Processing /home/airflow/.local/lib/python3.8/site-packages/airflow/example_dags/example_trigger_controller_dag.py took 0.061 seconds
[2023-10-11T07:16:45.802+0000] {processor.py:157} INFO - Started process (PID=7460) to work on /home/airflow/.local/lib/python3.8/site-packages/airflow/example_dags/example_trigger_controller_dag.py
[2023-10-11T07:16:45.803+0000] {processor.py:829} INFO - Processing file /home/airflow/.local/lib/python3.8/site-packages/airflow/example_dags/example_trigger_controller_dag.py for tasks to queue
[2023-10-11T07:16:45.804+0000] {logging_mixin.py:151} INFO - [2023-10-11T07:16:45.803+0000] {dagbag.py:539} INFO - Filling up the DagBag from /home/airflow/.local/lib/python3.8/site-packages/airflow/example_dags/example_trigger_controller_dag.py
[2023-10-11T07:16:45.808+0000] {processor.py:839} INFO - DAG(s) dict_keys(['example_trigger_controller_dag']) retrieved from /home/airflow/.local/lib/python3.8/site-packages/airflow/example_dags/example_trigger_controller_dag.py
[2023-10-11T07:16:45.824+0000] {logging_mixin.py:151} INFO - [2023-10-11T07:16:45.824+0000] {dag.py:2915} INFO - Sync 1 DAGs
[2023-10-11T07:16:45.865+0000] {logging_mixin.py:151} INFO - [2023-10-11T07:16:45.865+0000] {dag.py:3696} INFO - Setting next_dagrun for example_trigger_controller_dag to 2021-01-01T00:00:00+00:00, run_after=2021-01-01T00:00:00+00:00
[2023-10-11T07:16:45.896+0000] {processor.py:179} INFO - Processing /home/airflow/.local/lib/python3.8/site-packages/airflow/example_dags/example_trigger_controller_dag.py took 0.096 seconds
[2023-10-11T07:17:16.525+0000] {processor.py:157} INFO - Started process (PID=7703) to work on /home/airflow/.local/lib/python3.8/site-packages/airflow/example_dags/example_trigger_controller_dag.py
[2023-10-11T07:17:16.526+0000] {processor.py:829} INFO - Processing file /home/airflow/.local/lib/python3.8/site-packages/airflow/example_dags/example_trigger_controller_dag.py for tasks to queue
[2023-10-11T07:17:16.527+0000] {logging_mixin.py:151} INFO - [2023-10-11T07:17:16.526+0000] {dagbag.py:539} INFO - Filling up the DagBag from /home/airflow/.local/lib/python3.8/site-packages/airflow/example_dags/example_trigger_controller_dag.py
[2023-10-11T07:17:16.532+0000] {processor.py:839} INFO - DAG(s) dict_keys(['example_trigger_controller_dag']) retrieved from /home/airflow/.local/lib/python3.8/site-packages/airflow/example_dags/example_trigger_controller_dag.py
[2023-10-11T07:17:16.569+0000] {logging_mixin.py:151} INFO - [2023-10-11T07:17:16.568+0000] {dag.py:2915} INFO - Sync 1 DAGs
[2023-10-11T07:17:16.605+0000] {logging_mixin.py:151} INFO - [2023-10-11T07:17:16.604+0000] {dag.py:3696} INFO - Setting next_dagrun for example_trigger_controller_dag to 2021-01-01T00:00:00+00:00, run_after=2021-01-01T00:00:00+00:00
[2023-10-11T07:17:16.623+0000] {processor.py:179} INFO - Processing /home/airflow/.local/lib/python3.8/site-packages/airflow/example_dags/example_trigger_controller_dag.py took 0.102 seconds
[2023-10-11T07:17:47.101+0000] {processor.py:157} INFO - Started process (PID=7946) to work on /home/airflow/.local/lib/python3.8/site-packages/airflow/example_dags/example_trigger_controller_dag.py
[2023-10-11T07:17:47.105+0000] {processor.py:829} INFO - Processing file /home/airflow/.local/lib/python3.8/site-packages/airflow/example_dags/example_trigger_controller_dag.py for tasks to queue
[2023-10-11T07:17:47.108+0000] {logging_mixin.py:151} INFO - [2023-10-11T07:17:47.107+0000] {dagbag.py:539} INFO - Filling up the DagBag from /home/airflow/.local/lib/python3.8/site-packages/airflow/example_dags/example_trigger_controller_dag.py
[2023-10-11T07:17:47.119+0000] {processor.py:839} INFO - DAG(s) dict_keys(['example_trigger_controller_dag']) retrieved from /home/airflow/.local/lib/python3.8/site-packages/airflow/example_dags/example_trigger_controller_dag.py
[2023-10-11T07:17:47.174+0000] {logging_mixin.py:151} INFO - [2023-10-11T07:17:47.173+0000] {dag.py:2915} INFO - Sync 1 DAGs
[2023-10-11T07:17:47.222+0000] {logging_mixin.py:151} INFO - [2023-10-11T07:17:47.221+0000] {dag.py:3696} INFO - Setting next_dagrun for example_trigger_controller_dag to 2021-01-01T00:00:00+00:00, run_after=2021-01-01T00:00:00+00:00
[2023-10-11T07:17:47.264+0000] {processor.py:179} INFO - Processing /home/airflow/.local/lib/python3.8/site-packages/airflow/example_dags/example_trigger_controller_dag.py took 0.171 seconds
[2023-10-11T07:18:17.852+0000] {processor.py:157} INFO - Started process (PID=8189) to work on /home/airflow/.local/lib/python3.8/site-packages/airflow/example_dags/example_trigger_controller_dag.py
[2023-10-11T07:18:17.856+0000] {processor.py:829} INFO - Processing file /home/airflow/.local/lib/python3.8/site-packages/airflow/example_dags/example_trigger_controller_dag.py for tasks to queue
[2023-10-11T07:18:17.859+0000] {logging_mixin.py:151} INFO - [2023-10-11T07:18:17.859+0000] {dagbag.py:539} INFO - Filling up the DagBag from /home/airflow/.local/lib/python3.8/site-packages/airflow/example_dags/example_trigger_controller_dag.py
[2023-10-11T07:18:17.879+0000] {processor.py:839} INFO - DAG(s) dict_keys(['example_trigger_controller_dag']) retrieved from /home/airflow/.local/lib/python3.8/site-packages/airflow/example_dags/example_trigger_controller_dag.py
[2023-10-11T07:18:17.914+0000] {logging_mixin.py:151} INFO - [2023-10-11T07:18:17.914+0000] {dag.py:2915} INFO - Sync 1 DAGs
[2023-10-11T07:18:17.939+0000] {logging_mixin.py:151} INFO - [2023-10-11T07:18:17.939+0000] {dag.py:3696} INFO - Setting next_dagrun for example_trigger_controller_dag to 2021-01-01T00:00:00+00:00, run_after=2021-01-01T00:00:00+00:00
[2023-10-11T07:18:17.983+0000] {processor.py:179} INFO - Processing /home/airflow/.local/lib/python3.8/site-packages/airflow/example_dags/example_trigger_controller_dag.py took 0.143 seconds
[2023-10-11T07:18:48.413+0000] {processor.py:157} INFO - Started process (PID=8432) to work on /home/airflow/.local/lib/python3.8/site-packages/airflow/example_dags/example_trigger_controller_dag.py
[2023-10-11T07:18:48.415+0000] {processor.py:829} INFO - Processing file /home/airflow/.local/lib/python3.8/site-packages/airflow/example_dags/example_trigger_controller_dag.py for tasks to queue
[2023-10-11T07:18:48.416+0000] {logging_mixin.py:151} INFO - [2023-10-11T07:18:48.415+0000] {dagbag.py:539} INFO - Filling up the DagBag from /home/airflow/.local/lib/python3.8/site-packages/airflow/example_dags/example_trigger_controller_dag.py
[2023-10-11T07:18:48.424+0000] {processor.py:839} INFO - DAG(s) dict_keys(['example_trigger_controller_dag']) retrieved from /home/airflow/.local/lib/python3.8/site-packages/airflow/example_dags/example_trigger_controller_dag.py
[2023-10-11T07:18:48.485+0000] {logging_mixin.py:151} INFO - [2023-10-11T07:18:48.485+0000] {dag.py:2915} INFO - Sync 1 DAGs
[2023-10-11T07:18:48.505+0000] {logging_mixin.py:151} INFO - [2023-10-11T07:18:48.504+0000] {dag.py:3696} INFO - Setting next_dagrun for example_trigger_controller_dag to 2021-01-01T00:00:00+00:00, run_after=2021-01-01T00:00:00+00:00
[2023-10-11T07:18:48.520+0000] {processor.py:179} INFO - Processing /home/airflow/.local/lib/python3.8/site-packages/airflow/example_dags/example_trigger_controller_dag.py took 0.110 seconds
[2023-10-11T07:19:18.670+0000] {processor.py:157} INFO - Started process (PID=8675) to work on /home/airflow/.local/lib/python3.8/site-packages/airflow/example_dags/example_trigger_controller_dag.py
[2023-10-11T07:19:18.671+0000] {processor.py:829} INFO - Processing file /home/airflow/.local/lib/python3.8/site-packages/airflow/example_dags/example_trigger_controller_dag.py for tasks to queue
[2023-10-11T07:19:18.672+0000] {logging_mixin.py:151} INFO - [2023-10-11T07:19:18.672+0000] {dagbag.py:539} INFO - Filling up the DagBag from /home/airflow/.local/lib/python3.8/site-packages/airflow/example_dags/example_trigger_controller_dag.py
[2023-10-11T07:19:18.676+0000] {processor.py:839} INFO - DAG(s) dict_keys(['example_trigger_controller_dag']) retrieved from /home/airflow/.local/lib/python3.8/site-packages/airflow/example_dags/example_trigger_controller_dag.py
[2023-10-11T07:19:18.697+0000] {logging_mixin.py:151} INFO - [2023-10-11T07:19:18.697+0000] {dag.py:2915} INFO - Sync 1 DAGs
[2023-10-11T07:19:18.716+0000] {logging_mixin.py:151} INFO - [2023-10-11T07:19:18.715+0000] {dag.py:3696} INFO - Setting next_dagrun for example_trigger_controller_dag to 2021-01-01T00:00:00+00:00, run_after=2021-01-01T00:00:00+00:00
[2023-10-11T07:19:18.728+0000] {processor.py:179} INFO - Processing /home/airflow/.local/lib/python3.8/site-packages/airflow/example_dags/example_trigger_controller_dag.py took 0.063 seconds
[2023-10-11T07:19:49.279+0000] {processor.py:157} INFO - Started process (PID=8918) to work on /home/airflow/.local/lib/python3.8/site-packages/airflow/example_dags/example_trigger_controller_dag.py
[2023-10-11T07:19:49.280+0000] {processor.py:829} INFO - Processing file /home/airflow/.local/lib/python3.8/site-packages/airflow/example_dags/example_trigger_controller_dag.py for tasks to queue
[2023-10-11T07:19:49.282+0000] {logging_mixin.py:151} INFO - [2023-10-11T07:19:49.281+0000] {dagbag.py:539} INFO - Filling up the DagBag from /home/airflow/.local/lib/python3.8/site-packages/airflow/example_dags/example_trigger_controller_dag.py
[2023-10-11T07:19:49.289+0000] {processor.py:839} INFO - DAG(s) dict_keys(['example_trigger_controller_dag']) retrieved from /home/airflow/.local/lib/python3.8/site-packages/airflow/example_dags/example_trigger_controller_dag.py
[2023-10-11T07:19:49.316+0000] {logging_mixin.py:151} INFO - [2023-10-11T07:19:49.316+0000] {dag.py:2915} INFO - Sync 1 DAGs
[2023-10-11T07:19:49.351+0000] {logging_mixin.py:151} INFO - [2023-10-11T07:19:49.350+0000] {dag.py:3696} INFO - Setting next_dagrun for example_trigger_controller_dag to 2021-01-01T00:00:00+00:00, run_after=2021-01-01T00:00:00+00:00
[2023-10-11T07:19:49.387+0000] {processor.py:179} INFO - Processing /home/airflow/.local/lib/python3.8/site-packages/airflow/example_dags/example_trigger_controller_dag.py took 0.113 seconds
[2023-10-11T07:20:19.677+0000] {processor.py:157} INFO - Started process (PID=9161) to work on /home/airflow/.local/lib/python3.8/site-packages/airflow/example_dags/example_trigger_controller_dag.py
[2023-10-11T07:20:19.678+0000] {processor.py:829} INFO - Processing file /home/airflow/.local/lib/python3.8/site-packages/airflow/example_dags/example_trigger_controller_dag.py for tasks to queue
[2023-10-11T07:20:19.680+0000] {logging_mixin.py:151} INFO - [2023-10-11T07:20:19.679+0000] {dagbag.py:539} INFO - Filling up the DagBag from /home/airflow/.local/lib/python3.8/site-packages/airflow/example_dags/example_trigger_controller_dag.py
[2023-10-11T07:20:19.686+0000] {processor.py:839} INFO - DAG(s) dict_keys(['example_trigger_controller_dag']) retrieved from /home/airflow/.local/lib/python3.8/site-packages/airflow/example_dags/example_trigger_controller_dag.py
[2023-10-11T07:20:19.710+0000] {logging_mixin.py:151} INFO - [2023-10-11T07:20:19.710+0000] {dag.py:2915} INFO - Sync 1 DAGs
[2023-10-11T07:20:19.734+0000] {logging_mixin.py:151} INFO - [2023-10-11T07:20:19.733+0000] {dag.py:3696} INFO - Setting next_dagrun for example_trigger_controller_dag to 2021-01-01T00:00:00+00:00, run_after=2021-01-01T00:00:00+00:00
[2023-10-11T07:20:19.778+0000] {processor.py:179} INFO - Processing /home/airflow/.local/lib/python3.8/site-packages/airflow/example_dags/example_trigger_controller_dag.py took 0.106 seconds
[2023-10-11T07:20:50.325+0000] {processor.py:157} INFO - Started process (PID=9404) to work on /home/airflow/.local/lib/python3.8/site-packages/airflow/example_dags/example_trigger_controller_dag.py
[2023-10-11T07:20:50.327+0000] {processor.py:829} INFO - Processing file /home/airflow/.local/lib/python3.8/site-packages/airflow/example_dags/example_trigger_controller_dag.py for tasks to queue
[2023-10-11T07:20:50.329+0000] {logging_mixin.py:151} INFO - [2023-10-11T07:20:50.328+0000] {dagbag.py:539} INFO - Filling up the DagBag from /home/airflow/.local/lib/python3.8/site-packages/airflow/example_dags/example_trigger_controller_dag.py
[2023-10-11T07:20:50.335+0000] {processor.py:839} INFO - DAG(s) dict_keys(['example_trigger_controller_dag']) retrieved from /home/airflow/.local/lib/python3.8/site-packages/airflow/example_dags/example_trigger_controller_dag.py
[2023-10-11T07:20:50.384+0000] {logging_mixin.py:151} INFO - [2023-10-11T07:20:50.384+0000] {dag.py:2915} INFO - Sync 1 DAGs
[2023-10-11T07:20:50.407+0000] {logging_mixin.py:151} INFO - [2023-10-11T07:20:50.407+0000] {dag.py:3696} INFO - Setting next_dagrun for example_trigger_controller_dag to 2021-01-01T00:00:00+00:00, run_after=2021-01-01T00:00:00+00:00
[2023-10-11T07:20:50.424+0000] {processor.py:179} INFO - Processing /home/airflow/.local/lib/python3.8/site-packages/airflow/example_dags/example_trigger_controller_dag.py took 0.105 seconds
[2023-10-11T07:21:20.623+0000] {processor.py:157} INFO - Started process (PID=9647) to work on /home/airflow/.local/lib/python3.8/site-packages/airflow/example_dags/example_trigger_controller_dag.py
[2023-10-11T07:21:20.623+0000] {processor.py:829} INFO - Processing file /home/airflow/.local/lib/python3.8/site-packages/airflow/example_dags/example_trigger_controller_dag.py for tasks to queue
[2023-10-11T07:21:20.624+0000] {logging_mixin.py:151} INFO - [2023-10-11T07:21:20.624+0000] {dagbag.py:539} INFO - Filling up the DagBag from /home/airflow/.local/lib/python3.8/site-packages/airflow/example_dags/example_trigger_controller_dag.py
[2023-10-11T07:21:20.628+0000] {processor.py:839} INFO - DAG(s) dict_keys(['example_trigger_controller_dag']) retrieved from /home/airflow/.local/lib/python3.8/site-packages/airflow/example_dags/example_trigger_controller_dag.py
[2023-10-11T07:21:20.643+0000] {logging_mixin.py:151} INFO - [2023-10-11T07:21:20.643+0000] {dag.py:2915} INFO - Sync 1 DAGs
[2023-10-11T07:21:20.657+0000] {logging_mixin.py:151} INFO - [2023-10-11T07:21:20.656+0000] {dag.py:3696} INFO - Setting next_dagrun for example_trigger_controller_dag to 2021-01-01T00:00:00+00:00, run_after=2021-01-01T00:00:00+00:00
[2023-10-11T07:21:20.668+0000] {processor.py:179} INFO - Processing /home/airflow/.local/lib/python3.8/site-packages/airflow/example_dags/example_trigger_controller_dag.py took 0.048 seconds
[2023-10-11T07:21:51.082+0000] {processor.py:157} INFO - Started process (PID=9888) to work on /home/airflow/.local/lib/python3.8/site-packages/airflow/example_dags/example_trigger_controller_dag.py
[2023-10-11T07:21:51.085+0000] {processor.py:829} INFO - Processing file /home/airflow/.local/lib/python3.8/site-packages/airflow/example_dags/example_trigger_controller_dag.py for tasks to queue
[2023-10-11T07:21:51.086+0000] {logging_mixin.py:151} INFO - [2023-10-11T07:21:51.086+0000] {dagbag.py:539} INFO - Filling up the DagBag from /home/airflow/.local/lib/python3.8/site-packages/airflow/example_dags/example_trigger_controller_dag.py
[2023-10-11T07:21:51.091+0000] {processor.py:839} INFO - DAG(s) dict_keys(['example_trigger_controller_dag']) retrieved from /home/airflow/.local/lib/python3.8/site-packages/airflow/example_dags/example_trigger_controller_dag.py
[2023-10-11T07:21:51.114+0000] {logging_mixin.py:151} INFO - [2023-10-11T07:21:51.114+0000] {dag.py:2915} INFO - Sync 1 DAGs
[2023-10-11T07:21:51.132+0000] {logging_mixin.py:151} INFO - [2023-10-11T07:21:51.131+0000] {dag.py:3696} INFO - Setting next_dagrun for example_trigger_controller_dag to 2021-01-01T00:00:00+00:00, run_after=2021-01-01T00:00:00+00:00
[2023-10-11T07:21:51.182+0000] {processor.py:179} INFO - Processing /home/airflow/.local/lib/python3.8/site-packages/airflow/example_dags/example_trigger_controller_dag.py took 0.103 seconds
[2023-10-11T07:22:21.490+0000] {processor.py:157} INFO - Started process (PID=10133) to work on /home/airflow/.local/lib/python3.8/site-packages/airflow/example_dags/example_trigger_controller_dag.py
[2023-10-11T07:22:21.491+0000] {processor.py:829} INFO - Processing file /home/airflow/.local/lib/python3.8/site-packages/airflow/example_dags/example_trigger_controller_dag.py for tasks to queue
[2023-10-11T07:22:21.492+0000] {logging_mixin.py:151} INFO - [2023-10-11T07:22:21.492+0000] {dagbag.py:539} INFO - Filling up the DagBag from /home/airflow/.local/lib/python3.8/site-packages/airflow/example_dags/example_trigger_controller_dag.py
[2023-10-11T07:22:21.496+0000] {processor.py:839} INFO - DAG(s) dict_keys(['example_trigger_controller_dag']) retrieved from /home/airflow/.local/lib/python3.8/site-packages/airflow/example_dags/example_trigger_controller_dag.py
[2023-10-11T07:22:21.518+0000] {logging_mixin.py:151} INFO - [2023-10-11T07:22:21.517+0000] {dag.py:2915} INFO - Sync 1 DAGs
[2023-10-11T07:22:21.551+0000] {logging_mixin.py:151} INFO - [2023-10-11T07:22:21.551+0000] {dag.py:3696} INFO - Setting next_dagrun for example_trigger_controller_dag to 2021-01-01T00:00:00+00:00, run_after=2021-01-01T00:00:00+00:00
[2023-10-11T07:22:21.587+0000] {processor.py:179} INFO - Processing /home/airflow/.local/lib/python3.8/site-packages/airflow/example_dags/example_trigger_controller_dag.py took 0.101 seconds
[2023-10-11T07:22:51.681+0000] {processor.py:157} INFO - Started process (PID=10376) to work on /home/airflow/.local/lib/python3.8/site-packages/airflow/example_dags/example_trigger_controller_dag.py
[2023-10-11T07:22:51.682+0000] {processor.py:829} INFO - Processing file /home/airflow/.local/lib/python3.8/site-packages/airflow/example_dags/example_trigger_controller_dag.py for tasks to queue
[2023-10-11T07:22:51.683+0000] {logging_mixin.py:151} INFO - [2023-10-11T07:22:51.682+0000] {dagbag.py:539} INFO - Filling up the DagBag from /home/airflow/.local/lib/python3.8/site-packages/airflow/example_dags/example_trigger_controller_dag.py
[2023-10-11T07:22:51.687+0000] {processor.py:839} INFO - DAG(s) dict_keys(['example_trigger_controller_dag']) retrieved from /home/airflow/.local/lib/python3.8/site-packages/airflow/example_dags/example_trigger_controller_dag.py
[2023-10-11T07:22:51.706+0000] {logging_mixin.py:151} INFO - [2023-10-11T07:22:51.706+0000] {dag.py:2915} INFO - Sync 1 DAGs
[2023-10-11T07:22:51.724+0000] {logging_mixin.py:151} INFO - [2023-10-11T07:22:51.723+0000] {dag.py:3696} INFO - Setting next_dagrun for example_trigger_controller_dag to 2021-01-01T00:00:00+00:00, run_after=2021-01-01T00:00:00+00:00
[2023-10-11T07:22:51.738+0000] {processor.py:179} INFO - Processing /home/airflow/.local/lib/python3.8/site-packages/airflow/example_dags/example_trigger_controller_dag.py took 0.060 seconds
[2023-10-11T07:23:21.823+0000] {processor.py:157} INFO - Started process (PID=10619) to work on /home/airflow/.local/lib/python3.8/site-packages/airflow/example_dags/example_trigger_controller_dag.py
[2023-10-11T07:23:21.824+0000] {processor.py:829} INFO - Processing file /home/airflow/.local/lib/python3.8/site-packages/airflow/example_dags/example_trigger_controller_dag.py for tasks to queue
[2023-10-11T07:23:21.824+0000] {logging_mixin.py:151} INFO - [2023-10-11T07:23:21.824+0000] {dagbag.py:539} INFO - Filling up the DagBag from /home/airflow/.local/lib/python3.8/site-packages/airflow/example_dags/example_trigger_controller_dag.py
[2023-10-11T07:23:21.828+0000] {processor.py:839} INFO - DAG(s) dict_keys(['example_trigger_controller_dag']) retrieved from /home/airflow/.local/lib/python3.8/site-packages/airflow/example_dags/example_trigger_controller_dag.py
[2023-10-11T07:23:21.843+0000] {logging_mixin.py:151} INFO - [2023-10-11T07:23:21.842+0000] {dag.py:2915} INFO - Sync 1 DAGs
[2023-10-11T07:23:21.865+0000] {logging_mixin.py:151} INFO - [2023-10-11T07:23:21.864+0000] {dag.py:3696} INFO - Setting next_dagrun for example_trigger_controller_dag to 2021-01-01T00:00:00+00:00, run_after=2021-01-01T00:00:00+00:00
[2023-10-11T07:23:21.885+0000] {processor.py:179} INFO - Processing /home/airflow/.local/lib/python3.8/site-packages/airflow/example_dags/example_trigger_controller_dag.py took 0.065 seconds
[2023-10-11T07:23:52.018+0000] {processor.py:157} INFO - Started process (PID=10862) to work on /home/airflow/.local/lib/python3.8/site-packages/airflow/example_dags/example_trigger_controller_dag.py
[2023-10-11T07:23:52.019+0000] {processor.py:829} INFO - Processing file /home/airflow/.local/lib/python3.8/site-packages/airflow/example_dags/example_trigger_controller_dag.py for tasks to queue
[2023-10-11T07:23:52.020+0000] {logging_mixin.py:151} INFO - [2023-10-11T07:23:52.020+0000] {dagbag.py:539} INFO - Filling up the DagBag from /home/airflow/.local/lib/python3.8/site-packages/airflow/example_dags/example_trigger_controller_dag.py
[2023-10-11T07:23:52.023+0000] {processor.py:839} INFO - DAG(s) dict_keys(['example_trigger_controller_dag']) retrieved from /home/airflow/.local/lib/python3.8/site-packages/airflow/example_dags/example_trigger_controller_dag.py
[2023-10-11T07:23:52.037+0000] {logging_mixin.py:151} INFO - [2023-10-11T07:23:52.037+0000] {dag.py:2915} INFO - Sync 1 DAGs
[2023-10-11T07:23:52.052+0000] {logging_mixin.py:151} INFO - [2023-10-11T07:23:52.052+0000] {dag.py:3696} INFO - Setting next_dagrun for example_trigger_controller_dag to 2021-01-01T00:00:00+00:00, run_after=2021-01-01T00:00:00+00:00
[2023-10-11T07:23:52.072+0000] {processor.py:179} INFO - Processing /home/airflow/.local/lib/python3.8/site-packages/airflow/example_dags/example_trigger_controller_dag.py took 0.056 seconds
[2023-10-11T07:24:22.520+0000] {processor.py:157} INFO - Started process (PID=11105) to work on /home/airflow/.local/lib/python3.8/site-packages/airflow/example_dags/example_trigger_controller_dag.py
[2023-10-11T07:24:22.521+0000] {processor.py:829} INFO - Processing file /home/airflow/.local/lib/python3.8/site-packages/airflow/example_dags/example_trigger_controller_dag.py for tasks to queue
[2023-10-11T07:24:22.522+0000] {logging_mixin.py:151} INFO - [2023-10-11T07:24:22.522+0000] {dagbag.py:539} INFO - Filling up the DagBag from /home/airflow/.local/lib/python3.8/site-packages/airflow/example_dags/example_trigger_controller_dag.py
[2023-10-11T07:24:22.526+0000] {processor.py:839} INFO - DAG(s) dict_keys(['example_trigger_controller_dag']) retrieved from /home/airflow/.local/lib/python3.8/site-packages/airflow/example_dags/example_trigger_controller_dag.py
[2023-10-11T07:24:22.541+0000] {logging_mixin.py:151} INFO - [2023-10-11T07:24:22.541+0000] {dag.py:2915} INFO - Sync 1 DAGs
[2023-10-11T07:24:22.563+0000] {logging_mixin.py:151} INFO - [2023-10-11T07:24:22.563+0000] {dag.py:3696} INFO - Setting next_dagrun for example_trigger_controller_dag to 2021-01-01T00:00:00+00:00, run_after=2021-01-01T00:00:00+00:00
[2023-10-11T07:24:22.589+0000] {processor.py:179} INFO - Processing /home/airflow/.local/lib/python3.8/site-packages/airflow/example_dags/example_trigger_controller_dag.py took 0.073 seconds
[2023-10-11T07:24:52.703+0000] {processor.py:157} INFO - Started process (PID=11348) to work on /home/airflow/.local/lib/python3.8/site-packages/airflow/example_dags/example_trigger_controller_dag.py
[2023-10-11T07:24:52.704+0000] {processor.py:829} INFO - Processing file /home/airflow/.local/lib/python3.8/site-packages/airflow/example_dags/example_trigger_controller_dag.py for tasks to queue
[2023-10-11T07:24:52.704+0000] {logging_mixin.py:151} INFO - [2023-10-11T07:24:52.704+0000] {dagbag.py:539} INFO - Filling up the DagBag from /home/airflow/.local/lib/python3.8/site-packages/airflow/example_dags/example_trigger_controller_dag.py
[2023-10-11T07:24:52.711+0000] {processor.py:839} INFO - DAG(s) dict_keys(['example_trigger_controller_dag']) retrieved from /home/airflow/.local/lib/python3.8/site-packages/airflow/example_dags/example_trigger_controller_dag.py
[2023-10-11T07:24:52.729+0000] {logging_mixin.py:151} INFO - [2023-10-11T07:24:52.729+0000] {dag.py:2915} INFO - Sync 1 DAGs
[2023-10-11T07:24:52.758+0000] {logging_mixin.py:151} INFO - [2023-10-11T07:24:52.758+0000] {dag.py:3696} INFO - Setting next_dagrun for example_trigger_controller_dag to 2021-01-01T00:00:00+00:00, run_after=2021-01-01T00:00:00+00:00
[2023-10-11T07:24:52.787+0000] {processor.py:179} INFO - Processing /home/airflow/.local/lib/python3.8/site-packages/airflow/example_dags/example_trigger_controller_dag.py took 0.086 seconds
[2023-10-11T07:25:23.629+0000] {processor.py:157} INFO - Started process (PID=11591) to work on /home/airflow/.local/lib/python3.8/site-packages/airflow/example_dags/example_trigger_controller_dag.py
[2023-10-11T07:25:23.631+0000] {processor.py:829} INFO - Processing file /home/airflow/.local/lib/python3.8/site-packages/airflow/example_dags/example_trigger_controller_dag.py for tasks to queue
[2023-10-11T07:25:23.632+0000] {logging_mixin.py:151} INFO - [2023-10-11T07:25:23.631+0000] {dagbag.py:539} INFO - Filling up the DagBag from /home/airflow/.local/lib/python3.8/site-packages/airflow/example_dags/example_trigger_controller_dag.py
[2023-10-11T07:25:23.639+0000] {processor.py:839} INFO - DAG(s) dict_keys(['example_trigger_controller_dag']) retrieved from /home/airflow/.local/lib/python3.8/site-packages/airflow/example_dags/example_trigger_controller_dag.py
[2023-10-11T07:25:23.703+0000] {logging_mixin.py:151} INFO - [2023-10-11T07:25:23.703+0000] {dag.py:2915} INFO - Sync 1 DAGs
[2023-10-11T07:25:23.735+0000] {logging_mixin.py:151} INFO - [2023-10-11T07:25:23.734+0000] {dag.py:3696} INFO - Setting next_dagrun for example_trigger_controller_dag to 2021-01-01T00:00:00+00:00, run_after=2021-01-01T00:00:00+00:00
[2023-10-11T07:25:23.782+0000] {processor.py:179} INFO - Processing /home/airflow/.local/lib/python3.8/site-packages/airflow/example_dags/example_trigger_controller_dag.py took 0.161 seconds
[2023-10-11T07:25:53.844+0000] {processor.py:157} INFO - Started process (PID=11834) to work on /home/airflow/.local/lib/python3.8/site-packages/airflow/example_dags/example_trigger_controller_dag.py
[2023-10-11T07:25:53.848+0000] {processor.py:829} INFO - Processing file /home/airflow/.local/lib/python3.8/site-packages/airflow/example_dags/example_trigger_controller_dag.py for tasks to queue
[2023-10-11T07:25:53.853+0000] {logging_mixin.py:151} INFO - [2023-10-11T07:25:53.853+0000] {dagbag.py:539} INFO - Filling up the DagBag from /home/airflow/.local/lib/python3.8/site-packages/airflow/example_dags/example_trigger_controller_dag.py
[2023-10-11T07:25:53.863+0000] {processor.py:839} INFO - DAG(s) dict_keys(['example_trigger_controller_dag']) retrieved from /home/airflow/.local/lib/python3.8/site-packages/airflow/example_dags/example_trigger_controller_dag.py
[2023-10-11T07:25:53.896+0000] {logging_mixin.py:151} INFO - [2023-10-11T07:25:53.896+0000] {dag.py:2915} INFO - Sync 1 DAGs
[2023-10-11T07:25:53.918+0000] {logging_mixin.py:151} INFO - [2023-10-11T07:25:53.918+0000] {dag.py:3696} INFO - Setting next_dagrun for example_trigger_controller_dag to 2021-01-01T00:00:00+00:00, run_after=2021-01-01T00:00:00+00:00
[2023-10-11T07:25:53.934+0000] {processor.py:179} INFO - Processing /home/airflow/.local/lib/python3.8/site-packages/airflow/example_dags/example_trigger_controller_dag.py took 0.093 seconds
[2023-10-11T07:26:24.217+0000] {processor.py:157} INFO - Started process (PID=12077) to work on /home/airflow/.local/lib/python3.8/site-packages/airflow/example_dags/example_trigger_controller_dag.py
[2023-10-11T07:26:24.218+0000] {processor.py:829} INFO - Processing file /home/airflow/.local/lib/python3.8/site-packages/airflow/example_dags/example_trigger_controller_dag.py for tasks to queue
[2023-10-11T07:26:24.219+0000] {logging_mixin.py:151} INFO - [2023-10-11T07:26:24.219+0000] {dagbag.py:539} INFO - Filling up the DagBag from /home/airflow/.local/lib/python3.8/site-packages/airflow/example_dags/example_trigger_controller_dag.py
[2023-10-11T07:26:24.224+0000] {processor.py:839} INFO - DAG(s) dict_keys(['example_trigger_controller_dag']) retrieved from /home/airflow/.local/lib/python3.8/site-packages/airflow/example_dags/example_trigger_controller_dag.py
[2023-10-11T07:26:24.243+0000] {logging_mixin.py:151} INFO - [2023-10-11T07:26:24.243+0000] {dag.py:2915} INFO - Sync 1 DAGs
[2023-10-11T07:26:24.281+0000] {logging_mixin.py:151} INFO - [2023-10-11T07:26:24.280+0000] {dag.py:3696} INFO - Setting next_dagrun for example_trigger_controller_dag to 2021-01-01T00:00:00+00:00, run_after=2021-01-01T00:00:00+00:00
[2023-10-11T07:26:24.296+0000] {processor.py:179} INFO - Processing /home/airflow/.local/lib/python3.8/site-packages/airflow/example_dags/example_trigger_controller_dag.py took 0.082 seconds
[2023-10-11T07:26:54.549+0000] {processor.py:157} INFO - Started process (PID=12320) to work on /home/airflow/.local/lib/python3.8/site-packages/airflow/example_dags/example_trigger_controller_dag.py
[2023-10-11T07:26:54.553+0000] {processor.py:829} INFO - Processing file /home/airflow/.local/lib/python3.8/site-packages/airflow/example_dags/example_trigger_controller_dag.py for tasks to queue
[2023-10-11T07:26:54.556+0000] {logging_mixin.py:151} INFO - [2023-10-11T07:26:54.555+0000] {dagbag.py:539} INFO - Filling up the DagBag from /home/airflow/.local/lib/python3.8/site-packages/airflow/example_dags/example_trigger_controller_dag.py
[2023-10-11T07:26:54.572+0000] {processor.py:839} INFO - DAG(s) dict_keys(['example_trigger_controller_dag']) retrieved from /home/airflow/.local/lib/python3.8/site-packages/airflow/example_dags/example_trigger_controller_dag.py
[2023-10-11T07:26:54.595+0000] {logging_mixin.py:151} INFO - [2023-10-11T07:26:54.595+0000] {dag.py:2915} INFO - Sync 1 DAGs
[2023-10-11T07:26:54.616+0000] {logging_mixin.py:151} INFO - [2023-10-11T07:26:54.615+0000] {dag.py:3696} INFO - Setting next_dagrun for example_trigger_controller_dag to 2021-01-01T00:00:00+00:00, run_after=2021-01-01T00:00:00+00:00
[2023-10-11T07:26:54.636+0000] {processor.py:179} INFO - Processing /home/airflow/.local/lib/python3.8/site-packages/airflow/example_dags/example_trigger_controller_dag.py took 0.097 seconds
[2023-10-11T07:27:25.610+0000] {processor.py:157} INFO - Started process (PID=12563) to work on /home/airflow/.local/lib/python3.8/site-packages/airflow/example_dags/example_trigger_controller_dag.py
[2023-10-11T07:27:25.611+0000] {processor.py:829} INFO - Processing file /home/airflow/.local/lib/python3.8/site-packages/airflow/example_dags/example_trigger_controller_dag.py for tasks to queue
[2023-10-11T07:27:25.611+0000] {logging_mixin.py:151} INFO - [2023-10-11T07:27:25.611+0000] {dagbag.py:539} INFO - Filling up the DagBag from /home/airflow/.local/lib/python3.8/site-packages/airflow/example_dags/example_trigger_controller_dag.py
[2023-10-11T07:27:25.615+0000] {processor.py:839} INFO - DAG(s) dict_keys(['example_trigger_controller_dag']) retrieved from /home/airflow/.local/lib/python3.8/site-packages/airflow/example_dags/example_trigger_controller_dag.py
[2023-10-11T07:27:25.628+0000] {logging_mixin.py:151} INFO - [2023-10-11T07:27:25.628+0000] {dag.py:2915} INFO - Sync 1 DAGs
[2023-10-11T07:27:25.640+0000] {logging_mixin.py:151} INFO - [2023-10-11T07:27:25.640+0000] {dag.py:3696} INFO - Setting next_dagrun for example_trigger_controller_dag to 2021-01-01T00:00:00+00:00, run_after=2021-01-01T00:00:00+00:00
[2023-10-11T07:27:25.678+0000] {processor.py:179} INFO - Processing /home/airflow/.local/lib/python3.8/site-packages/airflow/example_dags/example_trigger_controller_dag.py took 0.070 seconds
[2023-10-11T07:27:55.778+0000] {processor.py:157} INFO - Started process (PID=12805) to work on /home/airflow/.local/lib/python3.8/site-packages/airflow/example_dags/example_trigger_controller_dag.py
[2023-10-11T07:27:55.779+0000] {processor.py:829} INFO - Processing file /home/airflow/.local/lib/python3.8/site-packages/airflow/example_dags/example_trigger_controller_dag.py for tasks to queue
[2023-10-11T07:27:55.779+0000] {logging_mixin.py:151} INFO - [2023-10-11T07:27:55.779+0000] {dagbag.py:539} INFO - Filling up the DagBag from /home/airflow/.local/lib/python3.8/site-packages/airflow/example_dags/example_trigger_controller_dag.py
[2023-10-11T07:27:55.782+0000] {processor.py:839} INFO - DAG(s) dict_keys(['example_trigger_controller_dag']) retrieved from /home/airflow/.local/lib/python3.8/site-packages/airflow/example_dags/example_trigger_controller_dag.py
[2023-10-11T07:27:55.797+0000] {logging_mixin.py:151} INFO - [2023-10-11T07:27:55.797+0000] {dag.py:2915} INFO - Sync 1 DAGs
[2023-10-11T07:27:55.808+0000] {logging_mixin.py:151} INFO - [2023-10-11T07:27:55.808+0000] {dag.py:3696} INFO - Setting next_dagrun for example_trigger_controller_dag to 2021-01-01T00:00:00+00:00, run_after=2021-01-01T00:00:00+00:00
[2023-10-11T07:27:55.817+0000] {processor.py:179} INFO - Processing /home/airflow/.local/lib/python3.8/site-packages/airflow/example_dags/example_trigger_controller_dag.py took 0.041 seconds
[2023-10-11T07:28:26.109+0000] {processor.py:157} INFO - Started process (PID=13049) to work on /home/airflow/.local/lib/python3.8/site-packages/airflow/example_dags/example_trigger_controller_dag.py
[2023-10-11T07:28:26.109+0000] {processor.py:829} INFO - Processing file /home/airflow/.local/lib/python3.8/site-packages/airflow/example_dags/example_trigger_controller_dag.py for tasks to queue
[2023-10-11T07:28:26.110+0000] {logging_mixin.py:151} INFO - [2023-10-11T07:28:26.110+0000] {dagbag.py:539} INFO - Filling up the DagBag from /home/airflow/.local/lib/python3.8/site-packages/airflow/example_dags/example_trigger_controller_dag.py
[2023-10-11T07:28:26.114+0000] {processor.py:839} INFO - DAG(s) dict_keys(['example_trigger_controller_dag']) retrieved from /home/airflow/.local/lib/python3.8/site-packages/airflow/example_dags/example_trigger_controller_dag.py
[2023-10-11T07:28:26.129+0000] {logging_mixin.py:151} INFO - [2023-10-11T07:28:26.129+0000] {dag.py:2915} INFO - Sync 1 DAGs
[2023-10-11T07:28:26.164+0000] {logging_mixin.py:151} INFO - [2023-10-11T07:28:26.164+0000] {dag.py:3696} INFO - Setting next_dagrun for example_trigger_controller_dag to 2021-01-01T00:00:00+00:00, run_after=2021-01-01T00:00:00+00:00
[2023-10-11T07:28:26.192+0000] {processor.py:179} INFO - Processing /home/airflow/.local/lib/python3.8/site-packages/airflow/example_dags/example_trigger_controller_dag.py took 0.086 seconds
