[2023-10-11T07:01:38.393+0000] {processor.py:157} INFO - Started process (PID=362) to work on /home/airflow/.local/lib/python3.8/site-packages/airflow/example_dags/example_branch_operator.py
[2023-10-11T07:01:38.394+0000] {processor.py:829} INFO - Processing file /home/airflow/.local/lib/python3.8/site-packages/airflow/example_dags/example_branch_operator.py for tasks to queue
[2023-10-11T07:01:38.395+0000] {logging_mixin.py:151} INFO - [2023-10-11T07:01:38.394+0000] {dagbag.py:539} INFO - Filling up the DagBag from /home/airflow/.local/lib/python3.8/site-packages/airflow/example_dags/example_branch_operator.py
[2023-10-11T07:01:38.403+0000] {processor.py:839} INFO - DAG(s) dict_keys(['example_branch_operator']) retrieved from /home/airflow/.local/lib/python3.8/site-packages/airflow/example_dags/example_branch_operator.py
[2023-10-11T07:01:38.618+0000] {logging_mixin.py:151} INFO - [2023-10-11T07:01:38.617+0000] {manager.py:499} INFO - Created Permission View: %s
[2023-10-11T07:01:38.624+0000] {logging_mixin.py:151} INFO - [2023-10-11T07:01:38.624+0000] {manager.py:499} INFO - Created Permission View: %s
[2023-10-11T07:01:38.634+0000] {logging_mixin.py:151} INFO - [2023-10-11T07:01:38.634+0000] {manager.py:499} INFO - Created Permission View: %s
[2023-10-11T07:01:38.635+0000] {logging_mixin.py:151} INFO - [2023-10-11T07:01:38.635+0000] {security.py:708} INFO - Not syncing DAG-level permissions for DAG 'DAG:example_branch_operator' as access control is unset.
[2023-10-11T07:01:38.635+0000] {logging_mixin.py:151} INFO - [2023-10-11T07:01:38.635+0000] {dag.py:2915} INFO - Sync 1 DAGs
[2023-10-11T07:01:38.642+0000] {logging_mixin.py:151} INFO - [2023-10-11T07:01:38.642+0000] {dag.py:2937} INFO - Creating ORM DAG for example_branch_operator
[2023-10-11T07:01:38.651+0000] {logging_mixin.py:151} INFO - [2023-10-11T07:01:38.650+0000] {dag.py:3696} INFO - Setting next_dagrun for example_branch_operator to 2023-10-10T00:00:00+00:00, run_after=2023-10-11T00:00:00+00:00
[2023-10-11T07:01:38.690+0000] {processor.py:179} INFO - Processing /home/airflow/.local/lib/python3.8/site-packages/airflow/example_dags/example_branch_operator.py took 0.299 seconds
[2023-10-11T07:02:08.720+0000] {processor.py:157} INFO - Started process (PID=599) to work on /home/airflow/.local/lib/python3.8/site-packages/airflow/example_dags/example_branch_operator.py
[2023-10-11T07:02:08.721+0000] {processor.py:829} INFO - Processing file /home/airflow/.local/lib/python3.8/site-packages/airflow/example_dags/example_branch_operator.py for tasks to queue
[2023-10-11T07:02:08.722+0000] {logging_mixin.py:151} INFO - [2023-10-11T07:02:08.721+0000] {dagbag.py:539} INFO - Filling up the DagBag from /home/airflow/.local/lib/python3.8/site-packages/airflow/example_dags/example_branch_operator.py
[2023-10-11T07:02:08.728+0000] {processor.py:839} INFO - DAG(s) dict_keys(['example_branch_operator']) retrieved from /home/airflow/.local/lib/python3.8/site-packages/airflow/example_dags/example_branch_operator.py
[2023-10-11T07:02:08.744+0000] {logging_mixin.py:151} INFO - [2023-10-11T07:02:08.744+0000] {dag.py:2915} INFO - Sync 1 DAGs
[2023-10-11T07:02:08.769+0000] {logging_mixin.py:151} INFO - [2023-10-11T07:02:08.769+0000] {dag.py:3696} INFO - Setting next_dagrun for example_branch_operator to 2023-10-10T00:00:00+00:00, run_after=2023-10-11T00:00:00+00:00
[2023-10-11T07:02:08.796+0000] {processor.py:179} INFO - Processing /home/airflow/.local/lib/python3.8/site-packages/airflow/example_dags/example_branch_operator.py took 0.079 seconds
[2023-10-11T07:02:39.752+0000] {processor.py:157} INFO - Started process (PID=836) to work on /home/airflow/.local/lib/python3.8/site-packages/airflow/example_dags/example_branch_operator.py
[2023-10-11T07:02:39.758+0000] {processor.py:829} INFO - Processing file /home/airflow/.local/lib/python3.8/site-packages/airflow/example_dags/example_branch_operator.py for tasks to queue
[2023-10-11T07:02:39.770+0000] {logging_mixin.py:151} INFO - [2023-10-11T07:02:39.769+0000] {dagbag.py:539} INFO - Filling up the DagBag from /home/airflow/.local/lib/python3.8/site-packages/airflow/example_dags/example_branch_operator.py
[2023-10-11T07:02:39.794+0000] {processor.py:839} INFO - DAG(s) dict_keys(['example_branch_operator']) retrieved from /home/airflow/.local/lib/python3.8/site-packages/airflow/example_dags/example_branch_operator.py
[2023-10-11T07:02:39.824+0000] {logging_mixin.py:151} INFO - [2023-10-11T07:02:39.824+0000] {dag.py:2915} INFO - Sync 1 DAGs
[2023-10-11T07:02:39.844+0000] {logging_mixin.py:151} INFO - [2023-10-11T07:02:39.844+0000] {dag.py:3696} INFO - Setting next_dagrun for example_branch_operator to 2023-10-10T00:00:00+00:00, run_after=2023-10-11T00:00:00+00:00
[2023-10-11T07:02:39.876+0000] {processor.py:179} INFO - Processing /home/airflow/.local/lib/python3.8/site-packages/airflow/example_dags/example_branch_operator.py took 0.126 seconds
[2023-10-11T07:03:10.316+0000] {processor.py:157} INFO - Started process (PID=1074) to work on /home/airflow/.local/lib/python3.8/site-packages/airflow/example_dags/example_branch_operator.py
[2023-10-11T07:03:10.317+0000] {processor.py:829} INFO - Processing file /home/airflow/.local/lib/python3.8/site-packages/airflow/example_dags/example_branch_operator.py for tasks to queue
[2023-10-11T07:03:10.317+0000] {logging_mixin.py:151} INFO - [2023-10-11T07:03:10.317+0000] {dagbag.py:539} INFO - Filling up the DagBag from /home/airflow/.local/lib/python3.8/site-packages/airflow/example_dags/example_branch_operator.py
[2023-10-11T07:03:10.326+0000] {processor.py:839} INFO - DAG(s) dict_keys(['example_branch_operator']) retrieved from /home/airflow/.local/lib/python3.8/site-packages/airflow/example_dags/example_branch_operator.py
[2023-10-11T07:03:10.344+0000] {logging_mixin.py:151} INFO - [2023-10-11T07:03:10.344+0000] {dag.py:2915} INFO - Sync 1 DAGs
[2023-10-11T07:03:10.377+0000] {logging_mixin.py:151} INFO - [2023-10-11T07:03:10.377+0000] {dag.py:3696} INFO - Setting next_dagrun for example_branch_operator to 2023-10-10T00:00:00+00:00, run_after=2023-10-11T00:00:00+00:00
[2023-10-11T07:03:10.686+0000] {processor.py:179} INFO - Processing /home/airflow/.local/lib/python3.8/site-packages/airflow/example_dags/example_branch_operator.py took 0.373 seconds
[2023-10-11T07:03:41.389+0000] {processor.py:157} INFO - Started process (PID=1310) to work on /home/airflow/.local/lib/python3.8/site-packages/airflow/example_dags/example_branch_operator.py
[2023-10-11T07:03:41.391+0000] {processor.py:829} INFO - Processing file /home/airflow/.local/lib/python3.8/site-packages/airflow/example_dags/example_branch_operator.py for tasks to queue
[2023-10-11T07:03:41.391+0000] {logging_mixin.py:151} INFO - [2023-10-11T07:03:41.391+0000] {dagbag.py:539} INFO - Filling up the DagBag from /home/airflow/.local/lib/python3.8/site-packages/airflow/example_dags/example_branch_operator.py
[2023-10-11T07:03:41.399+0000] {processor.py:839} INFO - DAG(s) dict_keys(['example_branch_operator']) retrieved from /home/airflow/.local/lib/python3.8/site-packages/airflow/example_dags/example_branch_operator.py
[2023-10-11T07:03:41.418+0000] {logging_mixin.py:151} INFO - [2023-10-11T07:03:41.418+0000] {dag.py:2915} INFO - Sync 1 DAGs
[2023-10-11T07:03:41.436+0000] {logging_mixin.py:151} INFO - [2023-10-11T07:03:41.436+0000] {dag.py:3696} INFO - Setting next_dagrun for example_branch_operator to 2023-10-10T00:00:00+00:00, run_after=2023-10-11T00:00:00+00:00
[2023-10-11T07:03:41.451+0000] {processor.py:179} INFO - Processing /home/airflow/.local/lib/python3.8/site-packages/airflow/example_dags/example_branch_operator.py took 0.065 seconds
[2023-10-11T07:04:11.735+0000] {processor.py:157} INFO - Started process (PID=1550) to work on /home/airflow/.local/lib/python3.8/site-packages/airflow/example_dags/example_branch_operator.py
[2023-10-11T07:04:11.736+0000] {processor.py:829} INFO - Processing file /home/airflow/.local/lib/python3.8/site-packages/airflow/example_dags/example_branch_operator.py for tasks to queue
[2023-10-11T07:04:11.736+0000] {logging_mixin.py:151} INFO - [2023-10-11T07:04:11.736+0000] {dagbag.py:539} INFO - Filling up the DagBag from /home/airflow/.local/lib/python3.8/site-packages/airflow/example_dags/example_branch_operator.py
[2023-10-11T07:04:11.743+0000] {processor.py:839} INFO - DAG(s) dict_keys(['example_branch_operator']) retrieved from /home/airflow/.local/lib/python3.8/site-packages/airflow/example_dags/example_branch_operator.py
[2023-10-11T07:04:11.786+0000] {logging_mixin.py:151} INFO - [2023-10-11T07:04:11.786+0000] {dag.py:2915} INFO - Sync 1 DAGs
[2023-10-11T07:04:11.802+0000] {logging_mixin.py:151} INFO - [2023-10-11T07:04:11.802+0000] {dag.py:3696} INFO - Setting next_dagrun for example_branch_operator to 2023-10-10T00:00:00+00:00, run_after=2023-10-11T00:00:00+00:00
[2023-10-11T07:04:11.814+0000] {processor.py:179} INFO - Processing /home/airflow/.local/lib/python3.8/site-packages/airflow/example_dags/example_branch_operator.py took 0.082 seconds
[2023-10-11T07:04:42.490+0000] {processor.py:157} INFO - Started process (PID=1787) to work on /home/airflow/.local/lib/python3.8/site-packages/airflow/example_dags/example_branch_operator.py
[2023-10-11T07:04:42.491+0000] {processor.py:829} INFO - Processing file /home/airflow/.local/lib/python3.8/site-packages/airflow/example_dags/example_branch_operator.py for tasks to queue
[2023-10-11T07:04:42.491+0000] {logging_mixin.py:151} INFO - [2023-10-11T07:04:42.491+0000] {dagbag.py:539} INFO - Filling up the DagBag from /home/airflow/.local/lib/python3.8/site-packages/airflow/example_dags/example_branch_operator.py
[2023-10-11T07:04:42.498+0000] {processor.py:839} INFO - DAG(s) dict_keys(['example_branch_operator']) retrieved from /home/airflow/.local/lib/python3.8/site-packages/airflow/example_dags/example_branch_operator.py
[2023-10-11T07:04:42.513+0000] {logging_mixin.py:151} INFO - [2023-10-11T07:04:42.513+0000] {dag.py:2915} INFO - Sync 1 DAGs
[2023-10-11T07:04:42.529+0000] {logging_mixin.py:151} INFO - [2023-10-11T07:04:42.529+0000] {dag.py:3696} INFO - Setting next_dagrun for example_branch_operator to 2023-10-10T00:00:00+00:00, run_after=2023-10-11T00:00:00+00:00
[2023-10-11T07:04:42.541+0000] {processor.py:179} INFO - Processing /home/airflow/.local/lib/python3.8/site-packages/airflow/example_dags/example_branch_operator.py took 0.054 seconds
[2023-10-11T07:05:13.134+0000] {processor.py:157} INFO - Started process (PID=2026) to work on /home/airflow/.local/lib/python3.8/site-packages/airflow/example_dags/example_branch_operator.py
[2023-10-11T07:05:13.135+0000] {processor.py:829} INFO - Processing file /home/airflow/.local/lib/python3.8/site-packages/airflow/example_dags/example_branch_operator.py for tasks to queue
[2023-10-11T07:05:13.136+0000] {logging_mixin.py:151} INFO - [2023-10-11T07:05:13.136+0000] {dagbag.py:539} INFO - Filling up the DagBag from /home/airflow/.local/lib/python3.8/site-packages/airflow/example_dags/example_branch_operator.py
[2023-10-11T07:05:13.145+0000] {processor.py:839} INFO - DAG(s) dict_keys(['example_branch_operator']) retrieved from /home/airflow/.local/lib/python3.8/site-packages/airflow/example_dags/example_branch_operator.py
[2023-10-11T07:05:13.183+0000] {logging_mixin.py:151} INFO - [2023-10-11T07:05:13.183+0000] {dag.py:2915} INFO - Sync 1 DAGs
[2023-10-11T07:05:13.200+0000] {logging_mixin.py:151} INFO - [2023-10-11T07:05:13.200+0000] {dag.py:3696} INFO - Setting next_dagrun for example_branch_operator to 2023-10-10T00:00:00+00:00, run_after=2023-10-11T00:00:00+00:00
[2023-10-11T07:05:13.217+0000] {processor.py:179} INFO - Processing /home/airflow/.local/lib/python3.8/site-packages/airflow/example_dags/example_branch_operator.py took 0.086 seconds
[2023-10-11T07:05:43.630+0000] {processor.py:157} INFO - Started process (PID=2264) to work on /home/airflow/.local/lib/python3.8/site-packages/airflow/example_dags/example_branch_operator.py
[2023-10-11T07:05:43.630+0000] {processor.py:829} INFO - Processing file /home/airflow/.local/lib/python3.8/site-packages/airflow/example_dags/example_branch_operator.py for tasks to queue
[2023-10-11T07:05:43.631+0000] {logging_mixin.py:151} INFO - [2023-10-11T07:05:43.631+0000] {dagbag.py:539} INFO - Filling up the DagBag from /home/airflow/.local/lib/python3.8/site-packages/airflow/example_dags/example_branch_operator.py
[2023-10-11T07:05:43.638+0000] {processor.py:839} INFO - DAG(s) dict_keys(['example_branch_operator']) retrieved from /home/airflow/.local/lib/python3.8/site-packages/airflow/example_dags/example_branch_operator.py
[2023-10-11T07:05:43.652+0000] {logging_mixin.py:151} INFO - [2023-10-11T07:05:43.652+0000] {dag.py:2915} INFO - Sync 1 DAGs
[2023-10-11T07:05:43.696+0000] {logging_mixin.py:151} INFO - [2023-10-11T07:05:43.696+0000] {dag.py:3696} INFO - Setting next_dagrun for example_branch_operator to 2023-10-10T00:00:00+00:00, run_after=2023-10-11T00:00:00+00:00
[2023-10-11T07:05:43.706+0000] {processor.py:179} INFO - Processing /home/airflow/.local/lib/python3.8/site-packages/airflow/example_dags/example_branch_operator.py took 0.079 seconds
[2023-10-11T07:06:14.150+0000] {processor.py:157} INFO - Started process (PID=2502) to work on /home/airflow/.local/lib/python3.8/site-packages/airflow/example_dags/example_branch_operator.py
[2023-10-11T07:06:14.161+0000] {processor.py:829} INFO - Processing file /home/airflow/.local/lib/python3.8/site-packages/airflow/example_dags/example_branch_operator.py for tasks to queue
[2023-10-11T07:06:14.164+0000] {logging_mixin.py:151} INFO - [2023-10-11T07:06:14.164+0000] {dagbag.py:539} INFO - Filling up the DagBag from /home/airflow/.local/lib/python3.8/site-packages/airflow/example_dags/example_branch_operator.py
[2023-10-11T07:06:14.171+0000] {processor.py:839} INFO - DAG(s) dict_keys(['example_branch_operator']) retrieved from /home/airflow/.local/lib/python3.8/site-packages/airflow/example_dags/example_branch_operator.py
[2023-10-11T07:06:14.195+0000] {logging_mixin.py:151} INFO - [2023-10-11T07:06:14.195+0000] {dag.py:2915} INFO - Sync 1 DAGs
[2023-10-11T07:06:14.211+0000] {logging_mixin.py:151} INFO - [2023-10-11T07:06:14.210+0000] {dag.py:3696} INFO - Setting next_dagrun for example_branch_operator to 2023-10-10T00:00:00+00:00, run_after=2023-10-11T00:00:00+00:00
[2023-10-11T07:06:14.222+0000] {processor.py:179} INFO - Processing /home/airflow/.local/lib/python3.8/site-packages/airflow/example_dags/example_branch_operator.py took 0.075 seconds
[2023-10-11T07:06:44.568+0000] {processor.py:157} INFO - Started process (PID=2745) to work on /home/airflow/.local/lib/python3.8/site-packages/airflow/example_dags/example_branch_operator.py
[2023-10-11T07:06:44.575+0000] {processor.py:829} INFO - Processing file /home/airflow/.local/lib/python3.8/site-packages/airflow/example_dags/example_branch_operator.py for tasks to queue
[2023-10-11T07:06:44.576+0000] {logging_mixin.py:151} INFO - [2023-10-11T07:06:44.575+0000] {dagbag.py:539} INFO - Filling up the DagBag from /home/airflow/.local/lib/python3.8/site-packages/airflow/example_dags/example_branch_operator.py
[2023-10-11T07:06:44.582+0000] {processor.py:839} INFO - DAG(s) dict_keys(['example_branch_operator']) retrieved from /home/airflow/.local/lib/python3.8/site-packages/airflow/example_dags/example_branch_operator.py
[2023-10-11T07:06:44.599+0000] {logging_mixin.py:151} INFO - [2023-10-11T07:06:44.599+0000] {dag.py:2915} INFO - Sync 1 DAGs
[2023-10-11T07:06:44.612+0000] {logging_mixin.py:151} INFO - [2023-10-11T07:06:44.612+0000] {dag.py:3696} INFO - Setting next_dagrun for example_branch_operator to 2023-10-10T00:00:00+00:00, run_after=2023-10-11T00:00:00+00:00
[2023-10-11T07:06:44.623+0000] {processor.py:179} INFO - Processing /home/airflow/.local/lib/python3.8/site-packages/airflow/example_dags/example_branch_operator.py took 0.057 seconds
[2023-10-11T07:07:14.688+0000] {processor.py:157} INFO - Started process (PID=2984) to work on /home/airflow/.local/lib/python3.8/site-packages/airflow/example_dags/example_branch_operator.py
[2023-10-11T07:07:14.689+0000] {processor.py:829} INFO - Processing file /home/airflow/.local/lib/python3.8/site-packages/airflow/example_dags/example_branch_operator.py for tasks to queue
[2023-10-11T07:07:14.689+0000] {logging_mixin.py:151} INFO - [2023-10-11T07:07:14.689+0000] {dagbag.py:539} INFO - Filling up the DagBag from /home/airflow/.local/lib/python3.8/site-packages/airflow/example_dags/example_branch_operator.py
[2023-10-11T07:07:14.696+0000] {processor.py:839} INFO - DAG(s) dict_keys(['example_branch_operator']) retrieved from /home/airflow/.local/lib/python3.8/site-packages/airflow/example_dags/example_branch_operator.py
[2023-10-11T07:07:14.719+0000] {logging_mixin.py:151} INFO - [2023-10-11T07:07:14.719+0000] {dag.py:2915} INFO - Sync 1 DAGs
[2023-10-11T07:07:14.735+0000] {logging_mixin.py:151} INFO - [2023-10-11T07:07:14.735+0000] {dag.py:3696} INFO - Setting next_dagrun for example_branch_operator to 2023-10-10T00:00:00+00:00, run_after=2023-10-11T00:00:00+00:00
[2023-10-11T07:07:14.748+0000] {processor.py:179} INFO - Processing /home/airflow/.local/lib/python3.8/site-packages/airflow/example_dags/example_branch_operator.py took 0.063 seconds
[2023-10-11T07:07:47.921+0000] {processor.py:157} INFO - Started process (PID=3241) to work on /home/airflow/.local/lib/python3.8/site-packages/airflow/example_dags/example_branch_operator.py
[2023-10-11T07:07:47.923+0000] {processor.py:829} INFO - Processing file /home/airflow/.local/lib/python3.8/site-packages/airflow/example_dags/example_branch_operator.py for tasks to queue
[2023-10-11T07:07:47.926+0000] {logging_mixin.py:151} INFO - [2023-10-11T07:07:47.925+0000] {dagbag.py:539} INFO - Filling up the DagBag from /home/airflow/.local/lib/python3.8/site-packages/airflow/example_dags/example_branch_operator.py
[2023-10-11T07:07:47.975+0000] {processor.py:839} INFO - DAG(s) dict_keys(['example_branch_operator']) retrieved from /home/airflow/.local/lib/python3.8/site-packages/airflow/example_dags/example_branch_operator.py
[2023-10-11T07:07:48.039+0000] {logging_mixin.py:151} INFO - [2023-10-11T07:07:48.038+0000] {dag.py:2915} INFO - Sync 1 DAGs
[2023-10-11T07:07:48.120+0000] {logging_mixin.py:151} INFO - [2023-10-11T07:07:48.120+0000] {dag.py:3696} INFO - Setting next_dagrun for example_branch_operator to 2023-10-10T00:00:00+00:00, run_after=2023-10-11T00:00:00+00:00
[2023-10-11T07:07:48.257+0000] {processor.py:179} INFO - Processing /home/airflow/.local/lib/python3.8/site-packages/airflow/example_dags/example_branch_operator.py took 0.355 seconds
[2023-10-11T07:08:19.038+0000] {processor.py:157} INFO - Started process (PID=3504) to work on /home/airflow/.local/lib/python3.8/site-packages/airflow/example_dags/example_branch_operator.py
[2023-10-11T07:08:19.040+0000] {processor.py:829} INFO - Processing file /home/airflow/.local/lib/python3.8/site-packages/airflow/example_dags/example_branch_operator.py for tasks to queue
[2023-10-11T07:08:19.040+0000] {logging_mixin.py:151} INFO - [2023-10-11T07:08:19.040+0000] {dagbag.py:539} INFO - Filling up the DagBag from /home/airflow/.local/lib/python3.8/site-packages/airflow/example_dags/example_branch_operator.py
[2023-10-11T07:08:19.047+0000] {processor.py:839} INFO - DAG(s) dict_keys(['example_branch_operator']) retrieved from /home/airflow/.local/lib/python3.8/site-packages/airflow/example_dags/example_branch_operator.py
[2023-10-11T07:08:19.069+0000] {logging_mixin.py:151} INFO - [2023-10-11T07:08:19.069+0000] {dag.py:2915} INFO - Sync 1 DAGs
[2023-10-11T07:08:19.098+0000] {logging_mixin.py:151} INFO - [2023-10-11T07:08:19.097+0000] {dag.py:3696} INFO - Setting next_dagrun for example_branch_operator to 2023-10-10T00:00:00+00:00, run_after=2023-10-11T00:00:00+00:00
[2023-10-11T07:08:19.108+0000] {processor.py:179} INFO - Processing /home/airflow/.local/lib/python3.8/site-packages/airflow/example_dags/example_branch_operator.py took 0.073 seconds
[2023-10-11T07:08:49.240+0000] {processor.py:157} INFO - Started process (PID=3742) to work on /home/airflow/.local/lib/python3.8/site-packages/airflow/example_dags/example_branch_operator.py
[2023-10-11T07:08:49.242+0000] {processor.py:829} INFO - Processing file /home/airflow/.local/lib/python3.8/site-packages/airflow/example_dags/example_branch_operator.py for tasks to queue
[2023-10-11T07:08:49.243+0000] {logging_mixin.py:151} INFO - [2023-10-11T07:08:49.243+0000] {dagbag.py:539} INFO - Filling up the DagBag from /home/airflow/.local/lib/python3.8/site-packages/airflow/example_dags/example_branch_operator.py
[2023-10-11T07:08:49.256+0000] {processor.py:839} INFO - DAG(s) dict_keys(['example_branch_operator']) retrieved from /home/airflow/.local/lib/python3.8/site-packages/airflow/example_dags/example_branch_operator.py
[2023-10-11T07:08:49.313+0000] {logging_mixin.py:151} INFO - [2023-10-11T07:08:49.312+0000] {dag.py:2915} INFO - Sync 1 DAGs
[2023-10-11T07:08:49.337+0000] {logging_mixin.py:151} INFO - [2023-10-11T07:08:49.337+0000] {dag.py:3696} INFO - Setting next_dagrun for example_branch_operator to 2023-10-10T00:00:00+00:00, run_after=2023-10-11T00:00:00+00:00
[2023-10-11T07:08:49.362+0000] {processor.py:179} INFO - Processing /home/airflow/.local/lib/python3.8/site-packages/airflow/example_dags/example_branch_operator.py took 0.126 seconds
[2023-10-11T07:09:19.527+0000] {processor.py:157} INFO - Started process (PID=3985) to work on /home/airflow/.local/lib/python3.8/site-packages/airflow/example_dags/example_branch_operator.py
[2023-10-11T07:09:19.528+0000] {processor.py:829} INFO - Processing file /home/airflow/.local/lib/python3.8/site-packages/airflow/example_dags/example_branch_operator.py for tasks to queue
[2023-10-11T07:09:19.528+0000] {logging_mixin.py:151} INFO - [2023-10-11T07:09:19.528+0000] {dagbag.py:539} INFO - Filling up the DagBag from /home/airflow/.local/lib/python3.8/site-packages/airflow/example_dags/example_branch_operator.py
[2023-10-11T07:09:19.537+0000] {processor.py:839} INFO - DAG(s) dict_keys(['example_branch_operator']) retrieved from /home/airflow/.local/lib/python3.8/site-packages/airflow/example_dags/example_branch_operator.py
[2023-10-11T07:09:19.582+0000] {logging_mixin.py:151} INFO - [2023-10-11T07:09:19.582+0000] {dag.py:2915} INFO - Sync 1 DAGs
[2023-10-11T07:09:19.599+0000] {logging_mixin.py:151} INFO - [2023-10-11T07:09:19.599+0000] {dag.py:3696} INFO - Setting next_dagrun for example_branch_operator to 2023-10-10T00:00:00+00:00, run_after=2023-10-11T00:00:00+00:00
[2023-10-11T07:09:19.610+0000] {processor.py:179} INFO - Processing /home/airflow/.local/lib/python3.8/site-packages/airflow/example_dags/example_branch_operator.py took 0.086 seconds
[2023-10-11T07:09:50.021+0000] {processor.py:157} INFO - Started process (PID=4228) to work on /home/airflow/.local/lib/python3.8/site-packages/airflow/example_dags/example_branch_operator.py
[2023-10-11T07:09:50.023+0000] {processor.py:829} INFO - Processing file /home/airflow/.local/lib/python3.8/site-packages/airflow/example_dags/example_branch_operator.py for tasks to queue
[2023-10-11T07:09:50.024+0000] {logging_mixin.py:151} INFO - [2023-10-11T07:09:50.023+0000] {dagbag.py:539} INFO - Filling up the DagBag from /home/airflow/.local/lib/python3.8/site-packages/airflow/example_dags/example_branch_operator.py
[2023-10-11T07:09:50.033+0000] {processor.py:839} INFO - DAG(s) dict_keys(['example_branch_operator']) retrieved from /home/airflow/.local/lib/python3.8/site-packages/airflow/example_dags/example_branch_operator.py
[2023-10-11T07:09:50.060+0000] {logging_mixin.py:151} INFO - [2023-10-11T07:09:50.060+0000] {dag.py:2915} INFO - Sync 1 DAGs
[2023-10-11T07:09:50.109+0000] {logging_mixin.py:151} INFO - [2023-10-11T07:09:50.108+0000] {dag.py:3696} INFO - Setting next_dagrun for example_branch_operator to 2023-10-10T00:00:00+00:00, run_after=2023-10-11T00:00:00+00:00
[2023-10-11T07:09:50.132+0000] {processor.py:179} INFO - Processing /home/airflow/.local/lib/python3.8/site-packages/airflow/example_dags/example_branch_operator.py took 0.114 seconds
[2023-10-11T07:10:20.689+0000] {processor.py:157} INFO - Started process (PID=4471) to work on /home/airflow/.local/lib/python3.8/site-packages/airflow/example_dags/example_branch_operator.py
[2023-10-11T07:10:20.690+0000] {processor.py:829} INFO - Processing file /home/airflow/.local/lib/python3.8/site-packages/airflow/example_dags/example_branch_operator.py for tasks to queue
[2023-10-11T07:10:20.691+0000] {logging_mixin.py:151} INFO - [2023-10-11T07:10:20.690+0000] {dagbag.py:539} INFO - Filling up the DagBag from /home/airflow/.local/lib/python3.8/site-packages/airflow/example_dags/example_branch_operator.py
[2023-10-11T07:10:20.698+0000] {processor.py:839} INFO - DAG(s) dict_keys(['example_branch_operator']) retrieved from /home/airflow/.local/lib/python3.8/site-packages/airflow/example_dags/example_branch_operator.py
[2023-10-11T07:10:20.714+0000] {logging_mixin.py:151} INFO - [2023-10-11T07:10:20.713+0000] {dag.py:2915} INFO - Sync 1 DAGs
[2023-10-11T07:10:20.731+0000] {logging_mixin.py:151} INFO - [2023-10-11T07:10:20.731+0000] {dag.py:3696} INFO - Setting next_dagrun for example_branch_operator to 2023-10-10T00:00:00+00:00, run_after=2023-10-11T00:00:00+00:00
[2023-10-11T07:10:20.744+0000] {processor.py:179} INFO - Processing /home/airflow/.local/lib/python3.8/site-packages/airflow/example_dags/example_branch_operator.py took 0.058 seconds
[2023-10-11T07:10:51.149+0000] {processor.py:157} INFO - Started process (PID=4714) to work on /home/airflow/.local/lib/python3.8/site-packages/airflow/example_dags/example_branch_operator.py
[2023-10-11T07:10:51.161+0000] {processor.py:829} INFO - Processing file /home/airflow/.local/lib/python3.8/site-packages/airflow/example_dags/example_branch_operator.py for tasks to queue
[2023-10-11T07:10:51.165+0000] {logging_mixin.py:151} INFO - [2023-10-11T07:10:51.164+0000] {dagbag.py:539} INFO - Filling up the DagBag from /home/airflow/.local/lib/python3.8/site-packages/airflow/example_dags/example_branch_operator.py
[2023-10-11T07:10:51.184+0000] {processor.py:839} INFO - DAG(s) dict_keys(['example_branch_operator']) retrieved from /home/airflow/.local/lib/python3.8/site-packages/airflow/example_dags/example_branch_operator.py
[2023-10-11T07:10:51.200+0000] {logging_mixin.py:151} INFO - [2023-10-11T07:10:51.200+0000] {dag.py:2915} INFO - Sync 1 DAGs
[2023-10-11T07:10:51.214+0000] {logging_mixin.py:151} INFO - [2023-10-11T07:10:51.214+0000] {dag.py:3696} INFO - Setting next_dagrun for example_branch_operator to 2023-10-10T00:00:00+00:00, run_after=2023-10-11T00:00:00+00:00
[2023-10-11T07:10:51.228+0000] {processor.py:179} INFO - Processing /home/airflow/.local/lib/python3.8/site-packages/airflow/example_dags/example_branch_operator.py took 0.082 seconds
[2023-10-11T07:11:21.529+0000] {processor.py:157} INFO - Started process (PID=4957) to work on /home/airflow/.local/lib/python3.8/site-packages/airflow/example_dags/example_branch_operator.py
[2023-10-11T07:11:21.529+0000] {processor.py:829} INFO - Processing file /home/airflow/.local/lib/python3.8/site-packages/airflow/example_dags/example_branch_operator.py for tasks to queue
[2023-10-11T07:11:21.530+0000] {logging_mixin.py:151} INFO - [2023-10-11T07:11:21.530+0000] {dagbag.py:539} INFO - Filling up the DagBag from /home/airflow/.local/lib/python3.8/site-packages/airflow/example_dags/example_branch_operator.py
[2023-10-11T07:11:21.541+0000] {processor.py:839} INFO - DAG(s) dict_keys(['example_branch_operator']) retrieved from /home/airflow/.local/lib/python3.8/site-packages/airflow/example_dags/example_branch_operator.py
[2023-10-11T07:11:21.573+0000] {logging_mixin.py:151} INFO - [2023-10-11T07:11:21.572+0000] {dag.py:2915} INFO - Sync 1 DAGs
[2023-10-11T07:11:21.595+0000] {logging_mixin.py:151} INFO - [2023-10-11T07:11:21.594+0000] {dag.py:3696} INFO - Setting next_dagrun for example_branch_operator to 2023-10-10T00:00:00+00:00, run_after=2023-10-11T00:00:00+00:00
[2023-10-11T07:11:21.607+0000] {processor.py:179} INFO - Processing /home/airflow/.local/lib/python3.8/site-packages/airflow/example_dags/example_branch_operator.py took 0.082 seconds
[2023-10-11T07:11:52.314+0000] {processor.py:157} INFO - Started process (PID=5200) to work on /home/airflow/.local/lib/python3.8/site-packages/airflow/example_dags/example_branch_operator.py
[2023-10-11T07:11:52.315+0000] {processor.py:829} INFO - Processing file /home/airflow/.local/lib/python3.8/site-packages/airflow/example_dags/example_branch_operator.py for tasks to queue
[2023-10-11T07:11:52.316+0000] {logging_mixin.py:151} INFO - [2023-10-11T07:11:52.316+0000] {dagbag.py:539} INFO - Filling up the DagBag from /home/airflow/.local/lib/python3.8/site-packages/airflow/example_dags/example_branch_operator.py
[2023-10-11T07:11:52.323+0000] {processor.py:839} INFO - DAG(s) dict_keys(['example_branch_operator']) retrieved from /home/airflow/.local/lib/python3.8/site-packages/airflow/example_dags/example_branch_operator.py
[2023-10-11T07:11:52.339+0000] {logging_mixin.py:151} INFO - [2023-10-11T07:11:52.339+0000] {dag.py:2915} INFO - Sync 1 DAGs
[2023-10-11T07:11:52.362+0000] {logging_mixin.py:151} INFO - [2023-10-11T07:11:52.362+0000] {dag.py:3696} INFO - Setting next_dagrun for example_branch_operator to 2023-10-10T00:00:00+00:00, run_after=2023-10-11T00:00:00+00:00
[2023-10-11T07:11:52.385+0000] {processor.py:179} INFO - Processing /home/airflow/.local/lib/python3.8/site-packages/airflow/example_dags/example_branch_operator.py took 0.073 seconds
[2023-10-11T07:12:22.523+0000] {processor.py:157} INFO - Started process (PID=5443) to work on /home/airflow/.local/lib/python3.8/site-packages/airflow/example_dags/example_branch_operator.py
[2023-10-11T07:12:22.524+0000] {processor.py:829} INFO - Processing file /home/airflow/.local/lib/python3.8/site-packages/airflow/example_dags/example_branch_operator.py for tasks to queue
[2023-10-11T07:12:22.525+0000] {logging_mixin.py:151} INFO - [2023-10-11T07:12:22.525+0000] {dagbag.py:539} INFO - Filling up the DagBag from /home/airflow/.local/lib/python3.8/site-packages/airflow/example_dags/example_branch_operator.py
[2023-10-11T07:12:22.533+0000] {processor.py:839} INFO - DAG(s) dict_keys(['example_branch_operator']) retrieved from /home/airflow/.local/lib/python3.8/site-packages/airflow/example_dags/example_branch_operator.py
[2023-10-11T07:12:22.566+0000] {logging_mixin.py:151} INFO - [2023-10-11T07:12:22.565+0000] {dag.py:2915} INFO - Sync 1 DAGs
[2023-10-11T07:12:22.590+0000] {logging_mixin.py:151} INFO - [2023-10-11T07:12:22.590+0000] {dag.py:3696} INFO - Setting next_dagrun for example_branch_operator to 2023-10-10T00:00:00+00:00, run_after=2023-10-11T00:00:00+00:00
[2023-10-11T07:12:22.601+0000] {processor.py:179} INFO - Processing /home/airflow/.local/lib/python3.8/site-packages/airflow/example_dags/example_branch_operator.py took 0.080 seconds
[2023-10-11T07:12:53.345+0000] {processor.py:157} INFO - Started process (PID=5686) to work on /home/airflow/.local/lib/python3.8/site-packages/airflow/example_dags/example_branch_operator.py
[2023-10-11T07:12:53.346+0000] {processor.py:829} INFO - Processing file /home/airflow/.local/lib/python3.8/site-packages/airflow/example_dags/example_branch_operator.py for tasks to queue
[2023-10-11T07:12:53.346+0000] {logging_mixin.py:151} INFO - [2023-10-11T07:12:53.346+0000] {dagbag.py:539} INFO - Filling up the DagBag from /home/airflow/.local/lib/python3.8/site-packages/airflow/example_dags/example_branch_operator.py
[2023-10-11T07:12:53.354+0000] {processor.py:839} INFO - DAG(s) dict_keys(['example_branch_operator']) retrieved from /home/airflow/.local/lib/python3.8/site-packages/airflow/example_dags/example_branch_operator.py
[2023-10-11T07:12:53.383+0000] {logging_mixin.py:151} INFO - [2023-10-11T07:12:53.383+0000] {dag.py:2915} INFO - Sync 1 DAGs
[2023-10-11T07:12:53.399+0000] {logging_mixin.py:151} INFO - [2023-10-11T07:12:53.398+0000] {dag.py:3696} INFO - Setting next_dagrun for example_branch_operator to 2023-10-10T00:00:00+00:00, run_after=2023-10-11T00:00:00+00:00
[2023-10-11T07:12:53.409+0000] {processor.py:179} INFO - Processing /home/airflow/.local/lib/python3.8/site-packages/airflow/example_dags/example_branch_operator.py took 0.068 seconds
[2023-10-11T07:13:24.004+0000] {processor.py:157} INFO - Started process (PID=5929) to work on /home/airflow/.local/lib/python3.8/site-packages/airflow/example_dags/example_branch_operator.py
[2023-10-11T07:13:24.005+0000] {processor.py:829} INFO - Processing file /home/airflow/.local/lib/python3.8/site-packages/airflow/example_dags/example_branch_operator.py for tasks to queue
[2023-10-11T07:13:24.005+0000] {logging_mixin.py:151} INFO - [2023-10-11T07:13:24.005+0000] {dagbag.py:539} INFO - Filling up the DagBag from /home/airflow/.local/lib/python3.8/site-packages/airflow/example_dags/example_branch_operator.py
[2023-10-11T07:13:24.013+0000] {processor.py:839} INFO - DAG(s) dict_keys(['example_branch_operator']) retrieved from /home/airflow/.local/lib/python3.8/site-packages/airflow/example_dags/example_branch_operator.py
[2023-10-11T07:13:24.030+0000] {logging_mixin.py:151} INFO - [2023-10-11T07:13:24.030+0000] {dag.py:2915} INFO - Sync 1 DAGs
[2023-10-11T07:13:24.059+0000] {logging_mixin.py:151} INFO - [2023-10-11T07:13:24.058+0000] {dag.py:3696} INFO - Setting next_dagrun for example_branch_operator to 2023-10-10T00:00:00+00:00, run_after=2023-10-11T00:00:00+00:00
[2023-10-11T07:13:24.086+0000] {processor.py:179} INFO - Processing /home/airflow/.local/lib/python3.8/site-packages/airflow/example_dags/example_branch_operator.py took 0.085 seconds
[2023-10-11T07:13:54.439+0000] {processor.py:157} INFO - Started process (PID=6172) to work on /home/airflow/.local/lib/python3.8/site-packages/airflow/example_dags/example_branch_operator.py
[2023-10-11T07:13:54.441+0000] {processor.py:829} INFO - Processing file /home/airflow/.local/lib/python3.8/site-packages/airflow/example_dags/example_branch_operator.py for tasks to queue
[2023-10-11T07:13:54.441+0000] {logging_mixin.py:151} INFO - [2023-10-11T07:13:54.441+0000] {dagbag.py:539} INFO - Filling up the DagBag from /home/airflow/.local/lib/python3.8/site-packages/airflow/example_dags/example_branch_operator.py
[2023-10-11T07:13:54.450+0000] {processor.py:839} INFO - DAG(s) dict_keys(['example_branch_operator']) retrieved from /home/airflow/.local/lib/python3.8/site-packages/airflow/example_dags/example_branch_operator.py
[2023-10-11T07:13:54.485+0000] {logging_mixin.py:151} INFO - [2023-10-11T07:13:54.484+0000] {dag.py:2915} INFO - Sync 1 DAGs
[2023-10-11T07:13:54.498+0000] {logging_mixin.py:151} INFO - [2023-10-11T07:13:54.498+0000] {dag.py:3696} INFO - Setting next_dagrun for example_branch_operator to 2023-10-10T00:00:00+00:00, run_after=2023-10-11T00:00:00+00:00
[2023-10-11T07:13:54.510+0000] {processor.py:179} INFO - Processing /home/airflow/.local/lib/python3.8/site-packages/airflow/example_dags/example_branch_operator.py took 0.073 seconds
[2023-10-11T07:14:25.016+0000] {processor.py:157} INFO - Started process (PID=6415) to work on /home/airflow/.local/lib/python3.8/site-packages/airflow/example_dags/example_branch_operator.py
[2023-10-11T07:14:25.017+0000] {processor.py:829} INFO - Processing file /home/airflow/.local/lib/python3.8/site-packages/airflow/example_dags/example_branch_operator.py for tasks to queue
[2023-10-11T07:14:25.018+0000] {logging_mixin.py:151} INFO - [2023-10-11T07:14:25.017+0000] {dagbag.py:539} INFO - Filling up the DagBag from /home/airflow/.local/lib/python3.8/site-packages/airflow/example_dags/example_branch_operator.py
[2023-10-11T07:14:25.024+0000] {processor.py:839} INFO - DAG(s) dict_keys(['example_branch_operator']) retrieved from /home/airflow/.local/lib/python3.8/site-packages/airflow/example_dags/example_branch_operator.py
[2023-10-11T07:14:25.039+0000] {logging_mixin.py:151} INFO - [2023-10-11T07:14:25.038+0000] {dag.py:2915} INFO - Sync 1 DAGs
[2023-10-11T07:14:25.056+0000] {logging_mixin.py:151} INFO - [2023-10-11T07:14:25.056+0000] {dag.py:3696} INFO - Setting next_dagrun for example_branch_operator to 2023-10-10T00:00:00+00:00, run_after=2023-10-11T00:00:00+00:00
[2023-10-11T07:14:25.079+0000] {processor.py:179} INFO - Processing /home/airflow/.local/lib/python3.8/site-packages/airflow/example_dags/example_branch_operator.py took 0.065 seconds
[2023-10-11T07:14:55.348+0000] {processor.py:157} INFO - Started process (PID=6660) to work on /home/airflow/.local/lib/python3.8/site-packages/airflow/example_dags/example_branch_operator.py
[2023-10-11T07:14:55.350+0000] {processor.py:829} INFO - Processing file /home/airflow/.local/lib/python3.8/site-packages/airflow/example_dags/example_branch_operator.py for tasks to queue
[2023-10-11T07:14:55.357+0000] {logging_mixin.py:151} INFO - [2023-10-11T07:14:55.353+0000] {dagbag.py:539} INFO - Filling up the DagBag from /home/airflow/.local/lib/python3.8/site-packages/airflow/example_dags/example_branch_operator.py
[2023-10-11T07:14:55.378+0000] {processor.py:839} INFO - DAG(s) dict_keys(['example_branch_operator']) retrieved from /home/airflow/.local/lib/python3.8/site-packages/airflow/example_dags/example_branch_operator.py
[2023-10-11T07:14:55.394+0000] {logging_mixin.py:151} INFO - [2023-10-11T07:14:55.394+0000] {dag.py:2915} INFO - Sync 1 DAGs
[2023-10-11T07:14:55.406+0000] {logging_mixin.py:151} INFO - [2023-10-11T07:14:55.406+0000] {dag.py:3696} INFO - Setting next_dagrun for example_branch_operator to 2023-10-10T00:00:00+00:00, run_after=2023-10-11T00:00:00+00:00
[2023-10-11T07:14:55.415+0000] {processor.py:179} INFO - Processing /home/airflow/.local/lib/python3.8/site-packages/airflow/example_dags/example_branch_operator.py took 0.072 seconds
[2023-10-11T07:15:25.926+0000] {processor.py:157} INFO - Started process (PID=6900) to work on /home/airflow/.local/lib/python3.8/site-packages/airflow/example_dags/example_branch_operator.py
[2023-10-11T07:15:25.928+0000] {processor.py:829} INFO - Processing file /home/airflow/.local/lib/python3.8/site-packages/airflow/example_dags/example_branch_operator.py for tasks to queue
[2023-10-11T07:15:25.929+0000] {logging_mixin.py:151} INFO - [2023-10-11T07:15:25.928+0000] {dagbag.py:539} INFO - Filling up the DagBag from /home/airflow/.local/lib/python3.8/site-packages/airflow/example_dags/example_branch_operator.py
[2023-10-11T07:15:25.938+0000] {processor.py:839} INFO - DAG(s) dict_keys(['example_branch_operator']) retrieved from /home/airflow/.local/lib/python3.8/site-packages/airflow/example_dags/example_branch_operator.py
[2023-10-11T07:15:26.004+0000] {logging_mixin.py:151} INFO - [2023-10-11T07:15:26.004+0000] {dag.py:2915} INFO - Sync 1 DAGs
[2023-10-11T07:15:26.020+0000] {logging_mixin.py:151} INFO - [2023-10-11T07:15:26.020+0000] {dag.py:3696} INFO - Setting next_dagrun for example_branch_operator to 2023-10-10T00:00:00+00:00, run_after=2023-10-11T00:00:00+00:00
[2023-10-11T07:15:26.033+0000] {processor.py:179} INFO - Processing /home/airflow/.local/lib/python3.8/site-packages/airflow/example_dags/example_branch_operator.py took 0.117 seconds
[2023-10-11T07:15:56.609+0000] {processor.py:157} INFO - Started process (PID=7144) to work on /home/airflow/.local/lib/python3.8/site-packages/airflow/example_dags/example_branch_operator.py
[2023-10-11T07:15:56.609+0000] {processor.py:829} INFO - Processing file /home/airflow/.local/lib/python3.8/site-packages/airflow/example_dags/example_branch_operator.py for tasks to queue
[2023-10-11T07:15:56.610+0000] {logging_mixin.py:151} INFO - [2023-10-11T07:15:56.610+0000] {dagbag.py:539} INFO - Filling up the DagBag from /home/airflow/.local/lib/python3.8/site-packages/airflow/example_dags/example_branch_operator.py
[2023-10-11T07:15:56.618+0000] {processor.py:839} INFO - DAG(s) dict_keys(['example_branch_operator']) retrieved from /home/airflow/.local/lib/python3.8/site-packages/airflow/example_dags/example_branch_operator.py
[2023-10-11T07:15:56.635+0000] {logging_mixin.py:151} INFO - [2023-10-11T07:15:56.635+0000] {dag.py:2915} INFO - Sync 1 DAGs
[2023-10-11T07:15:56.657+0000] {logging_mixin.py:151} INFO - [2023-10-11T07:15:56.657+0000] {dag.py:3696} INFO - Setting next_dagrun for example_branch_operator to 2023-10-10T00:00:00+00:00, run_after=2023-10-11T00:00:00+00:00
[2023-10-11T07:15:56.678+0000] {processor.py:179} INFO - Processing /home/airflow/.local/lib/python3.8/site-packages/airflow/example_dags/example_branch_operator.py took 0.072 seconds
[2023-10-11T07:16:27.542+0000] {processor.py:157} INFO - Started process (PID=7387) to work on /home/airflow/.local/lib/python3.8/site-packages/airflow/example_dags/example_branch_operator.py
[2023-10-11T07:16:27.543+0000] {processor.py:829} INFO - Processing file /home/airflow/.local/lib/python3.8/site-packages/airflow/example_dags/example_branch_operator.py for tasks to queue
[2023-10-11T07:16:27.544+0000] {logging_mixin.py:151} INFO - [2023-10-11T07:16:27.544+0000] {dagbag.py:539} INFO - Filling up the DagBag from /home/airflow/.local/lib/python3.8/site-packages/airflow/example_dags/example_branch_operator.py
[2023-10-11T07:16:27.581+0000] {processor.py:839} INFO - DAG(s) dict_keys(['example_branch_operator']) retrieved from /home/airflow/.local/lib/python3.8/site-packages/airflow/example_dags/example_branch_operator.py
[2023-10-11T07:16:27.603+0000] {logging_mixin.py:151} INFO - [2023-10-11T07:16:27.603+0000] {dag.py:2915} INFO - Sync 1 DAGs
[2023-10-11T07:16:27.624+0000] {logging_mixin.py:151} INFO - [2023-10-11T07:16:27.623+0000] {dag.py:3696} INFO - Setting next_dagrun for example_branch_operator to 2023-10-10T00:00:00+00:00, run_after=2023-10-11T00:00:00+00:00
[2023-10-11T07:16:27.636+0000] {processor.py:179} INFO - Processing /home/airflow/.local/lib/python3.8/site-packages/airflow/example_dags/example_branch_operator.py took 0.096 seconds
[2023-10-11T07:16:58.187+0000] {processor.py:157} INFO - Started process (PID=7632) to work on /home/airflow/.local/lib/python3.8/site-packages/airflow/example_dags/example_branch_operator.py
[2023-10-11T07:16:58.189+0000] {processor.py:829} INFO - Processing file /home/airflow/.local/lib/python3.8/site-packages/airflow/example_dags/example_branch_operator.py for tasks to queue
[2023-10-11T07:16:58.190+0000] {logging_mixin.py:151} INFO - [2023-10-11T07:16:58.190+0000] {dagbag.py:539} INFO - Filling up the DagBag from /home/airflow/.local/lib/python3.8/site-packages/airflow/example_dags/example_branch_operator.py
[2023-10-11T07:16:58.203+0000] {processor.py:839} INFO - DAG(s) dict_keys(['example_branch_operator']) retrieved from /home/airflow/.local/lib/python3.8/site-packages/airflow/example_dags/example_branch_operator.py
[2023-10-11T07:16:58.232+0000] {logging_mixin.py:151} INFO - [2023-10-11T07:16:58.232+0000] {dag.py:2915} INFO - Sync 1 DAGs
[2023-10-11T07:16:58.265+0000] {logging_mixin.py:151} INFO - [2023-10-11T07:16:58.265+0000] {dag.py:3696} INFO - Setting next_dagrun for example_branch_operator to 2023-10-10T00:00:00+00:00, run_after=2023-10-11T00:00:00+00:00
[2023-10-11T07:16:58.296+0000] {processor.py:179} INFO - Processing /home/airflow/.local/lib/python3.8/site-packages/airflow/example_dags/example_branch_operator.py took 0.115 seconds
[2023-10-11T07:17:30.149+0000] {processor.py:157} INFO - Started process (PID=7873) to work on /home/airflow/.local/lib/python3.8/site-packages/airflow/example_dags/example_branch_operator.py
[2023-10-11T07:17:30.159+0000] {processor.py:829} INFO - Processing file /home/airflow/.local/lib/python3.8/site-packages/airflow/example_dags/example_branch_operator.py for tasks to queue
[2023-10-11T07:17:30.166+0000] {logging_mixin.py:151} INFO - [2023-10-11T07:17:30.164+0000] {dagbag.py:539} INFO - Filling up the DagBag from /home/airflow/.local/lib/python3.8/site-packages/airflow/example_dags/example_branch_operator.py
[2023-10-11T07:17:30.194+0000] {processor.py:839} INFO - DAG(s) dict_keys(['example_branch_operator']) retrieved from /home/airflow/.local/lib/python3.8/site-packages/airflow/example_dags/example_branch_operator.py
[2023-10-11T07:17:30.234+0000] {logging_mixin.py:151} INFO - [2023-10-11T07:17:30.233+0000] {dag.py:2915} INFO - Sync 1 DAGs
[2023-10-11T07:17:30.305+0000] {logging_mixin.py:151} INFO - [2023-10-11T07:17:30.305+0000] {dag.py:3696} INFO - Setting next_dagrun for example_branch_operator to 2023-10-10T00:00:00+00:00, run_after=2023-10-11T00:00:00+00:00
[2023-10-11T07:17:30.351+0000] {processor.py:179} INFO - Processing /home/airflow/.local/lib/python3.8/site-packages/airflow/example_dags/example_branch_operator.py took 0.214 seconds
[2023-10-11T07:18:00.510+0000] {processor.py:157} INFO - Started process (PID=8116) to work on /home/airflow/.local/lib/python3.8/site-packages/airflow/example_dags/example_branch_operator.py
[2023-10-11T07:18:00.512+0000] {processor.py:829} INFO - Processing file /home/airflow/.local/lib/python3.8/site-packages/airflow/example_dags/example_branch_operator.py for tasks to queue
[2023-10-11T07:18:00.513+0000] {logging_mixin.py:151} INFO - [2023-10-11T07:18:00.513+0000] {dagbag.py:539} INFO - Filling up the DagBag from /home/airflow/.local/lib/python3.8/site-packages/airflow/example_dags/example_branch_operator.py
[2023-10-11T07:18:00.526+0000] {processor.py:839} INFO - DAG(s) dict_keys(['example_branch_operator']) retrieved from /home/airflow/.local/lib/python3.8/site-packages/airflow/example_dags/example_branch_operator.py
[2023-10-11T07:18:00.584+0000] {logging_mixin.py:151} INFO - [2023-10-11T07:18:00.584+0000] {dag.py:2915} INFO - Sync 1 DAGs
[2023-10-11T07:18:00.610+0000] {logging_mixin.py:151} INFO - [2023-10-11T07:18:00.610+0000] {dag.py:3696} INFO - Setting next_dagrun for example_branch_operator to 2023-10-10T00:00:00+00:00, run_after=2023-10-11T00:00:00+00:00
[2023-10-11T07:18:00.630+0000] {processor.py:179} INFO - Processing /home/airflow/.local/lib/python3.8/site-packages/airflow/example_dags/example_branch_operator.py took 0.125 seconds
[2023-10-11T07:18:31.443+0000] {processor.py:157} INFO - Started process (PID=8361) to work on /home/airflow/.local/lib/python3.8/site-packages/airflow/example_dags/example_branch_operator.py
[2023-10-11T07:18:31.460+0000] {processor.py:829} INFO - Processing file /home/airflow/.local/lib/python3.8/site-packages/airflow/example_dags/example_branch_operator.py for tasks to queue
[2023-10-11T07:18:31.469+0000] {logging_mixin.py:151} INFO - [2023-10-11T07:18:31.469+0000] {dagbag.py:539} INFO - Filling up the DagBag from /home/airflow/.local/lib/python3.8/site-packages/airflow/example_dags/example_branch_operator.py
[2023-10-11T07:18:31.481+0000] {processor.py:839} INFO - DAG(s) dict_keys(['example_branch_operator']) retrieved from /home/airflow/.local/lib/python3.8/site-packages/airflow/example_dags/example_branch_operator.py
[2023-10-11T07:18:31.508+0000] {logging_mixin.py:151} INFO - [2023-10-11T07:18:31.508+0000] {dag.py:2915} INFO - Sync 1 DAGs
[2023-10-11T07:18:31.529+0000] {logging_mixin.py:151} INFO - [2023-10-11T07:18:31.528+0000] {dag.py:3696} INFO - Setting next_dagrun for example_branch_operator to 2023-10-10T00:00:00+00:00, run_after=2023-10-11T00:00:00+00:00
[2023-10-11T07:18:31.548+0000] {processor.py:179} INFO - Processing /home/airflow/.local/lib/python3.8/site-packages/airflow/example_dags/example_branch_operator.py took 0.110 seconds
[2023-10-11T07:19:02.527+0000] {processor.py:157} INFO - Started process (PID=8604) to work on /home/airflow/.local/lib/python3.8/site-packages/airflow/example_dags/example_branch_operator.py
[2023-10-11T07:19:02.528+0000] {processor.py:829} INFO - Processing file /home/airflow/.local/lib/python3.8/site-packages/airflow/example_dags/example_branch_operator.py for tasks to queue
[2023-10-11T07:19:02.530+0000] {logging_mixin.py:151} INFO - [2023-10-11T07:19:02.529+0000] {dagbag.py:539} INFO - Filling up the DagBag from /home/airflow/.local/lib/python3.8/site-packages/airflow/example_dags/example_branch_operator.py
[2023-10-11T07:19:02.542+0000] {processor.py:839} INFO - DAG(s) dict_keys(['example_branch_operator']) retrieved from /home/airflow/.local/lib/python3.8/site-packages/airflow/example_dags/example_branch_operator.py
[2023-10-11T07:19:02.590+0000] {logging_mixin.py:151} INFO - [2023-10-11T07:19:02.590+0000] {dag.py:2915} INFO - Sync 1 DAGs
[2023-10-11T07:19:02.615+0000] {logging_mixin.py:151} INFO - [2023-10-11T07:19:02.615+0000] {dag.py:3696} INFO - Setting next_dagrun for example_branch_operator to 2023-10-10T00:00:00+00:00, run_after=2023-10-11T00:00:00+00:00
[2023-10-11T07:19:02.648+0000] {processor.py:179} INFO - Processing /home/airflow/.local/lib/python3.8/site-packages/airflow/example_dags/example_branch_operator.py took 0.125 seconds
[2023-10-11T07:19:33.397+0000] {processor.py:157} INFO - Started process (PID=8850) to work on /home/airflow/.local/lib/python3.8/site-packages/airflow/example_dags/example_branch_operator.py
[2023-10-11T07:19:33.400+0000] {processor.py:829} INFO - Processing file /home/airflow/.local/lib/python3.8/site-packages/airflow/example_dags/example_branch_operator.py for tasks to queue
[2023-10-11T07:19:33.401+0000] {logging_mixin.py:151} INFO - [2023-10-11T07:19:33.401+0000] {dagbag.py:539} INFO - Filling up the DagBag from /home/airflow/.local/lib/python3.8/site-packages/airflow/example_dags/example_branch_operator.py
[2023-10-11T07:19:33.414+0000] {processor.py:839} INFO - DAG(s) dict_keys(['example_branch_operator']) retrieved from /home/airflow/.local/lib/python3.8/site-packages/airflow/example_dags/example_branch_operator.py
[2023-10-11T07:19:33.457+0000] {logging_mixin.py:151} INFO - [2023-10-11T07:19:33.457+0000] {dag.py:2915} INFO - Sync 1 DAGs
[2023-10-11T07:19:33.499+0000] {logging_mixin.py:151} INFO - [2023-10-11T07:19:33.498+0000] {dag.py:3696} INFO - Setting next_dagrun for example_branch_operator to 2023-10-10T00:00:00+00:00, run_after=2023-10-11T00:00:00+00:00
[2023-10-11T07:19:33.524+0000] {processor.py:179} INFO - Processing /home/airflow/.local/lib/python3.8/site-packages/airflow/example_dags/example_branch_operator.py took 0.133 seconds
[2023-10-11T07:20:05.128+0000] {processor.py:157} INFO - Started process (PID=9093) to work on /home/airflow/.local/lib/python3.8/site-packages/airflow/example_dags/example_branch_operator.py
[2023-10-11T07:20:05.129+0000] {processor.py:829} INFO - Processing file /home/airflow/.local/lib/python3.8/site-packages/airflow/example_dags/example_branch_operator.py for tasks to queue
[2023-10-11T07:20:05.131+0000] {logging_mixin.py:151} INFO - [2023-10-11T07:20:05.131+0000] {dagbag.py:539} INFO - Filling up the DagBag from /home/airflow/.local/lib/python3.8/site-packages/airflow/example_dags/example_branch_operator.py
[2023-10-11T07:20:05.160+0000] {processor.py:839} INFO - DAG(s) dict_keys(['example_branch_operator']) retrieved from /home/airflow/.local/lib/python3.8/site-packages/airflow/example_dags/example_branch_operator.py
[2023-10-11T07:20:05.231+0000] {logging_mixin.py:151} INFO - [2023-10-11T07:20:05.231+0000] {dag.py:2915} INFO - Sync 1 DAGs
[2023-10-11T07:20:05.288+0000] {logging_mixin.py:151} INFO - [2023-10-11T07:20:05.287+0000] {dag.py:3696} INFO - Setting next_dagrun for example_branch_operator to 2023-10-10T00:00:00+00:00, run_after=2023-10-11T00:00:00+00:00
[2023-10-11T07:20:05.311+0000] {processor.py:179} INFO - Processing /home/airflow/.local/lib/python3.8/site-packages/airflow/example_dags/example_branch_operator.py took 0.189 seconds
[2023-10-11T07:20:36.401+0000] {processor.py:157} INFO - Started process (PID=9343) to work on /home/airflow/.local/lib/python3.8/site-packages/airflow/example_dags/example_branch_operator.py
[2023-10-11T07:20:36.403+0000] {processor.py:829} INFO - Processing file /home/airflow/.local/lib/python3.8/site-packages/airflow/example_dags/example_branch_operator.py for tasks to queue
[2023-10-11T07:20:36.405+0000] {logging_mixin.py:151} INFO - [2023-10-11T07:20:36.405+0000] {dagbag.py:539} INFO - Filling up the DagBag from /home/airflow/.local/lib/python3.8/site-packages/airflow/example_dags/example_branch_operator.py
[2023-10-11T07:20:36.420+0000] {processor.py:839} INFO - DAG(s) dict_keys(['example_branch_operator']) retrieved from /home/airflow/.local/lib/python3.8/site-packages/airflow/example_dags/example_branch_operator.py
[2023-10-11T07:20:36.456+0000] {logging_mixin.py:151} INFO - [2023-10-11T07:20:36.455+0000] {dag.py:2915} INFO - Sync 1 DAGs
[2023-10-11T07:20:36.507+0000] {logging_mixin.py:151} INFO - [2023-10-11T07:20:36.507+0000] {dag.py:3696} INFO - Setting next_dagrun for example_branch_operator to 2023-10-10T00:00:00+00:00, run_after=2023-10-11T00:00:00+00:00
[2023-10-11T07:20:36.542+0000] {processor.py:179} INFO - Processing /home/airflow/.local/lib/python3.8/site-packages/airflow/example_dags/example_branch_operator.py took 0.146 seconds
[2023-10-11T07:21:07.715+0000] {processor.py:157} INFO - Started process (PID=9588) to work on /home/airflow/.local/lib/python3.8/site-packages/airflow/example_dags/example_branch_operator.py
[2023-10-11T07:21:07.716+0000] {processor.py:829} INFO - Processing file /home/airflow/.local/lib/python3.8/site-packages/airflow/example_dags/example_branch_operator.py for tasks to queue
[2023-10-11T07:21:07.718+0000] {logging_mixin.py:151} INFO - [2023-10-11T07:21:07.717+0000] {dagbag.py:539} INFO - Filling up the DagBag from /home/airflow/.local/lib/python3.8/site-packages/airflow/example_dags/example_branch_operator.py
[2023-10-11T07:21:07.728+0000] {processor.py:839} INFO - DAG(s) dict_keys(['example_branch_operator']) retrieved from /home/airflow/.local/lib/python3.8/site-packages/airflow/example_dags/example_branch_operator.py
[2023-10-11T07:21:07.781+0000] {logging_mixin.py:151} INFO - [2023-10-11T07:21:07.781+0000] {dag.py:2915} INFO - Sync 1 DAGs
[2023-10-11T07:21:07.805+0000] {logging_mixin.py:151} INFO - [2023-10-11T07:21:07.805+0000] {dag.py:3696} INFO - Setting next_dagrun for example_branch_operator to 2023-10-10T00:00:00+00:00, run_after=2023-10-11T00:00:00+00:00
[2023-10-11T07:21:07.824+0000] {processor.py:179} INFO - Processing /home/airflow/.local/lib/python3.8/site-packages/airflow/example_dags/example_branch_operator.py took 0.113 seconds
[2023-10-11T07:21:37.914+0000] {processor.py:157} INFO - Started process (PID=9829) to work on /home/airflow/.local/lib/python3.8/site-packages/airflow/example_dags/example_branch_operator.py
[2023-10-11T07:21:37.915+0000] {processor.py:829} INFO - Processing file /home/airflow/.local/lib/python3.8/site-packages/airflow/example_dags/example_branch_operator.py for tasks to queue
[2023-10-11T07:21:37.916+0000] {logging_mixin.py:151} INFO - [2023-10-11T07:21:37.916+0000] {dagbag.py:539} INFO - Filling up the DagBag from /home/airflow/.local/lib/python3.8/site-packages/airflow/example_dags/example_branch_operator.py
[2023-10-11T07:21:37.923+0000] {processor.py:839} INFO - DAG(s) dict_keys(['example_branch_operator']) retrieved from /home/airflow/.local/lib/python3.8/site-packages/airflow/example_dags/example_branch_operator.py
[2023-10-11T07:21:37.944+0000] {logging_mixin.py:151} INFO - [2023-10-11T07:21:37.943+0000] {dag.py:2915} INFO - Sync 1 DAGs
[2023-10-11T07:21:37.961+0000] {logging_mixin.py:151} INFO - [2023-10-11T07:21:37.961+0000] {dag.py:3696} INFO - Setting next_dagrun for example_branch_operator to 2023-10-10T00:00:00+00:00, run_after=2023-10-11T00:00:00+00:00
[2023-10-11T07:21:37.974+0000] {processor.py:179} INFO - Processing /home/airflow/.local/lib/python3.8/site-packages/airflow/example_dags/example_branch_operator.py took 0.063 seconds
[2023-10-11T07:22:09.428+0000] {processor.py:157} INFO - Started process (PID=10074) to work on /home/airflow/.local/lib/python3.8/site-packages/airflow/example_dags/example_branch_operator.py
[2023-10-11T07:22:09.430+0000] {processor.py:829} INFO - Processing file /home/airflow/.local/lib/python3.8/site-packages/airflow/example_dags/example_branch_operator.py for tasks to queue
[2023-10-11T07:22:09.432+0000] {logging_mixin.py:151} INFO - [2023-10-11T07:22:09.431+0000] {dagbag.py:539} INFO - Filling up the DagBag from /home/airflow/.local/lib/python3.8/site-packages/airflow/example_dags/example_branch_operator.py
[2023-10-11T07:22:09.483+0000] {processor.py:839} INFO - DAG(s) dict_keys(['example_branch_operator']) retrieved from /home/airflow/.local/lib/python3.8/site-packages/airflow/example_dags/example_branch_operator.py
[2023-10-11T07:22:09.527+0000] {logging_mixin.py:151} INFO - [2023-10-11T07:22:09.526+0000] {dag.py:2915} INFO - Sync 1 DAGs
[2023-10-11T07:22:09.570+0000] {logging_mixin.py:151} INFO - [2023-10-11T07:22:09.570+0000] {dag.py:3696} INFO - Setting next_dagrun for example_branch_operator to 2023-10-10T00:00:00+00:00, run_after=2023-10-11T00:00:00+00:00
[2023-10-11T07:22:09.596+0000] {processor.py:179} INFO - Processing /home/airflow/.local/lib/python3.8/site-packages/airflow/example_dags/example_branch_operator.py took 0.172 seconds
[2023-10-11T07:22:39.735+0000] {processor.py:157} INFO - Started process (PID=10317) to work on /home/airflow/.local/lib/python3.8/site-packages/airflow/example_dags/example_branch_operator.py
[2023-10-11T07:22:39.736+0000] {processor.py:829} INFO - Processing file /home/airflow/.local/lib/python3.8/site-packages/airflow/example_dags/example_branch_operator.py for tasks to queue
[2023-10-11T07:22:39.737+0000] {logging_mixin.py:151} INFO - [2023-10-11T07:22:39.737+0000] {dagbag.py:539} INFO - Filling up the DagBag from /home/airflow/.local/lib/python3.8/site-packages/airflow/example_dags/example_branch_operator.py
[2023-10-11T07:22:39.747+0000] {processor.py:839} INFO - DAG(s) dict_keys(['example_branch_operator']) retrieved from /home/airflow/.local/lib/python3.8/site-packages/airflow/example_dags/example_branch_operator.py
[2023-10-11T07:22:39.789+0000] {logging_mixin.py:151} INFO - [2023-10-11T07:22:39.789+0000] {dag.py:2915} INFO - Sync 1 DAGs
[2023-10-11T07:22:39.808+0000] {logging_mixin.py:151} INFO - [2023-10-11T07:22:39.808+0000] {dag.py:3696} INFO - Setting next_dagrun for example_branch_operator to 2023-10-10T00:00:00+00:00, run_after=2023-10-11T00:00:00+00:00
[2023-10-11T07:22:39.823+0000] {processor.py:179} INFO - Processing /home/airflow/.local/lib/python3.8/site-packages/airflow/example_dags/example_branch_operator.py took 0.091 seconds
[2023-10-11T07:23:10.179+0000] {processor.py:157} INFO - Started process (PID=10560) to work on /home/airflow/.local/lib/python3.8/site-packages/airflow/example_dags/example_branch_operator.py
[2023-10-11T07:23:10.180+0000] {processor.py:829} INFO - Processing file /home/airflow/.local/lib/python3.8/site-packages/airflow/example_dags/example_branch_operator.py for tasks to queue
[2023-10-11T07:23:10.181+0000] {logging_mixin.py:151} INFO - [2023-10-11T07:23:10.181+0000] {dagbag.py:539} INFO - Filling up the DagBag from /home/airflow/.local/lib/python3.8/site-packages/airflow/example_dags/example_branch_operator.py
[2023-10-11T07:23:10.191+0000] {processor.py:839} INFO - DAG(s) dict_keys(['example_branch_operator']) retrieved from /home/airflow/.local/lib/python3.8/site-packages/airflow/example_dags/example_branch_operator.py
[2023-10-11T07:23:10.214+0000] {logging_mixin.py:151} INFO - [2023-10-11T07:23:10.214+0000] {dag.py:2915} INFO - Sync 1 DAGs
[2023-10-11T07:23:10.235+0000] {logging_mixin.py:151} INFO - [2023-10-11T07:23:10.235+0000] {dag.py:3696} INFO - Setting next_dagrun for example_branch_operator to 2023-10-10T00:00:00+00:00, run_after=2023-10-11T00:00:00+00:00
[2023-10-11T07:23:10.253+0000] {processor.py:179} INFO - Processing /home/airflow/.local/lib/python3.8/site-packages/airflow/example_dags/example_branch_operator.py took 0.078 seconds
[2023-10-11T07:23:41.087+0000] {processor.py:157} INFO - Started process (PID=10801) to work on /home/airflow/.local/lib/python3.8/site-packages/airflow/example_dags/example_branch_operator.py
[2023-10-11T07:23:41.088+0000] {processor.py:829} INFO - Processing file /home/airflow/.local/lib/python3.8/site-packages/airflow/example_dags/example_branch_operator.py for tasks to queue
[2023-10-11T07:23:41.089+0000] {logging_mixin.py:151} INFO - [2023-10-11T07:23:41.089+0000] {dagbag.py:539} INFO - Filling up the DagBag from /home/airflow/.local/lib/python3.8/site-packages/airflow/example_dags/example_branch_operator.py
[2023-10-11T07:23:41.097+0000] {processor.py:839} INFO - DAG(s) dict_keys(['example_branch_operator']) retrieved from /home/airflow/.local/lib/python3.8/site-packages/airflow/example_dags/example_branch_operator.py
[2023-10-11T07:23:41.114+0000] {logging_mixin.py:151} INFO - [2023-10-11T07:23:41.114+0000] {dag.py:2915} INFO - Sync 1 DAGs
[2023-10-11T07:23:41.128+0000] {logging_mixin.py:151} INFO - [2023-10-11T07:23:41.128+0000] {dag.py:3696} INFO - Setting next_dagrun for example_branch_operator to 2023-10-10T00:00:00+00:00, run_after=2023-10-11T00:00:00+00:00
[2023-10-11T07:23:41.137+0000] {processor.py:179} INFO - Processing /home/airflow/.local/lib/python3.8/site-packages/airflow/example_dags/example_branch_operator.py took 0.053 seconds
[2023-10-11T07:24:11.201+0000] {processor.py:157} INFO - Started process (PID=11041) to work on /home/airflow/.local/lib/python3.8/site-packages/airflow/example_dags/example_branch_operator.py
[2023-10-11T07:24:11.203+0000] {processor.py:829} INFO - Processing file /home/airflow/.local/lib/python3.8/site-packages/airflow/example_dags/example_branch_operator.py for tasks to queue
[2023-10-11T07:24:11.204+0000] {logging_mixin.py:151} INFO - [2023-10-11T07:24:11.204+0000] {dagbag.py:539} INFO - Filling up the DagBag from /home/airflow/.local/lib/python3.8/site-packages/airflow/example_dags/example_branch_operator.py
[2023-10-11T07:24:11.213+0000] {processor.py:839} INFO - DAG(s) dict_keys(['example_branch_operator']) retrieved from /home/airflow/.local/lib/python3.8/site-packages/airflow/example_dags/example_branch_operator.py
[2023-10-11T07:24:11.229+0000] {logging_mixin.py:151} INFO - [2023-10-11T07:24:11.229+0000] {dag.py:2915} INFO - Sync 1 DAGs
[2023-10-11T07:24:11.243+0000] {logging_mixin.py:151} INFO - [2023-10-11T07:24:11.242+0000] {dag.py:3696} INFO - Setting next_dagrun for example_branch_operator to 2023-10-10T00:00:00+00:00, run_after=2023-10-11T00:00:00+00:00
[2023-10-11T07:24:11.264+0000] {processor.py:179} INFO - Processing /home/airflow/.local/lib/python3.8/site-packages/airflow/example_dags/example_branch_operator.py took 0.064 seconds
[2023-10-11T07:24:41.789+0000] {processor.py:157} INFO - Started process (PID=11287) to work on /home/airflow/.local/lib/python3.8/site-packages/airflow/example_dags/example_branch_operator.py
[2023-10-11T07:24:41.790+0000] {processor.py:829} INFO - Processing file /home/airflow/.local/lib/python3.8/site-packages/airflow/example_dags/example_branch_operator.py for tasks to queue
[2023-10-11T07:24:41.790+0000] {logging_mixin.py:151} INFO - [2023-10-11T07:24:41.790+0000] {dagbag.py:539} INFO - Filling up the DagBag from /home/airflow/.local/lib/python3.8/site-packages/airflow/example_dags/example_branch_operator.py
[2023-10-11T07:24:41.797+0000] {processor.py:839} INFO - DAG(s) dict_keys(['example_branch_operator']) retrieved from /home/airflow/.local/lib/python3.8/site-packages/airflow/example_dags/example_branch_operator.py
[2023-10-11T07:24:41.812+0000] {logging_mixin.py:151} INFO - [2023-10-11T07:24:41.812+0000] {dag.py:2915} INFO - Sync 1 DAGs
[2023-10-11T07:24:41.825+0000] {logging_mixin.py:151} INFO - [2023-10-11T07:24:41.825+0000] {dag.py:3696} INFO - Setting next_dagrun for example_branch_operator to 2023-10-10T00:00:00+00:00, run_after=2023-10-11T00:00:00+00:00
[2023-10-11T07:24:41.835+0000] {processor.py:179} INFO - Processing /home/airflow/.local/lib/python3.8/site-packages/airflow/example_dags/example_branch_operator.py took 0.049 seconds
[2023-10-11T07:25:12.325+0000] {processor.py:157} INFO - Started process (PID=11530) to work on /home/airflow/.local/lib/python3.8/site-packages/airflow/example_dags/example_branch_operator.py
[2023-10-11T07:25:12.326+0000] {processor.py:829} INFO - Processing file /home/airflow/.local/lib/python3.8/site-packages/airflow/example_dags/example_branch_operator.py for tasks to queue
[2023-10-11T07:25:12.327+0000] {logging_mixin.py:151} INFO - [2023-10-11T07:25:12.327+0000] {dagbag.py:539} INFO - Filling up the DagBag from /home/airflow/.local/lib/python3.8/site-packages/airflow/example_dags/example_branch_operator.py
[2023-10-11T07:25:12.338+0000] {processor.py:839} INFO - DAG(s) dict_keys(['example_branch_operator']) retrieved from /home/airflow/.local/lib/python3.8/site-packages/airflow/example_dags/example_branch_operator.py
[2023-10-11T07:25:12.415+0000] {logging_mixin.py:151} INFO - [2023-10-11T07:25:12.415+0000] {dag.py:2915} INFO - Sync 1 DAGs
[2023-10-11T07:25:12.458+0000] {logging_mixin.py:151} INFO - [2023-10-11T07:25:12.457+0000] {dag.py:3696} INFO - Setting next_dagrun for example_branch_operator to 2023-10-10T00:00:00+00:00, run_after=2023-10-11T00:00:00+00:00
[2023-10-11T07:25:12.506+0000] {processor.py:179} INFO - Processing /home/airflow/.local/lib/python3.8/site-packages/airflow/example_dags/example_branch_operator.py took 0.185 seconds
[2023-10-11T07:25:43.055+0000] {processor.py:157} INFO - Started process (PID=11768) to work on /home/airflow/.local/lib/python3.8/site-packages/airflow/example_dags/example_branch_operator.py
[2023-10-11T07:25:43.058+0000] {processor.py:829} INFO - Processing file /home/airflow/.local/lib/python3.8/site-packages/airflow/example_dags/example_branch_operator.py for tasks to queue
[2023-10-11T07:25:43.060+0000] {logging_mixin.py:151} INFO - [2023-10-11T07:25:43.060+0000] {dagbag.py:539} INFO - Filling up the DagBag from /home/airflow/.local/lib/python3.8/site-packages/airflow/example_dags/example_branch_operator.py
[2023-10-11T07:25:43.092+0000] {processor.py:839} INFO - DAG(s) dict_keys(['example_branch_operator']) retrieved from /home/airflow/.local/lib/python3.8/site-packages/airflow/example_dags/example_branch_operator.py
[2023-10-11T07:25:43.131+0000] {logging_mixin.py:151} INFO - [2023-10-11T07:25:43.131+0000] {dag.py:2915} INFO - Sync 1 DAGs
[2023-10-11T07:25:43.185+0000] {logging_mixin.py:151} INFO - [2023-10-11T07:25:43.184+0000] {dag.py:3696} INFO - Setting next_dagrun for example_branch_operator to 2023-10-10T00:00:00+00:00, run_after=2023-10-11T00:00:00+00:00
[2023-10-11T07:25:43.218+0000] {processor.py:179} INFO - Processing /home/airflow/.local/lib/python3.8/site-packages/airflow/example_dags/example_branch_operator.py took 0.174 seconds
[2023-10-11T07:26:13.381+0000] {processor.py:157} INFO - Started process (PID=12011) to work on /home/airflow/.local/lib/python3.8/site-packages/airflow/example_dags/example_branch_operator.py
[2023-10-11T07:26:13.382+0000] {processor.py:829} INFO - Processing file /home/airflow/.local/lib/python3.8/site-packages/airflow/example_dags/example_branch_operator.py for tasks to queue
[2023-10-11T07:26:13.383+0000] {logging_mixin.py:151} INFO - [2023-10-11T07:26:13.383+0000] {dagbag.py:539} INFO - Filling up the DagBag from /home/airflow/.local/lib/python3.8/site-packages/airflow/example_dags/example_branch_operator.py
[2023-10-11T07:26:13.395+0000] {processor.py:839} INFO - DAG(s) dict_keys(['example_branch_operator']) retrieved from /home/airflow/.local/lib/python3.8/site-packages/airflow/example_dags/example_branch_operator.py
[2023-10-11T07:26:13.428+0000] {logging_mixin.py:151} INFO - [2023-10-11T07:26:13.428+0000] {dag.py:2915} INFO - Sync 1 DAGs
[2023-10-11T07:26:13.492+0000] {logging_mixin.py:151} INFO - [2023-10-11T07:26:13.491+0000] {dag.py:3696} INFO - Setting next_dagrun for example_branch_operator to 2023-10-10T00:00:00+00:00, run_after=2023-10-11T00:00:00+00:00
[2023-10-11T07:26:13.510+0000] {processor.py:179} INFO - Processing /home/airflow/.local/lib/python3.8/site-packages/airflow/example_dags/example_branch_operator.py took 0.133 seconds
[2023-10-11T07:26:44.538+0000] {processor.py:157} INFO - Started process (PID=12254) to work on /home/airflow/.local/lib/python3.8/site-packages/airflow/example_dags/example_branch_operator.py
[2023-10-11T07:26:44.539+0000] {processor.py:829} INFO - Processing file /home/airflow/.local/lib/python3.8/site-packages/airflow/example_dags/example_branch_operator.py for tasks to queue
[2023-10-11T07:26:44.540+0000] {logging_mixin.py:151} INFO - [2023-10-11T07:26:44.540+0000] {dagbag.py:539} INFO - Filling up the DagBag from /home/airflow/.local/lib/python3.8/site-packages/airflow/example_dags/example_branch_operator.py
[2023-10-11T07:26:44.560+0000] {processor.py:839} INFO - DAG(s) dict_keys(['example_branch_operator']) retrieved from /home/airflow/.local/lib/python3.8/site-packages/airflow/example_dags/example_branch_operator.py
[2023-10-11T07:26:44.599+0000] {logging_mixin.py:151} INFO - [2023-10-11T07:26:44.599+0000] {dag.py:2915} INFO - Sync 1 DAGs
[2023-10-11T07:26:44.622+0000] {logging_mixin.py:151} INFO - [2023-10-11T07:26:44.621+0000] {dag.py:3696} INFO - Setting next_dagrun for example_branch_operator to 2023-10-10T00:00:00+00:00, run_after=2023-10-11T00:00:00+00:00
[2023-10-11T07:26:44.639+0000] {processor.py:179} INFO - Processing /home/airflow/.local/lib/python3.8/site-packages/airflow/example_dags/example_branch_operator.py took 0.105 seconds
[2023-10-11T07:27:14.877+0000] {processor.py:157} INFO - Started process (PID=12497) to work on /home/airflow/.local/lib/python3.8/site-packages/airflow/example_dags/example_branch_operator.py
[2023-10-11T07:27:14.878+0000] {processor.py:829} INFO - Processing file /home/airflow/.local/lib/python3.8/site-packages/airflow/example_dags/example_branch_operator.py for tasks to queue
[2023-10-11T07:27:14.879+0000] {logging_mixin.py:151} INFO - [2023-10-11T07:27:14.878+0000] {dagbag.py:539} INFO - Filling up the DagBag from /home/airflow/.local/lib/python3.8/site-packages/airflow/example_dags/example_branch_operator.py
[2023-10-11T07:27:14.890+0000] {processor.py:839} INFO - DAG(s) dict_keys(['example_branch_operator']) retrieved from /home/airflow/.local/lib/python3.8/site-packages/airflow/example_dags/example_branch_operator.py
[2023-10-11T07:27:14.917+0000] {logging_mixin.py:151} INFO - [2023-10-11T07:27:14.917+0000] {dag.py:2915} INFO - Sync 1 DAGs
[2023-10-11T07:27:14.942+0000] {logging_mixin.py:151} INFO - [2023-10-11T07:27:14.942+0000] {dag.py:3696} INFO - Setting next_dagrun for example_branch_operator to 2023-10-10T00:00:00+00:00, run_after=2023-10-11T00:00:00+00:00
[2023-10-11T07:27:14.981+0000] {processor.py:179} INFO - Processing /home/airflow/.local/lib/python3.8/site-packages/airflow/example_dags/example_branch_operator.py took 0.108 seconds
[2023-10-11T07:27:45.087+0000] {processor.py:157} INFO - Started process (PID=12735) to work on /home/airflow/.local/lib/python3.8/site-packages/airflow/example_dags/example_branch_operator.py
[2023-10-11T07:27:45.088+0000] {processor.py:829} INFO - Processing file /home/airflow/.local/lib/python3.8/site-packages/airflow/example_dags/example_branch_operator.py for tasks to queue
[2023-10-11T07:27:45.089+0000] {logging_mixin.py:151} INFO - [2023-10-11T07:27:45.089+0000] {dagbag.py:539} INFO - Filling up the DagBag from /home/airflow/.local/lib/python3.8/site-packages/airflow/example_dags/example_branch_operator.py
[2023-10-11T07:27:45.096+0000] {processor.py:839} INFO - DAG(s) dict_keys(['example_branch_operator']) retrieved from /home/airflow/.local/lib/python3.8/site-packages/airflow/example_dags/example_branch_operator.py
[2023-10-11T07:27:45.111+0000] {logging_mixin.py:151} INFO - [2023-10-11T07:27:45.111+0000] {dag.py:2915} INFO - Sync 1 DAGs
[2023-10-11T07:27:45.126+0000] {logging_mixin.py:151} INFO - [2023-10-11T07:27:45.125+0000] {dag.py:3696} INFO - Setting next_dagrun for example_branch_operator to 2023-10-10T00:00:00+00:00, run_after=2023-10-11T00:00:00+00:00
[2023-10-11T07:27:45.136+0000] {processor.py:179} INFO - Processing /home/airflow/.local/lib/python3.8/site-packages/airflow/example_dags/example_branch_operator.py took 0.051 seconds
[2023-10-11T07:28:15.276+0000] {processor.py:157} INFO - Started process (PID=12978) to work on /home/airflow/.local/lib/python3.8/site-packages/airflow/example_dags/example_branch_operator.py
[2023-10-11T07:28:15.276+0000] {processor.py:829} INFO - Processing file /home/airflow/.local/lib/python3.8/site-packages/airflow/example_dags/example_branch_operator.py for tasks to queue
[2023-10-11T07:28:15.277+0000] {logging_mixin.py:151} INFO - [2023-10-11T07:28:15.277+0000] {dagbag.py:539} INFO - Filling up the DagBag from /home/airflow/.local/lib/python3.8/site-packages/airflow/example_dags/example_branch_operator.py
[2023-10-11T07:28:15.284+0000] {processor.py:839} INFO - DAG(s) dict_keys(['example_branch_operator']) retrieved from /home/airflow/.local/lib/python3.8/site-packages/airflow/example_dags/example_branch_operator.py
[2023-10-11T07:28:15.299+0000] {logging_mixin.py:151} INFO - [2023-10-11T07:28:15.299+0000] {dag.py:2915} INFO - Sync 1 DAGs
[2023-10-11T07:28:15.311+0000] {logging_mixin.py:151} INFO - [2023-10-11T07:28:15.311+0000] {dag.py:3696} INFO - Setting next_dagrun for example_branch_operator to 2023-10-10T00:00:00+00:00, run_after=2023-10-11T00:00:00+00:00
[2023-10-11T07:28:15.320+0000] {processor.py:179} INFO - Processing /home/airflow/.local/lib/python3.8/site-packages/airflow/example_dags/example_branch_operator.py took 0.048 seconds
