[2023-10-11T07:01:37.854+0000] {processor.py:157} INFO - Started process (PID=350) to work on /home/airflow/.local/lib/python3.8/site-packages/airflow/example_dags/example_dag_decorator.py
[2023-10-11T07:01:37.860+0000] {processor.py:829} INFO - Processing file /home/airflow/.local/lib/python3.8/site-packages/airflow/example_dags/example_dag_decorator.py for tasks to queue
[2023-10-11T07:01:37.866+0000] {logging_mixin.py:151} INFO - [2023-10-11T07:01:37.864+0000] {dagbag.py:539} INFO - Filling up the DagBag from /home/airflow/.local/lib/python3.8/site-packages/airflow/example_dags/example_dag_decorator.py
[2023-10-11T07:01:38.202+0000] {processor.py:839} INFO - DAG(s) dict_keys(['example_dag_decorator']) retrieved from /home/airflow/.local/lib/python3.8/site-packages/airflow/example_dags/example_dag_decorator.py
[2023-10-11T07:01:38.307+0000] {logging_mixin.py:151} INFO - [2023-10-11T07:01:38.306+0000] {manager.py:499} INFO - Created Permission View: %s
[2023-10-11T07:01:38.313+0000] {logging_mixin.py:151} INFO - [2023-10-11T07:01:38.313+0000] {manager.py:499} INFO - Created Permission View: %s
[2023-10-11T07:01:38.317+0000] {logging_mixin.py:151} INFO - [2023-10-11T07:01:38.317+0000] {manager.py:499} INFO - Created Permission View: %s
[2023-10-11T07:01:38.317+0000] {logging_mixin.py:151} INFO - [2023-10-11T07:01:38.317+0000] {security.py:708} INFO - Not syncing DAG-level permissions for DAG 'DAG:example_dag_decorator' as access control is unset.
[2023-10-11T07:01:38.318+0000] {logging_mixin.py:151} INFO - [2023-10-11T07:01:38.318+0000] {dag.py:2915} INFO - Sync 1 DAGs
[2023-10-11T07:01:38.325+0000] {logging_mixin.py:151} INFO - [2023-10-11T07:01:38.325+0000] {dag.py:2937} INFO - Creating ORM DAG for example_dag_decorator
[2023-10-11T07:01:38.326+0000] {logging_mixin.py:151} INFO - [2023-10-11T07:01:38.326+0000] {dag.py:3696} INFO - Setting next_dagrun for example_dag_decorator to None, run_after=None
[2023-10-11T07:01:38.339+0000] {processor.py:179} INFO - Processing /home/airflow/.local/lib/python3.8/site-packages/airflow/example_dags/example_dag_decorator.py took 0.489 seconds
[2023-10-11T07:02:08.593+0000] {processor.py:157} INFO - Started process (PID=589) to work on /home/airflow/.local/lib/python3.8/site-packages/airflow/example_dags/example_dag_decorator.py
[2023-10-11T07:02:08.594+0000] {processor.py:829} INFO - Processing file /home/airflow/.local/lib/python3.8/site-packages/airflow/example_dags/example_dag_decorator.py for tasks to queue
[2023-10-11T07:02:08.595+0000] {logging_mixin.py:151} INFO - [2023-10-11T07:02:08.595+0000] {dagbag.py:539} INFO - Filling up the DagBag from /home/airflow/.local/lib/python3.8/site-packages/airflow/example_dags/example_dag_decorator.py
[2023-10-11T07:02:08.654+0000] {processor.py:839} INFO - DAG(s) dict_keys(['example_dag_decorator']) retrieved from /home/airflow/.local/lib/python3.8/site-packages/airflow/example_dags/example_dag_decorator.py
[2023-10-11T07:02:08.731+0000] {logging_mixin.py:151} INFO - [2023-10-11T07:02:08.731+0000] {security.py:708} INFO - Not syncing DAG-level permissions for DAG 'DAG:example_dag_decorator' as access control is unset.
[2023-10-11T07:02:08.731+0000] {logging_mixin.py:151} INFO - [2023-10-11T07:02:08.731+0000] {dag.py:2915} INFO - Sync 1 DAGs
[2023-10-11T07:02:08.737+0000] {logging_mixin.py:151} INFO - [2023-10-11T07:02:08.737+0000] {dag.py:3696} INFO - Setting next_dagrun for example_dag_decorator to None, run_after=None
[2023-10-11T07:02:08.748+0000] {processor.py:179} INFO - Processing /home/airflow/.local/lib/python3.8/site-packages/airflow/example_dags/example_dag_decorator.py took 0.157 seconds
[2023-10-11T07:02:39.556+0000] {processor.py:157} INFO - Started process (PID=826) to work on /home/airflow/.local/lib/python3.8/site-packages/airflow/example_dags/example_dag_decorator.py
[2023-10-11T07:02:39.563+0000] {processor.py:829} INFO - Processing file /home/airflow/.local/lib/python3.8/site-packages/airflow/example_dags/example_dag_decorator.py for tasks to queue
[2023-10-11T07:02:39.566+0000] {logging_mixin.py:151} INFO - [2023-10-11T07:02:39.565+0000] {dagbag.py:539} INFO - Filling up the DagBag from /home/airflow/.local/lib/python3.8/site-packages/airflow/example_dags/example_dag_decorator.py
[2023-10-11T07:02:39.625+0000] {processor.py:839} INFO - DAG(s) dict_keys(['example_dag_decorator']) retrieved from /home/airflow/.local/lib/python3.8/site-packages/airflow/example_dags/example_dag_decorator.py
[2023-10-11T07:02:39.735+0000] {logging_mixin.py:151} INFO - [2023-10-11T07:02:39.735+0000] {security.py:708} INFO - Not syncing DAG-level permissions for DAG 'DAG:example_dag_decorator' as access control is unset.
[2023-10-11T07:02:39.736+0000] {logging_mixin.py:151} INFO - [2023-10-11T07:02:39.736+0000] {dag.py:2915} INFO - Sync 1 DAGs
[2023-10-11T07:02:39.743+0000] {logging_mixin.py:151} INFO - [2023-10-11T07:02:39.743+0000] {dag.py:3696} INFO - Setting next_dagrun for example_dag_decorator to None, run_after=None
[2023-10-11T07:02:39.766+0000] {processor.py:179} INFO - Processing /home/airflow/.local/lib/python3.8/site-packages/airflow/example_dags/example_dag_decorator.py took 0.216 seconds
[2023-10-11T07:03:10.192+0000] {processor.py:157} INFO - Started process (PID=1064) to work on /home/airflow/.local/lib/python3.8/site-packages/airflow/example_dags/example_dag_decorator.py
[2023-10-11T07:03:10.193+0000] {processor.py:829} INFO - Processing file /home/airflow/.local/lib/python3.8/site-packages/airflow/example_dags/example_dag_decorator.py for tasks to queue
[2023-10-11T07:03:10.194+0000] {logging_mixin.py:151} INFO - [2023-10-11T07:03:10.193+0000] {dagbag.py:539} INFO - Filling up the DagBag from /home/airflow/.local/lib/python3.8/site-packages/airflow/example_dags/example_dag_decorator.py
[2023-10-11T07:03:10.252+0000] {processor.py:839} INFO - DAG(s) dict_keys(['example_dag_decorator']) retrieved from /home/airflow/.local/lib/python3.8/site-packages/airflow/example_dags/example_dag_decorator.py
[2023-10-11T07:03:10.349+0000] {logging_mixin.py:151} INFO - [2023-10-11T07:03:10.349+0000] {security.py:708} INFO - Not syncing DAG-level permissions for DAG 'DAG:example_dag_decorator' as access control is unset.
[2023-10-11T07:03:10.350+0000] {logging_mixin.py:151} INFO - [2023-10-11T07:03:10.350+0000] {dag.py:2915} INFO - Sync 1 DAGs
[2023-10-11T07:03:10.366+0000] {logging_mixin.py:151} INFO - [2023-10-11T07:03:10.365+0000] {dag.py:3696} INFO - Setting next_dagrun for example_dag_decorator to None, run_after=None
[2023-10-11T07:03:10.685+0000] {processor.py:179} INFO - Processing /home/airflow/.local/lib/python3.8/site-packages/airflow/example_dags/example_dag_decorator.py took 0.497 seconds
[2023-10-11T07:03:41.389+0000] {processor.py:157} INFO - Started process (PID=1309) to work on /home/airflow/.local/lib/python3.8/site-packages/airflow/example_dags/example_dag_decorator.py
[2023-10-11T07:03:41.391+0000] {processor.py:829} INFO - Processing file /home/airflow/.local/lib/python3.8/site-packages/airflow/example_dags/example_dag_decorator.py for tasks to queue
[2023-10-11T07:03:41.391+0000] {logging_mixin.py:151} INFO - [2023-10-11T07:03:41.391+0000] {dagbag.py:539} INFO - Filling up the DagBag from /home/airflow/.local/lib/python3.8/site-packages/airflow/example_dags/example_dag_decorator.py
[2023-10-11T07:03:41.449+0000] {processor.py:839} INFO - DAG(s) dict_keys(['example_dag_decorator']) retrieved from /home/airflow/.local/lib/python3.8/site-packages/airflow/example_dags/example_dag_decorator.py
[2023-10-11T07:03:41.547+0000] {logging_mixin.py:151} INFO - [2023-10-11T07:03:41.547+0000] {security.py:708} INFO - Not syncing DAG-level permissions for DAG 'DAG:example_dag_decorator' as access control is unset.
[2023-10-11T07:03:41.548+0000] {logging_mixin.py:151} INFO - [2023-10-11T07:03:41.548+0000] {dag.py:2915} INFO - Sync 1 DAGs
[2023-10-11T07:03:41.568+0000] {logging_mixin.py:151} INFO - [2023-10-11T07:03:41.567+0000] {dag.py:3696} INFO - Setting next_dagrun for example_dag_decorator to None, run_after=None
[2023-10-11T07:03:41.592+0000] {processor.py:179} INFO - Processing /home/airflow/.local/lib/python3.8/site-packages/airflow/example_dags/example_dag_decorator.py took 0.205 seconds
[2023-10-11T07:04:11.732+0000] {processor.py:157} INFO - Started process (PID=1547) to work on /home/airflow/.local/lib/python3.8/site-packages/airflow/example_dags/example_dag_decorator.py
[2023-10-11T07:04:11.732+0000] {processor.py:829} INFO - Processing file /home/airflow/.local/lib/python3.8/site-packages/airflow/example_dags/example_dag_decorator.py for tasks to queue
[2023-10-11T07:04:11.733+0000] {logging_mixin.py:151} INFO - [2023-10-11T07:04:11.733+0000] {dagbag.py:539} INFO - Filling up the DagBag from /home/airflow/.local/lib/python3.8/site-packages/airflow/example_dags/example_dag_decorator.py
[2023-10-11T07:04:11.798+0000] {processor.py:839} INFO - DAG(s) dict_keys(['example_dag_decorator']) retrieved from /home/airflow/.local/lib/python3.8/site-packages/airflow/example_dags/example_dag_decorator.py
[2023-10-11T07:04:11.815+0000] {logging_mixin.py:151} INFO - [2023-10-11T07:04:11.815+0000] {dag.py:2915} INFO - Sync 1 DAGs
[2023-10-11T07:04:11.823+0000] {logging_mixin.py:151} INFO - [2023-10-11T07:04:11.823+0000] {dag.py:3696} INFO - Setting next_dagrun for example_dag_decorator to None, run_after=None
[2023-10-11T07:04:11.834+0000] {processor.py:179} INFO - Processing /home/airflow/.local/lib/python3.8/site-packages/airflow/example_dags/example_dag_decorator.py took 0.106 seconds
[2023-10-11T07:04:42.488+0000] {processor.py:157} INFO - Started process (PID=1785) to work on /home/airflow/.local/lib/python3.8/site-packages/airflow/example_dags/example_dag_decorator.py
[2023-10-11T07:04:42.489+0000] {processor.py:829} INFO - Processing file /home/airflow/.local/lib/python3.8/site-packages/airflow/example_dags/example_dag_decorator.py for tasks to queue
[2023-10-11T07:04:42.489+0000] {logging_mixin.py:151} INFO - [2023-10-11T07:04:42.489+0000] {dagbag.py:539} INFO - Filling up the DagBag from /home/airflow/.local/lib/python3.8/site-packages/airflow/example_dags/example_dag_decorator.py
[2023-10-11T07:04:42.536+0000] {processor.py:839} INFO - DAG(s) dict_keys(['example_dag_decorator']) retrieved from /home/airflow/.local/lib/python3.8/site-packages/airflow/example_dags/example_dag_decorator.py
[2023-10-11T07:04:42.607+0000] {logging_mixin.py:151} INFO - [2023-10-11T07:04:42.606+0000] {security.py:708} INFO - Not syncing DAG-level permissions for DAG 'DAG:example_dag_decorator' as access control is unset.
[2023-10-11T07:04:42.607+0000] {logging_mixin.py:151} INFO - [2023-10-11T07:04:42.607+0000] {dag.py:2915} INFO - Sync 1 DAGs
[2023-10-11T07:04:42.612+0000] {logging_mixin.py:151} INFO - [2023-10-11T07:04:42.612+0000] {dag.py:3696} INFO - Setting next_dagrun for example_dag_decorator to None, run_after=None
[2023-10-11T07:04:42.622+0000] {processor.py:179} INFO - Processing /home/airflow/.local/lib/python3.8/site-packages/airflow/example_dags/example_dag_decorator.py took 0.137 seconds
[2023-10-11T07:05:13.129+0000] {processor.py:157} INFO - Started process (PID=2023) to work on /home/airflow/.local/lib/python3.8/site-packages/airflow/example_dags/example_dag_decorator.py
[2023-10-11T07:05:13.130+0000] {processor.py:829} INFO - Processing file /home/airflow/.local/lib/python3.8/site-packages/airflow/example_dags/example_dag_decorator.py for tasks to queue
[2023-10-11T07:05:13.132+0000] {logging_mixin.py:151} INFO - [2023-10-11T07:05:13.131+0000] {dagbag.py:539} INFO - Filling up the DagBag from /home/airflow/.local/lib/python3.8/site-packages/airflow/example_dags/example_dag_decorator.py
[2023-10-11T07:05:13.213+0000] {processor.py:839} INFO - DAG(s) dict_keys(['example_dag_decorator']) retrieved from /home/airflow/.local/lib/python3.8/site-packages/airflow/example_dags/example_dag_decorator.py
[2023-10-11T07:05:13.302+0000] {logging_mixin.py:151} INFO - [2023-10-11T07:05:13.302+0000] {security.py:708} INFO - Not syncing DAG-level permissions for DAG 'DAG:example_dag_decorator' as access control is unset.
[2023-10-11T07:05:13.303+0000] {logging_mixin.py:151} INFO - [2023-10-11T07:05:13.303+0000] {dag.py:2915} INFO - Sync 1 DAGs
[2023-10-11T07:05:13.309+0000] {logging_mixin.py:151} INFO - [2023-10-11T07:05:13.309+0000] {dag.py:3696} INFO - Setting next_dagrun for example_dag_decorator to None, run_after=None
[2023-10-11T07:05:13.320+0000] {processor.py:179} INFO - Processing /home/airflow/.local/lib/python3.8/site-packages/airflow/example_dags/example_dag_decorator.py took 0.194 seconds
[2023-10-11T07:05:43.626+0000] {processor.py:157} INFO - Started process (PID=2261) to work on /home/airflow/.local/lib/python3.8/site-packages/airflow/example_dags/example_dag_decorator.py
[2023-10-11T07:05:43.627+0000] {processor.py:829} INFO - Processing file /home/airflow/.local/lib/python3.8/site-packages/airflow/example_dags/example_dag_decorator.py for tasks to queue
[2023-10-11T07:05:43.627+0000] {logging_mixin.py:151} INFO - [2023-10-11T07:05:43.627+0000] {dagbag.py:539} INFO - Filling up the DagBag from /home/airflow/.local/lib/python3.8/site-packages/airflow/example_dags/example_dag_decorator.py
[2023-10-11T07:05:43.679+0000] {processor.py:839} INFO - DAG(s) dict_keys(['example_dag_decorator']) retrieved from /home/airflow/.local/lib/python3.8/site-packages/airflow/example_dags/example_dag_decorator.py
[2023-10-11T07:05:43.748+0000] {logging_mixin.py:151} INFO - [2023-10-11T07:05:43.748+0000] {security.py:708} INFO - Not syncing DAG-level permissions for DAG 'DAG:example_dag_decorator' as access control is unset.
[2023-10-11T07:05:43.748+0000] {logging_mixin.py:151} INFO - [2023-10-11T07:05:43.748+0000] {dag.py:2915} INFO - Sync 1 DAGs
[2023-10-11T07:05:43.754+0000] {logging_mixin.py:151} INFO - [2023-10-11T07:05:43.754+0000] {dag.py:3696} INFO - Setting next_dagrun for example_dag_decorator to None, run_after=None
[2023-10-11T07:05:43.789+0000] {processor.py:179} INFO - Processing /home/airflow/.local/lib/python3.8/site-packages/airflow/example_dags/example_dag_decorator.py took 0.166 seconds
[2023-10-11T07:06:14.145+0000] {processor.py:157} INFO - Started process (PID=2499) to work on /home/airflow/.local/lib/python3.8/site-packages/airflow/example_dags/example_dag_decorator.py
[2023-10-11T07:06:14.146+0000] {processor.py:829} INFO - Processing file /home/airflow/.local/lib/python3.8/site-packages/airflow/example_dags/example_dag_decorator.py for tasks to queue
[2023-10-11T07:06:14.147+0000] {logging_mixin.py:151} INFO - [2023-10-11T07:06:14.147+0000] {dagbag.py:539} INFO - Filling up the DagBag from /home/airflow/.local/lib/python3.8/site-packages/airflow/example_dags/example_dag_decorator.py
[2023-10-11T07:06:14.212+0000] {processor.py:839} INFO - DAG(s) dict_keys(['example_dag_decorator']) retrieved from /home/airflow/.local/lib/python3.8/site-packages/airflow/example_dags/example_dag_decorator.py
[2023-10-11T07:06:14.310+0000] {logging_mixin.py:151} INFO - [2023-10-11T07:06:14.310+0000] {security.py:708} INFO - Not syncing DAG-level permissions for DAG 'DAG:example_dag_decorator' as access control is unset.
[2023-10-11T07:06:14.311+0000] {logging_mixin.py:151} INFO - [2023-10-11T07:06:14.311+0000] {dag.py:2915} INFO - Sync 1 DAGs
[2023-10-11T07:06:14.317+0000] {logging_mixin.py:151} INFO - [2023-10-11T07:06:14.316+0000] {dag.py:3696} INFO - Setting next_dagrun for example_dag_decorator to None, run_after=None
[2023-10-11T07:06:14.328+0000] {processor.py:179} INFO - Processing /home/airflow/.local/lib/python3.8/site-packages/airflow/example_dags/example_dag_decorator.py took 0.185 seconds
[2023-10-11T07:06:44.544+0000] {processor.py:157} INFO - Started process (PID=2742) to work on /home/airflow/.local/lib/python3.8/site-packages/airflow/example_dags/example_dag_decorator.py
[2023-10-11T07:06:44.545+0000] {processor.py:829} INFO - Processing file /home/airflow/.local/lib/python3.8/site-packages/airflow/example_dags/example_dag_decorator.py for tasks to queue
[2023-10-11T07:06:44.546+0000] {logging_mixin.py:151} INFO - [2023-10-11T07:06:44.545+0000] {dagbag.py:539} INFO - Filling up the DagBag from /home/airflow/.local/lib/python3.8/site-packages/airflow/example_dags/example_dag_decorator.py
[2023-10-11T07:06:44.605+0000] {processor.py:839} INFO - DAG(s) dict_keys(['example_dag_decorator']) retrieved from /home/airflow/.local/lib/python3.8/site-packages/airflow/example_dags/example_dag_decorator.py
[2023-10-11T07:06:44.687+0000] {logging_mixin.py:151} INFO - [2023-10-11T07:06:44.687+0000] {security.py:708} INFO - Not syncing DAG-level permissions for DAG 'DAG:example_dag_decorator' as access control is unset.
[2023-10-11T07:06:44.687+0000] {logging_mixin.py:151} INFO - [2023-10-11T07:06:44.687+0000] {dag.py:2915} INFO - Sync 1 DAGs
[2023-10-11T07:06:44.693+0000] {logging_mixin.py:151} INFO - [2023-10-11T07:06:44.693+0000] {dag.py:3696} INFO - Setting next_dagrun for example_dag_decorator to None, run_after=None
[2023-10-11T07:06:44.703+0000] {processor.py:179} INFO - Processing /home/airflow/.local/lib/python3.8/site-packages/airflow/example_dags/example_dag_decorator.py took 0.161 seconds
[2023-10-11T07:07:14.796+0000] {processor.py:157} INFO - Started process (PID=2989) to work on /home/airflow/.local/lib/python3.8/site-packages/airflow/example_dags/example_dag_decorator.py
[2023-10-11T07:07:14.797+0000] {processor.py:829} INFO - Processing file /home/airflow/.local/lib/python3.8/site-packages/airflow/example_dags/example_dag_decorator.py for tasks to queue
[2023-10-11T07:07:14.797+0000] {logging_mixin.py:151} INFO - [2023-10-11T07:07:14.797+0000] {dagbag.py:539} INFO - Filling up the DagBag from /home/airflow/.local/lib/python3.8/site-packages/airflow/example_dags/example_dag_decorator.py
[2023-10-11T07:07:14.843+0000] {processor.py:839} INFO - DAG(s) dict_keys(['example_dag_decorator']) retrieved from /home/airflow/.local/lib/python3.8/site-packages/airflow/example_dags/example_dag_decorator.py
[2023-10-11T07:07:14.925+0000] {logging_mixin.py:151} INFO - [2023-10-11T07:07:14.925+0000] {security.py:708} INFO - Not syncing DAG-level permissions for DAG 'DAG:example_dag_decorator' as access control is unset.
[2023-10-11T07:07:14.926+0000] {logging_mixin.py:151} INFO - [2023-10-11T07:07:14.926+0000] {dag.py:2915} INFO - Sync 1 DAGs
[2023-10-11T07:07:14.935+0000] {logging_mixin.py:151} INFO - [2023-10-11T07:07:14.935+0000] {dag.py:3696} INFO - Setting next_dagrun for example_dag_decorator to None, run_after=None
[2023-10-11T07:07:14.950+0000] {processor.py:179} INFO - Processing /home/airflow/.local/lib/python3.8/site-packages/airflow/example_dags/example_dag_decorator.py took 0.157 seconds
[2023-10-11T07:07:47.917+0000] {processor.py:157} INFO - Started process (PID=3238) to work on /home/airflow/.local/lib/python3.8/site-packages/airflow/example_dags/example_dag_decorator.py
[2023-10-11T07:07:47.921+0000] {processor.py:829} INFO - Processing file /home/airflow/.local/lib/python3.8/site-packages/airflow/example_dags/example_dag_decorator.py for tasks to queue
[2023-10-11T07:07:47.922+0000] {logging_mixin.py:151} INFO - [2023-10-11T07:07:47.922+0000] {dagbag.py:539} INFO - Filling up the DagBag from /home/airflow/.local/lib/python3.8/site-packages/airflow/example_dags/example_dag_decorator.py
[2023-10-11T07:07:48.118+0000] {processor.py:839} INFO - DAG(s) dict_keys(['example_dag_decorator']) retrieved from /home/airflow/.local/lib/python3.8/site-packages/airflow/example_dags/example_dag_decorator.py
[2023-10-11T07:07:48.484+0000] {logging_mixin.py:151} INFO - [2023-10-11T07:07:48.484+0000] {security.py:708} INFO - Not syncing DAG-level permissions for DAG 'DAG:example_dag_decorator' as access control is unset.
[2023-10-11T07:07:48.510+0000] {logging_mixin.py:151} INFO - [2023-10-11T07:07:48.510+0000] {dag.py:2915} INFO - Sync 1 DAGs
[2023-10-11T07:07:48.529+0000] {logging_mixin.py:151} INFO - [2023-10-11T07:07:48.529+0000] {dag.py:3696} INFO - Setting next_dagrun for example_dag_decorator to None, run_after=None
[2023-10-11T07:07:48.630+0000] {processor.py:179} INFO - Processing /home/airflow/.local/lib/python3.8/site-packages/airflow/example_dags/example_dag_decorator.py took 0.733 seconds
[2023-10-11T07:08:19.034+0000] {processor.py:157} INFO - Started process (PID=3501) to work on /home/airflow/.local/lib/python3.8/site-packages/airflow/example_dags/example_dag_decorator.py
[2023-10-11T07:08:19.035+0000] {processor.py:829} INFO - Processing file /home/airflow/.local/lib/python3.8/site-packages/airflow/example_dags/example_dag_decorator.py for tasks to queue
[2023-10-11T07:08:19.036+0000] {logging_mixin.py:151} INFO - [2023-10-11T07:08:19.035+0000] {dagbag.py:539} INFO - Filling up the DagBag from /home/airflow/.local/lib/python3.8/site-packages/airflow/example_dags/example_dag_decorator.py
[2023-10-11T07:08:19.094+0000] {processor.py:839} INFO - DAG(s) dict_keys(['example_dag_decorator']) retrieved from /home/airflow/.local/lib/python3.8/site-packages/airflow/example_dags/example_dag_decorator.py
[2023-10-11T07:08:19.203+0000] {logging_mixin.py:151} INFO - [2023-10-11T07:08:19.202+0000] {security.py:708} INFO - Not syncing DAG-level permissions for DAG 'DAG:example_dag_decorator' as access control is unset.
[2023-10-11T07:08:19.203+0000] {logging_mixin.py:151} INFO - [2023-10-11T07:08:19.203+0000] {dag.py:2915} INFO - Sync 1 DAGs
[2023-10-11T07:08:19.210+0000] {logging_mixin.py:151} INFO - [2023-10-11T07:08:19.210+0000] {dag.py:3696} INFO - Setting next_dagrun for example_dag_decorator to None, run_after=None
[2023-10-11T07:08:19.220+0000] {processor.py:179} INFO - Processing /home/airflow/.local/lib/python3.8/site-packages/airflow/example_dags/example_dag_decorator.py took 0.189 seconds
[2023-10-11T07:08:49.421+0000] {processor.py:157} INFO - Started process (PID=3752) to work on /home/airflow/.local/lib/python3.8/site-packages/airflow/example_dags/example_dag_decorator.py
[2023-10-11T07:08:49.423+0000] {processor.py:829} INFO - Processing file /home/airflow/.local/lib/python3.8/site-packages/airflow/example_dags/example_dag_decorator.py for tasks to queue
[2023-10-11T07:08:49.423+0000] {logging_mixin.py:151} INFO - [2023-10-11T07:08:49.423+0000] {dagbag.py:539} INFO - Filling up the DagBag from /home/airflow/.local/lib/python3.8/site-packages/airflow/example_dags/example_dag_decorator.py
[2023-10-11T07:08:49.523+0000] {processor.py:839} INFO - DAG(s) dict_keys(['example_dag_decorator']) retrieved from /home/airflow/.local/lib/python3.8/site-packages/airflow/example_dags/example_dag_decorator.py
[2023-10-11T07:08:49.713+0000] {logging_mixin.py:151} INFO - [2023-10-11T07:08:49.713+0000] {security.py:708} INFO - Not syncing DAG-level permissions for DAG 'DAG:example_dag_decorator' as access control is unset.
[2023-10-11T07:08:49.714+0000] {logging_mixin.py:151} INFO - [2023-10-11T07:08:49.714+0000] {dag.py:2915} INFO - Sync 1 DAGs
[2023-10-11T07:08:49.726+0000] {logging_mixin.py:151} INFO - [2023-10-11T07:08:49.726+0000] {dag.py:3696} INFO - Setting next_dagrun for example_dag_decorator to None, run_after=None
[2023-10-11T07:08:49.746+0000] {processor.py:179} INFO - Processing /home/airflow/.local/lib/python3.8/site-packages/airflow/example_dags/example_dag_decorator.py took 0.328 seconds
[2023-10-11T07:09:20.638+0000] {processor.py:157} INFO - Started process (PID=3997) to work on /home/airflow/.local/lib/python3.8/site-packages/airflow/example_dags/example_dag_decorator.py
[2023-10-11T07:09:20.639+0000] {processor.py:829} INFO - Processing file /home/airflow/.local/lib/python3.8/site-packages/airflow/example_dags/example_dag_decorator.py for tasks to queue
[2023-10-11T07:09:20.640+0000] {logging_mixin.py:151} INFO - [2023-10-11T07:09:20.640+0000] {dagbag.py:539} INFO - Filling up the DagBag from /home/airflow/.local/lib/python3.8/site-packages/airflow/example_dags/example_dag_decorator.py
[2023-10-11T07:09:20.737+0000] {processor.py:839} INFO - DAG(s) dict_keys(['example_dag_decorator']) retrieved from /home/airflow/.local/lib/python3.8/site-packages/airflow/example_dags/example_dag_decorator.py
[2023-10-11T07:09:20.835+0000] {logging_mixin.py:151} INFO - [2023-10-11T07:09:20.835+0000] {security.py:708} INFO - Not syncing DAG-level permissions for DAG 'DAG:example_dag_decorator' as access control is unset.
[2023-10-11T07:09:20.836+0000] {logging_mixin.py:151} INFO - [2023-10-11T07:09:20.836+0000] {dag.py:2915} INFO - Sync 1 DAGs
[2023-10-11T07:09:20.852+0000] {logging_mixin.py:151} INFO - [2023-10-11T07:09:20.851+0000] {dag.py:3696} INFO - Setting next_dagrun for example_dag_decorator to None, run_after=None
[2023-10-11T07:09:20.898+0000] {processor.py:179} INFO - Processing /home/airflow/.local/lib/python3.8/site-packages/airflow/example_dags/example_dag_decorator.py took 0.264 seconds
[2023-10-11T07:09:51.193+0000] {processor.py:157} INFO - Started process (PID=4240) to work on /home/airflow/.local/lib/python3.8/site-packages/airflow/example_dags/example_dag_decorator.py
[2023-10-11T07:09:51.194+0000] {processor.py:829} INFO - Processing file /home/airflow/.local/lib/python3.8/site-packages/airflow/example_dags/example_dag_decorator.py for tasks to queue
[2023-10-11T07:09:51.195+0000] {logging_mixin.py:151} INFO - [2023-10-11T07:09:51.194+0000] {dagbag.py:539} INFO - Filling up the DagBag from /home/airflow/.local/lib/python3.8/site-packages/airflow/example_dags/example_dag_decorator.py
[2023-10-11T07:09:51.246+0000] {processor.py:839} INFO - DAG(s) dict_keys(['example_dag_decorator']) retrieved from /home/airflow/.local/lib/python3.8/site-packages/airflow/example_dags/example_dag_decorator.py
[2023-10-11T07:09:51.352+0000] {logging_mixin.py:151} INFO - [2023-10-11T07:09:51.352+0000] {security.py:708} INFO - Not syncing DAG-level permissions for DAG 'DAG:example_dag_decorator' as access control is unset.
[2023-10-11T07:09:51.352+0000] {logging_mixin.py:151} INFO - [2023-10-11T07:09:51.352+0000] {dag.py:2915} INFO - Sync 1 DAGs
[2023-10-11T07:09:51.362+0000] {logging_mixin.py:151} INFO - [2023-10-11T07:09:51.362+0000] {dag.py:3696} INFO - Setting next_dagrun for example_dag_decorator to None, run_after=None
[2023-10-11T07:09:51.392+0000] {processor.py:179} INFO - Processing /home/airflow/.local/lib/python3.8/site-packages/airflow/example_dags/example_dag_decorator.py took 0.202 seconds
[2023-10-11T07:10:21.800+0000] {processor.py:157} INFO - Started process (PID=4483) to work on /home/airflow/.local/lib/python3.8/site-packages/airflow/example_dags/example_dag_decorator.py
[2023-10-11T07:10:21.801+0000] {processor.py:829} INFO - Processing file /home/airflow/.local/lib/python3.8/site-packages/airflow/example_dags/example_dag_decorator.py for tasks to queue
[2023-10-11T07:10:21.802+0000] {logging_mixin.py:151} INFO - [2023-10-11T07:10:21.802+0000] {dagbag.py:539} INFO - Filling up the DagBag from /home/airflow/.local/lib/python3.8/site-packages/airflow/example_dags/example_dag_decorator.py
[2023-10-11T07:10:21.876+0000] {processor.py:839} INFO - DAG(s) dict_keys(['example_dag_decorator']) retrieved from /home/airflow/.local/lib/python3.8/site-packages/airflow/example_dags/example_dag_decorator.py
[2023-10-11T07:10:22.001+0000] {logging_mixin.py:151} INFO - [2023-10-11T07:10:22.001+0000] {security.py:708} INFO - Not syncing DAG-level permissions for DAG 'DAG:example_dag_decorator' as access control is unset.
[2023-10-11T07:10:22.002+0000] {logging_mixin.py:151} INFO - [2023-10-11T07:10:22.002+0000] {dag.py:2915} INFO - Sync 1 DAGs
[2023-10-11T07:10:22.011+0000] {logging_mixin.py:151} INFO - [2023-10-11T07:10:22.011+0000] {dag.py:3696} INFO - Setting next_dagrun for example_dag_decorator to None, run_after=None
[2023-10-11T07:10:22.035+0000] {processor.py:179} INFO - Processing /home/airflow/.local/lib/python3.8/site-packages/airflow/example_dags/example_dag_decorator.py took 0.240 seconds
[2023-10-11T07:10:52.293+0000] {processor.py:157} INFO - Started process (PID=4726) to work on /home/airflow/.local/lib/python3.8/site-packages/airflow/example_dags/example_dag_decorator.py
[2023-10-11T07:10:52.294+0000] {processor.py:829} INFO - Processing file /home/airflow/.local/lib/python3.8/site-packages/airflow/example_dags/example_dag_decorator.py for tasks to queue
[2023-10-11T07:10:52.295+0000] {logging_mixin.py:151} INFO - [2023-10-11T07:10:52.295+0000] {dagbag.py:539} INFO - Filling up the DagBag from /home/airflow/.local/lib/python3.8/site-packages/airflow/example_dags/example_dag_decorator.py
[2023-10-11T07:10:52.397+0000] {processor.py:839} INFO - DAG(s) dict_keys(['example_dag_decorator']) retrieved from /home/airflow/.local/lib/python3.8/site-packages/airflow/example_dags/example_dag_decorator.py
[2023-10-11T07:10:52.514+0000] {logging_mixin.py:151} INFO - [2023-10-11T07:10:52.514+0000] {security.py:708} INFO - Not syncing DAG-level permissions for DAG 'DAG:example_dag_decorator' as access control is unset.
[2023-10-11T07:10:52.515+0000] {logging_mixin.py:151} INFO - [2023-10-11T07:10:52.515+0000] {dag.py:2915} INFO - Sync 1 DAGs
[2023-10-11T07:10:52.521+0000] {logging_mixin.py:151} INFO - [2023-10-11T07:10:52.521+0000] {dag.py:3696} INFO - Setting next_dagrun for example_dag_decorator to None, run_after=None
[2023-10-11T07:10:52.532+0000] {processor.py:179} INFO - Processing /home/airflow/.local/lib/python3.8/site-packages/airflow/example_dags/example_dag_decorator.py took 0.243 seconds
[2023-10-11T07:11:22.679+0000] {processor.py:157} INFO - Started process (PID=4969) to work on /home/airflow/.local/lib/python3.8/site-packages/airflow/example_dags/example_dag_decorator.py
[2023-10-11T07:11:22.683+0000] {processor.py:829} INFO - Processing file /home/airflow/.local/lib/python3.8/site-packages/airflow/example_dags/example_dag_decorator.py for tasks to queue
[2023-10-11T07:11:22.687+0000] {logging_mixin.py:151} INFO - [2023-10-11T07:11:22.686+0000] {dagbag.py:539} INFO - Filling up the DagBag from /home/airflow/.local/lib/python3.8/site-packages/airflow/example_dags/example_dag_decorator.py
[2023-10-11T07:11:22.784+0000] {processor.py:839} INFO - DAG(s) dict_keys(['example_dag_decorator']) retrieved from /home/airflow/.local/lib/python3.8/site-packages/airflow/example_dags/example_dag_decorator.py
[2023-10-11T07:11:22.892+0000] {logging_mixin.py:151} INFO - [2023-10-11T07:11:22.892+0000] {security.py:708} INFO - Not syncing DAG-level permissions for DAG 'DAG:example_dag_decorator' as access control is unset.
[2023-10-11T07:11:22.893+0000] {logging_mixin.py:151} INFO - [2023-10-11T07:11:22.893+0000] {dag.py:2915} INFO - Sync 1 DAGs
[2023-10-11T07:11:22.899+0000] {logging_mixin.py:151} INFO - [2023-10-11T07:11:22.899+0000] {dag.py:3696} INFO - Setting next_dagrun for example_dag_decorator to None, run_after=None
[2023-10-11T07:11:22.917+0000] {processor.py:179} INFO - Processing /home/airflow/.local/lib/python3.8/site-packages/airflow/example_dags/example_dag_decorator.py took 0.246 seconds
[2023-10-11T07:11:53.411+0000] {processor.py:157} INFO - Started process (PID=5219) to work on /home/airflow/.local/lib/python3.8/site-packages/airflow/example_dags/example_dag_decorator.py
[2023-10-11T07:11:53.412+0000] {processor.py:829} INFO - Processing file /home/airflow/.local/lib/python3.8/site-packages/airflow/example_dags/example_dag_decorator.py for tasks to queue
[2023-10-11T07:11:53.413+0000] {logging_mixin.py:151} INFO - [2023-10-11T07:11:53.412+0000] {dagbag.py:539} INFO - Filling up the DagBag from /home/airflow/.local/lib/python3.8/site-packages/airflow/example_dags/example_dag_decorator.py
[2023-10-11T07:11:53.459+0000] {processor.py:839} INFO - DAG(s) dict_keys(['example_dag_decorator']) retrieved from /home/airflow/.local/lib/python3.8/site-packages/airflow/example_dags/example_dag_decorator.py
[2023-10-11T07:11:53.534+0000] {logging_mixin.py:151} INFO - [2023-10-11T07:11:53.534+0000] {security.py:708} INFO - Not syncing DAG-level permissions for DAG 'DAG:example_dag_decorator' as access control is unset.
[2023-10-11T07:11:53.534+0000] {logging_mixin.py:151} INFO - [2023-10-11T07:11:53.534+0000] {dag.py:2915} INFO - Sync 1 DAGs
[2023-10-11T07:11:53.540+0000] {logging_mixin.py:151} INFO - [2023-10-11T07:11:53.540+0000] {dag.py:3696} INFO - Setting next_dagrun for example_dag_decorator to None, run_after=None
[2023-10-11T07:11:53.554+0000] {processor.py:179} INFO - Processing /home/airflow/.local/lib/python3.8/site-packages/airflow/example_dags/example_dag_decorator.py took 0.146 seconds
[2023-10-11T07:12:23.630+0000] {processor.py:157} INFO - Started process (PID=5462) to work on /home/airflow/.local/lib/python3.8/site-packages/airflow/example_dags/example_dag_decorator.py
[2023-10-11T07:12:23.631+0000] {processor.py:829} INFO - Processing file /home/airflow/.local/lib/python3.8/site-packages/airflow/example_dags/example_dag_decorator.py for tasks to queue
[2023-10-11T07:12:23.633+0000] {logging_mixin.py:151} INFO - [2023-10-11T07:12:23.633+0000] {dagbag.py:539} INFO - Filling up the DagBag from /home/airflow/.local/lib/python3.8/site-packages/airflow/example_dags/example_dag_decorator.py
[2023-10-11T07:12:23.720+0000] {processor.py:839} INFO - DAG(s) dict_keys(['example_dag_decorator']) retrieved from /home/airflow/.local/lib/python3.8/site-packages/airflow/example_dags/example_dag_decorator.py
[2023-10-11T07:12:23.806+0000] {logging_mixin.py:151} INFO - [2023-10-11T07:12:23.806+0000] {security.py:708} INFO - Not syncing DAG-level permissions for DAG 'DAG:example_dag_decorator' as access control is unset.
[2023-10-11T07:12:23.807+0000] {logging_mixin.py:151} INFO - [2023-10-11T07:12:23.807+0000] {dag.py:2915} INFO - Sync 1 DAGs
[2023-10-11T07:12:23.814+0000] {logging_mixin.py:151} INFO - [2023-10-11T07:12:23.814+0000] {dag.py:3696} INFO - Setting next_dagrun for example_dag_decorator to None, run_after=None
[2023-10-11T07:12:23.826+0000] {processor.py:179} INFO - Processing /home/airflow/.local/lib/python3.8/site-packages/airflow/example_dags/example_dag_decorator.py took 0.199 seconds
[2023-10-11T07:12:54.439+0000] {processor.py:157} INFO - Started process (PID=5698) to work on /home/airflow/.local/lib/python3.8/site-packages/airflow/example_dags/example_dag_decorator.py
[2023-10-11T07:12:54.439+0000] {processor.py:829} INFO - Processing file /home/airflow/.local/lib/python3.8/site-packages/airflow/example_dags/example_dag_decorator.py for tasks to queue
[2023-10-11T07:12:54.440+0000] {logging_mixin.py:151} INFO - [2023-10-11T07:12:54.440+0000] {dagbag.py:539} INFO - Filling up the DagBag from /home/airflow/.local/lib/python3.8/site-packages/airflow/example_dags/example_dag_decorator.py
[2023-10-11T07:12:54.509+0000] {processor.py:839} INFO - DAG(s) dict_keys(['example_dag_decorator']) retrieved from /home/airflow/.local/lib/python3.8/site-packages/airflow/example_dags/example_dag_decorator.py
[2023-10-11T07:12:54.602+0000] {logging_mixin.py:151} INFO - [2023-10-11T07:12:54.601+0000] {security.py:708} INFO - Not syncing DAG-level permissions for DAG 'DAG:example_dag_decorator' as access control is unset.
[2023-10-11T07:12:54.602+0000] {logging_mixin.py:151} INFO - [2023-10-11T07:12:54.602+0000] {dag.py:2915} INFO - Sync 1 DAGs
[2023-10-11T07:12:54.609+0000] {logging_mixin.py:151} INFO - [2023-10-11T07:12:54.609+0000] {dag.py:3696} INFO - Setting next_dagrun for example_dag_decorator to None, run_after=None
[2023-10-11T07:12:54.619+0000] {processor.py:179} INFO - Processing /home/airflow/.local/lib/python3.8/site-packages/airflow/example_dags/example_dag_decorator.py took 0.183 seconds
[2023-10-11T07:13:25.117+0000] {processor.py:157} INFO - Started process (PID=5941) to work on /home/airflow/.local/lib/python3.8/site-packages/airflow/example_dags/example_dag_decorator.py
[2023-10-11T07:13:25.118+0000] {processor.py:829} INFO - Processing file /home/airflow/.local/lib/python3.8/site-packages/airflow/example_dags/example_dag_decorator.py for tasks to queue
[2023-10-11T07:13:25.119+0000] {logging_mixin.py:151} INFO - [2023-10-11T07:13:25.119+0000] {dagbag.py:539} INFO - Filling up the DagBag from /home/airflow/.local/lib/python3.8/site-packages/airflow/example_dags/example_dag_decorator.py
[2023-10-11T07:13:25.189+0000] {processor.py:839} INFO - DAG(s) dict_keys(['example_dag_decorator']) retrieved from /home/airflow/.local/lib/python3.8/site-packages/airflow/example_dags/example_dag_decorator.py
[2023-10-11T07:13:25.260+0000] {logging_mixin.py:151} INFO - [2023-10-11T07:13:25.259+0000] {security.py:708} INFO - Not syncing DAG-level permissions for DAG 'DAG:example_dag_decorator' as access control is unset.
[2023-10-11T07:13:25.260+0000] {logging_mixin.py:151} INFO - [2023-10-11T07:13:25.260+0000] {dag.py:2915} INFO - Sync 1 DAGs
[2023-10-11T07:13:25.267+0000] {logging_mixin.py:151} INFO - [2023-10-11T07:13:25.266+0000] {dag.py:3696} INFO - Setting next_dagrun for example_dag_decorator to None, run_after=None
[2023-10-11T07:13:25.286+0000] {processor.py:179} INFO - Processing /home/airflow/.local/lib/python3.8/site-packages/airflow/example_dags/example_dag_decorator.py took 0.171 seconds
[2023-10-11T07:13:55.535+0000] {processor.py:157} INFO - Started process (PID=6184) to work on /home/airflow/.local/lib/python3.8/site-packages/airflow/example_dags/example_dag_decorator.py
[2023-10-11T07:13:55.536+0000] {processor.py:829} INFO - Processing file /home/airflow/.local/lib/python3.8/site-packages/airflow/example_dags/example_dag_decorator.py for tasks to queue
[2023-10-11T07:13:55.538+0000] {logging_mixin.py:151} INFO - [2023-10-11T07:13:55.537+0000] {dagbag.py:539} INFO - Filling up the DagBag from /home/airflow/.local/lib/python3.8/site-packages/airflow/example_dags/example_dag_decorator.py
[2023-10-11T07:13:55.606+0000] {processor.py:839} INFO - DAG(s) dict_keys(['example_dag_decorator']) retrieved from /home/airflow/.local/lib/python3.8/site-packages/airflow/example_dags/example_dag_decorator.py
[2023-10-11T07:13:55.693+0000] {logging_mixin.py:151} INFO - [2023-10-11T07:13:55.693+0000] {security.py:708} INFO - Not syncing DAG-level permissions for DAG 'DAG:example_dag_decorator' as access control is unset.
[2023-10-11T07:13:55.693+0000] {logging_mixin.py:151} INFO - [2023-10-11T07:13:55.693+0000] {dag.py:2915} INFO - Sync 1 DAGs
[2023-10-11T07:13:55.699+0000] {logging_mixin.py:151} INFO - [2023-10-11T07:13:55.699+0000] {dag.py:3696} INFO - Setting next_dagrun for example_dag_decorator to None, run_after=None
[2023-10-11T07:13:55.710+0000] {processor.py:179} INFO - Processing /home/airflow/.local/lib/python3.8/site-packages/airflow/example_dags/example_dag_decorator.py took 0.178 seconds
[2023-10-11T07:14:26.107+0000] {processor.py:157} INFO - Started process (PID=6427) to work on /home/airflow/.local/lib/python3.8/site-packages/airflow/example_dags/example_dag_decorator.py
[2023-10-11T07:14:26.108+0000] {processor.py:829} INFO - Processing file /home/airflow/.local/lib/python3.8/site-packages/airflow/example_dags/example_dag_decorator.py for tasks to queue
[2023-10-11T07:14:26.109+0000] {logging_mixin.py:151} INFO - [2023-10-11T07:14:26.109+0000] {dagbag.py:539} INFO - Filling up the DagBag from /home/airflow/.local/lib/python3.8/site-packages/airflow/example_dags/example_dag_decorator.py
[2023-10-11T07:14:26.161+0000] {processor.py:839} INFO - DAG(s) dict_keys(['example_dag_decorator']) retrieved from /home/airflow/.local/lib/python3.8/site-packages/airflow/example_dags/example_dag_decorator.py
[2023-10-11T07:14:26.189+0000] {logging_mixin.py:151} INFO - [2023-10-11T07:14:26.188+0000] {dag.py:2915} INFO - Sync 1 DAGs
[2023-10-11T07:14:26.197+0000] {logging_mixin.py:151} INFO - [2023-10-11T07:14:26.196+0000] {dag.py:3696} INFO - Setting next_dagrun for example_dag_decorator to None, run_after=None
[2023-10-11T07:14:26.212+0000] {processor.py:179} INFO - Processing /home/airflow/.local/lib/python3.8/site-packages/airflow/example_dags/example_dag_decorator.py took 0.108 seconds
[2023-10-11T07:14:56.444+0000] {processor.py:157} INFO - Started process (PID=6670) to work on /home/airflow/.local/lib/python3.8/site-packages/airflow/example_dags/example_dag_decorator.py
[2023-10-11T07:14:56.457+0000] {processor.py:829} INFO - Processing file /home/airflow/.local/lib/python3.8/site-packages/airflow/example_dags/example_dag_decorator.py for tasks to queue
[2023-10-11T07:14:56.466+0000] {logging_mixin.py:151} INFO - [2023-10-11T07:14:56.465+0000] {dagbag.py:539} INFO - Filling up the DagBag from /home/airflow/.local/lib/python3.8/site-packages/airflow/example_dags/example_dag_decorator.py
[2023-10-11T07:14:56.519+0000] {processor.py:839} INFO - DAG(s) dict_keys(['example_dag_decorator']) retrieved from /home/airflow/.local/lib/python3.8/site-packages/airflow/example_dags/example_dag_decorator.py
[2023-10-11T07:14:56.617+0000] {logging_mixin.py:151} INFO - [2023-10-11T07:14:56.616+0000] {security.py:708} INFO - Not syncing DAG-level permissions for DAG 'DAG:example_dag_decorator' as access control is unset.
[2023-10-11T07:14:56.617+0000] {logging_mixin.py:151} INFO - [2023-10-11T07:14:56.617+0000] {dag.py:2915} INFO - Sync 1 DAGs
[2023-10-11T07:14:56.624+0000] {logging_mixin.py:151} INFO - [2023-10-11T07:14:56.623+0000] {dag.py:3696} INFO - Setting next_dagrun for example_dag_decorator to None, run_after=None
[2023-10-11T07:14:56.635+0000] {processor.py:179} INFO - Processing /home/airflow/.local/lib/python3.8/site-packages/airflow/example_dags/example_dag_decorator.py took 0.195 seconds
[2023-10-11T07:15:27.087+0000] {processor.py:157} INFO - Started process (PID=6913) to work on /home/airflow/.local/lib/python3.8/site-packages/airflow/example_dags/example_dag_decorator.py
[2023-10-11T07:15:27.088+0000] {processor.py:829} INFO - Processing file /home/airflow/.local/lib/python3.8/site-packages/airflow/example_dags/example_dag_decorator.py for tasks to queue
[2023-10-11T07:15:27.089+0000] {logging_mixin.py:151} INFO - [2023-10-11T07:15:27.089+0000] {dagbag.py:539} INFO - Filling up the DagBag from /home/airflow/.local/lib/python3.8/site-packages/airflow/example_dags/example_dag_decorator.py
[2023-10-11T07:15:27.171+0000] {processor.py:839} INFO - DAG(s) dict_keys(['example_dag_decorator']) retrieved from /home/airflow/.local/lib/python3.8/site-packages/airflow/example_dags/example_dag_decorator.py
[2023-10-11T07:15:27.298+0000] {logging_mixin.py:151} INFO - [2023-10-11T07:15:27.298+0000] {security.py:708} INFO - Not syncing DAG-level permissions for DAG 'DAG:example_dag_decorator' as access control is unset.
[2023-10-11T07:15:27.299+0000] {logging_mixin.py:151} INFO - [2023-10-11T07:15:27.299+0000] {dag.py:2915} INFO - Sync 1 DAGs
[2023-10-11T07:15:27.309+0000] {logging_mixin.py:151} INFO - [2023-10-11T07:15:27.309+0000] {dag.py:3696} INFO - Setting next_dagrun for example_dag_decorator to None, run_after=None
[2023-10-11T07:15:27.326+0000] {processor.py:179} INFO - Processing /home/airflow/.local/lib/python3.8/site-packages/airflow/example_dags/example_dag_decorator.py took 0.246 seconds
[2023-10-11T07:15:57.705+0000] {processor.py:157} INFO - Started process (PID=7156) to work on /home/airflow/.local/lib/python3.8/site-packages/airflow/example_dags/example_dag_decorator.py
[2023-10-11T07:15:57.706+0000] {processor.py:829} INFO - Processing file /home/airflow/.local/lib/python3.8/site-packages/airflow/example_dags/example_dag_decorator.py for tasks to queue
[2023-10-11T07:15:57.707+0000] {logging_mixin.py:151} INFO - [2023-10-11T07:15:57.707+0000] {dagbag.py:539} INFO - Filling up the DagBag from /home/airflow/.local/lib/python3.8/site-packages/airflow/example_dags/example_dag_decorator.py
[2023-10-11T07:15:57.763+0000] {processor.py:839} INFO - DAG(s) dict_keys(['example_dag_decorator']) retrieved from /home/airflow/.local/lib/python3.8/site-packages/airflow/example_dags/example_dag_decorator.py
[2023-10-11T07:15:57.840+0000] {logging_mixin.py:151} INFO - [2023-10-11T07:15:57.840+0000] {security.py:708} INFO - Not syncing DAG-level permissions for DAG 'DAG:example_dag_decorator' as access control is unset.
[2023-10-11T07:15:57.840+0000] {logging_mixin.py:151} INFO - [2023-10-11T07:15:57.840+0000] {dag.py:2915} INFO - Sync 1 DAGs
[2023-10-11T07:15:57.847+0000] {logging_mixin.py:151} INFO - [2023-10-11T07:15:57.847+0000] {dag.py:3696} INFO - Setting next_dagrun for example_dag_decorator to None, run_after=None
[2023-10-11T07:15:57.879+0000] {processor.py:179} INFO - Processing /home/airflow/.local/lib/python3.8/site-packages/airflow/example_dags/example_dag_decorator.py took 0.177 seconds
[2023-10-11T07:16:28.693+0000] {processor.py:157} INFO - Started process (PID=7399) to work on /home/airflow/.local/lib/python3.8/site-packages/airflow/example_dags/example_dag_decorator.py
[2023-10-11T07:16:28.694+0000] {processor.py:829} INFO - Processing file /home/airflow/.local/lib/python3.8/site-packages/airflow/example_dags/example_dag_decorator.py for tasks to queue
[2023-10-11T07:16:28.696+0000] {logging_mixin.py:151} INFO - [2023-10-11T07:16:28.695+0000] {dagbag.py:539} INFO - Filling up the DagBag from /home/airflow/.local/lib/python3.8/site-packages/airflow/example_dags/example_dag_decorator.py
[2023-10-11T07:16:28.863+0000] {processor.py:839} INFO - DAG(s) dict_keys(['example_dag_decorator']) retrieved from /home/airflow/.local/lib/python3.8/site-packages/airflow/example_dags/example_dag_decorator.py
[2023-10-11T07:16:29.103+0000] {logging_mixin.py:151} INFO - [2023-10-11T07:16:29.102+0000] {security.py:708} INFO - Not syncing DAG-level permissions for DAG 'DAG:example_dag_decorator' as access control is unset.
[2023-10-11T07:16:29.103+0000] {logging_mixin.py:151} INFO - [2023-10-11T07:16:29.103+0000] {dag.py:2915} INFO - Sync 1 DAGs
[2023-10-11T07:16:29.113+0000] {logging_mixin.py:151} INFO - [2023-10-11T07:16:29.113+0000] {dag.py:3696} INFO - Setting next_dagrun for example_dag_decorator to None, run_after=None
[2023-10-11T07:16:29.130+0000] {processor.py:179} INFO - Processing /home/airflow/.local/lib/python3.8/site-packages/airflow/example_dags/example_dag_decorator.py took 0.443 seconds
[2023-10-11T07:16:59.345+0000] {processor.py:157} INFO - Started process (PID=7642) to work on /home/airflow/.local/lib/python3.8/site-packages/airflow/example_dags/example_dag_decorator.py
[2023-10-11T07:16:59.357+0000] {processor.py:829} INFO - Processing file /home/airflow/.local/lib/python3.8/site-packages/airflow/example_dags/example_dag_decorator.py for tasks to queue
[2023-10-11T07:16:59.362+0000] {logging_mixin.py:151} INFO - [2023-10-11T07:16:59.361+0000] {dagbag.py:539} INFO - Filling up the DagBag from /home/airflow/.local/lib/python3.8/site-packages/airflow/example_dags/example_dag_decorator.py
[2023-10-11T07:16:59.486+0000] {processor.py:839} INFO - DAG(s) dict_keys(['example_dag_decorator']) retrieved from /home/airflow/.local/lib/python3.8/site-packages/airflow/example_dags/example_dag_decorator.py
[2023-10-11T07:16:59.730+0000] {logging_mixin.py:151} INFO - [2023-10-11T07:16:59.730+0000] {security.py:708} INFO - Not syncing DAG-level permissions for DAG 'DAG:example_dag_decorator' as access control is unset.
[2023-10-11T07:16:59.731+0000] {logging_mixin.py:151} INFO - [2023-10-11T07:16:59.731+0000] {dag.py:2915} INFO - Sync 1 DAGs
[2023-10-11T07:16:59.755+0000] {logging_mixin.py:151} INFO - [2023-10-11T07:16:59.755+0000] {dag.py:3696} INFO - Setting next_dagrun for example_dag_decorator to None, run_after=None
[2023-10-11T07:16:59.790+0000] {processor.py:179} INFO - Processing /home/airflow/.local/lib/python3.8/site-packages/airflow/example_dags/example_dag_decorator.py took 0.452 seconds
[2023-10-11T07:17:30.412+0000] {processor.py:157} INFO - Started process (PID=7883) to work on /home/airflow/.local/lib/python3.8/site-packages/airflow/example_dags/example_dag_decorator.py
[2023-10-11T07:17:30.414+0000] {processor.py:829} INFO - Processing file /home/airflow/.local/lib/python3.8/site-packages/airflow/example_dags/example_dag_decorator.py for tasks to queue
[2023-10-11T07:17:30.416+0000] {logging_mixin.py:151} INFO - [2023-10-11T07:17:30.415+0000] {dagbag.py:539} INFO - Filling up the DagBag from /home/airflow/.local/lib/python3.8/site-packages/airflow/example_dags/example_dag_decorator.py
[2023-10-11T07:17:30.670+0000] {processor.py:839} INFO - DAG(s) dict_keys(['example_dag_decorator']) retrieved from /home/airflow/.local/lib/python3.8/site-packages/airflow/example_dags/example_dag_decorator.py
[2023-10-11T07:17:31.037+0000] {logging_mixin.py:151} INFO - [2023-10-11T07:17:31.037+0000] {security.py:708} INFO - Not syncing DAG-level permissions for DAG 'DAG:example_dag_decorator' as access control is unset.
[2023-10-11T07:17:31.038+0000] {logging_mixin.py:151} INFO - [2023-10-11T07:17:31.038+0000] {dag.py:2915} INFO - Sync 1 DAGs
[2023-10-11T07:17:31.083+0000] {logging_mixin.py:151} INFO - [2023-10-11T07:17:31.082+0000] {dag.py:3696} INFO - Setting next_dagrun for example_dag_decorator to None, run_after=None
[2023-10-11T07:17:31.111+0000] {processor.py:179} INFO - Processing /home/airflow/.local/lib/python3.8/site-packages/airflow/example_dags/example_dag_decorator.py took 0.704 seconds
[2023-10-11T07:18:01.737+0000] {processor.py:157} INFO - Started process (PID=8128) to work on /home/airflow/.local/lib/python3.8/site-packages/airflow/example_dags/example_dag_decorator.py
[2023-10-11T07:18:01.739+0000] {processor.py:829} INFO - Processing file /home/airflow/.local/lib/python3.8/site-packages/airflow/example_dags/example_dag_decorator.py for tasks to queue
[2023-10-11T07:18:01.740+0000] {logging_mixin.py:151} INFO - [2023-10-11T07:18:01.740+0000] {dagbag.py:539} INFO - Filling up the DagBag from /home/airflow/.local/lib/python3.8/site-packages/airflow/example_dags/example_dag_decorator.py
[2023-10-11T07:18:01.880+0000] {processor.py:839} INFO - DAG(s) dict_keys(['example_dag_decorator']) retrieved from /home/airflow/.local/lib/python3.8/site-packages/airflow/example_dags/example_dag_decorator.py
[2023-10-11T07:18:02.038+0000] {logging_mixin.py:151} INFO - [2023-10-11T07:18:02.038+0000] {security.py:708} INFO - Not syncing DAG-level permissions for DAG 'DAG:example_dag_decorator' as access control is unset.
[2023-10-11T07:18:02.039+0000] {logging_mixin.py:151} INFO - [2023-10-11T07:18:02.039+0000] {dag.py:2915} INFO - Sync 1 DAGs
[2023-10-11T07:18:02.070+0000] {logging_mixin.py:151} INFO - [2023-10-11T07:18:02.070+0000] {dag.py:3696} INFO - Setting next_dagrun for example_dag_decorator to None, run_after=None
[2023-10-11T07:18:02.101+0000] {processor.py:179} INFO - Processing /home/airflow/.local/lib/python3.8/site-packages/airflow/example_dags/example_dag_decorator.py took 0.369 seconds
[2023-10-11T07:18:32.489+0000] {processor.py:157} INFO - Started process (PID=8371) to work on /home/airflow/.local/lib/python3.8/site-packages/airflow/example_dags/example_dag_decorator.py
[2023-10-11T07:18:32.490+0000] {processor.py:829} INFO - Processing file /home/airflow/.local/lib/python3.8/site-packages/airflow/example_dags/example_dag_decorator.py for tasks to queue
[2023-10-11T07:18:32.491+0000] {logging_mixin.py:151} INFO - [2023-10-11T07:18:32.491+0000] {dagbag.py:539} INFO - Filling up the DagBag from /home/airflow/.local/lib/python3.8/site-packages/airflow/example_dags/example_dag_decorator.py
[2023-10-11T07:18:32.583+0000] {processor.py:839} INFO - DAG(s) dict_keys(['example_dag_decorator']) retrieved from /home/airflow/.local/lib/python3.8/site-packages/airflow/example_dags/example_dag_decorator.py
[2023-10-11T07:18:32.702+0000] {logging_mixin.py:151} INFO - [2023-10-11T07:18:32.702+0000] {security.py:708} INFO - Not syncing DAG-level permissions for DAG 'DAG:example_dag_decorator' as access control is unset.
[2023-10-11T07:18:32.702+0000] {logging_mixin.py:151} INFO - [2023-10-11T07:18:32.702+0000] {dag.py:2915} INFO - Sync 1 DAGs
[2023-10-11T07:18:32.712+0000] {logging_mixin.py:151} INFO - [2023-10-11T07:18:32.712+0000] {dag.py:3696} INFO - Setting next_dagrun for example_dag_decorator to None, run_after=None
[2023-10-11T07:18:32.730+0000] {processor.py:179} INFO - Processing /home/airflow/.local/lib/python3.8/site-packages/airflow/example_dags/example_dag_decorator.py took 0.245 seconds
[2023-10-11T07:19:02.882+0000] {processor.py:157} INFO - Started process (PID=8619) to work on /home/airflow/.local/lib/python3.8/site-packages/airflow/example_dags/example_dag_decorator.py
[2023-10-11T07:19:02.884+0000] {processor.py:829} INFO - Processing file /home/airflow/.local/lib/python3.8/site-packages/airflow/example_dags/example_dag_decorator.py for tasks to queue
[2023-10-11T07:19:02.885+0000] {logging_mixin.py:151} INFO - [2023-10-11T07:19:02.885+0000] {dagbag.py:539} INFO - Filling up the DagBag from /home/airflow/.local/lib/python3.8/site-packages/airflow/example_dags/example_dag_decorator.py
[2023-10-11T07:19:03.006+0000] {processor.py:839} INFO - DAG(s) dict_keys(['example_dag_decorator']) retrieved from /home/airflow/.local/lib/python3.8/site-packages/airflow/example_dags/example_dag_decorator.py
[2023-10-11T07:19:03.170+0000] {logging_mixin.py:151} INFO - [2023-10-11T07:19:03.170+0000] {security.py:708} INFO - Not syncing DAG-level permissions for DAG 'DAG:example_dag_decorator' as access control is unset.
[2023-10-11T07:19:03.171+0000] {logging_mixin.py:151} INFO - [2023-10-11T07:19:03.171+0000] {dag.py:2915} INFO - Sync 1 DAGs
[2023-10-11T07:19:03.186+0000] {logging_mixin.py:151} INFO - [2023-10-11T07:19:03.186+0000] {dag.py:3696} INFO - Setting next_dagrun for example_dag_decorator to None, run_after=None
[2023-10-11T07:19:03.206+0000] {processor.py:179} INFO - Processing /home/airflow/.local/lib/python3.8/site-packages/airflow/example_dags/example_dag_decorator.py took 0.329 seconds
[2023-10-11T07:19:33.340+0000] {processor.py:157} INFO - Started process (PID=8845) to work on /home/airflow/.local/lib/python3.8/site-packages/airflow/example_dags/example_dag_decorator.py
[2023-10-11T07:19:33.345+0000] {processor.py:829} INFO - Processing file /home/airflow/.local/lib/python3.8/site-packages/airflow/example_dags/example_dag_decorator.py for tasks to queue
[2023-10-11T07:19:33.353+0000] {logging_mixin.py:151} INFO - [2023-10-11T07:19:33.352+0000] {dagbag.py:539} INFO - Filling up the DagBag from /home/airflow/.local/lib/python3.8/site-packages/airflow/example_dags/example_dag_decorator.py
[2023-10-11T07:19:33.468+0000] {processor.py:839} INFO - DAG(s) dict_keys(['example_dag_decorator']) retrieved from /home/airflow/.local/lib/python3.8/site-packages/airflow/example_dags/example_dag_decorator.py
[2023-10-11T07:19:33.663+0000] {logging_mixin.py:151} INFO - [2023-10-11T07:19:33.662+0000] {security.py:708} INFO - Not syncing DAG-level permissions for DAG 'DAG:example_dag_decorator' as access control is unset.
[2023-10-11T07:19:33.672+0000] {logging_mixin.py:151} INFO - [2023-10-11T07:19:33.672+0000] {dag.py:2915} INFO - Sync 1 DAGs
[2023-10-11T07:19:33.693+0000] {logging_mixin.py:151} INFO - [2023-10-11T07:19:33.693+0000] {dag.py:3696} INFO - Setting next_dagrun for example_dag_decorator to None, run_after=None
[2023-10-11T07:19:33.734+0000] {processor.py:179} INFO - Processing /home/airflow/.local/lib/python3.8/site-packages/airflow/example_dags/example_dag_decorator.py took 0.398 seconds
[2023-10-11T07:20:04.584+0000] {processor.py:157} INFO - Started process (PID=9083) to work on /home/airflow/.local/lib/python3.8/site-packages/airflow/example_dags/example_dag_decorator.py
[2023-10-11T07:20:04.586+0000] {processor.py:829} INFO - Processing file /home/airflow/.local/lib/python3.8/site-packages/airflow/example_dags/example_dag_decorator.py for tasks to queue
[2023-10-11T07:20:04.587+0000] {logging_mixin.py:151} INFO - [2023-10-11T07:20:04.587+0000] {dagbag.py:539} INFO - Filling up the DagBag from /home/airflow/.local/lib/python3.8/site-packages/airflow/example_dags/example_dag_decorator.py
[2023-10-11T07:20:04.714+0000] {processor.py:839} INFO - DAG(s) dict_keys(['example_dag_decorator']) retrieved from /home/airflow/.local/lib/python3.8/site-packages/airflow/example_dags/example_dag_decorator.py
[2023-10-11T07:20:05.007+0000] {logging_mixin.py:151} INFO - [2023-10-11T07:20:05.006+0000] {security.py:708} INFO - Not syncing DAG-level permissions for DAG 'DAG:example_dag_decorator' as access control is unset.
[2023-10-11T07:20:05.008+0000] {logging_mixin.py:151} INFO - [2023-10-11T07:20:05.008+0000] {dag.py:2915} INFO - Sync 1 DAGs
[2023-10-11T07:20:05.023+0000] {logging_mixin.py:151} INFO - [2023-10-11T07:20:05.023+0000] {dag.py:3696} INFO - Setting next_dagrun for example_dag_decorator to None, run_after=None
[2023-10-11T07:20:05.064+0000] {processor.py:179} INFO - Processing /home/airflow/.local/lib/python3.8/site-packages/airflow/example_dags/example_dag_decorator.py took 0.490 seconds
[2023-10-11T07:20:35.713+0000] {processor.py:157} INFO - Started process (PID=9326) to work on /home/airflow/.local/lib/python3.8/site-packages/airflow/example_dags/example_dag_decorator.py
[2023-10-11T07:20:35.715+0000] {processor.py:829} INFO - Processing file /home/airflow/.local/lib/python3.8/site-packages/airflow/example_dags/example_dag_decorator.py for tasks to queue
[2023-10-11T07:20:35.717+0000] {logging_mixin.py:151} INFO - [2023-10-11T07:20:35.716+0000] {dagbag.py:539} INFO - Filling up the DagBag from /home/airflow/.local/lib/python3.8/site-packages/airflow/example_dags/example_dag_decorator.py
[2023-10-11T07:20:35.889+0000] {processor.py:839} INFO - DAG(s) dict_keys(['example_dag_decorator']) retrieved from /home/airflow/.local/lib/python3.8/site-packages/airflow/example_dags/example_dag_decorator.py
[2023-10-11T07:20:36.172+0000] {logging_mixin.py:151} INFO - [2023-10-11T07:20:36.171+0000] {security.py:708} INFO - Not syncing DAG-level permissions for DAG 'DAG:example_dag_decorator' as access control is unset.
[2023-10-11T07:20:36.175+0000] {logging_mixin.py:151} INFO - [2023-10-11T07:20:36.174+0000] {dag.py:2915} INFO - Sync 1 DAGs
[2023-10-11T07:20:36.197+0000] {logging_mixin.py:151} INFO - [2023-10-11T07:20:36.197+0000] {dag.py:3696} INFO - Setting next_dagrun for example_dag_decorator to None, run_after=None
[2023-10-11T07:20:36.240+0000] {processor.py:179} INFO - Processing /home/airflow/.local/lib/python3.8/site-packages/airflow/example_dags/example_dag_decorator.py took 0.534 seconds
[2023-10-11T07:21:07.078+0000] {processor.py:157} INFO - Started process (PID=9576) to work on /home/airflow/.local/lib/python3.8/site-packages/airflow/example_dags/example_dag_decorator.py
[2023-10-11T07:21:07.081+0000] {processor.py:829} INFO - Processing file /home/airflow/.local/lib/python3.8/site-packages/airflow/example_dags/example_dag_decorator.py for tasks to queue
[2023-10-11T07:21:07.086+0000] {logging_mixin.py:151} INFO - [2023-10-11T07:21:07.084+0000] {dagbag.py:539} INFO - Filling up the DagBag from /home/airflow/.local/lib/python3.8/site-packages/airflow/example_dags/example_dag_decorator.py
[2023-10-11T07:21:07.229+0000] {processor.py:839} INFO - DAG(s) dict_keys(['example_dag_decorator']) retrieved from /home/airflow/.local/lib/python3.8/site-packages/airflow/example_dags/example_dag_decorator.py
[2023-10-11T07:21:07.427+0000] {logging_mixin.py:151} INFO - [2023-10-11T07:21:07.426+0000] {security.py:708} INFO - Not syncing DAG-level permissions for DAG 'DAG:example_dag_decorator' as access control is unset.
[2023-10-11T07:21:07.428+0000] {logging_mixin.py:151} INFO - [2023-10-11T07:21:07.427+0000] {dag.py:2915} INFO - Sync 1 DAGs
[2023-10-11T07:21:07.447+0000] {logging_mixin.py:151} INFO - [2023-10-11T07:21:07.446+0000] {dag.py:3696} INFO - Setting next_dagrun for example_dag_decorator to None, run_after=None
[2023-10-11T07:21:07.493+0000] {processor.py:179} INFO - Processing /home/airflow/.local/lib/python3.8/site-packages/airflow/example_dags/example_dag_decorator.py took 0.456 seconds
[2023-10-11T07:21:37.596+0000] {processor.py:157} INFO - Started process (PID=9816) to work on /home/airflow/.local/lib/python3.8/site-packages/airflow/example_dags/example_dag_decorator.py
[2023-10-11T07:21:37.598+0000] {processor.py:829} INFO - Processing file /home/airflow/.local/lib/python3.8/site-packages/airflow/example_dags/example_dag_decorator.py for tasks to queue
[2023-10-11T07:21:37.599+0000] {logging_mixin.py:151} INFO - [2023-10-11T07:21:37.599+0000] {dagbag.py:539} INFO - Filling up the DagBag from /home/airflow/.local/lib/python3.8/site-packages/airflow/example_dags/example_dag_decorator.py
[2023-10-11T07:21:37.662+0000] {processor.py:839} INFO - DAG(s) dict_keys(['example_dag_decorator']) retrieved from /home/airflow/.local/lib/python3.8/site-packages/airflow/example_dags/example_dag_decorator.py
[2023-10-11T07:21:37.763+0000] {logging_mixin.py:151} INFO - [2023-10-11T07:21:37.763+0000] {security.py:708} INFO - Not syncing DAG-level permissions for DAG 'DAG:example_dag_decorator' as access control is unset.
[2023-10-11T07:21:37.764+0000] {logging_mixin.py:151} INFO - [2023-10-11T07:21:37.764+0000] {dag.py:2915} INFO - Sync 1 DAGs
[2023-10-11T07:21:37.778+0000] {logging_mixin.py:151} INFO - [2023-10-11T07:21:37.778+0000] {dag.py:3696} INFO - Setting next_dagrun for example_dag_decorator to None, run_after=None
[2023-10-11T07:21:37.802+0000] {processor.py:179} INFO - Processing /home/airflow/.local/lib/python3.8/site-packages/airflow/example_dags/example_dag_decorator.py took 0.209 seconds
[2023-10-11T07:22:08.681+0000] {processor.py:157} INFO - Started process (PID=10062) to work on /home/airflow/.local/lib/python3.8/site-packages/airflow/example_dags/example_dag_decorator.py
[2023-10-11T07:22:08.683+0000] {processor.py:829} INFO - Processing file /home/airflow/.local/lib/python3.8/site-packages/airflow/example_dags/example_dag_decorator.py for tasks to queue
[2023-10-11T07:22:08.686+0000] {logging_mixin.py:151} INFO - [2023-10-11T07:22:08.685+0000] {dagbag.py:539} INFO - Filling up the DagBag from /home/airflow/.local/lib/python3.8/site-packages/airflow/example_dags/example_dag_decorator.py
[2023-10-11T07:22:08.800+0000] {processor.py:839} INFO - DAG(s) dict_keys(['example_dag_decorator']) retrieved from /home/airflow/.local/lib/python3.8/site-packages/airflow/example_dags/example_dag_decorator.py
[2023-10-11T07:22:09.048+0000] {logging_mixin.py:151} INFO - [2023-10-11T07:22:09.047+0000] {security.py:708} INFO - Not syncing DAG-level permissions for DAG 'DAG:example_dag_decorator' as access control is unset.
[2023-10-11T07:22:09.063+0000] {logging_mixin.py:151} INFO - [2023-10-11T07:22:09.063+0000] {dag.py:2915} INFO - Sync 1 DAGs
[2023-10-11T07:22:09.087+0000] {logging_mixin.py:151} INFO - [2023-10-11T07:22:09.086+0000] {dag.py:3696} INFO - Setting next_dagrun for example_dag_decorator to None, run_after=None
[2023-10-11T07:22:09.124+0000] {processor.py:179} INFO - Processing /home/airflow/.local/lib/python3.8/site-packages/airflow/example_dags/example_dag_decorator.py took 0.453 seconds
[2023-10-11T07:22:39.280+0000] {processor.py:157} INFO - Started process (PID=10302) to work on /home/airflow/.local/lib/python3.8/site-packages/airflow/example_dags/example_dag_decorator.py
[2023-10-11T07:22:39.282+0000] {processor.py:829} INFO - Processing file /home/airflow/.local/lib/python3.8/site-packages/airflow/example_dags/example_dag_decorator.py for tasks to queue
[2023-10-11T07:22:39.282+0000] {logging_mixin.py:151} INFO - [2023-10-11T07:22:39.282+0000] {dagbag.py:539} INFO - Filling up the DagBag from /home/airflow/.local/lib/python3.8/site-packages/airflow/example_dags/example_dag_decorator.py
[2023-10-11T07:22:39.329+0000] {processor.py:839} INFO - DAG(s) dict_keys(['example_dag_decorator']) retrieved from /home/airflow/.local/lib/python3.8/site-packages/airflow/example_dags/example_dag_decorator.py
[2023-10-11T07:22:39.404+0000] {logging_mixin.py:151} INFO - [2023-10-11T07:22:39.404+0000] {security.py:708} INFO - Not syncing DAG-level permissions for DAG 'DAG:example_dag_decorator' as access control is unset.
[2023-10-11T07:22:39.405+0000] {logging_mixin.py:151} INFO - [2023-10-11T07:22:39.405+0000] {dag.py:2915} INFO - Sync 1 DAGs
[2023-10-11T07:22:39.412+0000] {logging_mixin.py:151} INFO - [2023-10-11T07:22:39.411+0000] {dag.py:3696} INFO - Setting next_dagrun for example_dag_decorator to None, run_after=None
[2023-10-11T07:22:39.423+0000] {processor.py:179} INFO - Processing /home/airflow/.local/lib/python3.8/site-packages/airflow/example_dags/example_dag_decorator.py took 0.145 seconds
[2023-10-11T07:23:09.521+0000] {processor.py:157} INFO - Started process (PID=10545) to work on /home/airflow/.local/lib/python3.8/site-packages/airflow/example_dags/example_dag_decorator.py
[2023-10-11T07:23:09.522+0000] {processor.py:829} INFO - Processing file /home/airflow/.local/lib/python3.8/site-packages/airflow/example_dags/example_dag_decorator.py for tasks to queue
[2023-10-11T07:23:09.523+0000] {logging_mixin.py:151} INFO - [2023-10-11T07:23:09.523+0000] {dagbag.py:539} INFO - Filling up the DagBag from /home/airflow/.local/lib/python3.8/site-packages/airflow/example_dags/example_dag_decorator.py
[2023-10-11T07:23:09.575+0000] {processor.py:839} INFO - DAG(s) dict_keys(['example_dag_decorator']) retrieved from /home/airflow/.local/lib/python3.8/site-packages/airflow/example_dags/example_dag_decorator.py
[2023-10-11T07:23:09.634+0000] {logging_mixin.py:151} INFO - [2023-10-11T07:23:09.634+0000] {security.py:708} INFO - Not syncing DAG-level permissions for DAG 'DAG:example_dag_decorator' as access control is unset.
[2023-10-11T07:23:09.635+0000] {logging_mixin.py:151} INFO - [2023-10-11T07:23:09.635+0000] {dag.py:2915} INFO - Sync 1 DAGs
[2023-10-11T07:23:09.641+0000] {logging_mixin.py:151} INFO - [2023-10-11T07:23:09.641+0000] {dag.py:3696} INFO - Setting next_dagrun for example_dag_decorator to None, run_after=None
[2023-10-11T07:23:09.676+0000] {processor.py:179} INFO - Processing /home/airflow/.local/lib/python3.8/site-packages/airflow/example_dags/example_dag_decorator.py took 0.158 seconds
[2023-10-11T07:23:39.983+0000] {processor.py:157} INFO - Started process (PID=10788) to work on /home/airflow/.local/lib/python3.8/site-packages/airflow/example_dags/example_dag_decorator.py
[2023-10-11T07:23:39.985+0000] {processor.py:829} INFO - Processing file /home/airflow/.local/lib/python3.8/site-packages/airflow/example_dags/example_dag_decorator.py for tasks to queue
[2023-10-11T07:23:39.986+0000] {logging_mixin.py:151} INFO - [2023-10-11T07:23:39.986+0000] {dagbag.py:539} INFO - Filling up the DagBag from /home/airflow/.local/lib/python3.8/site-packages/airflow/example_dags/example_dag_decorator.py
[2023-10-11T07:23:40.029+0000] {processor.py:839} INFO - DAG(s) dict_keys(['example_dag_decorator']) retrieved from /home/airflow/.local/lib/python3.8/site-packages/airflow/example_dags/example_dag_decorator.py
[2023-10-11T07:23:40.100+0000] {logging_mixin.py:151} INFO - [2023-10-11T07:23:40.100+0000] {security.py:708} INFO - Not syncing DAG-level permissions for DAG 'DAG:example_dag_decorator' as access control is unset.
[2023-10-11T07:23:40.100+0000] {logging_mixin.py:151} INFO - [2023-10-11T07:23:40.100+0000] {dag.py:2915} INFO - Sync 1 DAGs
[2023-10-11T07:23:40.105+0000] {logging_mixin.py:151} INFO - [2023-10-11T07:23:40.105+0000] {dag.py:3696} INFO - Setting next_dagrun for example_dag_decorator to None, run_after=None
[2023-10-11T07:23:40.115+0000] {processor.py:179} INFO - Processing /home/airflow/.local/lib/python3.8/site-packages/airflow/example_dags/example_dag_decorator.py took 0.135 seconds
[2023-10-11T07:24:10.193+0000] {processor.py:157} INFO - Started process (PID=11036) to work on /home/airflow/.local/lib/python3.8/site-packages/airflow/example_dags/example_dag_decorator.py
[2023-10-11T07:24:10.194+0000] {processor.py:829} INFO - Processing file /home/airflow/.local/lib/python3.8/site-packages/airflow/example_dags/example_dag_decorator.py for tasks to queue
[2023-10-11T07:24:10.194+0000] {logging_mixin.py:151} INFO - [2023-10-11T07:24:10.194+0000] {dagbag.py:539} INFO - Filling up the DagBag from /home/airflow/.local/lib/python3.8/site-packages/airflow/example_dags/example_dag_decorator.py
[2023-10-11T07:24:10.241+0000] {processor.py:839} INFO - DAG(s) dict_keys(['example_dag_decorator']) retrieved from /home/airflow/.local/lib/python3.8/site-packages/airflow/example_dags/example_dag_decorator.py
[2023-10-11T07:24:10.321+0000] {logging_mixin.py:151} INFO - [2023-10-11T07:24:10.321+0000] {security.py:708} INFO - Not syncing DAG-level permissions for DAG 'DAG:example_dag_decorator' as access control is unset.
[2023-10-11T07:24:10.322+0000] {logging_mixin.py:151} INFO - [2023-10-11T07:24:10.321+0000] {dag.py:2915} INFO - Sync 1 DAGs
[2023-10-11T07:24:10.329+0000] {logging_mixin.py:151} INFO - [2023-10-11T07:24:10.329+0000] {dag.py:3696} INFO - Setting next_dagrun for example_dag_decorator to None, run_after=None
[2023-10-11T07:24:10.342+0000] {processor.py:179} INFO - Processing /home/airflow/.local/lib/python3.8/site-packages/airflow/example_dags/example_dag_decorator.py took 0.152 seconds
[2023-10-11T07:24:40.443+0000] {processor.py:157} INFO - Started process (PID=11272) to work on /home/airflow/.local/lib/python3.8/site-packages/airflow/example_dags/example_dag_decorator.py
[2023-10-11T07:24:40.457+0000] {processor.py:829} INFO - Processing file /home/airflow/.local/lib/python3.8/site-packages/airflow/example_dags/example_dag_decorator.py for tasks to queue
[2023-10-11T07:24:40.468+0000] {logging_mixin.py:151} INFO - [2023-10-11T07:24:40.468+0000] {dagbag.py:539} INFO - Filling up the DagBag from /home/airflow/.local/lib/python3.8/site-packages/airflow/example_dags/example_dag_decorator.py
[2023-10-11T07:24:40.520+0000] {processor.py:839} INFO - DAG(s) dict_keys(['example_dag_decorator']) retrieved from /home/airflow/.local/lib/python3.8/site-packages/airflow/example_dags/example_dag_decorator.py
[2023-10-11T07:24:40.628+0000] {logging_mixin.py:151} INFO - [2023-10-11T07:24:40.627+0000] {security.py:708} INFO - Not syncing DAG-level permissions for DAG 'DAG:example_dag_decorator' as access control is unset.
[2023-10-11T07:24:40.628+0000] {logging_mixin.py:151} INFO - [2023-10-11T07:24:40.628+0000] {dag.py:2915} INFO - Sync 1 DAGs
[2023-10-11T07:24:40.636+0000] {logging_mixin.py:151} INFO - [2023-10-11T07:24:40.636+0000] {dag.py:3696} INFO - Setting next_dagrun for example_dag_decorator to None, run_after=None
[2023-10-11T07:24:40.661+0000] {processor.py:179} INFO - Processing /home/airflow/.local/lib/python3.8/site-packages/airflow/example_dags/example_dag_decorator.py took 0.222 seconds
[2023-10-11T07:25:11.561+0000] {processor.py:157} INFO - Started process (PID=11515) to work on /home/airflow/.local/lib/python3.8/site-packages/airflow/example_dags/example_dag_decorator.py
[2023-10-11T07:25:11.567+0000] {processor.py:829} INFO - Processing file /home/airflow/.local/lib/python3.8/site-packages/airflow/example_dags/example_dag_decorator.py for tasks to queue
[2023-10-11T07:25:11.572+0000] {logging_mixin.py:151} INFO - [2023-10-11T07:25:11.571+0000] {dagbag.py:539} INFO - Filling up the DagBag from /home/airflow/.local/lib/python3.8/site-packages/airflow/example_dags/example_dag_decorator.py
[2023-10-11T07:25:11.677+0000] {processor.py:839} INFO - DAG(s) dict_keys(['example_dag_decorator']) retrieved from /home/airflow/.local/lib/python3.8/site-packages/airflow/example_dags/example_dag_decorator.py
[2023-10-11T07:25:11.863+0000] {logging_mixin.py:151} INFO - [2023-10-11T07:25:11.863+0000] {security.py:708} INFO - Not syncing DAG-level permissions for DAG 'DAG:example_dag_decorator' as access control is unset.
[2023-10-11T07:25:11.867+0000] {logging_mixin.py:151} INFO - [2023-10-11T07:25:11.867+0000] {dag.py:2915} INFO - Sync 1 DAGs
[2023-10-11T07:25:11.894+0000] {logging_mixin.py:151} INFO - [2023-10-11T07:25:11.893+0000] {dag.py:3696} INFO - Setting next_dagrun for example_dag_decorator to None, run_after=None
[2023-10-11T07:25:11.992+0000] {processor.py:179} INFO - Processing /home/airflow/.local/lib/python3.8/site-packages/airflow/example_dags/example_dag_decorator.py took 0.438 seconds
[2023-10-11T07:25:42.305+0000] {processor.py:157} INFO - Started process (PID=11755) to work on /home/airflow/.local/lib/python3.8/site-packages/airflow/example_dags/example_dag_decorator.py
[2023-10-11T07:25:42.307+0000] {processor.py:829} INFO - Processing file /home/airflow/.local/lib/python3.8/site-packages/airflow/example_dags/example_dag_decorator.py for tasks to queue
[2023-10-11T07:25:42.309+0000] {logging_mixin.py:151} INFO - [2023-10-11T07:25:42.308+0000] {dagbag.py:539} INFO - Filling up the DagBag from /home/airflow/.local/lib/python3.8/site-packages/airflow/example_dags/example_dag_decorator.py
[2023-10-11T07:25:42.429+0000] {processor.py:839} INFO - DAG(s) dict_keys(['example_dag_decorator']) retrieved from /home/airflow/.local/lib/python3.8/site-packages/airflow/example_dags/example_dag_decorator.py
[2023-10-11T07:25:42.666+0000] {logging_mixin.py:151} INFO - [2023-10-11T07:25:42.666+0000] {security.py:708} INFO - Not syncing DAG-level permissions for DAG 'DAG:example_dag_decorator' as access control is unset.
[2023-10-11T07:25:42.670+0000] {logging_mixin.py:151} INFO - [2023-10-11T07:25:42.670+0000] {dag.py:2915} INFO - Sync 1 DAGs
[2023-10-11T07:25:42.731+0000] {logging_mixin.py:151} INFO - [2023-10-11T07:25:42.731+0000] {dag.py:3696} INFO - Setting next_dagrun for example_dag_decorator to None, run_after=None
[2023-10-11T07:25:42.791+0000] {processor.py:179} INFO - Processing /home/airflow/.local/lib/python3.8/site-packages/airflow/example_dags/example_dag_decorator.py took 0.492 seconds
[2023-10-11T07:26:12.982+0000] {processor.py:157} INFO - Started process (PID=11998) to work on /home/airflow/.local/lib/python3.8/site-packages/airflow/example_dags/example_dag_decorator.py
[2023-10-11T07:26:12.983+0000] {processor.py:829} INFO - Processing file /home/airflow/.local/lib/python3.8/site-packages/airflow/example_dags/example_dag_decorator.py for tasks to queue
[2023-10-11T07:26:12.984+0000] {logging_mixin.py:151} INFO - [2023-10-11T07:26:12.983+0000] {dagbag.py:539} INFO - Filling up the DagBag from /home/airflow/.local/lib/python3.8/site-packages/airflow/example_dags/example_dag_decorator.py
[2023-10-11T07:26:13.036+0000] {processor.py:839} INFO - DAG(s) dict_keys(['example_dag_decorator']) retrieved from /home/airflow/.local/lib/python3.8/site-packages/airflow/example_dags/example_dag_decorator.py
[2023-10-11T07:26:13.137+0000] {logging_mixin.py:151} INFO - [2023-10-11T07:26:13.137+0000] {security.py:708} INFO - Not syncing DAG-level permissions for DAG 'DAG:example_dag_decorator' as access control is unset.
[2023-10-11T07:26:13.138+0000] {logging_mixin.py:151} INFO - [2023-10-11T07:26:13.138+0000] {dag.py:2915} INFO - Sync 1 DAGs
[2023-10-11T07:26:13.152+0000] {logging_mixin.py:151} INFO - [2023-10-11T07:26:13.152+0000] {dag.py:3696} INFO - Setting next_dagrun for example_dag_decorator to None, run_after=None
[2023-10-11T07:26:13.189+0000] {processor.py:179} INFO - Processing /home/airflow/.local/lib/python3.8/site-packages/airflow/example_dags/example_dag_decorator.py took 0.210 seconds
[2023-10-11T07:26:44.079+0000] {processor.py:157} INFO - Started process (PID=12244) to work on /home/airflow/.local/lib/python3.8/site-packages/airflow/example_dags/example_dag_decorator.py
[2023-10-11T07:26:44.080+0000] {processor.py:829} INFO - Processing file /home/airflow/.local/lib/python3.8/site-packages/airflow/example_dags/example_dag_decorator.py for tasks to queue
[2023-10-11T07:26:44.081+0000] {logging_mixin.py:151} INFO - [2023-10-11T07:26:44.080+0000] {dagbag.py:539} INFO - Filling up the DagBag from /home/airflow/.local/lib/python3.8/site-packages/airflow/example_dags/example_dag_decorator.py
[2023-10-11T07:26:44.153+0000] {processor.py:839} INFO - DAG(s) dict_keys(['example_dag_decorator']) retrieved from /home/airflow/.local/lib/python3.8/site-packages/airflow/example_dags/example_dag_decorator.py
[2023-10-11T07:26:44.320+0000] {logging_mixin.py:151} INFO - [2023-10-11T07:26:44.320+0000] {security.py:708} INFO - Not syncing DAG-level permissions for DAG 'DAG:example_dag_decorator' as access control is unset.
[2023-10-11T07:26:44.321+0000] {logging_mixin.py:151} INFO - [2023-10-11T07:26:44.321+0000] {dag.py:2915} INFO - Sync 1 DAGs
[2023-10-11T07:26:44.332+0000] {logging_mixin.py:151} INFO - [2023-10-11T07:26:44.332+0000] {dag.py:3696} INFO - Setting next_dagrun for example_dag_decorator to None, run_after=None
[2023-10-11T07:26:44.370+0000] {processor.py:179} INFO - Processing /home/airflow/.local/lib/python3.8/site-packages/airflow/example_dags/example_dag_decorator.py took 0.295 seconds
[2023-10-11T07:27:14.582+0000] {processor.py:157} INFO - Started process (PID=12484) to work on /home/airflow/.local/lib/python3.8/site-packages/airflow/example_dags/example_dag_decorator.py
[2023-10-11T07:27:14.583+0000] {processor.py:829} INFO - Processing file /home/airflow/.local/lib/python3.8/site-packages/airflow/example_dags/example_dag_decorator.py for tasks to queue
[2023-10-11T07:27:14.584+0000] {logging_mixin.py:151} INFO - [2023-10-11T07:27:14.583+0000] {dagbag.py:539} INFO - Filling up the DagBag from /home/airflow/.local/lib/python3.8/site-packages/airflow/example_dags/example_dag_decorator.py
[2023-10-11T07:27:14.677+0000] {processor.py:839} INFO - DAG(s) dict_keys(['example_dag_decorator']) retrieved from /home/airflow/.local/lib/python3.8/site-packages/airflow/example_dags/example_dag_decorator.py
[2023-10-11T07:27:14.792+0000] {logging_mixin.py:151} INFO - [2023-10-11T07:27:14.792+0000] {security.py:708} INFO - Not syncing DAG-level permissions for DAG 'DAG:example_dag_decorator' as access control is unset.
[2023-10-11T07:27:14.793+0000] {logging_mixin.py:151} INFO - [2023-10-11T07:27:14.793+0000] {dag.py:2915} INFO - Sync 1 DAGs
[2023-10-11T07:27:14.802+0000] {logging_mixin.py:151} INFO - [2023-10-11T07:27:14.802+0000] {dag.py:3696} INFO - Setting next_dagrun for example_dag_decorator to None, run_after=None
[2023-10-11T07:27:14.817+0000] {processor.py:179} INFO - Processing /home/airflow/.local/lib/python3.8/site-packages/airflow/example_dags/example_dag_decorator.py took 0.240 seconds
[2023-10-11T07:27:44.986+0000] {processor.py:157} INFO - Started process (PID=12727) to work on /home/airflow/.local/lib/python3.8/site-packages/airflow/example_dags/example_dag_decorator.py
[2023-10-11T07:27:44.987+0000] {processor.py:829} INFO - Processing file /home/airflow/.local/lib/python3.8/site-packages/airflow/example_dags/example_dag_decorator.py for tasks to queue
[2023-10-11T07:27:44.988+0000] {logging_mixin.py:151} INFO - [2023-10-11T07:27:44.988+0000] {dagbag.py:539} INFO - Filling up the DagBag from /home/airflow/.local/lib/python3.8/site-packages/airflow/example_dags/example_dag_decorator.py
[2023-10-11T07:27:45.040+0000] {processor.py:839} INFO - DAG(s) dict_keys(['example_dag_decorator']) retrieved from /home/airflow/.local/lib/python3.8/site-packages/airflow/example_dags/example_dag_decorator.py
[2023-10-11T07:27:45.084+0000] {logging_mixin.py:151} INFO - [2023-10-11T07:27:45.084+0000] {dag.py:2915} INFO - Sync 1 DAGs
[2023-10-11T07:27:45.092+0000] {logging_mixin.py:151} INFO - [2023-10-11T07:27:45.092+0000] {dag.py:3696} INFO - Setting next_dagrun for example_dag_decorator to None, run_after=None
[2023-10-11T07:27:45.103+0000] {processor.py:179} INFO - Processing /home/airflow/.local/lib/python3.8/site-packages/airflow/example_dags/example_dag_decorator.py took 0.121 seconds
[2023-10-11T07:28:15.175+0000] {processor.py:157} INFO - Started process (PID=12970) to work on /home/airflow/.local/lib/python3.8/site-packages/airflow/example_dags/example_dag_decorator.py
[2023-10-11T07:28:15.176+0000] {processor.py:829} INFO - Processing file /home/airflow/.local/lib/python3.8/site-packages/airflow/example_dags/example_dag_decorator.py for tasks to queue
[2023-10-11T07:28:15.177+0000] {logging_mixin.py:151} INFO - [2023-10-11T07:28:15.177+0000] {dagbag.py:539} INFO - Filling up the DagBag from /home/airflow/.local/lib/python3.8/site-packages/airflow/example_dags/example_dag_decorator.py
[2023-10-11T07:28:15.226+0000] {processor.py:839} INFO - DAG(s) dict_keys(['example_dag_decorator']) retrieved from /home/airflow/.local/lib/python3.8/site-packages/airflow/example_dags/example_dag_decorator.py
[2023-10-11T07:28:15.295+0000] {logging_mixin.py:151} INFO - [2023-10-11T07:28:15.295+0000] {security.py:708} INFO - Not syncing DAG-level permissions for DAG 'DAG:example_dag_decorator' as access control is unset.
[2023-10-11T07:28:15.296+0000] {logging_mixin.py:151} INFO - [2023-10-11T07:28:15.296+0000] {dag.py:2915} INFO - Sync 1 DAGs
[2023-10-11T07:28:15.302+0000] {logging_mixin.py:151} INFO - [2023-10-11T07:28:15.301+0000] {dag.py:3696} INFO - Setting next_dagrun for example_dag_decorator to None, run_after=None
[2023-10-11T07:28:15.311+0000] {processor.py:179} INFO - Processing /home/airflow/.local/lib/python3.8/site-packages/airflow/example_dags/example_dag_decorator.py took 0.138 seconds
