[2023-10-11T07:01:36.262+0000] {processor.py:157} INFO - Started process (PID=315) to work on /home/airflow/.local/lib/python3.8/site-packages/airflow/example_dags/example_params_ui_tutorial.py
[2023-10-11T07:01:36.265+0000] {processor.py:829} INFO - Processing file /home/airflow/.local/lib/python3.8/site-packages/airflow/example_dags/example_params_ui_tutorial.py for tasks to queue
[2023-10-11T07:01:36.274+0000] {logging_mixin.py:151} INFO - [2023-10-11T07:01:36.273+0000] {dagbag.py:539} INFO - Filling up the DagBag from /home/airflow/.local/lib/python3.8/site-packages/airflow/example_dags/example_params_ui_tutorial.py
[2023-10-11T07:01:36.349+0000] {processor.py:839} INFO - DAG(s) dict_keys(['example_params_ui_tutorial']) retrieved from /home/airflow/.local/lib/python3.8/site-packages/airflow/example_dags/example_params_ui_tutorial.py
[2023-10-11T07:01:36.731+0000] {logging_mixin.py:151} INFO - [2023-10-11T07:01:36.731+0000] {manager.py:499} INFO - Created Permission View: %s
[2023-10-11T07:01:36.737+0000] {logging_mixin.py:151} INFO - [2023-10-11T07:01:36.737+0000] {manager.py:499} INFO - Created Permission View: %s
[2023-10-11T07:01:36.741+0000] {logging_mixin.py:151} INFO - [2023-10-11T07:01:36.741+0000] {manager.py:499} INFO - Created Permission View: %s
[2023-10-11T07:01:36.741+0000] {logging_mixin.py:151} INFO - [2023-10-11T07:01:36.741+0000] {security.py:708} INFO - Not syncing DAG-level permissions for DAG 'DAG:example_params_ui_tutorial' as access control is unset.
[2023-10-11T07:01:36.741+0000] {logging_mixin.py:151} INFO - [2023-10-11T07:01:36.741+0000] {dag.py:2915} INFO - Sync 1 DAGs
[2023-10-11T07:01:36.748+0000] {logging_mixin.py:151} INFO - [2023-10-11T07:01:36.748+0000] {dag.py:2937} INFO - Creating ORM DAG for example_params_ui_tutorial
[2023-10-11T07:01:36.749+0000] {logging_mixin.py:151} INFO - [2023-10-11T07:01:36.749+0000] {dag.py:3696} INFO - Setting next_dagrun for example_params_ui_tutorial to None, run_after=None
[2023-10-11T07:01:36.766+0000] {processor.py:179} INFO - Processing /home/airflow/.local/lib/python3.8/site-packages/airflow/example_dags/example_params_ui_tutorial.py took 0.512 seconds
[2023-10-11T07:02:07.204+0000] {processor.py:157} INFO - Started process (PID=554) to work on /home/airflow/.local/lib/python3.8/site-packages/airflow/example_dags/example_params_ui_tutorial.py
[2023-10-11T07:02:07.205+0000] {processor.py:829} INFO - Processing file /home/airflow/.local/lib/python3.8/site-packages/airflow/example_dags/example_params_ui_tutorial.py for tasks to queue
[2023-10-11T07:02:07.206+0000] {logging_mixin.py:151} INFO - [2023-10-11T07:02:07.205+0000] {dagbag.py:539} INFO - Filling up the DagBag from /home/airflow/.local/lib/python3.8/site-packages/airflow/example_dags/example_params_ui_tutorial.py
[2023-10-11T07:02:07.227+0000] {processor.py:839} INFO - DAG(s) dict_keys(['example_params_ui_tutorial']) retrieved from /home/airflow/.local/lib/python3.8/site-packages/airflow/example_dags/example_params_ui_tutorial.py
[2023-10-11T07:02:07.259+0000] {logging_mixin.py:151} INFO - [2023-10-11T07:02:07.259+0000] {dag.py:2915} INFO - Sync 1 DAGs
[2023-10-11T07:02:07.274+0000] {logging_mixin.py:151} INFO - [2023-10-11T07:02:07.273+0000] {dag.py:3696} INFO - Setting next_dagrun for example_params_ui_tutorial to None, run_after=None
[2023-10-11T07:02:07.302+0000] {processor.py:179} INFO - Processing /home/airflow/.local/lib/python3.8/site-packages/airflow/example_dags/example_params_ui_tutorial.py took 0.100 seconds
[2023-10-11T07:02:38.004+0000] {processor.py:157} INFO - Started process (PID=791) to work on /home/airflow/.local/lib/python3.8/site-packages/airflow/example_dags/example_params_ui_tutorial.py
[2023-10-11T07:02:38.005+0000] {processor.py:829} INFO - Processing file /home/airflow/.local/lib/python3.8/site-packages/airflow/example_dags/example_params_ui_tutorial.py for tasks to queue
[2023-10-11T07:02:38.005+0000] {logging_mixin.py:151} INFO - [2023-10-11T07:02:38.005+0000] {dagbag.py:539} INFO - Filling up the DagBag from /home/airflow/.local/lib/python3.8/site-packages/airflow/example_dags/example_params_ui_tutorial.py
[2023-10-11T07:02:38.026+0000] {processor.py:839} INFO - DAG(s) dict_keys(['example_params_ui_tutorial']) retrieved from /home/airflow/.local/lib/python3.8/site-packages/airflow/example_dags/example_params_ui_tutorial.py
[2023-10-11T07:02:38.057+0000] {logging_mixin.py:151} INFO - [2023-10-11T07:02:38.056+0000] {dag.py:2915} INFO - Sync 1 DAGs
[2023-10-11T07:02:38.088+0000] {logging_mixin.py:151} INFO - [2023-10-11T07:02:38.088+0000] {dag.py:3696} INFO - Setting next_dagrun for example_params_ui_tutorial to None, run_after=None
[2023-10-11T07:02:38.100+0000] {processor.py:179} INFO - Processing /home/airflow/.local/lib/python3.8/site-packages/airflow/example_dags/example_params_ui_tutorial.py took 0.099 seconds
[2023-10-11T07:03:09.024+0000] {processor.py:157} INFO - Started process (PID=1029) to work on /home/airflow/.local/lib/python3.8/site-packages/airflow/example_dags/example_params_ui_tutorial.py
[2023-10-11T07:03:09.024+0000] {processor.py:829} INFO - Processing file /home/airflow/.local/lib/python3.8/site-packages/airflow/example_dags/example_params_ui_tutorial.py for tasks to queue
[2023-10-11T07:03:09.025+0000] {logging_mixin.py:151} INFO - [2023-10-11T07:03:09.025+0000] {dagbag.py:539} INFO - Filling up the DagBag from /home/airflow/.local/lib/python3.8/site-packages/airflow/example_dags/example_params_ui_tutorial.py
[2023-10-11T07:03:09.046+0000] {processor.py:839} INFO - DAG(s) dict_keys(['example_params_ui_tutorial']) retrieved from /home/airflow/.local/lib/python3.8/site-packages/airflow/example_dags/example_params_ui_tutorial.py
[2023-10-11T07:03:09.093+0000] {logging_mixin.py:151} INFO - [2023-10-11T07:03:09.092+0000] {dag.py:2915} INFO - Sync 1 DAGs
[2023-10-11T07:03:09.100+0000] {logging_mixin.py:151} INFO - [2023-10-11T07:03:09.100+0000] {dag.py:3696} INFO - Setting next_dagrun for example_params_ui_tutorial to None, run_after=None
[2023-10-11T07:03:09.110+0000] {processor.py:179} INFO - Processing /home/airflow/.local/lib/python3.8/site-packages/airflow/example_dags/example_params_ui_tutorial.py took 0.089 seconds
[2023-10-11T07:03:39.685+0000] {processor.py:157} INFO - Started process (PID=1267) to work on /home/airflow/.local/lib/python3.8/site-packages/airflow/example_dags/example_params_ui_tutorial.py
[2023-10-11T07:03:39.686+0000] {processor.py:829} INFO - Processing file /home/airflow/.local/lib/python3.8/site-packages/airflow/example_dags/example_params_ui_tutorial.py for tasks to queue
[2023-10-11T07:03:39.686+0000] {logging_mixin.py:151} INFO - [2023-10-11T07:03:39.686+0000] {dagbag.py:539} INFO - Filling up the DagBag from /home/airflow/.local/lib/python3.8/site-packages/airflow/example_dags/example_params_ui_tutorial.py
[2023-10-11T07:03:39.713+0000] {processor.py:839} INFO - DAG(s) dict_keys(['example_params_ui_tutorial']) retrieved from /home/airflow/.local/lib/python3.8/site-packages/airflow/example_dags/example_params_ui_tutorial.py
[2023-10-11T07:03:39.751+0000] {logging_mixin.py:151} INFO - [2023-10-11T07:03:39.751+0000] {dag.py:2915} INFO - Sync 1 DAGs
[2023-10-11T07:03:39.763+0000] {logging_mixin.py:151} INFO - [2023-10-11T07:03:39.763+0000] {dag.py:3696} INFO - Setting next_dagrun for example_params_ui_tutorial to None, run_after=None
[2023-10-11T07:03:39.796+0000] {processor.py:179} INFO - Processing /home/airflow/.local/lib/python3.8/site-packages/airflow/example_dags/example_params_ui_tutorial.py took 0.115 seconds
[2023-10-11T07:04:10.137+0000] {processor.py:157} INFO - Started process (PID=1505) to work on /home/airflow/.local/lib/python3.8/site-packages/airflow/example_dags/example_params_ui_tutorial.py
[2023-10-11T07:04:10.138+0000] {processor.py:829} INFO - Processing file /home/airflow/.local/lib/python3.8/site-packages/airflow/example_dags/example_params_ui_tutorial.py for tasks to queue
[2023-10-11T07:04:10.139+0000] {logging_mixin.py:151} INFO - [2023-10-11T07:04:10.139+0000] {dagbag.py:539} INFO - Filling up the DagBag from /home/airflow/.local/lib/python3.8/site-packages/airflow/example_dags/example_params_ui_tutorial.py
[2023-10-11T07:04:10.168+0000] {processor.py:839} INFO - DAG(s) dict_keys(['example_params_ui_tutorial']) retrieved from /home/airflow/.local/lib/python3.8/site-packages/airflow/example_dags/example_params_ui_tutorial.py
[2023-10-11T07:04:10.216+0000] {logging_mixin.py:151} INFO - [2023-10-11T07:04:10.215+0000] {dag.py:2915} INFO - Sync 1 DAGs
[2023-10-11T07:04:10.224+0000] {logging_mixin.py:151} INFO - [2023-10-11T07:04:10.224+0000] {dag.py:3696} INFO - Setting next_dagrun for example_params_ui_tutorial to None, run_after=None
[2023-10-11T07:04:10.236+0000] {processor.py:179} INFO - Processing /home/airflow/.local/lib/python3.8/site-packages/airflow/example_dags/example_params_ui_tutorial.py took 0.101 seconds
[2023-10-11T07:04:41.000+0000] {processor.py:157} INFO - Started process (PID=1743) to work on /home/airflow/.local/lib/python3.8/site-packages/airflow/example_dags/example_params_ui_tutorial.py
[2023-10-11T07:04:41.001+0000] {processor.py:829} INFO - Processing file /home/airflow/.local/lib/python3.8/site-packages/airflow/example_dags/example_params_ui_tutorial.py for tasks to queue
[2023-10-11T07:04:41.002+0000] {logging_mixin.py:151} INFO - [2023-10-11T07:04:41.001+0000] {dagbag.py:539} INFO - Filling up the DagBag from /home/airflow/.local/lib/python3.8/site-packages/airflow/example_dags/example_params_ui_tutorial.py
[2023-10-11T07:04:41.025+0000] {processor.py:839} INFO - DAG(s) dict_keys(['example_params_ui_tutorial']) retrieved from /home/airflow/.local/lib/python3.8/site-packages/airflow/example_dags/example_params_ui_tutorial.py
[2023-10-11T07:04:41.061+0000] {logging_mixin.py:151} INFO - [2023-10-11T07:04:41.061+0000] {dag.py:2915} INFO - Sync 1 DAGs
[2023-10-11T07:04:41.075+0000] {logging_mixin.py:151} INFO - [2023-10-11T07:04:41.075+0000] {dag.py:3696} INFO - Setting next_dagrun for example_params_ui_tutorial to None, run_after=None
[2023-10-11T07:04:41.095+0000] {processor.py:179} INFO - Processing /home/airflow/.local/lib/python3.8/site-packages/airflow/example_dags/example_params_ui_tutorial.py took 0.099 seconds
[2023-10-11T07:05:11.528+0000] {processor.py:157} INFO - Started process (PID=1981) to work on /home/airflow/.local/lib/python3.8/site-packages/airflow/example_dags/example_params_ui_tutorial.py
[2023-10-11T07:05:11.530+0000] {processor.py:829} INFO - Processing file /home/airflow/.local/lib/python3.8/site-packages/airflow/example_dags/example_params_ui_tutorial.py for tasks to queue
[2023-10-11T07:05:11.531+0000] {logging_mixin.py:151} INFO - [2023-10-11T07:05:11.530+0000] {dagbag.py:539} INFO - Filling up the DagBag from /home/airflow/.local/lib/python3.8/site-packages/airflow/example_dags/example_params_ui_tutorial.py
[2023-10-11T07:05:11.583+0000] {processor.py:839} INFO - DAG(s) dict_keys(['example_params_ui_tutorial']) retrieved from /home/airflow/.local/lib/python3.8/site-packages/airflow/example_dags/example_params_ui_tutorial.py
[2023-10-11T07:05:11.625+0000] {logging_mixin.py:151} INFO - [2023-10-11T07:05:11.625+0000] {dag.py:2915} INFO - Sync 1 DAGs
[2023-10-11T07:05:11.633+0000] {logging_mixin.py:151} INFO - [2023-10-11T07:05:11.633+0000] {dag.py:3696} INFO - Setting next_dagrun for example_params_ui_tutorial to None, run_after=None
[2023-10-11T07:05:11.643+0000] {processor.py:179} INFO - Processing /home/airflow/.local/lib/python3.8/site-packages/airflow/example_dags/example_params_ui_tutorial.py took 0.120 seconds
[2023-10-11T07:05:42.135+0000] {processor.py:157} INFO - Started process (PID=2219) to work on /home/airflow/.local/lib/python3.8/site-packages/airflow/example_dags/example_params_ui_tutorial.py
[2023-10-11T07:05:42.136+0000] {processor.py:829} INFO - Processing file /home/airflow/.local/lib/python3.8/site-packages/airflow/example_dags/example_params_ui_tutorial.py for tasks to queue
[2023-10-11T07:05:42.137+0000] {logging_mixin.py:151} INFO - [2023-10-11T07:05:42.137+0000] {dagbag.py:539} INFO - Filling up the DagBag from /home/airflow/.local/lib/python3.8/site-packages/airflow/example_dags/example_params_ui_tutorial.py
[2023-10-11T07:05:42.158+0000] {processor.py:839} INFO - DAG(s) dict_keys(['example_params_ui_tutorial']) retrieved from /home/airflow/.local/lib/python3.8/site-packages/airflow/example_dags/example_params_ui_tutorial.py
[2023-10-11T07:05:42.217+0000] {logging_mixin.py:151} INFO - [2023-10-11T07:05:42.217+0000] {dag.py:2915} INFO - Sync 1 DAGs
[2023-10-11T07:05:42.225+0000] {logging_mixin.py:151} INFO - [2023-10-11T07:05:42.224+0000] {dag.py:3696} INFO - Setting next_dagrun for example_params_ui_tutorial to None, run_after=None
[2023-10-11T07:05:42.234+0000] {processor.py:179} INFO - Processing /home/airflow/.local/lib/python3.8/site-packages/airflow/example_dags/example_params_ui_tutorial.py took 0.103 seconds
[2023-10-11T07:06:12.633+0000] {processor.py:157} INFO - Started process (PID=2457) to work on /home/airflow/.local/lib/python3.8/site-packages/airflow/example_dags/example_params_ui_tutorial.py
[2023-10-11T07:06:12.634+0000] {processor.py:829} INFO - Processing file /home/airflow/.local/lib/python3.8/site-packages/airflow/example_dags/example_params_ui_tutorial.py for tasks to queue
[2023-10-11T07:06:12.634+0000] {logging_mixin.py:151} INFO - [2023-10-11T07:06:12.634+0000] {dagbag.py:539} INFO - Filling up the DagBag from /home/airflow/.local/lib/python3.8/site-packages/airflow/example_dags/example_params_ui_tutorial.py
[2023-10-11T07:06:12.661+0000] {processor.py:839} INFO - DAG(s) dict_keys(['example_params_ui_tutorial']) retrieved from /home/airflow/.local/lib/python3.8/site-packages/airflow/example_dags/example_params_ui_tutorial.py
[2023-10-11T07:06:12.698+0000] {logging_mixin.py:151} INFO - [2023-10-11T07:06:12.698+0000] {dag.py:2915} INFO - Sync 1 DAGs
[2023-10-11T07:06:12.705+0000] {logging_mixin.py:151} INFO - [2023-10-11T07:06:12.705+0000] {dag.py:3696} INFO - Setting next_dagrun for example_params_ui_tutorial to None, run_after=None
[2023-10-11T07:06:12.714+0000] {processor.py:179} INFO - Processing /home/airflow/.local/lib/python3.8/site-packages/airflow/example_dags/example_params_ui_tutorial.py took 0.084 seconds
[2023-10-11T07:06:43.081+0000] {processor.py:157} INFO - Started process (PID=2700) to work on /home/airflow/.local/lib/python3.8/site-packages/airflow/example_dags/example_params_ui_tutorial.py
[2023-10-11T07:06:43.082+0000] {processor.py:829} INFO - Processing file /home/airflow/.local/lib/python3.8/site-packages/airflow/example_dags/example_params_ui_tutorial.py for tasks to queue
[2023-10-11T07:06:43.082+0000] {logging_mixin.py:151} INFO - [2023-10-11T07:06:43.082+0000] {dagbag.py:539} INFO - Filling up the DagBag from /home/airflow/.local/lib/python3.8/site-packages/airflow/example_dags/example_params_ui_tutorial.py
[2023-10-11T07:06:43.103+0000] {processor.py:839} INFO - DAG(s) dict_keys(['example_params_ui_tutorial']) retrieved from /home/airflow/.local/lib/python3.8/site-packages/airflow/example_dags/example_params_ui_tutorial.py
[2023-10-11T07:06:43.131+0000] {logging_mixin.py:151} INFO - [2023-10-11T07:06:43.131+0000] {dag.py:2915} INFO - Sync 1 DAGs
[2023-10-11T07:06:43.138+0000] {logging_mixin.py:151} INFO - [2023-10-11T07:06:43.138+0000] {dag.py:3696} INFO - Setting next_dagrun for example_params_ui_tutorial to None, run_after=None
[2023-10-11T07:06:43.153+0000] {processor.py:179} INFO - Processing /home/airflow/.local/lib/python3.8/site-packages/airflow/example_dags/example_params_ui_tutorial.py took 0.074 seconds
[2023-10-11T07:07:14.056+0000] {processor.py:157} INFO - Started process (PID=2942) to work on /home/airflow/.local/lib/python3.8/site-packages/airflow/example_dags/example_params_ui_tutorial.py
[2023-10-11T07:07:14.063+0000] {processor.py:829} INFO - Processing file /home/airflow/.local/lib/python3.8/site-packages/airflow/example_dags/example_params_ui_tutorial.py for tasks to queue
[2023-10-11T07:07:14.072+0000] {logging_mixin.py:151} INFO - [2023-10-11T07:07:14.071+0000] {dagbag.py:539} INFO - Filling up the DagBag from /home/airflow/.local/lib/python3.8/site-packages/airflow/example_dags/example_params_ui_tutorial.py
[2023-10-11T07:07:14.107+0000] {processor.py:839} INFO - DAG(s) dict_keys(['example_params_ui_tutorial']) retrieved from /home/airflow/.local/lib/python3.8/site-packages/airflow/example_dags/example_params_ui_tutorial.py
[2023-10-11T07:07:14.137+0000] {logging_mixin.py:151} INFO - [2023-10-11T07:07:14.137+0000] {dag.py:2915} INFO - Sync 1 DAGs
[2023-10-11T07:07:14.145+0000] {logging_mixin.py:151} INFO - [2023-10-11T07:07:14.145+0000] {dag.py:3696} INFO - Setting next_dagrun for example_params_ui_tutorial to None, run_after=None
[2023-10-11T07:07:14.174+0000] {processor.py:179} INFO - Processing /home/airflow/.local/lib/python3.8/site-packages/airflow/example_dags/example_params_ui_tutorial.py took 0.123 seconds
[2023-10-11T07:07:45.416+0000] {processor.py:157} INFO - Started process (PID=3190) to work on /home/airflow/.local/lib/python3.8/site-packages/airflow/example_dags/example_params_ui_tutorial.py
[2023-10-11T07:07:45.427+0000] {processor.py:829} INFO - Processing file /home/airflow/.local/lib/python3.8/site-packages/airflow/example_dags/example_params_ui_tutorial.py for tasks to queue
[2023-10-11T07:07:45.439+0000] {logging_mixin.py:151} INFO - [2023-10-11T07:07:45.438+0000] {dagbag.py:539} INFO - Filling up the DagBag from /home/airflow/.local/lib/python3.8/site-packages/airflow/example_dags/example_params_ui_tutorial.py
[2023-10-11T07:07:45.586+0000] {processor.py:839} INFO - DAG(s) dict_keys(['example_params_ui_tutorial']) retrieved from /home/airflow/.local/lib/python3.8/site-packages/airflow/example_dags/example_params_ui_tutorial.py
[2023-10-11T07:07:45.827+0000] {logging_mixin.py:151} INFO - [2023-10-11T07:07:45.826+0000] {dag.py:2915} INFO - Sync 1 DAGs
[2023-10-11T07:07:45.932+0000] {logging_mixin.py:151} INFO - [2023-10-11T07:07:45.931+0000] {dag.py:3696} INFO - Setting next_dagrun for example_params_ui_tutorial to None, run_after=None
[2023-10-11T07:07:46.013+0000] {processor.py:179} INFO - Processing /home/airflow/.local/lib/python3.8/site-packages/airflow/example_dags/example_params_ui_tutorial.py took 0.602 seconds
[2023-10-11T07:08:16.651+0000] {processor.py:157} INFO - Started process (PID=3461) to work on /home/airflow/.local/lib/python3.8/site-packages/airflow/example_dags/example_params_ui_tutorial.py
[2023-10-11T07:08:16.652+0000] {processor.py:829} INFO - Processing file /home/airflow/.local/lib/python3.8/site-packages/airflow/example_dags/example_params_ui_tutorial.py for tasks to queue
[2023-10-11T07:08:16.653+0000] {logging_mixin.py:151} INFO - [2023-10-11T07:08:16.653+0000] {dagbag.py:539} INFO - Filling up the DagBag from /home/airflow/.local/lib/python3.8/site-packages/airflow/example_dags/example_params_ui_tutorial.py
[2023-10-11T07:08:16.702+0000] {processor.py:839} INFO - DAG(s) dict_keys(['example_params_ui_tutorial']) retrieved from /home/airflow/.local/lib/python3.8/site-packages/airflow/example_dags/example_params_ui_tutorial.py
[2023-10-11T07:08:16.730+0000] {logging_mixin.py:151} INFO - [2023-10-11T07:08:16.730+0000] {dag.py:2915} INFO - Sync 1 DAGs
[2023-10-11T07:08:16.739+0000] {logging_mixin.py:151} INFO - [2023-10-11T07:08:16.739+0000] {dag.py:3696} INFO - Setting next_dagrun for example_params_ui_tutorial to None, run_after=None
[2023-10-11T07:08:16.750+0000] {processor.py:179} INFO - Processing /home/airflow/.local/lib/python3.8/site-packages/airflow/example_dags/example_params_ui_tutorial.py took 0.102 seconds
[2023-10-11T07:08:47.548+0000] {processor.py:157} INFO - Started process (PID=3704) to work on /home/airflow/.local/lib/python3.8/site-packages/airflow/example_dags/example_params_ui_tutorial.py
[2023-10-11T07:08:47.550+0000] {processor.py:829} INFO - Processing file /home/airflow/.local/lib/python3.8/site-packages/airflow/example_dags/example_params_ui_tutorial.py for tasks to queue
[2023-10-11T07:08:47.550+0000] {logging_mixin.py:151} INFO - [2023-10-11T07:08:47.550+0000] {dagbag.py:539} INFO - Filling up the DagBag from /home/airflow/.local/lib/python3.8/site-packages/airflow/example_dags/example_params_ui_tutorial.py
[2023-10-11T07:08:47.609+0000] {processor.py:839} INFO - DAG(s) dict_keys(['example_params_ui_tutorial']) retrieved from /home/airflow/.local/lib/python3.8/site-packages/airflow/example_dags/example_params_ui_tutorial.py
[2023-10-11T07:08:47.644+0000] {logging_mixin.py:151} INFO - [2023-10-11T07:08:47.644+0000] {dag.py:2915} INFO - Sync 1 DAGs
[2023-10-11T07:08:47.652+0000] {logging_mixin.py:151} INFO - [2023-10-11T07:08:47.652+0000] {dag.py:3696} INFO - Setting next_dagrun for example_params_ui_tutorial to None, run_after=None
[2023-10-11T07:08:47.708+0000] {processor.py:179} INFO - Processing /home/airflow/.local/lib/python3.8/site-packages/airflow/example_dags/example_params_ui_tutorial.py took 0.163 seconds
[2023-10-11T07:09:17.753+0000] {processor.py:157} INFO - Started process (PID=3945) to work on /home/airflow/.local/lib/python3.8/site-packages/airflow/example_dags/example_params_ui_tutorial.py
[2023-10-11T07:09:17.756+0000] {processor.py:829} INFO - Processing file /home/airflow/.local/lib/python3.8/site-packages/airflow/example_dags/example_params_ui_tutorial.py for tasks to queue
[2023-10-11T07:09:17.759+0000] {logging_mixin.py:151} INFO - [2023-10-11T07:09:17.758+0000] {dagbag.py:539} INFO - Filling up the DagBag from /home/airflow/.local/lib/python3.8/site-packages/airflow/example_dags/example_params_ui_tutorial.py
[2023-10-11T07:09:17.825+0000] {processor.py:839} INFO - DAG(s) dict_keys(['example_params_ui_tutorial']) retrieved from /home/airflow/.local/lib/python3.8/site-packages/airflow/example_dags/example_params_ui_tutorial.py
[2023-10-11T07:09:17.900+0000] {logging_mixin.py:151} INFO - [2023-10-11T07:09:17.900+0000] {dag.py:2915} INFO - Sync 1 DAGs
[2023-10-11T07:09:17.913+0000] {logging_mixin.py:151} INFO - [2023-10-11T07:09:17.912+0000] {dag.py:3696} INFO - Setting next_dagrun for example_params_ui_tutorial to None, run_after=None
[2023-10-11T07:09:17.948+0000] {processor.py:179} INFO - Processing /home/airflow/.local/lib/python3.8/site-packages/airflow/example_dags/example_params_ui_tutorial.py took 0.201 seconds
[2023-10-11T07:09:48.317+0000] {processor.py:157} INFO - Started process (PID=4188) to work on /home/airflow/.local/lib/python3.8/site-packages/airflow/example_dags/example_params_ui_tutorial.py
[2023-10-11T07:09:48.318+0000] {processor.py:829} INFO - Processing file /home/airflow/.local/lib/python3.8/site-packages/airflow/example_dags/example_params_ui_tutorial.py for tasks to queue
[2023-10-11T07:09:48.318+0000] {logging_mixin.py:151} INFO - [2023-10-11T07:09:48.318+0000] {dagbag.py:539} INFO - Filling up the DagBag from /home/airflow/.local/lib/python3.8/site-packages/airflow/example_dags/example_params_ui_tutorial.py
[2023-10-11T07:09:48.343+0000] {processor.py:839} INFO - DAG(s) dict_keys(['example_params_ui_tutorial']) retrieved from /home/airflow/.local/lib/python3.8/site-packages/airflow/example_dags/example_params_ui_tutorial.py
[2023-10-11T07:09:48.400+0000] {logging_mixin.py:151} INFO - [2023-10-11T07:09:48.400+0000] {dag.py:2915} INFO - Sync 1 DAGs
[2023-10-11T07:09:48.409+0000] {logging_mixin.py:151} INFO - [2023-10-11T07:09:48.408+0000] {dag.py:3696} INFO - Setting next_dagrun for example_params_ui_tutorial to None, run_after=None
[2023-10-11T07:09:48.423+0000] {processor.py:179} INFO - Processing /home/airflow/.local/lib/python3.8/site-packages/airflow/example_dags/example_params_ui_tutorial.py took 0.110 seconds
[2023-10-11T07:10:19.041+0000] {processor.py:157} INFO - Started process (PID=4431) to work on /home/airflow/.local/lib/python3.8/site-packages/airflow/example_dags/example_params_ui_tutorial.py
[2023-10-11T07:10:19.042+0000] {processor.py:829} INFO - Processing file /home/airflow/.local/lib/python3.8/site-packages/airflow/example_dags/example_params_ui_tutorial.py for tasks to queue
[2023-10-11T07:10:19.042+0000] {logging_mixin.py:151} INFO - [2023-10-11T07:10:19.042+0000] {dagbag.py:539} INFO - Filling up the DagBag from /home/airflow/.local/lib/python3.8/site-packages/airflow/example_dags/example_params_ui_tutorial.py
[2023-10-11T07:10:19.075+0000] {processor.py:839} INFO - DAG(s) dict_keys(['example_params_ui_tutorial']) retrieved from /home/airflow/.local/lib/python3.8/site-packages/airflow/example_dags/example_params_ui_tutorial.py
[2023-10-11T07:10:19.128+0000] {logging_mixin.py:151} INFO - [2023-10-11T07:10:19.128+0000] {dag.py:2915} INFO - Sync 1 DAGs
[2023-10-11T07:10:19.141+0000] {logging_mixin.py:151} INFO - [2023-10-11T07:10:19.141+0000] {dag.py:3696} INFO - Setting next_dagrun for example_params_ui_tutorial to None, run_after=None
[2023-10-11T07:10:19.192+0000] {processor.py:179} INFO - Processing /home/airflow/.local/lib/python3.8/site-packages/airflow/example_dags/example_params_ui_tutorial.py took 0.153 seconds
[2023-10-11T07:10:49.582+0000] {processor.py:157} INFO - Started process (PID=4674) to work on /home/airflow/.local/lib/python3.8/site-packages/airflow/example_dags/example_params_ui_tutorial.py
[2023-10-11T07:10:49.583+0000] {processor.py:829} INFO - Processing file /home/airflow/.local/lib/python3.8/site-packages/airflow/example_dags/example_params_ui_tutorial.py for tasks to queue
[2023-10-11T07:10:49.583+0000] {logging_mixin.py:151} INFO - [2023-10-11T07:10:49.583+0000] {dagbag.py:539} INFO - Filling up the DagBag from /home/airflow/.local/lib/python3.8/site-packages/airflow/example_dags/example_params_ui_tutorial.py
[2023-10-11T07:10:49.610+0000] {processor.py:839} INFO - DAG(s) dict_keys(['example_params_ui_tutorial']) retrieved from /home/airflow/.local/lib/python3.8/site-packages/airflow/example_dags/example_params_ui_tutorial.py
[2023-10-11T07:10:49.647+0000] {logging_mixin.py:151} INFO - [2023-10-11T07:10:49.647+0000] {dag.py:2915} INFO - Sync 1 DAGs
[2023-10-11T07:10:49.669+0000] {logging_mixin.py:151} INFO - [2023-10-11T07:10:49.668+0000] {dag.py:3696} INFO - Setting next_dagrun for example_params_ui_tutorial to None, run_after=None
[2023-10-11T07:10:49.686+0000] {processor.py:179} INFO - Processing /home/airflow/.local/lib/python3.8/site-packages/airflow/example_dags/example_params_ui_tutorial.py took 0.107 seconds
[2023-10-11T07:11:19.887+0000] {processor.py:157} INFO - Started process (PID=4914) to work on /home/airflow/.local/lib/python3.8/site-packages/airflow/example_dags/example_params_ui_tutorial.py
[2023-10-11T07:11:19.888+0000] {processor.py:829} INFO - Processing file /home/airflow/.local/lib/python3.8/site-packages/airflow/example_dags/example_params_ui_tutorial.py for tasks to queue
[2023-10-11T07:11:19.889+0000] {logging_mixin.py:151} INFO - [2023-10-11T07:11:19.889+0000] {dagbag.py:539} INFO - Filling up the DagBag from /home/airflow/.local/lib/python3.8/site-packages/airflow/example_dags/example_params_ui_tutorial.py
[2023-10-11T07:11:19.933+0000] {processor.py:839} INFO - DAG(s) dict_keys(['example_params_ui_tutorial']) retrieved from /home/airflow/.local/lib/python3.8/site-packages/airflow/example_dags/example_params_ui_tutorial.py
[2023-10-11T07:11:19.993+0000] {logging_mixin.py:151} INFO - [2023-10-11T07:11:19.992+0000] {dag.py:2915} INFO - Sync 1 DAGs
[2023-10-11T07:11:20.009+0000] {logging_mixin.py:151} INFO - [2023-10-11T07:11:20.008+0000] {dag.py:3696} INFO - Setting next_dagrun for example_params_ui_tutorial to None, run_after=None
[2023-10-11T07:11:20.023+0000] {processor.py:179} INFO - Processing /home/airflow/.local/lib/python3.8/site-packages/airflow/example_dags/example_params_ui_tutorial.py took 0.141 seconds
[2023-10-11T07:11:50.836+0000] {processor.py:157} INFO - Started process (PID=5160) to work on /home/airflow/.local/lib/python3.8/site-packages/airflow/example_dags/example_params_ui_tutorial.py
[2023-10-11T07:11:50.837+0000] {processor.py:829} INFO - Processing file /home/airflow/.local/lib/python3.8/site-packages/airflow/example_dags/example_params_ui_tutorial.py for tasks to queue
[2023-10-11T07:11:50.837+0000] {logging_mixin.py:151} INFO - [2023-10-11T07:11:50.837+0000] {dagbag.py:539} INFO - Filling up the DagBag from /home/airflow/.local/lib/python3.8/site-packages/airflow/example_dags/example_params_ui_tutorial.py
[2023-10-11T07:11:50.858+0000] {processor.py:839} INFO - DAG(s) dict_keys(['example_params_ui_tutorial']) retrieved from /home/airflow/.local/lib/python3.8/site-packages/airflow/example_dags/example_params_ui_tutorial.py
[2023-10-11T07:11:50.911+0000] {logging_mixin.py:151} INFO - [2023-10-11T07:11:50.911+0000] {dag.py:2915} INFO - Sync 1 DAGs
[2023-10-11T07:11:50.919+0000] {logging_mixin.py:151} INFO - [2023-10-11T07:11:50.919+0000] {dag.py:3696} INFO - Setting next_dagrun for example_params_ui_tutorial to None, run_after=None
[2023-10-11T07:11:50.929+0000] {processor.py:179} INFO - Processing /home/airflow/.local/lib/python3.8/site-packages/airflow/example_dags/example_params_ui_tutorial.py took 0.096 seconds
[2023-10-11T07:12:21.445+0000] {processor.py:157} INFO - Started process (PID=5403) to work on /home/airflow/.local/lib/python3.8/site-packages/airflow/example_dags/example_params_ui_tutorial.py
[2023-10-11T07:12:21.446+0000] {processor.py:829} INFO - Processing file /home/airflow/.local/lib/python3.8/site-packages/airflow/example_dags/example_params_ui_tutorial.py for tasks to queue
[2023-10-11T07:12:21.447+0000] {logging_mixin.py:151} INFO - [2023-10-11T07:12:21.447+0000] {dagbag.py:539} INFO - Filling up the DagBag from /home/airflow/.local/lib/python3.8/site-packages/airflow/example_dags/example_params_ui_tutorial.py
[2023-10-11T07:12:21.480+0000] {processor.py:839} INFO - DAG(s) dict_keys(['example_params_ui_tutorial']) retrieved from /home/airflow/.local/lib/python3.8/site-packages/airflow/example_dags/example_params_ui_tutorial.py
[2023-10-11T07:12:21.507+0000] {logging_mixin.py:151} INFO - [2023-10-11T07:12:21.507+0000] {dag.py:2915} INFO - Sync 1 DAGs
[2023-10-11T07:12:21.515+0000] {logging_mixin.py:151} INFO - [2023-10-11T07:12:21.514+0000] {dag.py:3696} INFO - Setting next_dagrun for example_params_ui_tutorial to None, run_after=None
[2023-10-11T07:12:21.526+0000] {processor.py:179} INFO - Processing /home/airflow/.local/lib/python3.8/site-packages/airflow/example_dags/example_params_ui_tutorial.py took 0.083 seconds
[2023-10-11T07:12:51.883+0000] {processor.py:157} INFO - Started process (PID=5643) to work on /home/airflow/.local/lib/python3.8/site-packages/airflow/example_dags/example_params_ui_tutorial.py
[2023-10-11T07:12:51.884+0000] {processor.py:829} INFO - Processing file /home/airflow/.local/lib/python3.8/site-packages/airflow/example_dags/example_params_ui_tutorial.py for tasks to queue
[2023-10-11T07:12:51.884+0000] {logging_mixin.py:151} INFO - [2023-10-11T07:12:51.884+0000] {dagbag.py:539} INFO - Filling up the DagBag from /home/airflow/.local/lib/python3.8/site-packages/airflow/example_dags/example_params_ui_tutorial.py
[2023-10-11T07:12:51.907+0000] {processor.py:839} INFO - DAG(s) dict_keys(['example_params_ui_tutorial']) retrieved from /home/airflow/.local/lib/python3.8/site-packages/airflow/example_dags/example_params_ui_tutorial.py
[2023-10-11T07:12:51.934+0000] {logging_mixin.py:151} INFO - [2023-10-11T07:12:51.934+0000] {dag.py:2915} INFO - Sync 1 DAGs
[2023-10-11T07:12:51.940+0000] {logging_mixin.py:151} INFO - [2023-10-11T07:12:51.940+0000] {dag.py:3696} INFO - Setting next_dagrun for example_params_ui_tutorial to None, run_after=None
[2023-10-11T07:12:51.951+0000] {processor.py:179} INFO - Processing /home/airflow/.local/lib/python3.8/site-packages/airflow/example_dags/example_params_ui_tutorial.py took 0.072 seconds
[2023-10-11T07:13:22.428+0000] {processor.py:157} INFO - Started process (PID=5886) to work on /home/airflow/.local/lib/python3.8/site-packages/airflow/example_dags/example_params_ui_tutorial.py
[2023-10-11T07:13:22.429+0000] {processor.py:829} INFO - Processing file /home/airflow/.local/lib/python3.8/site-packages/airflow/example_dags/example_params_ui_tutorial.py for tasks to queue
[2023-10-11T07:13:22.430+0000] {logging_mixin.py:151} INFO - [2023-10-11T07:13:22.430+0000] {dagbag.py:539} INFO - Filling up the DagBag from /home/airflow/.local/lib/python3.8/site-packages/airflow/example_dags/example_params_ui_tutorial.py
[2023-10-11T07:13:22.463+0000] {processor.py:839} INFO - DAG(s) dict_keys(['example_params_ui_tutorial']) retrieved from /home/airflow/.local/lib/python3.8/site-packages/airflow/example_dags/example_params_ui_tutorial.py
[2023-10-11T07:13:22.503+0000] {logging_mixin.py:151} INFO - [2023-10-11T07:13:22.503+0000] {dag.py:2915} INFO - Sync 1 DAGs
[2023-10-11T07:13:22.511+0000] {logging_mixin.py:151} INFO - [2023-10-11T07:13:22.511+0000] {dag.py:3696} INFO - Setting next_dagrun for example_params_ui_tutorial to None, run_after=None
[2023-10-11T07:13:22.521+0000] {processor.py:179} INFO - Processing /home/airflow/.local/lib/python3.8/site-packages/airflow/example_dags/example_params_ui_tutorial.py took 0.095 seconds
[2023-10-11T07:13:52.934+0000] {processor.py:157} INFO - Started process (PID=6129) to work on /home/airflow/.local/lib/python3.8/site-packages/airflow/example_dags/example_params_ui_tutorial.py
[2023-10-11T07:13:52.935+0000] {processor.py:829} INFO - Processing file /home/airflow/.local/lib/python3.8/site-packages/airflow/example_dags/example_params_ui_tutorial.py for tasks to queue
[2023-10-11T07:13:52.936+0000] {logging_mixin.py:151} INFO - [2023-10-11T07:13:52.936+0000] {dagbag.py:539} INFO - Filling up the DagBag from /home/airflow/.local/lib/python3.8/site-packages/airflow/example_dags/example_params_ui_tutorial.py
[2023-10-11T07:13:52.969+0000] {processor.py:839} INFO - DAG(s) dict_keys(['example_params_ui_tutorial']) retrieved from /home/airflow/.local/lib/python3.8/site-packages/airflow/example_dags/example_params_ui_tutorial.py
[2023-10-11T07:13:53.005+0000] {logging_mixin.py:151} INFO - [2023-10-11T07:13:53.005+0000] {dag.py:2915} INFO - Sync 1 DAGs
[2023-10-11T07:13:53.013+0000] {logging_mixin.py:151} INFO - [2023-10-11T07:13:53.013+0000] {dag.py:3696} INFO - Setting next_dagrun for example_params_ui_tutorial to None, run_after=None
[2023-10-11T07:13:53.023+0000] {processor.py:179} INFO - Processing /home/airflow/.local/lib/python3.8/site-packages/airflow/example_dags/example_params_ui_tutorial.py took 0.091 seconds
[2023-10-11T07:14:23.509+0000] {processor.py:157} INFO - Started process (PID=6372) to work on /home/airflow/.local/lib/python3.8/site-packages/airflow/example_dags/example_params_ui_tutorial.py
[2023-10-11T07:14:23.510+0000] {processor.py:829} INFO - Processing file /home/airflow/.local/lib/python3.8/site-packages/airflow/example_dags/example_params_ui_tutorial.py for tasks to queue
[2023-10-11T07:14:23.511+0000] {logging_mixin.py:151} INFO - [2023-10-11T07:14:23.511+0000] {dagbag.py:539} INFO - Filling up the DagBag from /home/airflow/.local/lib/python3.8/site-packages/airflow/example_dags/example_params_ui_tutorial.py
[2023-10-11T07:14:23.533+0000] {processor.py:839} INFO - DAG(s) dict_keys(['example_params_ui_tutorial']) retrieved from /home/airflow/.local/lib/python3.8/site-packages/airflow/example_dags/example_params_ui_tutorial.py
[2023-10-11T07:14:23.580+0000] {logging_mixin.py:151} INFO - [2023-10-11T07:14:23.580+0000] {dag.py:2915} INFO - Sync 1 DAGs
[2023-10-11T07:14:23.587+0000] {logging_mixin.py:151} INFO - [2023-10-11T07:14:23.587+0000] {dag.py:3696} INFO - Setting next_dagrun for example_params_ui_tutorial to None, run_after=None
[2023-10-11T07:14:23.599+0000] {processor.py:179} INFO - Processing /home/airflow/.local/lib/python3.8/site-packages/airflow/example_dags/example_params_ui_tutorial.py took 0.094 seconds
[2023-10-11T07:14:53.829+0000] {processor.py:157} INFO - Started process (PID=6615) to work on /home/airflow/.local/lib/python3.8/site-packages/airflow/example_dags/example_params_ui_tutorial.py
[2023-10-11T07:14:53.831+0000] {processor.py:829} INFO - Processing file /home/airflow/.local/lib/python3.8/site-packages/airflow/example_dags/example_params_ui_tutorial.py for tasks to queue
[2023-10-11T07:14:53.832+0000] {logging_mixin.py:151} INFO - [2023-10-11T07:14:53.832+0000] {dagbag.py:539} INFO - Filling up the DagBag from /home/airflow/.local/lib/python3.8/site-packages/airflow/example_dags/example_params_ui_tutorial.py
[2023-10-11T07:14:53.888+0000] {processor.py:839} INFO - DAG(s) dict_keys(['example_params_ui_tutorial']) retrieved from /home/airflow/.local/lib/python3.8/site-packages/airflow/example_dags/example_params_ui_tutorial.py
[2023-10-11T07:14:53.928+0000] {logging_mixin.py:151} INFO - [2023-10-11T07:14:53.928+0000] {dag.py:2915} INFO - Sync 1 DAGs
[2023-10-11T07:14:53.941+0000] {logging_mixin.py:151} INFO - [2023-10-11T07:14:53.940+0000] {dag.py:3696} INFO - Setting next_dagrun for example_params_ui_tutorial to None, run_after=None
[2023-10-11T07:14:53.969+0000] {processor.py:179} INFO - Processing /home/airflow/.local/lib/python3.8/site-packages/airflow/example_dags/example_params_ui_tutorial.py took 0.147 seconds
[2023-10-11T07:15:24.295+0000] {processor.py:157} INFO - Started process (PID=6858) to work on /home/airflow/.local/lib/python3.8/site-packages/airflow/example_dags/example_params_ui_tutorial.py
[2023-10-11T07:15:24.296+0000] {processor.py:829} INFO - Processing file /home/airflow/.local/lib/python3.8/site-packages/airflow/example_dags/example_params_ui_tutorial.py for tasks to queue
[2023-10-11T07:15:24.297+0000] {logging_mixin.py:151} INFO - [2023-10-11T07:15:24.296+0000] {dagbag.py:539} INFO - Filling up the DagBag from /home/airflow/.local/lib/python3.8/site-packages/airflow/example_dags/example_params_ui_tutorial.py
[2023-10-11T07:15:24.317+0000] {processor.py:839} INFO - DAG(s) dict_keys(['example_params_ui_tutorial']) retrieved from /home/airflow/.local/lib/python3.8/site-packages/airflow/example_dags/example_params_ui_tutorial.py
[2023-10-11T07:15:24.344+0000] {logging_mixin.py:151} INFO - [2023-10-11T07:15:24.344+0000] {dag.py:2915} INFO - Sync 1 DAGs
[2023-10-11T07:15:24.359+0000] {logging_mixin.py:151} INFO - [2023-10-11T07:15:24.359+0000] {dag.py:3696} INFO - Setting next_dagrun for example_params_ui_tutorial to None, run_after=None
[2023-10-11T07:15:24.385+0000] {processor.py:179} INFO - Processing /home/airflow/.local/lib/python3.8/site-packages/airflow/example_dags/example_params_ui_tutorial.py took 0.093 seconds
[2023-10-11T07:15:55.103+0000] {processor.py:157} INFO - Started process (PID=7101) to work on /home/airflow/.local/lib/python3.8/site-packages/airflow/example_dags/example_params_ui_tutorial.py
[2023-10-11T07:15:55.104+0000] {processor.py:829} INFO - Processing file /home/airflow/.local/lib/python3.8/site-packages/airflow/example_dags/example_params_ui_tutorial.py for tasks to queue
[2023-10-11T07:15:55.105+0000] {logging_mixin.py:151} INFO - [2023-10-11T07:15:55.105+0000] {dagbag.py:539} INFO - Filling up the DagBag from /home/airflow/.local/lib/python3.8/site-packages/airflow/example_dags/example_params_ui_tutorial.py
[2023-10-11T07:15:55.125+0000] {processor.py:839} INFO - DAG(s) dict_keys(['example_params_ui_tutorial']) retrieved from /home/airflow/.local/lib/python3.8/site-packages/airflow/example_dags/example_params_ui_tutorial.py
[2023-10-11T07:15:55.155+0000] {logging_mixin.py:151} INFO - [2023-10-11T07:15:55.155+0000] {dag.py:2915} INFO - Sync 1 DAGs
[2023-10-11T07:15:55.175+0000] {logging_mixin.py:151} INFO - [2023-10-11T07:15:55.174+0000] {dag.py:3696} INFO - Setting next_dagrun for example_params_ui_tutorial to None, run_after=None
[2023-10-11T07:15:55.184+0000] {processor.py:179} INFO - Processing /home/airflow/.local/lib/python3.8/site-packages/airflow/example_dags/example_params_ui_tutorial.py took 0.083 seconds
[2023-10-11T07:16:25.301+0000] {processor.py:157} INFO - Started process (PID=7344) to work on /home/airflow/.local/lib/python3.8/site-packages/airflow/example_dags/example_params_ui_tutorial.py
[2023-10-11T07:16:25.303+0000] {processor.py:829} INFO - Processing file /home/airflow/.local/lib/python3.8/site-packages/airflow/example_dags/example_params_ui_tutorial.py for tasks to queue
[2023-10-11T07:16:25.304+0000] {logging_mixin.py:151} INFO - [2023-10-11T07:16:25.303+0000] {dagbag.py:539} INFO - Filling up the DagBag from /home/airflow/.local/lib/python3.8/site-packages/airflow/example_dags/example_params_ui_tutorial.py
[2023-10-11T07:16:25.342+0000] {processor.py:839} INFO - DAG(s) dict_keys(['example_params_ui_tutorial']) retrieved from /home/airflow/.local/lib/python3.8/site-packages/airflow/example_dags/example_params_ui_tutorial.py
[2023-10-11T07:16:25.406+0000] {logging_mixin.py:151} INFO - [2023-10-11T07:16:25.406+0000] {dag.py:2915} INFO - Sync 1 DAGs
[2023-10-11T07:16:25.418+0000] {logging_mixin.py:151} INFO - [2023-10-11T07:16:25.417+0000] {dag.py:3696} INFO - Setting next_dagrun for example_params_ui_tutorial to None, run_after=None
[2023-10-11T07:16:25.432+0000] {processor.py:179} INFO - Processing /home/airflow/.local/lib/python3.8/site-packages/airflow/example_dags/example_params_ui_tutorial.py took 0.139 seconds
[2023-10-11T07:16:56.263+0000] {processor.py:157} INFO - Started process (PID=7587) to work on /home/airflow/.local/lib/python3.8/site-packages/airflow/example_dags/example_params_ui_tutorial.py
[2023-10-11T07:16:56.271+0000] {processor.py:829} INFO - Processing file /home/airflow/.local/lib/python3.8/site-packages/airflow/example_dags/example_params_ui_tutorial.py for tasks to queue
[2023-10-11T07:16:56.274+0000] {logging_mixin.py:151} INFO - [2023-10-11T07:16:56.273+0000] {dagbag.py:539} INFO - Filling up the DagBag from /home/airflow/.local/lib/python3.8/site-packages/airflow/example_dags/example_params_ui_tutorial.py
[2023-10-11T07:16:56.322+0000] {processor.py:839} INFO - DAG(s) dict_keys(['example_params_ui_tutorial']) retrieved from /home/airflow/.local/lib/python3.8/site-packages/airflow/example_dags/example_params_ui_tutorial.py
[2023-10-11T07:16:56.405+0000] {logging_mixin.py:151} INFO - [2023-10-11T07:16:56.405+0000] {dag.py:2915} INFO - Sync 1 DAGs
[2023-10-11T07:16:56.420+0000] {logging_mixin.py:151} INFO - [2023-10-11T07:16:56.419+0000] {dag.py:3696} INFO - Setting next_dagrun for example_params_ui_tutorial to None, run_after=None
[2023-10-11T07:16:56.439+0000] {processor.py:179} INFO - Processing /home/airflow/.local/lib/python3.8/site-packages/airflow/example_dags/example_params_ui_tutorial.py took 0.197 seconds
[2023-10-11T07:17:28.006+0000] {processor.py:157} INFO - Started process (PID=7828) to work on /home/airflow/.local/lib/python3.8/site-packages/airflow/example_dags/example_params_ui_tutorial.py
[2023-10-11T07:17:28.010+0000] {processor.py:829} INFO - Processing file /home/airflow/.local/lib/python3.8/site-packages/airflow/example_dags/example_params_ui_tutorial.py for tasks to queue
[2023-10-11T07:17:28.014+0000] {logging_mixin.py:151} INFO - [2023-10-11T07:17:28.013+0000] {dagbag.py:539} INFO - Filling up the DagBag from /home/airflow/.local/lib/python3.8/site-packages/airflow/example_dags/example_params_ui_tutorial.py
[2023-10-11T07:17:28.203+0000] {processor.py:839} INFO - DAG(s) dict_keys(['example_params_ui_tutorial']) retrieved from /home/airflow/.local/lib/python3.8/site-packages/airflow/example_dags/example_params_ui_tutorial.py
[2023-10-11T07:17:28.438+0000] {logging_mixin.py:151} INFO - [2023-10-11T07:17:28.438+0000] {dag.py:2915} INFO - Sync 1 DAGs
[2023-10-11T07:17:28.509+0000] {logging_mixin.py:151} INFO - [2023-10-11T07:17:28.508+0000] {dag.py:3696} INFO - Setting next_dagrun for example_params_ui_tutorial to None, run_after=None
[2023-10-11T07:17:28.578+0000] {processor.py:179} INFO - Processing /home/airflow/.local/lib/python3.8/site-packages/airflow/example_dags/example_params_ui_tutorial.py took 0.583 seconds
[2023-10-11T07:17:59.504+0000] {processor.py:157} INFO - Started process (PID=8073) to work on /home/airflow/.local/lib/python3.8/site-packages/airflow/example_dags/example_params_ui_tutorial.py
[2023-10-11T07:17:59.507+0000] {processor.py:829} INFO - Processing file /home/airflow/.local/lib/python3.8/site-packages/airflow/example_dags/example_params_ui_tutorial.py for tasks to queue
[2023-10-11T07:17:59.509+0000] {logging_mixin.py:151} INFO - [2023-10-11T07:17:59.508+0000] {dagbag.py:539} INFO - Filling up the DagBag from /home/airflow/.local/lib/python3.8/site-packages/airflow/example_dags/example_params_ui_tutorial.py
[2023-10-11T07:17:59.585+0000] {processor.py:839} INFO - DAG(s) dict_keys(['example_params_ui_tutorial']) retrieved from /home/airflow/.local/lib/python3.8/site-packages/airflow/example_dags/example_params_ui_tutorial.py
[2023-10-11T07:17:59.666+0000] {logging_mixin.py:151} INFO - [2023-10-11T07:17:59.662+0000] {dag.py:2915} INFO - Sync 1 DAGs
[2023-10-11T07:17:59.688+0000] {logging_mixin.py:151} INFO - [2023-10-11T07:17:59.687+0000] {dag.py:3696} INFO - Setting next_dagrun for example_params_ui_tutorial to None, run_after=None
[2023-10-11T07:17:59.707+0000] {processor.py:179} INFO - Processing /home/airflow/.local/lib/python3.8/site-packages/airflow/example_dags/example_params_ui_tutorial.py took 0.211 seconds
[2023-10-11T07:18:30.313+0000] {processor.py:157} INFO - Started process (PID=8316) to work on /home/airflow/.local/lib/python3.8/site-packages/airflow/example_dags/example_params_ui_tutorial.py
[2023-10-11T07:18:30.315+0000] {processor.py:829} INFO - Processing file /home/airflow/.local/lib/python3.8/site-packages/airflow/example_dags/example_params_ui_tutorial.py for tasks to queue
[2023-10-11T07:18:30.317+0000] {logging_mixin.py:151} INFO - [2023-10-11T07:18:30.316+0000] {dagbag.py:539} INFO - Filling up the DagBag from /home/airflow/.local/lib/python3.8/site-packages/airflow/example_dags/example_params_ui_tutorial.py
[2023-10-11T07:18:30.394+0000] {processor.py:839} INFO - DAG(s) dict_keys(['example_params_ui_tutorial']) retrieved from /home/airflow/.local/lib/python3.8/site-packages/airflow/example_dags/example_params_ui_tutorial.py
[2023-10-11T07:18:30.470+0000] {logging_mixin.py:151} INFO - [2023-10-11T07:18:30.469+0000] {dag.py:2915} INFO - Sync 1 DAGs
[2023-10-11T07:18:30.496+0000] {logging_mixin.py:151} INFO - [2023-10-11T07:18:30.496+0000] {dag.py:3696} INFO - Setting next_dagrun for example_params_ui_tutorial to None, run_after=None
[2023-10-11T07:18:30.516+0000] {processor.py:179} INFO - Processing /home/airflow/.local/lib/python3.8/site-packages/airflow/example_dags/example_params_ui_tutorial.py took 0.210 seconds
[2023-10-11T07:19:01.191+0000] {processor.py:157} INFO - Started process (PID=8559) to work on /home/airflow/.local/lib/python3.8/site-packages/airflow/example_dags/example_params_ui_tutorial.py
[2023-10-11T07:19:01.194+0000] {processor.py:829} INFO - Processing file /home/airflow/.local/lib/python3.8/site-packages/airflow/example_dags/example_params_ui_tutorial.py for tasks to queue
[2023-10-11T07:19:01.195+0000] {logging_mixin.py:151} INFO - [2023-10-11T07:19:01.195+0000] {dagbag.py:539} INFO - Filling up the DagBag from /home/airflow/.local/lib/python3.8/site-packages/airflow/example_dags/example_params_ui_tutorial.py
[2023-10-11T07:19:01.292+0000] {processor.py:839} INFO - DAG(s) dict_keys(['example_params_ui_tutorial']) retrieved from /home/airflow/.local/lib/python3.8/site-packages/airflow/example_dags/example_params_ui_tutorial.py
[2023-10-11T07:19:01.404+0000] {logging_mixin.py:151} INFO - [2023-10-11T07:19:01.404+0000] {dag.py:2915} INFO - Sync 1 DAGs
[2023-10-11T07:19:01.423+0000] {logging_mixin.py:151} INFO - [2023-10-11T07:19:01.423+0000] {dag.py:3696} INFO - Setting next_dagrun for example_params_ui_tutorial to None, run_after=None
[2023-10-11T07:19:01.446+0000] {processor.py:179} INFO - Processing /home/airflow/.local/lib/python3.8/site-packages/airflow/example_dags/example_params_ui_tutorial.py took 0.263 seconds
[2023-10-11T07:19:32.186+0000] {processor.py:157} INFO - Started process (PID=8802) to work on /home/airflow/.local/lib/python3.8/site-packages/airflow/example_dags/example_params_ui_tutorial.py
[2023-10-11T07:19:32.188+0000] {processor.py:829} INFO - Processing file /home/airflow/.local/lib/python3.8/site-packages/airflow/example_dags/example_params_ui_tutorial.py for tasks to queue
[2023-10-11T07:19:32.189+0000] {logging_mixin.py:151} INFO - [2023-10-11T07:19:32.189+0000] {dagbag.py:539} INFO - Filling up the DagBag from /home/airflow/.local/lib/python3.8/site-packages/airflow/example_dags/example_params_ui_tutorial.py
[2023-10-11T07:19:32.226+0000] {processor.py:839} INFO - DAG(s) dict_keys(['example_params_ui_tutorial']) retrieved from /home/airflow/.local/lib/python3.8/site-packages/airflow/example_dags/example_params_ui_tutorial.py
[2023-10-11T07:19:32.314+0000] {logging_mixin.py:151} INFO - [2023-10-11T07:19:32.313+0000] {dag.py:2915} INFO - Sync 1 DAGs
[2023-10-11T07:19:32.327+0000] {logging_mixin.py:151} INFO - [2023-10-11T07:19:32.327+0000] {dag.py:3696} INFO - Setting next_dagrun for example_params_ui_tutorial to None, run_after=None
[2023-10-11T07:19:32.356+0000] {processor.py:179} INFO - Processing /home/airflow/.local/lib/python3.8/site-packages/airflow/example_dags/example_params_ui_tutorial.py took 0.174 seconds
[2023-10-11T07:20:02.466+0000] {processor.py:157} INFO - Started process (PID=9045) to work on /home/airflow/.local/lib/python3.8/site-packages/airflow/example_dags/example_params_ui_tutorial.py
[2023-10-11T07:20:02.470+0000] {processor.py:829} INFO - Processing file /home/airflow/.local/lib/python3.8/site-packages/airflow/example_dags/example_params_ui_tutorial.py for tasks to queue
[2023-10-11T07:20:02.472+0000] {logging_mixin.py:151} INFO - [2023-10-11T07:20:02.471+0000] {dagbag.py:539} INFO - Filling up the DagBag from /home/airflow/.local/lib/python3.8/site-packages/airflow/example_dags/example_params_ui_tutorial.py
[2023-10-11T07:20:02.523+0000] {processor.py:839} INFO - DAG(s) dict_keys(['example_params_ui_tutorial']) retrieved from /home/airflow/.local/lib/python3.8/site-packages/airflow/example_dags/example_params_ui_tutorial.py
[2023-10-11T07:20:02.625+0000] {logging_mixin.py:151} INFO - [2023-10-11T07:20:02.624+0000] {dag.py:2915} INFO - Sync 1 DAGs
[2023-10-11T07:20:02.648+0000] {logging_mixin.py:151} INFO - [2023-10-11T07:20:02.647+0000] {dag.py:3696} INFO - Setting next_dagrun for example_params_ui_tutorial to None, run_after=None
[2023-10-11T07:20:02.688+0000] {processor.py:179} INFO - Processing /home/airflow/.local/lib/python3.8/site-packages/airflow/example_dags/example_params_ui_tutorial.py took 0.249 seconds
[2023-10-11T07:20:32.908+0000] {processor.py:157} INFO - Started process (PID=9291) to work on /home/airflow/.local/lib/python3.8/site-packages/airflow/example_dags/example_params_ui_tutorial.py
[2023-10-11T07:20:32.911+0000] {processor.py:829} INFO - Processing file /home/airflow/.local/lib/python3.8/site-packages/airflow/example_dags/example_params_ui_tutorial.py for tasks to queue
[2023-10-11T07:20:32.912+0000] {logging_mixin.py:151} INFO - [2023-10-11T07:20:32.912+0000] {dagbag.py:539} INFO - Filling up the DagBag from /home/airflow/.local/lib/python3.8/site-packages/airflow/example_dags/example_params_ui_tutorial.py
[2023-10-11T07:20:32.981+0000] {processor.py:839} INFO - DAG(s) dict_keys(['example_params_ui_tutorial']) retrieved from /home/airflow/.local/lib/python3.8/site-packages/airflow/example_dags/example_params_ui_tutorial.py
[2023-10-11T07:20:33.064+0000] {logging_mixin.py:151} INFO - [2023-10-11T07:20:33.064+0000] {dag.py:2915} INFO - Sync 1 DAGs
[2023-10-11T07:20:33.085+0000] {logging_mixin.py:151} INFO - [2023-10-11T07:20:33.084+0000] {dag.py:3696} INFO - Setting next_dagrun for example_params_ui_tutorial to None, run_after=None
[2023-10-11T07:20:33.125+0000] {processor.py:179} INFO - Processing /home/airflow/.local/lib/python3.8/site-packages/airflow/example_dags/example_params_ui_tutorial.py took 0.223 seconds
[2023-10-11T07:21:03.601+0000] {processor.py:157} INFO - Started process (PID=9529) to work on /home/airflow/.local/lib/python3.8/site-packages/airflow/example_dags/example_params_ui_tutorial.py
[2023-10-11T07:21:03.605+0000] {processor.py:829} INFO - Processing file /home/airflow/.local/lib/python3.8/site-packages/airflow/example_dags/example_params_ui_tutorial.py for tasks to queue
[2023-10-11T07:21:03.609+0000] {logging_mixin.py:151} INFO - [2023-10-11T07:21:03.607+0000] {dagbag.py:539} INFO - Filling up the DagBag from /home/airflow/.local/lib/python3.8/site-packages/airflow/example_dags/example_params_ui_tutorial.py
[2023-10-11T07:21:03.663+0000] {processor.py:839} INFO - DAG(s) dict_keys(['example_params_ui_tutorial']) retrieved from /home/airflow/.local/lib/python3.8/site-packages/airflow/example_dags/example_params_ui_tutorial.py
[2023-10-11T07:21:04.029+0000] {logging_mixin.py:151} INFO - [2023-10-11T07:21:04.028+0000] {dag.py:2915} INFO - Sync 1 DAGs
[2023-10-11T07:21:04.089+0000] {logging_mixin.py:151} INFO - [2023-10-11T07:21:04.088+0000] {dag.py:3696} INFO - Setting next_dagrun for example_params_ui_tutorial to None, run_after=None
[2023-10-11T07:21:04.122+0000] {processor.py:179} INFO - Processing /home/airflow/.local/lib/python3.8/site-packages/airflow/example_dags/example_params_ui_tutorial.py took 0.532 seconds
[2023-10-11T07:21:34.999+0000] {processor.py:157} INFO - Started process (PID=9772) to work on /home/airflow/.local/lib/python3.8/site-packages/airflow/example_dags/example_params_ui_tutorial.py
[2023-10-11T07:21:35.001+0000] {processor.py:829} INFO - Processing file /home/airflow/.local/lib/python3.8/site-packages/airflow/example_dags/example_params_ui_tutorial.py for tasks to queue
[2023-10-11T07:21:35.002+0000] {logging_mixin.py:151} INFO - [2023-10-11T07:21:35.002+0000] {dagbag.py:539} INFO - Filling up the DagBag from /home/airflow/.local/lib/python3.8/site-packages/airflow/example_dags/example_params_ui_tutorial.py
[2023-10-11T07:21:35.062+0000] {processor.py:839} INFO - DAG(s) dict_keys(['example_params_ui_tutorial']) retrieved from /home/airflow/.local/lib/python3.8/site-packages/airflow/example_dags/example_params_ui_tutorial.py
[2023-10-11T07:21:35.115+0000] {logging_mixin.py:151} INFO - [2023-10-11T07:21:35.114+0000] {dag.py:2915} INFO - Sync 1 DAGs
[2023-10-11T07:21:35.130+0000] {logging_mixin.py:151} INFO - [2023-10-11T07:21:35.130+0000] {dag.py:3696} INFO - Setting next_dagrun for example_params_ui_tutorial to None, run_after=None
[2023-10-11T07:21:35.146+0000] {processor.py:179} INFO - Processing /home/airflow/.local/lib/python3.8/site-packages/airflow/example_dags/example_params_ui_tutorial.py took 0.152 seconds
[2023-10-11T07:22:05.242+0000] {processor.py:157} INFO - Started process (PID=10012) to work on /home/airflow/.local/lib/python3.8/site-packages/airflow/example_dags/example_params_ui_tutorial.py
[2023-10-11T07:22:05.244+0000] {processor.py:829} INFO - Processing file /home/airflow/.local/lib/python3.8/site-packages/airflow/example_dags/example_params_ui_tutorial.py for tasks to queue
[2023-10-11T07:22:05.250+0000] {logging_mixin.py:151} INFO - [2023-10-11T07:22:05.247+0000] {dagbag.py:539} INFO - Filling up the DagBag from /home/airflow/.local/lib/python3.8/site-packages/airflow/example_dags/example_params_ui_tutorial.py
[2023-10-11T07:22:05.305+0000] {processor.py:839} INFO - DAG(s) dict_keys(['example_params_ui_tutorial']) retrieved from /home/airflow/.local/lib/python3.8/site-packages/airflow/example_dags/example_params_ui_tutorial.py
[2023-10-11T07:22:05.371+0000] {logging_mixin.py:151} INFO - [2023-10-11T07:22:05.371+0000] {dag.py:2915} INFO - Sync 1 DAGs
[2023-10-11T07:22:05.388+0000] {logging_mixin.py:151} INFO - [2023-10-11T07:22:05.388+0000] {dag.py:3696} INFO - Setting next_dagrun for example_params_ui_tutorial to None, run_after=None
[2023-10-11T07:22:05.426+0000] {processor.py:179} INFO - Processing /home/airflow/.local/lib/python3.8/site-packages/airflow/example_dags/example_params_ui_tutorial.py took 0.196 seconds
[2023-10-11T07:22:35.605+0000] {processor.py:157} INFO - Started process (PID=10255) to work on /home/airflow/.local/lib/python3.8/site-packages/airflow/example_dags/example_params_ui_tutorial.py
[2023-10-11T07:22:35.606+0000] {processor.py:829} INFO - Processing file /home/airflow/.local/lib/python3.8/site-packages/airflow/example_dags/example_params_ui_tutorial.py for tasks to queue
[2023-10-11T07:22:35.607+0000] {logging_mixin.py:151} INFO - [2023-10-11T07:22:35.607+0000] {dagbag.py:539} INFO - Filling up the DagBag from /home/airflow/.local/lib/python3.8/site-packages/airflow/example_dags/example_params_ui_tutorial.py
[2023-10-11T07:22:35.631+0000] {processor.py:839} INFO - DAG(s) dict_keys(['example_params_ui_tutorial']) retrieved from /home/airflow/.local/lib/python3.8/site-packages/airflow/example_dags/example_params_ui_tutorial.py
[2023-10-11T07:22:35.668+0000] {logging_mixin.py:151} INFO - [2023-10-11T07:22:35.667+0000] {dag.py:2915} INFO - Sync 1 DAGs
[2023-10-11T07:22:35.691+0000] {logging_mixin.py:151} INFO - [2023-10-11T07:22:35.690+0000] {dag.py:3696} INFO - Setting next_dagrun for example_params_ui_tutorial to None, run_after=None
[2023-10-11T07:22:35.706+0000] {processor.py:179} INFO - Processing /home/airflow/.local/lib/python3.8/site-packages/airflow/example_dags/example_params_ui_tutorial.py took 0.104 seconds
[2023-10-11T07:23:06.006+0000] {processor.py:157} INFO - Started process (PID=10498) to work on /home/airflow/.local/lib/python3.8/site-packages/airflow/example_dags/example_params_ui_tutorial.py
[2023-10-11T07:23:06.008+0000] {processor.py:829} INFO - Processing file /home/airflow/.local/lib/python3.8/site-packages/airflow/example_dags/example_params_ui_tutorial.py for tasks to queue
[2023-10-11T07:23:06.009+0000] {logging_mixin.py:151} INFO - [2023-10-11T07:23:06.009+0000] {dagbag.py:539} INFO - Filling up the DagBag from /home/airflow/.local/lib/python3.8/site-packages/airflow/example_dags/example_params_ui_tutorial.py
[2023-10-11T07:23:06.037+0000] {processor.py:839} INFO - DAG(s) dict_keys(['example_params_ui_tutorial']) retrieved from /home/airflow/.local/lib/python3.8/site-packages/airflow/example_dags/example_params_ui_tutorial.py
[2023-10-11T07:23:06.104+0000] {logging_mixin.py:151} INFO - [2023-10-11T07:23:06.104+0000] {dag.py:2915} INFO - Sync 1 DAGs
[2023-10-11T07:23:06.111+0000] {logging_mixin.py:151} INFO - [2023-10-11T07:23:06.111+0000] {dag.py:3696} INFO - Setting next_dagrun for example_params_ui_tutorial to None, run_after=None
[2023-10-11T07:23:06.120+0000] {processor.py:179} INFO - Processing /home/airflow/.local/lib/python3.8/site-packages/airflow/example_dags/example_params_ui_tutorial.py took 0.118 seconds
[2023-10-11T07:23:36.206+0000] {processor.py:157} INFO - Started process (PID=10741) to work on /home/airflow/.local/lib/python3.8/site-packages/airflow/example_dags/example_params_ui_tutorial.py
[2023-10-11T07:23:36.207+0000] {processor.py:829} INFO - Processing file /home/airflow/.local/lib/python3.8/site-packages/airflow/example_dags/example_params_ui_tutorial.py for tasks to queue
[2023-10-11T07:23:36.208+0000] {logging_mixin.py:151} INFO - [2023-10-11T07:23:36.208+0000] {dagbag.py:539} INFO - Filling up the DagBag from /home/airflow/.local/lib/python3.8/site-packages/airflow/example_dags/example_params_ui_tutorial.py
[2023-10-11T07:23:36.243+0000] {processor.py:839} INFO - DAG(s) dict_keys(['example_params_ui_tutorial']) retrieved from /home/airflow/.local/lib/python3.8/site-packages/airflow/example_dags/example_params_ui_tutorial.py
[2023-10-11T07:23:36.305+0000] {logging_mixin.py:151} INFO - [2023-10-11T07:23:36.305+0000] {dag.py:2915} INFO - Sync 1 DAGs
[2023-10-11T07:23:36.316+0000] {logging_mixin.py:151} INFO - [2023-10-11T07:23:36.316+0000] {dag.py:3696} INFO - Setting next_dagrun for example_params_ui_tutorial to None, run_after=None
[2023-10-11T07:23:36.332+0000] {processor.py:179} INFO - Processing /home/airflow/.local/lib/python3.8/site-packages/airflow/example_dags/example_params_ui_tutorial.py took 0.133 seconds
[2023-10-11T07:24:06.383+0000] {processor.py:157} INFO - Started process (PID=10984) to work on /home/airflow/.local/lib/python3.8/site-packages/airflow/example_dags/example_params_ui_tutorial.py
[2023-10-11T07:24:06.385+0000] {processor.py:829} INFO - Processing file /home/airflow/.local/lib/python3.8/site-packages/airflow/example_dags/example_params_ui_tutorial.py for tasks to queue
[2023-10-11T07:24:06.385+0000] {logging_mixin.py:151} INFO - [2023-10-11T07:24:06.385+0000] {dagbag.py:539} INFO - Filling up the DagBag from /home/airflow/.local/lib/python3.8/site-packages/airflow/example_dags/example_params_ui_tutorial.py
[2023-10-11T07:24:06.409+0000] {processor.py:839} INFO - DAG(s) dict_keys(['example_params_ui_tutorial']) retrieved from /home/airflow/.local/lib/python3.8/site-packages/airflow/example_dags/example_params_ui_tutorial.py
[2023-10-11T07:24:06.440+0000] {logging_mixin.py:151} INFO - [2023-10-11T07:24:06.439+0000] {dag.py:2915} INFO - Sync 1 DAGs
[2023-10-11T07:24:06.447+0000] {logging_mixin.py:151} INFO - [2023-10-11T07:24:06.447+0000] {dag.py:3696} INFO - Setting next_dagrun for example_params_ui_tutorial to None, run_after=None
[2023-10-11T07:24:06.479+0000] {processor.py:179} INFO - Processing /home/airflow/.local/lib/python3.8/site-packages/airflow/example_dags/example_params_ui_tutorial.py took 0.098 seconds
[2023-10-11T07:24:37.091+0000] {processor.py:157} INFO - Started process (PID=11227) to work on /home/airflow/.local/lib/python3.8/site-packages/airflow/example_dags/example_params_ui_tutorial.py
[2023-10-11T07:24:37.093+0000] {processor.py:829} INFO - Processing file /home/airflow/.local/lib/python3.8/site-packages/airflow/example_dags/example_params_ui_tutorial.py for tasks to queue
[2023-10-11T07:24:37.095+0000] {logging_mixin.py:151} INFO - [2023-10-11T07:24:37.094+0000] {dagbag.py:539} INFO - Filling up the DagBag from /home/airflow/.local/lib/python3.8/site-packages/airflow/example_dags/example_params_ui_tutorial.py
[2023-10-11T07:24:37.130+0000] {processor.py:839} INFO - DAG(s) dict_keys(['example_params_ui_tutorial']) retrieved from /home/airflow/.local/lib/python3.8/site-packages/airflow/example_dags/example_params_ui_tutorial.py
[2023-10-11T07:24:37.193+0000] {logging_mixin.py:151} INFO - [2023-10-11T07:24:37.193+0000] {dag.py:2915} INFO - Sync 1 DAGs
[2023-10-11T07:24:37.203+0000] {logging_mixin.py:151} INFO - [2023-10-11T07:24:37.203+0000] {dag.py:3696} INFO - Setting next_dagrun for example_params_ui_tutorial to None, run_after=None
[2023-10-11T07:24:37.215+0000] {processor.py:179} INFO - Processing /home/airflow/.local/lib/python3.8/site-packages/airflow/example_dags/example_params_ui_tutorial.py took 0.127 seconds
[2023-10-11T07:25:08.039+0000] {processor.py:157} INFO - Started process (PID=11477) to work on /home/airflow/.local/lib/python3.8/site-packages/airflow/example_dags/example_params_ui_tutorial.py
[2023-10-11T07:25:08.042+0000] {processor.py:829} INFO - Processing file /home/airflow/.local/lib/python3.8/site-packages/airflow/example_dags/example_params_ui_tutorial.py for tasks to queue
[2023-10-11T07:25:08.044+0000] {logging_mixin.py:151} INFO - [2023-10-11T07:25:08.043+0000] {dagbag.py:539} INFO - Filling up the DagBag from /home/airflow/.local/lib/python3.8/site-packages/airflow/example_dags/example_params_ui_tutorial.py
[2023-10-11T07:25:08.137+0000] {processor.py:839} INFO - DAG(s) dict_keys(['example_params_ui_tutorial']) retrieved from /home/airflow/.local/lib/python3.8/site-packages/airflow/example_dags/example_params_ui_tutorial.py
[2023-10-11T07:25:08.222+0000] {logging_mixin.py:151} INFO - [2023-10-11T07:25:08.222+0000] {dag.py:2915} INFO - Sync 1 DAGs
[2023-10-11T07:25:08.237+0000] {logging_mixin.py:151} INFO - [2023-10-11T07:25:08.236+0000] {dag.py:3696} INFO - Setting next_dagrun for example_params_ui_tutorial to None, run_after=None
[2023-10-11T07:25:08.278+0000] {processor.py:179} INFO - Processing /home/airflow/.local/lib/python3.8/site-packages/airflow/example_dags/example_params_ui_tutorial.py took 0.245 seconds
[2023-10-11T07:25:38.558+0000] {processor.py:157} INFO - Started process (PID=11720) to work on /home/airflow/.local/lib/python3.8/site-packages/airflow/example_dags/example_params_ui_tutorial.py
[2023-10-11T07:25:38.567+0000] {processor.py:829} INFO - Processing file /home/airflow/.local/lib/python3.8/site-packages/airflow/example_dags/example_params_ui_tutorial.py for tasks to queue
[2023-10-11T07:25:38.575+0000] {logging_mixin.py:151} INFO - [2023-10-11T07:25:38.574+0000] {dagbag.py:539} INFO - Filling up the DagBag from /home/airflow/.local/lib/python3.8/site-packages/airflow/example_dags/example_params_ui_tutorial.py
[2023-10-11T07:25:38.680+0000] {processor.py:839} INFO - DAG(s) dict_keys(['example_params_ui_tutorial']) retrieved from /home/airflow/.local/lib/python3.8/site-packages/airflow/example_dags/example_params_ui_tutorial.py
[2023-10-11T07:25:38.779+0000] {logging_mixin.py:151} INFO - [2023-10-11T07:25:38.778+0000] {dag.py:2915} INFO - Sync 1 DAGs
[2023-10-11T07:25:38.795+0000] {logging_mixin.py:151} INFO - [2023-10-11T07:25:38.795+0000] {dag.py:3696} INFO - Setting next_dagrun for example_params_ui_tutorial to None, run_after=None
[2023-10-11T07:25:38.812+0000] {processor.py:179} INFO - Processing /home/airflow/.local/lib/python3.8/site-packages/airflow/example_dags/example_params_ui_tutorial.py took 0.272 seconds
[2023-10-11T07:26:09.683+0000] {processor.py:157} INFO - Started process (PID=11963) to work on /home/airflow/.local/lib/python3.8/site-packages/airflow/example_dags/example_params_ui_tutorial.py
[2023-10-11T07:26:09.684+0000] {processor.py:829} INFO - Processing file /home/airflow/.local/lib/python3.8/site-packages/airflow/example_dags/example_params_ui_tutorial.py for tasks to queue
[2023-10-11T07:26:09.685+0000] {logging_mixin.py:151} INFO - [2023-10-11T07:26:09.684+0000] {dagbag.py:539} INFO - Filling up the DagBag from /home/airflow/.local/lib/python3.8/site-packages/airflow/example_dags/example_params_ui_tutorial.py
[2023-10-11T07:26:09.710+0000] {processor.py:839} INFO - DAG(s) dict_keys(['example_params_ui_tutorial']) retrieved from /home/airflow/.local/lib/python3.8/site-packages/airflow/example_dags/example_params_ui_tutorial.py
[2023-10-11T07:26:09.748+0000] {logging_mixin.py:151} INFO - [2023-10-11T07:26:09.748+0000] {dag.py:2915} INFO - Sync 1 DAGs
[2023-10-11T07:26:09.770+0000] {logging_mixin.py:151} INFO - [2023-10-11T07:26:09.770+0000] {dag.py:3696} INFO - Setting next_dagrun for example_params_ui_tutorial to None, run_after=None
[2023-10-11T07:26:09.787+0000] {processor.py:179} INFO - Processing /home/airflow/.local/lib/python3.8/site-packages/airflow/example_dags/example_params_ui_tutorial.py took 0.107 seconds
[2023-10-11T07:26:40.538+0000] {processor.py:157} INFO - Started process (PID=12206) to work on /home/airflow/.local/lib/python3.8/site-packages/airflow/example_dags/example_params_ui_tutorial.py
[2023-10-11T07:26:40.539+0000] {processor.py:829} INFO - Processing file /home/airflow/.local/lib/python3.8/site-packages/airflow/example_dags/example_params_ui_tutorial.py for tasks to queue
[2023-10-11T07:26:40.540+0000] {logging_mixin.py:151} INFO - [2023-10-11T07:26:40.540+0000] {dagbag.py:539} INFO - Filling up the DagBag from /home/airflow/.local/lib/python3.8/site-packages/airflow/example_dags/example_params_ui_tutorial.py
[2023-10-11T07:26:40.581+0000] {processor.py:839} INFO - DAG(s) dict_keys(['example_params_ui_tutorial']) retrieved from /home/airflow/.local/lib/python3.8/site-packages/airflow/example_dags/example_params_ui_tutorial.py
[2023-10-11T07:26:40.609+0000] {logging_mixin.py:151} INFO - [2023-10-11T07:26:40.609+0000] {dag.py:2915} INFO - Sync 1 DAGs
[2023-10-11T07:26:40.617+0000] {logging_mixin.py:151} INFO - [2023-10-11T07:26:40.617+0000] {dag.py:3696} INFO - Setting next_dagrun for example_params_ui_tutorial to None, run_after=None
[2023-10-11T07:26:40.627+0000] {processor.py:179} INFO - Processing /home/airflow/.local/lib/python3.8/site-packages/airflow/example_dags/example_params_ui_tutorial.py took 0.092 seconds
[2023-10-11T07:27:11.139+0000] {processor.py:157} INFO - Started process (PID=12449) to work on /home/airflow/.local/lib/python3.8/site-packages/airflow/example_dags/example_params_ui_tutorial.py
[2023-10-11T07:27:11.140+0000] {processor.py:829} INFO - Processing file /home/airflow/.local/lib/python3.8/site-packages/airflow/example_dags/example_params_ui_tutorial.py for tasks to queue
[2023-10-11T07:27:11.140+0000] {logging_mixin.py:151} INFO - [2023-10-11T07:27:11.140+0000] {dagbag.py:539} INFO - Filling up the DagBag from /home/airflow/.local/lib/python3.8/site-packages/airflow/example_dags/example_params_ui_tutorial.py
[2023-10-11T07:27:11.186+0000] {processor.py:839} INFO - DAG(s) dict_keys(['example_params_ui_tutorial']) retrieved from /home/airflow/.local/lib/python3.8/site-packages/airflow/example_dags/example_params_ui_tutorial.py
[2023-10-11T07:27:11.213+0000] {logging_mixin.py:151} INFO - [2023-10-11T07:27:11.213+0000] {dag.py:2915} INFO - Sync 1 DAGs
[2023-10-11T07:27:11.220+0000] {logging_mixin.py:151} INFO - [2023-10-11T07:27:11.220+0000] {dag.py:3696} INFO - Setting next_dagrun for example_params_ui_tutorial to None, run_after=None
[2023-10-11T07:27:11.229+0000] {processor.py:179} INFO - Processing /home/airflow/.local/lib/python3.8/site-packages/airflow/example_dags/example_params_ui_tutorial.py took 0.093 seconds
[2023-10-11T07:27:41.599+0000] {processor.py:157} INFO - Started process (PID=12692) to work on /home/airflow/.local/lib/python3.8/site-packages/airflow/example_dags/example_params_ui_tutorial.py
[2023-10-11T07:27:41.600+0000] {processor.py:829} INFO - Processing file /home/airflow/.local/lib/python3.8/site-packages/airflow/example_dags/example_params_ui_tutorial.py for tasks to queue
[2023-10-11T07:27:41.602+0000] {logging_mixin.py:151} INFO - [2023-10-11T07:27:41.601+0000] {dagbag.py:539} INFO - Filling up the DagBag from /home/airflow/.local/lib/python3.8/site-packages/airflow/example_dags/example_params_ui_tutorial.py
[2023-10-11T07:27:41.642+0000] {processor.py:839} INFO - DAG(s) dict_keys(['example_params_ui_tutorial']) retrieved from /home/airflow/.local/lib/python3.8/site-packages/airflow/example_dags/example_params_ui_tutorial.py
[2023-10-11T07:27:41.708+0000] {logging_mixin.py:151} INFO - [2023-10-11T07:27:41.708+0000] {dag.py:2915} INFO - Sync 1 DAGs
[2023-10-11T07:27:41.717+0000] {logging_mixin.py:151} INFO - [2023-10-11T07:27:41.716+0000] {dag.py:3696} INFO - Setting next_dagrun for example_params_ui_tutorial to None, run_after=None
[2023-10-11T07:27:41.730+0000] {processor.py:179} INFO - Processing /home/airflow/.local/lib/python3.8/site-packages/airflow/example_dags/example_params_ui_tutorial.py took 0.140 seconds
[2023-10-11T07:28:11.780+0000] {processor.py:157} INFO - Started process (PID=12938) to work on /home/airflow/.local/lib/python3.8/site-packages/airflow/example_dags/example_params_ui_tutorial.py
[2023-10-11T07:28:11.781+0000] {processor.py:829} INFO - Processing file /home/airflow/.local/lib/python3.8/site-packages/airflow/example_dags/example_params_ui_tutorial.py for tasks to queue
[2023-10-11T07:28:11.781+0000] {logging_mixin.py:151} INFO - [2023-10-11T07:28:11.781+0000] {dagbag.py:539} INFO - Filling up the DagBag from /home/airflow/.local/lib/python3.8/site-packages/airflow/example_dags/example_params_ui_tutorial.py
[2023-10-11T07:28:11.802+0000] {processor.py:839} INFO - DAG(s) dict_keys(['example_params_ui_tutorial']) retrieved from /home/airflow/.local/lib/python3.8/site-packages/airflow/example_dags/example_params_ui_tutorial.py
[2023-10-11T07:28:11.828+0000] {logging_mixin.py:151} INFO - [2023-10-11T07:28:11.828+0000] {dag.py:2915} INFO - Sync 1 DAGs
[2023-10-11T07:28:11.835+0000] {logging_mixin.py:151} INFO - [2023-10-11T07:28:11.835+0000] {dag.py:3696} INFO - Setting next_dagrun for example_params_ui_tutorial to None, run_after=None
[2023-10-11T07:28:11.854+0000] {processor.py:179} INFO - Processing /home/airflow/.local/lib/python3.8/site-packages/airflow/example_dags/example_params_ui_tutorial.py took 0.076 seconds
