[2023-10-11T07:01:29.342+0000] {processor.py:157} INFO - Started process (PID=177) to work on /home/airflow/.local/lib/python3.8/site-packages/airflow/example_dags/example_latest_only_with_trigger.py
[2023-10-11T07:01:29.343+0000] {processor.py:829} INFO - Processing file /home/airflow/.local/lib/python3.8/site-packages/airflow/example_dags/example_latest_only_with_trigger.py for tasks to queue
[2023-10-11T07:01:29.344+0000] {logging_mixin.py:151} INFO - [2023-10-11T07:01:29.344+0000] {dagbag.py:539} INFO - Filling up the DagBag from /home/airflow/.local/lib/python3.8/site-packages/airflow/example_dags/example_latest_only_with_trigger.py
[2023-10-11T07:01:29.372+0000] {processor.py:839} INFO - DAG(s) dict_keys(['latest_only_with_trigger']) retrieved from /home/airflow/.local/lib/python3.8/site-packages/airflow/example_dags/example_latest_only_with_trigger.py
[2023-10-11T07:01:29.629+0000] {logging_mixin.py:151} INFO - [2023-10-11T07:01:29.629+0000] {manager.py:499} INFO - Created Permission View: %s
[2023-10-11T07:01:29.637+0000] {logging_mixin.py:151} INFO - [2023-10-11T07:01:29.637+0000] {manager.py:499} INFO - Created Permission View: %s
[2023-10-11T07:01:29.645+0000] {logging_mixin.py:151} INFO - [2023-10-11T07:01:29.644+0000] {manager.py:499} INFO - Created Permission View: %s
[2023-10-11T07:01:29.645+0000] {logging_mixin.py:151} INFO - [2023-10-11T07:01:29.645+0000] {security.py:708} INFO - Not syncing DAG-level permissions for DAG 'DAG:latest_only_with_trigger' as access control is unset.
[2023-10-11T07:01:29.645+0000] {logging_mixin.py:151} INFO - [2023-10-11T07:01:29.645+0000] {dag.py:2915} INFO - Sync 1 DAGs
[2023-10-11T07:01:29.653+0000] {logging_mixin.py:151} INFO - [2023-10-11T07:01:29.652+0000] {dag.py:2937} INFO - Creating ORM DAG for latest_only_with_trigger
[2023-10-11T07:01:29.669+0000] {logging_mixin.py:151} INFO - [2023-10-11T07:01:29.669+0000] {dag.py:3696} INFO - Setting next_dagrun for latest_only_with_trigger to 2023-10-11T03:01:29.669390+00:00, run_after=2023-10-11T07:01:29.669390+00:00
[2023-10-11T07:01:29.698+0000] {processor.py:179} INFO - Processing /home/airflow/.local/lib/python3.8/site-packages/airflow/example_dags/example_latest_only_with_trigger.py took 0.361 seconds
[2023-10-11T07:02:00.316+0000] {processor.py:157} INFO - Started process (PID=416) to work on /home/airflow/.local/lib/python3.8/site-packages/airflow/example_dags/example_latest_only_with_trigger.py
[2023-10-11T07:02:00.317+0000] {processor.py:829} INFO - Processing file /home/airflow/.local/lib/python3.8/site-packages/airflow/example_dags/example_latest_only_with_trigger.py for tasks to queue
[2023-10-11T07:02:00.317+0000] {logging_mixin.py:151} INFO - [2023-10-11T07:02:00.317+0000] {dagbag.py:539} INFO - Filling up the DagBag from /home/airflow/.local/lib/python3.8/site-packages/airflow/example_dags/example_latest_only_with_trigger.py
[2023-10-11T07:02:00.322+0000] {processor.py:839} INFO - DAG(s) dict_keys(['latest_only_with_trigger']) retrieved from /home/airflow/.local/lib/python3.8/site-packages/airflow/example_dags/example_latest_only_with_trigger.py
[2023-10-11T07:02:00.337+0000] {logging_mixin.py:151} INFO - [2023-10-11T07:02:00.337+0000] {dag.py:2915} INFO - Sync 1 DAGs
[2023-10-11T07:02:00.348+0000] {logging_mixin.py:151} INFO - [2023-10-11T07:02:00.348+0000] {dag.py:3696} INFO - Setting next_dagrun for latest_only_with_trigger to 2023-10-11T03:02:00.348328+00:00, run_after=2023-10-11T07:02:00.348328+00:00
[2023-10-11T07:02:00.370+0000] {processor.py:179} INFO - Processing /home/airflow/.local/lib/python3.8/site-packages/airflow/example_dags/example_latest_only_with_trigger.py took 0.056 seconds
[2023-10-11T07:02:30.493+0000] {processor.py:157} INFO - Started process (PID=653) to work on /home/airflow/.local/lib/python3.8/site-packages/airflow/example_dags/example_latest_only_with_trigger.py
[2023-10-11T07:02:30.494+0000] {processor.py:829} INFO - Processing file /home/airflow/.local/lib/python3.8/site-packages/airflow/example_dags/example_latest_only_with_trigger.py for tasks to queue
[2023-10-11T07:02:30.495+0000] {logging_mixin.py:151} INFO - [2023-10-11T07:02:30.495+0000] {dagbag.py:539} INFO - Filling up the DagBag from /home/airflow/.local/lib/python3.8/site-packages/airflow/example_dags/example_latest_only_with_trigger.py
[2023-10-11T07:02:30.500+0000] {processor.py:839} INFO - DAG(s) dict_keys(['latest_only_with_trigger']) retrieved from /home/airflow/.local/lib/python3.8/site-packages/airflow/example_dags/example_latest_only_with_trigger.py
[2023-10-11T07:02:30.515+0000] {logging_mixin.py:151} INFO - [2023-10-11T07:02:30.514+0000] {dag.py:2915} INFO - Sync 1 DAGs
[2023-10-11T07:02:30.526+0000] {logging_mixin.py:151} INFO - [2023-10-11T07:02:30.526+0000] {dag.py:3696} INFO - Setting next_dagrun for latest_only_with_trigger to 2023-10-11T03:02:30.525881+00:00, run_after=2023-10-11T07:02:30.525881+00:00
[2023-10-11T07:02:30.534+0000] {processor.py:179} INFO - Processing /home/airflow/.local/lib/python3.8/site-packages/airflow/example_dags/example_latest_only_with_trigger.py took 0.044 seconds
[2023-10-11T07:03:01.315+0000] {processor.py:157} INFO - Started process (PID=891) to work on /home/airflow/.local/lib/python3.8/site-packages/airflow/example_dags/example_latest_only_with_trigger.py
[2023-10-11T07:03:01.315+0000] {processor.py:829} INFO - Processing file /home/airflow/.local/lib/python3.8/site-packages/airflow/example_dags/example_latest_only_with_trigger.py for tasks to queue
[2023-10-11T07:03:01.316+0000] {logging_mixin.py:151} INFO - [2023-10-11T07:03:01.316+0000] {dagbag.py:539} INFO - Filling up the DagBag from /home/airflow/.local/lib/python3.8/site-packages/airflow/example_dags/example_latest_only_with_trigger.py
[2023-10-11T07:03:01.320+0000] {processor.py:839} INFO - DAG(s) dict_keys(['latest_only_with_trigger']) retrieved from /home/airflow/.local/lib/python3.8/site-packages/airflow/example_dags/example_latest_only_with_trigger.py
[2023-10-11T07:03:01.334+0000] {logging_mixin.py:151} INFO - [2023-10-11T07:03:01.334+0000] {dag.py:2915} INFO - Sync 1 DAGs
[2023-10-11T07:03:01.344+0000] {logging_mixin.py:151} INFO - [2023-10-11T07:03:01.344+0000] {dag.py:3696} INFO - Setting next_dagrun for latest_only_with_trigger to 2023-10-11T03:03:01.344473+00:00, run_after=2023-10-11T07:03:01.344473+00:00
[2023-10-11T07:03:01.354+0000] {processor.py:179} INFO - Processing /home/airflow/.local/lib/python3.8/site-packages/airflow/example_dags/example_latest_only_with_trigger.py took 0.042 seconds
[2023-10-11T07:03:32.197+0000] {processor.py:157} INFO - Started process (PID=1129) to work on /home/airflow/.local/lib/python3.8/site-packages/airflow/example_dags/example_latest_only_with_trigger.py
[2023-10-11T07:03:32.198+0000] {processor.py:829} INFO - Processing file /home/airflow/.local/lib/python3.8/site-packages/airflow/example_dags/example_latest_only_with_trigger.py for tasks to queue
[2023-10-11T07:03:32.199+0000] {logging_mixin.py:151} INFO - [2023-10-11T07:03:32.199+0000] {dagbag.py:539} INFO - Filling up the DagBag from /home/airflow/.local/lib/python3.8/site-packages/airflow/example_dags/example_latest_only_with_trigger.py
[2023-10-11T07:03:32.204+0000] {processor.py:839} INFO - DAG(s) dict_keys(['latest_only_with_trigger']) retrieved from /home/airflow/.local/lib/python3.8/site-packages/airflow/example_dags/example_latest_only_with_trigger.py
[2023-10-11T07:03:32.218+0000] {logging_mixin.py:151} INFO - [2023-10-11T07:03:32.218+0000] {dag.py:2915} INFO - Sync 1 DAGs
[2023-10-11T07:03:32.230+0000] {logging_mixin.py:151} INFO - [2023-10-11T07:03:32.230+0000] {dag.py:3696} INFO - Setting next_dagrun for latest_only_with_trigger to 2023-10-11T03:03:32.230348+00:00, run_after=2023-10-11T07:03:32.230348+00:00
[2023-10-11T07:03:32.241+0000] {processor.py:179} INFO - Processing /home/airflow/.local/lib/python3.8/site-packages/airflow/example_dags/example_latest_only_with_trigger.py took 0.046 seconds
[2023-10-11T07:04:02.932+0000] {processor.py:157} INFO - Started process (PID=1367) to work on /home/airflow/.local/lib/python3.8/site-packages/airflow/example_dags/example_latest_only_with_trigger.py
[2023-10-11T07:04:02.933+0000] {processor.py:829} INFO - Processing file /home/airflow/.local/lib/python3.8/site-packages/airflow/example_dags/example_latest_only_with_trigger.py for tasks to queue
[2023-10-11T07:04:02.933+0000] {logging_mixin.py:151} INFO - [2023-10-11T07:04:02.933+0000] {dagbag.py:539} INFO - Filling up the DagBag from /home/airflow/.local/lib/python3.8/site-packages/airflow/example_dags/example_latest_only_with_trigger.py
[2023-10-11T07:04:02.938+0000] {processor.py:839} INFO - DAG(s) dict_keys(['latest_only_with_trigger']) retrieved from /home/airflow/.local/lib/python3.8/site-packages/airflow/example_dags/example_latest_only_with_trigger.py
[2023-10-11T07:04:02.953+0000] {logging_mixin.py:151} INFO - [2023-10-11T07:04:02.953+0000] {dag.py:2915} INFO - Sync 1 DAGs
[2023-10-11T07:04:02.997+0000] {logging_mixin.py:151} INFO - [2023-10-11T07:04:02.997+0000] {dag.py:3696} INFO - Setting next_dagrun for latest_only_with_trigger to 2023-10-11T03:04:02.996893+00:00, run_after=2023-10-11T07:04:02.996893+00:00
[2023-10-11T07:04:03.005+0000] {processor.py:179} INFO - Processing /home/airflow/.local/lib/python3.8/site-packages/airflow/example_dags/example_latest_only_with_trigger.py took 0.076 seconds
[2023-10-11T07:04:33.291+0000] {processor.py:157} INFO - Started process (PID=1605) to work on /home/airflow/.local/lib/python3.8/site-packages/airflow/example_dags/example_latest_only_with_trigger.py
[2023-10-11T07:04:33.292+0000] {processor.py:829} INFO - Processing file /home/airflow/.local/lib/python3.8/site-packages/airflow/example_dags/example_latest_only_with_trigger.py for tasks to queue
[2023-10-11T07:04:33.293+0000] {logging_mixin.py:151} INFO - [2023-10-11T07:04:33.292+0000] {dagbag.py:539} INFO - Filling up the DagBag from /home/airflow/.local/lib/python3.8/site-packages/airflow/example_dags/example_latest_only_with_trigger.py
[2023-10-11T07:04:33.298+0000] {processor.py:839} INFO - DAG(s) dict_keys(['latest_only_with_trigger']) retrieved from /home/airflow/.local/lib/python3.8/site-packages/airflow/example_dags/example_latest_only_with_trigger.py
[2023-10-11T07:04:33.325+0000] {logging_mixin.py:151} INFO - [2023-10-11T07:04:33.325+0000] {dag.py:2915} INFO - Sync 1 DAGs
[2023-10-11T07:04:33.340+0000] {logging_mixin.py:151} INFO - [2023-10-11T07:04:33.340+0000] {dag.py:3696} INFO - Setting next_dagrun for latest_only_with_trigger to 2023-10-11T03:04:33.340378+00:00, run_after=2023-10-11T07:04:33.340378+00:00
[2023-10-11T07:04:33.355+0000] {processor.py:179} INFO - Processing /home/airflow/.local/lib/python3.8/site-packages/airflow/example_dags/example_latest_only_with_trigger.py took 0.067 seconds
[2023-10-11T07:05:03.529+0000] {processor.py:157} INFO - Started process (PID=1843) to work on /home/airflow/.local/lib/python3.8/site-packages/airflow/example_dags/example_latest_only_with_trigger.py
[2023-10-11T07:05:03.530+0000] {processor.py:829} INFO - Processing file /home/airflow/.local/lib/python3.8/site-packages/airflow/example_dags/example_latest_only_with_trigger.py for tasks to queue
[2023-10-11T07:05:03.531+0000] {logging_mixin.py:151} INFO - [2023-10-11T07:05:03.530+0000] {dagbag.py:539} INFO - Filling up the DagBag from /home/airflow/.local/lib/python3.8/site-packages/airflow/example_dags/example_latest_only_with_trigger.py
[2023-10-11T07:05:03.538+0000] {processor.py:839} INFO - DAG(s) dict_keys(['latest_only_with_trigger']) retrieved from /home/airflow/.local/lib/python3.8/site-packages/airflow/example_dags/example_latest_only_with_trigger.py
[2023-10-11T07:05:03.576+0000] {logging_mixin.py:151} INFO - [2023-10-11T07:05:03.576+0000] {dag.py:2915} INFO - Sync 1 DAGs
[2023-10-11T07:05:03.591+0000] {logging_mixin.py:151} INFO - [2023-10-11T07:05:03.591+0000] {dag.py:3696} INFO - Setting next_dagrun for latest_only_with_trigger to 2023-10-11T03:05:03.590761+00:00, run_after=2023-10-11T07:05:03.590761+00:00
[2023-10-11T07:05:03.603+0000] {processor.py:179} INFO - Processing /home/airflow/.local/lib/python3.8/site-packages/airflow/example_dags/example_latest_only_with_trigger.py took 0.079 seconds
[2023-10-11T07:05:33.847+0000] {processor.py:157} INFO - Started process (PID=2081) to work on /home/airflow/.local/lib/python3.8/site-packages/airflow/example_dags/example_latest_only_with_trigger.py
[2023-10-11T07:05:33.848+0000] {processor.py:829} INFO - Processing file /home/airflow/.local/lib/python3.8/site-packages/airflow/example_dags/example_latest_only_with_trigger.py for tasks to queue
[2023-10-11T07:05:33.849+0000] {logging_mixin.py:151} INFO - [2023-10-11T07:05:33.849+0000] {dagbag.py:539} INFO - Filling up the DagBag from /home/airflow/.local/lib/python3.8/site-packages/airflow/example_dags/example_latest_only_with_trigger.py
[2023-10-11T07:05:33.856+0000] {processor.py:839} INFO - DAG(s) dict_keys(['latest_only_with_trigger']) retrieved from /home/airflow/.local/lib/python3.8/site-packages/airflow/example_dags/example_latest_only_with_trigger.py
[2023-10-11T07:05:33.888+0000] {logging_mixin.py:151} INFO - [2023-10-11T07:05:33.888+0000] {dag.py:2915} INFO - Sync 1 DAGs
[2023-10-11T07:05:33.903+0000] {logging_mixin.py:151} INFO - [2023-10-11T07:05:33.903+0000] {dag.py:3696} INFO - Setting next_dagrun for latest_only_with_trigger to 2023-10-11T03:05:33.903626+00:00, run_after=2023-10-11T07:05:33.903626+00:00
[2023-10-11T07:05:33.914+0000] {processor.py:179} INFO - Processing /home/airflow/.local/lib/python3.8/site-packages/airflow/example_dags/example_latest_only_with_trigger.py took 0.070 seconds
[2023-10-11T07:06:04.243+0000] {processor.py:157} INFO - Started process (PID=2319) to work on /home/airflow/.local/lib/python3.8/site-packages/airflow/example_dags/example_latest_only_with_trigger.py
[2023-10-11T07:06:04.243+0000] {processor.py:829} INFO - Processing file /home/airflow/.local/lib/python3.8/site-packages/airflow/example_dags/example_latest_only_with_trigger.py for tasks to queue
[2023-10-11T07:06:04.244+0000] {logging_mixin.py:151} INFO - [2023-10-11T07:06:04.244+0000] {dagbag.py:539} INFO - Filling up the DagBag from /home/airflow/.local/lib/python3.8/site-packages/airflow/example_dags/example_latest_only_with_trigger.py
[2023-10-11T07:06:04.249+0000] {processor.py:839} INFO - DAG(s) dict_keys(['latest_only_with_trigger']) retrieved from /home/airflow/.local/lib/python3.8/site-packages/airflow/example_dags/example_latest_only_with_trigger.py
[2023-10-11T07:06:04.273+0000] {logging_mixin.py:151} INFO - [2023-10-11T07:06:04.273+0000] {dag.py:2915} INFO - Sync 1 DAGs
[2023-10-11T07:06:04.287+0000] {logging_mixin.py:151} INFO - [2023-10-11T07:06:04.287+0000] {dag.py:3696} INFO - Setting next_dagrun for latest_only_with_trigger to 2023-10-11T03:06:04.287327+00:00, run_after=2023-10-11T07:06:04.287327+00:00
[2023-10-11T07:06:04.296+0000] {processor.py:179} INFO - Processing /home/airflow/.local/lib/python3.8/site-packages/airflow/example_dags/example_latest_only_with_trigger.py took 0.056 seconds
[2023-10-11T07:06:34.783+0000] {processor.py:157} INFO - Started process (PID=2562) to work on /home/airflow/.local/lib/python3.8/site-packages/airflow/example_dags/example_latest_only_with_trigger.py
[2023-10-11T07:06:34.784+0000] {processor.py:829} INFO - Processing file /home/airflow/.local/lib/python3.8/site-packages/airflow/example_dags/example_latest_only_with_trigger.py for tasks to queue
[2023-10-11T07:06:34.785+0000] {logging_mixin.py:151} INFO - [2023-10-11T07:06:34.785+0000] {dagbag.py:539} INFO - Filling up the DagBag from /home/airflow/.local/lib/python3.8/site-packages/airflow/example_dags/example_latest_only_with_trigger.py
[2023-10-11T07:06:34.789+0000] {processor.py:839} INFO - DAG(s) dict_keys(['latest_only_with_trigger']) retrieved from /home/airflow/.local/lib/python3.8/site-packages/airflow/example_dags/example_latest_only_with_trigger.py
[2023-10-11T07:06:34.804+0000] {logging_mixin.py:151} INFO - [2023-10-11T07:06:34.804+0000] {dag.py:2915} INFO - Sync 1 DAGs
[2023-10-11T07:06:34.817+0000] {logging_mixin.py:151} INFO - [2023-10-11T07:06:34.817+0000] {dag.py:3696} INFO - Setting next_dagrun for latest_only_with_trigger to 2023-10-11T03:06:34.817392+00:00, run_after=2023-10-11T07:06:34.817392+00:00
[2023-10-11T07:06:34.827+0000] {processor.py:179} INFO - Processing /home/airflow/.local/lib/python3.8/site-packages/airflow/example_dags/example_latest_only_with_trigger.py took 0.046 seconds
[2023-10-11T07:07:05.342+0000] {processor.py:157} INFO - Started process (PID=2804) to work on /home/airflow/.local/lib/python3.8/site-packages/airflow/example_dags/example_latest_only_with_trigger.py
[2023-10-11T07:07:05.343+0000] {processor.py:829} INFO - Processing file /home/airflow/.local/lib/python3.8/site-packages/airflow/example_dags/example_latest_only_with_trigger.py for tasks to queue
[2023-10-11T07:07:05.344+0000] {logging_mixin.py:151} INFO - [2023-10-11T07:07:05.344+0000] {dagbag.py:539} INFO - Filling up the DagBag from /home/airflow/.local/lib/python3.8/site-packages/airflow/example_dags/example_latest_only_with_trigger.py
[2023-10-11T07:07:05.350+0000] {processor.py:839} INFO - DAG(s) dict_keys(['latest_only_with_trigger']) retrieved from /home/airflow/.local/lib/python3.8/site-packages/airflow/example_dags/example_latest_only_with_trigger.py
[2023-10-11T07:07:05.396+0000] {logging_mixin.py:151} INFO - [2023-10-11T07:07:05.396+0000] {dag.py:2915} INFO - Sync 1 DAGs
[2023-10-11T07:07:05.409+0000] {logging_mixin.py:151} INFO - [2023-10-11T07:07:05.409+0000] {dag.py:3696} INFO - Setting next_dagrun for latest_only_with_trigger to 2023-10-11T03:07:05.409062+00:00, run_after=2023-10-11T07:07:05.409062+00:00
[2023-10-11T07:07:05.419+0000] {processor.py:179} INFO - Processing /home/airflow/.local/lib/python3.8/site-packages/airflow/example_dags/example_latest_only_with_trigger.py took 0.081 seconds
[2023-10-11T07:07:35.725+0000] {processor.py:157} INFO - Started process (PID=3046) to work on /home/airflow/.local/lib/python3.8/site-packages/airflow/example_dags/example_latest_only_with_trigger.py
[2023-10-11T07:07:35.726+0000] {processor.py:829} INFO - Processing file /home/airflow/.local/lib/python3.8/site-packages/airflow/example_dags/example_latest_only_with_trigger.py for tasks to queue
[2023-10-11T07:07:35.727+0000] {logging_mixin.py:151} INFO - [2023-10-11T07:07:35.726+0000] {dagbag.py:539} INFO - Filling up the DagBag from /home/airflow/.local/lib/python3.8/site-packages/airflow/example_dags/example_latest_only_with_trigger.py
[2023-10-11T07:07:35.733+0000] {processor.py:839} INFO - DAG(s) dict_keys(['latest_only_with_trigger']) retrieved from /home/airflow/.local/lib/python3.8/site-packages/airflow/example_dags/example_latest_only_with_trigger.py
[2023-10-11T07:07:35.750+0000] {logging_mixin.py:151} INFO - [2023-10-11T07:07:35.750+0000] {dag.py:2915} INFO - Sync 1 DAGs
[2023-10-11T07:07:35.785+0000] {logging_mixin.py:151} INFO - [2023-10-11T07:07:35.785+0000] {dag.py:3696} INFO - Setting next_dagrun for latest_only_with_trigger to 2023-10-11T03:07:35.785267+00:00, run_after=2023-10-11T07:07:35.785267+00:00
[2023-10-11T07:07:35.807+0000] {processor.py:179} INFO - Processing /home/airflow/.local/lib/python3.8/site-packages/airflow/example_dags/example_latest_only_with_trigger.py took 0.085 seconds
[2023-10-11T07:08:06.727+0000] {processor.py:157} INFO - Started process (PID=3321) to work on /home/airflow/.local/lib/python3.8/site-packages/airflow/example_dags/example_latest_only_with_trigger.py
[2023-10-11T07:08:06.727+0000] {processor.py:829} INFO - Processing file /home/airflow/.local/lib/python3.8/site-packages/airflow/example_dags/example_latest_only_with_trigger.py for tasks to queue
[2023-10-11T07:08:06.728+0000] {logging_mixin.py:151} INFO - [2023-10-11T07:08:06.728+0000] {dagbag.py:539} INFO - Filling up the DagBag from /home/airflow/.local/lib/python3.8/site-packages/airflow/example_dags/example_latest_only_with_trigger.py
[2023-10-11T07:08:06.733+0000] {processor.py:839} INFO - DAG(s) dict_keys(['latest_only_with_trigger']) retrieved from /home/airflow/.local/lib/python3.8/site-packages/airflow/example_dags/example_latest_only_with_trigger.py
[2023-10-11T07:08:06.747+0000] {logging_mixin.py:151} INFO - [2023-10-11T07:08:06.747+0000] {dag.py:2915} INFO - Sync 1 DAGs
[2023-10-11T07:08:06.773+0000] {logging_mixin.py:151} INFO - [2023-10-11T07:08:06.773+0000] {dag.py:3696} INFO - Setting next_dagrun for latest_only_with_trigger to 2023-10-11T03:08:06.772299+00:00, run_after=2023-10-11T07:08:06.772299+00:00
[2023-10-11T07:08:06.800+0000] {processor.py:179} INFO - Processing /home/airflow/.local/lib/python3.8/site-packages/airflow/example_dags/example_latest_only_with_trigger.py took 0.076 seconds
[2023-10-11T07:08:36.909+0000] {processor.py:157} INFO - Started process (PID=3564) to work on /home/airflow/.local/lib/python3.8/site-packages/airflow/example_dags/example_latest_only_with_trigger.py
[2023-10-11T07:08:36.910+0000] {processor.py:829} INFO - Processing file /home/airflow/.local/lib/python3.8/site-packages/airflow/example_dags/example_latest_only_with_trigger.py for tasks to queue
[2023-10-11T07:08:36.911+0000] {logging_mixin.py:151} INFO - [2023-10-11T07:08:36.911+0000] {dagbag.py:539} INFO - Filling up the DagBag from /home/airflow/.local/lib/python3.8/site-packages/airflow/example_dags/example_latest_only_with_trigger.py
[2023-10-11T07:08:36.915+0000] {processor.py:839} INFO - DAG(s) dict_keys(['latest_only_with_trigger']) retrieved from /home/airflow/.local/lib/python3.8/site-packages/airflow/example_dags/example_latest_only_with_trigger.py
[2023-10-11T07:08:36.934+0000] {logging_mixin.py:151} INFO - [2023-10-11T07:08:36.934+0000] {dag.py:2915} INFO - Sync 1 DAGs
[2023-10-11T07:08:36.961+0000] {logging_mixin.py:151} INFO - [2023-10-11T07:08:36.961+0000] {dag.py:3696} INFO - Setting next_dagrun for latest_only_with_trigger to 2023-10-11T03:08:36.961609+00:00, run_after=2023-10-11T07:08:36.961609+00:00
[2023-10-11T07:08:37.010+0000] {processor.py:179} INFO - Processing /home/airflow/.local/lib/python3.8/site-packages/airflow/example_dags/example_latest_only_with_trigger.py took 0.103 seconds
[2023-10-11T07:09:07.844+0000] {processor.py:157} INFO - Started process (PID=3807) to work on /home/airflow/.local/lib/python3.8/site-packages/airflow/example_dags/example_latest_only_with_trigger.py
[2023-10-11T07:09:07.845+0000] {processor.py:829} INFO - Processing file /home/airflow/.local/lib/python3.8/site-packages/airflow/example_dags/example_latest_only_with_trigger.py for tasks to queue
[2023-10-11T07:09:07.846+0000] {logging_mixin.py:151} INFO - [2023-10-11T07:09:07.846+0000] {dagbag.py:539} INFO - Filling up the DagBag from /home/airflow/.local/lib/python3.8/site-packages/airflow/example_dags/example_latest_only_with_trigger.py
[2023-10-11T07:09:07.854+0000] {processor.py:839} INFO - DAG(s) dict_keys(['latest_only_with_trigger']) retrieved from /home/airflow/.local/lib/python3.8/site-packages/airflow/example_dags/example_latest_only_with_trigger.py
[2023-10-11T07:09:07.901+0000] {logging_mixin.py:151} INFO - [2023-10-11T07:09:07.901+0000] {dag.py:2915} INFO - Sync 1 DAGs
[2023-10-11T07:09:07.927+0000] {logging_mixin.py:151} INFO - [2023-10-11T07:09:07.927+0000] {dag.py:3696} INFO - Setting next_dagrun for latest_only_with_trigger to 2023-10-11T03:09:07.927561+00:00, run_after=2023-10-11T07:09:07.927561+00:00
[2023-10-11T07:09:07.949+0000] {processor.py:179} INFO - Processing /home/airflow/.local/lib/python3.8/site-packages/airflow/example_dags/example_latest_only_with_trigger.py took 0.109 seconds
[2023-10-11T07:09:38.330+0000] {processor.py:157} INFO - Started process (PID=4050) to work on /home/airflow/.local/lib/python3.8/site-packages/airflow/example_dags/example_latest_only_with_trigger.py
[2023-10-11T07:09:38.331+0000] {processor.py:829} INFO - Processing file /home/airflow/.local/lib/python3.8/site-packages/airflow/example_dags/example_latest_only_with_trigger.py for tasks to queue
[2023-10-11T07:09:38.332+0000] {logging_mixin.py:151} INFO - [2023-10-11T07:09:38.331+0000] {dagbag.py:539} INFO - Filling up the DagBag from /home/airflow/.local/lib/python3.8/site-packages/airflow/example_dags/example_latest_only_with_trigger.py
[2023-10-11T07:09:38.337+0000] {processor.py:839} INFO - DAG(s) dict_keys(['latest_only_with_trigger']) retrieved from /home/airflow/.local/lib/python3.8/site-packages/airflow/example_dags/example_latest_only_with_trigger.py
[2023-10-11T07:09:38.351+0000] {logging_mixin.py:151} INFO - [2023-10-11T07:09:38.351+0000] {dag.py:2915} INFO - Sync 1 DAGs
[2023-10-11T07:09:38.378+0000] {logging_mixin.py:151} INFO - [2023-10-11T07:09:38.378+0000] {dag.py:3696} INFO - Setting next_dagrun for latest_only_with_trigger to 2023-10-11T03:09:38.377303+00:00, run_after=2023-10-11T07:09:38.377303+00:00
[2023-10-11T07:09:38.408+0000] {processor.py:179} INFO - Processing /home/airflow/.local/lib/python3.8/site-packages/airflow/example_dags/example_latest_only_with_trigger.py took 0.081 seconds
[2023-10-11T07:10:09.128+0000] {processor.py:157} INFO - Started process (PID=4293) to work on /home/airflow/.local/lib/python3.8/site-packages/airflow/example_dags/example_latest_only_with_trigger.py
[2023-10-11T07:10:09.129+0000] {processor.py:829} INFO - Processing file /home/airflow/.local/lib/python3.8/site-packages/airflow/example_dags/example_latest_only_with_trigger.py for tasks to queue
[2023-10-11T07:10:09.130+0000] {logging_mixin.py:151} INFO - [2023-10-11T07:10:09.129+0000] {dagbag.py:539} INFO - Filling up the DagBag from /home/airflow/.local/lib/python3.8/site-packages/airflow/example_dags/example_latest_only_with_trigger.py
[2023-10-11T07:10:09.135+0000] {processor.py:839} INFO - DAG(s) dict_keys(['latest_only_with_trigger']) retrieved from /home/airflow/.local/lib/python3.8/site-packages/airflow/example_dags/example_latest_only_with_trigger.py
[2023-10-11T07:10:09.150+0000] {logging_mixin.py:151} INFO - [2023-10-11T07:10:09.150+0000] {dag.py:2915} INFO - Sync 1 DAGs
[2023-10-11T07:10:09.183+0000] {logging_mixin.py:151} INFO - [2023-10-11T07:10:09.183+0000] {dag.py:3696} INFO - Setting next_dagrun for latest_only_with_trigger to 2023-10-11T03:10:09.183531+00:00, run_after=2023-10-11T07:10:09.183531+00:00
[2023-10-11T07:10:09.195+0000] {processor.py:179} INFO - Processing /home/airflow/.local/lib/python3.8/site-packages/airflow/example_dags/example_latest_only_with_trigger.py took 0.070 seconds
[2023-10-11T07:10:39.490+0000] {processor.py:157} INFO - Started process (PID=4536) to work on /home/airflow/.local/lib/python3.8/site-packages/airflow/example_dags/example_latest_only_with_trigger.py
[2023-10-11T07:10:39.491+0000] {processor.py:829} INFO - Processing file /home/airflow/.local/lib/python3.8/site-packages/airflow/example_dags/example_latest_only_with_trigger.py for tasks to queue
[2023-10-11T07:10:39.491+0000] {logging_mixin.py:151} INFO - [2023-10-11T07:10:39.491+0000] {dagbag.py:539} INFO - Filling up the DagBag from /home/airflow/.local/lib/python3.8/site-packages/airflow/example_dags/example_latest_only_with_trigger.py
[2023-10-11T07:10:39.496+0000] {processor.py:839} INFO - DAG(s) dict_keys(['latest_only_with_trigger']) retrieved from /home/airflow/.local/lib/python3.8/site-packages/airflow/example_dags/example_latest_only_with_trigger.py
[2023-10-11T07:10:39.516+0000] {logging_mixin.py:151} INFO - [2023-10-11T07:10:39.516+0000] {dag.py:2915} INFO - Sync 1 DAGs
[2023-10-11T07:10:39.531+0000] {logging_mixin.py:151} INFO - [2023-10-11T07:10:39.531+0000] {dag.py:3696} INFO - Setting next_dagrun for latest_only_with_trigger to 2023-10-11T03:10:39.531142+00:00, run_after=2023-10-11T07:10:39.531142+00:00
[2023-10-11T07:10:39.543+0000] {processor.py:179} INFO - Processing /home/airflow/.local/lib/python3.8/site-packages/airflow/example_dags/example_latest_only_with_trigger.py took 0.056 seconds
[2023-10-11T07:11:10.063+0000] {processor.py:157} INFO - Started process (PID=4779) to work on /home/airflow/.local/lib/python3.8/site-packages/airflow/example_dags/example_latest_only_with_trigger.py
[2023-10-11T07:11:10.071+0000] {processor.py:829} INFO - Processing file /home/airflow/.local/lib/python3.8/site-packages/airflow/example_dags/example_latest_only_with_trigger.py for tasks to queue
[2023-10-11T07:11:10.077+0000] {logging_mixin.py:151} INFO - [2023-10-11T07:11:10.076+0000] {dagbag.py:539} INFO - Filling up the DagBag from /home/airflow/.local/lib/python3.8/site-packages/airflow/example_dags/example_latest_only_with_trigger.py
[2023-10-11T07:11:10.088+0000] {processor.py:839} INFO - DAG(s) dict_keys(['latest_only_with_trigger']) retrieved from /home/airflow/.local/lib/python3.8/site-packages/airflow/example_dags/example_latest_only_with_trigger.py
[2023-10-11T07:11:10.108+0000] {logging_mixin.py:151} INFO - [2023-10-11T07:11:10.108+0000] {dag.py:2915} INFO - Sync 1 DAGs
[2023-10-11T07:11:10.120+0000] {logging_mixin.py:151} INFO - [2023-10-11T07:11:10.120+0000] {dag.py:3696} INFO - Setting next_dagrun for latest_only_with_trigger to 2023-10-11T03:11:10.120007+00:00, run_after=2023-10-11T07:11:10.120007+00:00
[2023-10-11T07:11:10.129+0000] {processor.py:179} INFO - Processing /home/airflow/.local/lib/python3.8/site-packages/airflow/example_dags/example_latest_only_with_trigger.py took 0.079 seconds
[2023-10-11T07:11:40.335+0000] {processor.py:157} INFO - Started process (PID=5022) to work on /home/airflow/.local/lib/python3.8/site-packages/airflow/example_dags/example_latest_only_with_trigger.py
[2023-10-11T07:11:40.336+0000] {processor.py:829} INFO - Processing file /home/airflow/.local/lib/python3.8/site-packages/airflow/example_dags/example_latest_only_with_trigger.py for tasks to queue
[2023-10-11T07:11:40.338+0000] {logging_mixin.py:151} INFO - [2023-10-11T07:11:40.337+0000] {dagbag.py:539} INFO - Filling up the DagBag from /home/airflow/.local/lib/python3.8/site-packages/airflow/example_dags/example_latest_only_with_trigger.py
[2023-10-11T07:11:40.344+0000] {processor.py:839} INFO - DAG(s) dict_keys(['latest_only_with_trigger']) retrieved from /home/airflow/.local/lib/python3.8/site-packages/airflow/example_dags/example_latest_only_with_trigger.py
[2023-10-11T07:11:40.392+0000] {logging_mixin.py:151} INFO - [2023-10-11T07:11:40.392+0000] {dag.py:2915} INFO - Sync 1 DAGs
[2023-10-11T07:11:40.405+0000] {logging_mixin.py:151} INFO - [2023-10-11T07:11:40.405+0000] {dag.py:3696} INFO - Setting next_dagrun for latest_only_with_trigger to 2023-10-11T03:11:40.404972+00:00, run_after=2023-10-11T07:11:40.404972+00:00
[2023-10-11T07:11:40.414+0000] {processor.py:179} INFO - Processing /home/airflow/.local/lib/python3.8/site-packages/airflow/example_dags/example_latest_only_with_trigger.py took 0.081 seconds
[2023-10-11T07:12:11.145+0000] {processor.py:157} INFO - Started process (PID=5265) to work on /home/airflow/.local/lib/python3.8/site-packages/airflow/example_dags/example_latest_only_with_trigger.py
[2023-10-11T07:12:11.148+0000] {processor.py:829} INFO - Processing file /home/airflow/.local/lib/python3.8/site-packages/airflow/example_dags/example_latest_only_with_trigger.py for tasks to queue
[2023-10-11T07:12:11.160+0000] {logging_mixin.py:151} INFO - [2023-10-11T07:12:11.159+0000] {dagbag.py:539} INFO - Filling up the DagBag from /home/airflow/.local/lib/python3.8/site-packages/airflow/example_dags/example_latest_only_with_trigger.py
[2023-10-11T07:12:11.182+0000] {processor.py:839} INFO - DAG(s) dict_keys(['latest_only_with_trigger']) retrieved from /home/airflow/.local/lib/python3.8/site-packages/airflow/example_dags/example_latest_only_with_trigger.py
[2023-10-11T07:12:11.203+0000] {logging_mixin.py:151} INFO - [2023-10-11T07:12:11.203+0000] {dag.py:2915} INFO - Sync 1 DAGs
[2023-10-11T07:12:11.217+0000] {logging_mixin.py:151} INFO - [2023-10-11T07:12:11.217+0000] {dag.py:3696} INFO - Setting next_dagrun for latest_only_with_trigger to 2023-10-11T03:12:11.217402+00:00, run_after=2023-10-11T07:12:11.217402+00:00
[2023-10-11T07:12:11.229+0000] {processor.py:179} INFO - Processing /home/airflow/.local/lib/python3.8/site-packages/airflow/example_dags/example_latest_only_with_trigger.py took 0.089 seconds
[2023-10-11T07:12:41.278+0000] {processor.py:157} INFO - Started process (PID=5508) to work on /home/airflow/.local/lib/python3.8/site-packages/airflow/example_dags/example_latest_only_with_trigger.py
[2023-10-11T07:12:41.279+0000] {processor.py:829} INFO - Processing file /home/airflow/.local/lib/python3.8/site-packages/airflow/example_dags/example_latest_only_with_trigger.py for tasks to queue
[2023-10-11T07:12:41.279+0000] {logging_mixin.py:151} INFO - [2023-10-11T07:12:41.279+0000] {dagbag.py:539} INFO - Filling up the DagBag from /home/airflow/.local/lib/python3.8/site-packages/airflow/example_dags/example_latest_only_with_trigger.py
[2023-10-11T07:12:41.284+0000] {processor.py:839} INFO - DAG(s) dict_keys(['latest_only_with_trigger']) retrieved from /home/airflow/.local/lib/python3.8/site-packages/airflow/example_dags/example_latest_only_with_trigger.py
[2023-10-11T07:12:41.297+0000] {logging_mixin.py:151} INFO - [2023-10-11T07:12:41.297+0000] {dag.py:2915} INFO - Sync 1 DAGs
[2023-10-11T07:12:41.308+0000] {logging_mixin.py:151} INFO - [2023-10-11T07:12:41.308+0000] {dag.py:3696} INFO - Setting next_dagrun for latest_only_with_trigger to 2023-10-11T03:12:41.308162+00:00, run_after=2023-10-11T07:12:41.308162+00:00
[2023-10-11T07:12:41.317+0000] {processor.py:179} INFO - Processing /home/airflow/.local/lib/python3.8/site-packages/airflow/example_dags/example_latest_only_with_trigger.py took 0.042 seconds
[2023-10-11T07:13:11.938+0000] {processor.py:157} INFO - Started process (PID=5751) to work on /home/airflow/.local/lib/python3.8/site-packages/airflow/example_dags/example_latest_only_with_trigger.py
[2023-10-11T07:13:11.939+0000] {processor.py:829} INFO - Processing file /home/airflow/.local/lib/python3.8/site-packages/airflow/example_dags/example_latest_only_with_trigger.py for tasks to queue
[2023-10-11T07:13:11.940+0000] {logging_mixin.py:151} INFO - [2023-10-11T07:13:11.940+0000] {dagbag.py:539} INFO - Filling up the DagBag from /home/airflow/.local/lib/python3.8/site-packages/airflow/example_dags/example_latest_only_with_trigger.py
[2023-10-11T07:13:11.945+0000] {processor.py:839} INFO - DAG(s) dict_keys(['latest_only_with_trigger']) retrieved from /home/airflow/.local/lib/python3.8/site-packages/airflow/example_dags/example_latest_only_with_trigger.py
[2023-10-11T07:13:11.978+0000] {logging_mixin.py:151} INFO - [2023-10-11T07:13:11.978+0000] {dag.py:2915} INFO - Sync 1 DAGs
[2023-10-11T07:13:11.991+0000] {logging_mixin.py:151} INFO - [2023-10-11T07:13:11.991+0000] {dag.py:3696} INFO - Setting next_dagrun for latest_only_with_trigger to 2023-10-11T03:13:11.991047+00:00, run_after=2023-10-11T07:13:11.991047+00:00
[2023-10-11T07:13:12.001+0000] {processor.py:179} INFO - Processing /home/airflow/.local/lib/python3.8/site-packages/airflow/example_dags/example_latest_only_with_trigger.py took 0.065 seconds
[2023-10-11T07:13:42.579+0000] {processor.py:157} INFO - Started process (PID=5994) to work on /home/airflow/.local/lib/python3.8/site-packages/airflow/example_dags/example_latest_only_with_trigger.py
[2023-10-11T07:13:42.580+0000] {processor.py:829} INFO - Processing file /home/airflow/.local/lib/python3.8/site-packages/airflow/example_dags/example_latest_only_with_trigger.py for tasks to queue
[2023-10-11T07:13:42.581+0000] {logging_mixin.py:151} INFO - [2023-10-11T07:13:42.581+0000] {dagbag.py:539} INFO - Filling up the DagBag from /home/airflow/.local/lib/python3.8/site-packages/airflow/example_dags/example_latest_only_with_trigger.py
[2023-10-11T07:13:42.586+0000] {processor.py:839} INFO - DAG(s) dict_keys(['latest_only_with_trigger']) retrieved from /home/airflow/.local/lib/python3.8/site-packages/airflow/example_dags/example_latest_only_with_trigger.py
[2023-10-11T07:13:42.600+0000] {logging_mixin.py:151} INFO - [2023-10-11T07:13:42.600+0000] {dag.py:2915} INFO - Sync 1 DAGs
[2023-10-11T07:13:42.614+0000] {logging_mixin.py:151} INFO - [2023-10-11T07:13:42.613+0000] {dag.py:3696} INFO - Setting next_dagrun for latest_only_with_trigger to 2023-10-11T03:13:42.613783+00:00, run_after=2023-10-11T07:13:42.613783+00:00
[2023-10-11T07:13:42.623+0000] {processor.py:179} INFO - Processing /home/airflow/.local/lib/python3.8/site-packages/airflow/example_dags/example_latest_only_with_trigger.py took 0.046 seconds
[2023-10-11T07:14:13.101+0000] {processor.py:157} INFO - Started process (PID=6235) to work on /home/airflow/.local/lib/python3.8/site-packages/airflow/example_dags/example_latest_only_with_trigger.py
[2023-10-11T07:14:13.102+0000] {processor.py:829} INFO - Processing file /home/airflow/.local/lib/python3.8/site-packages/airflow/example_dags/example_latest_only_with_trigger.py for tasks to queue
[2023-10-11T07:14:13.103+0000] {logging_mixin.py:151} INFO - [2023-10-11T07:14:13.103+0000] {dagbag.py:539} INFO - Filling up the DagBag from /home/airflow/.local/lib/python3.8/site-packages/airflow/example_dags/example_latest_only_with_trigger.py
[2023-10-11T07:14:13.109+0000] {processor.py:839} INFO - DAG(s) dict_keys(['latest_only_with_trigger']) retrieved from /home/airflow/.local/lib/python3.8/site-packages/airflow/example_dags/example_latest_only_with_trigger.py
[2023-10-11T07:14:13.125+0000] {logging_mixin.py:151} INFO - [2023-10-11T07:14:13.124+0000] {dag.py:2915} INFO - Sync 1 DAGs
[2023-10-11T07:14:13.137+0000] {logging_mixin.py:151} INFO - [2023-10-11T07:14:13.137+0000] {dag.py:3696} INFO - Setting next_dagrun for latest_only_with_trigger to 2023-10-11T03:14:13.137062+00:00, run_after=2023-10-11T07:14:13.137062+00:00
[2023-10-11T07:14:13.153+0000] {processor.py:179} INFO - Processing /home/airflow/.local/lib/python3.8/site-packages/airflow/example_dags/example_latest_only_with_trigger.py took 0.055 seconds
[2023-10-11T07:14:43.493+0000] {processor.py:157} INFO - Started process (PID=6478) to work on /home/airflow/.local/lib/python3.8/site-packages/airflow/example_dags/example_latest_only_with_trigger.py
[2023-10-11T07:14:43.493+0000] {processor.py:829} INFO - Processing file /home/airflow/.local/lib/python3.8/site-packages/airflow/example_dags/example_latest_only_with_trigger.py for tasks to queue
[2023-10-11T07:14:43.494+0000] {logging_mixin.py:151} INFO - [2023-10-11T07:14:43.494+0000] {dagbag.py:539} INFO - Filling up the DagBag from /home/airflow/.local/lib/python3.8/site-packages/airflow/example_dags/example_latest_only_with_trigger.py
[2023-10-11T07:14:43.499+0000] {processor.py:839} INFO - DAG(s) dict_keys(['latest_only_with_trigger']) retrieved from /home/airflow/.local/lib/python3.8/site-packages/airflow/example_dags/example_latest_only_with_trigger.py
[2023-10-11T07:14:43.513+0000] {logging_mixin.py:151} INFO - [2023-10-11T07:14:43.513+0000] {dag.py:2915} INFO - Sync 1 DAGs
[2023-10-11T07:14:43.528+0000] {logging_mixin.py:151} INFO - [2023-10-11T07:14:43.528+0000] {dag.py:3696} INFO - Setting next_dagrun for latest_only_with_trigger to 2023-10-11T03:14:43.528683+00:00, run_after=2023-10-11T07:14:43.528683+00:00
[2023-10-11T07:14:43.538+0000] {processor.py:179} INFO - Processing /home/airflow/.local/lib/python3.8/site-packages/airflow/example_dags/example_latest_only_with_trigger.py took 0.048 seconds
[2023-10-11T07:15:13.996+0000] {processor.py:157} INFO - Started process (PID=6723) to work on /home/airflow/.local/lib/python3.8/site-packages/airflow/example_dags/example_latest_only_with_trigger.py
[2023-10-11T07:15:13.997+0000] {processor.py:829} INFO - Processing file /home/airflow/.local/lib/python3.8/site-packages/airflow/example_dags/example_latest_only_with_trigger.py for tasks to queue
[2023-10-11T07:15:13.998+0000] {logging_mixin.py:151} INFO - [2023-10-11T07:15:13.998+0000] {dagbag.py:539} INFO - Filling up the DagBag from /home/airflow/.local/lib/python3.8/site-packages/airflow/example_dags/example_latest_only_with_trigger.py
[2023-10-11T07:15:14.003+0000] {processor.py:839} INFO - DAG(s) dict_keys(['latest_only_with_trigger']) retrieved from /home/airflow/.local/lib/python3.8/site-packages/airflow/example_dags/example_latest_only_with_trigger.py
[2023-10-11T07:15:14.019+0000] {logging_mixin.py:151} INFO - [2023-10-11T07:15:14.019+0000] {dag.py:2915} INFO - Sync 1 DAGs
[2023-10-11T07:15:14.030+0000] {logging_mixin.py:151} INFO - [2023-10-11T07:15:14.030+0000] {dag.py:3696} INFO - Setting next_dagrun for latest_only_with_trigger to 2023-10-11T03:15:14.030634+00:00, run_after=2023-10-11T07:15:14.030634+00:00
[2023-10-11T07:15:14.039+0000] {processor.py:179} INFO - Processing /home/airflow/.local/lib/python3.8/site-packages/airflow/example_dags/example_latest_only_with_trigger.py took 0.046 seconds
[2023-10-11T07:15:44.679+0000] {processor.py:157} INFO - Started process (PID=6966) to work on /home/airflow/.local/lib/python3.8/site-packages/airflow/example_dags/example_latest_only_with_trigger.py
[2023-10-11T07:15:44.680+0000] {processor.py:829} INFO - Processing file /home/airflow/.local/lib/python3.8/site-packages/airflow/example_dags/example_latest_only_with_trigger.py for tasks to queue
[2023-10-11T07:15:44.680+0000] {logging_mixin.py:151} INFO - [2023-10-11T07:15:44.680+0000] {dagbag.py:539} INFO - Filling up the DagBag from /home/airflow/.local/lib/python3.8/site-packages/airflow/example_dags/example_latest_only_with_trigger.py
[2023-10-11T07:15:44.685+0000] {processor.py:839} INFO - DAG(s) dict_keys(['latest_only_with_trigger']) retrieved from /home/airflow/.local/lib/python3.8/site-packages/airflow/example_dags/example_latest_only_with_trigger.py
[2023-10-11T07:15:44.701+0000] {logging_mixin.py:151} INFO - [2023-10-11T07:15:44.701+0000] {dag.py:2915} INFO - Sync 1 DAGs
[2023-10-11T07:15:44.714+0000] {logging_mixin.py:151} INFO - [2023-10-11T07:15:44.714+0000] {dag.py:3696} INFO - Setting next_dagrun for latest_only_with_trigger to 2023-10-11T03:15:44.714088+00:00, run_after=2023-10-11T07:15:44.714088+00:00
[2023-10-11T07:15:44.726+0000] {processor.py:179} INFO - Processing /home/airflow/.local/lib/python3.8/site-packages/airflow/example_dags/example_latest_only_with_trigger.py took 0.050 seconds
[2023-10-11T07:16:15.168+0000] {processor.py:157} INFO - Started process (PID=7209) to work on /home/airflow/.local/lib/python3.8/site-packages/airflow/example_dags/example_latest_only_with_trigger.py
[2023-10-11T07:16:15.171+0000] {processor.py:829} INFO - Processing file /home/airflow/.local/lib/python3.8/site-packages/airflow/example_dags/example_latest_only_with_trigger.py for tasks to queue
[2023-10-11T07:16:15.172+0000] {logging_mixin.py:151} INFO - [2023-10-11T07:16:15.172+0000] {dagbag.py:539} INFO - Filling up the DagBag from /home/airflow/.local/lib/python3.8/site-packages/airflow/example_dags/example_latest_only_with_trigger.py
[2023-10-11T07:16:15.178+0000] {processor.py:839} INFO - DAG(s) dict_keys(['latest_only_with_trigger']) retrieved from /home/airflow/.local/lib/python3.8/site-packages/airflow/example_dags/example_latest_only_with_trigger.py
[2023-10-11T07:16:15.195+0000] {logging_mixin.py:151} INFO - [2023-10-11T07:16:15.195+0000] {dag.py:2915} INFO - Sync 1 DAGs
[2023-10-11T07:16:15.209+0000] {logging_mixin.py:151} INFO - [2023-10-11T07:16:15.209+0000] {dag.py:3696} INFO - Setting next_dagrun for latest_only_with_trigger to 2023-10-11T03:16:15.209300+00:00, run_after=2023-10-11T07:16:15.209300+00:00
[2023-10-11T07:16:15.221+0000] {processor.py:179} INFO - Processing /home/airflow/.local/lib/python3.8/site-packages/airflow/example_dags/example_latest_only_with_trigger.py took 0.056 seconds
[2023-10-11T07:16:45.695+0000] {processor.py:157} INFO - Started process (PID=7452) to work on /home/airflow/.local/lib/python3.8/site-packages/airflow/example_dags/example_latest_only_with_trigger.py
[2023-10-11T07:16:45.698+0000] {processor.py:829} INFO - Processing file /home/airflow/.local/lib/python3.8/site-packages/airflow/example_dags/example_latest_only_with_trigger.py for tasks to queue
[2023-10-11T07:16:45.700+0000] {logging_mixin.py:151} INFO - [2023-10-11T07:16:45.699+0000] {dagbag.py:539} INFO - Filling up the DagBag from /home/airflow/.local/lib/python3.8/site-packages/airflow/example_dags/example_latest_only_with_trigger.py
[2023-10-11T07:16:45.710+0000] {processor.py:839} INFO - DAG(s) dict_keys(['latest_only_with_trigger']) retrieved from /home/airflow/.local/lib/python3.8/site-packages/airflow/example_dags/example_latest_only_with_trigger.py
[2023-10-11T07:16:45.730+0000] {logging_mixin.py:151} INFO - [2023-10-11T07:16:45.730+0000] {dag.py:2915} INFO - Sync 1 DAGs
[2023-10-11T07:16:45.744+0000] {logging_mixin.py:151} INFO - [2023-10-11T07:16:45.744+0000] {dag.py:3696} INFO - Setting next_dagrun for latest_only_with_trigger to 2023-10-11T03:16:45.744281+00:00, run_after=2023-10-11T07:16:45.744281+00:00
[2023-10-11T07:16:45.778+0000] {processor.py:179} INFO - Processing /home/airflow/.local/lib/python3.8/site-packages/airflow/example_dags/example_latest_only_with_trigger.py took 0.092 seconds
[2023-10-11T07:17:16.392+0000] {processor.py:157} INFO - Started process (PID=7695) to work on /home/airflow/.local/lib/python3.8/site-packages/airflow/example_dags/example_latest_only_with_trigger.py
[2023-10-11T07:17:16.394+0000] {processor.py:829} INFO - Processing file /home/airflow/.local/lib/python3.8/site-packages/airflow/example_dags/example_latest_only_with_trigger.py for tasks to queue
[2023-10-11T07:17:16.395+0000] {logging_mixin.py:151} INFO - [2023-10-11T07:17:16.395+0000] {dagbag.py:539} INFO - Filling up the DagBag from /home/airflow/.local/lib/python3.8/site-packages/airflow/example_dags/example_latest_only_with_trigger.py
[2023-10-11T07:17:16.404+0000] {processor.py:839} INFO - DAG(s) dict_keys(['latest_only_with_trigger']) retrieved from /home/airflow/.local/lib/python3.8/site-packages/airflow/example_dags/example_latest_only_with_trigger.py
[2023-10-11T07:17:16.428+0000] {logging_mixin.py:151} INFO - [2023-10-11T07:17:16.428+0000] {dag.py:2915} INFO - Sync 1 DAGs
[2023-10-11T07:17:16.471+0000] {logging_mixin.py:151} INFO - [2023-10-11T07:17:16.470+0000] {dag.py:3696} INFO - Setting next_dagrun for latest_only_with_trigger to 2023-10-11T03:17:16.470481+00:00, run_after=2023-10-11T07:17:16.470481+00:00
[2023-10-11T07:17:16.487+0000] {processor.py:179} INFO - Processing /home/airflow/.local/lib/python3.8/site-packages/airflow/example_dags/example_latest_only_with_trigger.py took 0.101 seconds
[2023-10-11T07:17:46.937+0000] {processor.py:157} INFO - Started process (PID=7938) to work on /home/airflow/.local/lib/python3.8/site-packages/airflow/example_dags/example_latest_only_with_trigger.py
[2023-10-11T07:17:46.938+0000] {processor.py:829} INFO - Processing file /home/airflow/.local/lib/python3.8/site-packages/airflow/example_dags/example_latest_only_with_trigger.py for tasks to queue
[2023-10-11T07:17:46.939+0000] {logging_mixin.py:151} INFO - [2023-10-11T07:17:46.939+0000] {dagbag.py:539} INFO - Filling up the DagBag from /home/airflow/.local/lib/python3.8/site-packages/airflow/example_dags/example_latest_only_with_trigger.py
[2023-10-11T07:17:46.976+0000] {processor.py:839} INFO - DAG(s) dict_keys(['latest_only_with_trigger']) retrieved from /home/airflow/.local/lib/python3.8/site-packages/airflow/example_dags/example_latest_only_with_trigger.py
[2023-10-11T07:17:47.000+0000] {logging_mixin.py:151} INFO - [2023-10-11T07:17:47.000+0000] {dag.py:2915} INFO - Sync 1 DAGs
[2023-10-11T07:17:47.019+0000] {logging_mixin.py:151} INFO - [2023-10-11T07:17:47.018+0000] {dag.py:3696} INFO - Setting next_dagrun for latest_only_with_trigger to 2023-10-11T03:17:47.018758+00:00, run_after=2023-10-11T07:17:47.018758+00:00
[2023-10-11T07:17:47.033+0000] {processor.py:179} INFO - Processing /home/airflow/.local/lib/python3.8/site-packages/airflow/example_dags/example_latest_only_with_trigger.py took 0.099 seconds
[2023-10-11T07:18:17.631+0000] {processor.py:157} INFO - Started process (PID=8181) to work on /home/airflow/.local/lib/python3.8/site-packages/airflow/example_dags/example_latest_only_with_trigger.py
[2023-10-11T07:18:17.633+0000] {processor.py:829} INFO - Processing file /home/airflow/.local/lib/python3.8/site-packages/airflow/example_dags/example_latest_only_with_trigger.py for tasks to queue
[2023-10-11T07:18:17.634+0000] {logging_mixin.py:151} INFO - [2023-10-11T07:18:17.633+0000] {dagbag.py:539} INFO - Filling up the DagBag from /home/airflow/.local/lib/python3.8/site-packages/airflow/example_dags/example_latest_only_with_trigger.py
[2023-10-11T07:18:17.643+0000] {processor.py:839} INFO - DAG(s) dict_keys(['latest_only_with_trigger']) retrieved from /home/airflow/.local/lib/python3.8/site-packages/airflow/example_dags/example_latest_only_with_trigger.py
[2023-10-11T07:18:17.733+0000] {logging_mixin.py:151} INFO - [2023-10-11T07:18:17.733+0000] {dag.py:2915} INFO - Sync 1 DAGs
[2023-10-11T07:18:17.785+0000] {logging_mixin.py:151} INFO - [2023-10-11T07:18:17.785+0000] {dag.py:3696} INFO - Setting next_dagrun for latest_only_with_trigger to 2023-10-11T03:18:17.784817+00:00, run_after=2023-10-11T07:18:17.784817+00:00
[2023-10-11T07:18:17.803+0000] {processor.py:179} INFO - Processing /home/airflow/.local/lib/python3.8/site-packages/airflow/example_dags/example_latest_only_with_trigger.py took 0.177 seconds
[2023-10-11T07:18:48.234+0000] {processor.py:157} INFO - Started process (PID=8424) to work on /home/airflow/.local/lib/python3.8/site-packages/airflow/example_dags/example_latest_only_with_trigger.py
[2023-10-11T07:18:48.235+0000] {processor.py:829} INFO - Processing file /home/airflow/.local/lib/python3.8/site-packages/airflow/example_dags/example_latest_only_with_trigger.py for tasks to queue
[2023-10-11T07:18:48.236+0000] {logging_mixin.py:151} INFO - [2023-10-11T07:18:48.236+0000] {dagbag.py:539} INFO - Filling up the DagBag from /home/airflow/.local/lib/python3.8/site-packages/airflow/example_dags/example_latest_only_with_trigger.py
[2023-10-11T07:18:48.251+0000] {processor.py:839} INFO - DAG(s) dict_keys(['latest_only_with_trigger']) retrieved from /home/airflow/.local/lib/python3.8/site-packages/airflow/example_dags/example_latest_only_with_trigger.py
[2023-10-11T07:18:48.289+0000] {logging_mixin.py:151} INFO - [2023-10-11T07:18:48.289+0000] {dag.py:2915} INFO - Sync 1 DAGs
[2023-10-11T07:18:48.325+0000] {logging_mixin.py:151} INFO - [2023-10-11T07:18:48.325+0000] {dag.py:3696} INFO - Setting next_dagrun for latest_only_with_trigger to 2023-10-11T03:18:48.324542+00:00, run_after=2023-10-11T07:18:48.324542+00:00
[2023-10-11T07:18:48.374+0000] {processor.py:179} INFO - Processing /home/airflow/.local/lib/python3.8/site-packages/airflow/example_dags/example_latest_only_with_trigger.py took 0.145 seconds
[2023-10-11T07:19:18.576+0000] {processor.py:157} INFO - Started process (PID=8667) to work on /home/airflow/.local/lib/python3.8/site-packages/airflow/example_dags/example_latest_only_with_trigger.py
[2023-10-11T07:19:18.577+0000] {processor.py:829} INFO - Processing file /home/airflow/.local/lib/python3.8/site-packages/airflow/example_dags/example_latest_only_with_trigger.py for tasks to queue
[2023-10-11T07:19:18.578+0000] {logging_mixin.py:151} INFO - [2023-10-11T07:19:18.578+0000] {dagbag.py:539} INFO - Filling up the DagBag from /home/airflow/.local/lib/python3.8/site-packages/airflow/example_dags/example_latest_only_with_trigger.py
[2023-10-11T07:19:18.582+0000] {processor.py:839} INFO - DAG(s) dict_keys(['latest_only_with_trigger']) retrieved from /home/airflow/.local/lib/python3.8/site-packages/airflow/example_dags/example_latest_only_with_trigger.py
[2023-10-11T07:19:18.597+0000] {logging_mixin.py:151} INFO - [2023-10-11T07:19:18.597+0000] {dag.py:2915} INFO - Sync 1 DAGs
[2023-10-11T07:19:18.611+0000] {logging_mixin.py:151} INFO - [2023-10-11T07:19:18.611+0000] {dag.py:3696} INFO - Setting next_dagrun for latest_only_with_trigger to 2023-10-11T03:19:18.611638+00:00, run_after=2023-10-11T07:19:18.611638+00:00
[2023-10-11T07:19:18.622+0000] {processor.py:179} INFO - Processing /home/airflow/.local/lib/python3.8/site-packages/airflow/example_dags/example_latest_only_with_trigger.py took 0.048 seconds
[2023-10-11T07:19:49.089+0000] {processor.py:157} INFO - Started process (PID=8910) to work on /home/airflow/.local/lib/python3.8/site-packages/airflow/example_dags/example_latest_only_with_trigger.py
[2023-10-11T07:19:49.091+0000] {processor.py:829} INFO - Processing file /home/airflow/.local/lib/python3.8/site-packages/airflow/example_dags/example_latest_only_with_trigger.py for tasks to queue
[2023-10-11T07:19:49.093+0000] {logging_mixin.py:151} INFO - [2023-10-11T07:19:49.093+0000] {dagbag.py:539} INFO - Filling up the DagBag from /home/airflow/.local/lib/python3.8/site-packages/airflow/example_dags/example_latest_only_with_trigger.py
[2023-10-11T07:19:49.102+0000] {processor.py:839} INFO - DAG(s) dict_keys(['latest_only_with_trigger']) retrieved from /home/airflow/.local/lib/python3.8/site-packages/airflow/example_dags/example_latest_only_with_trigger.py
[2023-10-11T07:19:49.131+0000] {logging_mixin.py:151} INFO - [2023-10-11T07:19:49.130+0000] {dag.py:2915} INFO - Sync 1 DAGs
[2023-10-11T07:19:49.175+0000] {logging_mixin.py:151} INFO - [2023-10-11T07:19:49.175+0000] {dag.py:3696} INFO - Setting next_dagrun for latest_only_with_trigger to 2023-10-11T03:19:49.174912+00:00, run_after=2023-10-11T07:19:49.174912+00:00
[2023-10-11T07:19:49.193+0000] {processor.py:179} INFO - Processing /home/airflow/.local/lib/python3.8/site-packages/airflow/example_dags/example_latest_only_with_trigger.py took 0.111 seconds
[2023-10-11T07:20:19.502+0000] {processor.py:157} INFO - Started process (PID=9153) to work on /home/airflow/.local/lib/python3.8/site-packages/airflow/example_dags/example_latest_only_with_trigger.py
[2023-10-11T07:20:19.504+0000] {processor.py:829} INFO - Processing file /home/airflow/.local/lib/python3.8/site-packages/airflow/example_dags/example_latest_only_with_trigger.py for tasks to queue
[2023-10-11T07:20:19.505+0000] {logging_mixin.py:151} INFO - [2023-10-11T07:20:19.504+0000] {dagbag.py:539} INFO - Filling up the DagBag from /home/airflow/.local/lib/python3.8/site-packages/airflow/example_dags/example_latest_only_with_trigger.py
[2023-10-11T07:20:19.516+0000] {processor.py:839} INFO - DAG(s) dict_keys(['latest_only_with_trigger']) retrieved from /home/airflow/.local/lib/python3.8/site-packages/airflow/example_dags/example_latest_only_with_trigger.py
[2023-10-11T07:20:19.541+0000] {logging_mixin.py:151} INFO - [2023-10-11T07:20:19.541+0000] {dag.py:2915} INFO - Sync 1 DAGs
[2023-10-11T07:20:19.583+0000] {logging_mixin.py:151} INFO - [2023-10-11T07:20:19.583+0000] {dag.py:3696} INFO - Setting next_dagrun for latest_only_with_trigger to 2023-10-11T03:20:19.582786+00:00, run_after=2023-10-11T07:20:19.582786+00:00
[2023-10-11T07:20:19.607+0000] {processor.py:179} INFO - Processing /home/airflow/.local/lib/python3.8/site-packages/airflow/example_dags/example_latest_only_with_trigger.py took 0.109 seconds
[2023-10-11T07:20:50.163+0000] {processor.py:157} INFO - Started process (PID=9396) to work on /home/airflow/.local/lib/python3.8/site-packages/airflow/example_dags/example_latest_only_with_trigger.py
[2023-10-11T07:20:50.166+0000] {processor.py:829} INFO - Processing file /home/airflow/.local/lib/python3.8/site-packages/airflow/example_dags/example_latest_only_with_trigger.py for tasks to queue
[2023-10-11T07:20:50.168+0000] {logging_mixin.py:151} INFO - [2023-10-11T07:20:50.168+0000] {dagbag.py:539} INFO - Filling up the DagBag from /home/airflow/.local/lib/python3.8/site-packages/airflow/example_dags/example_latest_only_with_trigger.py
[2023-10-11T07:20:50.182+0000] {processor.py:839} INFO - DAG(s) dict_keys(['latest_only_with_trigger']) retrieved from /home/airflow/.local/lib/python3.8/site-packages/airflow/example_dags/example_latest_only_with_trigger.py
[2023-10-11T07:20:50.207+0000] {logging_mixin.py:151} INFO - [2023-10-11T07:20:50.207+0000] {dag.py:2915} INFO - Sync 1 DAGs
[2023-10-11T07:20:50.229+0000] {logging_mixin.py:151} INFO - [2023-10-11T07:20:50.228+0000] {dag.py:3696} INFO - Setting next_dagrun for latest_only_with_trigger to 2023-10-11T03:20:50.228680+00:00, run_after=2023-10-11T07:20:50.228680+00:00
[2023-10-11T07:20:50.254+0000] {processor.py:179} INFO - Processing /home/airflow/.local/lib/python3.8/site-packages/airflow/example_dags/example_latest_only_with_trigger.py took 0.098 seconds
[2023-10-11T07:21:20.551+0000] {processor.py:157} INFO - Started process (PID=9639) to work on /home/airflow/.local/lib/python3.8/site-packages/airflow/example_dags/example_latest_only_with_trigger.py
[2023-10-11T07:21:20.552+0000] {processor.py:829} INFO - Processing file /home/airflow/.local/lib/python3.8/site-packages/airflow/example_dags/example_latest_only_with_trigger.py for tasks to queue
[2023-10-11T07:21:20.553+0000] {logging_mixin.py:151} INFO - [2023-10-11T07:21:20.553+0000] {dagbag.py:539} INFO - Filling up the DagBag from /home/airflow/.local/lib/python3.8/site-packages/airflow/example_dags/example_latest_only_with_trigger.py
[2023-10-11T07:21:20.559+0000] {processor.py:839} INFO - DAG(s) dict_keys(['latest_only_with_trigger']) retrieved from /home/airflow/.local/lib/python3.8/site-packages/airflow/example_dags/example_latest_only_with_trigger.py
[2023-10-11T07:21:20.575+0000] {logging_mixin.py:151} INFO - [2023-10-11T07:21:20.575+0000] {dag.py:2915} INFO - Sync 1 DAGs
[2023-10-11T07:21:20.587+0000] {logging_mixin.py:151} INFO - [2023-10-11T07:21:20.587+0000] {dag.py:3696} INFO - Setting next_dagrun for latest_only_with_trigger to 2023-10-11T03:21:20.587151+00:00, run_after=2023-10-11T07:21:20.587151+00:00
[2023-10-11T07:21:20.598+0000] {processor.py:179} INFO - Processing /home/airflow/.local/lib/python3.8/site-packages/airflow/example_dags/example_latest_only_with_trigger.py took 0.050 seconds
[2023-10-11T07:21:50.956+0000] {processor.py:157} INFO - Started process (PID=9882) to work on /home/airflow/.local/lib/python3.8/site-packages/airflow/example_dags/example_latest_only_with_trigger.py
[2023-10-11T07:21:50.960+0000] {processor.py:829} INFO - Processing file /home/airflow/.local/lib/python3.8/site-packages/airflow/example_dags/example_latest_only_with_trigger.py for tasks to queue
[2023-10-11T07:21:50.963+0000] {logging_mixin.py:151} INFO - [2023-10-11T07:21:50.962+0000] {dagbag.py:539} INFO - Filling up the DagBag from /home/airflow/.local/lib/python3.8/site-packages/airflow/example_dags/example_latest_only_with_trigger.py
[2023-10-11T07:21:50.977+0000] {processor.py:839} INFO - DAG(s) dict_keys(['latest_only_with_trigger']) retrieved from /home/airflow/.local/lib/python3.8/site-packages/airflow/example_dags/example_latest_only_with_trigger.py
[2023-10-11T07:21:50.998+0000] {logging_mixin.py:151} INFO - [2023-10-11T07:21:50.998+0000] {dag.py:2915} INFO - Sync 1 DAGs
[2023-10-11T07:21:51.016+0000] {logging_mixin.py:151} INFO - [2023-10-11T07:21:51.016+0000] {dag.py:3696} INFO - Setting next_dagrun for latest_only_with_trigger to 2023-10-11T03:21:51.016552+00:00, run_after=2023-10-11T07:21:51.016552+00:00
[2023-10-11T07:21:51.031+0000] {processor.py:179} INFO - Processing /home/airflow/.local/lib/python3.8/site-packages/airflow/example_dags/example_latest_only_with_trigger.py took 0.088 seconds
[2023-10-11T07:22:21.375+0000] {processor.py:157} INFO - Started process (PID=10125) to work on /home/airflow/.local/lib/python3.8/site-packages/airflow/example_dags/example_latest_only_with_trigger.py
[2023-10-11T07:22:21.377+0000] {processor.py:829} INFO - Processing file /home/airflow/.local/lib/python3.8/site-packages/airflow/example_dags/example_latest_only_with_trigger.py for tasks to queue
[2023-10-11T07:22:21.378+0000] {logging_mixin.py:151} INFO - [2023-10-11T07:22:21.377+0000] {dagbag.py:539} INFO - Filling up the DagBag from /home/airflow/.local/lib/python3.8/site-packages/airflow/example_dags/example_latest_only_with_trigger.py
[2023-10-11T07:22:21.385+0000] {processor.py:839} INFO - DAG(s) dict_keys(['latest_only_with_trigger']) retrieved from /home/airflow/.local/lib/python3.8/site-packages/airflow/example_dags/example_latest_only_with_trigger.py
[2023-10-11T07:22:21.408+0000] {logging_mixin.py:151} INFO - [2023-10-11T07:22:21.408+0000] {dag.py:2915} INFO - Sync 1 DAGs
[2023-10-11T07:22:21.427+0000] {logging_mixin.py:151} INFO - [2023-10-11T07:22:21.427+0000] {dag.py:3696} INFO - Setting next_dagrun for latest_only_with_trigger to 2023-10-11T03:22:21.426896+00:00, run_after=2023-10-11T07:22:21.426896+00:00
[2023-10-11T07:22:21.446+0000] {processor.py:179} INFO - Processing /home/airflow/.local/lib/python3.8/site-packages/airflow/example_dags/example_latest_only_with_trigger.py took 0.077 seconds
[2023-10-11T07:22:51.582+0000] {processor.py:157} INFO - Started process (PID=10368) to work on /home/airflow/.local/lib/python3.8/site-packages/airflow/example_dags/example_latest_only_with_trigger.py
[2023-10-11T07:22:51.583+0000] {processor.py:829} INFO - Processing file /home/airflow/.local/lib/python3.8/site-packages/airflow/example_dags/example_latest_only_with_trigger.py for tasks to queue
[2023-10-11T07:22:51.584+0000] {logging_mixin.py:151} INFO - [2023-10-11T07:22:51.584+0000] {dagbag.py:539} INFO - Filling up the DagBag from /home/airflow/.local/lib/python3.8/site-packages/airflow/example_dags/example_latest_only_with_trigger.py
[2023-10-11T07:22:51.590+0000] {processor.py:839} INFO - DAG(s) dict_keys(['latest_only_with_trigger']) retrieved from /home/airflow/.local/lib/python3.8/site-packages/airflow/example_dags/example_latest_only_with_trigger.py
[2023-10-11T07:22:51.607+0000] {logging_mixin.py:151} INFO - [2023-10-11T07:22:51.607+0000] {dag.py:2915} INFO - Sync 1 DAGs
[2023-10-11T07:22:51.623+0000] {logging_mixin.py:151} INFO - [2023-10-11T07:22:51.622+0000] {dag.py:3696} INFO - Setting next_dagrun for latest_only_with_trigger to 2023-10-11T03:22:51.622739+00:00, run_after=2023-10-11T07:22:51.622739+00:00
[2023-10-11T07:22:51.636+0000] {processor.py:179} INFO - Processing /home/airflow/.local/lib/python3.8/site-packages/airflow/example_dags/example_latest_only_with_trigger.py took 0.057 seconds
[2023-10-11T07:23:21.732+0000] {processor.py:157} INFO - Started process (PID=10611) to work on /home/airflow/.local/lib/python3.8/site-packages/airflow/example_dags/example_latest_only_with_trigger.py
[2023-10-11T07:23:21.734+0000] {processor.py:829} INFO - Processing file /home/airflow/.local/lib/python3.8/site-packages/airflow/example_dags/example_latest_only_with_trigger.py for tasks to queue
[2023-10-11T07:23:21.735+0000] {logging_mixin.py:151} INFO - [2023-10-11T07:23:21.735+0000] {dagbag.py:539} INFO - Filling up the DagBag from /home/airflow/.local/lib/python3.8/site-packages/airflow/example_dags/example_latest_only_with_trigger.py
[2023-10-11T07:23:21.741+0000] {processor.py:839} INFO - DAG(s) dict_keys(['latest_only_with_trigger']) retrieved from /home/airflow/.local/lib/python3.8/site-packages/airflow/example_dags/example_latest_only_with_trigger.py
[2023-10-11T07:23:21.776+0000] {logging_mixin.py:151} INFO - [2023-10-11T07:23:21.776+0000] {dag.py:2915} INFO - Sync 1 DAGs
[2023-10-11T07:23:21.788+0000] {logging_mixin.py:151} INFO - [2023-10-11T07:23:21.788+0000] {dag.py:3696} INFO - Setting next_dagrun for latest_only_with_trigger to 2023-10-11T03:23:21.788567+00:00, run_after=2023-10-11T07:23:21.788567+00:00
[2023-10-11T07:23:21.798+0000] {processor.py:179} INFO - Processing /home/airflow/.local/lib/python3.8/site-packages/airflow/example_dags/example_latest_only_with_trigger.py took 0.070 seconds
[2023-10-11T07:23:51.928+0000] {processor.py:157} INFO - Started process (PID=10854) to work on /home/airflow/.local/lib/python3.8/site-packages/airflow/example_dags/example_latest_only_with_trigger.py
[2023-10-11T07:23:51.929+0000] {processor.py:829} INFO - Processing file /home/airflow/.local/lib/python3.8/site-packages/airflow/example_dags/example_latest_only_with_trigger.py for tasks to queue
[2023-10-11T07:23:51.930+0000] {logging_mixin.py:151} INFO - [2023-10-11T07:23:51.930+0000] {dagbag.py:539} INFO - Filling up the DagBag from /home/airflow/.local/lib/python3.8/site-packages/airflow/example_dags/example_latest_only_with_trigger.py
[2023-10-11T07:23:51.938+0000] {processor.py:839} INFO - DAG(s) dict_keys(['latest_only_with_trigger']) retrieved from /home/airflow/.local/lib/python3.8/site-packages/airflow/example_dags/example_latest_only_with_trigger.py
[2023-10-11T07:23:51.970+0000] {logging_mixin.py:151} INFO - [2023-10-11T07:23:51.970+0000] {dag.py:2915} INFO - Sync 1 DAGs
[2023-10-11T07:23:51.986+0000] {logging_mixin.py:151} INFO - [2023-10-11T07:23:51.986+0000] {dag.py:3696} INFO - Setting next_dagrun for latest_only_with_trigger to 2023-10-11T03:23:51.986145+00:00, run_after=2023-10-11T07:23:51.986145+00:00
[2023-10-11T07:23:51.995+0000] {processor.py:179} INFO - Processing /home/airflow/.local/lib/python3.8/site-packages/airflow/example_dags/example_latest_only_with_trigger.py took 0.070 seconds
[2023-10-11T07:24:22.428+0000] {processor.py:157} INFO - Started process (PID=11097) to work on /home/airflow/.local/lib/python3.8/site-packages/airflow/example_dags/example_latest_only_with_trigger.py
[2023-10-11T07:24:22.429+0000] {processor.py:829} INFO - Processing file /home/airflow/.local/lib/python3.8/site-packages/airflow/example_dags/example_latest_only_with_trigger.py for tasks to queue
[2023-10-11T07:24:22.431+0000] {logging_mixin.py:151} INFO - [2023-10-11T07:24:22.430+0000] {dagbag.py:539} INFO - Filling up the DagBag from /home/airflow/.local/lib/python3.8/site-packages/airflow/example_dags/example_latest_only_with_trigger.py
[2023-10-11T07:24:22.437+0000] {processor.py:839} INFO - DAG(s) dict_keys(['latest_only_with_trigger']) retrieved from /home/airflow/.local/lib/python3.8/site-packages/airflow/example_dags/example_latest_only_with_trigger.py
[2023-10-11T07:24:22.455+0000] {logging_mixin.py:151} INFO - [2023-10-11T07:24:22.455+0000] {dag.py:2915} INFO - Sync 1 DAGs
[2023-10-11T07:24:22.482+0000] {logging_mixin.py:151} INFO - [2023-10-11T07:24:22.482+0000] {dag.py:3696} INFO - Setting next_dagrun for latest_only_with_trigger to 2023-10-11T03:24:22.482388+00:00, run_after=2023-10-11T07:24:22.482388+00:00
[2023-10-11T07:24:22.493+0000] {processor.py:179} INFO - Processing /home/airflow/.local/lib/python3.8/site-packages/airflow/example_dags/example_latest_only_with_trigger.py took 0.068 seconds
[2023-10-11T07:24:52.609+0000] {processor.py:157} INFO - Started process (PID=11340) to work on /home/airflow/.local/lib/python3.8/site-packages/airflow/example_dags/example_latest_only_with_trigger.py
[2023-10-11T07:24:52.610+0000] {processor.py:829} INFO - Processing file /home/airflow/.local/lib/python3.8/site-packages/airflow/example_dags/example_latest_only_with_trigger.py for tasks to queue
[2023-10-11T07:24:52.611+0000] {logging_mixin.py:151} INFO - [2023-10-11T07:24:52.610+0000] {dagbag.py:539} INFO - Filling up the DagBag from /home/airflow/.local/lib/python3.8/site-packages/airflow/example_dags/example_latest_only_with_trigger.py
[2023-10-11T07:24:52.616+0000] {processor.py:839} INFO - DAG(s) dict_keys(['latest_only_with_trigger']) retrieved from /home/airflow/.local/lib/python3.8/site-packages/airflow/example_dags/example_latest_only_with_trigger.py
[2023-10-11T07:24:52.631+0000] {logging_mixin.py:151} INFO - [2023-10-11T07:24:52.631+0000] {dag.py:2915} INFO - Sync 1 DAGs
[2023-10-11T07:24:52.653+0000] {logging_mixin.py:151} INFO - [2023-10-11T07:24:52.652+0000] {dag.py:3696} INFO - Setting next_dagrun for latest_only_with_trigger to 2023-10-11T03:24:52.652766+00:00, run_after=2023-10-11T07:24:52.652766+00:00
[2023-10-11T07:24:52.679+0000] {processor.py:179} INFO - Processing /home/airflow/.local/lib/python3.8/site-packages/airflow/example_dags/example_latest_only_with_trigger.py took 0.073 seconds
[2023-10-11T07:25:23.391+0000] {processor.py:157} INFO - Started process (PID=11583) to work on /home/airflow/.local/lib/python3.8/site-packages/airflow/example_dags/example_latest_only_with_trigger.py
[2023-10-11T07:25:23.394+0000] {processor.py:829} INFO - Processing file /home/airflow/.local/lib/python3.8/site-packages/airflow/example_dags/example_latest_only_with_trigger.py for tasks to queue
[2023-10-11T07:25:23.397+0000] {logging_mixin.py:151} INFO - [2023-10-11T07:25:23.396+0000] {dagbag.py:539} INFO - Filling up the DagBag from /home/airflow/.local/lib/python3.8/site-packages/airflow/example_dags/example_latest_only_with_trigger.py
[2023-10-11T07:25:23.433+0000] {processor.py:839} INFO - DAG(s) dict_keys(['latest_only_with_trigger']) retrieved from /home/airflow/.local/lib/python3.8/site-packages/airflow/example_dags/example_latest_only_with_trigger.py
[2023-10-11T07:25:23.482+0000] {logging_mixin.py:151} INFO - [2023-10-11T07:25:23.482+0000] {dag.py:2915} INFO - Sync 1 DAGs
[2023-10-11T07:25:23.505+0000] {logging_mixin.py:151} INFO - [2023-10-11T07:25:23.505+0000] {dag.py:3696} INFO - Setting next_dagrun for latest_only_with_trigger to 2023-10-11T03:25:23.504987+00:00, run_after=2023-10-11T07:25:23.504987+00:00
[2023-10-11T07:25:23.553+0000] {processor.py:179} INFO - Processing /home/airflow/.local/lib/python3.8/site-packages/airflow/example_dags/example_latest_only_with_trigger.py took 0.172 seconds
[2023-10-11T07:25:53.720+0000] {processor.py:157} INFO - Started process (PID=11826) to work on /home/airflow/.local/lib/python3.8/site-packages/airflow/example_dags/example_latest_only_with_trigger.py
[2023-10-11T07:25:53.721+0000] {processor.py:829} INFO - Processing file /home/airflow/.local/lib/python3.8/site-packages/airflow/example_dags/example_latest_only_with_trigger.py for tasks to queue
[2023-10-11T07:25:53.723+0000] {logging_mixin.py:151} INFO - [2023-10-11T07:25:53.722+0000] {dagbag.py:539} INFO - Filling up the DagBag from /home/airflow/.local/lib/python3.8/site-packages/airflow/example_dags/example_latest_only_with_trigger.py
[2023-10-11T07:25:53.730+0000] {processor.py:839} INFO - DAG(s) dict_keys(['latest_only_with_trigger']) retrieved from /home/airflow/.local/lib/python3.8/site-packages/airflow/example_dags/example_latest_only_with_trigger.py
[2023-10-11T07:25:53.767+0000] {logging_mixin.py:151} INFO - [2023-10-11T07:25:53.767+0000] {dag.py:2915} INFO - Sync 1 DAGs
[2023-10-11T07:25:53.796+0000] {logging_mixin.py:151} INFO - [2023-10-11T07:25:53.796+0000] {dag.py:3696} INFO - Setting next_dagrun for latest_only_with_trigger to 2023-10-11T03:25:53.796053+00:00, run_after=2023-10-11T07:25:53.796053+00:00
[2023-10-11T07:25:53.810+0000] {processor.py:179} INFO - Processing /home/airflow/.local/lib/python3.8/site-packages/airflow/example_dags/example_latest_only_with_trigger.py took 0.094 seconds
[2023-10-11T07:26:24.109+0000] {processor.py:157} INFO - Started process (PID=12069) to work on /home/airflow/.local/lib/python3.8/site-packages/airflow/example_dags/example_latest_only_with_trigger.py
[2023-10-11T07:26:24.110+0000] {processor.py:829} INFO - Processing file /home/airflow/.local/lib/python3.8/site-packages/airflow/example_dags/example_latest_only_with_trigger.py for tasks to queue
[2023-10-11T07:26:24.111+0000] {logging_mixin.py:151} INFO - [2023-10-11T07:26:24.111+0000] {dagbag.py:539} INFO - Filling up the DagBag from /home/airflow/.local/lib/python3.8/site-packages/airflow/example_dags/example_latest_only_with_trigger.py
[2023-10-11T07:26:24.118+0000] {processor.py:839} INFO - DAG(s) dict_keys(['latest_only_with_trigger']) retrieved from /home/airflow/.local/lib/python3.8/site-packages/airflow/example_dags/example_latest_only_with_trigger.py
[2023-10-11T07:26:24.137+0000] {logging_mixin.py:151} INFO - [2023-10-11T07:26:24.137+0000] {dag.py:2915} INFO - Sync 1 DAGs
[2023-10-11T07:26:24.168+0000] {logging_mixin.py:151} INFO - [2023-10-11T07:26:24.168+0000] {dag.py:3696} INFO - Setting next_dagrun for latest_only_with_trigger to 2023-10-11T03:26:24.167959+00:00, run_after=2023-10-11T07:26:24.167959+00:00
[2023-10-11T07:26:24.187+0000] {processor.py:179} INFO - Processing /home/airflow/.local/lib/python3.8/site-packages/airflow/example_dags/example_latest_only_with_trigger.py took 0.081 seconds
[2023-10-11T07:26:54.413+0000] {processor.py:157} INFO - Started process (PID=12312) to work on /home/airflow/.local/lib/python3.8/site-packages/airflow/example_dags/example_latest_only_with_trigger.py
[2023-10-11T07:26:54.415+0000] {processor.py:829} INFO - Processing file /home/airflow/.local/lib/python3.8/site-packages/airflow/example_dags/example_latest_only_with_trigger.py for tasks to queue
[2023-10-11T07:26:54.416+0000] {logging_mixin.py:151} INFO - [2023-10-11T07:26:54.415+0000] {dagbag.py:539} INFO - Filling up the DagBag from /home/airflow/.local/lib/python3.8/site-packages/airflow/example_dags/example_latest_only_with_trigger.py
[2023-10-11T07:26:54.424+0000] {processor.py:839} INFO - DAG(s) dict_keys(['latest_only_with_trigger']) retrieved from /home/airflow/.local/lib/python3.8/site-packages/airflow/example_dags/example_latest_only_with_trigger.py
[2023-10-11T07:26:54.464+0000] {logging_mixin.py:151} INFO - [2023-10-11T07:26:54.464+0000] {dag.py:2915} INFO - Sync 1 DAGs
[2023-10-11T07:26:54.492+0000] {logging_mixin.py:151} INFO - [2023-10-11T07:26:54.491+0000] {dag.py:3696} INFO - Setting next_dagrun for latest_only_with_trigger to 2023-10-11T03:26:54.491572+00:00, run_after=2023-10-11T07:26:54.491572+00:00
[2023-10-11T07:26:54.508+0000] {processor.py:179} INFO - Processing /home/airflow/.local/lib/python3.8/site-packages/airflow/example_dags/example_latest_only_with_trigger.py took 0.098 seconds
[2023-10-11T07:27:24.598+0000] {processor.py:157} INFO - Started process (PID=12555) to work on /home/airflow/.local/lib/python3.8/site-packages/airflow/example_dags/example_latest_only_with_trigger.py
[2023-10-11T07:27:24.598+0000] {processor.py:829} INFO - Processing file /home/airflow/.local/lib/python3.8/site-packages/airflow/example_dags/example_latest_only_with_trigger.py for tasks to queue
[2023-10-11T07:27:24.599+0000] {logging_mixin.py:151} INFO - [2023-10-11T07:27:24.599+0000] {dagbag.py:539} INFO - Filling up the DagBag from /home/airflow/.local/lib/python3.8/site-packages/airflow/example_dags/example_latest_only_with_trigger.py
[2023-10-11T07:27:24.604+0000] {processor.py:839} INFO - DAG(s) dict_keys(['latest_only_with_trigger']) retrieved from /home/airflow/.local/lib/python3.8/site-packages/airflow/example_dags/example_latest_only_with_trigger.py
[2023-10-11T07:27:24.616+0000] {logging_mixin.py:151} INFO - [2023-10-11T07:27:24.616+0000] {dag.py:2915} INFO - Sync 1 DAGs
[2023-10-11T07:27:24.627+0000] {logging_mixin.py:151} INFO - [2023-10-11T07:27:24.627+0000] {dag.py:3696} INFO - Setting next_dagrun for latest_only_with_trigger to 2023-10-11T03:27:24.627481+00:00, run_after=2023-10-11T07:27:24.627481+00:00
[2023-10-11T07:27:24.635+0000] {processor.py:179} INFO - Processing /home/airflow/.local/lib/python3.8/site-packages/airflow/example_dags/example_latest_only_with_trigger.py took 0.040 seconds
[2023-10-11T07:27:54.773+0000] {processor.py:157} INFO - Started process (PID=12798) to work on /home/airflow/.local/lib/python3.8/site-packages/airflow/example_dags/example_latest_only_with_trigger.py
[2023-10-11T07:27:54.774+0000] {processor.py:829} INFO - Processing file /home/airflow/.local/lib/python3.8/site-packages/airflow/example_dags/example_latest_only_with_trigger.py for tasks to queue
[2023-10-11T07:27:54.774+0000] {logging_mixin.py:151} INFO - [2023-10-11T07:27:54.774+0000] {dagbag.py:539} INFO - Filling up the DagBag from /home/airflow/.local/lib/python3.8/site-packages/airflow/example_dags/example_latest_only_with_trigger.py
[2023-10-11T07:27:54.778+0000] {processor.py:839} INFO - DAG(s) dict_keys(['latest_only_with_trigger']) retrieved from /home/airflow/.local/lib/python3.8/site-packages/airflow/example_dags/example_latest_only_with_trigger.py
[2023-10-11T07:27:54.791+0000] {logging_mixin.py:151} INFO - [2023-10-11T07:27:54.791+0000] {dag.py:2915} INFO - Sync 1 DAGs
[2023-10-11T07:27:54.802+0000] {logging_mixin.py:151} INFO - [2023-10-11T07:27:54.802+0000] {dag.py:3696} INFO - Setting next_dagrun for latest_only_with_trigger to 2023-10-11T03:27:54.802408+00:00, run_after=2023-10-11T07:27:54.802408+00:00
[2023-10-11T07:27:54.811+0000] {processor.py:179} INFO - Processing /home/airflow/.local/lib/python3.8/site-packages/airflow/example_dags/example_latest_only_with_trigger.py took 0.040 seconds
[2023-10-11T07:28:25.090+0000] {processor.py:157} INFO - Started process (PID=13041) to work on /home/airflow/.local/lib/python3.8/site-packages/airflow/example_dags/example_latest_only_with_trigger.py
[2023-10-11T07:28:25.091+0000] {processor.py:829} INFO - Processing file /home/airflow/.local/lib/python3.8/site-packages/airflow/example_dags/example_latest_only_with_trigger.py for tasks to queue
[2023-10-11T07:28:25.091+0000] {logging_mixin.py:151} INFO - [2023-10-11T07:28:25.091+0000] {dagbag.py:539} INFO - Filling up the DagBag from /home/airflow/.local/lib/python3.8/site-packages/airflow/example_dags/example_latest_only_with_trigger.py
[2023-10-11T07:28:25.096+0000] {processor.py:839} INFO - DAG(s) dict_keys(['latest_only_with_trigger']) retrieved from /home/airflow/.local/lib/python3.8/site-packages/airflow/example_dags/example_latest_only_with_trigger.py
[2023-10-11T07:28:25.111+0000] {logging_mixin.py:151} INFO - [2023-10-11T07:28:25.111+0000] {dag.py:2915} INFO - Sync 1 DAGs
[2023-10-11T07:28:25.122+0000] {logging_mixin.py:151} INFO - [2023-10-11T07:28:25.122+0000] {dag.py:3696} INFO - Setting next_dagrun for latest_only_with_trigger to 2023-10-11T03:28:25.122616+00:00, run_after=2023-10-11T07:28:25.122616+00:00
[2023-10-11T07:28:25.132+0000] {processor.py:179} INFO - Processing /home/airflow/.local/lib/python3.8/site-packages/airflow/example_dags/example_latest_only_with_trigger.py took 0.045 seconds
