[2023-10-11T07:01:32.722+0000] {processor.py:157} INFO - Started process (PID=245) to work on /home/airflow/.local/lib/python3.8/site-packages/airflow/example_dags/example_time_delta_sensor_async.py
[2023-10-11T07:01:32.723+0000] {processor.py:829} INFO - Processing file /home/airflow/.local/lib/python3.8/site-packages/airflow/example_dags/example_time_delta_sensor_async.py for tasks to queue
[2023-10-11T07:01:32.724+0000] {logging_mixin.py:151} INFO - [2023-10-11T07:01:32.724+0000] {dagbag.py:539} INFO - Filling up the DagBag from /home/airflow/.local/lib/python3.8/site-packages/airflow/example_dags/example_time_delta_sensor_async.py
[2023-10-11T07:01:32.731+0000] {processor.py:839} INFO - DAG(s) dict_keys(['example_time_delta_sensor_async']) retrieved from /home/airflow/.local/lib/python3.8/site-packages/airflow/example_dags/example_time_delta_sensor_async.py
[2023-10-11T07:01:33.003+0000] {logging_mixin.py:151} INFO - [2023-10-11T07:01:33.003+0000] {manager.py:499} INFO - Created Permission View: %s
[2023-10-11T07:01:33.014+0000] {logging_mixin.py:151} INFO - [2023-10-11T07:01:33.014+0000] {manager.py:499} INFO - Created Permission View: %s
[2023-10-11T07:01:33.021+0000] {logging_mixin.py:151} INFO - [2023-10-11T07:01:33.021+0000] {manager.py:499} INFO - Created Permission View: %s
[2023-10-11T07:01:33.021+0000] {logging_mixin.py:151} INFO - [2023-10-11T07:01:33.021+0000] {security.py:708} INFO - Not syncing DAG-level permissions for DAG 'DAG:example_time_delta_sensor_async' as access control is unset.
[2023-10-11T07:01:33.022+0000] {logging_mixin.py:151} INFO - [2023-10-11T07:01:33.022+0000] {dag.py:2915} INFO - Sync 1 DAGs
[2023-10-11T07:01:33.029+0000] {logging_mixin.py:151} INFO - [2023-10-11T07:01:33.029+0000] {dag.py:2937} INFO - Creating ORM DAG for example_time_delta_sensor_async
[2023-10-11T07:01:33.029+0000] {logging_mixin.py:151} INFO - [2023-10-11T07:01:33.029+0000] {dag.py:3696} INFO - Setting next_dagrun for example_time_delta_sensor_async to None, run_after=None
[2023-10-11T07:01:33.039+0000] {processor.py:179} INFO - Processing /home/airflow/.local/lib/python3.8/site-packages/airflow/example_dags/example_time_delta_sensor_async.py took 0.319 seconds
[2023-10-11T07:02:03.193+0000] {processor.py:157} INFO - Started process (PID=479) to work on /home/airflow/.local/lib/python3.8/site-packages/airflow/example_dags/example_time_delta_sensor_async.py
[2023-10-11T07:02:03.194+0000] {processor.py:829} INFO - Processing file /home/airflow/.local/lib/python3.8/site-packages/airflow/example_dags/example_time_delta_sensor_async.py for tasks to queue
[2023-10-11T07:02:03.195+0000] {logging_mixin.py:151} INFO - [2023-10-11T07:02:03.195+0000] {dagbag.py:539} INFO - Filling up the DagBag from /home/airflow/.local/lib/python3.8/site-packages/airflow/example_dags/example_time_delta_sensor_async.py
[2023-10-11T07:02:03.198+0000] {processor.py:839} INFO - DAG(s) dict_keys(['example_time_delta_sensor_async']) retrieved from /home/airflow/.local/lib/python3.8/site-packages/airflow/example_dags/example_time_delta_sensor_async.py
[2023-10-11T07:02:03.213+0000] {logging_mixin.py:151} INFO - [2023-10-11T07:02:03.213+0000] {dag.py:2915} INFO - Sync 1 DAGs
[2023-10-11T07:02:03.220+0000] {logging_mixin.py:151} INFO - [2023-10-11T07:02:03.220+0000] {dag.py:3696} INFO - Setting next_dagrun for example_time_delta_sensor_async to None, run_after=None
[2023-10-11T07:02:03.230+0000] {processor.py:179} INFO - Processing /home/airflow/.local/lib/python3.8/site-packages/airflow/example_dags/example_time_delta_sensor_async.py took 0.039 seconds
[2023-10-11T07:02:34.120+0000] {processor.py:157} INFO - Started process (PID=716) to work on /home/airflow/.local/lib/python3.8/site-packages/airflow/example_dags/example_time_delta_sensor_async.py
[2023-10-11T07:02:34.121+0000] {processor.py:829} INFO - Processing file /home/airflow/.local/lib/python3.8/site-packages/airflow/example_dags/example_time_delta_sensor_async.py for tasks to queue
[2023-10-11T07:02:34.121+0000] {logging_mixin.py:151} INFO - [2023-10-11T07:02:34.121+0000] {dagbag.py:539} INFO - Filling up the DagBag from /home/airflow/.local/lib/python3.8/site-packages/airflow/example_dags/example_time_delta_sensor_async.py
[2023-10-11T07:02:34.124+0000] {processor.py:839} INFO - DAG(s) dict_keys(['example_time_delta_sensor_async']) retrieved from /home/airflow/.local/lib/python3.8/site-packages/airflow/example_dags/example_time_delta_sensor_async.py
[2023-10-11T07:02:34.137+0000] {logging_mixin.py:151} INFO - [2023-10-11T07:02:34.137+0000] {dag.py:2915} INFO - Sync 1 DAGs
[2023-10-11T07:02:34.145+0000] {logging_mixin.py:151} INFO - [2023-10-11T07:02:34.145+0000] {dag.py:3696} INFO - Setting next_dagrun for example_time_delta_sensor_async to None, run_after=None
[2023-10-11T07:02:34.161+0000] {processor.py:179} INFO - Processing /home/airflow/.local/lib/python3.8/site-packages/airflow/example_dags/example_time_delta_sensor_async.py took 0.043 seconds
[2023-10-11T07:03:05.012+0000] {processor.py:157} INFO - Started process (PID=954) to work on /home/airflow/.local/lib/python3.8/site-packages/airflow/example_dags/example_time_delta_sensor_async.py
[2023-10-11T07:03:05.013+0000] {processor.py:829} INFO - Processing file /home/airflow/.local/lib/python3.8/site-packages/airflow/example_dags/example_time_delta_sensor_async.py for tasks to queue
[2023-10-11T07:03:05.013+0000] {logging_mixin.py:151} INFO - [2023-10-11T07:03:05.013+0000] {dagbag.py:539} INFO - Filling up the DagBag from /home/airflow/.local/lib/python3.8/site-packages/airflow/example_dags/example_time_delta_sensor_async.py
[2023-10-11T07:03:05.018+0000] {processor.py:839} INFO - DAG(s) dict_keys(['example_time_delta_sensor_async']) retrieved from /home/airflow/.local/lib/python3.8/site-packages/airflow/example_dags/example_time_delta_sensor_async.py
[2023-10-11T07:03:05.042+0000] {logging_mixin.py:151} INFO - [2023-10-11T07:03:05.042+0000] {dag.py:2915} INFO - Sync 1 DAGs
[2023-10-11T07:03:05.050+0000] {logging_mixin.py:151} INFO - [2023-10-11T07:03:05.049+0000] {dag.py:3696} INFO - Setting next_dagrun for example_time_delta_sensor_async to None, run_after=None
[2023-10-11T07:03:05.091+0000] {processor.py:179} INFO - Processing /home/airflow/.local/lib/python3.8/site-packages/airflow/example_dags/example_time_delta_sensor_async.py took 0.082 seconds
[2023-10-11T07:03:35.902+0000] {processor.py:157} INFO - Started process (PID=1192) to work on /home/airflow/.local/lib/python3.8/site-packages/airflow/example_dags/example_time_delta_sensor_async.py
[2023-10-11T07:03:35.903+0000] {processor.py:829} INFO - Processing file /home/airflow/.local/lib/python3.8/site-packages/airflow/example_dags/example_time_delta_sensor_async.py for tasks to queue
[2023-10-11T07:03:35.903+0000] {logging_mixin.py:151} INFO - [2023-10-11T07:03:35.903+0000] {dagbag.py:539} INFO - Filling up the DagBag from /home/airflow/.local/lib/python3.8/site-packages/airflow/example_dags/example_time_delta_sensor_async.py
[2023-10-11T07:03:35.907+0000] {processor.py:839} INFO - DAG(s) dict_keys(['example_time_delta_sensor_async']) retrieved from /home/airflow/.local/lib/python3.8/site-packages/airflow/example_dags/example_time_delta_sensor_async.py
[2023-10-11T07:03:35.919+0000] {logging_mixin.py:151} INFO - [2023-10-11T07:03:35.919+0000] {dag.py:2915} INFO - Sync 1 DAGs
[2023-10-11T07:03:35.926+0000] {logging_mixin.py:151} INFO - [2023-10-11T07:03:35.926+0000] {dag.py:3696} INFO - Setting next_dagrun for example_time_delta_sensor_async to None, run_after=None
[2023-10-11T07:03:35.983+0000] {processor.py:179} INFO - Processing /home/airflow/.local/lib/python3.8/site-packages/airflow/example_dags/example_time_delta_sensor_async.py took 0.083 seconds
[2023-10-11T07:04:07.110+0000] {processor.py:157} INFO - Started process (PID=1432) to work on /home/airflow/.local/lib/python3.8/site-packages/airflow/example_dags/example_time_delta_sensor_async.py
[2023-10-11T07:04:07.111+0000] {processor.py:829} INFO - Processing file /home/airflow/.local/lib/python3.8/site-packages/airflow/example_dags/example_time_delta_sensor_async.py for tasks to queue
[2023-10-11T07:04:07.112+0000] {logging_mixin.py:151} INFO - [2023-10-11T07:04:07.112+0000] {dagbag.py:539} INFO - Filling up the DagBag from /home/airflow/.local/lib/python3.8/site-packages/airflow/example_dags/example_time_delta_sensor_async.py
[2023-10-11T07:04:07.122+0000] {processor.py:839} INFO - DAG(s) dict_keys(['example_time_delta_sensor_async']) retrieved from /home/airflow/.local/lib/python3.8/site-packages/airflow/example_dags/example_time_delta_sensor_async.py
[2023-10-11T07:04:07.150+0000] {logging_mixin.py:151} INFO - [2023-10-11T07:04:07.149+0000] {dag.py:2915} INFO - Sync 1 DAGs
[2023-10-11T07:04:07.170+0000] {logging_mixin.py:151} INFO - [2023-10-11T07:04:07.170+0000] {dag.py:3696} INFO - Setting next_dagrun for example_time_delta_sensor_async to None, run_after=None
[2023-10-11T07:04:07.191+0000] {processor.py:179} INFO - Processing /home/airflow/.local/lib/python3.8/site-packages/airflow/example_dags/example_time_delta_sensor_async.py took 0.084 seconds
[2023-10-11T07:04:38.027+0000] {processor.py:157} INFO - Started process (PID=1673) to work on /home/airflow/.local/lib/python3.8/site-packages/airflow/example_dags/example_time_delta_sensor_async.py
[2023-10-11T07:04:38.027+0000] {processor.py:829} INFO - Processing file /home/airflow/.local/lib/python3.8/site-packages/airflow/example_dags/example_time_delta_sensor_async.py for tasks to queue
[2023-10-11T07:04:38.028+0000] {logging_mixin.py:151} INFO - [2023-10-11T07:04:38.028+0000] {dagbag.py:539} INFO - Filling up the DagBag from /home/airflow/.local/lib/python3.8/site-packages/airflow/example_dags/example_time_delta_sensor_async.py
[2023-10-11T07:04:38.032+0000] {processor.py:839} INFO - DAG(s) dict_keys(['example_time_delta_sensor_async']) retrieved from /home/airflow/.local/lib/python3.8/site-packages/airflow/example_dags/example_time_delta_sensor_async.py
[2023-10-11T07:04:38.049+0000] {logging_mixin.py:151} INFO - [2023-10-11T07:04:38.049+0000] {dag.py:2915} INFO - Sync 1 DAGs
[2023-10-11T07:04:38.070+0000] {logging_mixin.py:151} INFO - [2023-10-11T07:04:38.070+0000] {dag.py:3696} INFO - Setting next_dagrun for example_time_delta_sensor_async to None, run_after=None
[2023-10-11T07:04:38.101+0000] {processor.py:179} INFO - Processing /home/airflow/.local/lib/python3.8/site-packages/airflow/example_dags/example_time_delta_sensor_async.py took 0.077 seconds
[2023-10-11T07:05:08.710+0000] {processor.py:157} INFO - Started process (PID=1911) to work on /home/airflow/.local/lib/python3.8/site-packages/airflow/example_dags/example_time_delta_sensor_async.py
[2023-10-11T07:05:08.711+0000] {processor.py:829} INFO - Processing file /home/airflow/.local/lib/python3.8/site-packages/airflow/example_dags/example_time_delta_sensor_async.py for tasks to queue
[2023-10-11T07:05:08.712+0000] {logging_mixin.py:151} INFO - [2023-10-11T07:05:08.712+0000] {dagbag.py:539} INFO - Filling up the DagBag from /home/airflow/.local/lib/python3.8/site-packages/airflow/example_dags/example_time_delta_sensor_async.py
[2023-10-11T07:05:08.716+0000] {processor.py:839} INFO - DAG(s) dict_keys(['example_time_delta_sensor_async']) retrieved from /home/airflow/.local/lib/python3.8/site-packages/airflow/example_dags/example_time_delta_sensor_async.py
[2023-10-11T07:05:08.735+0000] {logging_mixin.py:151} INFO - [2023-10-11T07:05:08.734+0000] {dag.py:2915} INFO - Sync 1 DAGs
[2023-10-11T07:05:08.744+0000] {logging_mixin.py:151} INFO - [2023-10-11T07:05:08.744+0000] {dag.py:3696} INFO - Setting next_dagrun for example_time_delta_sensor_async to None, run_after=None
[2023-10-11T07:05:08.791+0000] {processor.py:179} INFO - Processing /home/airflow/.local/lib/python3.8/site-packages/airflow/example_dags/example_time_delta_sensor_async.py took 0.084 seconds
[2023-10-11T07:05:39.594+0000] {processor.py:157} INFO - Started process (PID=2149) to work on /home/airflow/.local/lib/python3.8/site-packages/airflow/example_dags/example_time_delta_sensor_async.py
[2023-10-11T07:05:39.595+0000] {processor.py:829} INFO - Processing file /home/airflow/.local/lib/python3.8/site-packages/airflow/example_dags/example_time_delta_sensor_async.py for tasks to queue
[2023-10-11T07:05:39.595+0000] {logging_mixin.py:151} INFO - [2023-10-11T07:05:39.595+0000] {dagbag.py:539} INFO - Filling up the DagBag from /home/airflow/.local/lib/python3.8/site-packages/airflow/example_dags/example_time_delta_sensor_async.py
[2023-10-11T07:05:39.598+0000] {processor.py:839} INFO - DAG(s) dict_keys(['example_time_delta_sensor_async']) retrieved from /home/airflow/.local/lib/python3.8/site-packages/airflow/example_dags/example_time_delta_sensor_async.py
[2023-10-11T07:05:39.613+0000] {logging_mixin.py:151} INFO - [2023-10-11T07:05:39.613+0000] {dag.py:2915} INFO - Sync 1 DAGs
[2023-10-11T07:05:39.620+0000] {logging_mixin.py:151} INFO - [2023-10-11T07:05:39.620+0000] {dag.py:3696} INFO - Setting next_dagrun for example_time_delta_sensor_async to None, run_after=None
[2023-10-11T07:05:39.629+0000] {processor.py:179} INFO - Processing /home/airflow/.local/lib/python3.8/site-packages/airflow/example_dags/example_time_delta_sensor_async.py took 0.037 seconds
[2023-10-11T07:06:09.939+0000] {processor.py:157} INFO - Started process (PID=2387) to work on /home/airflow/.local/lib/python3.8/site-packages/airflow/example_dags/example_time_delta_sensor_async.py
[2023-10-11T07:06:09.940+0000] {processor.py:829} INFO - Processing file /home/airflow/.local/lib/python3.8/site-packages/airflow/example_dags/example_time_delta_sensor_async.py for tasks to queue
[2023-10-11T07:06:09.941+0000] {logging_mixin.py:151} INFO - [2023-10-11T07:06:09.941+0000] {dagbag.py:539} INFO - Filling up the DagBag from /home/airflow/.local/lib/python3.8/site-packages/airflow/example_dags/example_time_delta_sensor_async.py
[2023-10-11T07:06:09.944+0000] {processor.py:839} INFO - DAG(s) dict_keys(['example_time_delta_sensor_async']) retrieved from /home/airflow/.local/lib/python3.8/site-packages/airflow/example_dags/example_time_delta_sensor_async.py
[2023-10-11T07:06:09.980+0000] {logging_mixin.py:151} INFO - [2023-10-11T07:06:09.980+0000] {dag.py:2915} INFO - Sync 1 DAGs
[2023-10-11T07:06:09.988+0000] {logging_mixin.py:151} INFO - [2023-10-11T07:06:09.988+0000] {dag.py:3696} INFO - Setting next_dagrun for example_time_delta_sensor_async to None, run_after=None
[2023-10-11T07:06:09.998+0000] {processor.py:179} INFO - Processing /home/airflow/.local/lib/python3.8/site-packages/airflow/example_dags/example_time_delta_sensor_async.py took 0.061 seconds
[2023-10-11T07:06:40.393+0000] {processor.py:157} INFO - Started process (PID=2630) to work on /home/airflow/.local/lib/python3.8/site-packages/airflow/example_dags/example_time_delta_sensor_async.py
[2023-10-11T07:06:40.394+0000] {processor.py:829} INFO - Processing file /home/airflow/.local/lib/python3.8/site-packages/airflow/example_dags/example_time_delta_sensor_async.py for tasks to queue
[2023-10-11T07:06:40.395+0000] {logging_mixin.py:151} INFO - [2023-10-11T07:06:40.395+0000] {dagbag.py:539} INFO - Filling up the DagBag from /home/airflow/.local/lib/python3.8/site-packages/airflow/example_dags/example_time_delta_sensor_async.py
[2023-10-11T07:06:40.398+0000] {processor.py:839} INFO - DAG(s) dict_keys(['example_time_delta_sensor_async']) retrieved from /home/airflow/.local/lib/python3.8/site-packages/airflow/example_dags/example_time_delta_sensor_async.py
[2023-10-11T07:06:40.414+0000] {logging_mixin.py:151} INFO - [2023-10-11T07:06:40.414+0000] {dag.py:2915} INFO - Sync 1 DAGs
[2023-10-11T07:06:40.421+0000] {logging_mixin.py:151} INFO - [2023-10-11T07:06:40.421+0000] {dag.py:3696} INFO - Setting next_dagrun for example_time_delta_sensor_async to None, run_after=None
[2023-10-11T07:06:40.432+0000] {processor.py:179} INFO - Processing /home/airflow/.local/lib/python3.8/site-packages/airflow/example_dags/example_time_delta_sensor_async.py took 0.042 seconds
[2023-10-11T07:07:11.252+0000] {processor.py:157} INFO - Started process (PID=2872) to work on /home/airflow/.local/lib/python3.8/site-packages/airflow/example_dags/example_time_delta_sensor_async.py
[2023-10-11T07:07:11.259+0000] {processor.py:829} INFO - Processing file /home/airflow/.local/lib/python3.8/site-packages/airflow/example_dags/example_time_delta_sensor_async.py for tasks to queue
[2023-10-11T07:07:11.272+0000] {logging_mixin.py:151} INFO - [2023-10-11T07:07:11.266+0000] {dagbag.py:539} INFO - Filling up the DagBag from /home/airflow/.local/lib/python3.8/site-packages/airflow/example_dags/example_time_delta_sensor_async.py
[2023-10-11T07:07:11.288+0000] {processor.py:839} INFO - DAG(s) dict_keys(['example_time_delta_sensor_async']) retrieved from /home/airflow/.local/lib/python3.8/site-packages/airflow/example_dags/example_time_delta_sensor_async.py
[2023-10-11T07:07:11.310+0000] {logging_mixin.py:151} INFO - [2023-10-11T07:07:11.310+0000] {dag.py:2915} INFO - Sync 1 DAGs
[2023-10-11T07:07:11.322+0000] {logging_mixin.py:151} INFO - [2023-10-11T07:07:11.322+0000] {dag.py:3696} INFO - Setting next_dagrun for example_time_delta_sensor_async to None, run_after=None
[2023-10-11T07:07:11.339+0000] {processor.py:179} INFO - Processing /home/airflow/.local/lib/python3.8/site-packages/airflow/example_dags/example_time_delta_sensor_async.py took 0.089 seconds
[2023-10-11T07:07:42.851+0000] {processor.py:157} INFO - Started process (PID=3115) to work on /home/airflow/.local/lib/python3.8/site-packages/airflow/example_dags/example_time_delta_sensor_async.py
[2023-10-11T07:07:42.872+0000] {processor.py:829} INFO - Processing file /home/airflow/.local/lib/python3.8/site-packages/airflow/example_dags/example_time_delta_sensor_async.py for tasks to queue
[2023-10-11T07:07:42.879+0000] {logging_mixin.py:151} INFO - [2023-10-11T07:07:42.879+0000] {dagbag.py:539} INFO - Filling up the DagBag from /home/airflow/.local/lib/python3.8/site-packages/airflow/example_dags/example_time_delta_sensor_async.py
[2023-10-11T07:07:42.890+0000] {processor.py:839} INFO - DAG(s) dict_keys(['example_time_delta_sensor_async']) retrieved from /home/airflow/.local/lib/python3.8/site-packages/airflow/example_dags/example_time_delta_sensor_async.py
[2023-10-11T07:07:42.945+0000] {logging_mixin.py:151} INFO - [2023-10-11T07:07:42.944+0000] {dag.py:2915} INFO - Sync 1 DAGs
[2023-10-11T07:07:42.979+0000] {logging_mixin.py:151} INFO - [2023-10-11T07:07:42.966+0000] {dag.py:3696} INFO - Setting next_dagrun for example_time_delta_sensor_async to None, run_after=None
[2023-10-11T07:07:43.007+0000] {processor.py:179} INFO - Processing /home/airflow/.local/lib/python3.8/site-packages/airflow/example_dags/example_time_delta_sensor_async.py took 0.166 seconds
[2023-10-11T07:08:13.327+0000] {processor.py:157} INFO - Started process (PID=3386) to work on /home/airflow/.local/lib/python3.8/site-packages/airflow/example_dags/example_time_delta_sensor_async.py
[2023-10-11T07:08:13.328+0000] {processor.py:829} INFO - Processing file /home/airflow/.local/lib/python3.8/site-packages/airflow/example_dags/example_time_delta_sensor_async.py for tasks to queue
[2023-10-11T07:08:13.328+0000] {logging_mixin.py:151} INFO - [2023-10-11T07:08:13.328+0000] {dagbag.py:539} INFO - Filling up the DagBag from /home/airflow/.local/lib/python3.8/site-packages/airflow/example_dags/example_time_delta_sensor_async.py
[2023-10-11T07:08:13.331+0000] {processor.py:839} INFO - DAG(s) dict_keys(['example_time_delta_sensor_async']) retrieved from /home/airflow/.local/lib/python3.8/site-packages/airflow/example_dags/example_time_delta_sensor_async.py
[2023-10-11T07:08:13.346+0000] {logging_mixin.py:151} INFO - [2023-10-11T07:08:13.346+0000] {dag.py:2915} INFO - Sync 1 DAGs
[2023-10-11T07:08:13.353+0000] {logging_mixin.py:151} INFO - [2023-10-11T07:08:13.353+0000] {dag.py:3696} INFO - Setting next_dagrun for example_time_delta_sensor_async to None, run_after=None
[2023-10-11T07:08:13.385+0000] {processor.py:179} INFO - Processing /home/airflow/.local/lib/python3.8/site-packages/airflow/example_dags/example_time_delta_sensor_async.py took 0.061 seconds
[2023-10-11T07:08:43.942+0000] {processor.py:157} INFO - Started process (PID=3629) to work on /home/airflow/.local/lib/python3.8/site-packages/airflow/example_dags/example_time_delta_sensor_async.py
[2023-10-11T07:08:43.943+0000] {processor.py:829} INFO - Processing file /home/airflow/.local/lib/python3.8/site-packages/airflow/example_dags/example_time_delta_sensor_async.py for tasks to queue
[2023-10-11T07:08:43.944+0000] {logging_mixin.py:151} INFO - [2023-10-11T07:08:43.944+0000] {dagbag.py:539} INFO - Filling up the DagBag from /home/airflow/.local/lib/python3.8/site-packages/airflow/example_dags/example_time_delta_sensor_async.py
[2023-10-11T07:08:43.949+0000] {processor.py:839} INFO - DAG(s) dict_keys(['example_time_delta_sensor_async']) retrieved from /home/airflow/.local/lib/python3.8/site-packages/airflow/example_dags/example_time_delta_sensor_async.py
[2023-10-11T07:08:44.000+0000] {logging_mixin.py:151} INFO - [2023-10-11T07:08:43.999+0000] {dag.py:2915} INFO - Sync 1 DAGs
[2023-10-11T07:08:44.013+0000] {logging_mixin.py:151} INFO - [2023-10-11T07:08:44.013+0000] {dag.py:3696} INFO - Setting next_dagrun for example_time_delta_sensor_async to None, run_after=None
[2023-10-11T07:08:44.043+0000] {processor.py:179} INFO - Processing /home/airflow/.local/lib/python3.8/site-packages/airflow/example_dags/example_time_delta_sensor_async.py took 0.104 seconds
[2023-10-11T07:09:14.833+0000] {processor.py:157} INFO - Started process (PID=3872) to work on /home/airflow/.local/lib/python3.8/site-packages/airflow/example_dags/example_time_delta_sensor_async.py
[2023-10-11T07:09:14.834+0000] {processor.py:829} INFO - Processing file /home/airflow/.local/lib/python3.8/site-packages/airflow/example_dags/example_time_delta_sensor_async.py for tasks to queue
[2023-10-11T07:09:14.834+0000] {logging_mixin.py:151} INFO - [2023-10-11T07:09:14.834+0000] {dagbag.py:539} INFO - Filling up the DagBag from /home/airflow/.local/lib/python3.8/site-packages/airflow/example_dags/example_time_delta_sensor_async.py
[2023-10-11T07:09:14.838+0000] {processor.py:839} INFO - DAG(s) dict_keys(['example_time_delta_sensor_async']) retrieved from /home/airflow/.local/lib/python3.8/site-packages/airflow/example_dags/example_time_delta_sensor_async.py
[2023-10-11T07:09:14.853+0000] {logging_mixin.py:151} INFO - [2023-10-11T07:09:14.853+0000] {dag.py:2915} INFO - Sync 1 DAGs
[2023-10-11T07:09:14.872+0000] {logging_mixin.py:151} INFO - [2023-10-11T07:09:14.871+0000] {dag.py:3696} INFO - Setting next_dagrun for example_time_delta_sensor_async to None, run_after=None
[2023-10-11T07:09:14.890+0000] {processor.py:179} INFO - Processing /home/airflow/.local/lib/python3.8/site-packages/airflow/example_dags/example_time_delta_sensor_async.py took 0.060 seconds
[2023-10-11T07:09:45.104+0000] {processor.py:157} INFO - Started process (PID=4115) to work on /home/airflow/.local/lib/python3.8/site-packages/airflow/example_dags/example_time_delta_sensor_async.py
[2023-10-11T07:09:45.106+0000] {processor.py:829} INFO - Processing file /home/airflow/.local/lib/python3.8/site-packages/airflow/example_dags/example_time_delta_sensor_async.py for tasks to queue
[2023-10-11T07:09:45.106+0000] {logging_mixin.py:151} INFO - [2023-10-11T07:09:45.106+0000] {dagbag.py:539} INFO - Filling up the DagBag from /home/airflow/.local/lib/python3.8/site-packages/airflow/example_dags/example_time_delta_sensor_async.py
[2023-10-11T07:09:45.109+0000] {processor.py:839} INFO - DAG(s) dict_keys(['example_time_delta_sensor_async']) retrieved from /home/airflow/.local/lib/python3.8/site-packages/airflow/example_dags/example_time_delta_sensor_async.py
[2023-10-11T07:09:45.124+0000] {logging_mixin.py:151} INFO - [2023-10-11T07:09:45.124+0000] {dag.py:2915} INFO - Sync 1 DAGs
[2023-10-11T07:09:45.133+0000] {logging_mixin.py:151} INFO - [2023-10-11T07:09:45.133+0000] {dag.py:3696} INFO - Setting next_dagrun for example_time_delta_sensor_async to None, run_after=None
[2023-10-11T07:09:45.144+0000] {processor.py:179} INFO - Processing /home/airflow/.local/lib/python3.8/site-packages/airflow/example_dags/example_time_delta_sensor_async.py took 0.042 seconds
[2023-10-11T07:10:16.012+0000] {processor.py:157} INFO - Started process (PID=4358) to work on /home/airflow/.local/lib/python3.8/site-packages/airflow/example_dags/example_time_delta_sensor_async.py
[2023-10-11T07:10:16.013+0000] {processor.py:829} INFO - Processing file /home/airflow/.local/lib/python3.8/site-packages/airflow/example_dags/example_time_delta_sensor_async.py for tasks to queue
[2023-10-11T07:10:16.014+0000] {logging_mixin.py:151} INFO - [2023-10-11T07:10:16.014+0000] {dagbag.py:539} INFO - Filling up the DagBag from /home/airflow/.local/lib/python3.8/site-packages/airflow/example_dags/example_time_delta_sensor_async.py
[2023-10-11T07:10:16.017+0000] {processor.py:839} INFO - DAG(s) dict_keys(['example_time_delta_sensor_async']) retrieved from /home/airflow/.local/lib/python3.8/site-packages/airflow/example_dags/example_time_delta_sensor_async.py
[2023-10-11T07:10:16.031+0000] {logging_mixin.py:151} INFO - [2023-10-11T07:10:16.031+0000] {dag.py:2915} INFO - Sync 1 DAGs
[2023-10-11T07:10:16.038+0000] {logging_mixin.py:151} INFO - [2023-10-11T07:10:16.038+0000] {dag.py:3696} INFO - Setting next_dagrun for example_time_delta_sensor_async to None, run_after=None
[2023-10-11T07:10:16.047+0000] {processor.py:179} INFO - Processing /home/airflow/.local/lib/python3.8/site-packages/airflow/example_dags/example_time_delta_sensor_async.py took 0.037 seconds
[2023-10-11T07:10:46.388+0000] {processor.py:157} INFO - Started process (PID=4601) to work on /home/airflow/.local/lib/python3.8/site-packages/airflow/example_dags/example_time_delta_sensor_async.py
[2023-10-11T07:10:46.389+0000] {processor.py:829} INFO - Processing file /home/airflow/.local/lib/python3.8/site-packages/airflow/example_dags/example_time_delta_sensor_async.py for tasks to queue
[2023-10-11T07:10:46.390+0000] {logging_mixin.py:151} INFO - [2023-10-11T07:10:46.389+0000] {dagbag.py:539} INFO - Filling up the DagBag from /home/airflow/.local/lib/python3.8/site-packages/airflow/example_dags/example_time_delta_sensor_async.py
[2023-10-11T07:10:46.393+0000] {processor.py:839} INFO - DAG(s) dict_keys(['example_time_delta_sensor_async']) retrieved from /home/airflow/.local/lib/python3.8/site-packages/airflow/example_dags/example_time_delta_sensor_async.py
[2023-10-11T07:10:46.413+0000] {logging_mixin.py:151} INFO - [2023-10-11T07:10:46.413+0000] {dag.py:2915} INFO - Sync 1 DAGs
[2023-10-11T07:10:46.422+0000] {logging_mixin.py:151} INFO - [2023-10-11T07:10:46.422+0000] {dag.py:3696} INFO - Setting next_dagrun for example_time_delta_sensor_async to None, run_after=None
[2023-10-11T07:10:46.432+0000] {processor.py:179} INFO - Processing /home/airflow/.local/lib/python3.8/site-packages/airflow/example_dags/example_time_delta_sensor_async.py took 0.048 seconds
[2023-10-11T07:11:16.887+0000] {processor.py:157} INFO - Started process (PID=4844) to work on /home/airflow/.local/lib/python3.8/site-packages/airflow/example_dags/example_time_delta_sensor_async.py
[2023-10-11T07:11:16.893+0000] {processor.py:829} INFO - Processing file /home/airflow/.local/lib/python3.8/site-packages/airflow/example_dags/example_time_delta_sensor_async.py for tasks to queue
[2023-10-11T07:11:16.895+0000] {logging_mixin.py:151} INFO - [2023-10-11T07:11:16.895+0000] {dagbag.py:539} INFO - Filling up the DagBag from /home/airflow/.local/lib/python3.8/site-packages/airflow/example_dags/example_time_delta_sensor_async.py
[2023-10-11T07:11:16.899+0000] {processor.py:839} INFO - DAG(s) dict_keys(['example_time_delta_sensor_async']) retrieved from /home/airflow/.local/lib/python3.8/site-packages/airflow/example_dags/example_time_delta_sensor_async.py
[2023-10-11T07:11:16.918+0000] {logging_mixin.py:151} INFO - [2023-10-11T07:11:16.918+0000] {dag.py:2915} INFO - Sync 1 DAGs
[2023-10-11T07:11:16.928+0000] {logging_mixin.py:151} INFO - [2023-10-11T07:11:16.928+0000] {dag.py:3696} INFO - Setting next_dagrun for example_time_delta_sensor_async to None, run_after=None
[2023-10-11T07:11:16.940+0000] {processor.py:179} INFO - Processing /home/airflow/.local/lib/python3.8/site-packages/airflow/example_dags/example_time_delta_sensor_async.py took 0.064 seconds
[2023-10-11T07:11:47.002+0000] {processor.py:157} INFO - Started process (PID=5087) to work on /home/airflow/.local/lib/python3.8/site-packages/airflow/example_dags/example_time_delta_sensor_async.py
[2023-10-11T07:11:47.003+0000] {processor.py:829} INFO - Processing file /home/airflow/.local/lib/python3.8/site-packages/airflow/example_dags/example_time_delta_sensor_async.py for tasks to queue
[2023-10-11T07:11:47.003+0000] {logging_mixin.py:151} INFO - [2023-10-11T07:11:47.003+0000] {dagbag.py:539} INFO - Filling up the DagBag from /home/airflow/.local/lib/python3.8/site-packages/airflow/example_dags/example_time_delta_sensor_async.py
[2023-10-11T07:11:47.007+0000] {processor.py:839} INFO - DAG(s) dict_keys(['example_time_delta_sensor_async']) retrieved from /home/airflow/.local/lib/python3.8/site-packages/airflow/example_dags/example_time_delta_sensor_async.py
[2023-10-11T07:11:47.021+0000] {logging_mixin.py:151} INFO - [2023-10-11T07:11:47.021+0000] {dag.py:2915} INFO - Sync 1 DAGs
[2023-10-11T07:11:47.029+0000] {logging_mixin.py:151} INFO - [2023-10-11T07:11:47.029+0000] {dag.py:3696} INFO - Setting next_dagrun for example_time_delta_sensor_async to None, run_after=None
[2023-10-11T07:11:47.039+0000] {processor.py:179} INFO - Processing /home/airflow/.local/lib/python3.8/site-packages/airflow/example_dags/example_time_delta_sensor_async.py took 0.039 seconds
[2023-10-11T07:12:17.751+0000] {processor.py:157} INFO - Started process (PID=5330) to work on /home/airflow/.local/lib/python3.8/site-packages/airflow/example_dags/example_time_delta_sensor_async.py
[2023-10-11T07:12:17.764+0000] {processor.py:829} INFO - Processing file /home/airflow/.local/lib/python3.8/site-packages/airflow/example_dags/example_time_delta_sensor_async.py for tasks to queue
[2023-10-11T07:12:17.776+0000] {logging_mixin.py:151} INFO - [2023-10-11T07:12:17.776+0000] {dagbag.py:539} INFO - Filling up the DagBag from /home/airflow/.local/lib/python3.8/site-packages/airflow/example_dags/example_time_delta_sensor_async.py
[2023-10-11T07:12:17.780+0000] {processor.py:839} INFO - DAG(s) dict_keys(['example_time_delta_sensor_async']) retrieved from /home/airflow/.local/lib/python3.8/site-packages/airflow/example_dags/example_time_delta_sensor_async.py
[2023-10-11T07:12:17.796+0000] {logging_mixin.py:151} INFO - [2023-10-11T07:12:17.796+0000] {dag.py:2915} INFO - Sync 1 DAGs
[2023-10-11T07:12:17.803+0000] {logging_mixin.py:151} INFO - [2023-10-11T07:12:17.803+0000] {dag.py:3696} INFO - Setting next_dagrun for example_time_delta_sensor_async to None, run_after=None
[2023-10-11T07:12:17.814+0000] {processor.py:179} INFO - Processing /home/airflow/.local/lib/python3.8/site-packages/airflow/example_dags/example_time_delta_sensor_async.py took 0.066 seconds
[2023-10-11T07:12:47.906+0000] {processor.py:157} INFO - Started process (PID=5573) to work on /home/airflow/.local/lib/python3.8/site-packages/airflow/example_dags/example_time_delta_sensor_async.py
[2023-10-11T07:12:47.907+0000] {processor.py:829} INFO - Processing file /home/airflow/.local/lib/python3.8/site-packages/airflow/example_dags/example_time_delta_sensor_async.py for tasks to queue
[2023-10-11T07:12:47.908+0000] {logging_mixin.py:151} INFO - [2023-10-11T07:12:47.907+0000] {dagbag.py:539} INFO - Filling up the DagBag from /home/airflow/.local/lib/python3.8/site-packages/airflow/example_dags/example_time_delta_sensor_async.py
[2023-10-11T07:12:47.911+0000] {processor.py:839} INFO - DAG(s) dict_keys(['example_time_delta_sensor_async']) retrieved from /home/airflow/.local/lib/python3.8/site-packages/airflow/example_dags/example_time_delta_sensor_async.py
[2023-10-11T07:12:47.929+0000] {logging_mixin.py:151} INFO - [2023-10-11T07:12:47.929+0000] {dag.py:2915} INFO - Sync 1 DAGs
[2023-10-11T07:12:47.937+0000] {logging_mixin.py:151} INFO - [2023-10-11T07:12:47.937+0000] {dag.py:3696} INFO - Setting next_dagrun for example_time_delta_sensor_async to None, run_after=None
[2023-10-11T07:12:47.946+0000] {processor.py:179} INFO - Processing /home/airflow/.local/lib/python3.8/site-packages/airflow/example_dags/example_time_delta_sensor_async.py took 0.042 seconds
[2023-10-11T07:13:18.583+0000] {processor.py:157} INFO - Started process (PID=5816) to work on /home/airflow/.local/lib/python3.8/site-packages/airflow/example_dags/example_time_delta_sensor_async.py
[2023-10-11T07:13:18.584+0000] {processor.py:829} INFO - Processing file /home/airflow/.local/lib/python3.8/site-packages/airflow/example_dags/example_time_delta_sensor_async.py for tasks to queue
[2023-10-11T07:13:18.585+0000] {logging_mixin.py:151} INFO - [2023-10-11T07:13:18.585+0000] {dagbag.py:539} INFO - Filling up the DagBag from /home/airflow/.local/lib/python3.8/site-packages/airflow/example_dags/example_time_delta_sensor_async.py
[2023-10-11T07:13:18.588+0000] {processor.py:839} INFO - DAG(s) dict_keys(['example_time_delta_sensor_async']) retrieved from /home/airflow/.local/lib/python3.8/site-packages/airflow/example_dags/example_time_delta_sensor_async.py
[2023-10-11T07:13:18.606+0000] {logging_mixin.py:151} INFO - [2023-10-11T07:13:18.606+0000] {dag.py:2915} INFO - Sync 1 DAGs
[2023-10-11T07:13:18.619+0000] {logging_mixin.py:151} INFO - [2023-10-11T07:13:18.619+0000] {dag.py:3696} INFO - Setting next_dagrun for example_time_delta_sensor_async to None, run_after=None
[2023-10-11T07:13:18.630+0000] {processor.py:179} INFO - Processing /home/airflow/.local/lib/python3.8/site-packages/airflow/example_dags/example_time_delta_sensor_async.py took 0.050 seconds
[2023-10-11T07:13:49.238+0000] {processor.py:157} INFO - Started process (PID=6059) to work on /home/airflow/.local/lib/python3.8/site-packages/airflow/example_dags/example_time_delta_sensor_async.py
[2023-10-11T07:13:49.239+0000] {processor.py:829} INFO - Processing file /home/airflow/.local/lib/python3.8/site-packages/airflow/example_dags/example_time_delta_sensor_async.py for tasks to queue
[2023-10-11T07:13:49.240+0000] {logging_mixin.py:151} INFO - [2023-10-11T07:13:49.240+0000] {dagbag.py:539} INFO - Filling up the DagBag from /home/airflow/.local/lib/python3.8/site-packages/airflow/example_dags/example_time_delta_sensor_async.py
[2023-10-11T07:13:49.244+0000] {processor.py:839} INFO - DAG(s) dict_keys(['example_time_delta_sensor_async']) retrieved from /home/airflow/.local/lib/python3.8/site-packages/airflow/example_dags/example_time_delta_sensor_async.py
[2023-10-11T07:13:49.278+0000] {logging_mixin.py:151} INFO - [2023-10-11T07:13:49.277+0000] {dag.py:2915} INFO - Sync 1 DAGs
[2023-10-11T07:13:49.287+0000] {logging_mixin.py:151} INFO - [2023-10-11T07:13:49.286+0000] {dag.py:3696} INFO - Setting next_dagrun for example_time_delta_sensor_async to None, run_after=None
[2023-10-11T07:13:49.298+0000] {processor.py:179} INFO - Processing /home/airflow/.local/lib/python3.8/site-packages/airflow/example_dags/example_time_delta_sensor_async.py took 0.063 seconds
[2023-10-11T07:14:19.697+0000] {processor.py:157} INFO - Started process (PID=6302) to work on /home/airflow/.local/lib/python3.8/site-packages/airflow/example_dags/example_time_delta_sensor_async.py
[2023-10-11T07:14:19.698+0000] {processor.py:829} INFO - Processing file /home/airflow/.local/lib/python3.8/site-packages/airflow/example_dags/example_time_delta_sensor_async.py for tasks to queue
[2023-10-11T07:14:19.700+0000] {logging_mixin.py:151} INFO - [2023-10-11T07:14:19.699+0000] {dagbag.py:539} INFO - Filling up the DagBag from /home/airflow/.local/lib/python3.8/site-packages/airflow/example_dags/example_time_delta_sensor_async.py
[2023-10-11T07:14:19.704+0000] {processor.py:839} INFO - DAG(s) dict_keys(['example_time_delta_sensor_async']) retrieved from /home/airflow/.local/lib/python3.8/site-packages/airflow/example_dags/example_time_delta_sensor_async.py
[2023-10-11T07:14:19.722+0000] {logging_mixin.py:151} INFO - [2023-10-11T07:14:19.722+0000] {dag.py:2915} INFO - Sync 1 DAGs
[2023-10-11T07:14:19.731+0000] {logging_mixin.py:151} INFO - [2023-10-11T07:14:19.731+0000] {dag.py:3696} INFO - Setting next_dagrun for example_time_delta_sensor_async to None, run_after=None
[2023-10-11T07:14:19.744+0000] {processor.py:179} INFO - Processing /home/airflow/.local/lib/python3.8/site-packages/airflow/example_dags/example_time_delta_sensor_async.py took 0.049 seconds
[2023-10-11T07:14:50.185+0000] {processor.py:157} INFO - Started process (PID=6545) to work on /home/airflow/.local/lib/python3.8/site-packages/airflow/example_dags/example_time_delta_sensor_async.py
[2023-10-11T07:14:50.186+0000] {processor.py:829} INFO - Processing file /home/airflow/.local/lib/python3.8/site-packages/airflow/example_dags/example_time_delta_sensor_async.py for tasks to queue
[2023-10-11T07:14:50.187+0000] {logging_mixin.py:151} INFO - [2023-10-11T07:14:50.187+0000] {dagbag.py:539} INFO - Filling up the DagBag from /home/airflow/.local/lib/python3.8/site-packages/airflow/example_dags/example_time_delta_sensor_async.py
[2023-10-11T07:14:50.191+0000] {processor.py:839} INFO - DAG(s) dict_keys(['example_time_delta_sensor_async']) retrieved from /home/airflow/.local/lib/python3.8/site-packages/airflow/example_dags/example_time_delta_sensor_async.py
[2023-10-11T07:14:50.205+0000] {logging_mixin.py:151} INFO - [2023-10-11T07:14:50.205+0000] {dag.py:2915} INFO - Sync 1 DAGs
[2023-10-11T07:14:50.212+0000] {logging_mixin.py:151} INFO - [2023-10-11T07:14:50.212+0000] {dag.py:3696} INFO - Setting next_dagrun for example_time_delta_sensor_async to None, run_after=None
[2023-10-11T07:14:50.223+0000] {processor.py:179} INFO - Processing /home/airflow/.local/lib/python3.8/site-packages/airflow/example_dags/example_time_delta_sensor_async.py took 0.041 seconds
[2023-10-11T07:15:20.547+0000] {processor.py:157} INFO - Started process (PID=6788) to work on /home/airflow/.local/lib/python3.8/site-packages/airflow/example_dags/example_time_delta_sensor_async.py
[2023-10-11T07:15:20.557+0000] {processor.py:829} INFO - Processing file /home/airflow/.local/lib/python3.8/site-packages/airflow/example_dags/example_time_delta_sensor_async.py for tasks to queue
[2023-10-11T07:15:20.567+0000] {logging_mixin.py:151} INFO - [2023-10-11T07:15:20.566+0000] {dagbag.py:539} INFO - Filling up the DagBag from /home/airflow/.local/lib/python3.8/site-packages/airflow/example_dags/example_time_delta_sensor_async.py
[2023-10-11T07:15:20.571+0000] {processor.py:839} INFO - DAG(s) dict_keys(['example_time_delta_sensor_async']) retrieved from /home/airflow/.local/lib/python3.8/site-packages/airflow/example_dags/example_time_delta_sensor_async.py
[2023-10-11T07:15:20.586+0000] {logging_mixin.py:151} INFO - [2023-10-11T07:15:20.586+0000] {dag.py:2915} INFO - Sync 1 DAGs
[2023-10-11T07:15:20.593+0000] {logging_mixin.py:151} INFO - [2023-10-11T07:15:20.593+0000] {dag.py:3696} INFO - Setting next_dagrun for example_time_delta_sensor_async to None, run_after=None
[2023-10-11T07:15:20.604+0000] {processor.py:179} INFO - Processing /home/airflow/.local/lib/python3.8/site-packages/airflow/example_dags/example_time_delta_sensor_async.py took 0.059 seconds
[2023-10-11T07:15:51.288+0000] {processor.py:157} INFO - Started process (PID=7031) to work on /home/airflow/.local/lib/python3.8/site-packages/airflow/example_dags/example_time_delta_sensor_async.py
[2023-10-11T07:15:51.289+0000] {processor.py:829} INFO - Processing file /home/airflow/.local/lib/python3.8/site-packages/airflow/example_dags/example_time_delta_sensor_async.py for tasks to queue
[2023-10-11T07:15:51.290+0000] {logging_mixin.py:151} INFO - [2023-10-11T07:15:51.290+0000] {dagbag.py:539} INFO - Filling up the DagBag from /home/airflow/.local/lib/python3.8/site-packages/airflow/example_dags/example_time_delta_sensor_async.py
[2023-10-11T07:15:51.294+0000] {processor.py:839} INFO - DAG(s) dict_keys(['example_time_delta_sensor_async']) retrieved from /home/airflow/.local/lib/python3.8/site-packages/airflow/example_dags/example_time_delta_sensor_async.py
[2023-10-11T07:15:51.329+0000] {logging_mixin.py:151} INFO - [2023-10-11T07:15:51.328+0000] {dag.py:2915} INFO - Sync 1 DAGs
[2023-10-11T07:15:51.344+0000] {logging_mixin.py:151} INFO - [2023-10-11T07:15:51.343+0000] {dag.py:3696} INFO - Setting next_dagrun for example_time_delta_sensor_async to None, run_after=None
[2023-10-11T07:15:51.406+0000] {processor.py:179} INFO - Processing /home/airflow/.local/lib/python3.8/site-packages/airflow/example_dags/example_time_delta_sensor_async.py took 0.120 seconds
[2023-10-11T07:16:21.925+0000] {processor.py:157} INFO - Started process (PID=7274) to work on /home/airflow/.local/lib/python3.8/site-packages/airflow/example_dags/example_time_delta_sensor_async.py
[2023-10-11T07:16:21.926+0000] {processor.py:829} INFO - Processing file /home/airflow/.local/lib/python3.8/site-packages/airflow/example_dags/example_time_delta_sensor_async.py for tasks to queue
[2023-10-11T07:16:21.927+0000] {logging_mixin.py:151} INFO - [2023-10-11T07:16:21.927+0000] {dagbag.py:539} INFO - Filling up the DagBag from /home/airflow/.local/lib/python3.8/site-packages/airflow/example_dags/example_time_delta_sensor_async.py
[2023-10-11T07:16:21.931+0000] {processor.py:839} INFO - DAG(s) dict_keys(['example_time_delta_sensor_async']) retrieved from /home/airflow/.local/lib/python3.8/site-packages/airflow/example_dags/example_time_delta_sensor_async.py
[2023-10-11T07:16:21.963+0000] {logging_mixin.py:151} INFO - [2023-10-11T07:16:21.963+0000] {dag.py:2915} INFO - Sync 1 DAGs
[2023-10-11T07:16:21.997+0000] {logging_mixin.py:151} INFO - [2023-10-11T07:16:21.996+0000] {dag.py:3696} INFO - Setting next_dagrun for example_time_delta_sensor_async to None, run_after=None
[2023-10-11T07:16:22.008+0000] {processor.py:179} INFO - Processing /home/airflow/.local/lib/python3.8/site-packages/airflow/example_dags/example_time_delta_sensor_async.py took 0.087 seconds
[2023-10-11T07:16:52.853+0000] {processor.py:157} INFO - Started process (PID=7517) to work on /home/airflow/.local/lib/python3.8/site-packages/airflow/example_dags/example_time_delta_sensor_async.py
[2023-10-11T07:16:52.857+0000] {processor.py:829} INFO - Processing file /home/airflow/.local/lib/python3.8/site-packages/airflow/example_dags/example_time_delta_sensor_async.py for tasks to queue
[2023-10-11T07:16:52.862+0000] {logging_mixin.py:151} INFO - [2023-10-11T07:16:52.861+0000] {dagbag.py:539} INFO - Filling up the DagBag from /home/airflow/.local/lib/python3.8/site-packages/airflow/example_dags/example_time_delta_sensor_async.py
[2023-10-11T07:16:52.877+0000] {processor.py:839} INFO - DAG(s) dict_keys(['example_time_delta_sensor_async']) retrieved from /home/airflow/.local/lib/python3.8/site-packages/airflow/example_dags/example_time_delta_sensor_async.py
[2023-10-11T07:16:52.911+0000] {logging_mixin.py:151} INFO - [2023-10-11T07:16:52.911+0000] {dag.py:2915} INFO - Sync 1 DAGs
[2023-10-11T07:16:52.926+0000] {logging_mixin.py:151} INFO - [2023-10-11T07:16:52.926+0000] {dag.py:3696} INFO - Setting next_dagrun for example_time_delta_sensor_async to None, run_after=None
[2023-10-11T07:16:52.954+0000] {processor.py:179} INFO - Processing /home/airflow/.local/lib/python3.8/site-packages/airflow/example_dags/example_time_delta_sensor_async.py took 0.109 seconds
[2023-10-11T07:17:23.586+0000] {processor.py:157} INFO - Started process (PID=7760) to work on /home/airflow/.local/lib/python3.8/site-packages/airflow/example_dags/example_time_delta_sensor_async.py
[2023-10-11T07:17:23.588+0000] {processor.py:829} INFO - Processing file /home/airflow/.local/lib/python3.8/site-packages/airflow/example_dags/example_time_delta_sensor_async.py for tasks to queue
[2023-10-11T07:17:23.589+0000] {logging_mixin.py:151} INFO - [2023-10-11T07:17:23.589+0000] {dagbag.py:539} INFO - Filling up the DagBag from /home/airflow/.local/lib/python3.8/site-packages/airflow/example_dags/example_time_delta_sensor_async.py
[2023-10-11T07:17:23.598+0000] {processor.py:839} INFO - DAG(s) dict_keys(['example_time_delta_sensor_async']) retrieved from /home/airflow/.local/lib/python3.8/site-packages/airflow/example_dags/example_time_delta_sensor_async.py
[2023-10-11T07:17:23.626+0000] {logging_mixin.py:151} INFO - [2023-10-11T07:17:23.625+0000] {dag.py:2915} INFO - Sync 1 DAGs
[2023-10-11T07:17:23.638+0000] {logging_mixin.py:151} INFO - [2023-10-11T07:17:23.638+0000] {dag.py:3696} INFO - Setting next_dagrun for example_time_delta_sensor_async to None, run_after=None
[2023-10-11T07:17:23.681+0000] {processor.py:179} INFO - Processing /home/airflow/.local/lib/python3.8/site-packages/airflow/example_dags/example_time_delta_sensor_async.py took 0.104 seconds
[2023-10-11T07:17:55.099+0000] {processor.py:157} INFO - Started process (PID=8001) to work on /home/airflow/.local/lib/python3.8/site-packages/airflow/example_dags/example_time_delta_sensor_async.py
[2023-10-11T07:17:55.102+0000] {processor.py:829} INFO - Processing file /home/airflow/.local/lib/python3.8/site-packages/airflow/example_dags/example_time_delta_sensor_async.py for tasks to queue
[2023-10-11T07:17:55.106+0000] {logging_mixin.py:151} INFO - [2023-10-11T07:17:55.104+0000] {dagbag.py:539} INFO - Filling up the DagBag from /home/airflow/.local/lib/python3.8/site-packages/airflow/example_dags/example_time_delta_sensor_async.py
[2023-10-11T07:17:55.123+0000] {processor.py:839} INFO - DAG(s) dict_keys(['example_time_delta_sensor_async']) retrieved from /home/airflow/.local/lib/python3.8/site-packages/airflow/example_dags/example_time_delta_sensor_async.py
[2023-10-11T07:17:55.195+0000] {logging_mixin.py:151} INFO - [2023-10-11T07:17:55.194+0000] {dag.py:2915} INFO - Sync 1 DAGs
[2023-10-11T07:17:55.279+0000] {logging_mixin.py:151} INFO - [2023-10-11T07:17:55.250+0000] {dag.py:3696} INFO - Setting next_dagrun for example_time_delta_sensor_async to None, run_after=None
[2023-10-11T07:17:55.521+0000] {processor.py:179} INFO - Processing /home/airflow/.local/lib/python3.8/site-packages/airflow/example_dags/example_time_delta_sensor_async.py took 0.433 seconds
[2023-10-11T07:18:25.629+0000] {processor.py:157} INFO - Started process (PID=8246) to work on /home/airflow/.local/lib/python3.8/site-packages/airflow/example_dags/example_time_delta_sensor_async.py
[2023-10-11T07:18:25.631+0000] {processor.py:829} INFO - Processing file /home/airflow/.local/lib/python3.8/site-packages/airflow/example_dags/example_time_delta_sensor_async.py for tasks to queue
[2023-10-11T07:18:25.632+0000] {logging_mixin.py:151} INFO - [2023-10-11T07:18:25.631+0000] {dagbag.py:539} INFO - Filling up the DagBag from /home/airflow/.local/lib/python3.8/site-packages/airflow/example_dags/example_time_delta_sensor_async.py
[2023-10-11T07:18:25.637+0000] {processor.py:839} INFO - DAG(s) dict_keys(['example_time_delta_sensor_async']) retrieved from /home/airflow/.local/lib/python3.8/site-packages/airflow/example_dags/example_time_delta_sensor_async.py
[2023-10-11T07:18:25.677+0000] {logging_mixin.py:151} INFO - [2023-10-11T07:18:25.676+0000] {dag.py:2915} INFO - Sync 1 DAGs
[2023-10-11T07:18:25.686+0000] {logging_mixin.py:151} INFO - [2023-10-11T07:18:25.686+0000] {dag.py:3696} INFO - Setting next_dagrun for example_time_delta_sensor_async to None, run_after=None
[2023-10-11T07:18:25.698+0000] {processor.py:179} INFO - Processing /home/airflow/.local/lib/python3.8/site-packages/airflow/example_dags/example_time_delta_sensor_async.py took 0.072 seconds
[2023-10-11T07:18:56.174+0000] {processor.py:157} INFO - Started process (PID=8489) to work on /home/airflow/.local/lib/python3.8/site-packages/airflow/example_dags/example_time_delta_sensor_async.py
[2023-10-11T07:18:56.175+0000] {processor.py:829} INFO - Processing file /home/airflow/.local/lib/python3.8/site-packages/airflow/example_dags/example_time_delta_sensor_async.py for tasks to queue
[2023-10-11T07:18:56.175+0000] {logging_mixin.py:151} INFO - [2023-10-11T07:18:56.175+0000] {dagbag.py:539} INFO - Filling up the DagBag from /home/airflow/.local/lib/python3.8/site-packages/airflow/example_dags/example_time_delta_sensor_async.py
[2023-10-11T07:18:56.179+0000] {processor.py:839} INFO - DAG(s) dict_keys(['example_time_delta_sensor_async']) retrieved from /home/airflow/.local/lib/python3.8/site-packages/airflow/example_dags/example_time_delta_sensor_async.py
[2023-10-11T07:18:56.193+0000] {logging_mixin.py:151} INFO - [2023-10-11T07:18:56.193+0000] {dag.py:2915} INFO - Sync 1 DAGs
[2023-10-11T07:18:56.201+0000] {logging_mixin.py:151} INFO - [2023-10-11T07:18:56.201+0000] {dag.py:3696} INFO - Setting next_dagrun for example_time_delta_sensor_async to None, run_after=None
[2023-10-11T07:18:56.214+0000] {processor.py:179} INFO - Processing /home/airflow/.local/lib/python3.8/site-packages/airflow/example_dags/example_time_delta_sensor_async.py took 0.043 seconds
[2023-10-11T07:19:26.327+0000] {processor.py:157} INFO - Started process (PID=8732) to work on /home/airflow/.local/lib/python3.8/site-packages/airflow/example_dags/example_time_delta_sensor_async.py
[2023-10-11T07:19:26.328+0000] {processor.py:829} INFO - Processing file /home/airflow/.local/lib/python3.8/site-packages/airflow/example_dags/example_time_delta_sensor_async.py for tasks to queue
[2023-10-11T07:19:26.329+0000] {logging_mixin.py:151} INFO - [2023-10-11T07:19:26.328+0000] {dagbag.py:539} INFO - Filling up the DagBag from /home/airflow/.local/lib/python3.8/site-packages/airflow/example_dags/example_time_delta_sensor_async.py
[2023-10-11T07:19:26.332+0000] {processor.py:839} INFO - DAG(s) dict_keys(['example_time_delta_sensor_async']) retrieved from /home/airflow/.local/lib/python3.8/site-packages/airflow/example_dags/example_time_delta_sensor_async.py
[2023-10-11T07:19:26.367+0000] {logging_mixin.py:151} INFO - [2023-10-11T07:19:26.367+0000] {dag.py:2915} INFO - Sync 1 DAGs
[2023-10-11T07:19:26.379+0000] {logging_mixin.py:151} INFO - [2023-10-11T07:19:26.379+0000] {dag.py:3696} INFO - Setting next_dagrun for example_time_delta_sensor_async to None, run_after=None
[2023-10-11T07:19:26.388+0000] {processor.py:179} INFO - Processing /home/airflow/.local/lib/python3.8/site-packages/airflow/example_dags/example_time_delta_sensor_async.py took 0.063 seconds
[2023-10-11T07:19:57.188+0000] {processor.py:157} INFO - Started process (PID=8975) to work on /home/airflow/.local/lib/python3.8/site-packages/airflow/example_dags/example_time_delta_sensor_async.py
[2023-10-11T07:19:57.190+0000] {processor.py:829} INFO - Processing file /home/airflow/.local/lib/python3.8/site-packages/airflow/example_dags/example_time_delta_sensor_async.py for tasks to queue
[2023-10-11T07:19:57.191+0000] {logging_mixin.py:151} INFO - [2023-10-11T07:19:57.191+0000] {dagbag.py:539} INFO - Filling up the DagBag from /home/airflow/.local/lib/python3.8/site-packages/airflow/example_dags/example_time_delta_sensor_async.py
[2023-10-11T07:19:57.197+0000] {processor.py:839} INFO - DAG(s) dict_keys(['example_time_delta_sensor_async']) retrieved from /home/airflow/.local/lib/python3.8/site-packages/airflow/example_dags/example_time_delta_sensor_async.py
[2023-10-11T07:19:57.224+0000] {logging_mixin.py:151} INFO - [2023-10-11T07:19:57.224+0000] {dag.py:2915} INFO - Sync 1 DAGs
[2023-10-11T07:19:57.240+0000] {logging_mixin.py:151} INFO - [2023-10-11T07:19:57.239+0000] {dag.py:3696} INFO - Setting next_dagrun for example_time_delta_sensor_async to None, run_after=None
[2023-10-11T07:19:57.279+0000] {processor.py:179} INFO - Processing /home/airflow/.local/lib/python3.8/site-packages/airflow/example_dags/example_time_delta_sensor_async.py took 0.099 seconds
[2023-10-11T07:20:27.401+0000] {processor.py:157} INFO - Started process (PID=9218) to work on /home/airflow/.local/lib/python3.8/site-packages/airflow/example_dags/example_time_delta_sensor_async.py
[2023-10-11T07:20:27.402+0000] {processor.py:829} INFO - Processing file /home/airflow/.local/lib/python3.8/site-packages/airflow/example_dags/example_time_delta_sensor_async.py for tasks to queue
[2023-10-11T07:20:27.403+0000] {logging_mixin.py:151} INFO - [2023-10-11T07:20:27.402+0000] {dagbag.py:539} INFO - Filling up the DagBag from /home/airflow/.local/lib/python3.8/site-packages/airflow/example_dags/example_time_delta_sensor_async.py
[2023-10-11T07:20:27.407+0000] {processor.py:839} INFO - DAG(s) dict_keys(['example_time_delta_sensor_async']) retrieved from /home/airflow/.local/lib/python3.8/site-packages/airflow/example_dags/example_time_delta_sensor_async.py
[2023-10-11T07:20:27.430+0000] {logging_mixin.py:151} INFO - [2023-10-11T07:20:27.430+0000] {dag.py:2915} INFO - Sync 1 DAGs
[2023-10-11T07:20:27.446+0000] {logging_mixin.py:151} INFO - [2023-10-11T07:20:27.446+0000] {dag.py:3696} INFO - Setting next_dagrun for example_time_delta_sensor_async to None, run_after=None
[2023-10-11T07:20:27.481+0000] {processor.py:179} INFO - Processing /home/airflow/.local/lib/python3.8/site-packages/airflow/example_dags/example_time_delta_sensor_async.py took 0.085 seconds
[2023-10-11T07:20:58.329+0000] {processor.py:157} INFO - Started process (PID=9461) to work on /home/airflow/.local/lib/python3.8/site-packages/airflow/example_dags/example_time_delta_sensor_async.py
[2023-10-11T07:20:58.330+0000] {processor.py:829} INFO - Processing file /home/airflow/.local/lib/python3.8/site-packages/airflow/example_dags/example_time_delta_sensor_async.py for tasks to queue
[2023-10-11T07:20:58.331+0000] {logging_mixin.py:151} INFO - [2023-10-11T07:20:58.331+0000] {dagbag.py:539} INFO - Filling up the DagBag from /home/airflow/.local/lib/python3.8/site-packages/airflow/example_dags/example_time_delta_sensor_async.py
[2023-10-11T07:20:58.336+0000] {processor.py:839} INFO - DAG(s) dict_keys(['example_time_delta_sensor_async']) retrieved from /home/airflow/.local/lib/python3.8/site-packages/airflow/example_dags/example_time_delta_sensor_async.py
[2023-10-11T07:20:58.376+0000] {logging_mixin.py:151} INFO - [2023-10-11T07:20:58.376+0000] {dag.py:2915} INFO - Sync 1 DAGs
[2023-10-11T07:20:58.391+0000] {logging_mixin.py:151} INFO - [2023-10-11T07:20:58.390+0000] {dag.py:3696} INFO - Setting next_dagrun for example_time_delta_sensor_async to None, run_after=None
[2023-10-11T07:20:58.406+0000] {processor.py:179} INFO - Processing /home/airflow/.local/lib/python3.8/site-packages/airflow/example_dags/example_time_delta_sensor_async.py took 0.081 seconds
[2023-10-11T07:21:29.088+0000] {processor.py:157} INFO - Started process (PID=9704) to work on /home/airflow/.local/lib/python3.8/site-packages/airflow/example_dags/example_time_delta_sensor_async.py
[2023-10-11T07:21:29.091+0000] {processor.py:829} INFO - Processing file /home/airflow/.local/lib/python3.8/site-packages/airflow/example_dags/example_time_delta_sensor_async.py for tasks to queue
[2023-10-11T07:21:29.093+0000] {logging_mixin.py:151} INFO - [2023-10-11T07:21:29.092+0000] {dagbag.py:539} INFO - Filling up the DagBag from /home/airflow/.local/lib/python3.8/site-packages/airflow/example_dags/example_time_delta_sensor_async.py
[2023-10-11T07:21:29.096+0000] {processor.py:839} INFO - DAG(s) dict_keys(['example_time_delta_sensor_async']) retrieved from /home/airflow/.local/lib/python3.8/site-packages/airflow/example_dags/example_time_delta_sensor_async.py
[2023-10-11T07:21:29.113+0000] {logging_mixin.py:151} INFO - [2023-10-11T07:21:29.113+0000] {dag.py:2915} INFO - Sync 1 DAGs
[2023-10-11T07:21:29.121+0000] {logging_mixin.py:151} INFO - [2023-10-11T07:21:29.121+0000] {dag.py:3696} INFO - Setting next_dagrun for example_time_delta_sensor_async to None, run_after=None
[2023-10-11T07:21:29.132+0000] {processor.py:179} INFO - Processing /home/airflow/.local/lib/python3.8/site-packages/airflow/example_dags/example_time_delta_sensor_async.py took 0.047 seconds
[2023-10-11T07:21:59.948+0000] {processor.py:157} INFO - Started process (PID=9947) to work on /home/airflow/.local/lib/python3.8/site-packages/airflow/example_dags/example_time_delta_sensor_async.py
[2023-10-11T07:21:59.950+0000] {processor.py:829} INFO - Processing file /home/airflow/.local/lib/python3.8/site-packages/airflow/example_dags/example_time_delta_sensor_async.py for tasks to queue
[2023-10-11T07:21:59.952+0000] {logging_mixin.py:151} INFO - [2023-10-11T07:21:59.951+0000] {dagbag.py:539} INFO - Filling up the DagBag from /home/airflow/.local/lib/python3.8/site-packages/airflow/example_dags/example_time_delta_sensor_async.py
[2023-10-11T07:21:59.959+0000] {processor.py:839} INFO - DAG(s) dict_keys(['example_time_delta_sensor_async']) retrieved from /home/airflow/.local/lib/python3.8/site-packages/airflow/example_dags/example_time_delta_sensor_async.py
[2023-10-11T07:21:59.988+0000] {logging_mixin.py:151} INFO - [2023-10-11T07:21:59.988+0000] {dag.py:2915} INFO - Sync 1 DAGs
[2023-10-11T07:22:00.001+0000] {logging_mixin.py:151} INFO - [2023-10-11T07:22:00.001+0000] {dag.py:3696} INFO - Setting next_dagrun for example_time_delta_sensor_async to None, run_after=None
[2023-10-11T07:22:00.032+0000] {processor.py:179} INFO - Processing /home/airflow/.local/lib/python3.8/site-packages/airflow/example_dags/example_time_delta_sensor_async.py took 0.089 seconds
[2023-10-11T07:22:30.972+0000] {processor.py:157} INFO - Started process (PID=10188) to work on /home/airflow/.local/lib/python3.8/site-packages/airflow/example_dags/example_time_delta_sensor_async.py
[2023-10-11T07:22:30.973+0000] {processor.py:829} INFO - Processing file /home/airflow/.local/lib/python3.8/site-packages/airflow/example_dags/example_time_delta_sensor_async.py for tasks to queue
[2023-10-11T07:22:30.973+0000] {logging_mixin.py:151} INFO - [2023-10-11T07:22:30.973+0000] {dagbag.py:539} INFO - Filling up the DagBag from /home/airflow/.local/lib/python3.8/site-packages/airflow/example_dags/example_time_delta_sensor_async.py
[2023-10-11T07:22:30.976+0000] {processor.py:839} INFO - DAG(s) dict_keys(['example_time_delta_sensor_async']) retrieved from /home/airflow/.local/lib/python3.8/site-packages/airflow/example_dags/example_time_delta_sensor_async.py
[2023-10-11T07:22:30.990+0000] {logging_mixin.py:151} INFO - [2023-10-11T07:22:30.990+0000] {dag.py:2915} INFO - Sync 1 DAGs
[2023-10-11T07:22:30.998+0000] {logging_mixin.py:151} INFO - [2023-10-11T07:22:30.998+0000] {dag.py:3696} INFO - Setting next_dagrun for example_time_delta_sensor_async to None, run_after=None
[2023-10-11T07:22:31.007+0000] {processor.py:179} INFO - Processing /home/airflow/.local/lib/python3.8/site-packages/airflow/example_dags/example_time_delta_sensor_async.py took 0.037 seconds
[2023-10-11T07:23:01.287+0000] {processor.py:157} INFO - Started process (PID=10433) to work on /home/airflow/.local/lib/python3.8/site-packages/airflow/example_dags/example_time_delta_sensor_async.py
[2023-10-11T07:23:01.288+0000] {processor.py:829} INFO - Processing file /home/airflow/.local/lib/python3.8/site-packages/airflow/example_dags/example_time_delta_sensor_async.py for tasks to queue
[2023-10-11T07:23:01.289+0000] {logging_mixin.py:151} INFO - [2023-10-11T07:23:01.289+0000] {dagbag.py:539} INFO - Filling up the DagBag from /home/airflow/.local/lib/python3.8/site-packages/airflow/example_dags/example_time_delta_sensor_async.py
[2023-10-11T07:23:01.292+0000] {processor.py:839} INFO - DAG(s) dict_keys(['example_time_delta_sensor_async']) retrieved from /home/airflow/.local/lib/python3.8/site-packages/airflow/example_dags/example_time_delta_sensor_async.py
[2023-10-11T07:23:01.307+0000] {logging_mixin.py:151} INFO - [2023-10-11T07:23:01.307+0000] {dag.py:2915} INFO - Sync 1 DAGs
[2023-10-11T07:23:01.316+0000] {logging_mixin.py:151} INFO - [2023-10-11T07:23:01.316+0000] {dag.py:3696} INFO - Setting next_dagrun for example_time_delta_sensor_async to None, run_after=None
[2023-10-11T07:23:01.328+0000] {processor.py:179} INFO - Processing /home/airflow/.local/lib/python3.8/site-packages/airflow/example_dags/example_time_delta_sensor_async.py took 0.044 seconds
[2023-10-11T07:23:31.407+0000] {processor.py:157} INFO - Started process (PID=10674) to work on /home/airflow/.local/lib/python3.8/site-packages/airflow/example_dags/example_time_delta_sensor_async.py
[2023-10-11T07:23:31.409+0000] {processor.py:829} INFO - Processing file /home/airflow/.local/lib/python3.8/site-packages/airflow/example_dags/example_time_delta_sensor_async.py for tasks to queue
[2023-10-11T07:23:31.409+0000] {logging_mixin.py:151} INFO - [2023-10-11T07:23:31.409+0000] {dagbag.py:539} INFO - Filling up the DagBag from /home/airflow/.local/lib/python3.8/site-packages/airflow/example_dags/example_time_delta_sensor_async.py
[2023-10-11T07:23:31.413+0000] {processor.py:839} INFO - DAG(s) dict_keys(['example_time_delta_sensor_async']) retrieved from /home/airflow/.local/lib/python3.8/site-packages/airflow/example_dags/example_time_delta_sensor_async.py
[2023-10-11T07:23:31.427+0000] {logging_mixin.py:151} INFO - [2023-10-11T07:23:31.427+0000] {dag.py:2915} INFO - Sync 1 DAGs
[2023-10-11T07:23:31.435+0000] {logging_mixin.py:151} INFO - [2023-10-11T07:23:31.435+0000] {dag.py:3696} INFO - Setting next_dagrun for example_time_delta_sensor_async to None, run_after=None
[2023-10-11T07:23:31.448+0000] {processor.py:179} INFO - Processing /home/airflow/.local/lib/python3.8/site-packages/airflow/example_dags/example_time_delta_sensor_async.py took 0.043 seconds
[2023-10-11T07:24:01.591+0000] {processor.py:157} INFO - Started process (PID=10919) to work on /home/airflow/.local/lib/python3.8/site-packages/airflow/example_dags/example_time_delta_sensor_async.py
[2023-10-11T07:24:01.593+0000] {processor.py:829} INFO - Processing file /home/airflow/.local/lib/python3.8/site-packages/airflow/example_dags/example_time_delta_sensor_async.py for tasks to queue
[2023-10-11T07:24:01.594+0000] {logging_mixin.py:151} INFO - [2023-10-11T07:24:01.594+0000] {dagbag.py:539} INFO - Filling up the DagBag from /home/airflow/.local/lib/python3.8/site-packages/airflow/example_dags/example_time_delta_sensor_async.py
[2023-10-11T07:24:01.597+0000] {processor.py:839} INFO - DAG(s) dict_keys(['example_time_delta_sensor_async']) retrieved from /home/airflow/.local/lib/python3.8/site-packages/airflow/example_dags/example_time_delta_sensor_async.py
[2023-10-11T07:24:01.613+0000] {logging_mixin.py:151} INFO - [2023-10-11T07:24:01.612+0000] {dag.py:2915} INFO - Sync 1 DAGs
[2023-10-11T07:24:01.620+0000] {logging_mixin.py:151} INFO - [2023-10-11T07:24:01.620+0000] {dag.py:3696} INFO - Setting next_dagrun for example_time_delta_sensor_async to None, run_after=None
[2023-10-11T07:24:01.631+0000] {processor.py:179} INFO - Processing /home/airflow/.local/lib/python3.8/site-packages/airflow/example_dags/example_time_delta_sensor_async.py took 0.042 seconds
[2023-10-11T07:24:31.978+0000] {processor.py:157} INFO - Started process (PID=11160) to work on /home/airflow/.local/lib/python3.8/site-packages/airflow/example_dags/example_time_delta_sensor_async.py
[2023-10-11T07:24:31.979+0000] {processor.py:829} INFO - Processing file /home/airflow/.local/lib/python3.8/site-packages/airflow/example_dags/example_time_delta_sensor_async.py for tasks to queue
[2023-10-11T07:24:31.980+0000] {logging_mixin.py:151} INFO - [2023-10-11T07:24:31.980+0000] {dagbag.py:539} INFO - Filling up the DagBag from /home/airflow/.local/lib/python3.8/site-packages/airflow/example_dags/example_time_delta_sensor_async.py
[2023-10-11T07:24:31.983+0000] {processor.py:839} INFO - DAG(s) dict_keys(['example_time_delta_sensor_async']) retrieved from /home/airflow/.local/lib/python3.8/site-packages/airflow/example_dags/example_time_delta_sensor_async.py
[2023-10-11T07:24:32.000+0000] {logging_mixin.py:151} INFO - [2023-10-11T07:24:32.000+0000] {dag.py:2915} INFO - Sync 1 DAGs
[2023-10-11T07:24:32.008+0000] {logging_mixin.py:151} INFO - [2023-10-11T07:24:32.008+0000] {dag.py:3696} INFO - Setting next_dagrun for example_time_delta_sensor_async to None, run_after=None
[2023-10-11T07:24:32.018+0000] {processor.py:179} INFO - Processing /home/airflow/.local/lib/python3.8/site-packages/airflow/example_dags/example_time_delta_sensor_async.py took 0.043 seconds
[2023-10-11T07:25:02.180+0000] {processor.py:157} INFO - Started process (PID=11403) to work on /home/airflow/.local/lib/python3.8/site-packages/airflow/example_dags/example_time_delta_sensor_async.py
[2023-10-11T07:25:02.181+0000] {processor.py:829} INFO - Processing file /home/airflow/.local/lib/python3.8/site-packages/airflow/example_dags/example_time_delta_sensor_async.py for tasks to queue
[2023-10-11T07:25:02.182+0000] {logging_mixin.py:151} INFO - [2023-10-11T07:25:02.182+0000] {dagbag.py:539} INFO - Filling up the DagBag from /home/airflow/.local/lib/python3.8/site-packages/airflow/example_dags/example_time_delta_sensor_async.py
[2023-10-11T07:25:02.187+0000] {processor.py:839} INFO - DAG(s) dict_keys(['example_time_delta_sensor_async']) retrieved from /home/airflow/.local/lib/python3.8/site-packages/airflow/example_dags/example_time_delta_sensor_async.py
[2023-10-11T07:25:02.206+0000] {logging_mixin.py:151} INFO - [2023-10-11T07:25:02.205+0000] {dag.py:2915} INFO - Sync 1 DAGs
[2023-10-11T07:25:02.213+0000] {logging_mixin.py:151} INFO - [2023-10-11T07:25:02.213+0000] {dag.py:3696} INFO - Setting next_dagrun for example_time_delta_sensor_async to None, run_after=None
[2023-10-11T07:25:02.227+0000] {processor.py:179} INFO - Processing /home/airflow/.local/lib/python3.8/site-packages/airflow/example_dags/example_time_delta_sensor_async.py took 0.052 seconds
[2023-10-11T07:25:33.021+0000] {processor.py:157} INFO - Started process (PID=11648) to work on /home/airflow/.local/lib/python3.8/site-packages/airflow/example_dags/example_time_delta_sensor_async.py
[2023-10-11T07:25:33.023+0000] {processor.py:829} INFO - Processing file /home/airflow/.local/lib/python3.8/site-packages/airflow/example_dags/example_time_delta_sensor_async.py for tasks to queue
[2023-10-11T07:25:33.024+0000] {logging_mixin.py:151} INFO - [2023-10-11T07:25:33.024+0000] {dagbag.py:539} INFO - Filling up the DagBag from /home/airflow/.local/lib/python3.8/site-packages/airflow/example_dags/example_time_delta_sensor_async.py
[2023-10-11T07:25:33.030+0000] {processor.py:839} INFO - DAG(s) dict_keys(['example_time_delta_sensor_async']) retrieved from /home/airflow/.local/lib/python3.8/site-packages/airflow/example_dags/example_time_delta_sensor_async.py
[2023-10-11T07:25:33.077+0000] {logging_mixin.py:151} INFO - [2023-10-11T07:25:33.077+0000] {dag.py:2915} INFO - Sync 1 DAGs
[2023-10-11T07:25:33.090+0000] {logging_mixin.py:151} INFO - [2023-10-11T07:25:33.090+0000] {dag.py:3696} INFO - Setting next_dagrun for example_time_delta_sensor_async to None, run_after=None
[2023-10-11T07:25:33.106+0000] {processor.py:179} INFO - Processing /home/airflow/.local/lib/python3.8/site-packages/airflow/example_dags/example_time_delta_sensor_async.py took 0.096 seconds
[2023-10-11T07:26:03.393+0000] {processor.py:157} INFO - Started process (PID=11891) to work on /home/airflow/.local/lib/python3.8/site-packages/airflow/example_dags/example_time_delta_sensor_async.py
[2023-10-11T07:26:03.394+0000] {processor.py:829} INFO - Processing file /home/airflow/.local/lib/python3.8/site-packages/airflow/example_dags/example_time_delta_sensor_async.py for tasks to queue
[2023-10-11T07:26:03.396+0000] {logging_mixin.py:151} INFO - [2023-10-11T07:26:03.395+0000] {dagbag.py:539} INFO - Filling up the DagBag from /home/airflow/.local/lib/python3.8/site-packages/airflow/example_dags/example_time_delta_sensor_async.py
[2023-10-11T07:26:03.402+0000] {processor.py:839} INFO - DAG(s) dict_keys(['example_time_delta_sensor_async']) retrieved from /home/airflow/.local/lib/python3.8/site-packages/airflow/example_dags/example_time_delta_sensor_async.py
[2023-10-11T07:26:03.432+0000] {logging_mixin.py:151} INFO - [2023-10-11T07:26:03.432+0000] {dag.py:2915} INFO - Sync 1 DAGs
[2023-10-11T07:26:03.457+0000] {logging_mixin.py:151} INFO - [2023-10-11T07:26:03.456+0000] {dag.py:3696} INFO - Setting next_dagrun for example_time_delta_sensor_async to None, run_after=None
[2023-10-11T07:26:03.496+0000] {processor.py:179} INFO - Processing /home/airflow/.local/lib/python3.8/site-packages/airflow/example_dags/example_time_delta_sensor_async.py took 0.108 seconds
[2023-10-11T07:26:33.760+0000] {processor.py:157} INFO - Started process (PID=12134) to work on /home/airflow/.local/lib/python3.8/site-packages/airflow/example_dags/example_time_delta_sensor_async.py
[2023-10-11T07:26:33.767+0000] {processor.py:829} INFO - Processing file /home/airflow/.local/lib/python3.8/site-packages/airflow/example_dags/example_time_delta_sensor_async.py for tasks to queue
[2023-10-11T07:26:33.772+0000] {logging_mixin.py:151} INFO - [2023-10-11T07:26:33.771+0000] {dagbag.py:539} INFO - Filling up the DagBag from /home/airflow/.local/lib/python3.8/site-packages/airflow/example_dags/example_time_delta_sensor_async.py
[2023-10-11T07:26:33.777+0000] {processor.py:839} INFO - DAG(s) dict_keys(['example_time_delta_sensor_async']) retrieved from /home/airflow/.local/lib/python3.8/site-packages/airflow/example_dags/example_time_delta_sensor_async.py
[2023-10-11T07:26:33.791+0000] {logging_mixin.py:151} INFO - [2023-10-11T07:26:33.791+0000] {dag.py:2915} INFO - Sync 1 DAGs
[2023-10-11T07:26:33.799+0000] {logging_mixin.py:151} INFO - [2023-10-11T07:26:33.799+0000] {dag.py:3696} INFO - Setting next_dagrun for example_time_delta_sensor_async to None, run_after=None
[2023-10-11T07:26:33.815+0000] {processor.py:179} INFO - Processing /home/airflow/.local/lib/python3.8/site-packages/airflow/example_dags/example_time_delta_sensor_async.py took 0.058 seconds
[2023-10-11T07:27:04.376+0000] {processor.py:157} INFO - Started process (PID=12376) to work on /home/airflow/.local/lib/python3.8/site-packages/airflow/example_dags/example_time_delta_sensor_async.py
[2023-10-11T07:27:04.377+0000] {processor.py:829} INFO - Processing file /home/airflow/.local/lib/python3.8/site-packages/airflow/example_dags/example_time_delta_sensor_async.py for tasks to queue
[2023-10-11T07:27:04.378+0000] {logging_mixin.py:151} INFO - [2023-10-11T07:27:04.378+0000] {dagbag.py:539} INFO - Filling up the DagBag from /home/airflow/.local/lib/python3.8/site-packages/airflow/example_dags/example_time_delta_sensor_async.py
[2023-10-11T07:27:04.382+0000] {processor.py:839} INFO - DAG(s) dict_keys(['example_time_delta_sensor_async']) retrieved from /home/airflow/.local/lib/python3.8/site-packages/airflow/example_dags/example_time_delta_sensor_async.py
[2023-10-11T07:27:04.400+0000] {logging_mixin.py:151} INFO - [2023-10-11T07:27:04.400+0000] {dag.py:2915} INFO - Sync 1 DAGs
[2023-10-11T07:27:04.409+0000] {logging_mixin.py:151} INFO - [2023-10-11T07:27:04.409+0000] {dag.py:3696} INFO - Setting next_dagrun for example_time_delta_sensor_async to None, run_after=None
[2023-10-11T07:27:04.421+0000] {processor.py:179} INFO - Processing /home/airflow/.local/lib/python3.8/site-packages/airflow/example_dags/example_time_delta_sensor_async.py took 0.047 seconds
[2023-10-11T07:27:35.038+0000] {processor.py:157} INFO - Started process (PID=12620) to work on /home/airflow/.local/lib/python3.8/site-packages/airflow/example_dags/example_time_delta_sensor_async.py
[2023-10-11T07:27:35.039+0000] {processor.py:829} INFO - Processing file /home/airflow/.local/lib/python3.8/site-packages/airflow/example_dags/example_time_delta_sensor_async.py for tasks to queue
[2023-10-11T07:27:35.040+0000] {logging_mixin.py:151} INFO - [2023-10-11T07:27:35.040+0000] {dagbag.py:539} INFO - Filling up the DagBag from /home/airflow/.local/lib/python3.8/site-packages/airflow/example_dags/example_time_delta_sensor_async.py
[2023-10-11T07:27:35.043+0000] {processor.py:839} INFO - DAG(s) dict_keys(['example_time_delta_sensor_async']) retrieved from /home/airflow/.local/lib/python3.8/site-packages/airflow/example_dags/example_time_delta_sensor_async.py
[2023-10-11T07:27:35.075+0000] {logging_mixin.py:151} INFO - [2023-10-11T07:27:35.075+0000] {dag.py:2915} INFO - Sync 1 DAGs
[2023-10-11T07:27:35.082+0000] {logging_mixin.py:151} INFO - [2023-10-11T07:27:35.082+0000] {dag.py:3696} INFO - Setting next_dagrun for example_time_delta_sensor_async to None, run_after=None
[2023-10-11T07:27:35.091+0000] {processor.py:179} INFO - Processing /home/airflow/.local/lib/python3.8/site-packages/airflow/example_dags/example_time_delta_sensor_async.py took 0.055 seconds
[2023-10-11T07:28:05.193+0000] {processor.py:157} INFO - Started process (PID=12863) to work on /home/airflow/.local/lib/python3.8/site-packages/airflow/example_dags/example_time_delta_sensor_async.py
[2023-10-11T07:28:05.194+0000] {processor.py:829} INFO - Processing file /home/airflow/.local/lib/python3.8/site-packages/airflow/example_dags/example_time_delta_sensor_async.py for tasks to queue
[2023-10-11T07:28:05.194+0000] {logging_mixin.py:151} INFO - [2023-10-11T07:28:05.194+0000] {dagbag.py:539} INFO - Filling up the DagBag from /home/airflow/.local/lib/python3.8/site-packages/airflow/example_dags/example_time_delta_sensor_async.py
[2023-10-11T07:28:05.198+0000] {processor.py:839} INFO - DAG(s) dict_keys(['example_time_delta_sensor_async']) retrieved from /home/airflow/.local/lib/python3.8/site-packages/airflow/example_dags/example_time_delta_sensor_async.py
[2023-10-11T07:28:05.211+0000] {logging_mixin.py:151} INFO - [2023-10-11T07:28:05.211+0000] {dag.py:2915} INFO - Sync 1 DAGs
[2023-10-11T07:28:05.218+0000] {logging_mixin.py:151} INFO - [2023-10-11T07:28:05.217+0000] {dag.py:3696} INFO - Setting next_dagrun for example_time_delta_sensor_async to None, run_after=None
[2023-10-11T07:28:05.226+0000] {processor.py:179} INFO - Processing /home/airflow/.local/lib/python3.8/site-packages/airflow/example_dags/example_time_delta_sensor_async.py took 0.035 seconds
[2023-10-11T07:28:35.567+0000] {processor.py:157} INFO - Started process (PID=13106) to work on /home/airflow/.local/lib/python3.8/site-packages/airflow/example_dags/example_time_delta_sensor_async.py
[2023-10-11T07:28:35.572+0000] {processor.py:829} INFO - Processing file /home/airflow/.local/lib/python3.8/site-packages/airflow/example_dags/example_time_delta_sensor_async.py for tasks to queue
[2023-10-11T07:28:35.574+0000] {logging_mixin.py:151} INFO - [2023-10-11T07:28:35.573+0000] {dagbag.py:539} INFO - Filling up the DagBag from /home/airflow/.local/lib/python3.8/site-packages/airflow/example_dags/example_time_delta_sensor_async.py
[2023-10-11T07:28:35.577+0000] {processor.py:839} INFO - DAG(s) dict_keys(['example_time_delta_sensor_async']) retrieved from /home/airflow/.local/lib/python3.8/site-packages/airflow/example_dags/example_time_delta_sensor_async.py
[2023-10-11T07:28:35.592+0000] {logging_mixin.py:151} INFO - [2023-10-11T07:28:35.591+0000] {dag.py:2915} INFO - Sync 1 DAGs
[2023-10-11T07:28:35.598+0000] {logging_mixin.py:151} INFO - [2023-10-11T07:28:35.598+0000] {dag.py:3696} INFO - Setting next_dagrun for example_time_delta_sensor_async to None, run_after=None
[2023-10-11T07:28:35.608+0000] {processor.py:179} INFO - Processing /home/airflow/.local/lib/python3.8/site-packages/airflow/example_dags/example_time_delta_sensor_async.py took 0.044 seconds
