[2023-10-11T07:01:30.171+0000] {processor.py:157} INFO - Started process (PID=190) to work on /home/airflow/.local/lib/python3.8/site-packages/airflow/example_dags/example_sensors.py
[2023-10-11T07:01:30.172+0000] {processor.py:829} INFO - Processing file /home/airflow/.local/lib/python3.8/site-packages/airflow/example_dags/example_sensors.py for tasks to queue
[2023-10-11T07:01:30.174+0000] {logging_mixin.py:151} INFO - [2023-10-11T07:01:30.173+0000] {dagbag.py:539} INFO - Filling up the DagBag from /home/airflow/.local/lib/python3.8/site-packages/airflow/example_dags/example_sensors.py
[2023-10-11T07:01:30.214+0000] {processor.py:839} INFO - DAG(s) dict_keys(['example_sensors']) retrieved from /home/airflow/.local/lib/python3.8/site-packages/airflow/example_dags/example_sensors.py
[2023-10-11T07:01:30.518+0000] {logging_mixin.py:151} INFO - [2023-10-11T07:01:30.518+0000] {manager.py:499} INFO - Created Permission View: %s
[2023-10-11T07:01:30.525+0000] {logging_mixin.py:151} INFO - [2023-10-11T07:01:30.525+0000] {manager.py:499} INFO - Created Permission View: %s
[2023-10-11T07:01:30.532+0000] {logging_mixin.py:151} INFO - [2023-10-11T07:01:30.531+0000] {manager.py:499} INFO - Created Permission View: %s
[2023-10-11T07:01:30.532+0000] {logging_mixin.py:151} INFO - [2023-10-11T07:01:30.532+0000] {security.py:708} INFO - Not syncing DAG-level permissions for DAG 'DAG:example_sensors' as access control is unset.
[2023-10-11T07:01:30.532+0000] {logging_mixin.py:151} INFO - [2023-10-11T07:01:30.532+0000] {dag.py:2915} INFO - Sync 1 DAGs
[2023-10-11T07:01:30.538+0000] {logging_mixin.py:151} INFO - [2023-10-11T07:01:30.538+0000] {dag.py:2937} INFO - Creating ORM DAG for example_sensors
[2023-10-11T07:01:30.539+0000] {logging_mixin.py:151} INFO - [2023-10-11T07:01:30.539+0000] {dag.py:3696} INFO - Setting next_dagrun for example_sensors to None, run_after=None
[2023-10-11T07:01:30.548+0000] {processor.py:179} INFO - Processing /home/airflow/.local/lib/python3.8/site-packages/airflow/example_dags/example_sensors.py took 0.388 seconds
[2023-10-11T07:02:01.456+0000] {processor.py:157} INFO - Started process (PID=431) to work on /home/airflow/.local/lib/python3.8/site-packages/airflow/example_dags/example_sensors.py
[2023-10-11T07:02:01.458+0000] {processor.py:829} INFO - Processing file /home/airflow/.local/lib/python3.8/site-packages/airflow/example_dags/example_sensors.py for tasks to queue
[2023-10-11T07:02:01.461+0000] {logging_mixin.py:151} INFO - [2023-10-11T07:02:01.460+0000] {dagbag.py:539} INFO - Filling up the DagBag from /home/airflow/.local/lib/python3.8/site-packages/airflow/example_dags/example_sensors.py
[2023-10-11T07:02:01.491+0000] {processor.py:839} INFO - DAG(s) dict_keys(['example_sensors']) retrieved from /home/airflow/.local/lib/python3.8/site-packages/airflow/example_dags/example_sensors.py
[2023-10-11T07:02:01.528+0000] {logging_mixin.py:151} INFO - [2023-10-11T07:02:01.528+0000] {dag.py:2915} INFO - Sync 1 DAGs
[2023-10-11T07:02:01.537+0000] {logging_mixin.py:151} INFO - [2023-10-11T07:02:01.537+0000] {dag.py:3696} INFO - Setting next_dagrun for example_sensors to None, run_after=None
[2023-10-11T07:02:01.551+0000] {processor.py:179} INFO - Processing /home/airflow/.local/lib/python3.8/site-packages/airflow/example_dags/example_sensors.py took 0.098 seconds
[2023-10-11T07:02:31.643+0000] {processor.py:157} INFO - Started process (PID=668) to work on /home/airflow/.local/lib/python3.8/site-packages/airflow/example_dags/example_sensors.py
[2023-10-11T07:02:31.644+0000] {processor.py:829} INFO - Processing file /home/airflow/.local/lib/python3.8/site-packages/airflow/example_dags/example_sensors.py for tasks to queue
[2023-10-11T07:02:31.644+0000] {logging_mixin.py:151} INFO - [2023-10-11T07:02:31.644+0000] {dagbag.py:539} INFO - Filling up the DagBag from /home/airflow/.local/lib/python3.8/site-packages/airflow/example_dags/example_sensors.py
[2023-10-11T07:02:31.654+0000] {processor.py:839} INFO - DAG(s) dict_keys(['example_sensors']) retrieved from /home/airflow/.local/lib/python3.8/site-packages/airflow/example_dags/example_sensors.py
[2023-10-11T07:02:31.698+0000] {logging_mixin.py:151} INFO - [2023-10-11T07:02:31.698+0000] {dag.py:2915} INFO - Sync 1 DAGs
[2023-10-11T07:02:31.707+0000] {logging_mixin.py:151} INFO - [2023-10-11T07:02:31.707+0000] {dag.py:3696} INFO - Setting next_dagrun for example_sensors to None, run_after=None
[2023-10-11T07:02:31.717+0000] {processor.py:179} INFO - Processing /home/airflow/.local/lib/python3.8/site-packages/airflow/example_dags/example_sensors.py took 0.078 seconds
[2023-10-11T07:03:02.406+0000] {processor.py:157} INFO - Started process (PID=906) to work on /home/airflow/.local/lib/python3.8/site-packages/airflow/example_dags/example_sensors.py
[2023-10-11T07:03:02.407+0000] {processor.py:829} INFO - Processing file /home/airflow/.local/lib/python3.8/site-packages/airflow/example_dags/example_sensors.py for tasks to queue
[2023-10-11T07:03:02.408+0000] {logging_mixin.py:151} INFO - [2023-10-11T07:03:02.408+0000] {dagbag.py:539} INFO - Filling up the DagBag from /home/airflow/.local/lib/python3.8/site-packages/airflow/example_dags/example_sensors.py
[2023-10-11T07:03:02.415+0000] {processor.py:839} INFO - DAG(s) dict_keys(['example_sensors']) retrieved from /home/airflow/.local/lib/python3.8/site-packages/airflow/example_dags/example_sensors.py
[2023-10-11T07:03:02.432+0000] {logging_mixin.py:151} INFO - [2023-10-11T07:03:02.432+0000] {dag.py:2915} INFO - Sync 1 DAGs
[2023-10-11T07:03:02.439+0000] {logging_mixin.py:151} INFO - [2023-10-11T07:03:02.439+0000] {dag.py:3696} INFO - Setting next_dagrun for example_sensors to None, run_after=None
[2023-10-11T07:03:02.449+0000] {processor.py:179} INFO - Processing /home/airflow/.local/lib/python3.8/site-packages/airflow/example_dags/example_sensors.py took 0.046 seconds
[2023-10-11T07:03:33.317+0000] {processor.py:157} INFO - Started process (PID=1144) to work on /home/airflow/.local/lib/python3.8/site-packages/airflow/example_dags/example_sensors.py
[2023-10-11T07:03:33.318+0000] {processor.py:829} INFO - Processing file /home/airflow/.local/lib/python3.8/site-packages/airflow/example_dags/example_sensors.py for tasks to queue
[2023-10-11T07:03:33.318+0000] {logging_mixin.py:151} INFO - [2023-10-11T07:03:33.318+0000] {dagbag.py:539} INFO - Filling up the DagBag from /home/airflow/.local/lib/python3.8/site-packages/airflow/example_dags/example_sensors.py
[2023-10-11T07:03:33.326+0000] {processor.py:839} INFO - DAG(s) dict_keys(['example_sensors']) retrieved from /home/airflow/.local/lib/python3.8/site-packages/airflow/example_dags/example_sensors.py
[2023-10-11T07:03:33.343+0000] {logging_mixin.py:151} INFO - [2023-10-11T07:03:33.343+0000] {dag.py:2915} INFO - Sync 1 DAGs
[2023-10-11T07:03:33.349+0000] {logging_mixin.py:151} INFO - [2023-10-11T07:03:33.349+0000] {dag.py:3696} INFO - Setting next_dagrun for example_sensors to None, run_after=None
[2023-10-11T07:03:33.386+0000] {processor.py:179} INFO - Processing /home/airflow/.local/lib/python3.8/site-packages/airflow/example_dags/example_sensors.py took 0.072 seconds
[2023-10-11T07:04:04.043+0000] {processor.py:157} INFO - Started process (PID=1382) to work on /home/airflow/.local/lib/python3.8/site-packages/airflow/example_dags/example_sensors.py
[2023-10-11T07:04:04.044+0000] {processor.py:829} INFO - Processing file /home/airflow/.local/lib/python3.8/site-packages/airflow/example_dags/example_sensors.py for tasks to queue
[2023-10-11T07:04:04.045+0000] {logging_mixin.py:151} INFO - [2023-10-11T07:04:04.044+0000] {dagbag.py:539} INFO - Filling up the DagBag from /home/airflow/.local/lib/python3.8/site-packages/airflow/example_dags/example_sensors.py
[2023-10-11T07:04:04.053+0000] {processor.py:839} INFO - DAG(s) dict_keys(['example_sensors']) retrieved from /home/airflow/.local/lib/python3.8/site-packages/airflow/example_dags/example_sensors.py
[2023-10-11T07:04:04.090+0000] {logging_mixin.py:151} INFO - [2023-10-11T07:04:04.089+0000] {dag.py:2915} INFO - Sync 1 DAGs
[2023-10-11T07:04:04.101+0000] {logging_mixin.py:151} INFO - [2023-10-11T07:04:04.101+0000] {dag.py:3696} INFO - Setting next_dagrun for example_sensors to None, run_after=None
[2023-10-11T07:04:04.111+0000] {processor.py:179} INFO - Processing /home/airflow/.local/lib/python3.8/site-packages/airflow/example_dags/example_sensors.py took 0.072 seconds
[2023-10-11T07:04:34.430+0000] {processor.py:157} INFO - Started process (PID=1620) to work on /home/airflow/.local/lib/python3.8/site-packages/airflow/example_dags/example_sensors.py
[2023-10-11T07:04:34.431+0000] {processor.py:829} INFO - Processing file /home/airflow/.local/lib/python3.8/site-packages/airflow/example_dags/example_sensors.py for tasks to queue
[2023-10-11T07:04:34.432+0000] {logging_mixin.py:151} INFO - [2023-10-11T07:04:34.432+0000] {dagbag.py:539} INFO - Filling up the DagBag from /home/airflow/.local/lib/python3.8/site-packages/airflow/example_dags/example_sensors.py
[2023-10-11T07:04:34.439+0000] {processor.py:839} INFO - DAG(s) dict_keys(['example_sensors']) retrieved from /home/airflow/.local/lib/python3.8/site-packages/airflow/example_dags/example_sensors.py
[2023-10-11T07:04:34.478+0000] {logging_mixin.py:151} INFO - [2023-10-11T07:04:34.477+0000] {dag.py:2915} INFO - Sync 1 DAGs
[2023-10-11T07:04:34.487+0000] {logging_mixin.py:151} INFO - [2023-10-11T07:04:34.487+0000] {dag.py:3696} INFO - Setting next_dagrun for example_sensors to None, run_after=None
[2023-10-11T07:04:34.497+0000] {processor.py:179} INFO - Processing /home/airflow/.local/lib/python3.8/site-packages/airflow/example_dags/example_sensors.py took 0.070 seconds
[2023-10-11T07:05:04.910+0000] {processor.py:157} INFO - Started process (PID=1858) to work on /home/airflow/.local/lib/python3.8/site-packages/airflow/example_dags/example_sensors.py
[2023-10-11T07:05:04.912+0000] {processor.py:829} INFO - Processing file /home/airflow/.local/lib/python3.8/site-packages/airflow/example_dags/example_sensors.py for tasks to queue
[2023-10-11T07:05:04.912+0000] {logging_mixin.py:151} INFO - [2023-10-11T07:05:04.912+0000] {dagbag.py:539} INFO - Filling up the DagBag from /home/airflow/.local/lib/python3.8/site-packages/airflow/example_dags/example_sensors.py
[2023-10-11T07:05:04.921+0000] {processor.py:839} INFO - DAG(s) dict_keys(['example_sensors']) retrieved from /home/airflow/.local/lib/python3.8/site-packages/airflow/example_dags/example_sensors.py
[2023-10-11T07:05:04.941+0000] {logging_mixin.py:151} INFO - [2023-10-11T07:05:04.941+0000] {dag.py:2915} INFO - Sync 1 DAGs
[2023-10-11T07:05:04.948+0000] {logging_mixin.py:151} INFO - [2023-10-11T07:05:04.948+0000] {dag.py:3696} INFO - Setting next_dagrun for example_sensors to None, run_after=None
[2023-10-11T07:05:04.980+0000] {processor.py:179} INFO - Processing /home/airflow/.local/lib/python3.8/site-packages/airflow/example_dags/example_sensors.py took 0.074 seconds
[2023-10-11T07:05:35.047+0000] {processor.py:157} INFO - Started process (PID=2096) to work on /home/airflow/.local/lib/python3.8/site-packages/airflow/example_dags/example_sensors.py
[2023-10-11T07:05:35.048+0000] {processor.py:829} INFO - Processing file /home/airflow/.local/lib/python3.8/site-packages/airflow/example_dags/example_sensors.py for tasks to queue
[2023-10-11T07:05:35.049+0000] {logging_mixin.py:151} INFO - [2023-10-11T07:05:35.049+0000] {dagbag.py:539} INFO - Filling up the DagBag from /home/airflow/.local/lib/python3.8/site-packages/airflow/example_dags/example_sensors.py
[2023-10-11T07:05:35.056+0000] {processor.py:839} INFO - DAG(s) dict_keys(['example_sensors']) retrieved from /home/airflow/.local/lib/python3.8/site-packages/airflow/example_dags/example_sensors.py
[2023-10-11T07:05:35.088+0000] {logging_mixin.py:151} INFO - [2023-10-11T07:05:35.087+0000] {dag.py:2915} INFO - Sync 1 DAGs
[2023-10-11T07:05:35.098+0000] {logging_mixin.py:151} INFO - [2023-10-11T07:05:35.098+0000] {dag.py:3696} INFO - Setting next_dagrun for example_sensors to None, run_after=None
[2023-10-11T07:05:35.109+0000] {processor.py:179} INFO - Processing /home/airflow/.local/lib/python3.8/site-packages/airflow/example_dags/example_sensors.py took 0.064 seconds
[2023-10-11T07:06:05.333+0000] {processor.py:157} INFO - Started process (PID=2334) to work on /home/airflow/.local/lib/python3.8/site-packages/airflow/example_dags/example_sensors.py
[2023-10-11T07:06:05.334+0000] {processor.py:829} INFO - Processing file /home/airflow/.local/lib/python3.8/site-packages/airflow/example_dags/example_sensors.py for tasks to queue
[2023-10-11T07:06:05.335+0000] {logging_mixin.py:151} INFO - [2023-10-11T07:06:05.334+0000] {dagbag.py:539} INFO - Filling up the DagBag from /home/airflow/.local/lib/python3.8/site-packages/airflow/example_dags/example_sensors.py
[2023-10-11T07:06:05.344+0000] {processor.py:839} INFO - DAG(s) dict_keys(['example_sensors']) retrieved from /home/airflow/.local/lib/python3.8/site-packages/airflow/example_dags/example_sensors.py
[2023-10-11T07:06:05.374+0000] {logging_mixin.py:151} INFO - [2023-10-11T07:06:05.374+0000] {dag.py:2915} INFO - Sync 1 DAGs
[2023-10-11T07:06:05.387+0000] {logging_mixin.py:151} INFO - [2023-10-11T07:06:05.387+0000] {dag.py:3696} INFO - Setting next_dagrun for example_sensors to None, run_after=None
[2023-10-11T07:06:05.400+0000] {processor.py:179} INFO - Processing /home/airflow/.local/lib/python3.8/site-packages/airflow/example_dags/example_sensors.py took 0.070 seconds
[2023-10-11T07:06:35.880+0000] {processor.py:157} INFO - Started process (PID=2577) to work on /home/airflow/.local/lib/python3.8/site-packages/airflow/example_dags/example_sensors.py
[2023-10-11T07:06:35.881+0000] {processor.py:829} INFO - Processing file /home/airflow/.local/lib/python3.8/site-packages/airflow/example_dags/example_sensors.py for tasks to queue
[2023-10-11T07:06:35.881+0000] {logging_mixin.py:151} INFO - [2023-10-11T07:06:35.881+0000] {dagbag.py:539} INFO - Filling up the DagBag from /home/airflow/.local/lib/python3.8/site-packages/airflow/example_dags/example_sensors.py
[2023-10-11T07:06:35.888+0000] {processor.py:839} INFO - DAG(s) dict_keys(['example_sensors']) retrieved from /home/airflow/.local/lib/python3.8/site-packages/airflow/example_dags/example_sensors.py
[2023-10-11T07:06:35.905+0000] {logging_mixin.py:151} INFO - [2023-10-11T07:06:35.905+0000] {dag.py:2915} INFO - Sync 1 DAGs
[2023-10-11T07:06:35.913+0000] {logging_mixin.py:151} INFO - [2023-10-11T07:06:35.913+0000] {dag.py:3696} INFO - Setting next_dagrun for example_sensors to None, run_after=None
[2023-10-11T07:06:35.924+0000] {processor.py:179} INFO - Processing /home/airflow/.local/lib/python3.8/site-packages/airflow/example_dags/example_sensors.py took 0.047 seconds
[2023-10-11T07:07:06.493+0000] {processor.py:157} INFO - Started process (PID=2819) to work on /home/airflow/.local/lib/python3.8/site-packages/airflow/example_dags/example_sensors.py
[2023-10-11T07:07:06.494+0000] {processor.py:829} INFO - Processing file /home/airflow/.local/lib/python3.8/site-packages/airflow/example_dags/example_sensors.py for tasks to queue
[2023-10-11T07:07:06.495+0000] {logging_mixin.py:151} INFO - [2023-10-11T07:07:06.494+0000] {dagbag.py:539} INFO - Filling up the DagBag from /home/airflow/.local/lib/python3.8/site-packages/airflow/example_dags/example_sensors.py
[2023-10-11T07:07:06.504+0000] {processor.py:839} INFO - DAG(s) dict_keys(['example_sensors']) retrieved from /home/airflow/.local/lib/python3.8/site-packages/airflow/example_dags/example_sensors.py
[2023-10-11T07:07:06.525+0000] {logging_mixin.py:151} INFO - [2023-10-11T07:07:06.524+0000] {dag.py:2915} INFO - Sync 1 DAGs
[2023-10-11T07:07:06.533+0000] {logging_mixin.py:151} INFO - [2023-10-11T07:07:06.533+0000] {dag.py:3696} INFO - Setting next_dagrun for example_sensors to None, run_after=None
[2023-10-11T07:07:06.546+0000] {processor.py:179} INFO - Processing /home/airflow/.local/lib/python3.8/site-packages/airflow/example_dags/example_sensors.py took 0.056 seconds
[2023-10-11T07:07:36.894+0000] {processor.py:157} INFO - Started process (PID=3061) to work on /home/airflow/.local/lib/python3.8/site-packages/airflow/example_dags/example_sensors.py
[2023-10-11T07:07:36.895+0000] {processor.py:829} INFO - Processing file /home/airflow/.local/lib/python3.8/site-packages/airflow/example_dags/example_sensors.py for tasks to queue
[2023-10-11T07:07:36.896+0000] {logging_mixin.py:151} INFO - [2023-10-11T07:07:36.895+0000] {dagbag.py:539} INFO - Filling up the DagBag from /home/airflow/.local/lib/python3.8/site-packages/airflow/example_dags/example_sensors.py
[2023-10-11T07:07:36.902+0000] {processor.py:839} INFO - DAG(s) dict_keys(['example_sensors']) retrieved from /home/airflow/.local/lib/python3.8/site-packages/airflow/example_dags/example_sensors.py
[2023-10-11T07:07:36.921+0000] {logging_mixin.py:151} INFO - [2023-10-11T07:07:36.921+0000] {dag.py:2915} INFO - Sync 1 DAGs
[2023-10-11T07:07:36.929+0000] {logging_mixin.py:151} INFO - [2023-10-11T07:07:36.929+0000] {dag.py:3696} INFO - Setting next_dagrun for example_sensors to None, run_after=None
[2023-10-11T07:07:36.939+0000] {processor.py:179} INFO - Processing /home/airflow/.local/lib/python3.8/site-packages/airflow/example_dags/example_sensors.py took 0.048 seconds
[2023-10-11T07:08:07.850+0000] {processor.py:157} INFO - Started process (PID=3336) to work on /home/airflow/.local/lib/python3.8/site-packages/airflow/example_dags/example_sensors.py
[2023-10-11T07:08:07.851+0000] {processor.py:829} INFO - Processing file /home/airflow/.local/lib/python3.8/site-packages/airflow/example_dags/example_sensors.py for tasks to queue
[2023-10-11T07:08:07.852+0000] {logging_mixin.py:151} INFO - [2023-10-11T07:08:07.852+0000] {dagbag.py:539} INFO - Filling up the DagBag from /home/airflow/.local/lib/python3.8/site-packages/airflow/example_dags/example_sensors.py
[2023-10-11T07:08:07.860+0000] {processor.py:839} INFO - DAG(s) dict_keys(['example_sensors']) retrieved from /home/airflow/.local/lib/python3.8/site-packages/airflow/example_dags/example_sensors.py
[2023-10-11T07:08:07.883+0000] {logging_mixin.py:151} INFO - [2023-10-11T07:08:07.883+0000] {dag.py:2915} INFO - Sync 1 DAGs
[2023-10-11T07:08:07.899+0000] {logging_mixin.py:151} INFO - [2023-10-11T07:08:07.899+0000] {dag.py:3696} INFO - Setting next_dagrun for example_sensors to None, run_after=None
[2023-10-11T07:08:07.909+0000] {processor.py:179} INFO - Processing /home/airflow/.local/lib/python3.8/site-packages/airflow/example_dags/example_sensors.py took 0.063 seconds
[2023-10-11T07:08:38.091+0000] {processor.py:157} INFO - Started process (PID=3579) to work on /home/airflow/.local/lib/python3.8/site-packages/airflow/example_dags/example_sensors.py
[2023-10-11T07:08:38.093+0000] {processor.py:829} INFO - Processing file /home/airflow/.local/lib/python3.8/site-packages/airflow/example_dags/example_sensors.py for tasks to queue
[2023-10-11T07:08:38.094+0000] {logging_mixin.py:151} INFO - [2023-10-11T07:08:38.093+0000] {dagbag.py:539} INFO - Filling up the DagBag from /home/airflow/.local/lib/python3.8/site-packages/airflow/example_dags/example_sensors.py
[2023-10-11T07:08:38.108+0000] {processor.py:839} INFO - DAG(s) dict_keys(['example_sensors']) retrieved from /home/airflow/.local/lib/python3.8/site-packages/airflow/example_dags/example_sensors.py
[2023-10-11T07:08:38.134+0000] {logging_mixin.py:151} INFO - [2023-10-11T07:08:38.134+0000] {dag.py:2915} INFO - Sync 1 DAGs
[2023-10-11T07:08:38.146+0000] {logging_mixin.py:151} INFO - [2023-10-11T07:08:38.146+0000] {dag.py:3696} INFO - Setting next_dagrun for example_sensors to None, run_after=None
[2023-10-11T07:08:38.189+0000] {processor.py:179} INFO - Processing /home/airflow/.local/lib/python3.8/site-packages/airflow/example_dags/example_sensors.py took 0.104 seconds
[2023-10-11T07:09:09.044+0000] {processor.py:157} INFO - Started process (PID=3822) to work on /home/airflow/.local/lib/python3.8/site-packages/airflow/example_dags/example_sensors.py
[2023-10-11T07:09:09.046+0000] {processor.py:829} INFO - Processing file /home/airflow/.local/lib/python3.8/site-packages/airflow/example_dags/example_sensors.py for tasks to queue
[2023-10-11T07:09:09.046+0000] {logging_mixin.py:151} INFO - [2023-10-11T07:09:09.046+0000] {dagbag.py:539} INFO - Filling up the DagBag from /home/airflow/.local/lib/python3.8/site-packages/airflow/example_dags/example_sensors.py
[2023-10-11T07:09:09.063+0000] {processor.py:839} INFO - DAG(s) dict_keys(['example_sensors']) retrieved from /home/airflow/.local/lib/python3.8/site-packages/airflow/example_dags/example_sensors.py
[2023-10-11T07:09:09.118+0000] {logging_mixin.py:151} INFO - [2023-10-11T07:09:09.117+0000] {dag.py:2915} INFO - Sync 1 DAGs
[2023-10-11T07:09:09.130+0000] {logging_mixin.py:151} INFO - [2023-10-11T07:09:09.130+0000] {dag.py:3696} INFO - Setting next_dagrun for example_sensors to None, run_after=None
[2023-10-11T07:09:09.148+0000] {processor.py:179} INFO - Processing /home/airflow/.local/lib/python3.8/site-packages/airflow/example_dags/example_sensors.py took 0.107 seconds
[2023-10-11T07:09:39.454+0000] {processor.py:157} INFO - Started process (PID=4065) to work on /home/airflow/.local/lib/python3.8/site-packages/airflow/example_dags/example_sensors.py
[2023-10-11T07:09:39.465+0000] {processor.py:829} INFO - Processing file /home/airflow/.local/lib/python3.8/site-packages/airflow/example_dags/example_sensors.py for tasks to queue
[2023-10-11T07:09:39.473+0000] {logging_mixin.py:151} INFO - [2023-10-11T07:09:39.472+0000] {dagbag.py:539} INFO - Filling up the DagBag from /home/airflow/.local/lib/python3.8/site-packages/airflow/example_dags/example_sensors.py
[2023-10-11T07:09:39.491+0000] {processor.py:839} INFO - DAG(s) dict_keys(['example_sensors']) retrieved from /home/airflow/.local/lib/python3.8/site-packages/airflow/example_dags/example_sensors.py
[2023-10-11T07:09:39.533+0000] {logging_mixin.py:151} INFO - [2023-10-11T07:09:39.533+0000] {dag.py:2915} INFO - Sync 1 DAGs
[2023-10-11T07:09:39.543+0000] {logging_mixin.py:151} INFO - [2023-10-11T07:09:39.543+0000] {dag.py:3696} INFO - Setting next_dagrun for example_sensors to None, run_after=None
[2023-10-11T07:09:39.585+0000] {processor.py:179} INFO - Processing /home/airflow/.local/lib/python3.8/site-packages/airflow/example_dags/example_sensors.py took 0.134 seconds
[2023-10-11T07:10:10.329+0000] {processor.py:157} INFO - Started process (PID=4308) to work on /home/airflow/.local/lib/python3.8/site-packages/airflow/example_dags/example_sensors.py
[2023-10-11T07:10:10.330+0000] {processor.py:829} INFO - Processing file /home/airflow/.local/lib/python3.8/site-packages/airflow/example_dags/example_sensors.py for tasks to queue
[2023-10-11T07:10:10.331+0000] {logging_mixin.py:151} INFO - [2023-10-11T07:10:10.331+0000] {dagbag.py:539} INFO - Filling up the DagBag from /home/airflow/.local/lib/python3.8/site-packages/airflow/example_dags/example_sensors.py
[2023-10-11T07:10:10.339+0000] {processor.py:839} INFO - DAG(s) dict_keys(['example_sensors']) retrieved from /home/airflow/.local/lib/python3.8/site-packages/airflow/example_dags/example_sensors.py
[2023-10-11T07:10:10.401+0000] {logging_mixin.py:151} INFO - [2023-10-11T07:10:10.401+0000] {dag.py:2915} INFO - Sync 1 DAGs
[2023-10-11T07:10:10.412+0000] {logging_mixin.py:151} INFO - [2023-10-11T07:10:10.412+0000] {dag.py:3696} INFO - Setting next_dagrun for example_sensors to None, run_after=None
[2023-10-11T07:10:10.426+0000] {processor.py:179} INFO - Processing /home/airflow/.local/lib/python3.8/site-packages/airflow/example_dags/example_sensors.py took 0.100 seconds
[2023-10-11T07:10:40.596+0000] {processor.py:157} INFO - Started process (PID=4551) to work on /home/airflow/.local/lib/python3.8/site-packages/airflow/example_dags/example_sensors.py
[2023-10-11T07:10:40.597+0000] {processor.py:829} INFO - Processing file /home/airflow/.local/lib/python3.8/site-packages/airflow/example_dags/example_sensors.py for tasks to queue
[2023-10-11T07:10:40.598+0000] {logging_mixin.py:151} INFO - [2023-10-11T07:10:40.598+0000] {dagbag.py:539} INFO - Filling up the DagBag from /home/airflow/.local/lib/python3.8/site-packages/airflow/example_dags/example_sensors.py
[2023-10-11T07:10:40.607+0000] {processor.py:839} INFO - DAG(s) dict_keys(['example_sensors']) retrieved from /home/airflow/.local/lib/python3.8/site-packages/airflow/example_dags/example_sensors.py
[2023-10-11T07:10:40.637+0000] {logging_mixin.py:151} INFO - [2023-10-11T07:10:40.637+0000] {dag.py:2915} INFO - Sync 1 DAGs
[2023-10-11T07:10:40.665+0000] {logging_mixin.py:151} INFO - [2023-10-11T07:10:40.664+0000] {dag.py:3696} INFO - Setting next_dagrun for example_sensors to None, run_after=None
[2023-10-11T07:10:40.696+0000] {processor.py:179} INFO - Processing /home/airflow/.local/lib/python3.8/site-packages/airflow/example_dags/example_sensors.py took 0.104 seconds
[2023-10-11T07:11:11.307+0000] {processor.py:157} INFO - Started process (PID=4794) to work on /home/airflow/.local/lib/python3.8/site-packages/airflow/example_dags/example_sensors.py
[2023-10-11T07:11:11.308+0000] {processor.py:829} INFO - Processing file /home/airflow/.local/lib/python3.8/site-packages/airflow/example_dags/example_sensors.py for tasks to queue
[2023-10-11T07:11:11.309+0000] {logging_mixin.py:151} INFO - [2023-10-11T07:11:11.309+0000] {dagbag.py:539} INFO - Filling up the DagBag from /home/airflow/.local/lib/python3.8/site-packages/airflow/example_dags/example_sensors.py
[2023-10-11T07:11:11.316+0000] {processor.py:839} INFO - DAG(s) dict_keys(['example_sensors']) retrieved from /home/airflow/.local/lib/python3.8/site-packages/airflow/example_dags/example_sensors.py
[2023-10-11T07:11:11.334+0000] {logging_mixin.py:151} INFO - [2023-10-11T07:11:11.334+0000] {dag.py:2915} INFO - Sync 1 DAGs
[2023-10-11T07:11:11.342+0000] {logging_mixin.py:151} INFO - [2023-10-11T07:11:11.341+0000] {dag.py:3696} INFO - Setting next_dagrun for example_sensors to None, run_after=None
[2023-10-11T07:11:11.356+0000] {processor.py:179} INFO - Processing /home/airflow/.local/lib/python3.8/site-packages/airflow/example_dags/example_sensors.py took 0.052 seconds
[2023-10-11T07:11:41.522+0000] {processor.py:157} INFO - Started process (PID=5037) to work on /home/airflow/.local/lib/python3.8/site-packages/airflow/example_dags/example_sensors.py
[2023-10-11T07:11:41.523+0000] {processor.py:829} INFO - Processing file /home/airflow/.local/lib/python3.8/site-packages/airflow/example_dags/example_sensors.py for tasks to queue
[2023-10-11T07:11:41.524+0000] {logging_mixin.py:151} INFO - [2023-10-11T07:11:41.524+0000] {dagbag.py:539} INFO - Filling up the DagBag from /home/airflow/.local/lib/python3.8/site-packages/airflow/example_dags/example_sensors.py
[2023-10-11T07:11:41.531+0000] {processor.py:839} INFO - DAG(s) dict_keys(['example_sensors']) retrieved from /home/airflow/.local/lib/python3.8/site-packages/airflow/example_dags/example_sensors.py
[2023-10-11T07:11:41.547+0000] {logging_mixin.py:151} INFO - [2023-10-11T07:11:41.547+0000] {dag.py:2915} INFO - Sync 1 DAGs
[2023-10-11T07:11:41.556+0000] {logging_mixin.py:151} INFO - [2023-10-11T07:11:41.556+0000] {dag.py:3696} INFO - Setting next_dagrun for example_sensors to None, run_after=None
[2023-10-11T07:11:41.587+0000] {processor.py:179} INFO - Processing /home/airflow/.local/lib/python3.8/site-packages/airflow/example_dags/example_sensors.py took 0.068 seconds
[2023-10-11T07:12:12.294+0000] {processor.py:157} INFO - Started process (PID=5280) to work on /home/airflow/.local/lib/python3.8/site-packages/airflow/example_dags/example_sensors.py
[2023-10-11T07:12:12.295+0000] {processor.py:829} INFO - Processing file /home/airflow/.local/lib/python3.8/site-packages/airflow/example_dags/example_sensors.py for tasks to queue
[2023-10-11T07:12:12.296+0000] {logging_mixin.py:151} INFO - [2023-10-11T07:12:12.295+0000] {dagbag.py:539} INFO - Filling up the DagBag from /home/airflow/.local/lib/python3.8/site-packages/airflow/example_dags/example_sensors.py
[2023-10-11T07:12:12.303+0000] {processor.py:839} INFO - DAG(s) dict_keys(['example_sensors']) retrieved from /home/airflow/.local/lib/python3.8/site-packages/airflow/example_dags/example_sensors.py
[2023-10-11T07:12:12.320+0000] {logging_mixin.py:151} INFO - [2023-10-11T07:12:12.320+0000] {dag.py:2915} INFO - Sync 1 DAGs
[2023-10-11T07:12:12.326+0000] {logging_mixin.py:151} INFO - [2023-10-11T07:12:12.326+0000] {dag.py:3696} INFO - Setting next_dagrun for example_sensors to None, run_after=None
[2023-10-11T07:12:12.338+0000] {processor.py:179} INFO - Processing /home/airflow/.local/lib/python3.8/site-packages/airflow/example_dags/example_sensors.py took 0.047 seconds
[2023-10-11T07:12:42.421+0000] {processor.py:157} INFO - Started process (PID=5523) to work on /home/airflow/.local/lib/python3.8/site-packages/airflow/example_dags/example_sensors.py
[2023-10-11T07:12:42.422+0000] {processor.py:829} INFO - Processing file /home/airflow/.local/lib/python3.8/site-packages/airflow/example_dags/example_sensors.py for tasks to queue
[2023-10-11T07:12:42.422+0000] {logging_mixin.py:151} INFO - [2023-10-11T07:12:42.422+0000] {dagbag.py:539} INFO - Filling up the DagBag from /home/airflow/.local/lib/python3.8/site-packages/airflow/example_dags/example_sensors.py
[2023-10-11T07:12:42.429+0000] {processor.py:839} INFO - DAG(s) dict_keys(['example_sensors']) retrieved from /home/airflow/.local/lib/python3.8/site-packages/airflow/example_dags/example_sensors.py
[2023-10-11T07:12:42.444+0000] {logging_mixin.py:151} INFO - [2023-10-11T07:12:42.444+0000] {dag.py:2915} INFO - Sync 1 DAGs
[2023-10-11T07:12:42.454+0000] {logging_mixin.py:151} INFO - [2023-10-11T07:12:42.454+0000] {dag.py:3696} INFO - Setting next_dagrun for example_sensors to None, run_after=None
[2023-10-11T07:12:42.483+0000] {processor.py:179} INFO - Processing /home/airflow/.local/lib/python3.8/site-packages/airflow/example_dags/example_sensors.py took 0.064 seconds
[2023-10-11T07:13:13.079+0000] {processor.py:157} INFO - Started process (PID=5766) to work on /home/airflow/.local/lib/python3.8/site-packages/airflow/example_dags/example_sensors.py
[2023-10-11T07:13:13.080+0000] {processor.py:829} INFO - Processing file /home/airflow/.local/lib/python3.8/site-packages/airflow/example_dags/example_sensors.py for tasks to queue
[2023-10-11T07:13:13.081+0000] {logging_mixin.py:151} INFO - [2023-10-11T07:13:13.081+0000] {dagbag.py:539} INFO - Filling up the DagBag from /home/airflow/.local/lib/python3.8/site-packages/airflow/example_dags/example_sensors.py
[2023-10-11T07:13:13.089+0000] {processor.py:839} INFO - DAG(s) dict_keys(['example_sensors']) retrieved from /home/airflow/.local/lib/python3.8/site-packages/airflow/example_dags/example_sensors.py
[2023-10-11T07:13:13.106+0000] {logging_mixin.py:151} INFO - [2023-10-11T07:13:13.106+0000] {dag.py:2915} INFO - Sync 1 DAGs
[2023-10-11T07:13:13.113+0000] {logging_mixin.py:151} INFO - [2023-10-11T07:13:13.113+0000] {dag.py:3696} INFO - Setting next_dagrun for example_sensors to None, run_after=None
[2023-10-11T07:13:13.124+0000] {processor.py:179} INFO - Processing /home/airflow/.local/lib/python3.8/site-packages/airflow/example_dags/example_sensors.py took 0.047 seconds
[2023-10-11T07:13:43.679+0000] {processor.py:157} INFO - Started process (PID=6009) to work on /home/airflow/.local/lib/python3.8/site-packages/airflow/example_dags/example_sensors.py
[2023-10-11T07:13:43.680+0000] {processor.py:829} INFO - Processing file /home/airflow/.local/lib/python3.8/site-packages/airflow/example_dags/example_sensors.py for tasks to queue
[2023-10-11T07:13:43.681+0000] {logging_mixin.py:151} INFO - [2023-10-11T07:13:43.680+0000] {dagbag.py:539} INFO - Filling up the DagBag from /home/airflow/.local/lib/python3.8/site-packages/airflow/example_dags/example_sensors.py
[2023-10-11T07:13:43.688+0000] {processor.py:839} INFO - DAG(s) dict_keys(['example_sensors']) retrieved from /home/airflow/.local/lib/python3.8/site-packages/airflow/example_dags/example_sensors.py
[2023-10-11T07:13:43.716+0000] {logging_mixin.py:151} INFO - [2023-10-11T07:13:43.716+0000] {dag.py:2915} INFO - Sync 1 DAGs
[2023-10-11T07:13:43.725+0000] {logging_mixin.py:151} INFO - [2023-10-11T07:13:43.725+0000] {dag.py:3696} INFO - Setting next_dagrun for example_sensors to None, run_after=None
[2023-10-11T07:13:43.736+0000] {processor.py:179} INFO - Processing /home/airflow/.local/lib/python3.8/site-packages/airflow/example_dags/example_sensors.py took 0.060 seconds
[2023-10-11T07:14:14.212+0000] {processor.py:157} INFO - Started process (PID=6252) to work on /home/airflow/.local/lib/python3.8/site-packages/airflow/example_dags/example_sensors.py
[2023-10-11T07:14:14.214+0000] {processor.py:829} INFO - Processing file /home/airflow/.local/lib/python3.8/site-packages/airflow/example_dags/example_sensors.py for tasks to queue
[2023-10-11T07:14:14.214+0000] {logging_mixin.py:151} INFO - [2023-10-11T07:14:14.214+0000] {dagbag.py:539} INFO - Filling up the DagBag from /home/airflow/.local/lib/python3.8/site-packages/airflow/example_dags/example_sensors.py
[2023-10-11T07:14:14.222+0000] {processor.py:839} INFO - DAG(s) dict_keys(['example_sensors']) retrieved from /home/airflow/.local/lib/python3.8/site-packages/airflow/example_dags/example_sensors.py
[2023-10-11T07:14:14.241+0000] {logging_mixin.py:151} INFO - [2023-10-11T07:14:14.241+0000] {dag.py:2915} INFO - Sync 1 DAGs
[2023-10-11T07:14:14.257+0000] {logging_mixin.py:151} INFO - [2023-10-11T07:14:14.256+0000] {dag.py:3696} INFO - Setting next_dagrun for example_sensors to None, run_after=None
[2023-10-11T07:14:14.280+0000] {processor.py:179} INFO - Processing /home/airflow/.local/lib/python3.8/site-packages/airflow/example_dags/example_sensors.py took 0.070 seconds
[2023-10-11T07:14:44.618+0000] {processor.py:157} INFO - Started process (PID=6495) to work on /home/airflow/.local/lib/python3.8/site-packages/airflow/example_dags/example_sensors.py
[2023-10-11T07:14:44.621+0000] {processor.py:829} INFO - Processing file /home/airflow/.local/lib/python3.8/site-packages/airflow/example_dags/example_sensors.py for tasks to queue
[2023-10-11T07:14:44.622+0000] {logging_mixin.py:151} INFO - [2023-10-11T07:14:44.622+0000] {dagbag.py:539} INFO - Filling up the DagBag from /home/airflow/.local/lib/python3.8/site-packages/airflow/example_dags/example_sensors.py
[2023-10-11T07:14:44.634+0000] {processor.py:839} INFO - DAG(s) dict_keys(['example_sensors']) retrieved from /home/airflow/.local/lib/python3.8/site-packages/airflow/example_dags/example_sensors.py
[2023-10-11T07:14:44.687+0000] {logging_mixin.py:151} INFO - [2023-10-11T07:14:44.686+0000] {dag.py:2915} INFO - Sync 1 DAGs
[2023-10-11T07:14:44.696+0000] {logging_mixin.py:151} INFO - [2023-10-11T07:14:44.696+0000] {dag.py:3696} INFO - Setting next_dagrun for example_sensors to None, run_after=None
[2023-10-11T07:14:44.708+0000] {processor.py:179} INFO - Processing /home/airflow/.local/lib/python3.8/site-packages/airflow/example_dags/example_sensors.py took 0.097 seconds
[2023-10-11T07:15:15.099+0000] {processor.py:157} INFO - Started process (PID=6738) to work on /home/airflow/.local/lib/python3.8/site-packages/airflow/example_dags/example_sensors.py
[2023-10-11T07:15:15.100+0000] {processor.py:829} INFO - Processing file /home/airflow/.local/lib/python3.8/site-packages/airflow/example_dags/example_sensors.py for tasks to queue
[2023-10-11T07:15:15.101+0000] {logging_mixin.py:151} INFO - [2023-10-11T07:15:15.100+0000] {dagbag.py:539} INFO - Filling up the DagBag from /home/airflow/.local/lib/python3.8/site-packages/airflow/example_dags/example_sensors.py
[2023-10-11T07:15:15.107+0000] {processor.py:839} INFO - DAG(s) dict_keys(['example_sensors']) retrieved from /home/airflow/.local/lib/python3.8/site-packages/airflow/example_dags/example_sensors.py
[2023-10-11T07:15:15.125+0000] {logging_mixin.py:151} INFO - [2023-10-11T07:15:15.125+0000] {dag.py:2915} INFO - Sync 1 DAGs
[2023-10-11T07:15:15.132+0000] {logging_mixin.py:151} INFO - [2023-10-11T07:15:15.132+0000] {dag.py:3696} INFO - Setting next_dagrun for example_sensors to None, run_after=None
[2023-10-11T07:15:15.141+0000] {processor.py:179} INFO - Processing /home/airflow/.local/lib/python3.8/site-packages/airflow/example_dags/example_sensors.py took 0.046 seconds
[2023-10-11T07:15:45.781+0000] {processor.py:157} INFO - Started process (PID=6981) to work on /home/airflow/.local/lib/python3.8/site-packages/airflow/example_dags/example_sensors.py
[2023-10-11T07:15:45.783+0000] {processor.py:829} INFO - Processing file /home/airflow/.local/lib/python3.8/site-packages/airflow/example_dags/example_sensors.py for tasks to queue
[2023-10-11T07:15:45.784+0000] {logging_mixin.py:151} INFO - [2023-10-11T07:15:45.783+0000] {dagbag.py:539} INFO - Filling up the DagBag from /home/airflow/.local/lib/python3.8/site-packages/airflow/example_dags/example_sensors.py
[2023-10-11T07:15:45.790+0000] {processor.py:839} INFO - DAG(s) dict_keys(['example_sensors']) retrieved from /home/airflow/.local/lib/python3.8/site-packages/airflow/example_dags/example_sensors.py
[2023-10-11T07:15:45.806+0000] {logging_mixin.py:151} INFO - [2023-10-11T07:15:45.806+0000] {dag.py:2915} INFO - Sync 1 DAGs
[2023-10-11T07:15:45.813+0000] {logging_mixin.py:151} INFO - [2023-10-11T07:15:45.813+0000] {dag.py:3696} INFO - Setting next_dagrun for example_sensors to None, run_after=None
[2023-10-11T07:15:45.823+0000] {processor.py:179} INFO - Processing /home/airflow/.local/lib/python3.8/site-packages/airflow/example_dags/example_sensors.py took 0.045 seconds
[2023-10-11T07:16:16.384+0000] {processor.py:157} INFO - Started process (PID=7224) to work on /home/airflow/.local/lib/python3.8/site-packages/airflow/example_dags/example_sensors.py
[2023-10-11T07:16:16.385+0000] {processor.py:829} INFO - Processing file /home/airflow/.local/lib/python3.8/site-packages/airflow/example_dags/example_sensors.py for tasks to queue
[2023-10-11T07:16:16.386+0000] {logging_mixin.py:151} INFO - [2023-10-11T07:16:16.386+0000] {dagbag.py:539} INFO - Filling up the DagBag from /home/airflow/.local/lib/python3.8/site-packages/airflow/example_dags/example_sensors.py
[2023-10-11T07:16:16.393+0000] {processor.py:839} INFO - DAG(s) dict_keys(['example_sensors']) retrieved from /home/airflow/.local/lib/python3.8/site-packages/airflow/example_dags/example_sensors.py
[2023-10-11T07:16:16.410+0000] {logging_mixin.py:151} INFO - [2023-10-11T07:16:16.410+0000] {dag.py:2915} INFO - Sync 1 DAGs
[2023-10-11T07:16:16.416+0000] {logging_mixin.py:151} INFO - [2023-10-11T07:16:16.416+0000] {dag.py:3696} INFO - Setting next_dagrun for example_sensors to None, run_after=None
[2023-10-11T07:16:16.426+0000] {processor.py:179} INFO - Processing /home/airflow/.local/lib/python3.8/site-packages/airflow/example_dags/example_sensors.py took 0.046 seconds
[2023-10-11T07:16:46.935+0000] {processor.py:157} INFO - Started process (PID=7467) to work on /home/airflow/.local/lib/python3.8/site-packages/airflow/example_dags/example_sensors.py
[2023-10-11T07:16:46.939+0000] {processor.py:829} INFO - Processing file /home/airflow/.local/lib/python3.8/site-packages/airflow/example_dags/example_sensors.py for tasks to queue
[2023-10-11T07:16:46.942+0000] {logging_mixin.py:151} INFO - [2023-10-11T07:16:46.941+0000] {dagbag.py:539} INFO - Filling up the DagBag from /home/airflow/.local/lib/python3.8/site-packages/airflow/example_dags/example_sensors.py
[2023-10-11T07:16:47.100+0000] {processor.py:839} INFO - DAG(s) dict_keys(['example_sensors']) retrieved from /home/airflow/.local/lib/python3.8/site-packages/airflow/example_dags/example_sensors.py
[2023-10-11T07:16:47.321+0000] {logging_mixin.py:151} INFO - [2023-10-11T07:16:47.320+0000] {dag.py:2915} INFO - Sync 1 DAGs
[2023-10-11T07:16:47.382+0000] {logging_mixin.py:151} INFO - [2023-10-11T07:16:47.382+0000] {dag.py:3696} INFO - Setting next_dagrun for example_sensors to None, run_after=None
[2023-10-11T07:16:47.408+0000] {processor.py:179} INFO - Processing /home/airflow/.local/lib/python3.8/site-packages/airflow/example_dags/example_sensors.py took 0.478 seconds
[2023-10-11T07:17:17.692+0000] {processor.py:157} INFO - Started process (PID=7710) to work on /home/airflow/.local/lib/python3.8/site-packages/airflow/example_dags/example_sensors.py
[2023-10-11T07:17:17.694+0000] {processor.py:829} INFO - Processing file /home/airflow/.local/lib/python3.8/site-packages/airflow/example_dags/example_sensors.py for tasks to queue
[2023-10-11T07:17:17.695+0000] {logging_mixin.py:151} INFO - [2023-10-11T07:17:17.694+0000] {dagbag.py:539} INFO - Filling up the DagBag from /home/airflow/.local/lib/python3.8/site-packages/airflow/example_dags/example_sensors.py
[2023-10-11T07:17:17.706+0000] {processor.py:839} INFO - DAG(s) dict_keys(['example_sensors']) retrieved from /home/airflow/.local/lib/python3.8/site-packages/airflow/example_dags/example_sensors.py
[2023-10-11T07:17:17.736+0000] {logging_mixin.py:151} INFO - [2023-10-11T07:17:17.736+0000] {dag.py:2915} INFO - Sync 1 DAGs
[2023-10-11T07:17:17.763+0000] {logging_mixin.py:151} INFO - [2023-10-11T07:17:17.763+0000] {dag.py:3696} INFO - Setting next_dagrun for example_sensors to None, run_after=None
[2023-10-11T07:17:17.795+0000] {processor.py:179} INFO - Processing /home/airflow/.local/lib/python3.8/site-packages/airflow/example_dags/example_sensors.py took 0.108 seconds
[2023-10-11T07:17:48.111+0000] {processor.py:157} INFO - Started process (PID=7953) to work on /home/airflow/.local/lib/python3.8/site-packages/airflow/example_dags/example_sensors.py
[2023-10-11T07:17:48.113+0000] {processor.py:829} INFO - Processing file /home/airflow/.local/lib/python3.8/site-packages/airflow/example_dags/example_sensors.py for tasks to queue
[2023-10-11T07:17:48.114+0000] {logging_mixin.py:151} INFO - [2023-10-11T07:17:48.114+0000] {dagbag.py:539} INFO - Filling up the DagBag from /home/airflow/.local/lib/python3.8/site-packages/airflow/example_dags/example_sensors.py
[2023-10-11T07:17:48.129+0000] {processor.py:839} INFO - DAG(s) dict_keys(['example_sensors']) retrieved from /home/airflow/.local/lib/python3.8/site-packages/airflow/example_dags/example_sensors.py
[2023-10-11T07:17:48.192+0000] {logging_mixin.py:151} INFO - [2023-10-11T07:17:48.192+0000] {dag.py:2915} INFO - Sync 1 DAGs
[2023-10-11T07:17:48.207+0000] {logging_mixin.py:151} INFO - [2023-10-11T07:17:48.207+0000] {dag.py:3696} INFO - Setting next_dagrun for example_sensors to None, run_after=None
[2023-10-11T07:17:48.226+0000] {processor.py:179} INFO - Processing /home/airflow/.local/lib/python3.8/site-packages/airflow/example_dags/example_sensors.py took 0.120 seconds
[2023-10-11T07:18:18.881+0000] {processor.py:157} INFO - Started process (PID=8196) to work on /home/airflow/.local/lib/python3.8/site-packages/airflow/example_dags/example_sensors.py
[2023-10-11T07:18:18.882+0000] {processor.py:829} INFO - Processing file /home/airflow/.local/lib/python3.8/site-packages/airflow/example_dags/example_sensors.py for tasks to queue
[2023-10-11T07:18:18.883+0000] {logging_mixin.py:151} INFO - [2023-10-11T07:18:18.883+0000] {dagbag.py:539} INFO - Filling up the DagBag from /home/airflow/.local/lib/python3.8/site-packages/airflow/example_dags/example_sensors.py
[2023-10-11T07:18:18.896+0000] {processor.py:839} INFO - DAG(s) dict_keys(['example_sensors']) retrieved from /home/airflow/.local/lib/python3.8/site-packages/airflow/example_dags/example_sensors.py
[2023-10-11T07:18:18.935+0000] {logging_mixin.py:151} INFO - [2023-10-11T07:18:18.935+0000] {dag.py:2915} INFO - Sync 1 DAGs
[2023-10-11T07:18:18.984+0000] {logging_mixin.py:151} INFO - [2023-10-11T07:18:18.983+0000] {dag.py:3696} INFO - Setting next_dagrun for example_sensors to None, run_after=None
[2023-10-11T07:18:19.007+0000] {processor.py:179} INFO - Processing /home/airflow/.local/lib/python3.8/site-packages/airflow/example_dags/example_sensors.py took 0.131 seconds
[2023-10-11T07:18:49.429+0000] {processor.py:157} INFO - Started process (PID=8439) to work on /home/airflow/.local/lib/python3.8/site-packages/airflow/example_dags/example_sensors.py
[2023-10-11T07:18:49.430+0000] {processor.py:829} INFO - Processing file /home/airflow/.local/lib/python3.8/site-packages/airflow/example_dags/example_sensors.py for tasks to queue
[2023-10-11T07:18:49.431+0000] {logging_mixin.py:151} INFO - [2023-10-11T07:18:49.431+0000] {dagbag.py:539} INFO - Filling up the DagBag from /home/airflow/.local/lib/python3.8/site-packages/airflow/example_dags/example_sensors.py
[2023-10-11T07:18:49.443+0000] {processor.py:839} INFO - DAG(s) dict_keys(['example_sensors']) retrieved from /home/airflow/.local/lib/python3.8/site-packages/airflow/example_dags/example_sensors.py
[2023-10-11T07:18:49.489+0000] {logging_mixin.py:151} INFO - [2023-10-11T07:18:49.489+0000] {dag.py:2915} INFO - Sync 1 DAGs
[2023-10-11T07:18:49.500+0000] {logging_mixin.py:151} INFO - [2023-10-11T07:18:49.500+0000] {dag.py:3696} INFO - Setting next_dagrun for example_sensors to None, run_after=None
[2023-10-11T07:18:49.515+0000] {processor.py:179} INFO - Processing /home/airflow/.local/lib/python3.8/site-packages/airflow/example_dags/example_sensors.py took 0.091 seconds
[2023-10-11T07:19:19.677+0000] {processor.py:157} INFO - Started process (PID=8682) to work on /home/airflow/.local/lib/python3.8/site-packages/airflow/example_dags/example_sensors.py
[2023-10-11T07:19:19.678+0000] {processor.py:829} INFO - Processing file /home/airflow/.local/lib/python3.8/site-packages/airflow/example_dags/example_sensors.py for tasks to queue
[2023-10-11T07:19:19.679+0000] {logging_mixin.py:151} INFO - [2023-10-11T07:19:19.679+0000] {dagbag.py:539} INFO - Filling up the DagBag from /home/airflow/.local/lib/python3.8/site-packages/airflow/example_dags/example_sensors.py
[2023-10-11T07:19:19.687+0000] {processor.py:839} INFO - DAG(s) dict_keys(['example_sensors']) retrieved from /home/airflow/.local/lib/python3.8/site-packages/airflow/example_dags/example_sensors.py
[2023-10-11T07:19:19.705+0000] {logging_mixin.py:151} INFO - [2023-10-11T07:19:19.705+0000] {dag.py:2915} INFO - Sync 1 DAGs
[2023-10-11T07:19:19.715+0000] {logging_mixin.py:151} INFO - [2023-10-11T07:19:19.715+0000] {dag.py:3696} INFO - Setting next_dagrun for example_sensors to None, run_after=None
[2023-10-11T07:19:19.732+0000] {processor.py:179} INFO - Processing /home/airflow/.local/lib/python3.8/site-packages/airflow/example_dags/example_sensors.py took 0.057 seconds
[2023-10-11T07:19:50.283+0000] {processor.py:157} INFO - Started process (PID=8925) to work on /home/airflow/.local/lib/python3.8/site-packages/airflow/example_dags/example_sensors.py
[2023-10-11T07:19:50.284+0000] {processor.py:829} INFO - Processing file /home/airflow/.local/lib/python3.8/site-packages/airflow/example_dags/example_sensors.py for tasks to queue
[2023-10-11T07:19:50.285+0000] {logging_mixin.py:151} INFO - [2023-10-11T07:19:50.285+0000] {dagbag.py:539} INFO - Filling up the DagBag from /home/airflow/.local/lib/python3.8/site-packages/airflow/example_dags/example_sensors.py
[2023-10-11T07:19:50.298+0000] {processor.py:839} INFO - DAG(s) dict_keys(['example_sensors']) retrieved from /home/airflow/.local/lib/python3.8/site-packages/airflow/example_dags/example_sensors.py
[2023-10-11T07:19:50.327+0000] {logging_mixin.py:151} INFO - [2023-10-11T07:19:50.327+0000] {dag.py:2915} INFO - Sync 1 DAGs
[2023-10-11T07:19:50.340+0000] {logging_mixin.py:151} INFO - [2023-10-11T07:19:50.339+0000] {dag.py:3696} INFO - Setting next_dagrun for example_sensors to None, run_after=None
[2023-10-11T07:19:50.388+0000] {processor.py:179} INFO - Processing /home/airflow/.local/lib/python3.8/site-packages/airflow/example_dags/example_sensors.py took 0.109 seconds
[2023-10-11T07:20:20.684+0000] {processor.py:157} INFO - Started process (PID=9168) to work on /home/airflow/.local/lib/python3.8/site-packages/airflow/example_dags/example_sensors.py
[2023-10-11T07:20:20.685+0000] {processor.py:829} INFO - Processing file /home/airflow/.local/lib/python3.8/site-packages/airflow/example_dags/example_sensors.py for tasks to queue
[2023-10-11T07:20:20.686+0000] {logging_mixin.py:151} INFO - [2023-10-11T07:20:20.686+0000] {dagbag.py:539} INFO - Filling up the DagBag from /home/airflow/.local/lib/python3.8/site-packages/airflow/example_dags/example_sensors.py
[2023-10-11T07:20:20.698+0000] {processor.py:839} INFO - DAG(s) dict_keys(['example_sensors']) retrieved from /home/airflow/.local/lib/python3.8/site-packages/airflow/example_dags/example_sensors.py
[2023-10-11T07:20:20.725+0000] {logging_mixin.py:151} INFO - [2023-10-11T07:20:20.725+0000] {dag.py:2915} INFO - Sync 1 DAGs
[2023-10-11T07:20:20.736+0000] {logging_mixin.py:151} INFO - [2023-10-11T07:20:20.735+0000] {dag.py:3696} INFO - Setting next_dagrun for example_sensors to None, run_after=None
[2023-10-11T07:20:20.781+0000] {processor.py:179} INFO - Processing /home/airflow/.local/lib/python3.8/site-packages/airflow/example_dags/example_sensors.py took 0.102 seconds
[2023-10-11T07:20:51.482+0000] {processor.py:157} INFO - Started process (PID=9411) to work on /home/airflow/.local/lib/python3.8/site-packages/airflow/example_dags/example_sensors.py
[2023-10-11T07:20:51.485+0000] {processor.py:829} INFO - Processing file /home/airflow/.local/lib/python3.8/site-packages/airflow/example_dags/example_sensors.py for tasks to queue
[2023-10-11T07:20:51.487+0000] {logging_mixin.py:151} INFO - [2023-10-11T07:20:51.486+0000] {dagbag.py:539} INFO - Filling up the DagBag from /home/airflow/.local/lib/python3.8/site-packages/airflow/example_dags/example_sensors.py
[2023-10-11T07:20:51.497+0000] {processor.py:839} INFO - DAG(s) dict_keys(['example_sensors']) retrieved from /home/airflow/.local/lib/python3.8/site-packages/airflow/example_dags/example_sensors.py
[2023-10-11T07:20:51.522+0000] {logging_mixin.py:151} INFO - [2023-10-11T07:20:51.522+0000] {dag.py:2915} INFO - Sync 1 DAGs
[2023-10-11T07:20:51.531+0000] {logging_mixin.py:151} INFO - [2023-10-11T07:20:51.530+0000] {dag.py:3696} INFO - Setting next_dagrun for example_sensors to None, run_after=None
[2023-10-11T07:20:51.561+0000] {processor.py:179} INFO - Processing /home/airflow/.local/lib/python3.8/site-packages/airflow/example_dags/example_sensors.py took 0.085 seconds
[2023-10-11T07:21:21.639+0000] {processor.py:157} INFO - Started process (PID=9654) to work on /home/airflow/.local/lib/python3.8/site-packages/airflow/example_dags/example_sensors.py
[2023-10-11T07:21:21.641+0000] {processor.py:829} INFO - Processing file /home/airflow/.local/lib/python3.8/site-packages/airflow/example_dags/example_sensors.py for tasks to queue
[2023-10-11T07:21:21.642+0000] {logging_mixin.py:151} INFO - [2023-10-11T07:21:21.642+0000] {dagbag.py:539} INFO - Filling up the DagBag from /home/airflow/.local/lib/python3.8/site-packages/airflow/example_dags/example_sensors.py
[2023-10-11T07:21:21.654+0000] {processor.py:839} INFO - DAG(s) dict_keys(['example_sensors']) retrieved from /home/airflow/.local/lib/python3.8/site-packages/airflow/example_dags/example_sensors.py
[2023-10-11T07:21:21.677+0000] {logging_mixin.py:151} INFO - [2023-10-11T07:21:21.677+0000] {dag.py:2915} INFO - Sync 1 DAGs
[2023-10-11T07:21:21.686+0000] {logging_mixin.py:151} INFO - [2023-10-11T07:21:21.686+0000] {dag.py:3696} INFO - Setting next_dagrun for example_sensors to None, run_after=None
[2023-10-11T07:21:21.700+0000] {processor.py:179} INFO - Processing /home/airflow/.local/lib/python3.8/site-packages/airflow/example_dags/example_sensors.py took 0.066 seconds
[2023-10-11T07:21:52.223+0000] {processor.py:157} INFO - Started process (PID=9897) to work on /home/airflow/.local/lib/python3.8/site-packages/airflow/example_dags/example_sensors.py
[2023-10-11T07:21:52.225+0000] {processor.py:829} INFO - Processing file /home/airflow/.local/lib/python3.8/site-packages/airflow/example_dags/example_sensors.py for tasks to queue
[2023-10-11T07:21:52.226+0000] {logging_mixin.py:151} INFO - [2023-10-11T07:21:52.226+0000] {dagbag.py:539} INFO - Filling up the DagBag from /home/airflow/.local/lib/python3.8/site-packages/airflow/example_dags/example_sensors.py
[2023-10-11T07:21:52.237+0000] {processor.py:839} INFO - DAG(s) dict_keys(['example_sensors']) retrieved from /home/airflow/.local/lib/python3.8/site-packages/airflow/example_dags/example_sensors.py
[2023-10-11T07:21:52.272+0000] {logging_mixin.py:151} INFO - [2023-10-11T07:21:52.272+0000] {dag.py:2915} INFO - Sync 1 DAGs
[2023-10-11T07:21:52.291+0000] {logging_mixin.py:151} INFO - [2023-10-11T07:21:52.291+0000] {dag.py:3696} INFO - Setting next_dagrun for example_sensors to None, run_after=None
[2023-10-11T07:21:52.315+0000] {processor.py:179} INFO - Processing /home/airflow/.local/lib/python3.8/site-packages/airflow/example_dags/example_sensors.py took 0.096 seconds
[2023-10-11T07:22:22.502+0000] {processor.py:157} INFO - Started process (PID=10140) to work on /home/airflow/.local/lib/python3.8/site-packages/airflow/example_dags/example_sensors.py
[2023-10-11T07:22:22.503+0000] {processor.py:829} INFO - Processing file /home/airflow/.local/lib/python3.8/site-packages/airflow/example_dags/example_sensors.py for tasks to queue
[2023-10-11T07:22:22.504+0000] {logging_mixin.py:151} INFO - [2023-10-11T07:22:22.504+0000] {dagbag.py:539} INFO - Filling up the DagBag from /home/airflow/.local/lib/python3.8/site-packages/airflow/example_dags/example_sensors.py
[2023-10-11T07:22:22.512+0000] {processor.py:839} INFO - DAG(s) dict_keys(['example_sensors']) retrieved from /home/airflow/.local/lib/python3.8/site-packages/airflow/example_dags/example_sensors.py
[2023-10-11T07:22:22.529+0000] {logging_mixin.py:151} INFO - [2023-10-11T07:22:22.529+0000] {dag.py:2915} INFO - Sync 1 DAGs
[2023-10-11T07:22:22.537+0000] {logging_mixin.py:151} INFO - [2023-10-11T07:22:22.537+0000] {dag.py:3696} INFO - Setting next_dagrun for example_sensors to None, run_after=None
[2023-10-11T07:22:22.574+0000] {processor.py:179} INFO - Processing /home/airflow/.local/lib/python3.8/site-packages/airflow/example_dags/example_sensors.py took 0.075 seconds
[2023-10-11T07:22:52.713+0000] {processor.py:157} INFO - Started process (PID=10383) to work on /home/airflow/.local/lib/python3.8/site-packages/airflow/example_dags/example_sensors.py
[2023-10-11T07:22:52.715+0000] {processor.py:829} INFO - Processing file /home/airflow/.local/lib/python3.8/site-packages/airflow/example_dags/example_sensors.py for tasks to queue
[2023-10-11T07:22:52.716+0000] {logging_mixin.py:151} INFO - [2023-10-11T07:22:52.715+0000] {dagbag.py:539} INFO - Filling up the DagBag from /home/airflow/.local/lib/python3.8/site-packages/airflow/example_dags/example_sensors.py
[2023-10-11T07:22:52.731+0000] {processor.py:839} INFO - DAG(s) dict_keys(['example_sensors']) retrieved from /home/airflow/.local/lib/python3.8/site-packages/airflow/example_dags/example_sensors.py
[2023-10-11T07:22:52.787+0000] {logging_mixin.py:151} INFO - [2023-10-11T07:22:52.787+0000] {dag.py:2915} INFO - Sync 1 DAGs
[2023-10-11T07:22:52.799+0000] {logging_mixin.py:151} INFO - [2023-10-11T07:22:52.799+0000] {dag.py:3696} INFO - Setting next_dagrun for example_sensors to None, run_after=None
[2023-10-11T07:22:52.815+0000] {processor.py:179} INFO - Processing /home/airflow/.local/lib/python3.8/site-packages/airflow/example_dags/example_sensors.py took 0.111 seconds
[2023-10-11T07:23:22.918+0000] {processor.py:157} INFO - Started process (PID=10626) to work on /home/airflow/.local/lib/python3.8/site-packages/airflow/example_dags/example_sensors.py
[2023-10-11T07:23:22.919+0000] {processor.py:829} INFO - Processing file /home/airflow/.local/lib/python3.8/site-packages/airflow/example_dags/example_sensors.py for tasks to queue
[2023-10-11T07:23:22.920+0000] {logging_mixin.py:151} INFO - [2023-10-11T07:23:22.920+0000] {dagbag.py:539} INFO - Filling up the DagBag from /home/airflow/.local/lib/python3.8/site-packages/airflow/example_dags/example_sensors.py
[2023-10-11T07:23:22.931+0000] {processor.py:839} INFO - DAG(s) dict_keys(['example_sensors']) retrieved from /home/airflow/.local/lib/python3.8/site-packages/airflow/example_dags/example_sensors.py
[2023-10-11T07:23:22.973+0000] {logging_mixin.py:151} INFO - [2023-10-11T07:23:22.973+0000] {dag.py:2915} INFO - Sync 1 DAGs
[2023-10-11T07:23:22.995+0000] {logging_mixin.py:151} INFO - [2023-10-11T07:23:22.994+0000] {dag.py:3696} INFO - Setting next_dagrun for example_sensors to None, run_after=None
[2023-10-11T07:23:23.017+0000] {processor.py:179} INFO - Processing /home/airflow/.local/lib/python3.8/site-packages/airflow/example_dags/example_sensors.py took 0.104 seconds
[2023-10-11T07:23:53.103+0000] {processor.py:157} INFO - Started process (PID=10869) to work on /home/airflow/.local/lib/python3.8/site-packages/airflow/example_dags/example_sensors.py
[2023-10-11T07:23:53.105+0000] {processor.py:829} INFO - Processing file /home/airflow/.local/lib/python3.8/site-packages/airflow/example_dags/example_sensors.py for tasks to queue
[2023-10-11T07:23:53.106+0000] {logging_mixin.py:151} INFO - [2023-10-11T07:23:53.105+0000] {dagbag.py:539} INFO - Filling up the DagBag from /home/airflow/.local/lib/python3.8/site-packages/airflow/example_dags/example_sensors.py
[2023-10-11T07:23:53.112+0000] {processor.py:839} INFO - DAG(s) dict_keys(['example_sensors']) retrieved from /home/airflow/.local/lib/python3.8/site-packages/airflow/example_dags/example_sensors.py
[2023-10-11T07:23:53.131+0000] {logging_mixin.py:151} INFO - [2023-10-11T07:23:53.131+0000] {dag.py:2915} INFO - Sync 1 DAGs
[2023-10-11T07:23:53.139+0000] {logging_mixin.py:151} INFO - [2023-10-11T07:23:53.139+0000] {dag.py:3696} INFO - Setting next_dagrun for example_sensors to None, run_after=None
[2023-10-11T07:23:53.167+0000] {processor.py:179} INFO - Processing /home/airflow/.local/lib/python3.8/site-packages/airflow/example_dags/example_sensors.py took 0.067 seconds
[2023-10-11T07:24:23.536+0000] {processor.py:157} INFO - Started process (PID=11112) to work on /home/airflow/.local/lib/python3.8/site-packages/airflow/example_dags/example_sensors.py
[2023-10-11T07:24:23.538+0000] {processor.py:829} INFO - Processing file /home/airflow/.local/lib/python3.8/site-packages/airflow/example_dags/example_sensors.py for tasks to queue
[2023-10-11T07:24:23.539+0000] {logging_mixin.py:151} INFO - [2023-10-11T07:24:23.539+0000] {dagbag.py:539} INFO - Filling up the DagBag from /home/airflow/.local/lib/python3.8/site-packages/airflow/example_dags/example_sensors.py
[2023-10-11T07:24:23.549+0000] {processor.py:839} INFO - DAG(s) dict_keys(['example_sensors']) retrieved from /home/airflow/.local/lib/python3.8/site-packages/airflow/example_dags/example_sensors.py
[2023-10-11T07:24:23.608+0000] {logging_mixin.py:151} INFO - [2023-10-11T07:24:23.608+0000] {dag.py:2915} INFO - Sync 1 DAGs
[2023-10-11T07:24:23.625+0000] {logging_mixin.py:151} INFO - [2023-10-11T07:24:23.625+0000] {dag.py:3696} INFO - Setting next_dagrun for example_sensors to None, run_after=None
[2023-10-11T07:24:23.640+0000] {processor.py:179} INFO - Processing /home/airflow/.local/lib/python3.8/site-packages/airflow/example_dags/example_sensors.py took 0.108 seconds
[2023-10-11T07:24:53.717+0000] {processor.py:157} INFO - Started process (PID=11355) to work on /home/airflow/.local/lib/python3.8/site-packages/airflow/example_dags/example_sensors.py
[2023-10-11T07:24:53.718+0000] {processor.py:829} INFO - Processing file /home/airflow/.local/lib/python3.8/site-packages/airflow/example_dags/example_sensors.py for tasks to queue
[2023-10-11T07:24:53.719+0000] {logging_mixin.py:151} INFO - [2023-10-11T07:24:53.719+0000] {dagbag.py:539} INFO - Filling up the DagBag from /home/airflow/.local/lib/python3.8/site-packages/airflow/example_dags/example_sensors.py
[2023-10-11T07:24:53.728+0000] {processor.py:839} INFO - DAG(s) dict_keys(['example_sensors']) retrieved from /home/airflow/.local/lib/python3.8/site-packages/airflow/example_dags/example_sensors.py
[2023-10-11T07:24:53.753+0000] {logging_mixin.py:151} INFO - [2023-10-11T07:24:53.753+0000] {dag.py:2915} INFO - Sync 1 DAGs
[2023-10-11T07:24:53.777+0000] {logging_mixin.py:151} INFO - [2023-10-11T07:24:53.776+0000] {dag.py:3696} INFO - Setting next_dagrun for example_sensors to None, run_after=None
[2023-10-11T07:24:53.792+0000] {processor.py:179} INFO - Processing /home/airflow/.local/lib/python3.8/site-packages/airflow/example_dags/example_sensors.py took 0.078 seconds
[2023-10-11T07:25:23.851+0000] {processor.py:157} INFO - Started process (PID=11598) to work on /home/airflow/.local/lib/python3.8/site-packages/airflow/example_dags/example_sensors.py
[2023-10-11T07:25:23.877+0000] {processor.py:829} INFO - Processing file /home/airflow/.local/lib/python3.8/site-packages/airflow/example_dags/example_sensors.py for tasks to queue
[2023-10-11T07:25:23.879+0000] {logging_mixin.py:151} INFO - [2023-10-11T07:25:23.878+0000] {dagbag.py:539} INFO - Filling up the DagBag from /home/airflow/.local/lib/python3.8/site-packages/airflow/example_dags/example_sensors.py
[2023-10-11T07:25:23.892+0000] {processor.py:839} INFO - DAG(s) dict_keys(['example_sensors']) retrieved from /home/airflow/.local/lib/python3.8/site-packages/airflow/example_dags/example_sensors.py
[2023-10-11T07:25:23.973+0000] {logging_mixin.py:151} INFO - [2023-10-11T07:25:23.954+0000] {dag.py:2915} INFO - Sync 1 DAGs
[2023-10-11T07:25:24.002+0000] {logging_mixin.py:151} INFO - [2023-10-11T07:25:24.001+0000] {dag.py:3696} INFO - Setting next_dagrun for example_sensors to None, run_after=None
[2023-10-11T07:25:24.028+0000] {processor.py:179} INFO - Processing /home/airflow/.local/lib/python3.8/site-packages/airflow/example_dags/example_sensors.py took 0.187 seconds
[2023-10-11T07:25:54.865+0000] {processor.py:157} INFO - Started process (PID=11841) to work on /home/airflow/.local/lib/python3.8/site-packages/airflow/example_dags/example_sensors.py
[2023-10-11T07:25:54.868+0000] {processor.py:829} INFO - Processing file /home/airflow/.local/lib/python3.8/site-packages/airflow/example_dags/example_sensors.py for tasks to queue
[2023-10-11T07:25:54.870+0000] {logging_mixin.py:151} INFO - [2023-10-11T07:25:54.869+0000] {dagbag.py:539} INFO - Filling up the DagBag from /home/airflow/.local/lib/python3.8/site-packages/airflow/example_dags/example_sensors.py
[2023-10-11T07:25:54.882+0000] {processor.py:839} INFO - DAG(s) dict_keys(['example_sensors']) retrieved from /home/airflow/.local/lib/python3.8/site-packages/airflow/example_dags/example_sensors.py
[2023-10-11T07:25:54.902+0000] {logging_mixin.py:151} INFO - [2023-10-11T07:25:54.901+0000] {dag.py:2915} INFO - Sync 1 DAGs
[2023-10-11T07:25:54.910+0000] {logging_mixin.py:151} INFO - [2023-10-11T07:25:54.910+0000] {dag.py:3696} INFO - Setting next_dagrun for example_sensors to None, run_after=None
[2023-10-11T07:25:54.922+0000] {processor.py:179} INFO - Processing /home/airflow/.local/lib/python3.8/site-packages/airflow/example_dags/example_sensors.py took 0.065 seconds
[2023-10-11T07:26:25.325+0000] {processor.py:157} INFO - Started process (PID=12084) to work on /home/airflow/.local/lib/python3.8/site-packages/airflow/example_dags/example_sensors.py
[2023-10-11T07:26:25.327+0000] {processor.py:829} INFO - Processing file /home/airflow/.local/lib/python3.8/site-packages/airflow/example_dags/example_sensors.py for tasks to queue
[2023-10-11T07:26:25.328+0000] {logging_mixin.py:151} INFO - [2023-10-11T07:26:25.328+0000] {dagbag.py:539} INFO - Filling up the DagBag from /home/airflow/.local/lib/python3.8/site-packages/airflow/example_dags/example_sensors.py
[2023-10-11T07:26:25.335+0000] {processor.py:839} INFO - DAG(s) dict_keys(['example_sensors']) retrieved from /home/airflow/.local/lib/python3.8/site-packages/airflow/example_dags/example_sensors.py
[2023-10-11T07:26:25.361+0000] {logging_mixin.py:151} INFO - [2023-10-11T07:26:25.361+0000] {dag.py:2915} INFO - Sync 1 DAGs
[2023-10-11T07:26:25.377+0000] {logging_mixin.py:151} INFO - [2023-10-11T07:26:25.377+0000] {dag.py:3696} INFO - Setting next_dagrun for example_sensors to None, run_after=None
[2023-10-11T07:26:25.389+0000] {processor.py:179} INFO - Processing /home/airflow/.local/lib/python3.8/site-packages/airflow/example_dags/example_sensors.py took 0.067 seconds
[2023-10-11T07:26:55.698+0000] {processor.py:157} INFO - Started process (PID=12327) to work on /home/airflow/.local/lib/python3.8/site-packages/airflow/example_dags/example_sensors.py
[2023-10-11T07:26:55.700+0000] {processor.py:829} INFO - Processing file /home/airflow/.local/lib/python3.8/site-packages/airflow/example_dags/example_sensors.py for tasks to queue
[2023-10-11T07:26:55.701+0000] {logging_mixin.py:151} INFO - [2023-10-11T07:26:55.701+0000] {dagbag.py:539} INFO - Filling up the DagBag from /home/airflow/.local/lib/python3.8/site-packages/airflow/example_dags/example_sensors.py
[2023-10-11T07:26:55.733+0000] {processor.py:839} INFO - DAG(s) dict_keys(['example_sensors']) retrieved from /home/airflow/.local/lib/python3.8/site-packages/airflow/example_dags/example_sensors.py
[2023-10-11T07:26:55.807+0000] {logging_mixin.py:151} INFO - [2023-10-11T07:26:55.806+0000] {dag.py:2915} INFO - Sync 1 DAGs
[2023-10-11T07:26:55.820+0000] {logging_mixin.py:151} INFO - [2023-10-11T07:26:55.820+0000] {dag.py:3696} INFO - Setting next_dagrun for example_sensors to None, run_after=None
[2023-10-11T07:26:55.875+0000] {processor.py:179} INFO - Processing /home/airflow/.local/lib/python3.8/site-packages/airflow/example_dags/example_sensors.py took 0.181 seconds
[2023-10-11T07:27:26.702+0000] {processor.py:157} INFO - Started process (PID=12570) to work on /home/airflow/.local/lib/python3.8/site-packages/airflow/example_dags/example_sensors.py
[2023-10-11T07:27:26.703+0000] {processor.py:829} INFO - Processing file /home/airflow/.local/lib/python3.8/site-packages/airflow/example_dags/example_sensors.py for tasks to queue
[2023-10-11T07:27:26.703+0000] {logging_mixin.py:151} INFO - [2023-10-11T07:27:26.703+0000] {dagbag.py:539} INFO - Filling up the DagBag from /home/airflow/.local/lib/python3.8/site-packages/airflow/example_dags/example_sensors.py
[2023-10-11T07:27:26.709+0000] {processor.py:839} INFO - DAG(s) dict_keys(['example_sensors']) retrieved from /home/airflow/.local/lib/python3.8/site-packages/airflow/example_dags/example_sensors.py
[2023-10-11T07:27:26.726+0000] {logging_mixin.py:151} INFO - [2023-10-11T07:27:26.726+0000] {dag.py:2915} INFO - Sync 1 DAGs
[2023-10-11T07:27:26.733+0000] {logging_mixin.py:151} INFO - [2023-10-11T07:27:26.732+0000] {dag.py:3696} INFO - Setting next_dagrun for example_sensors to None, run_after=None
[2023-10-11T07:27:26.744+0000] {processor.py:179} INFO - Processing /home/airflow/.local/lib/python3.8/site-packages/airflow/example_dags/example_sensors.py took 0.045 seconds
[2023-10-11T07:27:56.873+0000] {processor.py:157} INFO - Started process (PID=12813) to work on /home/airflow/.local/lib/python3.8/site-packages/airflow/example_dags/example_sensors.py
[2023-10-11T07:27:56.873+0000] {processor.py:829} INFO - Processing file /home/airflow/.local/lib/python3.8/site-packages/airflow/example_dags/example_sensors.py for tasks to queue
[2023-10-11T07:27:56.874+0000] {logging_mixin.py:151} INFO - [2023-10-11T07:27:56.874+0000] {dagbag.py:539} INFO - Filling up the DagBag from /home/airflow/.local/lib/python3.8/site-packages/airflow/example_dags/example_sensors.py
[2023-10-11T07:27:56.880+0000] {processor.py:839} INFO - DAG(s) dict_keys(['example_sensors']) retrieved from /home/airflow/.local/lib/python3.8/site-packages/airflow/example_dags/example_sensors.py
[2023-10-11T07:27:56.895+0000] {logging_mixin.py:151} INFO - [2023-10-11T07:27:56.895+0000] {dag.py:2915} INFO - Sync 1 DAGs
[2023-10-11T07:27:56.902+0000] {logging_mixin.py:151} INFO - [2023-10-11T07:27:56.901+0000] {dag.py:3696} INFO - Setting next_dagrun for example_sensors to None, run_after=None
[2023-10-11T07:27:56.911+0000] {processor.py:179} INFO - Processing /home/airflow/.local/lib/python3.8/site-packages/airflow/example_dags/example_sensors.py took 0.042 seconds
[2023-10-11T07:28:27.183+0000] {processor.py:157} INFO - Started process (PID=13056) to work on /home/airflow/.local/lib/python3.8/site-packages/airflow/example_dags/example_sensors.py
[2023-10-11T07:28:27.184+0000] {processor.py:829} INFO - Processing file /home/airflow/.local/lib/python3.8/site-packages/airflow/example_dags/example_sensors.py for tasks to queue
[2023-10-11T07:28:27.185+0000] {logging_mixin.py:151} INFO - [2023-10-11T07:28:27.185+0000] {dagbag.py:539} INFO - Filling up the DagBag from /home/airflow/.local/lib/python3.8/site-packages/airflow/example_dags/example_sensors.py
[2023-10-11T07:28:27.193+0000] {processor.py:839} INFO - DAG(s) dict_keys(['example_sensors']) retrieved from /home/airflow/.local/lib/python3.8/site-packages/airflow/example_dags/example_sensors.py
[2023-10-11T07:28:27.214+0000] {logging_mixin.py:151} INFO - [2023-10-11T07:28:27.214+0000] {dag.py:2915} INFO - Sync 1 DAGs
[2023-10-11T07:28:27.221+0000] {logging_mixin.py:151} INFO - [2023-10-11T07:28:27.221+0000] {dag.py:3696} INFO - Setting next_dagrun for example_sensors to None, run_after=None
[2023-10-11T07:28:27.232+0000] {processor.py:179} INFO - Processing /home/airflow/.local/lib/python3.8/site-packages/airflow/example_dags/example_sensors.py took 0.051 seconds
