[2023-10-11T07:01:30.635+0000] {processor.py:157} INFO - Started process (PID=205) to work on /home/airflow/.local/lib/python3.8/site-packages/airflow/example_dags/example_setup_teardown.py
[2023-10-11T07:01:30.636+0000] {processor.py:829} INFO - Processing file /home/airflow/.local/lib/python3.8/site-packages/airflow/example_dags/example_setup_teardown.py for tasks to queue
[2023-10-11T07:01:30.637+0000] {logging_mixin.py:151} INFO - [2023-10-11T07:01:30.637+0000] {dagbag.py:539} INFO - Filling up the DagBag from /home/airflow/.local/lib/python3.8/site-packages/airflow/example_dags/example_setup_teardown.py
[2023-10-11T07:01:30.646+0000] {processor.py:839} INFO - DAG(s) dict_keys(['example_setup_teardown']) retrieved from /home/airflow/.local/lib/python3.8/site-packages/airflow/example_dags/example_setup_teardown.py
[2023-10-11T07:01:30.913+0000] {logging_mixin.py:151} INFO - [2023-10-11T07:01:30.913+0000] {manager.py:499} INFO - Created Permission View: %s
[2023-10-11T07:01:30.922+0000] {logging_mixin.py:151} INFO - [2023-10-11T07:01:30.921+0000] {manager.py:499} INFO - Created Permission View: %s
[2023-10-11T07:01:30.927+0000] {logging_mixin.py:151} INFO - [2023-10-11T07:01:30.927+0000] {manager.py:499} INFO - Created Permission View: %s
[2023-10-11T07:01:30.927+0000] {logging_mixin.py:151} INFO - [2023-10-11T07:01:30.927+0000] {security.py:708} INFO - Not syncing DAG-level permissions for DAG 'DAG:example_setup_teardown' as access control is unset.
[2023-10-11T07:01:30.928+0000] {logging_mixin.py:151} INFO - [2023-10-11T07:01:30.928+0000] {dag.py:2915} INFO - Sync 1 DAGs
[2023-10-11T07:01:30.935+0000] {logging_mixin.py:151} INFO - [2023-10-11T07:01:30.935+0000] {dag.py:2937} INFO - Creating ORM DAG for example_setup_teardown
[2023-10-11T07:01:30.944+0000] {logging_mixin.py:151} INFO - [2023-10-11T07:01:30.943+0000] {dag.py:3696} INFO - Setting next_dagrun for example_setup_teardown to 2023-10-10T07:01:30.943739+00:00, run_after=2023-10-11T07:01:30.943739+00:00
[2023-10-11T07:01:30.986+0000] {processor.py:179} INFO - Processing /home/airflow/.local/lib/python3.8/site-packages/airflow/example_dags/example_setup_teardown.py took 0.355 seconds
[2023-10-11T07:02:01.606+0000] {processor.py:157} INFO - Started process (PID=444) to work on /home/airflow/.local/lib/python3.8/site-packages/airflow/example_dags/example_setup_teardown.py
[2023-10-11T07:02:01.606+0000] {processor.py:829} INFO - Processing file /home/airflow/.local/lib/python3.8/site-packages/airflow/example_dags/example_setup_teardown.py for tasks to queue
[2023-10-11T07:02:01.607+0000] {logging_mixin.py:151} INFO - [2023-10-11T07:02:01.607+0000] {dagbag.py:539} INFO - Filling up the DagBag from /home/airflow/.local/lib/python3.8/site-packages/airflow/example_dags/example_setup_teardown.py
[2023-10-11T07:02:01.613+0000] {processor.py:839} INFO - DAG(s) dict_keys(['example_setup_teardown']) retrieved from /home/airflow/.local/lib/python3.8/site-packages/airflow/example_dags/example_setup_teardown.py
[2023-10-11T07:02:01.630+0000] {logging_mixin.py:151} INFO - [2023-10-11T07:02:01.630+0000] {dag.py:2915} INFO - Sync 1 DAGs
[2023-10-11T07:02:01.645+0000] {logging_mixin.py:151} INFO - [2023-10-11T07:02:01.645+0000] {dag.py:3696} INFO - Setting next_dagrun for example_setup_teardown to 2023-10-10T07:02:01.645575+00:00, run_after=2023-10-11T07:02:01.645575+00:00
[2023-10-11T07:02:01.657+0000] {processor.py:179} INFO - Processing /home/airflow/.local/lib/python3.8/site-packages/airflow/example_dags/example_setup_teardown.py took 0.055 seconds
[2023-10-11T07:02:31.827+0000] {processor.py:157} INFO - Started process (PID=683) to work on /home/airflow/.local/lib/python3.8/site-packages/airflow/example_dags/example_setup_teardown.py
[2023-10-11T07:02:31.828+0000] {processor.py:829} INFO - Processing file /home/airflow/.local/lib/python3.8/site-packages/airflow/example_dags/example_setup_teardown.py for tasks to queue
[2023-10-11T07:02:31.829+0000] {logging_mixin.py:151} INFO - [2023-10-11T07:02:31.828+0000] {dagbag.py:539} INFO - Filling up the DagBag from /home/airflow/.local/lib/python3.8/site-packages/airflow/example_dags/example_setup_teardown.py
[2023-10-11T07:02:31.835+0000] {processor.py:839} INFO - DAG(s) dict_keys(['example_setup_teardown']) retrieved from /home/airflow/.local/lib/python3.8/site-packages/airflow/example_dags/example_setup_teardown.py
[2023-10-11T07:02:31.850+0000] {logging_mixin.py:151} INFO - [2023-10-11T07:02:31.849+0000] {dag.py:2915} INFO - Sync 1 DAGs
[2023-10-11T07:02:31.875+0000] {logging_mixin.py:151} INFO - [2023-10-11T07:02:31.874+0000] {dag.py:3696} INFO - Setting next_dagrun for example_setup_teardown to 2023-10-10T07:02:31.874490+00:00, run_after=2023-10-11T07:02:31.874490+00:00
[2023-10-11T07:02:31.892+0000] {processor.py:179} INFO - Processing /home/airflow/.local/lib/python3.8/site-packages/airflow/example_dags/example_setup_teardown.py took 0.068 seconds
[2023-10-11T07:03:02.494+0000] {processor.py:157} INFO - Started process (PID=919) to work on /home/airflow/.local/lib/python3.8/site-packages/airflow/example_dags/example_setup_teardown.py
[2023-10-11T07:03:02.495+0000] {processor.py:829} INFO - Processing file /home/airflow/.local/lib/python3.8/site-packages/airflow/example_dags/example_setup_teardown.py for tasks to queue
[2023-10-11T07:03:02.496+0000] {logging_mixin.py:151} INFO - [2023-10-11T07:03:02.495+0000] {dagbag.py:539} INFO - Filling up the DagBag from /home/airflow/.local/lib/python3.8/site-packages/airflow/example_dags/example_setup_teardown.py
[2023-10-11T07:03:02.500+0000] {processor.py:839} INFO - DAG(s) dict_keys(['example_setup_teardown']) retrieved from /home/airflow/.local/lib/python3.8/site-packages/airflow/example_dags/example_setup_teardown.py
[2023-10-11T07:03:02.513+0000] {logging_mixin.py:151} INFO - [2023-10-11T07:03:02.513+0000] {dag.py:2915} INFO - Sync 1 DAGs
[2023-10-11T07:03:02.526+0000] {logging_mixin.py:151} INFO - [2023-10-11T07:03:02.526+0000] {dag.py:3696} INFO - Setting next_dagrun for example_setup_teardown to 2023-10-10T07:03:02.526347+00:00, run_after=2023-10-11T07:03:02.526347+00:00
[2023-10-11T07:03:02.536+0000] {processor.py:179} INFO - Processing /home/airflow/.local/lib/python3.8/site-packages/airflow/example_dags/example_setup_teardown.py took 0.044 seconds
[2023-10-11T07:03:33.525+0000] {processor.py:157} INFO - Started process (PID=1159) to work on /home/airflow/.local/lib/python3.8/site-packages/airflow/example_dags/example_setup_teardown.py
[2023-10-11T07:03:33.527+0000] {processor.py:829} INFO - Processing file /home/airflow/.local/lib/python3.8/site-packages/airflow/example_dags/example_setup_teardown.py for tasks to queue
[2023-10-11T07:03:33.529+0000] {logging_mixin.py:151} INFO - [2023-10-11T07:03:33.528+0000] {dagbag.py:539} INFO - Filling up the DagBag from /home/airflow/.local/lib/python3.8/site-packages/airflow/example_dags/example_setup_teardown.py
[2023-10-11T07:03:33.579+0000] {processor.py:839} INFO - DAG(s) dict_keys(['example_setup_teardown']) retrieved from /home/airflow/.local/lib/python3.8/site-packages/airflow/example_dags/example_setup_teardown.py
[2023-10-11T07:03:33.623+0000] {logging_mixin.py:151} INFO - [2023-10-11T07:03:33.622+0000] {dag.py:2915} INFO - Sync 1 DAGs
[2023-10-11T07:03:33.639+0000] {logging_mixin.py:151} INFO - [2023-10-11T07:03:33.639+0000] {dag.py:3696} INFO - Setting next_dagrun for example_setup_teardown to 2023-10-10T07:03:33.638938+00:00, run_after=2023-10-11T07:03:33.638938+00:00
[2023-10-11T07:03:33.681+0000] {processor.py:179} INFO - Processing /home/airflow/.local/lib/python3.8/site-packages/airflow/example_dags/example_setup_teardown.py took 0.161 seconds
[2023-10-11T07:04:04.139+0000] {processor.py:157} INFO - Started process (PID=1395) to work on /home/airflow/.local/lib/python3.8/site-packages/airflow/example_dags/example_setup_teardown.py
[2023-10-11T07:04:04.140+0000] {processor.py:829} INFO - Processing file /home/airflow/.local/lib/python3.8/site-packages/airflow/example_dags/example_setup_teardown.py for tasks to queue
[2023-10-11T07:04:04.141+0000] {logging_mixin.py:151} INFO - [2023-10-11T07:04:04.141+0000] {dagbag.py:539} INFO - Filling up the DagBag from /home/airflow/.local/lib/python3.8/site-packages/airflow/example_dags/example_setup_teardown.py
[2023-10-11T07:04:04.146+0000] {processor.py:839} INFO - DAG(s) dict_keys(['example_setup_teardown']) retrieved from /home/airflow/.local/lib/python3.8/site-packages/airflow/example_dags/example_setup_teardown.py
[2023-10-11T07:04:04.169+0000] {logging_mixin.py:151} INFO - [2023-10-11T07:04:04.169+0000] {dag.py:2915} INFO - Sync 1 DAGs
[2023-10-11T07:04:04.185+0000] {logging_mixin.py:151} INFO - [2023-10-11T07:04:04.185+0000] {dag.py:3696} INFO - Setting next_dagrun for example_setup_teardown to 2023-10-10T07:04:04.185240+00:00, run_after=2023-10-11T07:04:04.185240+00:00
[2023-10-11T07:04:04.198+0000] {processor.py:179} INFO - Processing /home/airflow/.local/lib/python3.8/site-packages/airflow/example_dags/example_setup_teardown.py took 0.061 seconds
[2023-10-11T07:04:34.596+0000] {processor.py:157} INFO - Started process (PID=1635) to work on /home/airflow/.local/lib/python3.8/site-packages/airflow/example_dags/example_setup_teardown.py
[2023-10-11T07:04:34.597+0000] {processor.py:829} INFO - Processing file /home/airflow/.local/lib/python3.8/site-packages/airflow/example_dags/example_setup_teardown.py for tasks to queue
[2023-10-11T07:04:34.598+0000] {logging_mixin.py:151} INFO - [2023-10-11T07:04:34.598+0000] {dagbag.py:539} INFO - Filling up the DagBag from /home/airflow/.local/lib/python3.8/site-packages/airflow/example_dags/example_setup_teardown.py
[2023-10-11T07:04:34.605+0000] {processor.py:839} INFO - DAG(s) dict_keys(['example_setup_teardown']) retrieved from /home/airflow/.local/lib/python3.8/site-packages/airflow/example_dags/example_setup_teardown.py
[2023-10-11T07:04:34.624+0000] {logging_mixin.py:151} INFO - [2023-10-11T07:04:34.624+0000] {dag.py:2915} INFO - Sync 1 DAGs
[2023-10-11T07:04:34.641+0000] {logging_mixin.py:151} INFO - [2023-10-11T07:04:34.641+0000] {dag.py:3696} INFO - Setting next_dagrun for example_setup_teardown to 2023-10-10T07:04:34.641013+00:00, run_after=2023-10-11T07:04:34.641013+00:00
[2023-10-11T07:04:34.654+0000] {processor.py:179} INFO - Processing /home/airflow/.local/lib/python3.8/site-packages/airflow/example_dags/example_setup_teardown.py took 0.060 seconds
[2023-10-11T07:05:05.014+0000] {processor.py:157} INFO - Started process (PID=1871) to work on /home/airflow/.local/lib/python3.8/site-packages/airflow/example_dags/example_setup_teardown.py
[2023-10-11T07:05:05.015+0000] {processor.py:829} INFO - Processing file /home/airflow/.local/lib/python3.8/site-packages/airflow/example_dags/example_setup_teardown.py for tasks to queue
[2023-10-11T07:05:05.015+0000] {logging_mixin.py:151} INFO - [2023-10-11T07:05:05.015+0000] {dagbag.py:539} INFO - Filling up the DagBag from /home/airflow/.local/lib/python3.8/site-packages/airflow/example_dags/example_setup_teardown.py
[2023-10-11T07:05:05.022+0000] {processor.py:839} INFO - DAG(s) dict_keys(['example_setup_teardown']) retrieved from /home/airflow/.local/lib/python3.8/site-packages/airflow/example_dags/example_setup_teardown.py
[2023-10-11T07:05:05.040+0000] {logging_mixin.py:151} INFO - [2023-10-11T07:05:05.040+0000] {dag.py:2915} INFO - Sync 1 DAGs
[2023-10-11T07:05:05.067+0000] {logging_mixin.py:151} INFO - [2023-10-11T07:05:05.066+0000] {dag.py:3696} INFO - Setting next_dagrun for example_setup_teardown to 2023-10-10T07:05:05.065983+00:00, run_after=2023-10-11T07:05:05.065983+00:00
[2023-10-11T07:05:05.089+0000] {processor.py:179} INFO - Processing /home/airflow/.local/lib/python3.8/site-packages/airflow/example_dags/example_setup_teardown.py took 0.078 seconds
[2023-10-11T07:05:35.142+0000] {processor.py:157} INFO - Started process (PID=2109) to work on /home/airflow/.local/lib/python3.8/site-packages/airflow/example_dags/example_setup_teardown.py
[2023-10-11T07:05:35.143+0000] {processor.py:829} INFO - Processing file /home/airflow/.local/lib/python3.8/site-packages/airflow/example_dags/example_setup_teardown.py for tasks to queue
[2023-10-11T07:05:35.144+0000] {logging_mixin.py:151} INFO - [2023-10-11T07:05:35.144+0000] {dagbag.py:539} INFO - Filling up the DagBag from /home/airflow/.local/lib/python3.8/site-packages/airflow/example_dags/example_setup_teardown.py
[2023-10-11T07:05:35.149+0000] {processor.py:839} INFO - DAG(s) dict_keys(['example_setup_teardown']) retrieved from /home/airflow/.local/lib/python3.8/site-packages/airflow/example_dags/example_setup_teardown.py
[2023-10-11T07:05:35.171+0000] {logging_mixin.py:151} INFO - [2023-10-11T07:05:35.171+0000] {dag.py:2915} INFO - Sync 1 DAGs
[2023-10-11T07:05:35.199+0000] {logging_mixin.py:151} INFO - [2023-10-11T07:05:35.199+0000] {dag.py:3696} INFO - Setting next_dagrun for example_setup_teardown to 2023-10-10T07:05:35.199179+00:00, run_after=2023-10-11T07:05:35.199179+00:00
[2023-10-11T07:05:35.209+0000] {processor.py:179} INFO - Processing /home/airflow/.local/lib/python3.8/site-packages/airflow/example_dags/example_setup_teardown.py took 0.069 seconds
[2023-10-11T07:06:05.451+0000] {processor.py:157} INFO - Started process (PID=2347) to work on /home/airflow/.local/lib/python3.8/site-packages/airflow/example_dags/example_setup_teardown.py
[2023-10-11T07:06:05.459+0000] {processor.py:829} INFO - Processing file /home/airflow/.local/lib/python3.8/site-packages/airflow/example_dags/example_setup_teardown.py for tasks to queue
[2023-10-11T07:06:05.464+0000] {logging_mixin.py:151} INFO - [2023-10-11T07:06:05.464+0000] {dagbag.py:539} INFO - Filling up the DagBag from /home/airflow/.local/lib/python3.8/site-packages/airflow/example_dags/example_setup_teardown.py
[2023-10-11T07:06:05.482+0000] {processor.py:839} INFO - DAG(s) dict_keys(['example_setup_teardown']) retrieved from /home/airflow/.local/lib/python3.8/site-packages/airflow/example_dags/example_setup_teardown.py
[2023-10-11T07:06:05.497+0000] {logging_mixin.py:151} INFO - [2023-10-11T07:06:05.497+0000] {dag.py:2915} INFO - Sync 1 DAGs
[2023-10-11T07:06:05.512+0000] {logging_mixin.py:151} INFO - [2023-10-11T07:06:05.511+0000] {dag.py:3696} INFO - Setting next_dagrun for example_setup_teardown to 2023-10-10T07:06:05.511774+00:00, run_after=2023-10-11T07:06:05.511774+00:00
[2023-10-11T07:06:05.522+0000] {processor.py:179} INFO - Processing /home/airflow/.local/lib/python3.8/site-packages/airflow/example_dags/example_setup_teardown.py took 0.074 seconds
[2023-10-11T07:06:36.014+0000] {processor.py:157} INFO - Started process (PID=2592) to work on /home/airflow/.local/lib/python3.8/site-packages/airflow/example_dags/example_setup_teardown.py
[2023-10-11T07:06:36.015+0000] {processor.py:829} INFO - Processing file /home/airflow/.local/lib/python3.8/site-packages/airflow/example_dags/example_setup_teardown.py for tasks to queue
[2023-10-11T07:06:36.016+0000] {logging_mixin.py:151} INFO - [2023-10-11T07:06:36.015+0000] {dagbag.py:539} INFO - Filling up the DagBag from /home/airflow/.local/lib/python3.8/site-packages/airflow/example_dags/example_setup_teardown.py
[2023-10-11T07:06:36.021+0000] {processor.py:839} INFO - DAG(s) dict_keys(['example_setup_teardown']) retrieved from /home/airflow/.local/lib/python3.8/site-packages/airflow/example_dags/example_setup_teardown.py
[2023-10-11T07:06:36.034+0000] {logging_mixin.py:151} INFO - [2023-10-11T07:06:36.034+0000] {dag.py:2915} INFO - Sync 1 DAGs
[2023-10-11T07:06:36.047+0000] {logging_mixin.py:151} INFO - [2023-10-11T07:06:36.047+0000] {dag.py:3696} INFO - Setting next_dagrun for example_setup_teardown to 2023-10-10T07:06:36.046941+00:00, run_after=2023-10-11T07:06:36.046941+00:00
[2023-10-11T07:06:36.076+0000] {processor.py:179} INFO - Processing /home/airflow/.local/lib/python3.8/site-packages/airflow/example_dags/example_setup_teardown.py took 0.064 seconds
[2023-10-11T07:07:06.691+0000] {processor.py:157} INFO - Started process (PID=2834) to work on /home/airflow/.local/lib/python3.8/site-packages/airflow/example_dags/example_setup_teardown.py
[2023-10-11T07:07:06.692+0000] {processor.py:829} INFO - Processing file /home/airflow/.local/lib/python3.8/site-packages/airflow/example_dags/example_setup_teardown.py for tasks to queue
[2023-10-11T07:07:06.692+0000] {logging_mixin.py:151} INFO - [2023-10-11T07:07:06.692+0000] {dagbag.py:539} INFO - Filling up the DagBag from /home/airflow/.local/lib/python3.8/site-packages/airflow/example_dags/example_setup_teardown.py
[2023-10-11T07:07:06.698+0000] {processor.py:839} INFO - DAG(s) dict_keys(['example_setup_teardown']) retrieved from /home/airflow/.local/lib/python3.8/site-packages/airflow/example_dags/example_setup_teardown.py
[2023-10-11T07:07:06.713+0000] {logging_mixin.py:151} INFO - [2023-10-11T07:07:06.713+0000] {dag.py:2915} INFO - Sync 1 DAGs
[2023-10-11T07:07:06.727+0000] {logging_mixin.py:151} INFO - [2023-10-11T07:07:06.727+0000] {dag.py:3696} INFO - Setting next_dagrun for example_setup_teardown to 2023-10-10T07:07:06.727011+00:00, run_after=2023-10-11T07:07:06.727011+00:00
[2023-10-11T07:07:06.744+0000] {processor.py:179} INFO - Processing /home/airflow/.local/lib/python3.8/site-packages/airflow/example_dags/example_setup_teardown.py took 0.056 seconds
[2023-10-11T07:07:36.987+0000] {processor.py:157} INFO - Started process (PID=3074) to work on /home/airflow/.local/lib/python3.8/site-packages/airflow/example_dags/example_setup_teardown.py
[2023-10-11T07:07:36.988+0000] {processor.py:829} INFO - Processing file /home/airflow/.local/lib/python3.8/site-packages/airflow/example_dags/example_setup_teardown.py for tasks to queue
[2023-10-11T07:07:36.989+0000] {logging_mixin.py:151} INFO - [2023-10-11T07:07:36.989+0000] {dagbag.py:539} INFO - Filling up the DagBag from /home/airflow/.local/lib/python3.8/site-packages/airflow/example_dags/example_setup_teardown.py
[2023-10-11T07:07:36.995+0000] {processor.py:839} INFO - DAG(s) dict_keys(['example_setup_teardown']) retrieved from /home/airflow/.local/lib/python3.8/site-packages/airflow/example_dags/example_setup_teardown.py
[2023-10-11T07:07:37.008+0000] {logging_mixin.py:151} INFO - [2023-10-11T07:07:37.008+0000] {dag.py:2915} INFO - Sync 1 DAGs
[2023-10-11T07:07:37.022+0000] {logging_mixin.py:151} INFO - [2023-10-11T07:07:37.022+0000] {dag.py:3696} INFO - Setting next_dagrun for example_setup_teardown to 2023-10-10T07:07:37.022528+00:00, run_after=2023-10-11T07:07:37.022528+00:00
[2023-10-11T07:07:37.033+0000] {processor.py:179} INFO - Processing /home/airflow/.local/lib/python3.8/site-packages/airflow/example_dags/example_setup_teardown.py took 0.049 seconds
[2023-10-11T07:08:07.990+0000] {processor.py:157} INFO - Started process (PID=3349) to work on /home/airflow/.local/lib/python3.8/site-packages/airflow/example_dags/example_setup_teardown.py
[2023-10-11T07:08:07.991+0000] {processor.py:829} INFO - Processing file /home/airflow/.local/lib/python3.8/site-packages/airflow/example_dags/example_setup_teardown.py for tasks to queue
[2023-10-11T07:08:07.992+0000] {logging_mixin.py:151} INFO - [2023-10-11T07:08:07.992+0000] {dagbag.py:539} INFO - Filling up the DagBag from /home/airflow/.local/lib/python3.8/site-packages/airflow/example_dags/example_setup_teardown.py
[2023-10-11T07:08:08.001+0000] {processor.py:839} INFO - DAG(s) dict_keys(['example_setup_teardown']) retrieved from /home/airflow/.local/lib/python3.8/site-packages/airflow/example_dags/example_setup_teardown.py
[2023-10-11T07:08:08.018+0000] {logging_mixin.py:151} INFO - [2023-10-11T07:08:08.018+0000] {dag.py:2915} INFO - Sync 1 DAGs
[2023-10-11T07:08:08.032+0000] {logging_mixin.py:151} INFO - [2023-10-11T07:08:08.032+0000] {dag.py:3696} INFO - Setting next_dagrun for example_setup_teardown to 2023-10-10T07:08:08.032376+00:00, run_after=2023-10-11T07:08:08.032376+00:00
[2023-10-11T07:08:08.043+0000] {processor.py:179} INFO - Processing /home/airflow/.local/lib/python3.8/site-packages/airflow/example_dags/example_setup_teardown.py took 0.057 seconds
[2023-10-11T07:08:38.308+0000] {processor.py:157} INFO - Started process (PID=3594) to work on /home/airflow/.local/lib/python3.8/site-packages/airflow/example_dags/example_setup_teardown.py
[2023-10-11T07:08:38.310+0000] {processor.py:829} INFO - Processing file /home/airflow/.local/lib/python3.8/site-packages/airflow/example_dags/example_setup_teardown.py for tasks to queue
[2023-10-11T07:08:38.310+0000] {logging_mixin.py:151} INFO - [2023-10-11T07:08:38.310+0000] {dagbag.py:539} INFO - Filling up the DagBag from /home/airflow/.local/lib/python3.8/site-packages/airflow/example_dags/example_setup_teardown.py
[2023-10-11T07:08:38.317+0000] {processor.py:839} INFO - DAG(s) dict_keys(['example_setup_teardown']) retrieved from /home/airflow/.local/lib/python3.8/site-packages/airflow/example_dags/example_setup_teardown.py
[2023-10-11T07:08:38.336+0000] {logging_mixin.py:151} INFO - [2023-10-11T07:08:38.336+0000] {dag.py:2915} INFO - Sync 1 DAGs
[2023-10-11T07:08:38.359+0000] {logging_mixin.py:151} INFO - [2023-10-11T07:08:38.359+0000] {dag.py:3696} INFO - Setting next_dagrun for example_setup_teardown to 2023-10-10T07:08:38.358994+00:00, run_after=2023-10-11T07:08:38.358994+00:00
[2023-10-11T07:08:38.425+0000] {processor.py:179} INFO - Processing /home/airflow/.local/lib/python3.8/site-packages/airflow/example_dags/example_setup_teardown.py took 0.119 seconds
[2023-10-11T07:09:09.222+0000] {processor.py:157} INFO - Started process (PID=3835) to work on /home/airflow/.local/lib/python3.8/site-packages/airflow/example_dags/example_setup_teardown.py
[2023-10-11T07:09:09.223+0000] {processor.py:829} INFO - Processing file /home/airflow/.local/lib/python3.8/site-packages/airflow/example_dags/example_setup_teardown.py for tasks to queue
[2023-10-11T07:09:09.223+0000] {logging_mixin.py:151} INFO - [2023-10-11T07:09:09.223+0000] {dagbag.py:539} INFO - Filling up the DagBag from /home/airflow/.local/lib/python3.8/site-packages/airflow/example_dags/example_setup_teardown.py
[2023-10-11T07:09:09.229+0000] {processor.py:839} INFO - DAG(s) dict_keys(['example_setup_teardown']) retrieved from /home/airflow/.local/lib/python3.8/site-packages/airflow/example_dags/example_setup_teardown.py
[2023-10-11T07:09:09.244+0000] {logging_mixin.py:151} INFO - [2023-10-11T07:09:09.244+0000] {dag.py:2915} INFO - Sync 1 DAGs
[2023-10-11T07:09:09.286+0000] {logging_mixin.py:151} INFO - [2023-10-11T07:09:09.286+0000] {dag.py:3696} INFO - Setting next_dagrun for example_setup_teardown to 2023-10-10T07:09:09.285795+00:00, run_after=2023-10-11T07:09:09.285795+00:00
[2023-10-11T07:09:09.299+0000] {processor.py:179} INFO - Processing /home/airflow/.local/lib/python3.8/site-packages/airflow/example_dags/example_setup_teardown.py took 0.081 seconds
[2023-10-11T07:09:39.631+0000] {processor.py:157} INFO - Started process (PID=4078) to work on /home/airflow/.local/lib/python3.8/site-packages/airflow/example_dags/example_setup_teardown.py
[2023-10-11T07:09:39.632+0000] {processor.py:829} INFO - Processing file /home/airflow/.local/lib/python3.8/site-packages/airflow/example_dags/example_setup_teardown.py for tasks to queue
[2023-10-11T07:09:39.633+0000] {logging_mixin.py:151} INFO - [2023-10-11T07:09:39.633+0000] {dagbag.py:539} INFO - Filling up the DagBag from /home/airflow/.local/lib/python3.8/site-packages/airflow/example_dags/example_setup_teardown.py
[2023-10-11T07:09:39.639+0000] {processor.py:839} INFO - DAG(s) dict_keys(['example_setup_teardown']) retrieved from /home/airflow/.local/lib/python3.8/site-packages/airflow/example_dags/example_setup_teardown.py
[2023-10-11T07:09:39.653+0000] {logging_mixin.py:151} INFO - [2023-10-11T07:09:39.653+0000] {dag.py:2915} INFO - Sync 1 DAGs
[2023-10-11T07:09:39.685+0000] {logging_mixin.py:151} INFO - [2023-10-11T07:09:39.685+0000] {dag.py:3696} INFO - Setting next_dagrun for example_setup_teardown to 2023-10-10T07:09:39.684409+00:00, run_after=2023-10-11T07:09:39.684409+00:00
[2023-10-11T07:09:39.702+0000] {processor.py:179} INFO - Processing /home/airflow/.local/lib/python3.8/site-packages/airflow/example_dags/example_setup_teardown.py took 0.075 seconds
[2023-10-11T07:10:10.458+0000] {processor.py:157} INFO - Started process (PID=4321) to work on /home/airflow/.local/lib/python3.8/site-packages/airflow/example_dags/example_setup_teardown.py
[2023-10-11T07:10:10.464+0000] {processor.py:829} INFO - Processing file /home/airflow/.local/lib/python3.8/site-packages/airflow/example_dags/example_setup_teardown.py for tasks to queue
[2023-10-11T07:10:10.466+0000] {logging_mixin.py:151} INFO - [2023-10-11T07:10:10.465+0000] {dagbag.py:539} INFO - Filling up the DagBag from /home/airflow/.local/lib/python3.8/site-packages/airflow/example_dags/example_setup_teardown.py
[2023-10-11T07:10:10.482+0000] {processor.py:839} INFO - DAG(s) dict_keys(['example_setup_teardown']) retrieved from /home/airflow/.local/lib/python3.8/site-packages/airflow/example_dags/example_setup_teardown.py
[2023-10-11T07:10:10.500+0000] {logging_mixin.py:151} INFO - [2023-10-11T07:10:10.500+0000] {dag.py:2915} INFO - Sync 1 DAGs
[2023-10-11T07:10:10.535+0000] {logging_mixin.py:151} INFO - [2023-10-11T07:10:10.534+0000] {dag.py:3696} INFO - Setting next_dagrun for example_setup_teardown to 2023-10-10T07:10:10.534705+00:00, run_after=2023-10-11T07:10:10.534705+00:00
[2023-10-11T07:10:10.547+0000] {processor.py:179} INFO - Processing /home/airflow/.local/lib/python3.8/site-packages/airflow/example_dags/example_setup_teardown.py took 0.093 seconds
[2023-10-11T07:10:40.825+0000] {processor.py:157} INFO - Started process (PID=4566) to work on /home/airflow/.local/lib/python3.8/site-packages/airflow/example_dags/example_setup_teardown.py
[2023-10-11T07:10:40.826+0000] {processor.py:829} INFO - Processing file /home/airflow/.local/lib/python3.8/site-packages/airflow/example_dags/example_setup_teardown.py for tasks to queue
[2023-10-11T07:10:40.826+0000] {logging_mixin.py:151} INFO - [2023-10-11T07:10:40.826+0000] {dagbag.py:539} INFO - Filling up the DagBag from /home/airflow/.local/lib/python3.8/site-packages/airflow/example_dags/example_setup_teardown.py
[2023-10-11T07:10:40.832+0000] {processor.py:839} INFO - DAG(s) dict_keys(['example_setup_teardown']) retrieved from /home/airflow/.local/lib/python3.8/site-packages/airflow/example_dags/example_setup_teardown.py
[2023-10-11T07:10:40.847+0000] {logging_mixin.py:151} INFO - [2023-10-11T07:10:40.847+0000] {dag.py:2915} INFO - Sync 1 DAGs
[2023-10-11T07:10:40.893+0000] {logging_mixin.py:151} INFO - [2023-10-11T07:10:40.893+0000] {dag.py:3696} INFO - Setting next_dagrun for example_setup_teardown to 2023-10-10T07:10:40.892463+00:00, run_after=2023-10-11T07:10:40.892463+00:00
[2023-10-11T07:10:40.908+0000] {processor.py:179} INFO - Processing /home/airflow/.local/lib/python3.8/site-packages/airflow/example_dags/example_setup_teardown.py took 0.086 seconds
[2023-10-11T07:11:11.424+0000] {processor.py:157} INFO - Started process (PID=4807) to work on /home/airflow/.local/lib/python3.8/site-packages/airflow/example_dags/example_setup_teardown.py
[2023-10-11T07:11:11.426+0000] {processor.py:829} INFO - Processing file /home/airflow/.local/lib/python3.8/site-packages/airflow/example_dags/example_setup_teardown.py for tasks to queue
[2023-10-11T07:11:11.427+0000] {logging_mixin.py:151} INFO - [2023-10-11T07:11:11.427+0000] {dagbag.py:539} INFO - Filling up the DagBag from /home/airflow/.local/lib/python3.8/site-packages/airflow/example_dags/example_setup_teardown.py
[2023-10-11T07:11:11.434+0000] {processor.py:839} INFO - DAG(s) dict_keys(['example_setup_teardown']) retrieved from /home/airflow/.local/lib/python3.8/site-packages/airflow/example_dags/example_setup_teardown.py
[2023-10-11T07:11:11.479+0000] {logging_mixin.py:151} INFO - [2023-10-11T07:11:11.479+0000] {dag.py:2915} INFO - Sync 1 DAGs
[2023-10-11T07:11:11.497+0000] {logging_mixin.py:151} INFO - [2023-10-11T07:11:11.496+0000] {dag.py:3696} INFO - Setting next_dagrun for example_setup_teardown to 2023-10-10T07:11:11.496750+00:00, run_after=2023-10-11T07:11:11.496750+00:00
[2023-10-11T07:11:11.510+0000] {processor.py:179} INFO - Processing /home/airflow/.local/lib/python3.8/site-packages/airflow/example_dags/example_setup_teardown.py took 0.089 seconds
[2023-10-11T07:11:41.677+0000] {processor.py:157} INFO - Started process (PID=5052) to work on /home/airflow/.local/lib/python3.8/site-packages/airflow/example_dags/example_setup_teardown.py
[2023-10-11T07:11:41.680+0000] {processor.py:829} INFO - Processing file /home/airflow/.local/lib/python3.8/site-packages/airflow/example_dags/example_setup_teardown.py for tasks to queue
[2023-10-11T07:11:41.684+0000] {logging_mixin.py:151} INFO - [2023-10-11T07:11:41.684+0000] {dagbag.py:539} INFO - Filling up the DagBag from /home/airflow/.local/lib/python3.8/site-packages/airflow/example_dags/example_setup_teardown.py
[2023-10-11T07:11:41.691+0000] {processor.py:839} INFO - DAG(s) dict_keys(['example_setup_teardown']) retrieved from /home/airflow/.local/lib/python3.8/site-packages/airflow/example_dags/example_setup_teardown.py
[2023-10-11T07:11:41.708+0000] {logging_mixin.py:151} INFO - [2023-10-11T07:11:41.707+0000] {dag.py:2915} INFO - Sync 1 DAGs
[2023-10-11T07:11:41.719+0000] {logging_mixin.py:151} INFO - [2023-10-11T07:11:41.719+0000] {dag.py:3696} INFO - Setting next_dagrun for example_setup_teardown to 2023-10-10T07:11:41.719244+00:00, run_after=2023-10-11T07:11:41.719244+00:00
[2023-10-11T07:11:41.728+0000] {processor.py:179} INFO - Processing /home/airflow/.local/lib/python3.8/site-packages/airflow/example_dags/example_setup_teardown.py took 0.058 seconds
[2023-10-11T07:12:12.439+0000] {processor.py:157} INFO - Started process (PID=5295) to work on /home/airflow/.local/lib/python3.8/site-packages/airflow/example_dags/example_setup_teardown.py
[2023-10-11T07:12:12.440+0000] {processor.py:829} INFO - Processing file /home/airflow/.local/lib/python3.8/site-packages/airflow/example_dags/example_setup_teardown.py for tasks to queue
[2023-10-11T07:12:12.441+0000] {logging_mixin.py:151} INFO - [2023-10-11T07:12:12.441+0000] {dagbag.py:539} INFO - Filling up the DagBag from /home/airflow/.local/lib/python3.8/site-packages/airflow/example_dags/example_setup_teardown.py
[2023-10-11T07:12:12.446+0000] {processor.py:839} INFO - DAG(s) dict_keys(['example_setup_teardown']) retrieved from /home/airflow/.local/lib/python3.8/site-packages/airflow/example_dags/example_setup_teardown.py
[2023-10-11T07:12:12.488+0000] {logging_mixin.py:151} INFO - [2023-10-11T07:12:12.488+0000] {dag.py:2915} INFO - Sync 1 DAGs
[2023-10-11T07:12:12.502+0000] {logging_mixin.py:151} INFO - [2023-10-11T07:12:12.501+0000] {dag.py:3696} INFO - Setting next_dagrun for example_setup_teardown to 2023-10-10T07:12:12.501509+00:00, run_after=2023-10-11T07:12:12.501509+00:00
[2023-10-11T07:12:12.517+0000] {processor.py:179} INFO - Processing /home/airflow/.local/lib/python3.8/site-packages/airflow/example_dags/example_setup_teardown.py took 0.080 seconds
[2023-10-11T07:12:42.583+0000] {processor.py:157} INFO - Started process (PID=5538) to work on /home/airflow/.local/lib/python3.8/site-packages/airflow/example_dags/example_setup_teardown.py
[2023-10-11T07:12:42.584+0000] {processor.py:829} INFO - Processing file /home/airflow/.local/lib/python3.8/site-packages/airflow/example_dags/example_setup_teardown.py for tasks to queue
[2023-10-11T07:12:42.585+0000] {logging_mixin.py:151} INFO - [2023-10-11T07:12:42.585+0000] {dagbag.py:539} INFO - Filling up the DagBag from /home/airflow/.local/lib/python3.8/site-packages/airflow/example_dags/example_setup_teardown.py
[2023-10-11T07:12:42.590+0000] {processor.py:839} INFO - DAG(s) dict_keys(['example_setup_teardown']) retrieved from /home/airflow/.local/lib/python3.8/site-packages/airflow/example_dags/example_setup_teardown.py
[2023-10-11T07:12:42.604+0000] {logging_mixin.py:151} INFO - [2023-10-11T07:12:42.604+0000] {dag.py:2915} INFO - Sync 1 DAGs
[2023-10-11T07:12:42.616+0000] {logging_mixin.py:151} INFO - [2023-10-11T07:12:42.616+0000] {dag.py:3696} INFO - Setting next_dagrun for example_setup_teardown to 2023-10-10T07:12:42.616448+00:00, run_after=2023-10-11T07:12:42.616448+00:00
[2023-10-11T07:12:42.626+0000] {processor.py:179} INFO - Processing /home/airflow/.local/lib/python3.8/site-packages/airflow/example_dags/example_setup_teardown.py took 0.046 seconds
[2023-10-11T07:13:13.236+0000] {processor.py:157} INFO - Started process (PID=5781) to work on /home/airflow/.local/lib/python3.8/site-packages/airflow/example_dags/example_setup_teardown.py
[2023-10-11T07:13:13.237+0000] {processor.py:829} INFO - Processing file /home/airflow/.local/lib/python3.8/site-packages/airflow/example_dags/example_setup_teardown.py for tasks to queue
[2023-10-11T07:13:13.238+0000] {logging_mixin.py:151} INFO - [2023-10-11T07:13:13.238+0000] {dagbag.py:539} INFO - Filling up the DagBag from /home/airflow/.local/lib/python3.8/site-packages/airflow/example_dags/example_setup_teardown.py
[2023-10-11T07:13:13.243+0000] {processor.py:839} INFO - DAG(s) dict_keys(['example_setup_teardown']) retrieved from /home/airflow/.local/lib/python3.8/site-packages/airflow/example_dags/example_setup_teardown.py
[2023-10-11T07:13:13.283+0000] {logging_mixin.py:151} INFO - [2023-10-11T07:13:13.283+0000] {dag.py:2915} INFO - Sync 1 DAGs
[2023-10-11T07:13:13.295+0000] {logging_mixin.py:151} INFO - [2023-10-11T07:13:13.295+0000] {dag.py:3696} INFO - Setting next_dagrun for example_setup_teardown to 2023-10-10T07:13:13.295516+00:00, run_after=2023-10-11T07:13:13.295516+00:00
[2023-10-11T07:13:13.304+0000] {processor.py:179} INFO - Processing /home/airflow/.local/lib/python3.8/site-packages/airflow/example_dags/example_setup_teardown.py took 0.071 seconds
[2023-10-11T07:13:43.783+0000] {processor.py:157} INFO - Started process (PID=6022) to work on /home/airflow/.local/lib/python3.8/site-packages/airflow/example_dags/example_setup_teardown.py
[2023-10-11T07:13:43.784+0000] {processor.py:829} INFO - Processing file /home/airflow/.local/lib/python3.8/site-packages/airflow/example_dags/example_setup_teardown.py for tasks to queue
[2023-10-11T07:13:43.785+0000] {logging_mixin.py:151} INFO - [2023-10-11T07:13:43.785+0000] {dagbag.py:539} INFO - Filling up the DagBag from /home/airflow/.local/lib/python3.8/site-packages/airflow/example_dags/example_setup_teardown.py
[2023-10-11T07:13:43.790+0000] {processor.py:839} INFO - DAG(s) dict_keys(['example_setup_teardown']) retrieved from /home/airflow/.local/lib/python3.8/site-packages/airflow/example_dags/example_setup_teardown.py
[2023-10-11T07:13:43.804+0000] {logging_mixin.py:151} INFO - [2023-10-11T07:13:43.804+0000] {dag.py:2915} INFO - Sync 1 DAGs
[2023-10-11T07:13:43.817+0000] {logging_mixin.py:151} INFO - [2023-10-11T07:13:43.817+0000] {dag.py:3696} INFO - Setting next_dagrun for example_setup_teardown to 2023-10-10T07:13:43.817396+00:00, run_after=2023-10-11T07:13:43.817396+00:00
[2023-10-11T07:13:43.828+0000] {processor.py:179} INFO - Processing /home/airflow/.local/lib/python3.8/site-packages/airflow/example_dags/example_setup_teardown.py took 0.047 seconds
[2023-10-11T07:14:14.383+0000] {processor.py:157} INFO - Started process (PID=6267) to work on /home/airflow/.local/lib/python3.8/site-packages/airflow/example_dags/example_setup_teardown.py
[2023-10-11T07:14:14.384+0000] {processor.py:829} INFO - Processing file /home/airflow/.local/lib/python3.8/site-packages/airflow/example_dags/example_setup_teardown.py for tasks to queue
[2023-10-11T07:14:14.384+0000] {logging_mixin.py:151} INFO - [2023-10-11T07:14:14.384+0000] {dagbag.py:539} INFO - Filling up the DagBag from /home/airflow/.local/lib/python3.8/site-packages/airflow/example_dags/example_setup_teardown.py
[2023-10-11T07:14:14.390+0000] {processor.py:839} INFO - DAG(s) dict_keys(['example_setup_teardown']) retrieved from /home/airflow/.local/lib/python3.8/site-packages/airflow/example_dags/example_setup_teardown.py
[2023-10-11T07:14:14.404+0000] {logging_mixin.py:151} INFO - [2023-10-11T07:14:14.403+0000] {dag.py:2915} INFO - Sync 1 DAGs
[2023-10-11T07:14:14.416+0000] {logging_mixin.py:151} INFO - [2023-10-11T07:14:14.416+0000] {dag.py:3696} INFO - Setting next_dagrun for example_setup_teardown to 2023-10-10T07:14:14.416114+00:00, run_after=2023-10-11T07:14:14.416114+00:00
[2023-10-11T07:14:14.425+0000] {processor.py:179} INFO - Processing /home/airflow/.local/lib/python3.8/site-packages/airflow/example_dags/example_setup_teardown.py took 0.045 seconds
[2023-10-11T07:14:44.734+0000] {processor.py:157} INFO - Started process (PID=6508) to work on /home/airflow/.local/lib/python3.8/site-packages/airflow/example_dags/example_setup_teardown.py
[2023-10-11T07:14:44.734+0000] {processor.py:829} INFO - Processing file /home/airflow/.local/lib/python3.8/site-packages/airflow/example_dags/example_setup_teardown.py for tasks to queue
[2023-10-11T07:14:44.735+0000] {logging_mixin.py:151} INFO - [2023-10-11T07:14:44.735+0000] {dagbag.py:539} INFO - Filling up the DagBag from /home/airflow/.local/lib/python3.8/site-packages/airflow/example_dags/example_setup_teardown.py
[2023-10-11T07:14:44.740+0000] {processor.py:839} INFO - DAG(s) dict_keys(['example_setup_teardown']) retrieved from /home/airflow/.local/lib/python3.8/site-packages/airflow/example_dags/example_setup_teardown.py
[2023-10-11T07:14:44.787+0000] {logging_mixin.py:151} INFO - [2023-10-11T07:14:44.786+0000] {dag.py:2915} INFO - Sync 1 DAGs
[2023-10-11T07:14:44.805+0000] {logging_mixin.py:151} INFO - [2023-10-11T07:14:44.804+0000] {dag.py:3696} INFO - Setting next_dagrun for example_setup_teardown to 2023-10-10T07:14:44.804486+00:00, run_after=2023-10-11T07:14:44.804486+00:00
[2023-10-11T07:14:44.818+0000] {processor.py:179} INFO - Processing /home/airflow/.local/lib/python3.8/site-packages/airflow/example_dags/example_setup_teardown.py took 0.087 seconds
[2023-10-11T07:15:15.189+0000] {processor.py:157} INFO - Started process (PID=6751) to work on /home/airflow/.local/lib/python3.8/site-packages/airflow/example_dags/example_setup_teardown.py
[2023-10-11T07:15:15.190+0000] {processor.py:829} INFO - Processing file /home/airflow/.local/lib/python3.8/site-packages/airflow/example_dags/example_setup_teardown.py for tasks to queue
[2023-10-11T07:15:15.191+0000] {logging_mixin.py:151} INFO - [2023-10-11T07:15:15.191+0000] {dagbag.py:539} INFO - Filling up the DagBag from /home/airflow/.local/lib/python3.8/site-packages/airflow/example_dags/example_setup_teardown.py
[2023-10-11T07:15:15.198+0000] {processor.py:839} INFO - DAG(s) dict_keys(['example_setup_teardown']) retrieved from /home/airflow/.local/lib/python3.8/site-packages/airflow/example_dags/example_setup_teardown.py
[2023-10-11T07:15:15.215+0000] {logging_mixin.py:151} INFO - [2023-10-11T07:15:15.215+0000] {dag.py:2915} INFO - Sync 1 DAGs
[2023-10-11T07:15:15.229+0000] {logging_mixin.py:151} INFO - [2023-10-11T07:15:15.229+0000] {dag.py:3696} INFO - Setting next_dagrun for example_setup_teardown to 2023-10-10T07:15:15.229614+00:00, run_after=2023-10-11T07:15:15.229614+00:00
[2023-10-11T07:15:15.241+0000] {processor.py:179} INFO - Processing /home/airflow/.local/lib/python3.8/site-packages/airflow/example_dags/example_setup_teardown.py took 0.053 seconds
[2023-10-11T07:15:45.947+0000] {processor.py:157} INFO - Started process (PID=6996) to work on /home/airflow/.local/lib/python3.8/site-packages/airflow/example_dags/example_setup_teardown.py
[2023-10-11T07:15:45.956+0000] {processor.py:829} INFO - Processing file /home/airflow/.local/lib/python3.8/site-packages/airflow/example_dags/example_setup_teardown.py for tasks to queue
[2023-10-11T07:15:45.975+0000] {logging_mixin.py:151} INFO - [2023-10-11T07:15:45.974+0000] {dagbag.py:539} INFO - Filling up the DagBag from /home/airflow/.local/lib/python3.8/site-packages/airflow/example_dags/example_setup_teardown.py
[2023-10-11T07:15:45.980+0000] {processor.py:839} INFO - DAG(s) dict_keys(['example_setup_teardown']) retrieved from /home/airflow/.local/lib/python3.8/site-packages/airflow/example_dags/example_setup_teardown.py
[2023-10-11T07:15:45.995+0000] {logging_mixin.py:151} INFO - [2023-10-11T07:15:45.995+0000] {dag.py:2915} INFO - Sync 1 DAGs
[2023-10-11T07:15:46.008+0000] {logging_mixin.py:151} INFO - [2023-10-11T07:15:46.008+0000] {dag.py:3696} INFO - Setting next_dagrun for example_setup_teardown to 2023-10-10T07:15:46.008009+00:00, run_after=2023-10-11T07:15:46.008009+00:00
[2023-10-11T07:15:46.019+0000] {processor.py:179} INFO - Processing /home/airflow/.local/lib/python3.8/site-packages/airflow/example_dags/example_setup_teardown.py took 0.075 seconds
[2023-10-11T07:16:16.513+0000] {processor.py:157} INFO - Started process (PID=7239) to work on /home/airflow/.local/lib/python3.8/site-packages/airflow/example_dags/example_setup_teardown.py
[2023-10-11T07:16:16.514+0000] {processor.py:829} INFO - Processing file /home/airflow/.local/lib/python3.8/site-packages/airflow/example_dags/example_setup_teardown.py for tasks to queue
[2023-10-11T07:16:16.515+0000] {logging_mixin.py:151} INFO - [2023-10-11T07:16:16.514+0000] {dagbag.py:539} INFO - Filling up the DagBag from /home/airflow/.local/lib/python3.8/site-packages/airflow/example_dags/example_setup_teardown.py
[2023-10-11T07:16:16.520+0000] {processor.py:839} INFO - DAG(s) dict_keys(['example_setup_teardown']) retrieved from /home/airflow/.local/lib/python3.8/site-packages/airflow/example_dags/example_setup_teardown.py
[2023-10-11T07:16:16.534+0000] {logging_mixin.py:151} INFO - [2023-10-11T07:16:16.533+0000] {dag.py:2915} INFO - Sync 1 DAGs
[2023-10-11T07:16:16.546+0000] {logging_mixin.py:151} INFO - [2023-10-11T07:16:16.546+0000] {dag.py:3696} INFO - Setting next_dagrun for example_setup_teardown to 2023-10-10T07:16:16.545958+00:00, run_after=2023-10-11T07:16:16.545958+00:00
[2023-10-11T07:16:16.574+0000] {processor.py:179} INFO - Processing /home/airflow/.local/lib/python3.8/site-packages/airflow/example_dags/example_setup_teardown.py took 0.064 seconds
[2023-10-11T07:16:47.701+0000] {processor.py:157} INFO - Started process (PID=7482) to work on /home/airflow/.local/lib/python3.8/site-packages/airflow/example_dags/example_setup_teardown.py
[2023-10-11T07:16:47.703+0000] {processor.py:829} INFO - Processing file /home/airflow/.local/lib/python3.8/site-packages/airflow/example_dags/example_setup_teardown.py for tasks to queue
[2023-10-11T07:16:47.704+0000] {logging_mixin.py:151} INFO - [2023-10-11T07:16:47.704+0000] {dagbag.py:539} INFO - Filling up the DagBag from /home/airflow/.local/lib/python3.8/site-packages/airflow/example_dags/example_setup_teardown.py
[2023-10-11T07:16:47.712+0000] {processor.py:839} INFO - DAG(s) dict_keys(['example_setup_teardown']) retrieved from /home/airflow/.local/lib/python3.8/site-packages/airflow/example_dags/example_setup_teardown.py
[2023-10-11T07:16:47.733+0000] {logging_mixin.py:151} INFO - [2023-10-11T07:16:47.733+0000] {dag.py:2915} INFO - Sync 1 DAGs
[2023-10-11T07:16:47.751+0000] {logging_mixin.py:151} INFO - [2023-10-11T07:16:47.751+0000] {dag.py:3696} INFO - Setting next_dagrun for example_setup_teardown to 2023-10-10T07:16:47.750706+00:00, run_after=2023-10-11T07:16:47.750706+00:00
[2023-10-11T07:16:47.805+0000] {processor.py:179} INFO - Processing /home/airflow/.local/lib/python3.8/site-packages/airflow/example_dags/example_setup_teardown.py took 0.109 seconds
[2023-10-11T07:17:17.922+0000] {processor.py:157} INFO - Started process (PID=7725) to work on /home/airflow/.local/lib/python3.8/site-packages/airflow/example_dags/example_setup_teardown.py
[2023-10-11T07:17:17.923+0000] {processor.py:829} INFO - Processing file /home/airflow/.local/lib/python3.8/site-packages/airflow/example_dags/example_setup_teardown.py for tasks to queue
[2023-10-11T07:17:17.924+0000] {logging_mixin.py:151} INFO - [2023-10-11T07:17:17.924+0000] {dagbag.py:539} INFO - Filling up the DagBag from /home/airflow/.local/lib/python3.8/site-packages/airflow/example_dags/example_setup_teardown.py
[2023-10-11T07:17:17.931+0000] {processor.py:839} INFO - DAG(s) dict_keys(['example_setup_teardown']) retrieved from /home/airflow/.local/lib/python3.8/site-packages/airflow/example_dags/example_setup_teardown.py
[2023-10-11T07:17:17.988+0000] {logging_mixin.py:151} INFO - [2023-10-11T07:17:17.987+0000] {dag.py:2915} INFO - Sync 1 DAGs
[2023-10-11T07:17:18.012+0000] {logging_mixin.py:151} INFO - [2023-10-11T07:17:18.012+0000] {dag.py:3696} INFO - Setting next_dagrun for example_setup_teardown to 2023-10-10T07:17:18.012387+00:00, run_after=2023-10-11T07:17:18.012387+00:00
[2023-10-11T07:17:18.032+0000] {processor.py:179} INFO - Processing /home/airflow/.local/lib/python3.8/site-packages/airflow/example_dags/example_setup_teardown.py took 0.113 seconds
[2023-10-11T07:17:48.300+0000] {processor.py:157} INFO - Started process (PID=7966) to work on /home/airflow/.local/lib/python3.8/site-packages/airflow/example_dags/example_setup_teardown.py
[2023-10-11T07:17:48.302+0000] {processor.py:829} INFO - Processing file /home/airflow/.local/lib/python3.8/site-packages/airflow/example_dags/example_setup_teardown.py for tasks to queue
[2023-10-11T07:17:48.303+0000] {logging_mixin.py:151} INFO - [2023-10-11T07:17:48.302+0000] {dagbag.py:539} INFO - Filling up the DagBag from /home/airflow/.local/lib/python3.8/site-packages/airflow/example_dags/example_setup_teardown.py
[2023-10-11T07:17:48.313+0000] {processor.py:839} INFO - DAG(s) dict_keys(['example_setup_teardown']) retrieved from /home/airflow/.local/lib/python3.8/site-packages/airflow/example_dags/example_setup_teardown.py
[2023-10-11T07:17:48.347+0000] {logging_mixin.py:151} INFO - [2023-10-11T07:17:48.346+0000] {dag.py:2915} INFO - Sync 1 DAGs
[2023-10-11T07:17:48.428+0000] {logging_mixin.py:151} INFO - [2023-10-11T07:17:48.428+0000] {dag.py:3696} INFO - Setting next_dagrun for example_setup_teardown to 2023-10-10T07:17:48.427678+00:00, run_after=2023-10-11T07:17:48.427678+00:00
[2023-10-11T07:17:48.476+0000] {processor.py:179} INFO - Processing /home/airflow/.local/lib/python3.8/site-packages/airflow/example_dags/example_setup_teardown.py took 0.180 seconds
[2023-10-11T07:18:19.083+0000] {processor.py:157} INFO - Started process (PID=8209) to work on /home/airflow/.local/lib/python3.8/site-packages/airflow/example_dags/example_setup_teardown.py
[2023-10-11T07:18:19.088+0000] {processor.py:829} INFO - Processing file /home/airflow/.local/lib/python3.8/site-packages/airflow/example_dags/example_setup_teardown.py for tasks to queue
[2023-10-11T07:18:19.089+0000] {logging_mixin.py:151} INFO - [2023-10-11T07:18:19.089+0000] {dagbag.py:539} INFO - Filling up the DagBag from /home/airflow/.local/lib/python3.8/site-packages/airflow/example_dags/example_setup_teardown.py
[2023-10-11T07:18:19.100+0000] {processor.py:839} INFO - DAG(s) dict_keys(['example_setup_teardown']) retrieved from /home/airflow/.local/lib/python3.8/site-packages/airflow/example_dags/example_setup_teardown.py
[2023-10-11T07:18:19.128+0000] {logging_mixin.py:151} INFO - [2023-10-11T07:18:19.127+0000] {dag.py:2915} INFO - Sync 1 DAGs
[2023-10-11T07:18:19.167+0000] {logging_mixin.py:151} INFO - [2023-10-11T07:18:19.167+0000] {dag.py:3696} INFO - Setting next_dagrun for example_setup_teardown to 2023-10-10T07:18:19.166837+00:00, run_after=2023-10-11T07:18:19.166837+00:00
[2023-10-11T07:18:19.212+0000] {processor.py:179} INFO - Processing /home/airflow/.local/lib/python3.8/site-packages/airflow/example_dags/example_setup_teardown.py took 0.136 seconds
[2023-10-11T07:18:49.578+0000] {processor.py:157} INFO - Started process (PID=8452) to work on /home/airflow/.local/lib/python3.8/site-packages/airflow/example_dags/example_setup_teardown.py
[2023-10-11T07:18:49.579+0000] {processor.py:829} INFO - Processing file /home/airflow/.local/lib/python3.8/site-packages/airflow/example_dags/example_setup_teardown.py for tasks to queue
[2023-10-11T07:18:49.580+0000] {logging_mixin.py:151} INFO - [2023-10-11T07:18:49.580+0000] {dagbag.py:539} INFO - Filling up the DagBag from /home/airflow/.local/lib/python3.8/site-packages/airflow/example_dags/example_setup_teardown.py
[2023-10-11T07:18:49.588+0000] {processor.py:839} INFO - DAG(s) dict_keys(['example_setup_teardown']) retrieved from /home/airflow/.local/lib/python3.8/site-packages/airflow/example_dags/example_setup_teardown.py
[2023-10-11T07:18:49.608+0000] {logging_mixin.py:151} INFO - [2023-10-11T07:18:49.608+0000] {dag.py:2915} INFO - Sync 1 DAGs
[2023-10-11T07:18:49.628+0000] {logging_mixin.py:151} INFO - [2023-10-11T07:18:49.628+0000] {dag.py:3696} INFO - Setting next_dagrun for example_setup_teardown to 2023-10-10T07:18:49.628365+00:00, run_after=2023-10-11T07:18:49.628365+00:00
[2023-10-11T07:18:49.671+0000] {processor.py:179} INFO - Processing /home/airflow/.local/lib/python3.8/site-packages/airflow/example_dags/example_setup_teardown.py took 0.096 seconds
[2023-10-11T07:19:19.837+0000] {processor.py:157} INFO - Started process (PID=8697) to work on /home/airflow/.local/lib/python3.8/site-packages/airflow/example_dags/example_setup_teardown.py
[2023-10-11T07:19:19.838+0000] {processor.py:829} INFO - Processing file /home/airflow/.local/lib/python3.8/site-packages/airflow/example_dags/example_setup_teardown.py for tasks to queue
[2023-10-11T07:19:19.838+0000] {logging_mixin.py:151} INFO - [2023-10-11T07:19:19.838+0000] {dagbag.py:539} INFO - Filling up the DagBag from /home/airflow/.local/lib/python3.8/site-packages/airflow/example_dags/example_setup_teardown.py
[2023-10-11T07:19:19.854+0000] {processor.py:839} INFO - DAG(s) dict_keys(['example_setup_teardown']) retrieved from /home/airflow/.local/lib/python3.8/site-packages/airflow/example_dags/example_setup_teardown.py
[2023-10-11T07:19:19.881+0000] {logging_mixin.py:151} INFO - [2023-10-11T07:19:19.881+0000] {dag.py:2915} INFO - Sync 1 DAGs
[2023-10-11T07:19:19.897+0000] {logging_mixin.py:151} INFO - [2023-10-11T07:19:19.897+0000] {dag.py:3696} INFO - Setting next_dagrun for example_setup_teardown to 2023-10-10T07:19:19.897583+00:00, run_after=2023-10-11T07:19:19.897583+00:00
[2023-10-11T07:19:19.910+0000] {processor.py:179} INFO - Processing /home/airflow/.local/lib/python3.8/site-packages/airflow/example_dags/example_setup_teardown.py took 0.076 seconds
[2023-10-11T07:19:50.547+0000] {processor.py:157} INFO - Started process (PID=8940) to work on /home/airflow/.local/lib/python3.8/site-packages/airflow/example_dags/example_setup_teardown.py
[2023-10-11T07:19:50.556+0000] {processor.py:829} INFO - Processing file /home/airflow/.local/lib/python3.8/site-packages/airflow/example_dags/example_setup_teardown.py for tasks to queue
[2023-10-11T07:19:50.565+0000] {logging_mixin.py:151} INFO - [2023-10-11T07:19:50.564+0000] {dagbag.py:539} INFO - Filling up the DagBag from /home/airflow/.local/lib/python3.8/site-packages/airflow/example_dags/example_setup_teardown.py
[2023-10-11T07:19:50.578+0000] {processor.py:839} INFO - DAG(s) dict_keys(['example_setup_teardown']) retrieved from /home/airflow/.local/lib/python3.8/site-packages/airflow/example_dags/example_setup_teardown.py
[2023-10-11T07:19:50.602+0000] {logging_mixin.py:151} INFO - [2023-10-11T07:19:50.601+0000] {dag.py:2915} INFO - Sync 1 DAGs
[2023-10-11T07:19:50.638+0000] {logging_mixin.py:151} INFO - [2023-10-11T07:19:50.638+0000] {dag.py:3696} INFO - Setting next_dagrun for example_setup_teardown to 2023-10-10T07:19:50.637703+00:00, run_after=2023-10-11T07:19:50.637703+00:00
[2023-10-11T07:19:50.685+0000] {processor.py:179} INFO - Processing /home/airflow/.local/lib/python3.8/site-packages/airflow/example_dags/example_setup_teardown.py took 0.149 seconds
[2023-10-11T07:20:20.831+0000] {processor.py:157} INFO - Started process (PID=9181) to work on /home/airflow/.local/lib/python3.8/site-packages/airflow/example_dags/example_setup_teardown.py
[2023-10-11T07:20:20.833+0000] {processor.py:829} INFO - Processing file /home/airflow/.local/lib/python3.8/site-packages/airflow/example_dags/example_setup_teardown.py for tasks to queue
[2023-10-11T07:20:20.834+0000] {logging_mixin.py:151} INFO - [2023-10-11T07:20:20.833+0000] {dagbag.py:539} INFO - Filling up the DagBag from /home/airflow/.local/lib/python3.8/site-packages/airflow/example_dags/example_setup_teardown.py
[2023-10-11T07:20:20.844+0000] {processor.py:839} INFO - DAG(s) dict_keys(['example_setup_teardown']) retrieved from /home/airflow/.local/lib/python3.8/site-packages/airflow/example_dags/example_setup_teardown.py
[2023-10-11T07:20:20.891+0000] {logging_mixin.py:151} INFO - [2023-10-11T07:20:20.891+0000] {dag.py:2915} INFO - Sync 1 DAGs
[2023-10-11T07:20:20.913+0000] {logging_mixin.py:151} INFO - [2023-10-11T07:20:20.913+0000] {dag.py:3696} INFO - Setting next_dagrun for example_setup_teardown to 2023-10-10T07:20:20.913261+00:00, run_after=2023-10-11T07:20:20.913261+00:00
[2023-10-11T07:20:20.930+0000] {processor.py:179} INFO - Processing /home/airflow/.local/lib/python3.8/site-packages/airflow/example_dags/example_setup_teardown.py took 0.103 seconds
[2023-10-11T07:20:51.717+0000] {processor.py:157} INFO - Started process (PID=9426) to work on /home/airflow/.local/lib/python3.8/site-packages/airflow/example_dags/example_setup_teardown.py
[2023-10-11T07:20:51.718+0000] {processor.py:829} INFO - Processing file /home/airflow/.local/lib/python3.8/site-packages/airflow/example_dags/example_setup_teardown.py for tasks to queue
[2023-10-11T07:20:51.719+0000] {logging_mixin.py:151} INFO - [2023-10-11T07:20:51.719+0000] {dagbag.py:539} INFO - Filling up the DagBag from /home/airflow/.local/lib/python3.8/site-packages/airflow/example_dags/example_setup_teardown.py
[2023-10-11T07:20:51.727+0000] {processor.py:839} INFO - DAG(s) dict_keys(['example_setup_teardown']) retrieved from /home/airflow/.local/lib/python3.8/site-packages/airflow/example_dags/example_setup_teardown.py
[2023-10-11T07:20:51.761+0000] {logging_mixin.py:151} INFO - [2023-10-11T07:20:51.761+0000] {dag.py:2915} INFO - Sync 1 DAGs
[2023-10-11T07:20:51.787+0000] {logging_mixin.py:151} INFO - [2023-10-11T07:20:51.786+0000] {dag.py:3696} INFO - Setting next_dagrun for example_setup_teardown to 2023-10-10T07:20:51.786703+00:00, run_after=2023-10-11T07:20:51.786703+00:00
[2023-10-11T07:20:51.803+0000] {processor.py:179} INFO - Processing /home/airflow/.local/lib/python3.8/site-packages/airflow/example_dags/example_setup_teardown.py took 0.091 seconds
[2023-10-11T07:21:22.740+0000] {processor.py:157} INFO - Started process (PID=9669) to work on /home/airflow/.local/lib/python3.8/site-packages/airflow/example_dags/example_setup_teardown.py
[2023-10-11T07:21:22.742+0000] {processor.py:829} INFO - Processing file /home/airflow/.local/lib/python3.8/site-packages/airflow/example_dags/example_setup_teardown.py for tasks to queue
[2023-10-11T07:21:22.743+0000] {logging_mixin.py:151} INFO - [2023-10-11T07:21:22.743+0000] {dagbag.py:539} INFO - Filling up the DagBag from /home/airflow/.local/lib/python3.8/site-packages/airflow/example_dags/example_setup_teardown.py
[2023-10-11T07:21:22.753+0000] {processor.py:839} INFO - DAG(s) dict_keys(['example_setup_teardown']) retrieved from /home/airflow/.local/lib/python3.8/site-packages/airflow/example_dags/example_setup_teardown.py
[2023-10-11T07:21:22.775+0000] {logging_mixin.py:151} INFO - [2023-10-11T07:21:22.775+0000] {dag.py:2915} INFO - Sync 1 DAGs
[2023-10-11T07:21:22.790+0000] {logging_mixin.py:151} INFO - [2023-10-11T07:21:22.790+0000] {dag.py:3696} INFO - Setting next_dagrun for example_setup_teardown to 2023-10-10T07:21:22.790167+00:00, run_after=2023-10-11T07:21:22.790167+00:00
[2023-10-11T07:21:22.801+0000] {processor.py:179} INFO - Processing /home/airflow/.local/lib/python3.8/site-packages/airflow/example_dags/example_setup_teardown.py took 0.066 seconds
[2023-10-11T07:21:53.360+0000] {processor.py:157} INFO - Started process (PID=9912) to work on /home/airflow/.local/lib/python3.8/site-packages/airflow/example_dags/example_setup_teardown.py
[2023-10-11T07:21:53.361+0000] {processor.py:829} INFO - Processing file /home/airflow/.local/lib/python3.8/site-packages/airflow/example_dags/example_setup_teardown.py for tasks to queue
[2023-10-11T07:21:53.362+0000] {logging_mixin.py:151} INFO - [2023-10-11T07:21:53.362+0000] {dagbag.py:539} INFO - Filling up the DagBag from /home/airflow/.local/lib/python3.8/site-packages/airflow/example_dags/example_setup_teardown.py
[2023-10-11T07:21:53.372+0000] {processor.py:839} INFO - DAG(s) dict_keys(['example_setup_teardown']) retrieved from /home/airflow/.local/lib/python3.8/site-packages/airflow/example_dags/example_setup_teardown.py
[2023-10-11T07:21:53.402+0000] {logging_mixin.py:151} INFO - [2023-10-11T07:21:53.402+0000] {dag.py:2915} INFO - Sync 1 DAGs
[2023-10-11T07:21:53.429+0000] {logging_mixin.py:151} INFO - [2023-10-11T07:21:53.429+0000] {dag.py:3696} INFO - Setting next_dagrun for example_setup_teardown to 2023-10-10T07:21:53.429235+00:00, run_after=2023-10-11T07:21:53.429235+00:00
[2023-10-11T07:21:53.463+0000] {processor.py:179} INFO - Processing /home/airflow/.local/lib/python3.8/site-packages/airflow/example_dags/example_setup_teardown.py took 0.107 seconds
[2023-10-11T07:22:23.609+0000] {processor.py:157} INFO - Started process (PID=10155) to work on /home/airflow/.local/lib/python3.8/site-packages/airflow/example_dags/example_setup_teardown.py
[2023-10-11T07:22:23.611+0000] {processor.py:829} INFO - Processing file /home/airflow/.local/lib/python3.8/site-packages/airflow/example_dags/example_setup_teardown.py for tasks to queue
[2023-10-11T07:22:23.611+0000] {logging_mixin.py:151} INFO - [2023-10-11T07:22:23.611+0000] {dagbag.py:539} INFO - Filling up the DagBag from /home/airflow/.local/lib/python3.8/site-packages/airflow/example_dags/example_setup_teardown.py
[2023-10-11T07:22:23.619+0000] {processor.py:839} INFO - DAG(s) dict_keys(['example_setup_teardown']) retrieved from /home/airflow/.local/lib/python3.8/site-packages/airflow/example_dags/example_setup_teardown.py
[2023-10-11T07:22:23.635+0000] {logging_mixin.py:151} INFO - [2023-10-11T07:22:23.635+0000] {dag.py:2915} INFO - Sync 1 DAGs
[2023-10-11T07:22:23.658+0000] {logging_mixin.py:151} INFO - [2023-10-11T07:22:23.658+0000] {dag.py:3696} INFO - Setting next_dagrun for example_setup_teardown to 2023-10-10T07:22:23.658000+00:00, run_after=2023-10-11T07:22:23.658000+00:00
[2023-10-11T07:22:23.680+0000] {processor.py:179} INFO - Processing /home/airflow/.local/lib/python3.8/site-packages/airflow/example_dags/example_setup_teardown.py took 0.074 seconds
[2023-10-11T07:22:53.894+0000] {processor.py:157} INFO - Started process (PID=10398) to work on /home/airflow/.local/lib/python3.8/site-packages/airflow/example_dags/example_setup_teardown.py
[2023-10-11T07:22:53.897+0000] {processor.py:829} INFO - Processing file /home/airflow/.local/lib/python3.8/site-packages/airflow/example_dags/example_setup_teardown.py for tasks to queue
[2023-10-11T07:22:53.899+0000] {logging_mixin.py:151} INFO - [2023-10-11T07:22:53.898+0000] {dagbag.py:539} INFO - Filling up the DagBag from /home/airflow/.local/lib/python3.8/site-packages/airflow/example_dags/example_setup_teardown.py
[2023-10-11T07:22:53.912+0000] {processor.py:839} INFO - DAG(s) dict_keys(['example_setup_teardown']) retrieved from /home/airflow/.local/lib/python3.8/site-packages/airflow/example_dags/example_setup_teardown.py
[2023-10-11T07:22:53.943+0000] {logging_mixin.py:151} INFO - [2023-10-11T07:22:53.943+0000] {dag.py:2915} INFO - Sync 1 DAGs
[2023-10-11T07:22:54.000+0000] {logging_mixin.py:151} INFO - [2023-10-11T07:22:54.000+0000] {dag.py:3696} INFO - Setting next_dagrun for example_setup_teardown to 2023-10-10T07:22:53.999664+00:00, run_after=2023-10-11T07:22:53.999664+00:00
[2023-10-11T07:22:54.021+0000] {processor.py:179} INFO - Processing /home/airflow/.local/lib/python3.8/site-packages/airflow/example_dags/example_setup_teardown.py took 0.137 seconds
[2023-10-11T07:23:24.087+0000] {processor.py:157} INFO - Started process (PID=10641) to work on /home/airflow/.local/lib/python3.8/site-packages/airflow/example_dags/example_setup_teardown.py
[2023-10-11T07:23:24.088+0000] {processor.py:829} INFO - Processing file /home/airflow/.local/lib/python3.8/site-packages/airflow/example_dags/example_setup_teardown.py for tasks to queue
[2023-10-11T07:23:24.089+0000] {logging_mixin.py:151} INFO - [2023-10-11T07:23:24.088+0000] {dagbag.py:539} INFO - Filling up the DagBag from /home/airflow/.local/lib/python3.8/site-packages/airflow/example_dags/example_setup_teardown.py
[2023-10-11T07:23:24.094+0000] {processor.py:839} INFO - DAG(s) dict_keys(['example_setup_teardown']) retrieved from /home/airflow/.local/lib/python3.8/site-packages/airflow/example_dags/example_setup_teardown.py
[2023-10-11T07:23:24.108+0000] {logging_mixin.py:151} INFO - [2023-10-11T07:23:24.108+0000] {dag.py:2915} INFO - Sync 1 DAGs
[2023-10-11T07:23:24.120+0000] {logging_mixin.py:151} INFO - [2023-10-11T07:23:24.120+0000] {dag.py:3696} INFO - Setting next_dagrun for example_setup_teardown to 2023-10-10T07:23:24.120326+00:00, run_after=2023-10-11T07:23:24.120326+00:00
[2023-10-11T07:23:24.129+0000] {processor.py:179} INFO - Processing /home/airflow/.local/lib/python3.8/site-packages/airflow/example_dags/example_setup_teardown.py took 0.045 seconds
[2023-10-11T07:23:54.228+0000] {processor.py:157} INFO - Started process (PID=10884) to work on /home/airflow/.local/lib/python3.8/site-packages/airflow/example_dags/example_setup_teardown.py
[2023-10-11T07:23:54.230+0000] {processor.py:829} INFO - Processing file /home/airflow/.local/lib/python3.8/site-packages/airflow/example_dags/example_setup_teardown.py for tasks to queue
[2023-10-11T07:23:54.231+0000] {logging_mixin.py:151} INFO - [2023-10-11T07:23:54.231+0000] {dagbag.py:539} INFO - Filling up the DagBag from /home/airflow/.local/lib/python3.8/site-packages/airflow/example_dags/example_setup_teardown.py
[2023-10-11T07:23:54.242+0000] {processor.py:839} INFO - DAG(s) dict_keys(['example_setup_teardown']) retrieved from /home/airflow/.local/lib/python3.8/site-packages/airflow/example_dags/example_setup_teardown.py
[2023-10-11T07:23:54.292+0000] {logging_mixin.py:151} INFO - [2023-10-11T07:23:54.292+0000] {dag.py:2915} INFO - Sync 1 DAGs
[2023-10-11T07:23:54.313+0000] {logging_mixin.py:151} INFO - [2023-10-11T07:23:54.312+0000] {dag.py:3696} INFO - Setting next_dagrun for example_setup_teardown to 2023-10-10T07:23:54.312693+00:00, run_after=2023-10-11T07:23:54.312693+00:00
[2023-10-11T07:23:54.332+0000] {processor.py:179} INFO - Processing /home/airflow/.local/lib/python3.8/site-packages/airflow/example_dags/example_setup_teardown.py took 0.110 seconds
[2023-10-11T07:24:24.694+0000] {processor.py:157} INFO - Started process (PID=11127) to work on /home/airflow/.local/lib/python3.8/site-packages/airflow/example_dags/example_setup_teardown.py
[2023-10-11T07:24:24.695+0000] {processor.py:829} INFO - Processing file /home/airflow/.local/lib/python3.8/site-packages/airflow/example_dags/example_setup_teardown.py for tasks to queue
[2023-10-11T07:24:24.695+0000] {logging_mixin.py:151} INFO - [2023-10-11T07:24:24.695+0000] {dagbag.py:539} INFO - Filling up the DagBag from /home/airflow/.local/lib/python3.8/site-packages/airflow/example_dags/example_setup_teardown.py
[2023-10-11T07:24:24.701+0000] {processor.py:839} INFO - DAG(s) dict_keys(['example_setup_teardown']) retrieved from /home/airflow/.local/lib/python3.8/site-packages/airflow/example_dags/example_setup_teardown.py
[2023-10-11T07:24:24.716+0000] {logging_mixin.py:151} INFO - [2023-10-11T07:24:24.716+0000] {dag.py:2915} INFO - Sync 1 DAGs
[2023-10-11T07:24:24.731+0000] {logging_mixin.py:151} INFO - [2023-10-11T07:24:24.730+0000] {dag.py:3696} INFO - Setting next_dagrun for example_setup_teardown to 2023-10-10T07:24:24.730751+00:00, run_after=2023-10-11T07:24:24.730751+00:00
[2023-10-11T07:24:24.741+0000] {processor.py:179} INFO - Processing /home/airflow/.local/lib/python3.8/site-packages/airflow/example_dags/example_setup_teardown.py took 0.051 seconds
[2023-10-11T07:24:54.841+0000] {processor.py:157} INFO - Started process (PID=11370) to work on /home/airflow/.local/lib/python3.8/site-packages/airflow/example_dags/example_setup_teardown.py
[2023-10-11T07:24:54.843+0000] {processor.py:829} INFO - Processing file /home/airflow/.local/lib/python3.8/site-packages/airflow/example_dags/example_setup_teardown.py for tasks to queue
[2023-10-11T07:24:54.855+0000] {logging_mixin.py:151} INFO - [2023-10-11T07:24:54.855+0000] {dagbag.py:539} INFO - Filling up the DagBag from /home/airflow/.local/lib/python3.8/site-packages/airflow/example_dags/example_setup_teardown.py
[2023-10-11T07:24:54.869+0000] {processor.py:839} INFO - DAG(s) dict_keys(['example_setup_teardown']) retrieved from /home/airflow/.local/lib/python3.8/site-packages/airflow/example_dags/example_setup_teardown.py
[2023-10-11T07:24:54.885+0000] {logging_mixin.py:151} INFO - [2023-10-11T07:24:54.885+0000] {dag.py:2915} INFO - Sync 1 DAGs
[2023-10-11T07:24:54.898+0000] {logging_mixin.py:151} INFO - [2023-10-11T07:24:54.898+0000] {dag.py:3696} INFO - Setting next_dagrun for example_setup_teardown to 2023-10-10T07:24:54.898230+00:00, run_after=2023-10-11T07:24:54.898230+00:00
[2023-10-11T07:24:54.909+0000] {processor.py:179} INFO - Processing /home/airflow/.local/lib/python3.8/site-packages/airflow/example_dags/example_setup_teardown.py took 0.071 seconds
[2023-10-11T07:25:25.127+0000] {processor.py:157} INFO - Started process (PID=11613) to work on /home/airflow/.local/lib/python3.8/site-packages/airflow/example_dags/example_setup_teardown.py
[2023-10-11T07:25:25.130+0000] {processor.py:829} INFO - Processing file /home/airflow/.local/lib/python3.8/site-packages/airflow/example_dags/example_setup_teardown.py for tasks to queue
[2023-10-11T07:25:25.131+0000] {logging_mixin.py:151} INFO - [2023-10-11T07:25:25.131+0000] {dagbag.py:539} INFO - Filling up the DagBag from /home/airflow/.local/lib/python3.8/site-packages/airflow/example_dags/example_setup_teardown.py
[2023-10-11T07:25:25.153+0000] {processor.py:839} INFO - DAG(s) dict_keys(['example_setup_teardown']) retrieved from /home/airflow/.local/lib/python3.8/site-packages/airflow/example_dags/example_setup_teardown.py
[2023-10-11T07:25:25.214+0000] {logging_mixin.py:151} INFO - [2023-10-11T07:25:25.214+0000] {dag.py:2915} INFO - Sync 1 DAGs
[2023-10-11T07:25:25.243+0000] {logging_mixin.py:151} INFO - [2023-10-11T07:25:25.243+0000] {dag.py:3696} INFO - Setting next_dagrun for example_setup_teardown to 2023-10-10T07:25:25.243038+00:00, run_after=2023-10-11T07:25:25.243038+00:00
[2023-10-11T07:25:25.304+0000] {processor.py:179} INFO - Processing /home/airflow/.local/lib/python3.8/site-packages/airflow/example_dags/example_setup_teardown.py took 0.185 seconds
[2023-10-11T07:25:55.978+0000] {processor.py:157} INFO - Started process (PID=11856) to work on /home/airflow/.local/lib/python3.8/site-packages/airflow/example_dags/example_setup_teardown.py
[2023-10-11T07:25:55.980+0000] {processor.py:829} INFO - Processing file /home/airflow/.local/lib/python3.8/site-packages/airflow/example_dags/example_setup_teardown.py for tasks to queue
[2023-10-11T07:25:55.980+0000] {logging_mixin.py:151} INFO - [2023-10-11T07:25:55.980+0000] {dagbag.py:539} INFO - Filling up the DagBag from /home/airflow/.local/lib/python3.8/site-packages/airflow/example_dags/example_setup_teardown.py
[2023-10-11T07:25:55.988+0000] {processor.py:839} INFO - DAG(s) dict_keys(['example_setup_teardown']) retrieved from /home/airflow/.local/lib/python3.8/site-packages/airflow/example_dags/example_setup_teardown.py
[2023-10-11T07:25:56.012+0000] {logging_mixin.py:151} INFO - [2023-10-11T07:25:56.012+0000] {dag.py:2915} INFO - Sync 1 DAGs
[2023-10-11T07:25:56.027+0000] {logging_mixin.py:151} INFO - [2023-10-11T07:25:56.027+0000] {dag.py:3696} INFO - Setting next_dagrun for example_setup_teardown to 2023-10-10T07:25:56.027418+00:00, run_after=2023-10-11T07:25:56.027418+00:00
[2023-10-11T07:25:56.040+0000] {processor.py:179} INFO - Processing /home/airflow/.local/lib/python3.8/site-packages/airflow/example_dags/example_setup_teardown.py took 0.066 seconds
[2023-10-11T07:26:26.422+0000] {processor.py:157} INFO - Started process (PID=12099) to work on /home/airflow/.local/lib/python3.8/site-packages/airflow/example_dags/example_setup_teardown.py
[2023-10-11T07:26:26.423+0000] {processor.py:829} INFO - Processing file /home/airflow/.local/lib/python3.8/site-packages/airflow/example_dags/example_setup_teardown.py for tasks to queue
[2023-10-11T07:26:26.424+0000] {logging_mixin.py:151} INFO - [2023-10-11T07:26:26.424+0000] {dagbag.py:539} INFO - Filling up the DagBag from /home/airflow/.local/lib/python3.8/site-packages/airflow/example_dags/example_setup_teardown.py
[2023-10-11T07:26:26.430+0000] {processor.py:839} INFO - DAG(s) dict_keys(['example_setup_teardown']) retrieved from /home/airflow/.local/lib/python3.8/site-packages/airflow/example_dags/example_setup_teardown.py
[2023-10-11T07:26:26.449+0000] {logging_mixin.py:151} INFO - [2023-10-11T07:26:26.449+0000] {dag.py:2915} INFO - Sync 1 DAGs
[2023-10-11T07:26:26.476+0000] {logging_mixin.py:151} INFO - [2023-10-11T07:26:26.476+0000] {dag.py:3696} INFO - Setting next_dagrun for example_setup_teardown to 2023-10-10T07:26:26.476340+00:00, run_after=2023-10-11T07:26:26.476340+00:00
[2023-10-11T07:26:26.493+0000] {processor.py:179} INFO - Processing /home/airflow/.local/lib/python3.8/site-packages/airflow/example_dags/example_setup_teardown.py took 0.073 seconds
[2023-10-11T07:26:56.931+0000] {processor.py:157} INFO - Started process (PID=12342) to work on /home/airflow/.local/lib/python3.8/site-packages/airflow/example_dags/example_setup_teardown.py
[2023-10-11T07:26:56.933+0000] {processor.py:829} INFO - Processing file /home/airflow/.local/lib/python3.8/site-packages/airflow/example_dags/example_setup_teardown.py for tasks to queue
[2023-10-11T07:26:56.934+0000] {logging_mixin.py:151} INFO - [2023-10-11T07:26:56.933+0000] {dagbag.py:539} INFO - Filling up the DagBag from /home/airflow/.local/lib/python3.8/site-packages/airflow/example_dags/example_setup_teardown.py
[2023-10-11T07:26:56.959+0000] {processor.py:839} INFO - DAG(s) dict_keys(['example_setup_teardown']) retrieved from /home/airflow/.local/lib/python3.8/site-packages/airflow/example_dags/example_setup_teardown.py
[2023-10-11T07:26:57.012+0000] {logging_mixin.py:151} INFO - [2023-10-11T07:26:57.012+0000] {dag.py:2915} INFO - Sync 1 DAGs
[2023-10-11T07:26:57.038+0000] {logging_mixin.py:151} INFO - [2023-10-11T07:26:57.038+0000] {dag.py:3696} INFO - Setting next_dagrun for example_setup_teardown to 2023-10-10T07:26:57.037675+00:00, run_after=2023-10-11T07:26:57.037675+00:00
[2023-10-11T07:26:57.079+0000] {processor.py:179} INFO - Processing /home/airflow/.local/lib/python3.8/site-packages/airflow/example_dags/example_setup_teardown.py took 0.155 seconds
[2023-10-11T07:27:27.798+0000] {processor.py:157} INFO - Started process (PID=12585) to work on /home/airflow/.local/lib/python3.8/site-packages/airflow/example_dags/example_setup_teardown.py
[2023-10-11T07:27:27.799+0000] {processor.py:829} INFO - Processing file /home/airflow/.local/lib/python3.8/site-packages/airflow/example_dags/example_setup_teardown.py for tasks to queue
[2023-10-11T07:27:27.799+0000] {logging_mixin.py:151} INFO - [2023-10-11T07:27:27.799+0000] {dagbag.py:539} INFO - Filling up the DagBag from /home/airflow/.local/lib/python3.8/site-packages/airflow/example_dags/example_setup_teardown.py
[2023-10-11T07:27:27.805+0000] {processor.py:839} INFO - DAG(s) dict_keys(['example_setup_teardown']) retrieved from /home/airflow/.local/lib/python3.8/site-packages/airflow/example_dags/example_setup_teardown.py
[2023-10-11T07:27:27.821+0000] {logging_mixin.py:151} INFO - [2023-10-11T07:27:27.821+0000] {dag.py:2915} INFO - Sync 1 DAGs
[2023-10-11T07:27:27.834+0000] {logging_mixin.py:151} INFO - [2023-10-11T07:27:27.834+0000] {dag.py:3696} INFO - Setting next_dagrun for example_setup_teardown to 2023-10-10T07:27:27.834147+00:00, run_after=2023-10-11T07:27:27.834147+00:00
[2023-10-11T07:27:27.853+0000] {processor.py:179} INFO - Processing /home/airflow/.local/lib/python3.8/site-packages/airflow/example_dags/example_setup_teardown.py took 0.057 seconds
[2023-10-11T07:27:57.967+0000] {processor.py:157} INFO - Started process (PID=12828) to work on /home/airflow/.local/lib/python3.8/site-packages/airflow/example_dags/example_setup_teardown.py
[2023-10-11T07:27:57.967+0000] {processor.py:829} INFO - Processing file /home/airflow/.local/lib/python3.8/site-packages/airflow/example_dags/example_setup_teardown.py for tasks to queue
[2023-10-11T07:27:57.968+0000] {logging_mixin.py:151} INFO - [2023-10-11T07:27:57.968+0000] {dagbag.py:539} INFO - Filling up the DagBag from /home/airflow/.local/lib/python3.8/site-packages/airflow/example_dags/example_setup_teardown.py
[2023-10-11T07:27:57.974+0000] {processor.py:839} INFO - DAG(s) dict_keys(['example_setup_teardown']) retrieved from /home/airflow/.local/lib/python3.8/site-packages/airflow/example_dags/example_setup_teardown.py
[2023-10-11T07:27:57.989+0000] {logging_mixin.py:151} INFO - [2023-10-11T07:27:57.989+0000] {dag.py:2915} INFO - Sync 1 DAGs
[2023-10-11T07:27:58.002+0000] {logging_mixin.py:151} INFO - [2023-10-11T07:27:58.002+0000] {dag.py:3696} INFO - Setting next_dagrun for example_setup_teardown to 2023-10-10T07:27:58.002082+00:00, run_after=2023-10-11T07:27:58.002082+00:00
[2023-10-11T07:27:58.012+0000] {processor.py:179} INFO - Processing /home/airflow/.local/lib/python3.8/site-packages/airflow/example_dags/example_setup_teardown.py took 0.047 seconds
[2023-10-11T07:28:28.284+0000] {processor.py:157} INFO - Started process (PID=13071) to work on /home/airflow/.local/lib/python3.8/site-packages/airflow/example_dags/example_setup_teardown.py
[2023-10-11T07:28:28.285+0000] {processor.py:829} INFO - Processing file /home/airflow/.local/lib/python3.8/site-packages/airflow/example_dags/example_setup_teardown.py for tasks to queue
[2023-10-11T07:28:28.285+0000] {logging_mixin.py:151} INFO - [2023-10-11T07:28:28.285+0000] {dagbag.py:539} INFO - Filling up the DagBag from /home/airflow/.local/lib/python3.8/site-packages/airflow/example_dags/example_setup_teardown.py
[2023-10-11T07:28:28.291+0000] {processor.py:839} INFO - DAG(s) dict_keys(['example_setup_teardown']) retrieved from /home/airflow/.local/lib/python3.8/site-packages/airflow/example_dags/example_setup_teardown.py
[2023-10-11T07:28:28.307+0000] {logging_mixin.py:151} INFO - [2023-10-11T07:28:28.307+0000] {dag.py:2915} INFO - Sync 1 DAGs
[2023-10-11T07:28:28.321+0000] {logging_mixin.py:151} INFO - [2023-10-11T07:28:28.320+0000] {dag.py:3696} INFO - Setting next_dagrun for example_setup_teardown to 2023-10-10T07:28:28.320804+00:00, run_after=2023-10-11T07:28:28.320804+00:00
[2023-10-11T07:28:28.332+0000] {processor.py:179} INFO - Processing /home/airflow/.local/lib/python3.8/site-packages/airflow/example_dags/example_setup_teardown.py took 0.051 seconds
