[2023-10-11T07:01:28.548+0000] {processor.py:157} INFO - Started process (PID=170) to work on /home/airflow/.local/lib/python3.8/site-packages/airflow/example_dags/example_short_circuit_decorator.py
[2023-10-11T07:01:28.550+0000] {processor.py:829} INFO - Processing file /home/airflow/.local/lib/python3.8/site-packages/airflow/example_dags/example_short_circuit_decorator.py for tasks to queue
[2023-10-11T07:01:28.553+0000] {logging_mixin.py:151} INFO - [2023-10-11T07:01:28.553+0000] {dagbag.py:539} INFO - Filling up the DagBag from /home/airflow/.local/lib/python3.8/site-packages/airflow/example_dags/example_short_circuit_decorator.py
[2023-10-11T07:01:28.588+0000] {processor.py:839} INFO - DAG(s) dict_keys(['example_short_circuit_decorator']) retrieved from /home/airflow/.local/lib/python3.8/site-packages/airflow/example_dags/example_short_circuit_decorator.py
[2023-10-11T07:01:29.206+0000] {logging_mixin.py:151} INFO - [2023-10-11T07:01:29.206+0000] {manager.py:499} INFO - Created Permission View: %s
[2023-10-11T07:01:29.213+0000] {logging_mixin.py:151} INFO - [2023-10-11T07:01:29.212+0000] {manager.py:499} INFO - Created Permission View: %s
[2023-10-11T07:01:29.217+0000] {logging_mixin.py:151} INFO - [2023-10-11T07:01:29.216+0000] {manager.py:499} INFO - Created Permission View: %s
[2023-10-11T07:01:29.217+0000] {logging_mixin.py:151} INFO - [2023-10-11T07:01:29.217+0000] {security.py:708} INFO - Not syncing DAG-level permissions for DAG 'DAG:example_short_circuit_decorator' as access control is unset.
[2023-10-11T07:01:29.217+0000] {logging_mixin.py:151} INFO - [2023-10-11T07:01:29.217+0000] {dag.py:2915} INFO - Sync 1 DAGs
[2023-10-11T07:01:29.228+0000] {logging_mixin.py:151} INFO - [2023-10-11T07:01:29.228+0000] {dag.py:2937} INFO - Creating ORM DAG for example_short_circuit_decorator
[2023-10-11T07:01:29.239+0000] {logging_mixin.py:151} INFO - [2023-10-11T07:01:29.239+0000] {dag.py:3696} INFO - Setting next_dagrun for example_short_circuit_decorator to 2023-10-10T07:01:29.238762+00:00, run_after=2023-10-11T07:01:29.238762+00:00
[2023-10-11T07:01:29.264+0000] {processor.py:179} INFO - Processing /home/airflow/.local/lib/python3.8/site-packages/airflow/example_dags/example_short_circuit_decorator.py took 0.721 seconds
[2023-10-11T07:02:00.179+0000] {processor.py:157} INFO - Started process (PID=409) to work on /home/airflow/.local/lib/python3.8/site-packages/airflow/example_dags/example_short_circuit_decorator.py
[2023-10-11T07:02:00.180+0000] {processor.py:829} INFO - Processing file /home/airflow/.local/lib/python3.8/site-packages/airflow/example_dags/example_short_circuit_decorator.py for tasks to queue
[2023-10-11T07:02:00.182+0000] {logging_mixin.py:151} INFO - [2023-10-11T07:02:00.181+0000] {dagbag.py:539} INFO - Filling up the DagBag from /home/airflow/.local/lib/python3.8/site-packages/airflow/example_dags/example_short_circuit_decorator.py
[2023-10-11T07:02:00.195+0000] {processor.py:839} INFO - DAG(s) dict_keys(['example_short_circuit_decorator']) retrieved from /home/airflow/.local/lib/python3.8/site-packages/airflow/example_dags/example_short_circuit_decorator.py
[2023-10-11T07:02:00.224+0000] {logging_mixin.py:151} INFO - [2023-10-11T07:02:00.224+0000] {dag.py:2915} INFO - Sync 1 DAGs
[2023-10-11T07:02:00.266+0000] {logging_mixin.py:151} INFO - [2023-10-11T07:02:00.266+0000] {dag.py:3696} INFO - Setting next_dagrun for example_short_circuit_decorator to 2023-10-10T07:02:00.265984+00:00, run_after=2023-10-11T07:02:00.265984+00:00
[2023-10-11T07:02:00.296+0000] {processor.py:179} INFO - Processing /home/airflow/.local/lib/python3.8/site-packages/airflow/example_dags/example_short_circuit_decorator.py took 0.120 seconds
[2023-10-11T07:02:30.385+0000] {processor.py:157} INFO - Started process (PID=646) to work on /home/airflow/.local/lib/python3.8/site-packages/airflow/example_dags/example_short_circuit_decorator.py
[2023-10-11T07:02:30.388+0000] {processor.py:829} INFO - Processing file /home/airflow/.local/lib/python3.8/site-packages/airflow/example_dags/example_short_circuit_decorator.py for tasks to queue
[2023-10-11T07:02:30.390+0000] {logging_mixin.py:151} INFO - [2023-10-11T07:02:30.390+0000] {dagbag.py:539} INFO - Filling up the DagBag from /home/airflow/.local/lib/python3.8/site-packages/airflow/example_dags/example_short_circuit_decorator.py
[2023-10-11T07:02:30.399+0000] {processor.py:839} INFO - DAG(s) dict_keys(['example_short_circuit_decorator']) retrieved from /home/airflow/.local/lib/python3.8/site-packages/airflow/example_dags/example_short_circuit_decorator.py
[2023-10-11T07:02:30.419+0000] {logging_mixin.py:151} INFO - [2023-10-11T07:02:30.418+0000] {dag.py:2915} INFO - Sync 1 DAGs
[2023-10-11T07:02:30.433+0000] {logging_mixin.py:151} INFO - [2023-10-11T07:02:30.433+0000] {dag.py:3696} INFO - Setting next_dagrun for example_short_circuit_decorator to 2023-10-10T07:02:30.433402+00:00, run_after=2023-10-11T07:02:30.433402+00:00
[2023-10-11T07:02:30.444+0000] {processor.py:179} INFO - Processing /home/airflow/.local/lib/python3.8/site-packages/airflow/example_dags/example_short_circuit_decorator.py took 0.061 seconds
[2023-10-11T07:03:01.220+0000] {processor.py:157} INFO - Started process (PID=884) to work on /home/airflow/.local/lib/python3.8/site-packages/airflow/example_dags/example_short_circuit_decorator.py
[2023-10-11T07:03:01.222+0000] {processor.py:829} INFO - Processing file /home/airflow/.local/lib/python3.8/site-packages/airflow/example_dags/example_short_circuit_decorator.py for tasks to queue
[2023-10-11T07:03:01.223+0000] {logging_mixin.py:151} INFO - [2023-10-11T07:03:01.222+0000] {dagbag.py:539} INFO - Filling up the DagBag from /home/airflow/.local/lib/python3.8/site-packages/airflow/example_dags/example_short_circuit_decorator.py
[2023-10-11T07:03:01.234+0000] {processor.py:839} INFO - DAG(s) dict_keys(['example_short_circuit_decorator']) retrieved from /home/airflow/.local/lib/python3.8/site-packages/airflow/example_dags/example_short_circuit_decorator.py
[2023-10-11T07:03:01.268+0000] {logging_mixin.py:151} INFO - [2023-10-11T07:03:01.268+0000] {dag.py:2915} INFO - Sync 1 DAGs
[2023-10-11T07:03:01.292+0000] {logging_mixin.py:151} INFO - [2023-10-11T07:03:01.292+0000] {dag.py:3696} INFO - Setting next_dagrun for example_short_circuit_decorator to 2023-10-10T07:03:01.291944+00:00, run_after=2023-10-11T07:03:01.291944+00:00
[2023-10-11T07:03:01.302+0000] {processor.py:179} INFO - Processing /home/airflow/.local/lib/python3.8/site-packages/airflow/example_dags/example_short_circuit_decorator.py took 0.088 seconds
[2023-10-11T07:03:32.103+0000] {processor.py:157} INFO - Started process (PID=1122) to work on /home/airflow/.local/lib/python3.8/site-packages/airflow/example_dags/example_short_circuit_decorator.py
[2023-10-11T07:03:32.104+0000] {processor.py:829} INFO - Processing file /home/airflow/.local/lib/python3.8/site-packages/airflow/example_dags/example_short_circuit_decorator.py for tasks to queue
[2023-10-11T07:03:32.105+0000] {logging_mixin.py:151} INFO - [2023-10-11T07:03:32.105+0000] {dagbag.py:539} INFO - Filling up the DagBag from /home/airflow/.local/lib/python3.8/site-packages/airflow/example_dags/example_short_circuit_decorator.py
[2023-10-11T07:03:32.114+0000] {processor.py:839} INFO - DAG(s) dict_keys(['example_short_circuit_decorator']) retrieved from /home/airflow/.local/lib/python3.8/site-packages/airflow/example_dags/example_short_circuit_decorator.py
[2023-10-11T07:03:32.136+0000] {logging_mixin.py:151} INFO - [2023-10-11T07:03:32.135+0000] {dag.py:2915} INFO - Sync 1 DAGs
[2023-10-11T07:03:32.150+0000] {logging_mixin.py:151} INFO - [2023-10-11T07:03:32.150+0000] {dag.py:3696} INFO - Setting next_dagrun for example_short_circuit_decorator to 2023-10-10T07:03:32.150568+00:00, run_after=2023-10-11T07:03:32.150568+00:00
[2023-10-11T07:03:32.170+0000] {processor.py:179} INFO - Processing /home/airflow/.local/lib/python3.8/site-packages/airflow/example_dags/example_short_circuit_decorator.py took 0.071 seconds
[2023-10-11T07:04:02.840+0000] {processor.py:157} INFO - Started process (PID=1360) to work on /home/airflow/.local/lib/python3.8/site-packages/airflow/example_dags/example_short_circuit_decorator.py
[2023-10-11T07:04:02.841+0000] {processor.py:829} INFO - Processing file /home/airflow/.local/lib/python3.8/site-packages/airflow/example_dags/example_short_circuit_decorator.py for tasks to queue
[2023-10-11T07:04:02.842+0000] {logging_mixin.py:151} INFO - [2023-10-11T07:04:02.842+0000] {dagbag.py:539} INFO - Filling up the DagBag from /home/airflow/.local/lib/python3.8/site-packages/airflow/example_dags/example_short_circuit_decorator.py
[2023-10-11T07:04:02.852+0000] {processor.py:839} INFO - DAG(s) dict_keys(['example_short_circuit_decorator']) retrieved from /home/airflow/.local/lib/python3.8/site-packages/airflow/example_dags/example_short_circuit_decorator.py
[2023-10-11T07:04:02.880+0000] {logging_mixin.py:151} INFO - [2023-10-11T07:04:02.880+0000] {dag.py:2915} INFO - Sync 1 DAGs
[2023-10-11T07:04:02.900+0000] {logging_mixin.py:151} INFO - [2023-10-11T07:04:02.900+0000] {dag.py:3696} INFO - Setting next_dagrun for example_short_circuit_decorator to 2023-10-10T07:04:02.900423+00:00, run_after=2023-10-11T07:04:02.900423+00:00
[2023-10-11T07:04:02.911+0000] {processor.py:179} INFO - Processing /home/airflow/.local/lib/python3.8/site-packages/airflow/example_dags/example_short_circuit_decorator.py took 0.073 seconds
[2023-10-11T07:04:33.146+0000] {processor.py:157} INFO - Started process (PID=1598) to work on /home/airflow/.local/lib/python3.8/site-packages/airflow/example_dags/example_short_circuit_decorator.py
[2023-10-11T07:04:33.147+0000] {processor.py:829} INFO - Processing file /home/airflow/.local/lib/python3.8/site-packages/airflow/example_dags/example_short_circuit_decorator.py for tasks to queue
[2023-10-11T07:04:33.148+0000] {logging_mixin.py:151} INFO - [2023-10-11T07:04:33.148+0000] {dagbag.py:539} INFO - Filling up the DagBag from /home/airflow/.local/lib/python3.8/site-packages/airflow/example_dags/example_short_circuit_decorator.py
[2023-10-11T07:04:33.158+0000] {processor.py:839} INFO - DAG(s) dict_keys(['example_short_circuit_decorator']) retrieved from /home/airflow/.local/lib/python3.8/site-packages/airflow/example_dags/example_short_circuit_decorator.py
[2023-10-11T07:04:33.210+0000] {logging_mixin.py:151} INFO - [2023-10-11T07:04:33.210+0000] {dag.py:2915} INFO - Sync 1 DAGs
[2023-10-11T07:04:33.227+0000] {logging_mixin.py:151} INFO - [2023-10-11T07:04:33.227+0000] {dag.py:3696} INFO - Setting next_dagrun for example_short_circuit_decorator to 2023-10-10T07:04:33.227138+00:00, run_after=2023-10-11T07:04:33.227138+00:00
[2023-10-11T07:04:33.240+0000] {processor.py:179} INFO - Processing /home/airflow/.local/lib/python3.8/site-packages/airflow/example_dags/example_short_circuit_decorator.py took 0.096 seconds
[2023-10-11T07:05:03.408+0000] {processor.py:157} INFO - Started process (PID=1836) to work on /home/airflow/.local/lib/python3.8/site-packages/airflow/example_dags/example_short_circuit_decorator.py
[2023-10-11T07:05:03.409+0000] {processor.py:829} INFO - Processing file /home/airflow/.local/lib/python3.8/site-packages/airflow/example_dags/example_short_circuit_decorator.py for tasks to queue
[2023-10-11T07:05:03.410+0000] {logging_mixin.py:151} INFO - [2023-10-11T07:05:03.409+0000] {dagbag.py:539} INFO - Filling up the DagBag from /home/airflow/.local/lib/python3.8/site-packages/airflow/example_dags/example_short_circuit_decorator.py
[2023-10-11T07:05:03.418+0000] {processor.py:839} INFO - DAG(s) dict_keys(['example_short_circuit_decorator']) retrieved from /home/airflow/.local/lib/python3.8/site-packages/airflow/example_dags/example_short_circuit_decorator.py
[2023-10-11T07:05:03.440+0000] {logging_mixin.py:151} INFO - [2023-10-11T07:05:03.439+0000] {dag.py:2915} INFO - Sync 1 DAGs
[2023-10-11T07:05:03.490+0000] {logging_mixin.py:151} INFO - [2023-10-11T07:05:03.490+0000] {dag.py:3696} INFO - Setting next_dagrun for example_short_circuit_decorator to 2023-10-10T07:05:03.490352+00:00, run_after=2023-10-11T07:05:03.490352+00:00
[2023-10-11T07:05:03.505+0000] {processor.py:179} INFO - Processing /home/airflow/.local/lib/python3.8/site-packages/airflow/example_dags/example_short_circuit_decorator.py took 0.099 seconds
[2023-10-11T07:05:33.641+0000] {processor.py:157} INFO - Started process (PID=2074) to work on /home/airflow/.local/lib/python3.8/site-packages/airflow/example_dags/example_short_circuit_decorator.py
[2023-10-11T07:05:33.643+0000] {processor.py:829} INFO - Processing file /home/airflow/.local/lib/python3.8/site-packages/airflow/example_dags/example_short_circuit_decorator.py for tasks to queue
[2023-10-11T07:05:33.644+0000] {logging_mixin.py:151} INFO - [2023-10-11T07:05:33.644+0000] {dagbag.py:539} INFO - Filling up the DagBag from /home/airflow/.local/lib/python3.8/site-packages/airflow/example_dags/example_short_circuit_decorator.py
[2023-10-11T07:05:33.690+0000] {processor.py:839} INFO - DAG(s) dict_keys(['example_short_circuit_decorator']) retrieved from /home/airflow/.local/lib/python3.8/site-packages/airflow/example_dags/example_short_circuit_decorator.py
[2023-10-11T07:05:33.727+0000] {logging_mixin.py:151} INFO - [2023-10-11T07:05:33.727+0000] {dag.py:2915} INFO - Sync 1 DAGs
[2023-10-11T07:05:33.754+0000] {logging_mixin.py:151} INFO - [2023-10-11T07:05:33.754+0000] {dag.py:3696} INFO - Setting next_dagrun for example_short_circuit_decorator to 2023-10-10T07:05:33.752805+00:00, run_after=2023-10-11T07:05:33.752805+00:00
[2023-10-11T07:05:33.805+0000] {processor.py:179} INFO - Processing /home/airflow/.local/lib/python3.8/site-packages/airflow/example_dags/example_short_circuit_decorator.py took 0.171 seconds
[2023-10-11T07:06:04.108+0000] {processor.py:157} INFO - Started process (PID=2312) to work on /home/airflow/.local/lib/python3.8/site-packages/airflow/example_dags/example_short_circuit_decorator.py
[2023-10-11T07:06:04.110+0000] {processor.py:829} INFO - Processing file /home/airflow/.local/lib/python3.8/site-packages/airflow/example_dags/example_short_circuit_decorator.py for tasks to queue
[2023-10-11T07:06:04.111+0000] {logging_mixin.py:151} INFO - [2023-10-11T07:06:04.111+0000] {dagbag.py:539} INFO - Filling up the DagBag from /home/airflow/.local/lib/python3.8/site-packages/airflow/example_dags/example_short_circuit_decorator.py
[2023-10-11T07:06:04.125+0000] {processor.py:839} INFO - DAG(s) dict_keys(['example_short_circuit_decorator']) retrieved from /home/airflow/.local/lib/python3.8/site-packages/airflow/example_dags/example_short_circuit_decorator.py
[2023-10-11T07:06:04.181+0000] {logging_mixin.py:151} INFO - [2023-10-11T07:06:04.180+0000] {dag.py:2915} INFO - Sync 1 DAGs
[2023-10-11T07:06:04.199+0000] {logging_mixin.py:151} INFO - [2023-10-11T07:06:04.199+0000] {dag.py:3696} INFO - Setting next_dagrun for example_short_circuit_decorator to 2023-10-10T07:06:04.198972+00:00, run_after=2023-10-11T07:06:04.198972+00:00
[2023-10-11T07:06:04.210+0000] {processor.py:179} INFO - Processing /home/airflow/.local/lib/python3.8/site-packages/airflow/example_dags/example_short_circuit_decorator.py took 0.107 seconds
[2023-10-11T07:06:34.686+0000] {processor.py:157} INFO - Started process (PID=2555) to work on /home/airflow/.local/lib/python3.8/site-packages/airflow/example_dags/example_short_circuit_decorator.py
[2023-10-11T07:06:34.687+0000] {processor.py:829} INFO - Processing file /home/airflow/.local/lib/python3.8/site-packages/airflow/example_dags/example_short_circuit_decorator.py for tasks to queue
[2023-10-11T07:06:34.687+0000] {logging_mixin.py:151} INFO - [2023-10-11T07:06:34.687+0000] {dagbag.py:539} INFO - Filling up the DagBag from /home/airflow/.local/lib/python3.8/site-packages/airflow/example_dags/example_short_circuit_decorator.py
[2023-10-11T07:06:34.694+0000] {processor.py:839} INFO - DAG(s) dict_keys(['example_short_circuit_decorator']) retrieved from /home/airflow/.local/lib/python3.8/site-packages/airflow/example_dags/example_short_circuit_decorator.py
[2023-10-11T07:06:34.712+0000] {logging_mixin.py:151} INFO - [2023-10-11T07:06:34.712+0000] {dag.py:2915} INFO - Sync 1 DAGs
[2023-10-11T07:06:34.731+0000] {logging_mixin.py:151} INFO - [2023-10-11T07:06:34.731+0000] {dag.py:3696} INFO - Setting next_dagrun for example_short_circuit_decorator to 2023-10-10T07:06:34.731068+00:00, run_after=2023-10-11T07:06:34.731068+00:00
[2023-10-11T07:06:34.744+0000] {processor.py:179} INFO - Processing /home/airflow/.local/lib/python3.8/site-packages/airflow/example_dags/example_short_circuit_decorator.py took 0.062 seconds
[2023-10-11T07:07:05.152+0000] {processor.py:157} INFO - Started process (PID=2797) to work on /home/airflow/.local/lib/python3.8/site-packages/airflow/example_dags/example_short_circuit_decorator.py
[2023-10-11T07:07:05.163+0000] {processor.py:829} INFO - Processing file /home/airflow/.local/lib/python3.8/site-packages/airflow/example_dags/example_short_circuit_decorator.py for tasks to queue
[2023-10-11T07:07:05.169+0000] {logging_mixin.py:151} INFO - [2023-10-11T07:07:05.169+0000] {dagbag.py:539} INFO - Filling up the DagBag from /home/airflow/.local/lib/python3.8/site-packages/airflow/example_dags/example_short_circuit_decorator.py
[2023-10-11T07:07:05.215+0000] {processor.py:839} INFO - DAG(s) dict_keys(['example_short_circuit_decorator']) retrieved from /home/airflow/.local/lib/python3.8/site-packages/airflow/example_dags/example_short_circuit_decorator.py
[2023-10-11T07:07:05.250+0000] {logging_mixin.py:151} INFO - [2023-10-11T07:07:05.250+0000] {dag.py:2915} INFO - Sync 1 DAGs
[2023-10-11T07:07:05.306+0000] {logging_mixin.py:151} INFO - [2023-10-11T07:07:05.306+0000] {dag.py:3696} INFO - Setting next_dagrun for example_short_circuit_decorator to 2023-10-10T07:07:05.305880+00:00, run_after=2023-10-11T07:07:05.305880+00:00
[2023-10-11T07:07:05.318+0000] {processor.py:179} INFO - Processing /home/airflow/.local/lib/python3.8/site-packages/airflow/example_dags/example_short_circuit_decorator.py took 0.173 seconds
[2023-10-11T07:07:35.604+0000] {processor.py:157} INFO - Started process (PID=3039) to work on /home/airflow/.local/lib/python3.8/site-packages/airflow/example_dags/example_short_circuit_decorator.py
[2023-10-11T07:07:35.605+0000] {processor.py:829} INFO - Processing file /home/airflow/.local/lib/python3.8/site-packages/airflow/example_dags/example_short_circuit_decorator.py for tasks to queue
[2023-10-11T07:07:35.605+0000] {logging_mixin.py:151} INFO - [2023-10-11T07:07:35.605+0000] {dagbag.py:539} INFO - Filling up the DagBag from /home/airflow/.local/lib/python3.8/site-packages/airflow/example_dags/example_short_circuit_decorator.py
[2023-10-11T07:07:35.615+0000] {processor.py:839} INFO - DAG(s) dict_keys(['example_short_circuit_decorator']) retrieved from /home/airflow/.local/lib/python3.8/site-packages/airflow/example_dags/example_short_circuit_decorator.py
[2023-10-11T07:07:35.637+0000] {logging_mixin.py:151} INFO - [2023-10-11T07:07:35.637+0000] {dag.py:2915} INFO - Sync 1 DAGs
[2023-10-11T07:07:35.652+0000] {logging_mixin.py:151} INFO - [2023-10-11T07:07:35.652+0000] {dag.py:3696} INFO - Setting next_dagrun for example_short_circuit_decorator to 2023-10-10T07:07:35.652512+00:00, run_after=2023-10-11T07:07:35.652512+00:00
[2023-10-11T07:07:35.698+0000] {processor.py:179} INFO - Processing /home/airflow/.local/lib/python3.8/site-packages/airflow/example_dags/example_short_circuit_decorator.py took 0.097 seconds
[2023-10-11T07:08:06.599+0000] {processor.py:157} INFO - Started process (PID=3314) to work on /home/airflow/.local/lib/python3.8/site-packages/airflow/example_dags/example_short_circuit_decorator.py
[2023-10-11T07:08:06.600+0000] {processor.py:829} INFO - Processing file /home/airflow/.local/lib/python3.8/site-packages/airflow/example_dags/example_short_circuit_decorator.py for tasks to queue
[2023-10-11T07:08:06.601+0000] {logging_mixin.py:151} INFO - [2023-10-11T07:08:06.601+0000] {dagbag.py:539} INFO - Filling up the DagBag from /home/airflow/.local/lib/python3.8/site-packages/airflow/example_dags/example_short_circuit_decorator.py
[2023-10-11T07:08:06.615+0000] {processor.py:839} INFO - DAG(s) dict_keys(['example_short_circuit_decorator']) retrieved from /home/airflow/.local/lib/python3.8/site-packages/airflow/example_dags/example_short_circuit_decorator.py
[2023-10-11T07:08:06.652+0000] {logging_mixin.py:151} INFO - [2023-10-11T07:08:06.652+0000] {dag.py:2915} INFO - Sync 1 DAGs
[2023-10-11T07:08:06.696+0000] {logging_mixin.py:151} INFO - [2023-10-11T07:08:06.696+0000] {dag.py:3696} INFO - Setting next_dagrun for example_short_circuit_decorator to 2023-10-10T07:08:06.695643+00:00, run_after=2023-10-11T07:08:06.695643+00:00
[2023-10-11T07:08:06.708+0000] {processor.py:179} INFO - Processing /home/airflow/.local/lib/python3.8/site-packages/airflow/example_dags/example_short_circuit_decorator.py took 0.112 seconds
[2023-10-11T07:08:36.778+0000] {processor.py:157} INFO - Started process (PID=3557) to work on /home/airflow/.local/lib/python3.8/site-packages/airflow/example_dags/example_short_circuit_decorator.py
[2023-10-11T07:08:36.784+0000] {processor.py:829} INFO - Processing file /home/airflow/.local/lib/python3.8/site-packages/airflow/example_dags/example_short_circuit_decorator.py for tasks to queue
[2023-10-11T07:08:36.786+0000] {logging_mixin.py:151} INFO - [2023-10-11T07:08:36.786+0000] {dagbag.py:539} INFO - Filling up the DagBag from /home/airflow/.local/lib/python3.8/site-packages/airflow/example_dags/example_short_circuit_decorator.py
[2023-10-11T07:08:36.801+0000] {processor.py:839} INFO - DAG(s) dict_keys(['example_short_circuit_decorator']) retrieved from /home/airflow/.local/lib/python3.8/site-packages/airflow/example_dags/example_short_circuit_decorator.py
[2023-10-11T07:08:36.834+0000] {logging_mixin.py:151} INFO - [2023-10-11T07:08:36.834+0000] {dag.py:2915} INFO - Sync 1 DAGs
[2023-10-11T07:08:36.857+0000] {logging_mixin.py:151} INFO - [2023-10-11T07:08:36.857+0000] {dag.py:3696} INFO - Setting next_dagrun for example_short_circuit_decorator to 2023-10-10T07:08:36.856884+00:00, run_after=2023-10-11T07:08:36.856884+00:00
[2023-10-11T07:08:36.891+0000] {processor.py:179} INFO - Processing /home/airflow/.local/lib/python3.8/site-packages/airflow/example_dags/example_short_circuit_decorator.py took 0.124 seconds
[2023-10-11T07:09:07.645+0000] {processor.py:157} INFO - Started process (PID=3800) to work on /home/airflow/.local/lib/python3.8/site-packages/airflow/example_dags/example_short_circuit_decorator.py
[2023-10-11T07:09:07.651+0000] {processor.py:829} INFO - Processing file /home/airflow/.local/lib/python3.8/site-packages/airflow/example_dags/example_short_circuit_decorator.py for tasks to queue
[2023-10-11T07:09:07.665+0000] {logging_mixin.py:151} INFO - [2023-10-11T07:09:07.664+0000] {dagbag.py:539} INFO - Filling up the DagBag from /home/airflow/.local/lib/python3.8/site-packages/airflow/example_dags/example_short_circuit_decorator.py
[2023-10-11T07:09:07.710+0000] {processor.py:839} INFO - DAG(s) dict_keys(['example_short_circuit_decorator']) retrieved from /home/airflow/.local/lib/python3.8/site-packages/airflow/example_dags/example_short_circuit_decorator.py
[2023-10-11T07:09:07.750+0000] {logging_mixin.py:151} INFO - [2023-10-11T07:09:07.750+0000] {dag.py:2915} INFO - Sync 1 DAGs
[2023-10-11T07:09:07.801+0000] {logging_mixin.py:151} INFO - [2023-10-11T07:09:07.801+0000] {dag.py:3696} INFO - Setting next_dagrun for example_short_circuit_decorator to 2023-10-10T07:09:07.801257+00:00, run_after=2023-10-11T07:09:07.801257+00:00
[2023-10-11T07:09:07.819+0000] {processor.py:179} INFO - Processing /home/airflow/.local/lib/python3.8/site-packages/airflow/example_dags/example_short_circuit_decorator.py took 0.189 seconds
[2023-10-11T07:09:38.210+0000] {processor.py:157} INFO - Started process (PID=4043) to work on /home/airflow/.local/lib/python3.8/site-packages/airflow/example_dags/example_short_circuit_decorator.py
[2023-10-11T07:09:38.211+0000] {processor.py:829} INFO - Processing file /home/airflow/.local/lib/python3.8/site-packages/airflow/example_dags/example_short_circuit_decorator.py for tasks to queue
[2023-10-11T07:09:38.212+0000] {logging_mixin.py:151} INFO - [2023-10-11T07:09:38.212+0000] {dagbag.py:539} INFO - Filling up the DagBag from /home/airflow/.local/lib/python3.8/site-packages/airflow/example_dags/example_short_circuit_decorator.py
[2023-10-11T07:09:38.221+0000] {processor.py:839} INFO - DAG(s) dict_keys(['example_short_circuit_decorator']) retrieved from /home/airflow/.local/lib/python3.8/site-packages/airflow/example_dags/example_short_circuit_decorator.py
[2023-10-11T07:09:38.251+0000] {logging_mixin.py:151} INFO - [2023-10-11T07:09:38.251+0000] {dag.py:2915} INFO - Sync 1 DAGs
[2023-10-11T07:09:38.297+0000] {logging_mixin.py:151} INFO - [2023-10-11T07:09:38.297+0000] {dag.py:3696} INFO - Setting next_dagrun for example_short_circuit_decorator to 2023-10-10T07:09:38.296951+00:00, run_after=2023-10-11T07:09:38.296951+00:00
[2023-10-11T07:09:38.308+0000] {processor.py:179} INFO - Processing /home/airflow/.local/lib/python3.8/site-packages/airflow/example_dags/example_short_circuit_decorator.py took 0.103 seconds
[2023-10-11T07:10:08.995+0000] {processor.py:157} INFO - Started process (PID=4285) to work on /home/airflow/.local/lib/python3.8/site-packages/airflow/example_dags/example_short_circuit_decorator.py
[2023-10-11T07:10:08.997+0000] {processor.py:829} INFO - Processing file /home/airflow/.local/lib/python3.8/site-packages/airflow/example_dags/example_short_circuit_decorator.py for tasks to queue
[2023-10-11T07:10:08.998+0000] {logging_mixin.py:151} INFO - [2023-10-11T07:10:08.998+0000] {dagbag.py:539} INFO - Filling up the DagBag from /home/airflow/.local/lib/python3.8/site-packages/airflow/example_dags/example_short_circuit_decorator.py
[2023-10-11T07:10:09.012+0000] {processor.py:839} INFO - DAG(s) dict_keys(['example_short_circuit_decorator']) retrieved from /home/airflow/.local/lib/python3.8/site-packages/airflow/example_dags/example_short_circuit_decorator.py
[2023-10-11T07:10:09.039+0000] {logging_mixin.py:151} INFO - [2023-10-11T07:10:09.039+0000] {dag.py:2915} INFO - Sync 1 DAGs
[2023-10-11T07:10:09.094+0000] {logging_mixin.py:151} INFO - [2023-10-11T07:10:09.094+0000] {dag.py:3696} INFO - Setting next_dagrun for example_short_circuit_decorator to 2023-10-10T07:10:09.093920+00:00, run_after=2023-10-11T07:10:09.093920+00:00
[2023-10-11T07:10:09.108+0000] {processor.py:179} INFO - Processing /home/airflow/.local/lib/python3.8/site-packages/airflow/example_dags/example_short_circuit_decorator.py took 0.119 seconds
[2023-10-11T07:10:39.336+0000] {processor.py:157} INFO - Started process (PID=4529) to work on /home/airflow/.local/lib/python3.8/site-packages/airflow/example_dags/example_short_circuit_decorator.py
[2023-10-11T07:10:39.337+0000] {processor.py:829} INFO - Processing file /home/airflow/.local/lib/python3.8/site-packages/airflow/example_dags/example_short_circuit_decorator.py for tasks to queue
[2023-10-11T07:10:39.339+0000] {logging_mixin.py:151} INFO - [2023-10-11T07:10:39.338+0000] {dagbag.py:539} INFO - Filling up the DagBag from /home/airflow/.local/lib/python3.8/site-packages/airflow/example_dags/example_short_circuit_decorator.py
[2023-10-11T07:10:39.350+0000] {processor.py:839} INFO - DAG(s) dict_keys(['example_short_circuit_decorator']) retrieved from /home/airflow/.local/lib/python3.8/site-packages/airflow/example_dags/example_short_circuit_decorator.py
[2023-10-11T07:10:39.413+0000] {logging_mixin.py:151} INFO - [2023-10-11T07:10:39.413+0000] {dag.py:2915} INFO - Sync 1 DAGs
[2023-10-11T07:10:39.432+0000] {logging_mixin.py:151} INFO - [2023-10-11T07:10:39.431+0000] {dag.py:3696} INFO - Setting next_dagrun for example_short_circuit_decorator to 2023-10-10T07:10:39.431613+00:00, run_after=2023-10-11T07:10:39.431613+00:00
[2023-10-11T07:10:39.445+0000] {processor.py:179} INFO - Processing /home/airflow/.local/lib/python3.8/site-packages/airflow/example_dags/example_short_circuit_decorator.py took 0.114 seconds
[2023-10-11T07:11:09.914+0000] {processor.py:157} INFO - Started process (PID=4772) to work on /home/airflow/.local/lib/python3.8/site-packages/airflow/example_dags/example_short_circuit_decorator.py
[2023-10-11T07:11:09.915+0000] {processor.py:829} INFO - Processing file /home/airflow/.local/lib/python3.8/site-packages/airflow/example_dags/example_short_circuit_decorator.py for tasks to queue
[2023-10-11T07:11:09.916+0000] {logging_mixin.py:151} INFO - [2023-10-11T07:11:09.915+0000] {dagbag.py:539} INFO - Filling up the DagBag from /home/airflow/.local/lib/python3.8/site-packages/airflow/example_dags/example_short_circuit_decorator.py
[2023-10-11T07:11:09.929+0000] {processor.py:839} INFO - DAG(s) dict_keys(['example_short_circuit_decorator']) retrieved from /home/airflow/.local/lib/python3.8/site-packages/airflow/example_dags/example_short_circuit_decorator.py
[2023-10-11T07:11:09.997+0000] {logging_mixin.py:151} INFO - [2023-10-11T07:11:09.997+0000] {dag.py:2915} INFO - Sync 1 DAGs
[2023-10-11T07:11:10.019+0000] {logging_mixin.py:151} INFO - [2023-10-11T07:11:10.019+0000] {dag.py:3696} INFO - Setting next_dagrun for example_short_circuit_decorator to 2023-10-10T07:11:10.018896+00:00, run_after=2023-10-11T07:11:10.018896+00:00
[2023-10-11T07:11:10.033+0000] {processor.py:179} INFO - Processing /home/airflow/.local/lib/python3.8/site-packages/airflow/example_dags/example_short_circuit_decorator.py took 0.123 seconds
[2023-10-11T07:11:40.248+0000] {processor.py:157} INFO - Started process (PID=5015) to work on /home/airflow/.local/lib/python3.8/site-packages/airflow/example_dags/example_short_circuit_decorator.py
[2023-10-11T07:11:40.249+0000] {processor.py:829} INFO - Processing file /home/airflow/.local/lib/python3.8/site-packages/airflow/example_dags/example_short_circuit_decorator.py for tasks to queue
[2023-10-11T07:11:40.253+0000] {logging_mixin.py:151} INFO - [2023-10-11T07:11:40.252+0000] {dagbag.py:539} INFO - Filling up the DagBag from /home/airflow/.local/lib/python3.8/site-packages/airflow/example_dags/example_short_circuit_decorator.py
[2023-10-11T07:11:40.267+0000] {processor.py:839} INFO - DAG(s) dict_keys(['example_short_circuit_decorator']) retrieved from /home/airflow/.local/lib/python3.8/site-packages/airflow/example_dags/example_short_circuit_decorator.py
[2023-10-11T07:11:40.294+0000] {logging_mixin.py:151} INFO - [2023-10-11T07:11:40.294+0000] {dag.py:2915} INFO - Sync 1 DAGs
[2023-10-11T07:11:40.308+0000] {logging_mixin.py:151} INFO - [2023-10-11T07:11:40.307+0000] {dag.py:3696} INFO - Setting next_dagrun for example_short_circuit_decorator to 2023-10-10T07:11:40.307629+00:00, run_after=2023-10-11T07:11:40.307629+00:00
[2023-10-11T07:11:40.318+0000] {processor.py:179} INFO - Processing /home/airflow/.local/lib/python3.8/site-packages/airflow/example_dags/example_short_circuit_decorator.py took 0.072 seconds
[2023-10-11T07:12:10.995+0000] {processor.py:157} INFO - Started process (PID=5258) to work on /home/airflow/.local/lib/python3.8/site-packages/airflow/example_dags/example_short_circuit_decorator.py
[2023-10-11T07:12:10.996+0000] {processor.py:829} INFO - Processing file /home/airflow/.local/lib/python3.8/site-packages/airflow/example_dags/example_short_circuit_decorator.py for tasks to queue
[2023-10-11T07:12:10.997+0000] {logging_mixin.py:151} INFO - [2023-10-11T07:12:10.996+0000] {dagbag.py:539} INFO - Filling up the DagBag from /home/airflow/.local/lib/python3.8/site-packages/airflow/example_dags/example_short_circuit_decorator.py
[2023-10-11T07:12:11.021+0000] {processor.py:839} INFO - DAG(s) dict_keys(['example_short_circuit_decorator']) retrieved from /home/airflow/.local/lib/python3.8/site-packages/airflow/example_dags/example_short_circuit_decorator.py
[2023-10-11T07:12:11.085+0000] {logging_mixin.py:151} INFO - [2023-10-11T07:12:11.085+0000] {dag.py:2915} INFO - Sync 1 DAGs
[2023-10-11T07:12:11.104+0000] {logging_mixin.py:151} INFO - [2023-10-11T07:12:11.104+0000] {dag.py:3696} INFO - Setting next_dagrun for example_short_circuit_decorator to 2023-10-10T07:12:11.103943+00:00, run_after=2023-10-11T07:12:11.103943+00:00
[2023-10-11T07:12:11.117+0000] {processor.py:179} INFO - Processing /home/airflow/.local/lib/python3.8/site-packages/airflow/example_dags/example_short_circuit_decorator.py took 0.125 seconds
[2023-10-11T07:12:41.179+0000] {processor.py:157} INFO - Started process (PID=5501) to work on /home/airflow/.local/lib/python3.8/site-packages/airflow/example_dags/example_short_circuit_decorator.py
[2023-10-11T07:12:41.180+0000] {processor.py:829} INFO - Processing file /home/airflow/.local/lib/python3.8/site-packages/airflow/example_dags/example_short_circuit_decorator.py for tasks to queue
[2023-10-11T07:12:41.180+0000] {logging_mixin.py:151} INFO - [2023-10-11T07:12:41.180+0000] {dagbag.py:539} INFO - Filling up the DagBag from /home/airflow/.local/lib/python3.8/site-packages/airflow/example_dags/example_short_circuit_decorator.py
[2023-10-11T07:12:41.188+0000] {processor.py:839} INFO - DAG(s) dict_keys(['example_short_circuit_decorator']) retrieved from /home/airflow/.local/lib/python3.8/site-packages/airflow/example_dags/example_short_circuit_decorator.py
[2023-10-11T07:12:41.209+0000] {logging_mixin.py:151} INFO - [2023-10-11T07:12:41.209+0000] {dag.py:2915} INFO - Sync 1 DAGs
[2023-10-11T07:12:41.224+0000] {logging_mixin.py:151} INFO - [2023-10-11T07:12:41.224+0000] {dag.py:3696} INFO - Setting next_dagrun for example_short_circuit_decorator to 2023-10-10T07:12:41.224326+00:00, run_after=2023-10-11T07:12:41.224326+00:00
[2023-10-11T07:12:41.236+0000] {processor.py:179} INFO - Processing /home/airflow/.local/lib/python3.8/site-packages/airflow/example_dags/example_short_circuit_decorator.py took 0.060 seconds
[2023-10-11T07:13:11.849+0000] {processor.py:157} INFO - Started process (PID=5744) to work on /home/airflow/.local/lib/python3.8/site-packages/airflow/example_dags/example_short_circuit_decorator.py
[2023-10-11T07:13:11.870+0000] {processor.py:829} INFO - Processing file /home/airflow/.local/lib/python3.8/site-packages/airflow/example_dags/example_short_circuit_decorator.py for tasks to queue
[2023-10-11T07:13:11.875+0000] {logging_mixin.py:151} INFO - [2023-10-11T07:13:11.875+0000] {dagbag.py:539} INFO - Filling up the DagBag from /home/airflow/.local/lib/python3.8/site-packages/airflow/example_dags/example_short_circuit_decorator.py
[2023-10-11T07:13:11.884+0000] {processor.py:839} INFO - DAG(s) dict_keys(['example_short_circuit_decorator']) retrieved from /home/airflow/.local/lib/python3.8/site-packages/airflow/example_dags/example_short_circuit_decorator.py
[2023-10-11T07:13:11.902+0000] {logging_mixin.py:151} INFO - [2023-10-11T07:13:11.902+0000] {dag.py:2915} INFO - Sync 1 DAGs
[2023-10-11T07:13:11.918+0000] {logging_mixin.py:151} INFO - [2023-10-11T07:13:11.918+0000] {dag.py:3696} INFO - Setting next_dagrun for example_short_circuit_decorator to 2023-10-10T07:13:11.917865+00:00, run_after=2023-10-11T07:13:11.917865+00:00
[2023-10-11T07:13:11.930+0000] {processor.py:179} INFO - Processing /home/airflow/.local/lib/python3.8/site-packages/airflow/example_dags/example_short_circuit_decorator.py took 0.084 seconds
[2023-10-11T07:13:42.474+0000] {processor.py:157} INFO - Started process (PID=5987) to work on /home/airflow/.local/lib/python3.8/site-packages/airflow/example_dags/example_short_circuit_decorator.py
[2023-10-11T07:13:42.475+0000] {processor.py:829} INFO - Processing file /home/airflow/.local/lib/python3.8/site-packages/airflow/example_dags/example_short_circuit_decorator.py for tasks to queue
[2023-10-11T07:13:42.476+0000] {logging_mixin.py:151} INFO - [2023-10-11T07:13:42.476+0000] {dagbag.py:539} INFO - Filling up the DagBag from /home/airflow/.local/lib/python3.8/site-packages/airflow/example_dags/example_short_circuit_decorator.py
[2023-10-11T07:13:42.487+0000] {processor.py:839} INFO - DAG(s) dict_keys(['example_short_circuit_decorator']) retrieved from /home/airflow/.local/lib/python3.8/site-packages/airflow/example_dags/example_short_circuit_decorator.py
[2023-10-11T07:13:42.509+0000] {logging_mixin.py:151} INFO - [2023-10-11T07:13:42.509+0000] {dag.py:2915} INFO - Sync 1 DAGs
[2023-10-11T07:13:42.526+0000] {logging_mixin.py:151} INFO - [2023-10-11T07:13:42.526+0000] {dag.py:3696} INFO - Setting next_dagrun for example_short_circuit_decorator to 2023-10-10T07:13:42.526260+00:00, run_after=2023-10-11T07:13:42.526260+00:00
[2023-10-11T07:13:42.537+0000] {processor.py:179} INFO - Processing /home/airflow/.local/lib/python3.8/site-packages/airflow/example_dags/example_short_circuit_decorator.py took 0.068 seconds
[2023-10-11T07:14:12.986+0000] {processor.py:157} INFO - Started process (PID=6230) to work on /home/airflow/.local/lib/python3.8/site-packages/airflow/example_dags/example_short_circuit_decorator.py
[2023-10-11T07:14:12.987+0000] {processor.py:829} INFO - Processing file /home/airflow/.local/lib/python3.8/site-packages/airflow/example_dags/example_short_circuit_decorator.py for tasks to queue
[2023-10-11T07:14:12.988+0000] {logging_mixin.py:151} INFO - [2023-10-11T07:14:12.988+0000] {dagbag.py:539} INFO - Filling up the DagBag from /home/airflow/.local/lib/python3.8/site-packages/airflow/example_dags/example_short_circuit_decorator.py
[2023-10-11T07:14:13.000+0000] {processor.py:839} INFO - DAG(s) dict_keys(['example_short_circuit_decorator']) retrieved from /home/airflow/.local/lib/python3.8/site-packages/airflow/example_dags/example_short_circuit_decorator.py
[2023-10-11T07:14:13.032+0000] {logging_mixin.py:151} INFO - [2023-10-11T07:14:13.031+0000] {dag.py:2915} INFO - Sync 1 DAGs
[2023-10-11T07:14:13.074+0000] {logging_mixin.py:151} INFO - [2023-10-11T07:14:13.074+0000] {dag.py:3696} INFO - Setting next_dagrun for example_short_circuit_decorator to 2023-10-10T07:14:13.074623+00:00, run_after=2023-10-11T07:14:13.074623+00:00
[2023-10-11T07:14:13.094+0000] {processor.py:179} INFO - Processing /home/airflow/.local/lib/python3.8/site-packages/airflow/example_dags/example_short_circuit_decorator.py took 0.111 seconds
[2023-10-11T07:14:43.423+0000] {processor.py:157} INFO - Started process (PID=6473) to work on /home/airflow/.local/lib/python3.8/site-packages/airflow/example_dags/example_short_circuit_decorator.py
[2023-10-11T07:14:43.424+0000] {processor.py:829} INFO - Processing file /home/airflow/.local/lib/python3.8/site-packages/airflow/example_dags/example_short_circuit_decorator.py for tasks to queue
[2023-10-11T07:14:43.424+0000] {logging_mixin.py:151} INFO - [2023-10-11T07:14:43.424+0000] {dagbag.py:539} INFO - Filling up the DagBag from /home/airflow/.local/lib/python3.8/site-packages/airflow/example_dags/example_short_circuit_decorator.py
[2023-10-11T07:14:43.431+0000] {processor.py:839} INFO - DAG(s) dict_keys(['example_short_circuit_decorator']) retrieved from /home/airflow/.local/lib/python3.8/site-packages/airflow/example_dags/example_short_circuit_decorator.py
[2023-10-11T07:14:43.444+0000] {logging_mixin.py:151} INFO - [2023-10-11T07:14:43.444+0000] {dag.py:2915} INFO - Sync 1 DAGs
[2023-10-11T07:14:43.459+0000] {logging_mixin.py:151} INFO - [2023-10-11T07:14:43.459+0000] {dag.py:3696} INFO - Setting next_dagrun for example_short_circuit_decorator to 2023-10-10T07:14:43.458868+00:00, run_after=2023-10-11T07:14:43.458868+00:00
[2023-10-11T07:14:43.468+0000] {processor.py:179} INFO - Processing /home/airflow/.local/lib/python3.8/site-packages/airflow/example_dags/example_short_circuit_decorator.py took 0.048 seconds
[2023-10-11T07:15:13.899+0000] {processor.py:157} INFO - Started process (PID=6716) to work on /home/airflow/.local/lib/python3.8/site-packages/airflow/example_dags/example_short_circuit_decorator.py
[2023-10-11T07:15:13.900+0000] {processor.py:829} INFO - Processing file /home/airflow/.local/lib/python3.8/site-packages/airflow/example_dags/example_short_circuit_decorator.py for tasks to queue
[2023-10-11T07:15:13.900+0000] {logging_mixin.py:151} INFO - [2023-10-11T07:15:13.900+0000] {dagbag.py:539} INFO - Filling up the DagBag from /home/airflow/.local/lib/python3.8/site-packages/airflow/example_dags/example_short_circuit_decorator.py
[2023-10-11T07:15:13.907+0000] {processor.py:839} INFO - DAG(s) dict_keys(['example_short_circuit_decorator']) retrieved from /home/airflow/.local/lib/python3.8/site-packages/airflow/example_dags/example_short_circuit_decorator.py
[2023-10-11T07:15:13.923+0000] {logging_mixin.py:151} INFO - [2023-10-11T07:15:13.923+0000] {dag.py:2915} INFO - Sync 1 DAGs
[2023-10-11T07:15:13.937+0000] {logging_mixin.py:151} INFO - [2023-10-11T07:15:13.936+0000] {dag.py:3696} INFO - Setting next_dagrun for example_short_circuit_decorator to 2023-10-10T07:15:13.936650+00:00, run_after=2023-10-11T07:15:13.936650+00:00
[2023-10-11T07:15:13.963+0000] {processor.py:179} INFO - Processing /home/airflow/.local/lib/python3.8/site-packages/airflow/example_dags/example_short_circuit_decorator.py took 0.067 seconds
[2023-10-11T07:15:44.579+0000] {processor.py:157} INFO - Started process (PID=6959) to work on /home/airflow/.local/lib/python3.8/site-packages/airflow/example_dags/example_short_circuit_decorator.py
[2023-10-11T07:15:44.580+0000] {processor.py:829} INFO - Processing file /home/airflow/.local/lib/python3.8/site-packages/airflow/example_dags/example_short_circuit_decorator.py for tasks to queue
[2023-10-11T07:15:44.581+0000] {logging_mixin.py:151} INFO - [2023-10-11T07:15:44.581+0000] {dagbag.py:539} INFO - Filling up the DagBag from /home/airflow/.local/lib/python3.8/site-packages/airflow/example_dags/example_short_circuit_decorator.py
[2023-10-11T07:15:44.588+0000] {processor.py:839} INFO - DAG(s) dict_keys(['example_short_circuit_decorator']) retrieved from /home/airflow/.local/lib/python3.8/site-packages/airflow/example_dags/example_short_circuit_decorator.py
[2023-10-11T07:15:44.604+0000] {logging_mixin.py:151} INFO - [2023-10-11T07:15:44.604+0000] {dag.py:2915} INFO - Sync 1 DAGs
[2023-10-11T07:15:44.619+0000] {logging_mixin.py:151} INFO - [2023-10-11T07:15:44.618+0000] {dag.py:3696} INFO - Setting next_dagrun for example_short_circuit_decorator to 2023-10-10T07:15:44.618721+00:00, run_after=2023-10-11T07:15:44.618721+00:00
[2023-10-11T07:15:44.629+0000] {processor.py:179} INFO - Processing /home/airflow/.local/lib/python3.8/site-packages/airflow/example_dags/example_short_circuit_decorator.py took 0.053 seconds
[2023-10-11T07:16:15.039+0000] {processor.py:157} INFO - Started process (PID=7202) to work on /home/airflow/.local/lib/python3.8/site-packages/airflow/example_dags/example_short_circuit_decorator.py
[2023-10-11T07:16:15.040+0000] {processor.py:829} INFO - Processing file /home/airflow/.local/lib/python3.8/site-packages/airflow/example_dags/example_short_circuit_decorator.py for tasks to queue
[2023-10-11T07:16:15.041+0000] {logging_mixin.py:151} INFO - [2023-10-11T07:16:15.041+0000] {dagbag.py:539} INFO - Filling up the DagBag from /home/airflow/.local/lib/python3.8/site-packages/airflow/example_dags/example_short_circuit_decorator.py
[2023-10-11T07:16:15.054+0000] {processor.py:839} INFO - DAG(s) dict_keys(['example_short_circuit_decorator']) retrieved from /home/airflow/.local/lib/python3.8/site-packages/airflow/example_dags/example_short_circuit_decorator.py
[2023-10-11T07:16:15.099+0000] {logging_mixin.py:151} INFO - [2023-10-11T07:16:15.098+0000] {dag.py:2915} INFO - Sync 1 DAGs
[2023-10-11T07:16:15.116+0000] {logging_mixin.py:151} INFO - [2023-10-11T07:16:15.115+0000] {dag.py:3696} INFO - Setting next_dagrun for example_short_circuit_decorator to 2023-10-10T07:16:15.115577+00:00, run_after=2023-10-11T07:16:15.115577+00:00
[2023-10-11T07:16:15.128+0000] {processor.py:179} INFO - Processing /home/airflow/.local/lib/python3.8/site-packages/airflow/example_dags/example_short_circuit_decorator.py took 0.093 seconds
[2023-10-11T07:16:45.482+0000] {processor.py:157} INFO - Started process (PID=7445) to work on /home/airflow/.local/lib/python3.8/site-packages/airflow/example_dags/example_short_circuit_decorator.py
[2023-10-11T07:16:45.484+0000] {processor.py:829} INFO - Processing file /home/airflow/.local/lib/python3.8/site-packages/airflow/example_dags/example_short_circuit_decorator.py for tasks to queue
[2023-10-11T07:16:45.486+0000] {logging_mixin.py:151} INFO - [2023-10-11T07:16:45.486+0000] {dagbag.py:539} INFO - Filling up the DagBag from /home/airflow/.local/lib/python3.8/site-packages/airflow/example_dags/example_short_circuit_decorator.py
[2023-10-11T07:16:45.500+0000] {processor.py:839} INFO - DAG(s) dict_keys(['example_short_circuit_decorator']) retrieved from /home/airflow/.local/lib/python3.8/site-packages/airflow/example_dags/example_short_circuit_decorator.py
[2023-10-11T07:16:45.562+0000] {logging_mixin.py:151} INFO - [2023-10-11T07:16:45.562+0000] {dag.py:2915} INFO - Sync 1 DAGs
[2023-10-11T07:16:45.600+0000] {logging_mixin.py:151} INFO - [2023-10-11T07:16:45.599+0000] {dag.py:3696} INFO - Setting next_dagrun for example_short_circuit_decorator to 2023-10-10T07:16:45.599561+00:00, run_after=2023-10-11T07:16:45.599561+00:00
[2023-10-11T07:16:45.631+0000] {processor.py:179} INFO - Processing /home/airflow/.local/lib/python3.8/site-packages/airflow/example_dags/example_short_circuit_decorator.py took 0.154 seconds
[2023-10-11T07:17:16.118+0000] {processor.py:157} INFO - Started process (PID=7688) to work on /home/airflow/.local/lib/python3.8/site-packages/airflow/example_dags/example_short_circuit_decorator.py
[2023-10-11T07:17:16.121+0000] {processor.py:829} INFO - Processing file /home/airflow/.local/lib/python3.8/site-packages/airflow/example_dags/example_short_circuit_decorator.py for tasks to queue
[2023-10-11T07:17:16.123+0000] {logging_mixin.py:151} INFO - [2023-10-11T07:17:16.122+0000] {dagbag.py:539} INFO - Filling up the DagBag from /home/airflow/.local/lib/python3.8/site-packages/airflow/example_dags/example_short_circuit_decorator.py
[2023-10-11T07:17:16.179+0000] {processor.py:839} INFO - DAG(s) dict_keys(['example_short_circuit_decorator']) retrieved from /home/airflow/.local/lib/python3.8/site-packages/airflow/example_dags/example_short_circuit_decorator.py
[2023-10-11T07:17:16.237+0000] {logging_mixin.py:151} INFO - [2023-10-11T07:17:16.237+0000] {dag.py:2915} INFO - Sync 1 DAGs
[2023-10-11T07:17:16.309+0000] {logging_mixin.py:151} INFO - [2023-10-11T07:17:16.309+0000] {dag.py:3696} INFO - Setting next_dagrun for example_short_circuit_decorator to 2023-10-10T07:17:16.308755+00:00, run_after=2023-10-11T07:17:16.308755+00:00
[2023-10-11T07:17:16.329+0000] {processor.py:179} INFO - Processing /home/airflow/.local/lib/python3.8/site-packages/airflow/example_dags/example_short_circuit_decorator.py took 0.228 seconds
[2023-10-11T07:17:46.734+0000] {processor.py:157} INFO - Started process (PID=7931) to work on /home/airflow/.local/lib/python3.8/site-packages/airflow/example_dags/example_short_circuit_decorator.py
[2023-10-11T07:17:46.736+0000] {processor.py:829} INFO - Processing file /home/airflow/.local/lib/python3.8/site-packages/airflow/example_dags/example_short_circuit_decorator.py for tasks to queue
[2023-10-11T07:17:46.737+0000] {logging_mixin.py:151} INFO - [2023-10-11T07:17:46.737+0000] {dagbag.py:539} INFO - Filling up the DagBag from /home/airflow/.local/lib/python3.8/site-packages/airflow/example_dags/example_short_circuit_decorator.py
[2023-10-11T07:17:46.778+0000] {processor.py:839} INFO - DAG(s) dict_keys(['example_short_circuit_decorator']) retrieved from /home/airflow/.local/lib/python3.8/site-packages/airflow/example_dags/example_short_circuit_decorator.py
[2023-10-11T07:17:46.832+0000] {logging_mixin.py:151} INFO - [2023-10-11T07:17:46.832+0000] {dag.py:2915} INFO - Sync 1 DAGs
[2023-10-11T07:17:46.896+0000] {logging_mixin.py:151} INFO - [2023-10-11T07:17:46.895+0000] {dag.py:3696} INFO - Setting next_dagrun for example_short_circuit_decorator to 2023-10-10T07:17:46.895330+00:00, run_after=2023-10-11T07:17:46.895330+00:00
[2023-10-11T07:17:46.917+0000] {processor.py:179} INFO - Processing /home/airflow/.local/lib/python3.8/site-packages/airflow/example_dags/example_short_circuit_decorator.py took 0.190 seconds
[2023-10-11T07:18:17.391+0000] {processor.py:157} INFO - Started process (PID=8173) to work on /home/airflow/.local/lib/python3.8/site-packages/airflow/example_dags/example_short_circuit_decorator.py
[2023-10-11T07:18:17.393+0000] {processor.py:829} INFO - Processing file /home/airflow/.local/lib/python3.8/site-packages/airflow/example_dags/example_short_circuit_decorator.py for tasks to queue
[2023-10-11T07:18:17.394+0000] {logging_mixin.py:151} INFO - [2023-10-11T07:18:17.393+0000] {dagbag.py:539} INFO - Filling up the DagBag from /home/airflow/.local/lib/python3.8/site-packages/airflow/example_dags/example_short_circuit_decorator.py
[2023-10-11T07:18:17.423+0000] {processor.py:839} INFO - DAG(s) dict_keys(['example_short_circuit_decorator']) retrieved from /home/airflow/.local/lib/python3.8/site-packages/airflow/example_dags/example_short_circuit_decorator.py
[2023-10-11T07:18:17.501+0000] {logging_mixin.py:151} INFO - [2023-10-11T07:18:17.500+0000] {dag.py:2915} INFO - Sync 1 DAGs
[2023-10-11T07:18:17.540+0000] {logging_mixin.py:151} INFO - [2023-10-11T07:18:17.540+0000] {dag.py:3696} INFO - Setting next_dagrun for example_short_circuit_decorator to 2023-10-10T07:18:17.539687+00:00, run_after=2023-10-11T07:18:17.539687+00:00
[2023-10-11T07:18:17.582+0000] {processor.py:179} INFO - Processing /home/airflow/.local/lib/python3.8/site-packages/airflow/example_dags/example_short_circuit_decorator.py took 0.197 seconds
[2023-10-11T07:18:48.008+0000] {processor.py:157} INFO - Started process (PID=8417) to work on /home/airflow/.local/lib/python3.8/site-packages/airflow/example_dags/example_short_circuit_decorator.py
[2023-10-11T07:18:48.011+0000] {processor.py:829} INFO - Processing file /home/airflow/.local/lib/python3.8/site-packages/airflow/example_dags/example_short_circuit_decorator.py for tasks to queue
[2023-10-11T07:18:48.012+0000] {logging_mixin.py:151} INFO - [2023-10-11T07:18:48.012+0000] {dagbag.py:539} INFO - Filling up the DagBag from /home/airflow/.local/lib/python3.8/site-packages/airflow/example_dags/example_short_circuit_decorator.py
[2023-10-11T07:18:48.029+0000] {processor.py:839} INFO - DAG(s) dict_keys(['example_short_circuit_decorator']) retrieved from /home/airflow/.local/lib/python3.8/site-packages/airflow/example_dags/example_short_circuit_decorator.py
[2023-10-11T07:18:48.110+0000] {logging_mixin.py:151} INFO - [2023-10-11T07:18:48.110+0000] {dag.py:2915} INFO - Sync 1 DAGs
[2023-10-11T07:18:48.146+0000] {logging_mixin.py:151} INFO - [2023-10-11T07:18:48.146+0000] {dag.py:3696} INFO - Setting next_dagrun for example_short_circuit_decorator to 2023-10-10T07:18:48.141464+00:00, run_after=2023-10-11T07:18:48.141464+00:00
[2023-10-11T07:18:48.197+0000] {processor.py:179} INFO - Processing /home/airflow/.local/lib/python3.8/site-packages/airflow/example_dags/example_short_circuit_decorator.py took 0.204 seconds
[2023-10-11T07:19:18.415+0000] {processor.py:157} INFO - Started process (PID=8660) to work on /home/airflow/.local/lib/python3.8/site-packages/airflow/example_dags/example_short_circuit_decorator.py
[2023-10-11T07:19:18.416+0000] {processor.py:829} INFO - Processing file /home/airflow/.local/lib/python3.8/site-packages/airflow/example_dags/example_short_circuit_decorator.py for tasks to queue
[2023-10-11T07:19:18.417+0000] {logging_mixin.py:151} INFO - [2023-10-11T07:19:18.417+0000] {dagbag.py:539} INFO - Filling up the DagBag from /home/airflow/.local/lib/python3.8/site-packages/airflow/example_dags/example_short_circuit_decorator.py
[2023-10-11T07:19:18.427+0000] {processor.py:839} INFO - DAG(s) dict_keys(['example_short_circuit_decorator']) retrieved from /home/airflow/.local/lib/python3.8/site-packages/airflow/example_dags/example_short_circuit_decorator.py
[2023-10-11T07:19:18.491+0000] {logging_mixin.py:151} INFO - [2023-10-11T07:19:18.490+0000] {dag.py:2915} INFO - Sync 1 DAGs
[2023-10-11T07:19:18.514+0000] {logging_mixin.py:151} INFO - [2023-10-11T07:19:18.514+0000] {dag.py:3696} INFO - Setting next_dagrun for example_short_circuit_decorator to 2023-10-10T07:19:18.513840+00:00, run_after=2023-10-11T07:19:18.513840+00:00
[2023-10-11T07:19:18.528+0000] {processor.py:179} INFO - Processing /home/airflow/.local/lib/python3.8/site-packages/airflow/example_dags/example_short_circuit_decorator.py took 0.116 seconds
[2023-10-11T07:19:48.853+0000] {processor.py:157} INFO - Started process (PID=8903) to work on /home/airflow/.local/lib/python3.8/site-packages/airflow/example_dags/example_short_circuit_decorator.py
[2023-10-11T07:19:48.862+0000] {processor.py:829} INFO - Processing file /home/airflow/.local/lib/python3.8/site-packages/airflow/example_dags/example_short_circuit_decorator.py for tasks to queue
[2023-10-11T07:19:48.867+0000] {logging_mixin.py:151} INFO - [2023-10-11T07:19:48.866+0000] {dagbag.py:539} INFO - Filling up the DagBag from /home/airflow/.local/lib/python3.8/site-packages/airflow/example_dags/example_short_circuit_decorator.py
[2023-10-11T07:19:48.896+0000] {processor.py:839} INFO - DAG(s) dict_keys(['example_short_circuit_decorator']) retrieved from /home/airflow/.local/lib/python3.8/site-packages/airflow/example_dags/example_short_circuit_decorator.py
[2023-10-11T07:19:48.949+0000] {logging_mixin.py:151} INFO - [2023-10-11T07:19:48.948+0000] {dag.py:2915} INFO - Sync 1 DAGs
[2023-10-11T07:19:48.996+0000] {logging_mixin.py:151} INFO - [2023-10-11T07:19:48.996+0000] {dag.py:3696} INFO - Setting next_dagrun for example_short_circuit_decorator to 2023-10-10T07:19:48.995713+00:00, run_after=2023-10-11T07:19:48.995713+00:00
[2023-10-11T07:19:49.018+0000] {processor.py:179} INFO - Processing /home/airflow/.local/lib/python3.8/site-packages/airflow/example_dags/example_short_circuit_decorator.py took 0.182 seconds
[2023-10-11T07:20:19.213+0000] {processor.py:157} INFO - Started process (PID=9146) to work on /home/airflow/.local/lib/python3.8/site-packages/airflow/example_dags/example_short_circuit_decorator.py
[2023-10-11T07:20:19.215+0000] {processor.py:829} INFO - Processing file /home/airflow/.local/lib/python3.8/site-packages/airflow/example_dags/example_short_circuit_decorator.py for tasks to queue
[2023-10-11T07:20:19.217+0000] {logging_mixin.py:151} INFO - [2023-10-11T07:20:19.216+0000] {dagbag.py:539} INFO - Filling up the DagBag from /home/airflow/.local/lib/python3.8/site-packages/airflow/example_dags/example_short_circuit_decorator.py
[2023-10-11T07:20:19.272+0000] {processor.py:839} INFO - DAG(s) dict_keys(['example_short_circuit_decorator']) retrieved from /home/airflow/.local/lib/python3.8/site-packages/airflow/example_dags/example_short_circuit_decorator.py
[2023-10-11T07:20:19.367+0000] {logging_mixin.py:151} INFO - [2023-10-11T07:20:19.367+0000] {dag.py:2915} INFO - Sync 1 DAGs
[2023-10-11T07:20:19.412+0000] {logging_mixin.py:151} INFO - [2023-10-11T07:20:19.412+0000] {dag.py:3696} INFO - Setting next_dagrun for example_short_circuit_decorator to 2023-10-10T07:20:19.411625+00:00, run_after=2023-10-11T07:20:19.411625+00:00
[2023-10-11T07:20:19.437+0000] {processor.py:179} INFO - Processing /home/airflow/.local/lib/python3.8/site-packages/airflow/example_dags/example_short_circuit_decorator.py took 0.232 seconds
[2023-10-11T07:20:49.993+0000] {processor.py:157} INFO - Started process (PID=9389) to work on /home/airflow/.local/lib/python3.8/site-packages/airflow/example_dags/example_short_circuit_decorator.py
[2023-10-11T07:20:49.994+0000] {processor.py:829} INFO - Processing file /home/airflow/.local/lib/python3.8/site-packages/airflow/example_dags/example_short_circuit_decorator.py for tasks to queue
[2023-10-11T07:20:49.995+0000] {logging_mixin.py:151} INFO - [2023-10-11T07:20:49.995+0000] {dagbag.py:539} INFO - Filling up the DagBag from /home/airflow/.local/lib/python3.8/site-packages/airflow/example_dags/example_short_circuit_decorator.py
[2023-10-11T07:20:50.006+0000] {processor.py:839} INFO - DAG(s) dict_keys(['example_short_circuit_decorator']) retrieved from /home/airflow/.local/lib/python3.8/site-packages/airflow/example_dags/example_short_circuit_decorator.py
[2023-10-11T07:20:50.047+0000] {logging_mixin.py:151} INFO - [2023-10-11T07:20:50.047+0000] {dag.py:2915} INFO - Sync 1 DAGs
[2023-10-11T07:20:50.094+0000] {logging_mixin.py:151} INFO - [2023-10-11T07:20:50.094+0000] {dag.py:3696} INFO - Setting next_dagrun for example_short_circuit_decorator to 2023-10-10T07:20:50.093888+00:00, run_after=2023-10-11T07:20:50.093888+00:00
[2023-10-11T07:20:50.120+0000] {processor.py:179} INFO - Processing /home/airflow/.local/lib/python3.8/site-packages/airflow/example_dags/example_short_circuit_decorator.py took 0.132 seconds
[2023-10-11T07:21:20.406+0000] {processor.py:157} INFO - Started process (PID=9632) to work on /home/airflow/.local/lib/python3.8/site-packages/airflow/example_dags/example_short_circuit_decorator.py
[2023-10-11T07:21:20.408+0000] {processor.py:829} INFO - Processing file /home/airflow/.local/lib/python3.8/site-packages/airflow/example_dags/example_short_circuit_decorator.py for tasks to queue
[2023-10-11T07:21:20.411+0000] {logging_mixin.py:151} INFO - [2023-10-11T07:21:20.410+0000] {dagbag.py:539} INFO - Filling up the DagBag from /home/airflow/.local/lib/python3.8/site-packages/airflow/example_dags/example_short_circuit_decorator.py
[2023-10-11T07:21:20.435+0000] {processor.py:839} INFO - DAG(s) dict_keys(['example_short_circuit_decorator']) retrieved from /home/airflow/.local/lib/python3.8/site-packages/airflow/example_dags/example_short_circuit_decorator.py
[2023-10-11T07:21:20.490+0000] {logging_mixin.py:151} INFO - [2023-10-11T07:21:20.489+0000] {dag.py:2915} INFO - Sync 1 DAGs
[2023-10-11T07:21:20.504+0000] {logging_mixin.py:151} INFO - [2023-10-11T07:21:20.504+0000] {dag.py:3696} INFO - Setting next_dagrun for example_short_circuit_decorator to 2023-10-10T07:21:20.504485+00:00, run_after=2023-10-11T07:21:20.504485+00:00
[2023-10-11T07:21:20.517+0000] {processor.py:179} INFO - Processing /home/airflow/.local/lib/python3.8/site-packages/airflow/example_dags/example_short_circuit_decorator.py took 0.117 seconds
[2023-10-11T07:21:50.720+0000] {processor.py:157} INFO - Started process (PID=9875) to work on /home/airflow/.local/lib/python3.8/site-packages/airflow/example_dags/example_short_circuit_decorator.py
[2023-10-11T07:21:50.722+0000] {processor.py:829} INFO - Processing file /home/airflow/.local/lib/python3.8/site-packages/airflow/example_dags/example_short_circuit_decorator.py for tasks to queue
[2023-10-11T07:21:50.724+0000] {logging_mixin.py:151} INFO - [2023-10-11T07:21:50.723+0000] {dagbag.py:539} INFO - Filling up the DagBag from /home/airflow/.local/lib/python3.8/site-packages/airflow/example_dags/example_short_circuit_decorator.py
[2023-10-11T07:21:50.745+0000] {processor.py:839} INFO - DAG(s) dict_keys(['example_short_circuit_decorator']) retrieved from /home/airflow/.local/lib/python3.8/site-packages/airflow/example_dags/example_short_circuit_decorator.py
[2023-10-11T07:21:50.850+0000] {logging_mixin.py:151} INFO - [2023-10-11T07:21:50.850+0000] {dag.py:2915} INFO - Sync 1 DAGs
[2023-10-11T07:21:50.893+0000] {logging_mixin.py:151} INFO - [2023-10-11T07:21:50.893+0000] {dag.py:3696} INFO - Setting next_dagrun for example_short_circuit_decorator to 2023-10-10T07:21:50.892677+00:00, run_after=2023-10-11T07:21:50.892677+00:00
[2023-10-11T07:21:50.910+0000] {processor.py:179} INFO - Processing /home/airflow/.local/lib/python3.8/site-packages/airflow/example_dags/example_short_circuit_decorator.py took 0.199 seconds
[2023-10-11T07:22:21.229+0000] {processor.py:157} INFO - Started process (PID=10118) to work on /home/airflow/.local/lib/python3.8/site-packages/airflow/example_dags/example_short_circuit_decorator.py
[2023-10-11T07:22:21.231+0000] {processor.py:829} INFO - Processing file /home/airflow/.local/lib/python3.8/site-packages/airflow/example_dags/example_short_circuit_decorator.py for tasks to queue
[2023-10-11T07:22:21.233+0000] {logging_mixin.py:151} INFO - [2023-10-11T07:22:21.232+0000] {dagbag.py:539} INFO - Filling up the DagBag from /home/airflow/.local/lib/python3.8/site-packages/airflow/example_dags/example_short_circuit_decorator.py
[2023-10-11T07:22:21.252+0000] {processor.py:839} INFO - DAG(s) dict_keys(['example_short_circuit_decorator']) retrieved from /home/airflow/.local/lib/python3.8/site-packages/airflow/example_dags/example_short_circuit_decorator.py
[2023-10-11T07:22:21.291+0000] {logging_mixin.py:151} INFO - [2023-10-11T07:22:21.291+0000] {dag.py:2915} INFO - Sync 1 DAGs
[2023-10-11T07:22:21.309+0000] {logging_mixin.py:151} INFO - [2023-10-11T07:22:21.309+0000] {dag.py:3696} INFO - Setting next_dagrun for example_short_circuit_decorator to 2023-10-10T07:22:21.309018+00:00, run_after=2023-10-11T07:22:21.309018+00:00
[2023-10-11T07:22:21.322+0000] {processor.py:179} INFO - Processing /home/airflow/.local/lib/python3.8/site-packages/airflow/example_dags/example_short_circuit_decorator.py took 0.097 seconds
[2023-10-11T07:22:51.480+0000] {processor.py:157} INFO - Started process (PID=10359) to work on /home/airflow/.local/lib/python3.8/site-packages/airflow/example_dags/example_short_circuit_decorator.py
[2023-10-11T07:22:51.482+0000] {processor.py:829} INFO - Processing file /home/airflow/.local/lib/python3.8/site-packages/airflow/example_dags/example_short_circuit_decorator.py for tasks to queue
[2023-10-11T07:22:51.483+0000] {logging_mixin.py:151} INFO - [2023-10-11T07:22:51.482+0000] {dagbag.py:539} INFO - Filling up the DagBag from /home/airflow/.local/lib/python3.8/site-packages/airflow/example_dags/example_short_circuit_decorator.py
[2023-10-11T07:22:51.491+0000] {processor.py:839} INFO - DAG(s) dict_keys(['example_short_circuit_decorator']) retrieved from /home/airflow/.local/lib/python3.8/site-packages/airflow/example_dags/example_short_circuit_decorator.py
[2023-10-11T07:22:51.511+0000] {logging_mixin.py:151} INFO - [2023-10-11T07:22:51.511+0000] {dag.py:2915} INFO - Sync 1 DAGs
[2023-10-11T07:22:51.527+0000] {logging_mixin.py:151} INFO - [2023-10-11T07:22:51.527+0000] {dag.py:3696} INFO - Setting next_dagrun for example_short_circuit_decorator to 2023-10-10T07:22:51.527638+00:00, run_after=2023-10-11T07:22:51.527638+00:00
[2023-10-11T07:22:51.542+0000] {processor.py:179} INFO - Processing /home/airflow/.local/lib/python3.8/site-packages/airflow/example_dags/example_short_circuit_decorator.py took 0.066 seconds
[2023-10-11T07:23:21.623+0000] {processor.py:157} INFO - Started process (PID=10604) to work on /home/airflow/.local/lib/python3.8/site-packages/airflow/example_dags/example_short_circuit_decorator.py
[2023-10-11T07:23:21.625+0000] {processor.py:829} INFO - Processing file /home/airflow/.local/lib/python3.8/site-packages/airflow/example_dags/example_short_circuit_decorator.py for tasks to queue
[2023-10-11T07:23:21.625+0000] {logging_mixin.py:151} INFO - [2023-10-11T07:23:21.625+0000] {dagbag.py:539} INFO - Filling up the DagBag from /home/airflow/.local/lib/python3.8/site-packages/airflow/example_dags/example_short_circuit_decorator.py
[2023-10-11T07:23:21.635+0000] {processor.py:839} INFO - DAG(s) dict_keys(['example_short_circuit_decorator']) retrieved from /home/airflow/.local/lib/python3.8/site-packages/airflow/example_dags/example_short_circuit_decorator.py
[2023-10-11T07:23:21.674+0000] {logging_mixin.py:151} INFO - [2023-10-11T07:23:21.674+0000] {dag.py:2915} INFO - Sync 1 DAGs
[2023-10-11T07:23:21.697+0000] {logging_mixin.py:151} INFO - [2023-10-11T07:23:21.697+0000] {dag.py:3696} INFO - Setting next_dagrun for example_short_circuit_decorator to 2023-10-10T07:23:21.696800+00:00, run_after=2023-10-11T07:23:21.696800+00:00
[2023-10-11T07:23:21.711+0000] {processor.py:179} INFO - Processing /home/airflow/.local/lib/python3.8/site-packages/airflow/example_dags/example_short_circuit_decorator.py took 0.091 seconds
[2023-10-11T07:23:51.815+0000] {processor.py:157} INFO - Started process (PID=10847) to work on /home/airflow/.local/lib/python3.8/site-packages/airflow/example_dags/example_short_circuit_decorator.py
[2023-10-11T07:23:51.819+0000] {processor.py:829} INFO - Processing file /home/airflow/.local/lib/python3.8/site-packages/airflow/example_dags/example_short_circuit_decorator.py for tasks to queue
[2023-10-11T07:23:51.820+0000] {logging_mixin.py:151} INFO - [2023-10-11T07:23:51.820+0000] {dagbag.py:539} INFO - Filling up the DagBag from /home/airflow/.local/lib/python3.8/site-packages/airflow/example_dags/example_short_circuit_decorator.py
[2023-10-11T07:23:51.832+0000] {processor.py:839} INFO - DAG(s) dict_keys(['example_short_circuit_decorator']) retrieved from /home/airflow/.local/lib/python3.8/site-packages/airflow/example_dags/example_short_circuit_decorator.py
[2023-10-11T07:23:51.884+0000] {logging_mixin.py:151} INFO - [2023-10-11T07:23:51.884+0000] {dag.py:2915} INFO - Sync 1 DAGs
[2023-10-11T07:23:51.898+0000] {logging_mixin.py:151} INFO - [2023-10-11T07:23:51.898+0000] {dag.py:3696} INFO - Setting next_dagrun for example_short_circuit_decorator to 2023-10-10T07:23:51.898133+00:00, run_after=2023-10-11T07:23:51.898133+00:00
[2023-10-11T07:23:51.909+0000] {processor.py:179} INFO - Processing /home/airflow/.local/lib/python3.8/site-packages/airflow/example_dags/example_short_circuit_decorator.py took 0.099 seconds
[2023-10-11T07:24:22.311+0000] {processor.py:157} INFO - Started process (PID=11090) to work on /home/airflow/.local/lib/python3.8/site-packages/airflow/example_dags/example_short_circuit_decorator.py
[2023-10-11T07:24:22.313+0000] {processor.py:829} INFO - Processing file /home/airflow/.local/lib/python3.8/site-packages/airflow/example_dags/example_short_circuit_decorator.py for tasks to queue
[2023-10-11T07:24:22.314+0000] {logging_mixin.py:151} INFO - [2023-10-11T07:24:22.314+0000] {dagbag.py:539} INFO - Filling up the DagBag from /home/airflow/.local/lib/python3.8/site-packages/airflow/example_dags/example_short_circuit_decorator.py
[2023-10-11T07:24:22.328+0000] {processor.py:839} INFO - DAG(s) dict_keys(['example_short_circuit_decorator']) retrieved from /home/airflow/.local/lib/python3.8/site-packages/airflow/example_dags/example_short_circuit_decorator.py
[2023-10-11T07:24:22.363+0000] {logging_mixin.py:151} INFO - [2023-10-11T07:24:22.363+0000] {dag.py:2915} INFO - Sync 1 DAGs
[2023-10-11T07:24:22.391+0000] {logging_mixin.py:151} INFO - [2023-10-11T07:24:22.391+0000] {dag.py:3696} INFO - Setting next_dagrun for example_short_circuit_decorator to 2023-10-10T07:24:22.391504+00:00, run_after=2023-10-11T07:24:22.391504+00:00
[2023-10-11T07:24:22.405+0000] {processor.py:179} INFO - Processing /home/airflow/.local/lib/python3.8/site-packages/airflow/example_dags/example_short_circuit_decorator.py took 0.098 seconds
[2023-10-11T07:24:52.496+0000] {processor.py:157} INFO - Started process (PID=11333) to work on /home/airflow/.local/lib/python3.8/site-packages/airflow/example_dags/example_short_circuit_decorator.py
[2023-10-11T07:24:52.497+0000] {processor.py:829} INFO - Processing file /home/airflow/.local/lib/python3.8/site-packages/airflow/example_dags/example_short_circuit_decorator.py for tasks to queue
[2023-10-11T07:24:52.498+0000] {logging_mixin.py:151} INFO - [2023-10-11T07:24:52.498+0000] {dagbag.py:539} INFO - Filling up the DagBag from /home/airflow/.local/lib/python3.8/site-packages/airflow/example_dags/example_short_circuit_decorator.py
[2023-10-11T07:24:52.511+0000] {processor.py:839} INFO - DAG(s) dict_keys(['example_short_circuit_decorator']) retrieved from /home/airflow/.local/lib/python3.8/site-packages/airflow/example_dags/example_short_circuit_decorator.py
[2023-10-11T07:24:52.532+0000] {logging_mixin.py:151} INFO - [2023-10-11T07:24:52.531+0000] {dag.py:2915} INFO - Sync 1 DAGs
[2023-10-11T07:24:52.559+0000] {logging_mixin.py:151} INFO - [2023-10-11T07:24:52.559+0000] {dag.py:3696} INFO - Setting next_dagrun for example_short_circuit_decorator to 2023-10-10T07:24:52.558680+00:00, run_after=2023-10-11T07:24:52.558680+00:00
[2023-10-11T07:24:52.586+0000] {processor.py:179} INFO - Processing /home/airflow/.local/lib/python3.8/site-packages/airflow/example_dags/example_short_circuit_decorator.py took 0.097 seconds
[2023-10-11T07:25:23.035+0000] {processor.py:157} INFO - Started process (PID=11576) to work on /home/airflow/.local/lib/python3.8/site-packages/airflow/example_dags/example_short_circuit_decorator.py
[2023-10-11T07:25:23.038+0000] {processor.py:829} INFO - Processing file /home/airflow/.local/lib/python3.8/site-packages/airflow/example_dags/example_short_circuit_decorator.py for tasks to queue
[2023-10-11T07:25:23.040+0000] {logging_mixin.py:151} INFO - [2023-10-11T07:25:23.039+0000] {dagbag.py:539} INFO - Filling up the DagBag from /home/airflow/.local/lib/python3.8/site-packages/airflow/example_dags/example_short_circuit_decorator.py
[2023-10-11T07:25:23.093+0000] {processor.py:839} INFO - DAG(s) dict_keys(['example_short_circuit_decorator']) retrieved from /home/airflow/.local/lib/python3.8/site-packages/airflow/example_dags/example_short_circuit_decorator.py
[2023-10-11T07:25:23.156+0000] {logging_mixin.py:151} INFO - [2023-10-11T07:25:23.155+0000] {dag.py:2915} INFO - Sync 1 DAGs
[2023-10-11T07:25:23.242+0000] {logging_mixin.py:151} INFO - [2023-10-11T07:25:23.241+0000] {dag.py:3696} INFO - Setting next_dagrun for example_short_circuit_decorator to 2023-10-10T07:25:23.241305+00:00, run_after=2023-10-11T07:25:23.241305+00:00
[2023-10-11T07:25:23.310+0000] {processor.py:179} INFO - Processing /home/airflow/.local/lib/python3.8/site-packages/airflow/example_dags/example_short_circuit_decorator.py took 0.281 seconds
[2023-10-11T07:25:53.586+0000] {processor.py:157} INFO - Started process (PID=11819) to work on /home/airflow/.local/lib/python3.8/site-packages/airflow/example_dags/example_short_circuit_decorator.py
[2023-10-11T07:25:53.588+0000] {processor.py:829} INFO - Processing file /home/airflow/.local/lib/python3.8/site-packages/airflow/example_dags/example_short_circuit_decorator.py for tasks to queue
[2023-10-11T07:25:53.588+0000] {logging_mixin.py:151} INFO - [2023-10-11T07:25:53.588+0000] {dagbag.py:539} INFO - Filling up the DagBag from /home/airflow/.local/lib/python3.8/site-packages/airflow/example_dags/example_short_circuit_decorator.py
[2023-10-11T07:25:53.599+0000] {processor.py:839} INFO - DAG(s) dict_keys(['example_short_circuit_decorator']) retrieved from /home/airflow/.local/lib/python3.8/site-packages/airflow/example_dags/example_short_circuit_decorator.py
[2023-10-11T07:25:53.625+0000] {logging_mixin.py:151} INFO - [2023-10-11T07:25:53.624+0000] {dag.py:2915} INFO - Sync 1 DAGs
[2023-10-11T07:25:53.650+0000] {logging_mixin.py:151} INFO - [2023-10-11T07:25:53.649+0000] {dag.py:3696} INFO - Setting next_dagrun for example_short_circuit_decorator to 2023-10-10T07:25:53.648990+00:00, run_after=2023-10-11T07:25:53.648990+00:00
[2023-10-11T07:25:53.689+0000] {processor.py:179} INFO - Processing /home/airflow/.local/lib/python3.8/site-packages/airflow/example_dags/example_short_circuit_decorator.py took 0.107 seconds
[2023-10-11T07:26:23.992+0000] {processor.py:157} INFO - Started process (PID=12062) to work on /home/airflow/.local/lib/python3.8/site-packages/airflow/example_dags/example_short_circuit_decorator.py
[2023-10-11T07:26:23.994+0000] {processor.py:829} INFO - Processing file /home/airflow/.local/lib/python3.8/site-packages/airflow/example_dags/example_short_circuit_decorator.py for tasks to queue
[2023-10-11T07:26:23.995+0000] {logging_mixin.py:151} INFO - [2023-10-11T07:26:23.994+0000] {dagbag.py:539} INFO - Filling up the DagBag from /home/airflow/.local/lib/python3.8/site-packages/airflow/example_dags/example_short_circuit_decorator.py
[2023-10-11T07:26:24.004+0000] {processor.py:839} INFO - DAG(s) dict_keys(['example_short_circuit_decorator']) retrieved from /home/airflow/.local/lib/python3.8/site-packages/airflow/example_dags/example_short_circuit_decorator.py
[2023-10-11T07:26:24.026+0000] {logging_mixin.py:151} INFO - [2023-10-11T07:26:24.026+0000] {dag.py:2915} INFO - Sync 1 DAGs
[2023-10-11T07:26:24.049+0000] {logging_mixin.py:151} INFO - [2023-10-11T07:26:24.049+0000] {dag.py:3696} INFO - Setting next_dagrun for example_short_circuit_decorator to 2023-10-10T07:26:24.049302+00:00, run_after=2023-10-11T07:26:24.049302+00:00
[2023-10-11T07:26:24.082+0000] {processor.py:179} INFO - Processing /home/airflow/.local/lib/python3.8/site-packages/airflow/example_dags/example_short_circuit_decorator.py took 0.093 seconds
[2023-10-11T07:26:54.284+0000] {processor.py:157} INFO - Started process (PID=12305) to work on /home/airflow/.local/lib/python3.8/site-packages/airflow/example_dags/example_short_circuit_decorator.py
[2023-10-11T07:26:54.285+0000] {processor.py:829} INFO - Processing file /home/airflow/.local/lib/python3.8/site-packages/airflow/example_dags/example_short_circuit_decorator.py for tasks to queue
[2023-10-11T07:26:54.286+0000] {logging_mixin.py:151} INFO - [2023-10-11T07:26:54.285+0000] {dagbag.py:539} INFO - Filling up the DagBag from /home/airflow/.local/lib/python3.8/site-packages/airflow/example_dags/example_short_circuit_decorator.py
[2023-10-11T07:26:54.296+0000] {processor.py:839} INFO - DAG(s) dict_keys(['example_short_circuit_decorator']) retrieved from /home/airflow/.local/lib/python3.8/site-packages/airflow/example_dags/example_short_circuit_decorator.py
[2023-10-11T07:26:54.321+0000] {logging_mixin.py:151} INFO - [2023-10-11T07:26:54.321+0000] {dag.py:2915} INFO - Sync 1 DAGs
[2023-10-11T07:26:54.341+0000] {logging_mixin.py:151} INFO - [2023-10-11T07:26:54.341+0000] {dag.py:3696} INFO - Setting next_dagrun for example_short_circuit_decorator to 2023-10-10T07:26:54.341543+00:00, run_after=2023-10-11T07:26:54.341543+00:00
[2023-10-11T07:26:54.382+0000] {processor.py:179} INFO - Processing /home/airflow/.local/lib/python3.8/site-packages/airflow/example_dags/example_short_circuit_decorator.py took 0.102 seconds
[2023-10-11T07:27:24.518+0000] {processor.py:157} INFO - Started process (PID=12548) to work on /home/airflow/.local/lib/python3.8/site-packages/airflow/example_dags/example_short_circuit_decorator.py
[2023-10-11T07:27:24.518+0000] {processor.py:829} INFO - Processing file /home/airflow/.local/lib/python3.8/site-packages/airflow/example_dags/example_short_circuit_decorator.py for tasks to queue
[2023-10-11T07:27:24.519+0000] {logging_mixin.py:151} INFO - [2023-10-11T07:27:24.519+0000] {dagbag.py:539} INFO - Filling up the DagBag from /home/airflow/.local/lib/python3.8/site-packages/airflow/example_dags/example_short_circuit_decorator.py
[2023-10-11T07:27:24.525+0000] {processor.py:839} INFO - DAG(s) dict_keys(['example_short_circuit_decorator']) retrieved from /home/airflow/.local/lib/python3.8/site-packages/airflow/example_dags/example_short_circuit_decorator.py
[2023-10-11T07:27:24.538+0000] {logging_mixin.py:151} INFO - [2023-10-11T07:27:24.538+0000] {dag.py:2915} INFO - Sync 1 DAGs
[2023-10-11T07:27:24.559+0000] {logging_mixin.py:151} INFO - [2023-10-11T07:27:24.559+0000] {dag.py:3696} INFO - Setting next_dagrun for example_short_circuit_decorator to 2023-10-10T07:27:24.559597+00:00, run_after=2023-10-11T07:27:24.559597+00:00
[2023-10-11T07:27:24.581+0000] {processor.py:179} INFO - Processing /home/airflow/.local/lib/python3.8/site-packages/airflow/example_dags/example_short_circuit_decorator.py took 0.065 seconds
[2023-10-11T07:27:54.688+0000] {processor.py:157} INFO - Started process (PID=12791) to work on /home/airflow/.local/lib/python3.8/site-packages/airflow/example_dags/example_short_circuit_decorator.py
[2023-10-11T07:27:54.689+0000] {processor.py:829} INFO - Processing file /home/airflow/.local/lib/python3.8/site-packages/airflow/example_dags/example_short_circuit_decorator.py for tasks to queue
[2023-10-11T07:27:54.690+0000] {logging_mixin.py:151} INFO - [2023-10-11T07:27:54.689+0000] {dagbag.py:539} INFO - Filling up the DagBag from /home/airflow/.local/lib/python3.8/site-packages/airflow/example_dags/example_short_circuit_decorator.py
[2023-10-11T07:27:54.697+0000] {processor.py:839} INFO - DAG(s) dict_keys(['example_short_circuit_decorator']) retrieved from /home/airflow/.local/lib/python3.8/site-packages/airflow/example_dags/example_short_circuit_decorator.py
[2023-10-11T07:27:54.711+0000] {logging_mixin.py:151} INFO - [2023-10-11T07:27:54.711+0000] {dag.py:2915} INFO - Sync 1 DAGs
[2023-10-11T07:27:54.724+0000] {logging_mixin.py:151} INFO - [2023-10-11T07:27:54.723+0000] {dag.py:3696} INFO - Setting next_dagrun for example_short_circuit_decorator to 2023-10-10T07:27:54.723680+00:00, run_after=2023-10-11T07:27:54.723680+00:00
[2023-10-11T07:27:54.733+0000] {processor.py:179} INFO - Processing /home/airflow/.local/lib/python3.8/site-packages/airflow/example_dags/example_short_circuit_decorator.py took 0.047 seconds
[2023-10-11T07:28:24.984+0000] {processor.py:157} INFO - Started process (PID=13033) to work on /home/airflow/.local/lib/python3.8/site-packages/airflow/example_dags/example_short_circuit_decorator.py
[2023-10-11T07:28:24.985+0000] {processor.py:829} INFO - Processing file /home/airflow/.local/lib/python3.8/site-packages/airflow/example_dags/example_short_circuit_decorator.py for tasks to queue
[2023-10-11T07:28:24.986+0000] {logging_mixin.py:151} INFO - [2023-10-11T07:28:24.986+0000] {dagbag.py:539} INFO - Filling up the DagBag from /home/airflow/.local/lib/python3.8/site-packages/airflow/example_dags/example_short_circuit_decorator.py
[2023-10-11T07:28:24.992+0000] {processor.py:839} INFO - DAG(s) dict_keys(['example_short_circuit_decorator']) retrieved from /home/airflow/.local/lib/python3.8/site-packages/airflow/example_dags/example_short_circuit_decorator.py
[2023-10-11T07:28:25.009+0000] {logging_mixin.py:151} INFO - [2023-10-11T07:28:25.008+0000] {dag.py:2915} INFO - Sync 1 DAGs
[2023-10-11T07:28:25.022+0000] {logging_mixin.py:151} INFO - [2023-10-11T07:28:25.022+0000] {dag.py:3696} INFO - Setting next_dagrun for example_short_circuit_decorator to 2023-10-10T07:28:25.022213+00:00, run_after=2023-10-11T07:28:25.022213+00:00
[2023-10-11T07:28:25.036+0000] {processor.py:179} INFO - Processing /home/airflow/.local/lib/python3.8/site-packages/airflow/example_dags/example_short_circuit_decorator.py took 0.054 seconds
