[2023-10-11T07:01:32.325+0000] {processor.py:157} INFO - Started process (PID=240) to work on /home/airflow/.local/lib/python3.8/site-packages/airflow/example_dags/example_complex.py
[2023-10-11T07:01:32.326+0000] {processor.py:829} INFO - Processing file /home/airflow/.local/lib/python3.8/site-packages/airflow/example_dags/example_complex.py for tasks to queue
[2023-10-11T07:01:32.327+0000] {logging_mixin.py:151} INFO - [2023-10-11T07:01:32.327+0000] {dagbag.py:539} INFO - Filling up the DagBag from /home/airflow/.local/lib/python3.8/site-packages/airflow/example_dags/example_complex.py
[2023-10-11T07:01:32.337+0000] {processor.py:839} INFO - DAG(s) dict_keys(['example_complex']) retrieved from /home/airflow/.local/lib/python3.8/site-packages/airflow/example_dags/example_complex.py
[2023-10-11T07:01:32.617+0000] {logging_mixin.py:151} INFO - [2023-10-11T07:01:32.617+0000] {manager.py:499} INFO - Created Permission View: %s
[2023-10-11T07:01:32.623+0000] {logging_mixin.py:151} INFO - [2023-10-11T07:01:32.623+0000] {manager.py:499} INFO - Created Permission View: %s
[2023-10-11T07:01:32.634+0000] {logging_mixin.py:151} INFO - [2023-10-11T07:01:32.634+0000] {manager.py:499} INFO - Created Permission View: %s
[2023-10-11T07:01:32.635+0000] {logging_mixin.py:151} INFO - [2023-10-11T07:01:32.635+0000] {security.py:708} INFO - Not syncing DAG-level permissions for DAG 'DAG:example_complex' as access control is unset.
[2023-10-11T07:01:32.635+0000] {logging_mixin.py:151} INFO - [2023-10-11T07:01:32.635+0000] {dag.py:2915} INFO - Sync 1 DAGs
[2023-10-11T07:01:32.644+0000] {logging_mixin.py:151} INFO - [2023-10-11T07:01:32.644+0000] {dag.py:2937} INFO - Creating ORM DAG for example_complex
[2023-10-11T07:01:32.644+0000] {logging_mixin.py:151} INFO - [2023-10-11T07:01:32.644+0000] {dag.py:3696} INFO - Setting next_dagrun for example_complex to None, run_after=None
[2023-10-11T07:01:32.670+0000] {processor.py:179} INFO - Processing /home/airflow/.local/lib/python3.8/site-packages/airflow/example_dags/example_complex.py took 0.347 seconds
[2023-10-11T07:02:03.105+0000] {processor.py:157} INFO - Started process (PID=474) to work on /home/airflow/.local/lib/python3.8/site-packages/airflow/example_dags/example_complex.py
[2023-10-11T07:02:03.106+0000] {processor.py:829} INFO - Processing file /home/airflow/.local/lib/python3.8/site-packages/airflow/example_dags/example_complex.py for tasks to queue
[2023-10-11T07:02:03.107+0000] {logging_mixin.py:151} INFO - [2023-10-11T07:02:03.107+0000] {dagbag.py:539} INFO - Filling up the DagBag from /home/airflow/.local/lib/python3.8/site-packages/airflow/example_dags/example_complex.py
[2023-10-11T07:02:03.115+0000] {processor.py:839} INFO - DAG(s) dict_keys(['example_complex']) retrieved from /home/airflow/.local/lib/python3.8/site-packages/airflow/example_dags/example_complex.py
[2023-10-11T07:02:03.139+0000] {logging_mixin.py:151} INFO - [2023-10-11T07:02:03.138+0000] {dag.py:2915} INFO - Sync 1 DAGs
[2023-10-11T07:02:03.149+0000] {logging_mixin.py:151} INFO - [2023-10-11T07:02:03.148+0000] {dag.py:3696} INFO - Setting next_dagrun for example_complex to None, run_after=None
[2023-10-11T07:02:03.186+0000] {processor.py:179} INFO - Processing /home/airflow/.local/lib/python3.8/site-packages/airflow/example_dags/example_complex.py took 0.086 seconds
[2023-10-11T07:02:34.115+0000] {processor.py:157} INFO - Started process (PID=713) to work on /home/airflow/.local/lib/python3.8/site-packages/airflow/example_dags/example_complex.py
[2023-10-11T07:02:34.116+0000] {processor.py:829} INFO - Processing file /home/airflow/.local/lib/python3.8/site-packages/airflow/example_dags/example_complex.py for tasks to queue
[2023-10-11T07:02:34.117+0000] {logging_mixin.py:151} INFO - [2023-10-11T07:02:34.117+0000] {dagbag.py:539} INFO - Filling up the DagBag from /home/airflow/.local/lib/python3.8/site-packages/airflow/example_dags/example_complex.py
[2023-10-11T07:02:34.123+0000] {processor.py:839} INFO - DAG(s) dict_keys(['example_complex']) retrieved from /home/airflow/.local/lib/python3.8/site-packages/airflow/example_dags/example_complex.py
[2023-10-11T07:02:34.143+0000] {logging_mixin.py:151} INFO - [2023-10-11T07:02:34.143+0000] {dag.py:2915} INFO - Sync 1 DAGs
[2023-10-11T07:02:34.150+0000] {logging_mixin.py:151} INFO - [2023-10-11T07:02:34.150+0000] {dag.py:3696} INFO - Setting next_dagrun for example_complex to None, run_after=None
[2023-10-11T07:02:34.171+0000] {processor.py:179} INFO - Processing /home/airflow/.local/lib/python3.8/site-packages/airflow/example_dags/example_complex.py took 0.058 seconds
[2023-10-11T07:03:05.005+0000] {processor.py:157} INFO - Started process (PID=951) to work on /home/airflow/.local/lib/python3.8/site-packages/airflow/example_dags/example_complex.py
[2023-10-11T07:03:05.006+0000] {processor.py:829} INFO - Processing file /home/airflow/.local/lib/python3.8/site-packages/airflow/example_dags/example_complex.py for tasks to queue
[2023-10-11T07:03:05.007+0000] {logging_mixin.py:151} INFO - [2023-10-11T07:03:05.006+0000] {dagbag.py:539} INFO - Filling up the DagBag from /home/airflow/.local/lib/python3.8/site-packages/airflow/example_dags/example_complex.py
[2023-10-11T07:03:05.014+0000] {processor.py:839} INFO - DAG(s) dict_keys(['example_complex']) retrieved from /home/airflow/.local/lib/python3.8/site-packages/airflow/example_dags/example_complex.py
[2023-10-11T07:03:05.040+0000] {logging_mixin.py:151} INFO - [2023-10-11T07:03:05.040+0000] {dag.py:2915} INFO - Sync 1 DAGs
[2023-10-11T07:03:05.049+0000] {logging_mixin.py:151} INFO - [2023-10-11T07:03:05.049+0000] {dag.py:3696} INFO - Setting next_dagrun for example_complex to None, run_after=None
[2023-10-11T07:03:05.096+0000] {processor.py:179} INFO - Processing /home/airflow/.local/lib/python3.8/site-packages/airflow/example_dags/example_complex.py took 0.095 seconds
[2023-10-11T07:03:35.897+0000] {processor.py:157} INFO - Started process (PID=1189) to work on /home/airflow/.local/lib/python3.8/site-packages/airflow/example_dags/example_complex.py
[2023-10-11T07:03:35.898+0000] {processor.py:829} INFO - Processing file /home/airflow/.local/lib/python3.8/site-packages/airflow/example_dags/example_complex.py for tasks to queue
[2023-10-11T07:03:35.899+0000] {logging_mixin.py:151} INFO - [2023-10-11T07:03:35.899+0000] {dagbag.py:539} INFO - Filling up the DagBag from /home/airflow/.local/lib/python3.8/site-packages/airflow/example_dags/example_complex.py
[2023-10-11T07:03:35.905+0000] {processor.py:839} INFO - DAG(s) dict_keys(['example_complex']) retrieved from /home/airflow/.local/lib/python3.8/site-packages/airflow/example_dags/example_complex.py
[2023-10-11T07:03:35.924+0000] {logging_mixin.py:151} INFO - [2023-10-11T07:03:35.924+0000] {dag.py:2915} INFO - Sync 1 DAGs
[2023-10-11T07:03:35.931+0000] {logging_mixin.py:151} INFO - [2023-10-11T07:03:35.931+0000] {dag.py:3696} INFO - Setting next_dagrun for example_complex to None, run_after=None
[2023-10-11T07:03:35.978+0000] {processor.py:179} INFO - Processing /home/airflow/.local/lib/python3.8/site-packages/airflow/example_dags/example_complex.py took 0.083 seconds
[2023-10-11T07:04:06.710+0000] {processor.py:157} INFO - Started process (PID=1425) to work on /home/airflow/.local/lib/python3.8/site-packages/airflow/example_dags/example_complex.py
[2023-10-11T07:04:06.712+0000] {processor.py:829} INFO - Processing file /home/airflow/.local/lib/python3.8/site-packages/airflow/example_dags/example_complex.py for tasks to queue
[2023-10-11T07:04:06.715+0000] {logging_mixin.py:151} INFO - [2023-10-11T07:04:06.715+0000] {dagbag.py:539} INFO - Filling up the DagBag from /home/airflow/.local/lib/python3.8/site-packages/airflow/example_dags/example_complex.py
[2023-10-11T07:04:06.729+0000] {processor.py:839} INFO - DAG(s) dict_keys(['example_complex']) retrieved from /home/airflow/.local/lib/python3.8/site-packages/airflow/example_dags/example_complex.py
[2023-10-11T07:04:06.785+0000] {logging_mixin.py:151} INFO - [2023-10-11T07:04:06.784+0000] {dag.py:2915} INFO - Sync 1 DAGs
[2023-10-11T07:04:06.798+0000] {logging_mixin.py:151} INFO - [2023-10-11T07:04:06.797+0000] {dag.py:3696} INFO - Setting next_dagrun for example_complex to None, run_after=None
[2023-10-11T07:04:07.080+0000] {processor.py:179} INFO - Processing /home/airflow/.local/lib/python3.8/site-packages/airflow/example_dags/example_complex.py took 0.376 seconds
[2023-10-11T07:04:37.933+0000] {processor.py:157} INFO - Started process (PID=1668) to work on /home/airflow/.local/lib/python3.8/site-packages/airflow/example_dags/example_complex.py
[2023-10-11T07:04:37.934+0000] {processor.py:829} INFO - Processing file /home/airflow/.local/lib/python3.8/site-packages/airflow/example_dags/example_complex.py for tasks to queue
[2023-10-11T07:04:37.935+0000] {logging_mixin.py:151} INFO - [2023-10-11T07:04:37.935+0000] {dagbag.py:539} INFO - Filling up the DagBag from /home/airflow/.local/lib/python3.8/site-packages/airflow/example_dags/example_complex.py
[2023-10-11T07:04:37.942+0000] {processor.py:839} INFO - DAG(s) dict_keys(['example_complex']) retrieved from /home/airflow/.local/lib/python3.8/site-packages/airflow/example_dags/example_complex.py
[2023-10-11T07:04:37.983+0000] {logging_mixin.py:151} INFO - [2023-10-11T07:04:37.982+0000] {dag.py:2915} INFO - Sync 1 DAGs
[2023-10-11T07:04:37.994+0000] {logging_mixin.py:151} INFO - [2023-10-11T07:04:37.993+0000] {dag.py:3696} INFO - Setting next_dagrun for example_complex to None, run_after=None
[2023-10-11T07:04:38.006+0000] {processor.py:179} INFO - Processing /home/airflow/.local/lib/python3.8/site-packages/airflow/example_dags/example_complex.py took 0.076 seconds
[2023-10-11T07:05:08.595+0000] {processor.py:157} INFO - Started process (PID=1906) to work on /home/airflow/.local/lib/python3.8/site-packages/airflow/example_dags/example_complex.py
[2023-10-11T07:05:08.597+0000] {processor.py:829} INFO - Processing file /home/airflow/.local/lib/python3.8/site-packages/airflow/example_dags/example_complex.py for tasks to queue
[2023-10-11T07:05:08.597+0000] {logging_mixin.py:151} INFO - [2023-10-11T07:05:08.597+0000] {dagbag.py:539} INFO - Filling up the DagBag from /home/airflow/.local/lib/python3.8/site-packages/airflow/example_dags/example_complex.py
[2023-10-11T07:05:08.606+0000] {processor.py:839} INFO - DAG(s) dict_keys(['example_complex']) retrieved from /home/airflow/.local/lib/python3.8/site-packages/airflow/example_dags/example_complex.py
[2023-10-11T07:05:08.636+0000] {logging_mixin.py:151} INFO - [2023-10-11T07:05:08.636+0000] {dag.py:2915} INFO - Sync 1 DAGs
[2023-10-11T07:05:08.646+0000] {logging_mixin.py:151} INFO - [2023-10-11T07:05:08.646+0000] {dag.py:3696} INFO - Setting next_dagrun for example_complex to None, run_after=None
[2023-10-11T07:05:08.680+0000] {processor.py:179} INFO - Processing /home/airflow/.local/lib/python3.8/site-packages/airflow/example_dags/example_complex.py took 0.091 seconds
[2023-10-11T07:05:39.509+0000] {processor.py:157} INFO - Started process (PID=2144) to work on /home/airflow/.local/lib/python3.8/site-packages/airflow/example_dags/example_complex.py
[2023-10-11T07:05:39.509+0000] {processor.py:829} INFO - Processing file /home/airflow/.local/lib/python3.8/site-packages/airflow/example_dags/example_complex.py for tasks to queue
[2023-10-11T07:05:39.510+0000] {logging_mixin.py:151} INFO - [2023-10-11T07:05:39.510+0000] {dagbag.py:539} INFO - Filling up the DagBag from /home/airflow/.local/lib/python3.8/site-packages/airflow/example_dags/example_complex.py
[2023-10-11T07:05:39.517+0000] {processor.py:839} INFO - DAG(s) dict_keys(['example_complex']) retrieved from /home/airflow/.local/lib/python3.8/site-packages/airflow/example_dags/example_complex.py
[2023-10-11T07:05:39.536+0000] {logging_mixin.py:151} INFO - [2023-10-11T07:05:39.536+0000] {dag.py:2915} INFO - Sync 1 DAGs
[2023-10-11T07:05:39.544+0000] {logging_mixin.py:151} INFO - [2023-10-11T07:05:39.544+0000] {dag.py:3696} INFO - Setting next_dagrun for example_complex to None, run_after=None
[2023-10-11T07:05:39.553+0000] {processor.py:179} INFO - Processing /home/airflow/.local/lib/python3.8/site-packages/airflow/example_dags/example_complex.py took 0.047 seconds
[2023-10-11T07:06:09.842+0000] {processor.py:157} INFO - Started process (PID=2382) to work on /home/airflow/.local/lib/python3.8/site-packages/airflow/example_dags/example_complex.py
[2023-10-11T07:06:09.843+0000] {processor.py:829} INFO - Processing file /home/airflow/.local/lib/python3.8/site-packages/airflow/example_dags/example_complex.py for tasks to queue
[2023-10-11T07:06:09.843+0000] {logging_mixin.py:151} INFO - [2023-10-11T07:06:09.843+0000] {dagbag.py:539} INFO - Filling up the DagBag from /home/airflow/.local/lib/python3.8/site-packages/airflow/example_dags/example_complex.py
[2023-10-11T07:06:09.851+0000] {processor.py:839} INFO - DAG(s) dict_keys(['example_complex']) retrieved from /home/airflow/.local/lib/python3.8/site-packages/airflow/example_dags/example_complex.py
[2023-10-11T07:06:09.902+0000] {logging_mixin.py:151} INFO - [2023-10-11T07:06:09.902+0000] {dag.py:2915} INFO - Sync 1 DAGs
[2023-10-11T07:06:09.910+0000] {logging_mixin.py:151} INFO - [2023-10-11T07:06:09.910+0000] {dag.py:3696} INFO - Setting next_dagrun for example_complex to None, run_after=None
[2023-10-11T07:06:09.921+0000] {processor.py:179} INFO - Processing /home/airflow/.local/lib/python3.8/site-packages/airflow/example_dags/example_complex.py took 0.082 seconds
[2023-10-11T07:06:40.293+0000] {processor.py:157} INFO - Started process (PID=2625) to work on /home/airflow/.local/lib/python3.8/site-packages/airflow/example_dags/example_complex.py
[2023-10-11T07:06:40.294+0000] {processor.py:829} INFO - Processing file /home/airflow/.local/lib/python3.8/site-packages/airflow/example_dags/example_complex.py for tasks to queue
[2023-10-11T07:06:40.294+0000] {logging_mixin.py:151} INFO - [2023-10-11T07:06:40.294+0000] {dagbag.py:539} INFO - Filling up the DagBag from /home/airflow/.local/lib/python3.8/site-packages/airflow/example_dags/example_complex.py
[2023-10-11T07:06:40.301+0000] {processor.py:839} INFO - DAG(s) dict_keys(['example_complex']) retrieved from /home/airflow/.local/lib/python3.8/site-packages/airflow/example_dags/example_complex.py
[2023-10-11T07:06:40.326+0000] {logging_mixin.py:151} INFO - [2023-10-11T07:06:40.326+0000] {dag.py:2915} INFO - Sync 1 DAGs
[2023-10-11T07:06:40.337+0000] {logging_mixin.py:151} INFO - [2023-10-11T07:06:40.336+0000] {dag.py:3696} INFO - Setting next_dagrun for example_complex to None, run_after=None
[2023-10-11T07:06:40.362+0000] {processor.py:179} INFO - Processing /home/airflow/.local/lib/python3.8/site-packages/airflow/example_dags/example_complex.py took 0.072 seconds
[2023-10-11T07:07:11.133+0000] {processor.py:157} INFO - Started process (PID=2867) to work on /home/airflow/.local/lib/python3.8/site-packages/airflow/example_dags/example_complex.py
[2023-10-11T07:07:11.134+0000] {processor.py:829} INFO - Processing file /home/airflow/.local/lib/python3.8/site-packages/airflow/example_dags/example_complex.py for tasks to queue
[2023-10-11T07:07:11.135+0000] {logging_mixin.py:151} INFO - [2023-10-11T07:07:11.135+0000] {dagbag.py:539} INFO - Filling up the DagBag from /home/airflow/.local/lib/python3.8/site-packages/airflow/example_dags/example_complex.py
[2023-10-11T07:07:11.145+0000] {processor.py:839} INFO - DAG(s) dict_keys(['example_complex']) retrieved from /home/airflow/.local/lib/python3.8/site-packages/airflow/example_dags/example_complex.py
[2023-10-11T07:07:11.198+0000] {logging_mixin.py:151} INFO - [2023-10-11T07:07:11.198+0000] {dag.py:2915} INFO - Sync 1 DAGs
[2023-10-11T07:07:11.206+0000] {logging_mixin.py:151} INFO - [2023-10-11T07:07:11.206+0000] {dag.py:3696} INFO - Setting next_dagrun for example_complex to None, run_after=None
[2023-10-11T07:07:11.220+0000] {processor.py:179} INFO - Processing /home/airflow/.local/lib/python3.8/site-packages/airflow/example_dags/example_complex.py took 0.090 seconds
[2023-10-11T07:07:41.739+0000] {processor.py:157} INFO - Started process (PID=3110) to work on /home/airflow/.local/lib/python3.8/site-packages/airflow/example_dags/example_complex.py
[2023-10-11T07:07:41.742+0000] {processor.py:829} INFO - Processing file /home/airflow/.local/lib/python3.8/site-packages/airflow/example_dags/example_complex.py for tasks to queue
[2023-10-11T07:07:41.747+0000] {logging_mixin.py:151} INFO - [2023-10-11T07:07:41.746+0000] {dagbag.py:539} INFO - Filling up the DagBag from /home/airflow/.local/lib/python3.8/site-packages/airflow/example_dags/example_complex.py
[2023-10-11T07:07:41.826+0000] {processor.py:839} INFO - DAG(s) dict_keys(['example_complex']) retrieved from /home/airflow/.local/lib/python3.8/site-packages/airflow/example_dags/example_complex.py
[2023-10-11T07:07:42.641+0000] {logging_mixin.py:151} INFO - [2023-10-11T07:07:42.640+0000] {dag.py:2915} INFO - Sync 1 DAGs
[2023-10-11T07:07:42.768+0000] {logging_mixin.py:151} INFO - [2023-10-11T07:07:42.768+0000] {dag.py:3696} INFO - Setting next_dagrun for example_complex to None, run_after=None
[2023-10-11T07:07:42.846+0000] {processor.py:179} INFO - Processing /home/airflow/.local/lib/python3.8/site-packages/airflow/example_dags/example_complex.py took 1.115 seconds
[2023-10-11T07:08:13.192+0000] {processor.py:157} INFO - Started process (PID=3379) to work on /home/airflow/.local/lib/python3.8/site-packages/airflow/example_dags/example_complex.py
[2023-10-11T07:08:13.193+0000] {processor.py:829} INFO - Processing file /home/airflow/.local/lib/python3.8/site-packages/airflow/example_dags/example_complex.py for tasks to queue
[2023-10-11T07:08:13.194+0000] {logging_mixin.py:151} INFO - [2023-10-11T07:08:13.193+0000] {dagbag.py:539} INFO - Filling up the DagBag from /home/airflow/.local/lib/python3.8/site-packages/airflow/example_dags/example_complex.py
[2023-10-11T07:08:13.203+0000] {processor.py:839} INFO - DAG(s) dict_keys(['example_complex']) retrieved from /home/airflow/.local/lib/python3.8/site-packages/airflow/example_dags/example_complex.py
[2023-10-11T07:08:13.270+0000] {logging_mixin.py:151} INFO - [2023-10-11T07:08:13.269+0000] {dag.py:2915} INFO - Sync 1 DAGs
[2023-10-11T07:08:13.294+0000] {logging_mixin.py:151} INFO - [2023-10-11T07:08:13.293+0000] {dag.py:3696} INFO - Setting next_dagrun for example_complex to None, run_after=None
[2023-10-11T07:08:13.306+0000] {processor.py:179} INFO - Processing /home/airflow/.local/lib/python3.8/site-packages/airflow/example_dags/example_complex.py took 0.116 seconds
[2023-10-11T07:08:43.716+0000] {processor.py:157} INFO - Started process (PID=3622) to work on /home/airflow/.local/lib/python3.8/site-packages/airflow/example_dags/example_complex.py
[2023-10-11T07:08:43.718+0000] {processor.py:829} INFO - Processing file /home/airflow/.local/lib/python3.8/site-packages/airflow/example_dags/example_complex.py for tasks to queue
[2023-10-11T07:08:43.719+0000] {logging_mixin.py:151} INFO - [2023-10-11T07:08:43.718+0000] {dagbag.py:539} INFO - Filling up the DagBag from /home/airflow/.local/lib/python3.8/site-packages/airflow/example_dags/example_complex.py
[2023-10-11T07:08:43.751+0000] {processor.py:839} INFO - DAG(s) dict_keys(['example_complex']) retrieved from /home/airflow/.local/lib/python3.8/site-packages/airflow/example_dags/example_complex.py
[2023-10-11T07:08:43.824+0000] {logging_mixin.py:151} INFO - [2023-10-11T07:08:43.824+0000] {dag.py:2915} INFO - Sync 1 DAGs
[2023-10-11T07:08:43.839+0000] {logging_mixin.py:151} INFO - [2023-10-11T07:08:43.838+0000] {dag.py:3696} INFO - Setting next_dagrun for example_complex to None, run_after=None
[2023-10-11T07:08:43.890+0000] {processor.py:179} INFO - Processing /home/airflow/.local/lib/python3.8/site-packages/airflow/example_dags/example_complex.py took 0.180 seconds
[2023-10-11T07:09:14.722+0000] {processor.py:157} INFO - Started process (PID=3865) to work on /home/airflow/.local/lib/python3.8/site-packages/airflow/example_dags/example_complex.py
[2023-10-11T07:09:14.724+0000] {processor.py:829} INFO - Processing file /home/airflow/.local/lib/python3.8/site-packages/airflow/example_dags/example_complex.py for tasks to queue
[2023-10-11T07:09:14.725+0000] {logging_mixin.py:151} INFO - [2023-10-11T07:09:14.725+0000] {dagbag.py:539} INFO - Filling up the DagBag from /home/airflow/.local/lib/python3.8/site-packages/airflow/example_dags/example_complex.py
[2023-10-11T07:09:14.739+0000] {processor.py:839} INFO - DAG(s) dict_keys(['example_complex']) retrieved from /home/airflow/.local/lib/python3.8/site-packages/airflow/example_dags/example_complex.py
[2023-10-11T07:09:14.789+0000] {logging_mixin.py:151} INFO - [2023-10-11T07:09:14.788+0000] {dag.py:2915} INFO - Sync 1 DAGs
[2023-10-11T07:09:14.801+0000] {logging_mixin.py:151} INFO - [2023-10-11T07:09:14.801+0000] {dag.py:3696} INFO - Setting next_dagrun for example_complex to None, run_after=None
[2023-10-11T07:09:14.813+0000] {processor.py:179} INFO - Processing /home/airflow/.local/lib/python3.8/site-packages/airflow/example_dags/example_complex.py took 0.102 seconds
[2023-10-11T07:09:45.002+0000] {processor.py:157} INFO - Started process (PID=4108) to work on /home/airflow/.local/lib/python3.8/site-packages/airflow/example_dags/example_complex.py
[2023-10-11T07:09:45.004+0000] {processor.py:829} INFO - Processing file /home/airflow/.local/lib/python3.8/site-packages/airflow/example_dags/example_complex.py for tasks to queue
[2023-10-11T07:09:45.004+0000] {logging_mixin.py:151} INFO - [2023-10-11T07:09:45.004+0000] {dagbag.py:539} INFO - Filling up the DagBag from /home/airflow/.local/lib/python3.8/site-packages/airflow/example_dags/example_complex.py
[2023-10-11T07:09:45.016+0000] {processor.py:839} INFO - DAG(s) dict_keys(['example_complex']) retrieved from /home/airflow/.local/lib/python3.8/site-packages/airflow/example_dags/example_complex.py
[2023-10-11T07:09:45.040+0000] {logging_mixin.py:151} INFO - [2023-10-11T07:09:45.040+0000] {dag.py:2915} INFO - Sync 1 DAGs
[2023-10-11T07:09:45.050+0000] {logging_mixin.py:151} INFO - [2023-10-11T07:09:45.050+0000] {dag.py:3696} INFO - Setting next_dagrun for example_complex to None, run_after=None
[2023-10-11T07:09:45.086+0000] {processor.py:179} INFO - Processing /home/airflow/.local/lib/python3.8/site-packages/airflow/example_dags/example_complex.py took 0.087 seconds
[2023-10-11T07:10:15.811+0000] {processor.py:157} INFO - Started process (PID=4351) to work on /home/airflow/.local/lib/python3.8/site-packages/airflow/example_dags/example_complex.py
[2023-10-11T07:10:15.815+0000] {processor.py:829} INFO - Processing file /home/airflow/.local/lib/python3.8/site-packages/airflow/example_dags/example_complex.py for tasks to queue
[2023-10-11T07:10:15.817+0000] {logging_mixin.py:151} INFO - [2023-10-11T07:10:15.817+0000] {dagbag.py:539} INFO - Filling up the DagBag from /home/airflow/.local/lib/python3.8/site-packages/airflow/example_dags/example_complex.py
[2023-10-11T07:10:15.874+0000] {processor.py:839} INFO - DAG(s) dict_keys(['example_complex']) retrieved from /home/airflow/.local/lib/python3.8/site-packages/airflow/example_dags/example_complex.py
[2023-10-11T07:10:15.938+0000] {logging_mixin.py:151} INFO - [2023-10-11T07:10:15.938+0000] {dag.py:2915} INFO - Sync 1 DAGs
[2023-10-11T07:10:15.960+0000] {logging_mixin.py:151} INFO - [2023-10-11T07:10:15.960+0000] {dag.py:3696} INFO - Setting next_dagrun for example_complex to None, run_after=None
[2023-10-11T07:10:15.994+0000] {processor.py:179} INFO - Processing /home/airflow/.local/lib/python3.8/site-packages/airflow/example_dags/example_complex.py took 0.196 seconds
[2023-10-11T07:10:46.284+0000] {processor.py:157} INFO - Started process (PID=4594) to work on /home/airflow/.local/lib/python3.8/site-packages/airflow/example_dags/example_complex.py
[2023-10-11T07:10:46.285+0000] {processor.py:829} INFO - Processing file /home/airflow/.local/lib/python3.8/site-packages/airflow/example_dags/example_complex.py for tasks to queue
[2023-10-11T07:10:46.286+0000] {logging_mixin.py:151} INFO - [2023-10-11T07:10:46.286+0000] {dagbag.py:539} INFO - Filling up the DagBag from /home/airflow/.local/lib/python3.8/site-packages/airflow/example_dags/example_complex.py
[2023-10-11T07:10:46.295+0000] {processor.py:839} INFO - DAG(s) dict_keys(['example_complex']) retrieved from /home/airflow/.local/lib/python3.8/site-packages/airflow/example_dags/example_complex.py
[2023-10-11T07:10:46.318+0000] {logging_mixin.py:151} INFO - [2023-10-11T07:10:46.318+0000] {dag.py:2915} INFO - Sync 1 DAGs
[2023-10-11T07:10:46.330+0000] {logging_mixin.py:151} INFO - [2023-10-11T07:10:46.329+0000] {dag.py:3696} INFO - Setting next_dagrun for example_complex to None, run_after=None
[2023-10-11T07:10:46.348+0000] {processor.py:179} INFO - Processing /home/airflow/.local/lib/python3.8/site-packages/airflow/example_dags/example_complex.py took 0.067 seconds
[2023-10-11T07:11:16.747+0000] {processor.py:157} INFO - Started process (PID=4837) to work on /home/airflow/.local/lib/python3.8/site-packages/airflow/example_dags/example_complex.py
[2023-10-11T07:11:16.748+0000] {processor.py:829} INFO - Processing file /home/airflow/.local/lib/python3.8/site-packages/airflow/example_dags/example_complex.py for tasks to queue
[2023-10-11T07:11:16.749+0000] {logging_mixin.py:151} INFO - [2023-10-11T07:11:16.749+0000] {dagbag.py:539} INFO - Filling up the DagBag from /home/airflow/.local/lib/python3.8/site-packages/airflow/example_dags/example_complex.py
[2023-10-11T07:11:16.768+0000] {processor.py:839} INFO - DAG(s) dict_keys(['example_complex']) retrieved from /home/airflow/.local/lib/python3.8/site-packages/airflow/example_dags/example_complex.py
[2023-10-11T07:11:16.806+0000] {logging_mixin.py:151} INFO - [2023-10-11T07:11:16.806+0000] {dag.py:2915} INFO - Sync 1 DAGs
[2023-10-11T07:11:16.827+0000] {logging_mixin.py:151} INFO - [2023-10-11T07:11:16.826+0000] {dag.py:3696} INFO - Setting next_dagrun for example_complex to None, run_after=None
[2023-10-11T07:11:16.847+0000] {processor.py:179} INFO - Processing /home/airflow/.local/lib/python3.8/site-packages/airflow/example_dags/example_complex.py took 0.105 seconds
[2023-10-11T07:11:46.916+0000] {processor.py:157} INFO - Started process (PID=5080) to work on /home/airflow/.local/lib/python3.8/site-packages/airflow/example_dags/example_complex.py
[2023-10-11T07:11:46.917+0000] {processor.py:829} INFO - Processing file /home/airflow/.local/lib/python3.8/site-packages/airflow/example_dags/example_complex.py for tasks to queue
[2023-10-11T07:11:46.918+0000] {logging_mixin.py:151} INFO - [2023-10-11T07:11:46.917+0000] {dagbag.py:539} INFO - Filling up the DagBag from /home/airflow/.local/lib/python3.8/site-packages/airflow/example_dags/example_complex.py
[2023-10-11T07:11:46.927+0000] {processor.py:839} INFO - DAG(s) dict_keys(['example_complex']) retrieved from /home/airflow/.local/lib/python3.8/site-packages/airflow/example_dags/example_complex.py
[2023-10-11T07:11:46.953+0000] {logging_mixin.py:151} INFO - [2023-10-11T07:11:46.952+0000] {dag.py:2915} INFO - Sync 1 DAGs
[2023-10-11T07:11:46.975+0000] {logging_mixin.py:151} INFO - [2023-10-11T07:11:46.975+0000] {dag.py:3696} INFO - Setting next_dagrun for example_complex to None, run_after=None
[2023-10-11T07:11:46.992+0000] {processor.py:179} INFO - Processing /home/airflow/.local/lib/python3.8/site-packages/airflow/example_dags/example_complex.py took 0.079 seconds
[2023-10-11T07:12:17.692+0000] {processor.py:157} INFO - Started process (PID=5323) to work on /home/airflow/.local/lib/python3.8/site-packages/airflow/example_dags/example_complex.py
[2023-10-11T07:12:17.693+0000] {processor.py:829} INFO - Processing file /home/airflow/.local/lib/python3.8/site-packages/airflow/example_dags/example_complex.py for tasks to queue
[2023-10-11T07:12:17.693+0000] {logging_mixin.py:151} INFO - [2023-10-11T07:12:17.693+0000] {dagbag.py:539} INFO - Filling up the DagBag from /home/airflow/.local/lib/python3.8/site-packages/airflow/example_dags/example_complex.py
[2023-10-11T07:12:17.701+0000] {processor.py:839} INFO - DAG(s) dict_keys(['example_complex']) retrieved from /home/airflow/.local/lib/python3.8/site-packages/airflow/example_dags/example_complex.py
[2023-10-11T07:12:17.722+0000] {logging_mixin.py:151} INFO - [2023-10-11T07:12:17.722+0000] {dag.py:2915} INFO - Sync 1 DAGs
[2023-10-11T07:12:17.729+0000] {logging_mixin.py:151} INFO - [2023-10-11T07:12:17.729+0000] {dag.py:3696} INFO - Setting next_dagrun for example_complex to None, run_after=None
[2023-10-11T07:12:17.739+0000] {processor.py:179} INFO - Processing /home/airflow/.local/lib/python3.8/site-packages/airflow/example_dags/example_complex.py took 0.049 seconds
[2023-10-11T07:12:47.820+0000] {processor.py:157} INFO - Started process (PID=5566) to work on /home/airflow/.local/lib/python3.8/site-packages/airflow/example_dags/example_complex.py
[2023-10-11T07:12:47.821+0000] {processor.py:829} INFO - Processing file /home/airflow/.local/lib/python3.8/site-packages/airflow/example_dags/example_complex.py for tasks to queue
[2023-10-11T07:12:47.822+0000] {logging_mixin.py:151} INFO - [2023-10-11T07:12:47.821+0000] {dagbag.py:539} INFO - Filling up the DagBag from /home/airflow/.local/lib/python3.8/site-packages/airflow/example_dags/example_complex.py
[2023-10-11T07:12:47.831+0000] {processor.py:839} INFO - DAG(s) dict_keys(['example_complex']) retrieved from /home/airflow/.local/lib/python3.8/site-packages/airflow/example_dags/example_complex.py
[2023-10-11T07:12:47.855+0000] {logging_mixin.py:151} INFO - [2023-10-11T07:12:47.855+0000] {dag.py:2915} INFO - Sync 1 DAGs
[2023-10-11T07:12:47.870+0000] {logging_mixin.py:151} INFO - [2023-10-11T07:12:47.870+0000] {dag.py:3696} INFO - Setting next_dagrun for example_complex to None, run_after=None
[2023-10-11T07:12:47.891+0000] {processor.py:179} INFO - Processing /home/airflow/.local/lib/python3.8/site-packages/airflow/example_dags/example_complex.py took 0.074 seconds
[2023-10-11T07:13:18.477+0000] {processor.py:157} INFO - Started process (PID=5809) to work on /home/airflow/.local/lib/python3.8/site-packages/airflow/example_dags/example_complex.py
[2023-10-11T07:13:18.484+0000] {processor.py:829} INFO - Processing file /home/airflow/.local/lib/python3.8/site-packages/airflow/example_dags/example_complex.py for tasks to queue
[2023-10-11T07:13:18.485+0000] {logging_mixin.py:151} INFO - [2023-10-11T07:13:18.485+0000] {dagbag.py:539} INFO - Filling up the DagBag from /home/airflow/.local/lib/python3.8/site-packages/airflow/example_dags/example_complex.py
[2023-10-11T07:13:18.502+0000] {processor.py:839} INFO - DAG(s) dict_keys(['example_complex']) retrieved from /home/airflow/.local/lib/python3.8/site-packages/airflow/example_dags/example_complex.py
[2023-10-11T07:13:18.527+0000] {logging_mixin.py:151} INFO - [2023-10-11T07:13:18.527+0000] {dag.py:2915} INFO - Sync 1 DAGs
[2023-10-11T07:13:18.534+0000] {logging_mixin.py:151} INFO - [2023-10-11T07:13:18.534+0000] {dag.py:3696} INFO - Setting next_dagrun for example_complex to None, run_after=None
[2023-10-11T07:13:18.546+0000] {processor.py:179} INFO - Processing /home/airflow/.local/lib/python3.8/site-packages/airflow/example_dags/example_complex.py took 0.077 seconds
[2023-10-11T07:13:49.145+0000] {processor.py:157} INFO - Started process (PID=6052) to work on /home/airflow/.local/lib/python3.8/site-packages/airflow/example_dags/example_complex.py
[2023-10-11T07:13:49.146+0000] {processor.py:829} INFO - Processing file /home/airflow/.local/lib/python3.8/site-packages/airflow/example_dags/example_complex.py for tasks to queue
[2023-10-11T07:13:49.147+0000] {logging_mixin.py:151} INFO - [2023-10-11T07:13:49.147+0000] {dagbag.py:539} INFO - Filling up the DagBag from /home/airflow/.local/lib/python3.8/site-packages/airflow/example_dags/example_complex.py
[2023-10-11T07:13:49.169+0000] {processor.py:839} INFO - DAG(s) dict_keys(['example_complex']) retrieved from /home/airflow/.local/lib/python3.8/site-packages/airflow/example_dags/example_complex.py
[2023-10-11T07:13:49.200+0000] {logging_mixin.py:151} INFO - [2023-10-11T07:13:49.200+0000] {dag.py:2915} INFO - Sync 1 DAGs
[2023-10-11T07:13:49.209+0000] {logging_mixin.py:151} INFO - [2023-10-11T07:13:49.209+0000] {dag.py:3696} INFO - Setting next_dagrun for example_complex to None, run_after=None
[2023-10-11T07:13:49.219+0000] {processor.py:179} INFO - Processing /home/airflow/.local/lib/python3.8/site-packages/airflow/example_dags/example_complex.py took 0.078 seconds
[2023-10-11T07:14:19.594+0000] {processor.py:157} INFO - Started process (PID=6295) to work on /home/airflow/.local/lib/python3.8/site-packages/airflow/example_dags/example_complex.py
[2023-10-11T07:14:19.595+0000] {processor.py:829} INFO - Processing file /home/airflow/.local/lib/python3.8/site-packages/airflow/example_dags/example_complex.py for tasks to queue
[2023-10-11T07:14:19.596+0000] {logging_mixin.py:151} INFO - [2023-10-11T07:14:19.596+0000] {dagbag.py:539} INFO - Filling up the DagBag from /home/airflow/.local/lib/python3.8/site-packages/airflow/example_dags/example_complex.py
[2023-10-11T07:14:19.605+0000] {processor.py:839} INFO - DAG(s) dict_keys(['example_complex']) retrieved from /home/airflow/.local/lib/python3.8/site-packages/airflow/example_dags/example_complex.py
[2023-10-11T07:14:19.632+0000] {logging_mixin.py:151} INFO - [2023-10-11T07:14:19.632+0000] {dag.py:2915} INFO - Sync 1 DAGs
[2023-10-11T07:14:19.642+0000] {logging_mixin.py:151} INFO - [2023-10-11T07:14:19.642+0000] {dag.py:3696} INFO - Setting next_dagrun for example_complex to None, run_after=None
[2023-10-11T07:14:19.677+0000] {processor.py:179} INFO - Processing /home/airflow/.local/lib/python3.8/site-packages/airflow/example_dags/example_complex.py took 0.087 seconds
[2023-10-11T07:14:50.058+0000] {processor.py:157} INFO - Started process (PID=6538) to work on /home/airflow/.local/lib/python3.8/site-packages/airflow/example_dags/example_complex.py
[2023-10-11T07:14:50.073+0000] {processor.py:829} INFO - Processing file /home/airflow/.local/lib/python3.8/site-packages/airflow/example_dags/example_complex.py for tasks to queue
[2023-10-11T07:14:50.079+0000] {logging_mixin.py:151} INFO - [2023-10-11T07:14:50.075+0000] {dagbag.py:539} INFO - Filling up the DagBag from /home/airflow/.local/lib/python3.8/site-packages/airflow/example_dags/example_complex.py
[2023-10-11T07:14:50.095+0000] {processor.py:839} INFO - DAG(s) dict_keys(['example_complex']) retrieved from /home/airflow/.local/lib/python3.8/site-packages/airflow/example_dags/example_complex.py
[2023-10-11T07:14:50.126+0000] {logging_mixin.py:151} INFO - [2023-10-11T07:14:50.126+0000] {dag.py:2915} INFO - Sync 1 DAGs
[2023-10-11T07:14:50.137+0000] {logging_mixin.py:151} INFO - [2023-10-11T07:14:50.136+0000] {dag.py:3696} INFO - Setting next_dagrun for example_complex to None, run_after=None
[2023-10-11T07:14:50.170+0000] {processor.py:179} INFO - Processing /home/airflow/.local/lib/python3.8/site-packages/airflow/example_dags/example_complex.py took 0.128 seconds
[2023-10-11T07:15:20.486+0000] {processor.py:157} INFO - Started process (PID=6781) to work on /home/airflow/.local/lib/python3.8/site-packages/airflow/example_dags/example_complex.py
[2023-10-11T07:15:20.487+0000] {processor.py:829} INFO - Processing file /home/airflow/.local/lib/python3.8/site-packages/airflow/example_dags/example_complex.py for tasks to queue
[2023-10-11T07:15:20.488+0000] {logging_mixin.py:151} INFO - [2023-10-11T07:15:20.487+0000] {dagbag.py:539} INFO - Filling up the DagBag from /home/airflow/.local/lib/python3.8/site-packages/airflow/example_dags/example_complex.py
[2023-10-11T07:15:20.495+0000] {processor.py:839} INFO - DAG(s) dict_keys(['example_complex']) retrieved from /home/airflow/.local/lib/python3.8/site-packages/airflow/example_dags/example_complex.py
[2023-10-11T07:15:20.516+0000] {logging_mixin.py:151} INFO - [2023-10-11T07:15:20.515+0000] {dag.py:2915} INFO - Sync 1 DAGs
[2023-10-11T07:15:20.523+0000] {logging_mixin.py:151} INFO - [2023-10-11T07:15:20.523+0000] {dag.py:3696} INFO - Setting next_dagrun for example_complex to None, run_after=None
[2023-10-11T07:15:20.534+0000] {processor.py:179} INFO - Processing /home/airflow/.local/lib/python3.8/site-packages/airflow/example_dags/example_complex.py took 0.050 seconds
[2023-10-11T07:15:51.150+0000] {processor.py:157} INFO - Started process (PID=7024) to work on /home/airflow/.local/lib/python3.8/site-packages/airflow/example_dags/example_complex.py
[2023-10-11T07:15:51.153+0000] {processor.py:829} INFO - Processing file /home/airflow/.local/lib/python3.8/site-packages/airflow/example_dags/example_complex.py for tasks to queue
[2023-10-11T07:15:51.157+0000] {logging_mixin.py:151} INFO - [2023-10-11T07:15:51.155+0000] {dagbag.py:539} INFO - Filling up the DagBag from /home/airflow/.local/lib/python3.8/site-packages/airflow/example_dags/example_complex.py
[2023-10-11T07:15:51.171+0000] {processor.py:839} INFO - DAG(s) dict_keys(['example_complex']) retrieved from /home/airflow/.local/lib/python3.8/site-packages/airflow/example_dags/example_complex.py
[2023-10-11T07:15:51.214+0000] {logging_mixin.py:151} INFO - [2023-10-11T07:15:51.213+0000] {dag.py:2915} INFO - Sync 1 DAGs
[2023-10-11T07:15:51.225+0000] {logging_mixin.py:151} INFO - [2023-10-11T07:15:51.225+0000] {dag.py:3696} INFO - Setting next_dagrun for example_complex to None, run_after=None
[2023-10-11T07:15:51.244+0000] {processor.py:179} INFO - Processing /home/airflow/.local/lib/python3.8/site-packages/airflow/example_dags/example_complex.py took 0.098 seconds
[2023-10-11T07:16:21.727+0000] {processor.py:157} INFO - Started process (PID=7267) to work on /home/airflow/.local/lib/python3.8/site-packages/airflow/example_dags/example_complex.py
[2023-10-11T07:16:21.730+0000] {processor.py:829} INFO - Processing file /home/airflow/.local/lib/python3.8/site-packages/airflow/example_dags/example_complex.py for tasks to queue
[2023-10-11T07:16:21.731+0000] {logging_mixin.py:151} INFO - [2023-10-11T07:16:21.730+0000] {dagbag.py:539} INFO - Filling up the DagBag from /home/airflow/.local/lib/python3.8/site-packages/airflow/example_dags/example_complex.py
[2023-10-11T07:16:21.782+0000] {processor.py:839} INFO - DAG(s) dict_keys(['example_complex']) retrieved from /home/airflow/.local/lib/python3.8/site-packages/airflow/example_dags/example_complex.py
[2023-10-11T07:16:21.821+0000] {logging_mixin.py:151} INFO - [2023-10-11T07:16:21.821+0000] {dag.py:2915} INFO - Sync 1 DAGs
[2023-10-11T07:16:21.862+0000] {logging_mixin.py:151} INFO - [2023-10-11T07:16:21.861+0000] {dag.py:3696} INFO - Setting next_dagrun for example_complex to None, run_after=None
[2023-10-11T07:16:21.900+0000] {processor.py:179} INFO - Processing /home/airflow/.local/lib/python3.8/site-packages/airflow/example_dags/example_complex.py took 0.180 seconds
[2023-10-11T07:16:52.555+0000] {processor.py:157} INFO - Started process (PID=7510) to work on /home/airflow/.local/lib/python3.8/site-packages/airflow/example_dags/example_complex.py
[2023-10-11T07:16:52.575+0000] {processor.py:829} INFO - Processing file /home/airflow/.local/lib/python3.8/site-packages/airflow/example_dags/example_complex.py for tasks to queue
[2023-10-11T07:16:52.586+0000] {logging_mixin.py:151} INFO - [2023-10-11T07:16:52.584+0000] {dagbag.py:539} INFO - Filling up the DagBag from /home/airflow/.local/lib/python3.8/site-packages/airflow/example_dags/example_complex.py
[2023-10-11T07:16:52.621+0000] {processor.py:839} INFO - DAG(s) dict_keys(['example_complex']) retrieved from /home/airflow/.local/lib/python3.8/site-packages/airflow/example_dags/example_complex.py
[2023-10-11T07:16:52.717+0000] {logging_mixin.py:151} INFO - [2023-10-11T07:16:52.717+0000] {dag.py:2915} INFO - Sync 1 DAGs
[2023-10-11T07:16:52.769+0000] {logging_mixin.py:151} INFO - [2023-10-11T07:16:52.768+0000] {dag.py:3696} INFO - Setting next_dagrun for example_complex to None, run_after=None
[2023-10-11T07:16:52.815+0000] {processor.py:179} INFO - Processing /home/airflow/.local/lib/python3.8/site-packages/airflow/example_dags/example_complex.py took 0.277 seconds
[2023-10-11T07:17:23.361+0000] {processor.py:157} INFO - Started process (PID=7753) to work on /home/airflow/.local/lib/python3.8/site-packages/airflow/example_dags/example_complex.py
[2023-10-11T07:17:23.369+0000] {processor.py:829} INFO - Processing file /home/airflow/.local/lib/python3.8/site-packages/airflow/example_dags/example_complex.py for tasks to queue
[2023-10-11T07:17:23.372+0000] {logging_mixin.py:151} INFO - [2023-10-11T07:17:23.371+0000] {dagbag.py:539} INFO - Filling up the DagBag from /home/airflow/.local/lib/python3.8/site-packages/airflow/example_dags/example_complex.py
[2023-10-11T07:17:23.398+0000] {processor.py:839} INFO - DAG(s) dict_keys(['example_complex']) retrieved from /home/airflow/.local/lib/python3.8/site-packages/airflow/example_dags/example_complex.py
[2023-10-11T07:17:23.487+0000] {logging_mixin.py:151} INFO - [2023-10-11T07:17:23.486+0000] {dag.py:2915} INFO - Sync 1 DAGs
[2023-10-11T07:17:23.506+0000] {logging_mixin.py:151} INFO - [2023-10-11T07:17:23.505+0000] {dag.py:3696} INFO - Setting next_dagrun for example_complex to None, run_after=None
[2023-10-11T07:17:23.528+0000] {processor.py:179} INFO - Processing /home/airflow/.local/lib/python3.8/site-packages/airflow/example_dags/example_complex.py took 0.184 seconds
[2023-10-11T07:17:54.817+0000] {processor.py:157} INFO - Started process (PID=7996) to work on /home/airflow/.local/lib/python3.8/site-packages/airflow/example_dags/example_complex.py
[2023-10-11T07:17:54.820+0000] {processor.py:829} INFO - Processing file /home/airflow/.local/lib/python3.8/site-packages/airflow/example_dags/example_complex.py for tasks to queue
[2023-10-11T07:17:54.823+0000] {logging_mixin.py:151} INFO - [2023-10-11T07:17:54.823+0000] {dagbag.py:539} INFO - Filling up the DagBag from /home/airflow/.local/lib/python3.8/site-packages/airflow/example_dags/example_complex.py
[2023-10-11T07:17:54.879+0000] {processor.py:839} INFO - DAG(s) dict_keys(['example_complex']) retrieved from /home/airflow/.local/lib/python3.8/site-packages/airflow/example_dags/example_complex.py
[2023-10-11T07:17:54.978+0000] {logging_mixin.py:151} INFO - [2023-10-11T07:17:54.977+0000] {dag.py:2915} INFO - Sync 1 DAGs
[2023-10-11T07:17:55.002+0000] {logging_mixin.py:151} INFO - [2023-10-11T07:17:55.002+0000] {dag.py:3696} INFO - Setting next_dagrun for example_complex to None, run_after=None
[2023-10-11T07:17:55.050+0000] {processor.py:179} INFO - Processing /home/airflow/.local/lib/python3.8/site-packages/airflow/example_dags/example_complex.py took 0.241 seconds
[2023-10-11T07:18:25.496+0000] {processor.py:157} INFO - Started process (PID=8239) to work on /home/airflow/.local/lib/python3.8/site-packages/airflow/example_dags/example_complex.py
[2023-10-11T07:18:25.498+0000] {processor.py:829} INFO - Processing file /home/airflow/.local/lib/python3.8/site-packages/airflow/example_dags/example_complex.py for tasks to queue
[2023-10-11T07:18:25.499+0000] {logging_mixin.py:151} INFO - [2023-10-11T07:18:25.499+0000] {dagbag.py:539} INFO - Filling up the DagBag from /home/airflow/.local/lib/python3.8/site-packages/airflow/example_dags/example_complex.py
[2023-10-11T07:18:25.514+0000] {processor.py:839} INFO - DAG(s) dict_keys(['example_complex']) retrieved from /home/airflow/.local/lib/python3.8/site-packages/airflow/example_dags/example_complex.py
[2023-10-11T07:18:25.585+0000] {logging_mixin.py:151} INFO - [2023-10-11T07:18:25.584+0000] {dag.py:2915} INFO - Sync 1 DAGs
[2023-10-11T07:18:25.599+0000] {logging_mixin.py:151} INFO - [2023-10-11T07:18:25.599+0000] {dag.py:3696} INFO - Setting next_dagrun for example_complex to None, run_after=None
[2023-10-11T07:18:25.614+0000] {processor.py:179} INFO - Processing /home/airflow/.local/lib/python3.8/site-packages/airflow/example_dags/example_complex.py took 0.127 seconds
[2023-10-11T07:18:56.056+0000] {processor.py:157} INFO - Started process (PID=8482) to work on /home/airflow/.local/lib/python3.8/site-packages/airflow/example_dags/example_complex.py
[2023-10-11T07:18:56.069+0000] {processor.py:829} INFO - Processing file /home/airflow/.local/lib/python3.8/site-packages/airflow/example_dags/example_complex.py for tasks to queue
[2023-10-11T07:18:56.071+0000] {logging_mixin.py:151} INFO - [2023-10-11T07:18:56.070+0000] {dagbag.py:539} INFO - Filling up the DagBag from /home/airflow/.local/lib/python3.8/site-packages/airflow/example_dags/example_complex.py
[2023-10-11T07:18:56.086+0000] {processor.py:839} INFO - DAG(s) dict_keys(['example_complex']) retrieved from /home/airflow/.local/lib/python3.8/site-packages/airflow/example_dags/example_complex.py
[2023-10-11T07:18:56.114+0000] {logging_mixin.py:151} INFO - [2023-10-11T07:18:56.114+0000] {dag.py:2915} INFO - Sync 1 DAGs
[2023-10-11T07:18:56.122+0000] {logging_mixin.py:151} INFO - [2023-10-11T07:18:56.122+0000] {dag.py:3696} INFO - Setting next_dagrun for example_complex to None, run_after=None
[2023-10-11T07:18:56.135+0000] {processor.py:179} INFO - Processing /home/airflow/.local/lib/python3.8/site-packages/airflow/example_dags/example_complex.py took 0.094 seconds
[2023-10-11T07:19:26.195+0000] {processor.py:157} INFO - Started process (PID=8725) to work on /home/airflow/.local/lib/python3.8/site-packages/airflow/example_dags/example_complex.py
[2023-10-11T07:19:26.196+0000] {processor.py:829} INFO - Processing file /home/airflow/.local/lib/python3.8/site-packages/airflow/example_dags/example_complex.py for tasks to queue
[2023-10-11T07:19:26.197+0000] {logging_mixin.py:151} INFO - [2023-10-11T07:19:26.196+0000] {dagbag.py:539} INFO - Filling up the DagBag from /home/airflow/.local/lib/python3.8/site-packages/airflow/example_dags/example_complex.py
[2023-10-11T07:19:26.209+0000] {processor.py:839} INFO - DAG(s) dict_keys(['example_complex']) retrieved from /home/airflow/.local/lib/python3.8/site-packages/airflow/example_dags/example_complex.py
[2023-10-11T07:19:26.269+0000] {logging_mixin.py:151} INFO - [2023-10-11T07:19:26.268+0000] {dag.py:2915} INFO - Sync 1 DAGs
[2023-10-11T07:19:26.284+0000] {logging_mixin.py:151} INFO - [2023-10-11T07:19:26.284+0000] {dag.py:3696} INFO - Setting next_dagrun for example_complex to None, run_after=None
[2023-10-11T07:19:26.297+0000] {processor.py:179} INFO - Processing /home/airflow/.local/lib/python3.8/site-packages/airflow/example_dags/example_complex.py took 0.106 seconds
[2023-10-11T07:19:56.927+0000] {processor.py:157} INFO - Started process (PID=8968) to work on /home/airflow/.local/lib/python3.8/site-packages/airflow/example_dags/example_complex.py
[2023-10-11T07:19:56.931+0000] {processor.py:829} INFO - Processing file /home/airflow/.local/lib/python3.8/site-packages/airflow/example_dags/example_complex.py for tasks to queue
[2023-10-11T07:19:56.934+0000] {logging_mixin.py:151} INFO - [2023-10-11T07:19:56.933+0000] {dagbag.py:539} INFO - Filling up the DagBag from /home/airflow/.local/lib/python3.8/site-packages/airflow/example_dags/example_complex.py
[2023-10-11T07:19:56.977+0000] {processor.py:839} INFO - DAG(s) dict_keys(['example_complex']) retrieved from /home/airflow/.local/lib/python3.8/site-packages/airflow/example_dags/example_complex.py
[2023-10-11T07:19:57.029+0000] {logging_mixin.py:151} INFO - [2023-10-11T07:19:57.029+0000] {dag.py:2915} INFO - Sync 1 DAGs
[2023-10-11T07:19:57.073+0000] {logging_mixin.py:151} INFO - [2023-10-11T07:19:57.072+0000] {dag.py:3696} INFO - Setting next_dagrun for example_complex to None, run_after=None
[2023-10-11T07:19:57.129+0000] {processor.py:179} INFO - Processing /home/airflow/.local/lib/python3.8/site-packages/airflow/example_dags/example_complex.py took 0.216 seconds
[2023-10-11T07:20:27.204+0000] {processor.py:157} INFO - Started process (PID=9211) to work on /home/airflow/.local/lib/python3.8/site-packages/airflow/example_dags/example_complex.py
[2023-10-11T07:20:27.206+0000] {processor.py:829} INFO - Processing file /home/airflow/.local/lib/python3.8/site-packages/airflow/example_dags/example_complex.py for tasks to queue
[2023-10-11T07:20:27.207+0000] {logging_mixin.py:151} INFO - [2023-10-11T07:20:27.207+0000] {dagbag.py:539} INFO - Filling up the DagBag from /home/airflow/.local/lib/python3.8/site-packages/airflow/example_dags/example_complex.py
[2023-10-11T07:20:27.228+0000] {processor.py:839} INFO - DAG(s) dict_keys(['example_complex']) retrieved from /home/airflow/.local/lib/python3.8/site-packages/airflow/example_dags/example_complex.py
[2023-10-11T07:20:27.303+0000] {logging_mixin.py:151} INFO - [2023-10-11T07:20:27.303+0000] {dag.py:2915} INFO - Sync 1 DAGs
[2023-10-11T07:20:27.319+0000] {logging_mixin.py:151} INFO - [2023-10-11T07:20:27.319+0000] {dag.py:3696} INFO - Setting next_dagrun for example_complex to None, run_after=None
[2023-10-11T07:20:27.345+0000] {processor.py:179} INFO - Processing /home/airflow/.local/lib/python3.8/site-packages/airflow/example_dags/example_complex.py took 0.146 seconds
[2023-10-11T07:20:58.191+0000] {processor.py:157} INFO - Started process (PID=9454) to work on /home/airflow/.local/lib/python3.8/site-packages/airflow/example_dags/example_complex.py
[2023-10-11T07:20:58.195+0000] {processor.py:829} INFO - Processing file /home/airflow/.local/lib/python3.8/site-packages/airflow/example_dags/example_complex.py for tasks to queue
[2023-10-11T07:20:58.198+0000] {logging_mixin.py:151} INFO - [2023-10-11T07:20:58.197+0000] {dagbag.py:539} INFO - Filling up the DagBag from /home/airflow/.local/lib/python3.8/site-packages/airflow/example_dags/example_complex.py
[2023-10-11T07:20:58.216+0000] {processor.py:839} INFO - DAG(s) dict_keys(['example_complex']) retrieved from /home/airflow/.local/lib/python3.8/site-packages/airflow/example_dags/example_complex.py
[2023-10-11T07:20:58.270+0000] {logging_mixin.py:151} INFO - [2023-10-11T07:20:58.269+0000] {dag.py:2915} INFO - Sync 1 DAGs
[2023-10-11T07:20:58.287+0000] {logging_mixin.py:151} INFO - [2023-10-11T07:20:58.286+0000] {dag.py:3696} INFO - Setting next_dagrun for example_complex to None, run_after=None
[2023-10-11T07:20:58.305+0000] {processor.py:179} INFO - Processing /home/airflow/.local/lib/python3.8/site-packages/airflow/example_dags/example_complex.py took 0.124 seconds
[2023-10-11T07:21:28.993+0000] {processor.py:157} INFO - Started process (PID=9697) to work on /home/airflow/.local/lib/python3.8/site-packages/airflow/example_dags/example_complex.py
[2023-10-11T07:21:28.994+0000] {processor.py:829} INFO - Processing file /home/airflow/.local/lib/python3.8/site-packages/airflow/example_dags/example_complex.py for tasks to queue
[2023-10-11T07:21:28.995+0000] {logging_mixin.py:151} INFO - [2023-10-11T07:21:28.995+0000] {dagbag.py:539} INFO - Filling up the DagBag from /home/airflow/.local/lib/python3.8/site-packages/airflow/example_dags/example_complex.py
[2023-10-11T07:21:29.006+0000] {processor.py:839} INFO - DAG(s) dict_keys(['example_complex']) retrieved from /home/airflow/.local/lib/python3.8/site-packages/airflow/example_dags/example_complex.py
[2023-10-11T07:21:29.048+0000] {logging_mixin.py:151} INFO - [2023-10-11T07:21:29.048+0000] {dag.py:2915} INFO - Sync 1 DAGs
[2023-10-11T07:21:29.059+0000] {logging_mixin.py:151} INFO - [2023-10-11T07:21:29.059+0000] {dag.py:3696} INFO - Setting next_dagrun for example_complex to None, run_after=None
[2023-10-11T07:21:29.077+0000] {processor.py:179} INFO - Processing /home/airflow/.local/lib/python3.8/site-packages/airflow/example_dags/example_complex.py took 0.087 seconds
[2023-10-11T07:21:59.825+0000] {processor.py:157} INFO - Started process (PID=9940) to work on /home/airflow/.local/lib/python3.8/site-packages/airflow/example_dags/example_complex.py
[2023-10-11T07:21:59.828+0000] {processor.py:829} INFO - Processing file /home/airflow/.local/lib/python3.8/site-packages/airflow/example_dags/example_complex.py for tasks to queue
[2023-10-11T07:21:59.830+0000] {logging_mixin.py:151} INFO - [2023-10-11T07:21:59.829+0000] {dagbag.py:539} INFO - Filling up the DagBag from /home/airflow/.local/lib/python3.8/site-packages/airflow/example_dags/example_complex.py
[2023-10-11T07:21:59.848+0000] {processor.py:839} INFO - DAG(s) dict_keys(['example_complex']) retrieved from /home/airflow/.local/lib/python3.8/site-packages/airflow/example_dags/example_complex.py
[2023-10-11T07:21:59.889+0000] {logging_mixin.py:151} INFO - [2023-10-11T07:21:59.888+0000] {dag.py:2915} INFO - Sync 1 DAGs
[2023-10-11T07:21:59.902+0000] {logging_mixin.py:151} INFO - [2023-10-11T07:21:59.902+0000] {dag.py:3696} INFO - Setting next_dagrun for example_complex to None, run_after=None
[2023-10-11T07:21:59.924+0000] {processor.py:179} INFO - Processing /home/airflow/.local/lib/python3.8/site-packages/airflow/example_dags/example_complex.py took 0.109 seconds
[2023-10-11T07:22:30.886+0000] {processor.py:157} INFO - Started process (PID=10183) to work on /home/airflow/.local/lib/python3.8/site-packages/airflow/example_dags/example_complex.py
[2023-10-11T07:22:30.887+0000] {processor.py:829} INFO - Processing file /home/airflow/.local/lib/python3.8/site-packages/airflow/example_dags/example_complex.py for tasks to queue
[2023-10-11T07:22:30.888+0000] {logging_mixin.py:151} INFO - [2023-10-11T07:22:30.887+0000] {dagbag.py:539} INFO - Filling up the DagBag from /home/airflow/.local/lib/python3.8/site-packages/airflow/example_dags/example_complex.py
[2023-10-11T07:22:30.895+0000] {processor.py:839} INFO - DAG(s) dict_keys(['example_complex']) retrieved from /home/airflow/.local/lib/python3.8/site-packages/airflow/example_dags/example_complex.py
[2023-10-11T07:22:30.918+0000] {logging_mixin.py:151} INFO - [2023-10-11T07:22:30.918+0000] {dag.py:2915} INFO - Sync 1 DAGs
[2023-10-11T07:22:30.927+0000] {logging_mixin.py:151} INFO - [2023-10-11T07:22:30.927+0000] {dag.py:3696} INFO - Setting next_dagrun for example_complex to None, run_after=None
[2023-10-11T07:22:30.947+0000] {processor.py:179} INFO - Processing /home/airflow/.local/lib/python3.8/site-packages/airflow/example_dags/example_complex.py took 0.064 seconds
[2023-10-11T07:23:01.213+0000] {processor.py:157} INFO - Started process (PID=10426) to work on /home/airflow/.local/lib/python3.8/site-packages/airflow/example_dags/example_complex.py
[2023-10-11T07:23:01.214+0000] {processor.py:829} INFO - Processing file /home/airflow/.local/lib/python3.8/site-packages/airflow/example_dags/example_complex.py for tasks to queue
[2023-10-11T07:23:01.215+0000] {logging_mixin.py:151} INFO - [2023-10-11T07:23:01.214+0000] {dagbag.py:539} INFO - Filling up the DagBag from /home/airflow/.local/lib/python3.8/site-packages/airflow/example_dags/example_complex.py
[2023-10-11T07:23:01.222+0000] {processor.py:839} INFO - DAG(s) dict_keys(['example_complex']) retrieved from /home/airflow/.local/lib/python3.8/site-packages/airflow/example_dags/example_complex.py
[2023-10-11T07:23:01.242+0000] {logging_mixin.py:151} INFO - [2023-10-11T07:23:01.241+0000] {dag.py:2915} INFO - Sync 1 DAGs
[2023-10-11T07:23:01.261+0000] {logging_mixin.py:151} INFO - [2023-10-11T07:23:01.260+0000] {dag.py:3696} INFO - Setting next_dagrun for example_complex to None, run_after=None
[2023-10-11T07:23:01.274+0000] {processor.py:179} INFO - Processing /home/airflow/.local/lib/python3.8/site-packages/airflow/example_dags/example_complex.py took 0.064 seconds
[2023-10-11T07:23:31.311+0000] {processor.py:157} INFO - Started process (PID=10669) to work on /home/airflow/.local/lib/python3.8/site-packages/airflow/example_dags/example_complex.py
[2023-10-11T07:23:31.312+0000] {processor.py:829} INFO - Processing file /home/airflow/.local/lib/python3.8/site-packages/airflow/example_dags/example_complex.py for tasks to queue
[2023-10-11T07:23:31.313+0000] {logging_mixin.py:151} INFO - [2023-10-11T07:23:31.312+0000] {dagbag.py:539} INFO - Filling up the DagBag from /home/airflow/.local/lib/python3.8/site-packages/airflow/example_dags/example_complex.py
[2023-10-11T07:23:31.321+0000] {processor.py:839} INFO - DAG(s) dict_keys(['example_complex']) retrieved from /home/airflow/.local/lib/python3.8/site-packages/airflow/example_dags/example_complex.py
[2023-10-11T07:23:31.345+0000] {logging_mixin.py:151} INFO - [2023-10-11T07:23:31.345+0000] {dag.py:2915} INFO - Sync 1 DAGs
[2023-10-11T07:23:31.397+0000] {logging_mixin.py:151} INFO - [2023-10-11T07:23:31.396+0000] {dag.py:3696} INFO - Setting next_dagrun for example_complex to None, run_after=None
[2023-10-11T07:23:31.408+0000] {processor.py:179} INFO - Processing /home/airflow/.local/lib/python3.8/site-packages/airflow/example_dags/example_complex.py took 0.100 seconds
[2023-10-11T07:24:01.510+0000] {processor.py:157} INFO - Started process (PID=10912) to work on /home/airflow/.local/lib/python3.8/site-packages/airflow/example_dags/example_complex.py
[2023-10-11T07:24:01.511+0000] {processor.py:829} INFO - Processing file /home/airflow/.local/lib/python3.8/site-packages/airflow/example_dags/example_complex.py for tasks to queue
[2023-10-11T07:24:01.511+0000] {logging_mixin.py:151} INFO - [2023-10-11T07:24:01.511+0000] {dagbag.py:539} INFO - Filling up the DagBag from /home/airflow/.local/lib/python3.8/site-packages/airflow/example_dags/example_complex.py
[2023-10-11T07:24:01.518+0000] {processor.py:839} INFO - DAG(s) dict_keys(['example_complex']) retrieved from /home/airflow/.local/lib/python3.8/site-packages/airflow/example_dags/example_complex.py
[2023-10-11T07:24:01.538+0000] {logging_mixin.py:151} INFO - [2023-10-11T07:24:01.538+0000] {dag.py:2915} INFO - Sync 1 DAGs
[2023-10-11T07:24:01.546+0000] {logging_mixin.py:151} INFO - [2023-10-11T07:24:01.546+0000] {dag.py:3696} INFO - Setting next_dagrun for example_complex to None, run_after=None
[2023-10-11T07:24:01.580+0000] {processor.py:179} INFO - Processing /home/airflow/.local/lib/python3.8/site-packages/airflow/example_dags/example_complex.py took 0.073 seconds
[2023-10-11T07:24:31.897+0000] {processor.py:157} INFO - Started process (PID=11155) to work on /home/airflow/.local/lib/python3.8/site-packages/airflow/example_dags/example_complex.py
[2023-10-11T07:24:31.898+0000] {processor.py:829} INFO - Processing file /home/airflow/.local/lib/python3.8/site-packages/airflow/example_dags/example_complex.py for tasks to queue
[2023-10-11T07:24:31.898+0000] {logging_mixin.py:151} INFO - [2023-10-11T07:24:31.898+0000] {dagbag.py:539} INFO - Filling up the DagBag from /home/airflow/.local/lib/python3.8/site-packages/airflow/example_dags/example_complex.py
[2023-10-11T07:24:31.905+0000] {processor.py:839} INFO - DAG(s) dict_keys(['example_complex']) retrieved from /home/airflow/.local/lib/python3.8/site-packages/airflow/example_dags/example_complex.py
[2023-10-11T07:24:31.926+0000] {logging_mixin.py:151} INFO - [2023-10-11T07:24:31.926+0000] {dag.py:2915} INFO - Sync 1 DAGs
[2023-10-11T07:24:31.933+0000] {logging_mixin.py:151} INFO - [2023-10-11T07:24:31.933+0000] {dag.py:3696} INFO - Setting next_dagrun for example_complex to None, run_after=None
[2023-10-11T07:24:31.959+0000] {processor.py:179} INFO - Processing /home/airflow/.local/lib/python3.8/site-packages/airflow/example_dags/example_complex.py took 0.064 seconds
[2023-10-11T07:25:02.103+0000] {processor.py:157} INFO - Started process (PID=11398) to work on /home/airflow/.local/lib/python3.8/site-packages/airflow/example_dags/example_complex.py
[2023-10-11T07:25:02.104+0000] {processor.py:829} INFO - Processing file /home/airflow/.local/lib/python3.8/site-packages/airflow/example_dags/example_complex.py for tasks to queue
[2023-10-11T07:25:02.105+0000] {logging_mixin.py:151} INFO - [2023-10-11T07:25:02.105+0000] {dagbag.py:539} INFO - Filling up the DagBag from /home/airflow/.local/lib/python3.8/site-packages/airflow/example_dags/example_complex.py
[2023-10-11T07:25:02.112+0000] {processor.py:839} INFO - DAG(s) dict_keys(['example_complex']) retrieved from /home/airflow/.local/lib/python3.8/site-packages/airflow/example_dags/example_complex.py
[2023-10-11T07:25:02.131+0000] {logging_mixin.py:151} INFO - [2023-10-11T07:25:02.131+0000] {dag.py:2915} INFO - Sync 1 DAGs
[2023-10-11T07:25:02.139+0000] {logging_mixin.py:151} INFO - [2023-10-11T07:25:02.138+0000] {dag.py:3696} INFO - Setting next_dagrun for example_complex to None, run_after=None
[2023-10-11T07:25:02.163+0000] {processor.py:179} INFO - Processing /home/airflow/.local/lib/python3.8/site-packages/airflow/example_dags/example_complex.py took 0.063 seconds
[2023-10-11T07:25:32.811+0000] {processor.py:157} INFO - Started process (PID=11641) to work on /home/airflow/.local/lib/python3.8/site-packages/airflow/example_dags/example_complex.py
[2023-10-11T07:25:32.814+0000] {processor.py:829} INFO - Processing file /home/airflow/.local/lib/python3.8/site-packages/airflow/example_dags/example_complex.py for tasks to queue
[2023-10-11T07:25:32.815+0000] {logging_mixin.py:151} INFO - [2023-10-11T07:25:32.815+0000] {dagbag.py:539} INFO - Filling up the DagBag from /home/airflow/.local/lib/python3.8/site-packages/airflow/example_dags/example_complex.py
[2023-10-11T07:25:32.832+0000] {processor.py:839} INFO - DAG(s) dict_keys(['example_complex']) retrieved from /home/airflow/.local/lib/python3.8/site-packages/airflow/example_dags/example_complex.py
[2023-10-11T07:25:32.904+0000] {logging_mixin.py:151} INFO - [2023-10-11T07:25:32.904+0000] {dag.py:2915} INFO - Sync 1 DAGs
[2023-10-11T07:25:32.925+0000] {logging_mixin.py:151} INFO - [2023-10-11T07:25:32.924+0000] {dag.py:3696} INFO - Setting next_dagrun for example_complex to None, run_after=None
[2023-10-11T07:25:32.957+0000] {processor.py:179} INFO - Processing /home/airflow/.local/lib/python3.8/site-packages/airflow/example_dags/example_complex.py took 0.154 seconds
[2023-10-11T07:26:03.212+0000] {processor.py:157} INFO - Started process (PID=11884) to work on /home/airflow/.local/lib/python3.8/site-packages/airflow/example_dags/example_complex.py
[2023-10-11T07:26:03.214+0000] {processor.py:829} INFO - Processing file /home/airflow/.local/lib/python3.8/site-packages/airflow/example_dags/example_complex.py for tasks to queue
[2023-10-11T07:26:03.215+0000] {logging_mixin.py:151} INFO - [2023-10-11T07:26:03.214+0000] {dagbag.py:539} INFO - Filling up the DagBag from /home/airflow/.local/lib/python3.8/site-packages/airflow/example_dags/example_complex.py
[2023-10-11T07:26:03.232+0000] {processor.py:839} INFO - DAG(s) dict_keys(['example_complex']) retrieved from /home/airflow/.local/lib/python3.8/site-packages/airflow/example_dags/example_complex.py
[2023-10-11T07:26:03.286+0000] {logging_mixin.py:151} INFO - [2023-10-11T07:26:03.285+0000] {dag.py:2915} INFO - Sync 1 DAGs
[2023-10-11T07:26:03.310+0000] {logging_mixin.py:151} INFO - [2023-10-11T07:26:03.310+0000] {dag.py:3696} INFO - Setting next_dagrun for example_complex to None, run_after=None
[2023-10-11T07:26:03.339+0000] {processor.py:179} INFO - Processing /home/airflow/.local/lib/python3.8/site-packages/airflow/example_dags/example_complex.py took 0.132 seconds
[2023-10-11T07:26:33.691+0000] {processor.py:157} INFO - Started process (PID=12127) to work on /home/airflow/.local/lib/python3.8/site-packages/airflow/example_dags/example_complex.py
[2023-10-11T07:26:33.692+0000] {processor.py:829} INFO - Processing file /home/airflow/.local/lib/python3.8/site-packages/airflow/example_dags/example_complex.py for tasks to queue
[2023-10-11T07:26:33.693+0000] {logging_mixin.py:151} INFO - [2023-10-11T07:26:33.693+0000] {dagbag.py:539} INFO - Filling up the DagBag from /home/airflow/.local/lib/python3.8/site-packages/airflow/example_dags/example_complex.py
[2023-10-11T07:26:33.700+0000] {processor.py:839} INFO - DAG(s) dict_keys(['example_complex']) retrieved from /home/airflow/.local/lib/python3.8/site-packages/airflow/example_dags/example_complex.py
[2023-10-11T07:26:33.719+0000] {logging_mixin.py:151} INFO - [2023-10-11T07:26:33.719+0000] {dag.py:2915} INFO - Sync 1 DAGs
[2023-10-11T07:26:33.727+0000] {logging_mixin.py:151} INFO - [2023-10-11T07:26:33.727+0000] {dag.py:3696} INFO - Setting next_dagrun for example_complex to None, run_after=None
[2023-10-11T07:26:33.736+0000] {processor.py:179} INFO - Processing /home/airflow/.local/lib/python3.8/site-packages/airflow/example_dags/example_complex.py took 0.048 seconds
[2023-10-11T07:27:04.287+0000] {processor.py:157} INFO - Started process (PID=12370) to work on /home/airflow/.local/lib/python3.8/site-packages/airflow/example_dags/example_complex.py
[2023-10-11T07:27:04.288+0000] {processor.py:829} INFO - Processing file /home/airflow/.local/lib/python3.8/site-packages/airflow/example_dags/example_complex.py for tasks to queue
[2023-10-11T07:27:04.289+0000] {logging_mixin.py:151} INFO - [2023-10-11T07:27:04.288+0000] {dagbag.py:539} INFO - Filling up the DagBag from /home/airflow/.local/lib/python3.8/site-packages/airflow/example_dags/example_complex.py
[2023-10-11T07:27:04.298+0000] {processor.py:839} INFO - DAG(s) dict_keys(['example_complex']) retrieved from /home/airflow/.local/lib/python3.8/site-packages/airflow/example_dags/example_complex.py
[2023-10-11T07:27:04.321+0000] {logging_mixin.py:151} INFO - [2023-10-11T07:27:04.320+0000] {dag.py:2915} INFO - Sync 1 DAGs
[2023-10-11T07:27:04.329+0000] {logging_mixin.py:151} INFO - [2023-10-11T07:27:04.329+0000] {dag.py:3696} INFO - Setting next_dagrun for example_complex to None, run_after=None
[2023-10-11T07:27:04.340+0000] {processor.py:179} INFO - Processing /home/airflow/.local/lib/python3.8/site-packages/airflow/example_dags/example_complex.py took 0.056 seconds
[2023-10-11T07:27:34.986+0000] {processor.py:157} INFO - Started process (PID=12613) to work on /home/airflow/.local/lib/python3.8/site-packages/airflow/example_dags/example_complex.py
[2023-10-11T07:27:34.987+0000] {processor.py:829} INFO - Processing file /home/airflow/.local/lib/python3.8/site-packages/airflow/example_dags/example_complex.py for tasks to queue
[2023-10-11T07:27:34.987+0000] {logging_mixin.py:151} INFO - [2023-10-11T07:27:34.987+0000] {dagbag.py:539} INFO - Filling up the DagBag from /home/airflow/.local/lib/python3.8/site-packages/airflow/example_dags/example_complex.py
[2023-10-11T07:27:34.994+0000] {processor.py:839} INFO - DAG(s) dict_keys(['example_complex']) retrieved from /home/airflow/.local/lib/python3.8/site-packages/airflow/example_dags/example_complex.py
[2023-10-11T07:27:35.013+0000] {logging_mixin.py:151} INFO - [2023-10-11T07:27:35.013+0000] {dag.py:2915} INFO - Sync 1 DAGs
[2023-10-11T07:27:35.020+0000] {logging_mixin.py:151} INFO - [2023-10-11T07:27:35.020+0000] {dag.py:3696} INFO - Setting next_dagrun for example_complex to None, run_after=None
[2023-10-11T07:27:35.029+0000] {processor.py:179} INFO - Processing /home/airflow/.local/lib/python3.8/site-packages/airflow/example_dags/example_complex.py took 0.046 seconds
[2023-10-11T07:28:05.112+0000] {processor.py:157} INFO - Started process (PID=12856) to work on /home/airflow/.local/lib/python3.8/site-packages/airflow/example_dags/example_complex.py
[2023-10-11T07:28:05.113+0000] {processor.py:829} INFO - Processing file /home/airflow/.local/lib/python3.8/site-packages/airflow/example_dags/example_complex.py for tasks to queue
[2023-10-11T07:28:05.114+0000] {logging_mixin.py:151} INFO - [2023-10-11T07:28:05.114+0000] {dagbag.py:539} INFO - Filling up the DagBag from /home/airflow/.local/lib/python3.8/site-packages/airflow/example_dags/example_complex.py
[2023-10-11T07:28:05.123+0000] {processor.py:839} INFO - DAG(s) dict_keys(['example_complex']) retrieved from /home/airflow/.local/lib/python3.8/site-packages/airflow/example_dags/example_complex.py
[2023-10-11T07:28:05.149+0000] {logging_mixin.py:151} INFO - [2023-10-11T07:28:05.149+0000] {dag.py:2915} INFO - Sync 1 DAGs
[2023-10-11T07:28:05.165+0000] {logging_mixin.py:151} INFO - [2023-10-11T07:28:05.165+0000] {dag.py:3696} INFO - Setting next_dagrun for example_complex to None, run_after=None
[2023-10-11T07:28:05.181+0000] {processor.py:179} INFO - Processing /home/airflow/.local/lib/python3.8/site-packages/airflow/example_dags/example_complex.py took 0.072 seconds
[2023-10-11T07:28:35.481+0000] {processor.py:157} INFO - Started process (PID=13097) to work on /home/airflow/.local/lib/python3.8/site-packages/airflow/example_dags/example_complex.py
[2023-10-11T07:28:35.482+0000] {processor.py:829} INFO - Processing file /home/airflow/.local/lib/python3.8/site-packages/airflow/example_dags/example_complex.py for tasks to queue
[2023-10-11T07:28:35.483+0000] {logging_mixin.py:151} INFO - [2023-10-11T07:28:35.482+0000] {dagbag.py:539} INFO - Filling up the DagBag from /home/airflow/.local/lib/python3.8/site-packages/airflow/example_dags/example_complex.py
[2023-10-11T07:28:35.493+0000] {processor.py:839} INFO - DAG(s) dict_keys(['example_complex']) retrieved from /home/airflow/.local/lib/python3.8/site-packages/airflow/example_dags/example_complex.py
[2023-10-11T07:28:35.513+0000] {logging_mixin.py:151} INFO - [2023-10-11T07:28:35.513+0000] {dag.py:2915} INFO - Sync 1 DAGs
[2023-10-11T07:28:35.520+0000] {logging_mixin.py:151} INFO - [2023-10-11T07:28:35.520+0000] {dag.py:3696} INFO - Setting next_dagrun for example_complex to None, run_after=None
[2023-10-11T07:28:35.529+0000] {processor.py:179} INFO - Processing /home/airflow/.local/lib/python3.8/site-packages/airflow/example_dags/example_complex.py took 0.052 seconds
