[2023-10-11T07:01:34.751+0000] {processor.py:157} INFO - Started process (PID=280) to work on /home/airflow/.local/lib/python3.8/site-packages/airflow/example_dags/example_sensor_decorator.py
[2023-10-11T07:01:34.753+0000] {processor.py:829} INFO - Processing file /home/airflow/.local/lib/python3.8/site-packages/airflow/example_dags/example_sensor_decorator.py for tasks to queue
[2023-10-11T07:01:34.755+0000] {logging_mixin.py:151} INFO - [2023-10-11T07:01:34.754+0000] {dagbag.py:539} INFO - Filling up the DagBag from /home/airflow/.local/lib/python3.8/site-packages/airflow/example_dags/example_sensor_decorator.py
[2023-10-11T07:01:34.775+0000] {processor.py:839} INFO - DAG(s) dict_keys(['example_sensor_decorator']) retrieved from /home/airflow/.local/lib/python3.8/site-packages/airflow/example_dags/example_sensor_decorator.py
[2023-10-11T07:01:35.039+0000] {logging_mixin.py:151} INFO - [2023-10-11T07:01:35.038+0000] {manager.py:499} INFO - Created Permission View: %s
[2023-10-11T07:01:35.046+0000] {logging_mixin.py:151} INFO - [2023-10-11T07:01:35.046+0000] {manager.py:499} INFO - Created Permission View: %s
[2023-10-11T07:01:35.051+0000] {logging_mixin.py:151} INFO - [2023-10-11T07:01:35.051+0000] {manager.py:499} INFO - Created Permission View: %s
[2023-10-11T07:01:35.051+0000] {logging_mixin.py:151} INFO - [2023-10-11T07:01:35.051+0000] {security.py:708} INFO - Not syncing DAG-level permissions for DAG 'DAG:example_sensor_decorator' as access control is unset.
[2023-10-11T07:01:35.051+0000] {logging_mixin.py:151} INFO - [2023-10-11T07:01:35.051+0000] {dag.py:2915} INFO - Sync 1 DAGs
[2023-10-11T07:01:35.059+0000] {logging_mixin.py:151} INFO - [2023-10-11T07:01:35.059+0000] {dag.py:2937} INFO - Creating ORM DAG for example_sensor_decorator
[2023-10-11T07:01:35.072+0000] {logging_mixin.py:151} INFO - [2023-10-11T07:01:35.072+0000] {dag.py:3696} INFO - Setting next_dagrun for example_sensor_decorator to None, run_after=None
[2023-10-11T07:01:35.098+0000] {processor.py:179} INFO - Processing /home/airflow/.local/lib/python3.8/site-packages/airflow/example_dags/example_sensor_decorator.py took 0.369 seconds
[2023-10-11T07:02:05.836+0000] {processor.py:157} INFO - Started process (PID=519) to work on /home/airflow/.local/lib/python3.8/site-packages/airflow/example_dags/example_sensor_decorator.py
[2023-10-11T07:02:05.837+0000] {processor.py:829} INFO - Processing file /home/airflow/.local/lib/python3.8/site-packages/airflow/example_dags/example_sensor_decorator.py for tasks to queue
[2023-10-11T07:02:05.838+0000] {logging_mixin.py:151} INFO - [2023-10-11T07:02:05.837+0000] {dagbag.py:539} INFO - Filling up the DagBag from /home/airflow/.local/lib/python3.8/site-packages/airflow/example_dags/example_sensor_decorator.py
[2023-10-11T07:02:05.842+0000] {processor.py:839} INFO - DAG(s) dict_keys(['example_sensor_decorator']) retrieved from /home/airflow/.local/lib/python3.8/site-packages/airflow/example_dags/example_sensor_decorator.py
[2023-10-11T07:02:05.856+0000] {logging_mixin.py:151} INFO - [2023-10-11T07:02:05.856+0000] {dag.py:2915} INFO - Sync 1 DAGs
[2023-10-11T07:02:05.865+0000] {logging_mixin.py:151} INFO - [2023-10-11T07:02:05.865+0000] {dag.py:3696} INFO - Setting next_dagrun for example_sensor_decorator to None, run_after=None
[2023-10-11T07:02:05.896+0000] {processor.py:179} INFO - Processing /home/airflow/.local/lib/python3.8/site-packages/airflow/example_dags/example_sensor_decorator.py took 0.063 seconds
[2023-10-11T07:02:36.640+0000] {processor.py:157} INFO - Started process (PID=756) to work on /home/airflow/.local/lib/python3.8/site-packages/airflow/example_dags/example_sensor_decorator.py
[2023-10-11T07:02:36.641+0000] {processor.py:829} INFO - Processing file /home/airflow/.local/lib/python3.8/site-packages/airflow/example_dags/example_sensor_decorator.py for tasks to queue
[2023-10-11T07:02:36.642+0000] {logging_mixin.py:151} INFO - [2023-10-11T07:02:36.641+0000] {dagbag.py:539} INFO - Filling up the DagBag from /home/airflow/.local/lib/python3.8/site-packages/airflow/example_dags/example_sensor_decorator.py
[2023-10-11T07:02:36.646+0000] {processor.py:839} INFO - DAG(s) dict_keys(['example_sensor_decorator']) retrieved from /home/airflow/.local/lib/python3.8/site-packages/airflow/example_dags/example_sensor_decorator.py
[2023-10-11T07:02:36.669+0000] {logging_mixin.py:151} INFO - [2023-10-11T07:02:36.669+0000] {dag.py:2915} INFO - Sync 1 DAGs
[2023-10-11T07:02:36.683+0000] {logging_mixin.py:151} INFO - [2023-10-11T07:02:36.683+0000] {dag.py:3696} INFO - Setting next_dagrun for example_sensor_decorator to None, run_after=None
[2023-10-11T07:02:36.698+0000] {processor.py:179} INFO - Processing /home/airflow/.local/lib/python3.8/site-packages/airflow/example_dags/example_sensor_decorator.py took 0.061 seconds
[2023-10-11T07:03:07.645+0000] {processor.py:157} INFO - Started process (PID=994) to work on /home/airflow/.local/lib/python3.8/site-packages/airflow/example_dags/example_sensor_decorator.py
[2023-10-11T07:03:07.646+0000] {processor.py:829} INFO - Processing file /home/airflow/.local/lib/python3.8/site-packages/airflow/example_dags/example_sensor_decorator.py for tasks to queue
[2023-10-11T07:03:07.647+0000] {logging_mixin.py:151} INFO - [2023-10-11T07:03:07.646+0000] {dagbag.py:539} INFO - Filling up the DagBag from /home/airflow/.local/lib/python3.8/site-packages/airflow/example_dags/example_sensor_decorator.py
[2023-10-11T07:03:07.652+0000] {processor.py:839} INFO - DAG(s) dict_keys(['example_sensor_decorator']) retrieved from /home/airflow/.local/lib/python3.8/site-packages/airflow/example_dags/example_sensor_decorator.py
[2023-10-11T07:03:07.701+0000] {logging_mixin.py:151} INFO - [2023-10-11T07:03:07.701+0000] {dag.py:2915} INFO - Sync 1 DAGs
[2023-10-11T07:03:07.712+0000] {logging_mixin.py:151} INFO - [2023-10-11T07:03:07.712+0000] {dag.py:3696} INFO - Setting next_dagrun for example_sensor_decorator to None, run_after=None
[2023-10-11T07:03:07.727+0000] {processor.py:179} INFO - Processing /home/airflow/.local/lib/python3.8/site-packages/airflow/example_dags/example_sensor_decorator.py took 0.085 seconds
[2023-10-11T07:03:38.327+0000] {processor.py:157} INFO - Started process (PID=1232) to work on /home/airflow/.local/lib/python3.8/site-packages/airflow/example_dags/example_sensor_decorator.py
[2023-10-11T07:03:38.328+0000] {processor.py:829} INFO - Processing file /home/airflow/.local/lib/python3.8/site-packages/airflow/example_dags/example_sensor_decorator.py for tasks to queue
[2023-10-11T07:03:38.329+0000] {logging_mixin.py:151} INFO - [2023-10-11T07:03:38.329+0000] {dagbag.py:539} INFO - Filling up the DagBag from /home/airflow/.local/lib/python3.8/site-packages/airflow/example_dags/example_sensor_decorator.py
[2023-10-11T07:03:38.334+0000] {processor.py:839} INFO - DAG(s) dict_keys(['example_sensor_decorator']) retrieved from /home/airflow/.local/lib/python3.8/site-packages/airflow/example_dags/example_sensor_decorator.py
[2023-10-11T07:03:38.348+0000] {logging_mixin.py:151} INFO - [2023-10-11T07:03:38.348+0000] {dag.py:2915} INFO - Sync 1 DAGs
[2023-10-11T07:03:38.357+0000] {logging_mixin.py:151} INFO - [2023-10-11T07:03:38.357+0000] {dag.py:3696} INFO - Setting next_dagrun for example_sensor_decorator to None, run_after=None
[2023-10-11T07:03:38.386+0000] {processor.py:179} INFO - Processing /home/airflow/.local/lib/python3.8/site-packages/airflow/example_dags/example_sensor_decorator.py took 0.062 seconds
[2023-10-11T07:04:08.798+0000] {processor.py:157} INFO - Started process (PID=1470) to work on /home/airflow/.local/lib/python3.8/site-packages/airflow/example_dags/example_sensor_decorator.py
[2023-10-11T07:04:08.798+0000] {processor.py:829} INFO - Processing file /home/airflow/.local/lib/python3.8/site-packages/airflow/example_dags/example_sensor_decorator.py for tasks to queue
[2023-10-11T07:04:08.799+0000] {logging_mixin.py:151} INFO - [2023-10-11T07:04:08.799+0000] {dagbag.py:539} INFO - Filling up the DagBag from /home/airflow/.local/lib/python3.8/site-packages/airflow/example_dags/example_sensor_decorator.py
[2023-10-11T07:04:08.804+0000] {processor.py:839} INFO - DAG(s) dict_keys(['example_sensor_decorator']) retrieved from /home/airflow/.local/lib/python3.8/site-packages/airflow/example_dags/example_sensor_decorator.py
[2023-10-11T07:04:08.818+0000] {logging_mixin.py:151} INFO - [2023-10-11T07:04:08.818+0000] {dag.py:2915} INFO - Sync 1 DAGs
[2023-10-11T07:04:08.824+0000] {logging_mixin.py:151} INFO - [2023-10-11T07:04:08.824+0000] {dag.py:3696} INFO - Setting next_dagrun for example_sensor_decorator to None, run_after=None
[2023-10-11T07:04:08.834+0000] {processor.py:179} INFO - Processing /home/airflow/.local/lib/python3.8/site-packages/airflow/example_dags/example_sensor_decorator.py took 0.039 seconds
[2023-10-11T07:04:39.537+0000] {processor.py:157} INFO - Started process (PID=1708) to work on /home/airflow/.local/lib/python3.8/site-packages/airflow/example_dags/example_sensor_decorator.py
[2023-10-11T07:04:39.538+0000] {processor.py:829} INFO - Processing file /home/airflow/.local/lib/python3.8/site-packages/airflow/example_dags/example_sensor_decorator.py for tasks to queue
[2023-10-11T07:04:39.539+0000] {logging_mixin.py:151} INFO - [2023-10-11T07:04:39.538+0000] {dagbag.py:539} INFO - Filling up the DagBag from /home/airflow/.local/lib/python3.8/site-packages/airflow/example_dags/example_sensor_decorator.py
[2023-10-11T07:04:39.544+0000] {processor.py:839} INFO - DAG(s) dict_keys(['example_sensor_decorator']) retrieved from /home/airflow/.local/lib/python3.8/site-packages/airflow/example_dags/example_sensor_decorator.py
[2023-10-11T07:04:39.593+0000] {logging_mixin.py:151} INFO - [2023-10-11T07:04:39.592+0000] {dag.py:2915} INFO - Sync 1 DAGs
[2023-10-11T07:04:39.611+0000] {logging_mixin.py:151} INFO - [2023-10-11T07:04:39.611+0000] {dag.py:3696} INFO - Setting next_dagrun for example_sensor_decorator to None, run_after=None
[2023-10-11T07:04:39.627+0000] {processor.py:179} INFO - Processing /home/airflow/.local/lib/python3.8/site-packages/airflow/example_dags/example_sensor_decorator.py took 0.093 seconds
[2023-10-11T07:05:10.120+0000] {processor.py:157} INFO - Started process (PID=1946) to work on /home/airflow/.local/lib/python3.8/site-packages/airflow/example_dags/example_sensor_decorator.py
[2023-10-11T07:05:10.120+0000] {processor.py:829} INFO - Processing file /home/airflow/.local/lib/python3.8/site-packages/airflow/example_dags/example_sensor_decorator.py for tasks to queue
[2023-10-11T07:05:10.121+0000] {logging_mixin.py:151} INFO - [2023-10-11T07:05:10.121+0000] {dagbag.py:539} INFO - Filling up the DagBag from /home/airflow/.local/lib/python3.8/site-packages/airflow/example_dags/example_sensor_decorator.py
[2023-10-11T07:05:10.125+0000] {processor.py:839} INFO - DAG(s) dict_keys(['example_sensor_decorator']) retrieved from /home/airflow/.local/lib/python3.8/site-packages/airflow/example_dags/example_sensor_decorator.py
[2023-10-11T07:05:10.138+0000] {logging_mixin.py:151} INFO - [2023-10-11T07:05:10.138+0000] {dag.py:2915} INFO - Sync 1 DAGs
[2023-10-11T07:05:10.144+0000] {logging_mixin.py:151} INFO - [2023-10-11T07:05:10.144+0000] {dag.py:3696} INFO - Setting next_dagrun for example_sensor_decorator to None, run_after=None
[2023-10-11T07:05:10.170+0000] {processor.py:179} INFO - Processing /home/airflow/.local/lib/python3.8/site-packages/airflow/example_dags/example_sensor_decorator.py took 0.053 seconds
[2023-10-11T07:05:40.898+0000] {processor.py:157} INFO - Started process (PID=2184) to work on /home/airflow/.local/lib/python3.8/site-packages/airflow/example_dags/example_sensor_decorator.py
[2023-10-11T07:05:40.899+0000] {processor.py:829} INFO - Processing file /home/airflow/.local/lib/python3.8/site-packages/airflow/example_dags/example_sensor_decorator.py for tasks to queue
[2023-10-11T07:05:40.899+0000] {logging_mixin.py:151} INFO - [2023-10-11T07:05:40.899+0000] {dagbag.py:539} INFO - Filling up the DagBag from /home/airflow/.local/lib/python3.8/site-packages/airflow/example_dags/example_sensor_decorator.py
[2023-10-11T07:05:40.903+0000] {processor.py:839} INFO - DAG(s) dict_keys(['example_sensor_decorator']) retrieved from /home/airflow/.local/lib/python3.8/site-packages/airflow/example_dags/example_sensor_decorator.py
[2023-10-11T07:05:40.917+0000] {logging_mixin.py:151} INFO - [2023-10-11T07:05:40.917+0000] {dag.py:2915} INFO - Sync 1 DAGs
[2023-10-11T07:05:40.924+0000] {logging_mixin.py:151} INFO - [2023-10-11T07:05:40.924+0000] {dag.py:3696} INFO - Setting next_dagrun for example_sensor_decorator to None, run_after=None
[2023-10-11T07:05:40.936+0000] {processor.py:179} INFO - Processing /home/airflow/.local/lib/python3.8/site-packages/airflow/example_dags/example_sensor_decorator.py took 0.041 seconds
[2023-10-11T07:06:11.284+0000] {processor.py:157} INFO - Started process (PID=2422) to work on /home/airflow/.local/lib/python3.8/site-packages/airflow/example_dags/example_sensor_decorator.py
[2023-10-11T07:06:11.285+0000] {processor.py:829} INFO - Processing file /home/airflow/.local/lib/python3.8/site-packages/airflow/example_dags/example_sensor_decorator.py for tasks to queue
[2023-10-11T07:06:11.286+0000] {logging_mixin.py:151} INFO - [2023-10-11T07:06:11.286+0000] {dagbag.py:539} INFO - Filling up the DagBag from /home/airflow/.local/lib/python3.8/site-packages/airflow/example_dags/example_sensor_decorator.py
[2023-10-11T07:06:11.291+0000] {processor.py:839} INFO - DAG(s) dict_keys(['example_sensor_decorator']) retrieved from /home/airflow/.local/lib/python3.8/site-packages/airflow/example_dags/example_sensor_decorator.py
[2023-10-11T07:06:11.306+0000] {logging_mixin.py:151} INFO - [2023-10-11T07:06:11.306+0000] {dag.py:2915} INFO - Sync 1 DAGs
[2023-10-11T07:06:11.313+0000] {logging_mixin.py:151} INFO - [2023-10-11T07:06:11.313+0000] {dag.py:3696} INFO - Setting next_dagrun for example_sensor_decorator to None, run_after=None
[2023-10-11T07:06:11.324+0000] {processor.py:179} INFO - Processing /home/airflow/.local/lib/python3.8/site-packages/airflow/example_dags/example_sensor_decorator.py took 0.043 seconds
[2023-10-11T07:06:41.738+0000] {processor.py:157} INFO - Started process (PID=2665) to work on /home/airflow/.local/lib/python3.8/site-packages/airflow/example_dags/example_sensor_decorator.py
[2023-10-11T07:06:41.739+0000] {processor.py:829} INFO - Processing file /home/airflow/.local/lib/python3.8/site-packages/airflow/example_dags/example_sensor_decorator.py for tasks to queue
[2023-10-11T07:06:41.740+0000] {logging_mixin.py:151} INFO - [2023-10-11T07:06:41.739+0000] {dagbag.py:539} INFO - Filling up the DagBag from /home/airflow/.local/lib/python3.8/site-packages/airflow/example_dags/example_sensor_decorator.py
[2023-10-11T07:06:41.744+0000] {processor.py:839} INFO - DAG(s) dict_keys(['example_sensor_decorator']) retrieved from /home/airflow/.local/lib/python3.8/site-packages/airflow/example_dags/example_sensor_decorator.py
[2023-10-11T07:06:41.769+0000] {logging_mixin.py:151} INFO - [2023-10-11T07:06:41.769+0000] {dag.py:2915} INFO - Sync 1 DAGs
[2023-10-11T07:06:41.785+0000] {logging_mixin.py:151} INFO - [2023-10-11T07:06:41.785+0000] {dag.py:3696} INFO - Setting next_dagrun for example_sensor_decorator to None, run_after=None
[2023-10-11T07:06:41.795+0000] {processor.py:179} INFO - Processing /home/airflow/.local/lib/python3.8/site-packages/airflow/example_dags/example_sensor_decorator.py took 0.059 seconds
[2023-10-11T07:07:12.649+0000] {processor.py:157} INFO - Started process (PID=2907) to work on /home/airflow/.local/lib/python3.8/site-packages/airflow/example_dags/example_sensor_decorator.py
[2023-10-11T07:07:12.650+0000] {processor.py:829} INFO - Processing file /home/airflow/.local/lib/python3.8/site-packages/airflow/example_dags/example_sensor_decorator.py for tasks to queue
[2023-10-11T07:07:12.651+0000] {logging_mixin.py:151} INFO - [2023-10-11T07:07:12.651+0000] {dagbag.py:539} INFO - Filling up the DagBag from /home/airflow/.local/lib/python3.8/site-packages/airflow/example_dags/example_sensor_decorator.py
[2023-10-11T07:07:12.659+0000] {processor.py:839} INFO - DAG(s) dict_keys(['example_sensor_decorator']) retrieved from /home/airflow/.local/lib/python3.8/site-packages/airflow/example_dags/example_sensor_decorator.py
[2023-10-11T07:07:12.692+0000] {logging_mixin.py:151} INFO - [2023-10-11T07:07:12.692+0000] {dag.py:2915} INFO - Sync 1 DAGs
[2023-10-11T07:07:12.700+0000] {logging_mixin.py:151} INFO - [2023-10-11T07:07:12.699+0000] {dag.py:3696} INFO - Setting next_dagrun for example_sensor_decorator to None, run_after=None
[2023-10-11T07:07:12.711+0000] {processor.py:179} INFO - Processing /home/airflow/.local/lib/python3.8/site-packages/airflow/example_dags/example_sensor_decorator.py took 0.064 seconds
[2023-10-11T07:07:43.805+0000] {processor.py:157} INFO - Started process (PID=3155) to work on /home/airflow/.local/lib/python3.8/site-packages/airflow/example_dags/example_sensor_decorator.py
[2023-10-11T07:07:43.806+0000] {processor.py:829} INFO - Processing file /home/airflow/.local/lib/python3.8/site-packages/airflow/example_dags/example_sensor_decorator.py for tasks to queue
[2023-10-11T07:07:43.807+0000] {logging_mixin.py:151} INFO - [2023-10-11T07:07:43.807+0000] {dagbag.py:539} INFO - Filling up the DagBag from /home/airflow/.local/lib/python3.8/site-packages/airflow/example_dags/example_sensor_decorator.py
[2023-10-11T07:07:43.812+0000] {processor.py:839} INFO - DAG(s) dict_keys(['example_sensor_decorator']) retrieved from /home/airflow/.local/lib/python3.8/site-packages/airflow/example_dags/example_sensor_decorator.py
[2023-10-11T07:07:43.837+0000] {logging_mixin.py:151} INFO - [2023-10-11T07:07:43.837+0000] {dag.py:2915} INFO - Sync 1 DAGs
[2023-10-11T07:07:43.874+0000] {logging_mixin.py:151} INFO - [2023-10-11T07:07:43.873+0000] {dag.py:3696} INFO - Setting next_dagrun for example_sensor_decorator to None, run_after=None
[2023-10-11T07:07:43.907+0000] {processor.py:179} INFO - Processing /home/airflow/.local/lib/python3.8/site-packages/airflow/example_dags/example_sensor_decorator.py took 0.105 seconds
[2023-10-11T07:08:14.254+0000] {processor.py:157} INFO - Started process (PID=3424) to work on /home/airflow/.local/lib/python3.8/site-packages/airflow/example_dags/example_sensor_decorator.py
[2023-10-11T07:08:14.264+0000] {processor.py:829} INFO - Processing file /home/airflow/.local/lib/python3.8/site-packages/airflow/example_dags/example_sensor_decorator.py for tasks to queue
[2023-10-11T07:08:14.282+0000] {logging_mixin.py:151} INFO - [2023-10-11T07:08:14.282+0000] {dagbag.py:539} INFO - Filling up the DagBag from /home/airflow/.local/lib/python3.8/site-packages/airflow/example_dags/example_sensor_decorator.py
[2023-10-11T07:08:14.287+0000] {processor.py:839} INFO - DAG(s) dict_keys(['example_sensor_decorator']) retrieved from /home/airflow/.local/lib/python3.8/site-packages/airflow/example_dags/example_sensor_decorator.py
[2023-10-11T07:08:14.303+0000] {logging_mixin.py:151} INFO - [2023-10-11T07:08:14.303+0000] {dag.py:2915} INFO - Sync 1 DAGs
[2023-10-11T07:08:14.310+0000] {logging_mixin.py:151} INFO - [2023-10-11T07:08:14.310+0000] {dag.py:3696} INFO - Setting next_dagrun for example_sensor_decorator to None, run_after=None
[2023-10-11T07:08:14.383+0000] {processor.py:179} INFO - Processing /home/airflow/.local/lib/python3.8/site-packages/airflow/example_dags/example_sensor_decorator.py took 0.132 seconds
[2023-10-11T07:08:45.051+0000] {processor.py:157} INFO - Started process (PID=3667) to work on /home/airflow/.local/lib/python3.8/site-packages/airflow/example_dags/example_sensor_decorator.py
[2023-10-11T07:08:45.052+0000] {processor.py:829} INFO - Processing file /home/airflow/.local/lib/python3.8/site-packages/airflow/example_dags/example_sensor_decorator.py for tasks to queue
[2023-10-11T07:08:45.055+0000] {logging_mixin.py:151} INFO - [2023-10-11T07:08:45.054+0000] {dagbag.py:539} INFO - Filling up the DagBag from /home/airflow/.local/lib/python3.8/site-packages/airflow/example_dags/example_sensor_decorator.py
[2023-10-11T07:08:45.099+0000] {processor.py:839} INFO - DAG(s) dict_keys(['example_sensor_decorator']) retrieved from /home/airflow/.local/lib/python3.8/site-packages/airflow/example_dags/example_sensor_decorator.py
[2023-10-11T07:08:45.124+0000] {logging_mixin.py:151} INFO - [2023-10-11T07:08:45.124+0000] {dag.py:2915} INFO - Sync 1 DAGs
[2023-10-11T07:08:45.136+0000] {logging_mixin.py:151} INFO - [2023-10-11T07:08:45.136+0000] {dag.py:3696} INFO - Setting next_dagrun for example_sensor_decorator to None, run_after=None
[2023-10-11T07:08:45.151+0000] {processor.py:179} INFO - Processing /home/airflow/.local/lib/python3.8/site-packages/airflow/example_dags/example_sensor_decorator.py took 0.104 seconds
[2023-10-11T07:09:15.454+0000] {processor.py:157} INFO - Started process (PID=3910) to work on /home/airflow/.local/lib/python3.8/site-packages/airflow/example_dags/example_sensor_decorator.py
[2023-10-11T07:09:15.456+0000] {processor.py:829} INFO - Processing file /home/airflow/.local/lib/python3.8/site-packages/airflow/example_dags/example_sensor_decorator.py for tasks to queue
[2023-10-11T07:09:15.459+0000] {logging_mixin.py:151} INFO - [2023-10-11T07:09:15.458+0000] {dagbag.py:539} INFO - Filling up the DagBag from /home/airflow/.local/lib/python3.8/site-packages/airflow/example_dags/example_sensor_decorator.py
[2023-10-11T07:09:15.476+0000] {processor.py:839} INFO - DAG(s) dict_keys(['example_sensor_decorator']) retrieved from /home/airflow/.local/lib/python3.8/site-packages/airflow/example_dags/example_sensor_decorator.py
[2023-10-11T07:09:15.499+0000] {logging_mixin.py:151} INFO - [2023-10-11T07:09:15.499+0000] {dag.py:2915} INFO - Sync 1 DAGs
[2023-10-11T07:09:15.507+0000] {logging_mixin.py:151} INFO - [2023-10-11T07:09:15.507+0000] {dag.py:3696} INFO - Setting next_dagrun for example_sensor_decorator to None, run_after=None
[2023-10-11T07:09:15.517+0000] {processor.py:179} INFO - Processing /home/airflow/.local/lib/python3.8/site-packages/airflow/example_dags/example_sensor_decorator.py took 0.069 seconds
[2023-10-11T07:09:45.650+0000] {processor.py:157} INFO - Started process (PID=4153) to work on /home/airflow/.local/lib/python3.8/site-packages/airflow/example_dags/example_sensor_decorator.py
[2023-10-11T07:09:45.651+0000] {processor.py:829} INFO - Processing file /home/airflow/.local/lib/python3.8/site-packages/airflow/example_dags/example_sensor_decorator.py for tasks to queue
[2023-10-11T07:09:45.652+0000] {logging_mixin.py:151} INFO - [2023-10-11T07:09:45.652+0000] {dagbag.py:539} INFO - Filling up the DagBag from /home/airflow/.local/lib/python3.8/site-packages/airflow/example_dags/example_sensor_decorator.py
[2023-10-11T07:09:45.661+0000] {processor.py:839} INFO - DAG(s) dict_keys(['example_sensor_decorator']) retrieved from /home/airflow/.local/lib/python3.8/site-packages/airflow/example_dags/example_sensor_decorator.py
[2023-10-11T07:09:45.710+0000] {logging_mixin.py:151} INFO - [2023-10-11T07:09:45.710+0000] {dag.py:2915} INFO - Sync 1 DAGs
[2023-10-11T07:09:45.721+0000] {logging_mixin.py:151} INFO - [2023-10-11T07:09:45.721+0000] {dag.py:3696} INFO - Setting next_dagrun for example_sensor_decorator to None, run_after=None
[2023-10-11T07:09:45.735+0000] {processor.py:179} INFO - Processing /home/airflow/.local/lib/python3.8/site-packages/airflow/example_dags/example_sensor_decorator.py took 0.089 seconds
[2023-10-11T07:10:16.503+0000] {processor.py:157} INFO - Started process (PID=4396) to work on /home/airflow/.local/lib/python3.8/site-packages/airflow/example_dags/example_sensor_decorator.py
[2023-10-11T07:10:16.504+0000] {processor.py:829} INFO - Processing file /home/airflow/.local/lib/python3.8/site-packages/airflow/example_dags/example_sensor_decorator.py for tasks to queue
[2023-10-11T07:10:16.505+0000] {logging_mixin.py:151} INFO - [2023-10-11T07:10:16.504+0000] {dagbag.py:539} INFO - Filling up the DagBag from /home/airflow/.local/lib/python3.8/site-packages/airflow/example_dags/example_sensor_decorator.py
[2023-10-11T07:10:16.510+0000] {processor.py:839} INFO - DAG(s) dict_keys(['example_sensor_decorator']) retrieved from /home/airflow/.local/lib/python3.8/site-packages/airflow/example_dags/example_sensor_decorator.py
[2023-10-11T07:10:16.529+0000] {logging_mixin.py:151} INFO - [2023-10-11T07:10:16.529+0000] {dag.py:2915} INFO - Sync 1 DAGs
[2023-10-11T07:10:16.539+0000] {logging_mixin.py:151} INFO - [2023-10-11T07:10:16.538+0000] {dag.py:3696} INFO - Setting next_dagrun for example_sensor_decorator to None, run_after=None
[2023-10-11T07:10:16.550+0000] {processor.py:179} INFO - Processing /home/airflow/.local/lib/python3.8/site-packages/airflow/example_dags/example_sensor_decorator.py took 0.050 seconds
[2023-10-11T07:10:46.823+0000] {processor.py:157} INFO - Started process (PID=4636) to work on /home/airflow/.local/lib/python3.8/site-packages/airflow/example_dags/example_sensor_decorator.py
[2023-10-11T07:10:46.824+0000] {processor.py:829} INFO - Processing file /home/airflow/.local/lib/python3.8/site-packages/airflow/example_dags/example_sensor_decorator.py for tasks to queue
[2023-10-11T07:10:46.824+0000] {logging_mixin.py:151} INFO - [2023-10-11T07:10:46.824+0000] {dagbag.py:539} INFO - Filling up the DagBag from /home/airflow/.local/lib/python3.8/site-packages/airflow/example_dags/example_sensor_decorator.py
[2023-10-11T07:10:46.829+0000] {processor.py:839} INFO - DAG(s) dict_keys(['example_sensor_decorator']) retrieved from /home/airflow/.local/lib/python3.8/site-packages/airflow/example_dags/example_sensor_decorator.py
[2023-10-11T07:10:46.843+0000] {logging_mixin.py:151} INFO - [2023-10-11T07:10:46.843+0000] {dag.py:2915} INFO - Sync 1 DAGs
[2023-10-11T07:10:46.862+0000] {logging_mixin.py:151} INFO - [2023-10-11T07:10:46.862+0000] {dag.py:3696} INFO - Setting next_dagrun for example_sensor_decorator to None, run_after=None
[2023-10-11T07:10:46.886+0000] {processor.py:179} INFO - Processing /home/airflow/.local/lib/python3.8/site-packages/airflow/example_dags/example_sensor_decorator.py took 0.066 seconds
[2023-10-11T07:11:17.292+0000] {processor.py:157} INFO - Started process (PID=4879) to work on /home/airflow/.local/lib/python3.8/site-packages/airflow/example_dags/example_sensor_decorator.py
[2023-10-11T07:11:17.293+0000] {processor.py:829} INFO - Processing file /home/airflow/.local/lib/python3.8/site-packages/airflow/example_dags/example_sensor_decorator.py for tasks to queue
[2023-10-11T07:11:17.294+0000] {logging_mixin.py:151} INFO - [2023-10-11T07:11:17.293+0000] {dagbag.py:539} INFO - Filling up the DagBag from /home/airflow/.local/lib/python3.8/site-packages/airflow/example_dags/example_sensor_decorator.py
[2023-10-11T07:11:17.298+0000] {processor.py:839} INFO - DAG(s) dict_keys(['example_sensor_decorator']) retrieved from /home/airflow/.local/lib/python3.8/site-packages/airflow/example_dags/example_sensor_decorator.py
[2023-10-11T07:11:17.312+0000] {logging_mixin.py:151} INFO - [2023-10-11T07:11:17.312+0000] {dag.py:2915} INFO - Sync 1 DAGs
[2023-10-11T07:11:17.319+0000] {logging_mixin.py:151} INFO - [2023-10-11T07:11:17.319+0000] {dag.py:3696} INFO - Setting next_dagrun for example_sensor_decorator to None, run_after=None
[2023-10-11T07:11:17.329+0000] {processor.py:179} INFO - Processing /home/airflow/.local/lib/python3.8/site-packages/airflow/example_dags/example_sensor_decorator.py took 0.040 seconds
[2023-10-11T07:11:47.352+0000] {processor.py:157} INFO - Started process (PID=5120) to work on /home/airflow/.local/lib/python3.8/site-packages/airflow/example_dags/example_sensor_decorator.py
[2023-10-11T07:11:47.362+0000] {processor.py:829} INFO - Processing file /home/airflow/.local/lib/python3.8/site-packages/airflow/example_dags/example_sensor_decorator.py for tasks to queue
[2023-10-11T07:11:47.372+0000] {logging_mixin.py:151} INFO - [2023-10-11T07:11:47.372+0000] {dagbag.py:539} INFO - Filling up the DagBag from /home/airflow/.local/lib/python3.8/site-packages/airflow/example_dags/example_sensor_decorator.py
[2023-10-11T07:11:47.385+0000] {processor.py:839} INFO - DAG(s) dict_keys(['example_sensor_decorator']) retrieved from /home/airflow/.local/lib/python3.8/site-packages/airflow/example_dags/example_sensor_decorator.py
[2023-10-11T07:11:47.402+0000] {logging_mixin.py:151} INFO - [2023-10-11T07:11:47.401+0000] {dag.py:2915} INFO - Sync 1 DAGs
[2023-10-11T07:11:47.409+0000] {logging_mixin.py:151} INFO - [2023-10-11T07:11:47.409+0000] {dag.py:3696} INFO - Setting next_dagrun for example_sensor_decorator to None, run_after=None
[2023-10-11T07:11:47.424+0000] {processor.py:179} INFO - Processing /home/airflow/.local/lib/python3.8/site-packages/airflow/example_dags/example_sensor_decorator.py took 0.076 seconds
[2023-10-11T07:12:18.029+0000] {processor.py:157} INFO - Started process (PID=5363) to work on /home/airflow/.local/lib/python3.8/site-packages/airflow/example_dags/example_sensor_decorator.py
[2023-10-11T07:12:18.030+0000] {processor.py:829} INFO - Processing file /home/airflow/.local/lib/python3.8/site-packages/airflow/example_dags/example_sensor_decorator.py for tasks to queue
[2023-10-11T07:12:18.031+0000] {logging_mixin.py:151} INFO - [2023-10-11T07:12:18.031+0000] {dagbag.py:539} INFO - Filling up the DagBag from /home/airflow/.local/lib/python3.8/site-packages/airflow/example_dags/example_sensor_decorator.py
[2023-10-11T07:12:18.036+0000] {processor.py:839} INFO - DAG(s) dict_keys(['example_sensor_decorator']) retrieved from /home/airflow/.local/lib/python3.8/site-packages/airflow/example_dags/example_sensor_decorator.py
[2023-10-11T07:12:18.064+0000] {logging_mixin.py:151} INFO - [2023-10-11T07:12:18.064+0000] {dag.py:2915} INFO - Sync 1 DAGs
[2023-10-11T07:12:18.090+0000] {logging_mixin.py:151} INFO - [2023-10-11T07:12:18.089+0000] {dag.py:3696} INFO - Setting next_dagrun for example_sensor_decorator to None, run_after=None
[2023-10-11T07:12:18.103+0000] {processor.py:179} INFO - Processing /home/airflow/.local/lib/python3.8/site-packages/airflow/example_dags/example_sensor_decorator.py took 0.076 seconds
[2023-10-11T07:12:48.416+0000] {processor.py:157} INFO - Started process (PID=5606) to work on /home/airflow/.local/lib/python3.8/site-packages/airflow/example_dags/example_sensor_decorator.py
[2023-10-11T07:12:48.418+0000] {processor.py:829} INFO - Processing file /home/airflow/.local/lib/python3.8/site-packages/airflow/example_dags/example_sensor_decorator.py for tasks to queue
[2023-10-11T07:12:48.420+0000] {logging_mixin.py:151} INFO - [2023-10-11T07:12:48.419+0000] {dagbag.py:539} INFO - Filling up the DagBag from /home/airflow/.local/lib/python3.8/site-packages/airflow/example_dags/example_sensor_decorator.py
[2023-10-11T07:12:48.427+0000] {processor.py:839} INFO - DAG(s) dict_keys(['example_sensor_decorator']) retrieved from /home/airflow/.local/lib/python3.8/site-packages/airflow/example_dags/example_sensor_decorator.py
[2023-10-11T07:12:48.446+0000] {logging_mixin.py:151} INFO - [2023-10-11T07:12:48.446+0000] {dag.py:2915} INFO - Sync 1 DAGs
[2023-10-11T07:12:48.470+0000] {logging_mixin.py:151} INFO - [2023-10-11T07:12:48.470+0000] {dag.py:3696} INFO - Setting next_dagrun for example_sensor_decorator to None, run_after=None
[2023-10-11T07:12:48.510+0000] {processor.py:179} INFO - Processing /home/airflow/.local/lib/python3.8/site-packages/airflow/example_dags/example_sensor_decorator.py took 0.097 seconds
[2023-10-11T07:13:18.920+0000] {processor.py:157} INFO - Started process (PID=5849) to work on /home/airflow/.local/lib/python3.8/site-packages/airflow/example_dags/example_sensor_decorator.py
[2023-10-11T07:13:18.921+0000] {processor.py:829} INFO - Processing file /home/airflow/.local/lib/python3.8/site-packages/airflow/example_dags/example_sensor_decorator.py for tasks to queue
[2023-10-11T07:13:18.921+0000] {logging_mixin.py:151} INFO - [2023-10-11T07:13:18.921+0000] {dagbag.py:539} INFO - Filling up the DagBag from /home/airflow/.local/lib/python3.8/site-packages/airflow/example_dags/example_sensor_decorator.py
[2023-10-11T07:13:18.927+0000] {processor.py:839} INFO - DAG(s) dict_keys(['example_sensor_decorator']) retrieved from /home/airflow/.local/lib/python3.8/site-packages/airflow/example_dags/example_sensor_decorator.py
[2023-10-11T07:13:18.942+0000] {logging_mixin.py:151} INFO - [2023-10-11T07:13:18.941+0000] {dag.py:2915} INFO - Sync 1 DAGs
[2023-10-11T07:13:18.959+0000] {logging_mixin.py:151} INFO - [2023-10-11T07:13:18.958+0000] {dag.py:3696} INFO - Setting next_dagrun for example_sensor_decorator to None, run_after=None
[2023-10-11T07:13:18.994+0000] {processor.py:179} INFO - Processing /home/airflow/.local/lib/python3.8/site-packages/airflow/example_dags/example_sensor_decorator.py took 0.077 seconds
[2023-10-11T07:13:49.585+0000] {processor.py:157} INFO - Started process (PID=6094) to work on /home/airflow/.local/lib/python3.8/site-packages/airflow/example_dags/example_sensor_decorator.py
[2023-10-11T07:13:49.586+0000] {processor.py:829} INFO - Processing file /home/airflow/.local/lib/python3.8/site-packages/airflow/example_dags/example_sensor_decorator.py for tasks to queue
[2023-10-11T07:13:49.587+0000] {logging_mixin.py:151} INFO - [2023-10-11T07:13:49.586+0000] {dagbag.py:539} INFO - Filling up the DagBag from /home/airflow/.local/lib/python3.8/site-packages/airflow/example_dags/example_sensor_decorator.py
[2023-10-11T07:13:49.591+0000] {processor.py:839} INFO - DAG(s) dict_keys(['example_sensor_decorator']) retrieved from /home/airflow/.local/lib/python3.8/site-packages/airflow/example_dags/example_sensor_decorator.py
[2023-10-11T07:13:49.605+0000] {logging_mixin.py:151} INFO - [2023-10-11T07:13:49.605+0000] {dag.py:2915} INFO - Sync 1 DAGs
[2023-10-11T07:13:49.612+0000] {logging_mixin.py:151} INFO - [2023-10-11T07:13:49.612+0000] {dag.py:3696} INFO - Setting next_dagrun for example_sensor_decorator to None, run_after=None
[2023-10-11T07:13:49.622+0000] {processor.py:179} INFO - Processing /home/airflow/.local/lib/python3.8/site-packages/airflow/example_dags/example_sensor_decorator.py took 0.040 seconds
[2023-10-11T07:14:20.040+0000] {processor.py:157} INFO - Started process (PID=6335) to work on /home/airflow/.local/lib/python3.8/site-packages/airflow/example_dags/example_sensor_decorator.py
[2023-10-11T07:14:20.041+0000] {processor.py:829} INFO - Processing file /home/airflow/.local/lib/python3.8/site-packages/airflow/example_dags/example_sensor_decorator.py for tasks to queue
[2023-10-11T07:14:20.041+0000] {logging_mixin.py:151} INFO - [2023-10-11T07:14:20.041+0000] {dagbag.py:539} INFO - Filling up the DagBag from /home/airflow/.local/lib/python3.8/site-packages/airflow/example_dags/example_sensor_decorator.py
[2023-10-11T07:14:20.047+0000] {processor.py:839} INFO - DAG(s) dict_keys(['example_sensor_decorator']) retrieved from /home/airflow/.local/lib/python3.8/site-packages/airflow/example_dags/example_sensor_decorator.py
[2023-10-11T07:14:20.098+0000] {logging_mixin.py:151} INFO - [2023-10-11T07:14:20.098+0000] {dag.py:2915} INFO - Sync 1 DAGs
[2023-10-11T07:14:20.106+0000] {logging_mixin.py:151} INFO - [2023-10-11T07:14:20.106+0000] {dag.py:3696} INFO - Setting next_dagrun for example_sensor_decorator to None, run_after=None
[2023-10-11T07:14:20.118+0000] {processor.py:179} INFO - Processing /home/airflow/.local/lib/python3.8/site-packages/airflow/example_dags/example_sensor_decorator.py took 0.080 seconds
[2023-10-11T07:14:50.519+0000] {processor.py:157} INFO - Started process (PID=6580) to work on /home/airflow/.local/lib/python3.8/site-packages/airflow/example_dags/example_sensor_decorator.py
[2023-10-11T07:14:50.520+0000] {processor.py:829} INFO - Processing file /home/airflow/.local/lib/python3.8/site-packages/airflow/example_dags/example_sensor_decorator.py for tasks to queue
[2023-10-11T07:14:50.521+0000] {logging_mixin.py:151} INFO - [2023-10-11T07:14:50.520+0000] {dagbag.py:539} INFO - Filling up the DagBag from /home/airflow/.local/lib/python3.8/site-packages/airflow/example_dags/example_sensor_decorator.py
[2023-10-11T07:14:50.525+0000] {processor.py:839} INFO - DAG(s) dict_keys(['example_sensor_decorator']) retrieved from /home/airflow/.local/lib/python3.8/site-packages/airflow/example_dags/example_sensor_decorator.py
[2023-10-11T07:14:50.539+0000] {logging_mixin.py:151} INFO - [2023-10-11T07:14:50.539+0000] {dag.py:2915} INFO - Sync 1 DAGs
[2023-10-11T07:14:50.550+0000] {logging_mixin.py:151} INFO - [2023-10-11T07:14:50.550+0000] {dag.py:3696} INFO - Setting next_dagrun for example_sensor_decorator to None, run_after=None
[2023-10-11T07:14:50.577+0000] {processor.py:179} INFO - Processing /home/airflow/.local/lib/python3.8/site-packages/airflow/example_dags/example_sensor_decorator.py took 0.061 seconds
[2023-10-11T07:15:20.888+0000] {processor.py:157} INFO - Started process (PID=6821) to work on /home/airflow/.local/lib/python3.8/site-packages/airflow/example_dags/example_sensor_decorator.py
[2023-10-11T07:15:20.889+0000] {processor.py:829} INFO - Processing file /home/airflow/.local/lib/python3.8/site-packages/airflow/example_dags/example_sensor_decorator.py for tasks to queue
[2023-10-11T07:15:20.890+0000] {logging_mixin.py:151} INFO - [2023-10-11T07:15:20.890+0000] {dagbag.py:539} INFO - Filling up the DagBag from /home/airflow/.local/lib/python3.8/site-packages/airflow/example_dags/example_sensor_decorator.py
[2023-10-11T07:15:20.894+0000] {processor.py:839} INFO - DAG(s) dict_keys(['example_sensor_decorator']) retrieved from /home/airflow/.local/lib/python3.8/site-packages/airflow/example_dags/example_sensor_decorator.py
[2023-10-11T07:15:20.908+0000] {logging_mixin.py:151} INFO - [2023-10-11T07:15:20.908+0000] {dag.py:2915} INFO - Sync 1 DAGs
[2023-10-11T07:15:20.915+0000] {logging_mixin.py:151} INFO - [2023-10-11T07:15:20.915+0000] {dag.py:3696} INFO - Setting next_dagrun for example_sensor_decorator to None, run_after=None
[2023-10-11T07:15:20.927+0000] {processor.py:179} INFO - Processing /home/airflow/.local/lib/python3.8/site-packages/airflow/example_dags/example_sensor_decorator.py took 0.041 seconds
[2023-10-11T07:15:51.684+0000] {processor.py:157} INFO - Started process (PID=7064) to work on /home/airflow/.local/lib/python3.8/site-packages/airflow/example_dags/example_sensor_decorator.py
[2023-10-11T07:15:51.685+0000] {processor.py:829} INFO - Processing file /home/airflow/.local/lib/python3.8/site-packages/airflow/example_dags/example_sensor_decorator.py for tasks to queue
[2023-10-11T07:15:51.686+0000] {logging_mixin.py:151} INFO - [2023-10-11T07:15:51.686+0000] {dagbag.py:539} INFO - Filling up the DagBag from /home/airflow/.local/lib/python3.8/site-packages/airflow/example_dags/example_sensor_decorator.py
[2023-10-11T07:15:51.692+0000] {processor.py:839} INFO - DAG(s) dict_keys(['example_sensor_decorator']) retrieved from /home/airflow/.local/lib/python3.8/site-packages/airflow/example_dags/example_sensor_decorator.py
[2023-10-11T07:15:51.708+0000] {logging_mixin.py:151} INFO - [2023-10-11T07:15:51.708+0000] {dag.py:2915} INFO - Sync 1 DAGs
[2023-10-11T07:15:51.715+0000] {logging_mixin.py:151} INFO - [2023-10-11T07:15:51.715+0000] {dag.py:3696} INFO - Setting next_dagrun for example_sensor_decorator to None, run_after=None
[2023-10-11T07:15:51.726+0000] {processor.py:179} INFO - Processing /home/airflow/.local/lib/python3.8/site-packages/airflow/example_dags/example_sensor_decorator.py took 0.046 seconds
[2023-10-11T07:16:22.503+0000] {processor.py:157} INFO - Started process (PID=7307) to work on /home/airflow/.local/lib/python3.8/site-packages/airflow/example_dags/example_sensor_decorator.py
[2023-10-11T07:16:22.504+0000] {processor.py:829} INFO - Processing file /home/airflow/.local/lib/python3.8/site-packages/airflow/example_dags/example_sensor_decorator.py for tasks to queue
[2023-10-11T07:16:22.505+0000] {logging_mixin.py:151} INFO - [2023-10-11T07:16:22.505+0000] {dagbag.py:539} INFO - Filling up the DagBag from /home/airflow/.local/lib/python3.8/site-packages/airflow/example_dags/example_sensor_decorator.py
[2023-10-11T07:16:22.510+0000] {processor.py:839} INFO - DAG(s) dict_keys(['example_sensor_decorator']) retrieved from /home/airflow/.local/lib/python3.8/site-packages/airflow/example_dags/example_sensor_decorator.py
[2023-10-11T07:16:22.529+0000] {logging_mixin.py:151} INFO - [2023-10-11T07:16:22.529+0000] {dag.py:2915} INFO - Sync 1 DAGs
[2023-10-11T07:16:22.542+0000] {logging_mixin.py:151} INFO - [2023-10-11T07:16:22.542+0000] {dag.py:3696} INFO - Setting next_dagrun for example_sensor_decorator to None, run_after=None
[2023-10-11T07:16:22.594+0000] {processor.py:179} INFO - Processing /home/airflow/.local/lib/python3.8/site-packages/airflow/example_dags/example_sensor_decorator.py took 0.093 seconds
[2023-10-11T07:16:55.033+0000] {processor.py:157} INFO - Started process (PID=7555) to work on /home/airflow/.local/lib/python3.8/site-packages/airflow/example_dags/example_sensor_decorator.py
[2023-10-11T07:16:55.055+0000] {processor.py:829} INFO - Processing file /home/airflow/.local/lib/python3.8/site-packages/airflow/example_dags/example_sensor_decorator.py for tasks to queue
[2023-10-11T07:16:55.080+0000] {logging_mixin.py:151} INFO - [2023-10-11T07:16:55.067+0000] {dagbag.py:539} INFO - Filling up the DagBag from /home/airflow/.local/lib/python3.8/site-packages/airflow/example_dags/example_sensor_decorator.py
[2023-10-11T07:16:55.114+0000] {processor.py:839} INFO - DAG(s) dict_keys(['example_sensor_decorator']) retrieved from /home/airflow/.local/lib/python3.8/site-packages/airflow/example_dags/example_sensor_decorator.py
[2023-10-11T07:16:55.218+0000] {logging_mixin.py:151} INFO - [2023-10-11T07:16:55.218+0000] {dag.py:2915} INFO - Sync 1 DAGs
[2023-10-11T07:16:55.245+0000] {logging_mixin.py:151} INFO - [2023-10-11T07:16:55.244+0000] {dag.py:3696} INFO - Setting next_dagrun for example_sensor_decorator to None, run_after=None
[2023-10-11T07:16:55.321+0000] {processor.py:179} INFO - Processing /home/airflow/.local/lib/python3.8/site-packages/airflow/example_dags/example_sensor_decorator.py took 0.293 seconds
[2023-10-11T07:17:25.706+0000] {processor.py:157} INFO - Started process (PID=7795) to work on /home/airflow/.local/lib/python3.8/site-packages/airflow/example_dags/example_sensor_decorator.py
[2023-10-11T07:17:25.709+0000] {processor.py:829} INFO - Processing file /home/airflow/.local/lib/python3.8/site-packages/airflow/example_dags/example_sensor_decorator.py for tasks to queue
[2023-10-11T07:17:25.711+0000] {logging_mixin.py:151} INFO - [2023-10-11T07:17:25.710+0000] {dagbag.py:539} INFO - Filling up the DagBag from /home/airflow/.local/lib/python3.8/site-packages/airflow/example_dags/example_sensor_decorator.py
[2023-10-11T07:17:25.737+0000] {processor.py:839} INFO - DAG(s) dict_keys(['example_sensor_decorator']) retrieved from /home/airflow/.local/lib/python3.8/site-packages/airflow/example_dags/example_sensor_decorator.py
[2023-10-11T07:17:25.886+0000] {logging_mixin.py:151} INFO - [2023-10-11T07:17:25.885+0000] {dag.py:2915} INFO - Sync 1 DAGs
[2023-10-11T07:17:25.915+0000] {logging_mixin.py:151} INFO - [2023-10-11T07:17:25.915+0000] {dag.py:3696} INFO - Setting next_dagrun for example_sensor_decorator to None, run_after=None
[2023-10-11T07:17:25.998+0000] {processor.py:179} INFO - Processing /home/airflow/.local/lib/python3.8/site-packages/airflow/example_dags/example_sensor_decorator.py took 0.300 seconds
[2023-10-11T07:17:56.627+0000] {processor.py:157} INFO - Started process (PID=8036) to work on /home/airflow/.local/lib/python3.8/site-packages/airflow/example_dags/example_sensor_decorator.py
[2023-10-11T07:17:56.630+0000] {processor.py:829} INFO - Processing file /home/airflow/.local/lib/python3.8/site-packages/airflow/example_dags/example_sensor_decorator.py for tasks to queue
[2023-10-11T07:17:56.631+0000] {logging_mixin.py:151} INFO - [2023-10-11T07:17:56.631+0000] {dagbag.py:539} INFO - Filling up the DagBag from /home/airflow/.local/lib/python3.8/site-packages/airflow/example_dags/example_sensor_decorator.py
[2023-10-11T07:17:56.641+0000] {processor.py:839} INFO - DAG(s) dict_keys(['example_sensor_decorator']) retrieved from /home/airflow/.local/lib/python3.8/site-packages/airflow/example_dags/example_sensor_decorator.py
[2023-10-11T07:17:56.700+0000] {logging_mixin.py:151} INFO - [2023-10-11T07:17:56.700+0000] {dag.py:2915} INFO - Sync 1 DAGs
[2023-10-11T07:17:56.728+0000] {logging_mixin.py:151} INFO - [2023-10-11T07:17:56.728+0000] {dag.py:3696} INFO - Setting next_dagrun for example_sensor_decorator to None, run_after=None
[2023-10-11T07:17:56.793+0000] {processor.py:179} INFO - Processing /home/airflow/.local/lib/python3.8/site-packages/airflow/example_dags/example_sensor_decorator.py took 0.171 seconds
[2023-10-11T07:18:27.252+0000] {processor.py:157} INFO - Started process (PID=8279) to work on /home/airflow/.local/lib/python3.8/site-packages/airflow/example_dags/example_sensor_decorator.py
[2023-10-11T07:18:27.254+0000] {processor.py:829} INFO - Processing file /home/airflow/.local/lib/python3.8/site-packages/airflow/example_dags/example_sensor_decorator.py for tasks to queue
[2023-10-11T07:18:27.256+0000] {logging_mixin.py:151} INFO - [2023-10-11T07:18:27.255+0000] {dagbag.py:539} INFO - Filling up the DagBag from /home/airflow/.local/lib/python3.8/site-packages/airflow/example_dags/example_sensor_decorator.py
[2023-10-11T07:18:27.276+0000] {processor.py:839} INFO - DAG(s) dict_keys(['example_sensor_decorator']) retrieved from /home/airflow/.local/lib/python3.8/site-packages/airflow/example_dags/example_sensor_decorator.py
[2023-10-11T07:18:27.306+0000] {logging_mixin.py:151} INFO - [2023-10-11T07:18:27.306+0000] {dag.py:2915} INFO - Sync 1 DAGs
[2023-10-11T07:18:27.337+0000] {logging_mixin.py:151} INFO - [2023-10-11T07:18:27.337+0000] {dag.py:3696} INFO - Setting next_dagrun for example_sensor_decorator to None, run_after=None
[2023-10-11T07:18:27.382+0000] {processor.py:179} INFO - Processing /home/airflow/.local/lib/python3.8/site-packages/airflow/example_dags/example_sensor_decorator.py took 0.142 seconds
[2023-10-11T07:18:57.609+0000] {processor.py:157} INFO - Started process (PID=8524) to work on /home/airflow/.local/lib/python3.8/site-packages/airflow/example_dags/example_sensor_decorator.py
[2023-10-11T07:18:57.610+0000] {processor.py:829} INFO - Processing file /home/airflow/.local/lib/python3.8/site-packages/airflow/example_dags/example_sensor_decorator.py for tasks to queue
[2023-10-11T07:18:57.611+0000] {logging_mixin.py:151} INFO - [2023-10-11T07:18:57.611+0000] {dagbag.py:539} INFO - Filling up the DagBag from /home/airflow/.local/lib/python3.8/site-packages/airflow/example_dags/example_sensor_decorator.py
[2023-10-11T07:18:57.615+0000] {processor.py:839} INFO - DAG(s) dict_keys(['example_sensor_decorator']) retrieved from /home/airflow/.local/lib/python3.8/site-packages/airflow/example_dags/example_sensor_decorator.py
[2023-10-11T07:18:57.630+0000] {logging_mixin.py:151} INFO - [2023-10-11T07:18:57.630+0000] {dag.py:2915} INFO - Sync 1 DAGs
[2023-10-11T07:18:57.637+0000] {logging_mixin.py:151} INFO - [2023-10-11T07:18:57.637+0000] {dag.py:3696} INFO - Setting next_dagrun for example_sensor_decorator to None, run_after=None
[2023-10-11T07:18:57.672+0000] {processor.py:179} INFO - Processing /home/airflow/.local/lib/python3.8/site-packages/airflow/example_dags/example_sensor_decorator.py took 0.065 seconds
[2023-10-11T07:19:27.878+0000] {processor.py:157} INFO - Started process (PID=8767) to work on /home/airflow/.local/lib/python3.8/site-packages/airflow/example_dags/example_sensor_decorator.py
[2023-10-11T07:19:27.879+0000] {processor.py:829} INFO - Processing file /home/airflow/.local/lib/python3.8/site-packages/airflow/example_dags/example_sensor_decorator.py for tasks to queue
[2023-10-11T07:19:27.880+0000] {logging_mixin.py:151} INFO - [2023-10-11T07:19:27.880+0000] {dagbag.py:539} INFO - Filling up the DagBag from /home/airflow/.local/lib/python3.8/site-packages/airflow/example_dags/example_sensor_decorator.py
[2023-10-11T07:19:27.887+0000] {processor.py:839} INFO - DAG(s) dict_keys(['example_sensor_decorator']) retrieved from /home/airflow/.local/lib/python3.8/site-packages/airflow/example_dags/example_sensor_decorator.py
[2023-10-11T07:19:27.907+0000] {logging_mixin.py:151} INFO - [2023-10-11T07:19:27.907+0000] {dag.py:2915} INFO - Sync 1 DAGs
[2023-10-11T07:19:27.917+0000] {logging_mixin.py:151} INFO - [2023-10-11T07:19:27.917+0000] {dag.py:3696} INFO - Setting next_dagrun for example_sensor_decorator to None, run_after=None
[2023-10-11T07:19:27.931+0000] {processor.py:179} INFO - Processing /home/airflow/.local/lib/python3.8/site-packages/airflow/example_dags/example_sensor_decorator.py took 0.057 seconds
[2023-10-11T07:19:58.727+0000] {processor.py:157} INFO - Started process (PID=9008) to work on /home/airflow/.local/lib/python3.8/site-packages/airflow/example_dags/example_sensor_decorator.py
[2023-10-11T07:19:58.729+0000] {processor.py:829} INFO - Processing file /home/airflow/.local/lib/python3.8/site-packages/airflow/example_dags/example_sensor_decorator.py for tasks to queue
[2023-10-11T07:19:58.730+0000] {logging_mixin.py:151} INFO - [2023-10-11T07:19:58.730+0000] {dagbag.py:539} INFO - Filling up the DagBag from /home/airflow/.local/lib/python3.8/site-packages/airflow/example_dags/example_sensor_decorator.py
[2023-10-11T07:19:58.737+0000] {processor.py:839} INFO - DAG(s) dict_keys(['example_sensor_decorator']) retrieved from /home/airflow/.local/lib/python3.8/site-packages/airflow/example_dags/example_sensor_decorator.py
[2023-10-11T07:19:58.802+0000] {logging_mixin.py:151} INFO - [2023-10-11T07:19:58.801+0000] {dag.py:2915} INFO - Sync 1 DAGs
[2023-10-11T07:19:58.819+0000] {logging_mixin.py:151} INFO - [2023-10-11T07:19:58.819+0000] {dag.py:3696} INFO - Setting next_dagrun for example_sensor_decorator to None, run_after=None
[2023-10-11T07:19:58.853+0000] {processor.py:179} INFO - Processing /home/airflow/.local/lib/python3.8/site-packages/airflow/example_dags/example_sensor_decorator.py took 0.130 seconds
[2023-10-11T07:20:29.035+0000] {processor.py:157} INFO - Started process (PID=9251) to work on /home/airflow/.local/lib/python3.8/site-packages/airflow/example_dags/example_sensor_decorator.py
[2023-10-11T07:20:29.037+0000] {processor.py:829} INFO - Processing file /home/airflow/.local/lib/python3.8/site-packages/airflow/example_dags/example_sensor_decorator.py for tasks to queue
[2023-10-11T07:20:29.044+0000] {logging_mixin.py:151} INFO - [2023-10-11T07:20:29.040+0000] {dagbag.py:539} INFO - Filling up the DagBag from /home/airflow/.local/lib/python3.8/site-packages/airflow/example_dags/example_sensor_decorator.py
[2023-10-11T07:20:29.066+0000] {processor.py:839} INFO - DAG(s) dict_keys(['example_sensor_decorator']) retrieved from /home/airflow/.local/lib/python3.8/site-packages/airflow/example_dags/example_sensor_decorator.py
[2023-10-11T07:20:29.104+0000] {logging_mixin.py:151} INFO - [2023-10-11T07:20:29.104+0000] {dag.py:2915} INFO - Sync 1 DAGs
[2023-10-11T07:20:29.119+0000] {logging_mixin.py:151} INFO - [2023-10-11T07:20:29.119+0000] {dag.py:3696} INFO - Setting next_dagrun for example_sensor_decorator to None, run_after=None
[2023-10-11T07:20:29.143+0000] {processor.py:179} INFO - Processing /home/airflow/.local/lib/python3.8/site-packages/airflow/example_dags/example_sensor_decorator.py took 0.111 seconds
[2023-10-11T07:21:00.044+0000] {processor.py:157} INFO - Started process (PID=9496) to work on /home/airflow/.local/lib/python3.8/site-packages/airflow/example_dags/example_sensor_decorator.py
[2023-10-11T07:21:00.046+0000] {processor.py:829} INFO - Processing file /home/airflow/.local/lib/python3.8/site-packages/airflow/example_dags/example_sensor_decorator.py for tasks to queue
[2023-10-11T07:21:00.048+0000] {logging_mixin.py:151} INFO - [2023-10-11T07:21:00.048+0000] {dagbag.py:539} INFO - Filling up the DagBag from /home/airflow/.local/lib/python3.8/site-packages/airflow/example_dags/example_sensor_decorator.py
[2023-10-11T07:21:00.060+0000] {processor.py:839} INFO - DAG(s) dict_keys(['example_sensor_decorator']) retrieved from /home/airflow/.local/lib/python3.8/site-packages/airflow/example_dags/example_sensor_decorator.py
[2023-10-11T07:21:00.096+0000] {logging_mixin.py:151} INFO - [2023-10-11T07:21:00.096+0000] {dag.py:2915} INFO - Sync 1 DAGs
[2023-10-11T07:21:00.112+0000] {logging_mixin.py:151} INFO - [2023-10-11T07:21:00.112+0000] {dag.py:3696} INFO - Setting next_dagrun for example_sensor_decorator to None, run_after=None
[2023-10-11T07:21:00.136+0000] {processor.py:179} INFO - Processing /home/airflow/.local/lib/python3.8/site-packages/airflow/example_dags/example_sensor_decorator.py took 0.099 seconds
[2023-10-11T07:21:30.415+0000] {processor.py:157} INFO - Started process (PID=9739) to work on /home/airflow/.local/lib/python3.8/site-packages/airflow/example_dags/example_sensor_decorator.py
[2023-10-11T07:21:30.416+0000] {processor.py:829} INFO - Processing file /home/airflow/.local/lib/python3.8/site-packages/airflow/example_dags/example_sensor_decorator.py for tasks to queue
[2023-10-11T07:21:30.416+0000] {logging_mixin.py:151} INFO - [2023-10-11T07:21:30.416+0000] {dagbag.py:539} INFO - Filling up the DagBag from /home/airflow/.local/lib/python3.8/site-packages/airflow/example_dags/example_sensor_decorator.py
[2023-10-11T07:21:30.420+0000] {processor.py:839} INFO - DAG(s) dict_keys(['example_sensor_decorator']) retrieved from /home/airflow/.local/lib/python3.8/site-packages/airflow/example_dags/example_sensor_decorator.py
[2023-10-11T07:21:30.435+0000] {logging_mixin.py:151} INFO - [2023-10-11T07:21:30.435+0000] {dag.py:2915} INFO - Sync 1 DAGs
[2023-10-11T07:21:30.443+0000] {logging_mixin.py:151} INFO - [2023-10-11T07:21:30.443+0000] {dag.py:3696} INFO - Setting next_dagrun for example_sensor_decorator to None, run_after=None
[2023-10-11T07:21:30.453+0000] {processor.py:179} INFO - Processing /home/airflow/.local/lib/python3.8/site-packages/airflow/example_dags/example_sensor_decorator.py took 0.041 seconds
[2023-10-11T07:22:01.488+0000] {processor.py:157} INFO - Started process (PID=9982) to work on /home/airflow/.local/lib/python3.8/site-packages/airflow/example_dags/example_sensor_decorator.py
[2023-10-11T07:22:01.490+0000] {processor.py:829} INFO - Processing file /home/airflow/.local/lib/python3.8/site-packages/airflow/example_dags/example_sensor_decorator.py for tasks to queue
[2023-10-11T07:22:01.492+0000] {logging_mixin.py:151} INFO - [2023-10-11T07:22:01.491+0000] {dagbag.py:539} INFO - Filling up the DagBag from /home/airflow/.local/lib/python3.8/site-packages/airflow/example_dags/example_sensor_decorator.py
[2023-10-11T07:22:01.511+0000] {processor.py:839} INFO - DAG(s) dict_keys(['example_sensor_decorator']) retrieved from /home/airflow/.local/lib/python3.8/site-packages/airflow/example_dags/example_sensor_decorator.py
[2023-10-11T07:22:01.554+0000] {logging_mixin.py:151} INFO - [2023-10-11T07:22:01.553+0000] {dag.py:2915} INFO - Sync 1 DAGs
[2023-10-11T07:22:01.572+0000] {logging_mixin.py:151} INFO - [2023-10-11T07:22:01.572+0000] {dag.py:3696} INFO - Setting next_dagrun for example_sensor_decorator to None, run_after=None
[2023-10-11T07:22:01.592+0000] {processor.py:179} INFO - Processing /home/airflow/.local/lib/python3.8/site-packages/airflow/example_dags/example_sensor_decorator.py took 0.111 seconds
[2023-10-11T07:22:32.315+0000] {processor.py:157} INFO - Started process (PID=10225) to work on /home/airflow/.local/lib/python3.8/site-packages/airflow/example_dags/example_sensor_decorator.py
[2023-10-11T07:22:32.316+0000] {processor.py:829} INFO - Processing file /home/airflow/.local/lib/python3.8/site-packages/airflow/example_dags/example_sensor_decorator.py for tasks to queue
[2023-10-11T07:22:32.316+0000] {logging_mixin.py:151} INFO - [2023-10-11T07:22:32.316+0000] {dagbag.py:539} INFO - Filling up the DagBag from /home/airflow/.local/lib/python3.8/site-packages/airflow/example_dags/example_sensor_decorator.py
[2023-10-11T07:22:32.321+0000] {processor.py:839} INFO - DAG(s) dict_keys(['example_sensor_decorator']) retrieved from /home/airflow/.local/lib/python3.8/site-packages/airflow/example_dags/example_sensor_decorator.py
[2023-10-11T07:22:32.335+0000] {logging_mixin.py:151} INFO - [2023-10-11T07:22:32.335+0000] {dag.py:2915} INFO - Sync 1 DAGs
[2023-10-11T07:22:32.343+0000] {logging_mixin.py:151} INFO - [2023-10-11T07:22:32.343+0000] {dag.py:3696} INFO - Setting next_dagrun for example_sensor_decorator to None, run_after=None
[2023-10-11T07:22:32.377+0000] {processor.py:179} INFO - Processing /home/airflow/.local/lib/python3.8/site-packages/airflow/example_dags/example_sensor_decorator.py took 0.065 seconds
[2023-10-11T07:23:02.679+0000] {processor.py:157} INFO - Started process (PID=10468) to work on /home/airflow/.local/lib/python3.8/site-packages/airflow/example_dags/example_sensor_decorator.py
[2023-10-11T07:23:02.680+0000] {processor.py:829} INFO - Processing file /home/airflow/.local/lib/python3.8/site-packages/airflow/example_dags/example_sensor_decorator.py for tasks to queue
[2023-10-11T07:23:02.681+0000] {logging_mixin.py:151} INFO - [2023-10-11T07:23:02.681+0000] {dagbag.py:539} INFO - Filling up the DagBag from /home/airflow/.local/lib/python3.8/site-packages/airflow/example_dags/example_sensor_decorator.py
[2023-10-11T07:23:02.686+0000] {processor.py:839} INFO - DAG(s) dict_keys(['example_sensor_decorator']) retrieved from /home/airflow/.local/lib/python3.8/site-packages/airflow/example_dags/example_sensor_decorator.py
[2023-10-11T07:23:02.702+0000] {logging_mixin.py:151} INFO - [2023-10-11T07:23:02.702+0000] {dag.py:2915} INFO - Sync 1 DAGs
[2023-10-11T07:23:02.712+0000] {logging_mixin.py:151} INFO - [2023-10-11T07:23:02.711+0000] {dag.py:3696} INFO - Setting next_dagrun for example_sensor_decorator to None, run_after=None
[2023-10-11T07:23:02.724+0000] {processor.py:179} INFO - Processing /home/airflow/.local/lib/python3.8/site-packages/airflow/example_dags/example_sensor_decorator.py took 0.047 seconds
[2023-10-11T07:23:32.783+0000] {processor.py:157} INFO - Started process (PID=10711) to work on /home/airflow/.local/lib/python3.8/site-packages/airflow/example_dags/example_sensor_decorator.py
[2023-10-11T07:23:32.784+0000] {processor.py:829} INFO - Processing file /home/airflow/.local/lib/python3.8/site-packages/airflow/example_dags/example_sensor_decorator.py for tasks to queue
[2023-10-11T07:23:32.785+0000] {logging_mixin.py:151} INFO - [2023-10-11T07:23:32.785+0000] {dagbag.py:539} INFO - Filling up the DagBag from /home/airflow/.local/lib/python3.8/site-packages/airflow/example_dags/example_sensor_decorator.py
[2023-10-11T07:23:32.790+0000] {processor.py:839} INFO - DAG(s) dict_keys(['example_sensor_decorator']) retrieved from /home/airflow/.local/lib/python3.8/site-packages/airflow/example_dags/example_sensor_decorator.py
[2023-10-11T07:23:32.805+0000] {logging_mixin.py:151} INFO - [2023-10-11T07:23:32.804+0000] {dag.py:2915} INFO - Sync 1 DAGs
[2023-10-11T07:23:32.813+0000] {logging_mixin.py:151} INFO - [2023-10-11T07:23:32.813+0000] {dag.py:3696} INFO - Setting next_dagrun for example_sensor_decorator to None, run_after=None
[2023-10-11T07:23:32.826+0000] {processor.py:179} INFO - Processing /home/airflow/.local/lib/python3.8/site-packages/airflow/example_dags/example_sensor_decorator.py took 0.045 seconds
[2023-10-11T07:24:02.911+0000] {processor.py:157} INFO - Started process (PID=10952) to work on /home/airflow/.local/lib/python3.8/site-packages/airflow/example_dags/example_sensor_decorator.py
[2023-10-11T07:24:02.912+0000] {processor.py:829} INFO - Processing file /home/airflow/.local/lib/python3.8/site-packages/airflow/example_dags/example_sensor_decorator.py for tasks to queue
[2023-10-11T07:24:02.912+0000] {logging_mixin.py:151} INFO - [2023-10-11T07:24:02.912+0000] {dagbag.py:539} INFO - Filling up the DagBag from /home/airflow/.local/lib/python3.8/site-packages/airflow/example_dags/example_sensor_decorator.py
[2023-10-11T07:24:02.917+0000] {processor.py:839} INFO - DAG(s) dict_keys(['example_sensor_decorator']) retrieved from /home/airflow/.local/lib/python3.8/site-packages/airflow/example_dags/example_sensor_decorator.py
[2023-10-11T07:24:02.931+0000] {logging_mixin.py:151} INFO - [2023-10-11T07:24:02.931+0000] {dag.py:2915} INFO - Sync 1 DAGs
[2023-10-11T07:24:02.938+0000] {logging_mixin.py:151} INFO - [2023-10-11T07:24:02.938+0000] {dag.py:3696} INFO - Setting next_dagrun for example_sensor_decorator to None, run_after=None
[2023-10-11T07:24:02.953+0000] {processor.py:179} INFO - Processing /home/airflow/.local/lib/python3.8/site-packages/airflow/example_dags/example_sensor_decorator.py took 0.045 seconds
[2023-10-11T07:24:33.441+0000] {processor.py:157} INFO - Started process (PID=11197) to work on /home/airflow/.local/lib/python3.8/site-packages/airflow/example_dags/example_sensor_decorator.py
[2023-10-11T07:24:33.442+0000] {processor.py:829} INFO - Processing file /home/airflow/.local/lib/python3.8/site-packages/airflow/example_dags/example_sensor_decorator.py for tasks to queue
[2023-10-11T07:24:33.443+0000] {logging_mixin.py:151} INFO - [2023-10-11T07:24:33.443+0000] {dagbag.py:539} INFO - Filling up the DagBag from /home/airflow/.local/lib/python3.8/site-packages/airflow/example_dags/example_sensor_decorator.py
[2023-10-11T07:24:33.472+0000] {processor.py:839} INFO - DAG(s) dict_keys(['example_sensor_decorator']) retrieved from /home/airflow/.local/lib/python3.8/site-packages/airflow/example_dags/example_sensor_decorator.py
[2023-10-11T07:24:33.507+0000] {logging_mixin.py:151} INFO - [2023-10-11T07:24:33.507+0000] {dag.py:2915} INFO - Sync 1 DAGs
[2023-10-11T07:24:33.524+0000] {logging_mixin.py:151} INFO - [2023-10-11T07:24:33.523+0000] {dag.py:3696} INFO - Setting next_dagrun for example_sensor_decorator to None, run_after=None
[2023-10-11T07:24:33.540+0000] {processor.py:179} INFO - Processing /home/airflow/.local/lib/python3.8/site-packages/airflow/example_dags/example_sensor_decorator.py took 0.104 seconds
[2023-10-11T07:25:04.589+0000] {processor.py:157} INFO - Started process (PID=11440) to work on /home/airflow/.local/lib/python3.8/site-packages/airflow/example_dags/example_sensor_decorator.py
[2023-10-11T07:25:04.591+0000] {processor.py:829} INFO - Processing file /home/airflow/.local/lib/python3.8/site-packages/airflow/example_dags/example_sensor_decorator.py for tasks to queue
[2023-10-11T07:25:04.591+0000] {logging_mixin.py:151} INFO - [2023-10-11T07:25:04.591+0000] {dagbag.py:539} INFO - Filling up the DagBag from /home/airflow/.local/lib/python3.8/site-packages/airflow/example_dags/example_sensor_decorator.py
[2023-10-11T07:25:04.598+0000] {processor.py:839} INFO - DAG(s) dict_keys(['example_sensor_decorator']) retrieved from /home/airflow/.local/lib/python3.8/site-packages/airflow/example_dags/example_sensor_decorator.py
[2023-10-11T07:25:04.619+0000] {logging_mixin.py:151} INFO - [2023-10-11T07:25:04.619+0000] {dag.py:2915} INFO - Sync 1 DAGs
[2023-10-11T07:25:04.627+0000] {logging_mixin.py:151} INFO - [2023-10-11T07:25:04.627+0000] {dag.py:3696} INFO - Setting next_dagrun for example_sensor_decorator to None, run_after=None
[2023-10-11T07:25:04.642+0000] {processor.py:179} INFO - Processing /home/airflow/.local/lib/python3.8/site-packages/airflow/example_dags/example_sensor_decorator.py took 0.057 seconds
[2023-10-11T07:25:34.835+0000] {processor.py:157} INFO - Started process (PID=11683) to work on /home/airflow/.local/lib/python3.8/site-packages/airflow/example_dags/example_sensor_decorator.py
[2023-10-11T07:25:34.837+0000] {processor.py:829} INFO - Processing file /home/airflow/.local/lib/python3.8/site-packages/airflow/example_dags/example_sensor_decorator.py for tasks to queue
[2023-10-11T07:25:34.838+0000] {logging_mixin.py:151} INFO - [2023-10-11T07:25:34.837+0000] {dagbag.py:539} INFO - Filling up the DagBag from /home/airflow/.local/lib/python3.8/site-packages/airflow/example_dags/example_sensor_decorator.py
[2023-10-11T07:25:34.857+0000] {processor.py:839} INFO - DAG(s) dict_keys(['example_sensor_decorator']) retrieved from /home/airflow/.local/lib/python3.8/site-packages/airflow/example_dags/example_sensor_decorator.py
[2023-10-11T07:25:34.906+0000] {logging_mixin.py:151} INFO - [2023-10-11T07:25:34.905+0000] {dag.py:2915} INFO - Sync 1 DAGs
[2023-10-11T07:25:34.925+0000] {logging_mixin.py:151} INFO - [2023-10-11T07:25:34.925+0000] {dag.py:3696} INFO - Setting next_dagrun for example_sensor_decorator to None, run_after=None
[2023-10-11T07:25:34.947+0000] {processor.py:179} INFO - Processing /home/airflow/.local/lib/python3.8/site-packages/airflow/example_dags/example_sensor_decorator.py took 0.115 seconds
[2023-10-11T07:26:05.137+0000] {processor.py:157} INFO - Started process (PID=11926) to work on /home/airflow/.local/lib/python3.8/site-packages/airflow/example_dags/example_sensor_decorator.py
[2023-10-11T07:26:05.139+0000] {processor.py:829} INFO - Processing file /home/airflow/.local/lib/python3.8/site-packages/airflow/example_dags/example_sensor_decorator.py for tasks to queue
[2023-10-11T07:26:05.141+0000] {logging_mixin.py:151} INFO - [2023-10-11T07:26:05.140+0000] {dagbag.py:539} INFO - Filling up the DagBag from /home/airflow/.local/lib/python3.8/site-packages/airflow/example_dags/example_sensor_decorator.py
[2023-10-11T07:26:05.162+0000] {processor.py:839} INFO - DAG(s) dict_keys(['example_sensor_decorator']) retrieved from /home/airflow/.local/lib/python3.8/site-packages/airflow/example_dags/example_sensor_decorator.py
[2023-10-11T07:26:05.195+0000] {logging_mixin.py:151} INFO - [2023-10-11T07:26:05.195+0000] {dag.py:2915} INFO - Sync 1 DAGs
[2023-10-11T07:26:05.210+0000] {logging_mixin.py:151} INFO - [2023-10-11T07:26:05.209+0000] {dag.py:3696} INFO - Setting next_dagrun for example_sensor_decorator to None, run_after=None
[2023-10-11T07:26:05.227+0000] {processor.py:179} INFO - Processing /home/airflow/.local/lib/python3.8/site-packages/airflow/example_dags/example_sensor_decorator.py took 0.094 seconds
[2023-10-11T07:26:36.150+0000] {processor.py:157} INFO - Started process (PID=12169) to work on /home/airflow/.local/lib/python3.8/site-packages/airflow/example_dags/example_sensor_decorator.py
[2023-10-11T07:26:36.154+0000] {processor.py:829} INFO - Processing file /home/airflow/.local/lib/python3.8/site-packages/airflow/example_dags/example_sensor_decorator.py for tasks to queue
[2023-10-11T07:26:36.170+0000] {logging_mixin.py:151} INFO - [2023-10-11T07:26:36.169+0000] {dagbag.py:539} INFO - Filling up the DagBag from /home/airflow/.local/lib/python3.8/site-packages/airflow/example_dags/example_sensor_decorator.py
[2023-10-11T07:26:36.184+0000] {processor.py:839} INFO - DAG(s) dict_keys(['example_sensor_decorator']) retrieved from /home/airflow/.local/lib/python3.8/site-packages/airflow/example_dags/example_sensor_decorator.py
[2023-10-11T07:26:36.220+0000] {logging_mixin.py:151} INFO - [2023-10-11T07:26:36.220+0000] {dag.py:2915} INFO - Sync 1 DAGs
[2023-10-11T07:26:36.233+0000] {logging_mixin.py:151} INFO - [2023-10-11T07:26:36.233+0000] {dag.py:3696} INFO - Setting next_dagrun for example_sensor_decorator to None, run_after=None
[2023-10-11T07:26:36.259+0000] {processor.py:179} INFO - Processing /home/airflow/.local/lib/python3.8/site-packages/airflow/example_dags/example_sensor_decorator.py took 0.119 seconds
[2023-10-11T07:27:06.710+0000] {processor.py:157} INFO - Started process (PID=12412) to work on /home/airflow/.local/lib/python3.8/site-packages/airflow/example_dags/example_sensor_decorator.py
[2023-10-11T07:27:06.711+0000] {processor.py:829} INFO - Processing file /home/airflow/.local/lib/python3.8/site-packages/airflow/example_dags/example_sensor_decorator.py for tasks to queue
[2023-10-11T07:27:06.712+0000] {logging_mixin.py:151} INFO - [2023-10-11T07:27:06.712+0000] {dagbag.py:539} INFO - Filling up the DagBag from /home/airflow/.local/lib/python3.8/site-packages/airflow/example_dags/example_sensor_decorator.py
[2023-10-11T07:27:06.718+0000] {processor.py:839} INFO - DAG(s) dict_keys(['example_sensor_decorator']) retrieved from /home/airflow/.local/lib/python3.8/site-packages/airflow/example_dags/example_sensor_decorator.py
[2023-10-11T07:27:06.737+0000] {logging_mixin.py:151} INFO - [2023-10-11T07:27:06.737+0000] {dag.py:2915} INFO - Sync 1 DAGs
[2023-10-11T07:27:06.749+0000] {logging_mixin.py:151} INFO - [2023-10-11T07:27:06.749+0000] {dag.py:3696} INFO - Setting next_dagrun for example_sensor_decorator to None, run_after=None
[2023-10-11T07:27:06.778+0000] {processor.py:179} INFO - Processing /home/airflow/.local/lib/python3.8/site-packages/airflow/example_dags/example_sensor_decorator.py took 0.072 seconds
[2023-10-11T07:27:37.300+0000] {processor.py:157} INFO - Started process (PID=12655) to work on /home/airflow/.local/lib/python3.8/site-packages/airflow/example_dags/example_sensor_decorator.py
[2023-10-11T07:27:37.301+0000] {processor.py:829} INFO - Processing file /home/airflow/.local/lib/python3.8/site-packages/airflow/example_dags/example_sensor_decorator.py for tasks to queue
[2023-10-11T07:27:37.301+0000] {logging_mixin.py:151} INFO - [2023-10-11T07:27:37.301+0000] {dagbag.py:539} INFO - Filling up the DagBag from /home/airflow/.local/lib/python3.8/site-packages/airflow/example_dags/example_sensor_decorator.py
[2023-10-11T07:27:37.306+0000] {processor.py:839} INFO - DAG(s) dict_keys(['example_sensor_decorator']) retrieved from /home/airflow/.local/lib/python3.8/site-packages/airflow/example_dags/example_sensor_decorator.py
[2023-10-11T07:27:37.320+0000] {logging_mixin.py:151} INFO - [2023-10-11T07:27:37.320+0000] {dag.py:2915} INFO - Sync 1 DAGs
[2023-10-11T07:27:37.327+0000] {logging_mixin.py:151} INFO - [2023-10-11T07:27:37.327+0000] {dag.py:3696} INFO - Setting next_dagrun for example_sensor_decorator to None, run_after=None
[2023-10-11T07:27:37.337+0000] {processor.py:179} INFO - Processing /home/airflow/.local/lib/python3.8/site-packages/airflow/example_dags/example_sensor_decorator.py took 0.039 seconds
[2023-10-11T07:28:07.435+0000] {processor.py:157} INFO - Started process (PID=12898) to work on /home/airflow/.local/lib/python3.8/site-packages/airflow/example_dags/example_sensor_decorator.py
[2023-10-11T07:28:07.436+0000] {processor.py:829} INFO - Processing file /home/airflow/.local/lib/python3.8/site-packages/airflow/example_dags/example_sensor_decorator.py for tasks to queue
[2023-10-11T07:28:07.437+0000] {logging_mixin.py:151} INFO - [2023-10-11T07:28:07.436+0000] {dagbag.py:539} INFO - Filling up the DagBag from /home/airflow/.local/lib/python3.8/site-packages/airflow/example_dags/example_sensor_decorator.py
[2023-10-11T07:28:07.444+0000] {processor.py:839} INFO - DAG(s) dict_keys(['example_sensor_decorator']) retrieved from /home/airflow/.local/lib/python3.8/site-packages/airflow/example_dags/example_sensor_decorator.py
[2023-10-11T07:28:07.480+0000] {logging_mixin.py:151} INFO - [2023-10-11T07:28:07.480+0000] {dag.py:2915} INFO - Sync 1 DAGs
[2023-10-11T07:28:07.488+0000] {logging_mixin.py:151} INFO - [2023-10-11T07:28:07.488+0000] {dag.py:3696} INFO - Setting next_dagrun for example_sensor_decorator to None, run_after=None
[2023-10-11T07:28:07.498+0000] {processor.py:179} INFO - Processing /home/airflow/.local/lib/python3.8/site-packages/airflow/example_dags/example_sensor_decorator.py took 0.065 seconds
[2023-10-11T07:28:37.835+0000] {processor.py:157} INFO - Started process (PID=13141) to work on /home/airflow/.local/lib/python3.8/site-packages/airflow/example_dags/example_sensor_decorator.py
[2023-10-11T07:28:37.836+0000] {processor.py:829} INFO - Processing file /home/airflow/.local/lib/python3.8/site-packages/airflow/example_dags/example_sensor_decorator.py for tasks to queue
[2023-10-11T07:28:37.836+0000] {logging_mixin.py:151} INFO - [2023-10-11T07:28:37.836+0000] {dagbag.py:539} INFO - Filling up the DagBag from /home/airflow/.local/lib/python3.8/site-packages/airflow/example_dags/example_sensor_decorator.py
[2023-10-11T07:28:37.841+0000] {processor.py:839} INFO - DAG(s) dict_keys(['example_sensor_decorator']) retrieved from /home/airflow/.local/lib/python3.8/site-packages/airflow/example_dags/example_sensor_decorator.py
[2023-10-11T07:28:37.872+0000] {logging_mixin.py:151} INFO - [2023-10-11T07:28:37.871+0000] {dag.py:2915} INFO - Sync 1 DAGs
[2023-10-11T07:28:37.880+0000] {logging_mixin.py:151} INFO - [2023-10-11T07:28:37.880+0000] {dag.py:3696} INFO - Setting next_dagrun for example_sensor_decorator to None, run_after=None
[2023-10-11T07:28:37.889+0000] {processor.py:179} INFO - Processing /home/airflow/.local/lib/python3.8/site-packages/airflow/example_dags/example_sensor_decorator.py took 0.057 seconds
