[2023-10-11T07:01:31.043+0000] {processor.py:157} INFO - Started process (PID=215) to work on /home/airflow/.local/lib/python3.8/site-packages/airflow/example_dags/example_branch_labels.py
[2023-10-11T07:01:31.044+0000] {processor.py:829} INFO - Processing file /home/airflow/.local/lib/python3.8/site-packages/airflow/example_dags/example_branch_labels.py for tasks to queue
[2023-10-11T07:01:31.045+0000] {logging_mixin.py:151} INFO - [2023-10-11T07:01:31.044+0000] {dagbag.py:539} INFO - Filling up the DagBag from /home/airflow/.local/lib/python3.8/site-packages/airflow/example_dags/example_branch_labels.py
[2023-10-11T07:01:31.054+0000] {processor.py:839} INFO - DAG(s) dict_keys(['example_branch_labels']) retrieved from /home/airflow/.local/lib/python3.8/site-packages/airflow/example_dags/example_branch_labels.py
[2023-10-11T07:01:31.429+0000] {logging_mixin.py:151} INFO - [2023-10-11T07:01:31.429+0000] {manager.py:499} INFO - Created Permission View: %s
[2023-10-11T07:01:31.435+0000] {logging_mixin.py:151} INFO - [2023-10-11T07:01:31.434+0000] {manager.py:499} INFO - Created Permission View: %s
[2023-10-11T07:01:31.438+0000] {logging_mixin.py:151} INFO - [2023-10-11T07:01:31.438+0000] {manager.py:499} INFO - Created Permission View: %s
[2023-10-11T07:01:31.438+0000] {logging_mixin.py:151} INFO - [2023-10-11T07:01:31.438+0000] {security.py:708} INFO - Not syncing DAG-level permissions for DAG 'DAG:example_branch_labels' as access control is unset.
[2023-10-11T07:01:31.438+0000] {logging_mixin.py:151} INFO - [2023-10-11T07:01:31.438+0000] {dag.py:2915} INFO - Sync 1 DAGs
[2023-10-11T07:01:31.444+0000] {logging_mixin.py:151} INFO - [2023-10-11T07:01:31.444+0000] {dag.py:2937} INFO - Creating ORM DAG for example_branch_labels
[2023-10-11T07:01:31.451+0000] {logging_mixin.py:151} INFO - [2023-10-11T07:01:31.451+0000] {dag.py:3696} INFO - Setting next_dagrun for example_branch_labels to 2023-10-10T00:00:00+00:00, run_after=2023-10-11T00:00:00+00:00
[2023-10-11T07:01:31.497+0000] {processor.py:179} INFO - Processing /home/airflow/.local/lib/python3.8/site-packages/airflow/example_dags/example_branch_labels.py took 0.458 seconds
[2023-10-11T07:02:01.724+0000] {processor.py:157} INFO - Started process (PID=454) to work on /home/airflow/.local/lib/python3.8/site-packages/airflow/example_dags/example_branch_labels.py
[2023-10-11T07:02:01.724+0000] {processor.py:829} INFO - Processing file /home/airflow/.local/lib/python3.8/site-packages/airflow/example_dags/example_branch_labels.py for tasks to queue
[2023-10-11T07:02:01.725+0000] {logging_mixin.py:151} INFO - [2023-10-11T07:02:01.725+0000] {dagbag.py:539} INFO - Filling up the DagBag from /home/airflow/.local/lib/python3.8/site-packages/airflow/example_dags/example_branch_labels.py
[2023-10-11T07:02:01.735+0000] {processor.py:839} INFO - DAG(s) dict_keys(['example_branch_labels']) retrieved from /home/airflow/.local/lib/python3.8/site-packages/airflow/example_dags/example_branch_labels.py
[2023-10-11T07:02:01.756+0000] {logging_mixin.py:151} INFO - [2023-10-11T07:02:01.756+0000] {dag.py:2915} INFO - Sync 1 DAGs
[2023-10-11T07:02:01.822+0000] {logging_mixin.py:151} INFO - [2023-10-11T07:02:01.822+0000] {dag.py:3696} INFO - Setting next_dagrun for example_branch_labels to 2023-10-10T00:00:00+00:00, run_after=2023-10-11T00:00:00+00:00
[2023-10-11T07:02:01.837+0000] {processor.py:179} INFO - Processing /home/airflow/.local/lib/python3.8/site-packages/airflow/example_dags/example_branch_labels.py took 0.116 seconds
[2023-10-11T07:02:31.914+0000] {processor.py:157} INFO - Started process (PID=691) to work on /home/airflow/.local/lib/python3.8/site-packages/airflow/example_dags/example_branch_labels.py
[2023-10-11T07:02:31.915+0000] {processor.py:829} INFO - Processing file /home/airflow/.local/lib/python3.8/site-packages/airflow/example_dags/example_branch_labels.py for tasks to queue
[2023-10-11T07:02:31.916+0000] {logging_mixin.py:151} INFO - [2023-10-11T07:02:31.915+0000] {dagbag.py:539} INFO - Filling up the DagBag from /home/airflow/.local/lib/python3.8/site-packages/airflow/example_dags/example_branch_labels.py
[2023-10-11T07:02:31.921+0000] {processor.py:839} INFO - DAG(s) dict_keys(['example_branch_labels']) retrieved from /home/airflow/.local/lib/python3.8/site-packages/airflow/example_dags/example_branch_labels.py
[2023-10-11T07:02:31.938+0000] {logging_mixin.py:151} INFO - [2023-10-11T07:02:31.938+0000] {dag.py:2915} INFO - Sync 1 DAGs
[2023-10-11T07:02:31.951+0000] {logging_mixin.py:151} INFO - [2023-10-11T07:02:31.951+0000] {dag.py:3696} INFO - Setting next_dagrun for example_branch_labels to 2023-10-10T00:00:00+00:00, run_after=2023-10-11T00:00:00+00:00
[2023-10-11T07:02:31.988+0000] {processor.py:179} INFO - Processing /home/airflow/.local/lib/python3.8/site-packages/airflow/example_dags/example_branch_labels.py took 0.076 seconds
[2023-10-11T07:03:02.561+0000] {processor.py:157} INFO - Started process (PID=929) to work on /home/airflow/.local/lib/python3.8/site-packages/airflow/example_dags/example_branch_labels.py
[2023-10-11T07:03:02.563+0000] {processor.py:829} INFO - Processing file /home/airflow/.local/lib/python3.8/site-packages/airflow/example_dags/example_branch_labels.py for tasks to queue
[2023-10-11T07:03:02.569+0000] {logging_mixin.py:151} INFO - [2023-10-11T07:03:02.569+0000] {dagbag.py:539} INFO - Filling up the DagBag from /home/airflow/.local/lib/python3.8/site-packages/airflow/example_dags/example_branch_labels.py
[2023-10-11T07:03:02.580+0000] {processor.py:839} INFO - DAG(s) dict_keys(['example_branch_labels']) retrieved from /home/airflow/.local/lib/python3.8/site-packages/airflow/example_dags/example_branch_labels.py
[2023-10-11T07:03:02.597+0000] {logging_mixin.py:151} INFO - [2023-10-11T07:03:02.597+0000] {dag.py:2915} INFO - Sync 1 DAGs
[2023-10-11T07:03:02.610+0000] {logging_mixin.py:151} INFO - [2023-10-11T07:03:02.610+0000] {dag.py:3696} INFO - Setting next_dagrun for example_branch_labels to 2023-10-10T00:00:00+00:00, run_after=2023-10-11T00:00:00+00:00
[2023-10-11T07:03:02.619+0000] {processor.py:179} INFO - Processing /home/airflow/.local/lib/python3.8/site-packages/airflow/example_dags/example_branch_labels.py took 0.067 seconds
[2023-10-11T07:03:33.711+0000] {processor.py:157} INFO - Started process (PID=1168) to work on /home/airflow/.local/lib/python3.8/site-packages/airflow/example_dags/example_branch_labels.py
[2023-10-11T07:03:33.711+0000] {processor.py:829} INFO - Processing file /home/airflow/.local/lib/python3.8/site-packages/airflow/example_dags/example_branch_labels.py for tasks to queue
[2023-10-11T07:03:33.712+0000] {logging_mixin.py:151} INFO - [2023-10-11T07:03:33.712+0000] {dagbag.py:539} INFO - Filling up the DagBag from /home/airflow/.local/lib/python3.8/site-packages/airflow/example_dags/example_branch_labels.py
[2023-10-11T07:03:33.717+0000] {processor.py:839} INFO - DAG(s) dict_keys(['example_branch_labels']) retrieved from /home/airflow/.local/lib/python3.8/site-packages/airflow/example_dags/example_branch_labels.py
[2023-10-11T07:03:33.734+0000] {logging_mixin.py:151} INFO - [2023-10-11T07:03:33.734+0000] {dag.py:2915} INFO - Sync 1 DAGs
[2023-10-11T07:03:33.748+0000] {logging_mixin.py:151} INFO - [2023-10-11T07:03:33.748+0000] {dag.py:3696} INFO - Setting next_dagrun for example_branch_labels to 2023-10-10T00:00:00+00:00, run_after=2023-10-11T00:00:00+00:00
[2023-10-11T07:03:33.773+0000] {processor.py:179} INFO - Processing /home/airflow/.local/lib/python3.8/site-packages/airflow/example_dags/example_branch_labels.py took 0.065 seconds
[2023-10-11T07:04:04.291+0000] {processor.py:157} INFO - Started process (PID=1407) to work on /home/airflow/.local/lib/python3.8/site-packages/airflow/example_dags/example_branch_labels.py
[2023-10-11T07:04:04.292+0000] {processor.py:829} INFO - Processing file /home/airflow/.local/lib/python3.8/site-packages/airflow/example_dags/example_branch_labels.py for tasks to queue
[2023-10-11T07:04:04.293+0000] {logging_mixin.py:151} INFO - [2023-10-11T07:04:04.293+0000] {dagbag.py:539} INFO - Filling up the DagBag from /home/airflow/.local/lib/python3.8/site-packages/airflow/example_dags/example_branch_labels.py
[2023-10-11T07:04:04.299+0000] {processor.py:839} INFO - DAG(s) dict_keys(['example_branch_labels']) retrieved from /home/airflow/.local/lib/python3.8/site-packages/airflow/example_dags/example_branch_labels.py
[2023-10-11T07:04:04.316+0000] {logging_mixin.py:151} INFO - [2023-10-11T07:04:04.316+0000] {dag.py:2915} INFO - Sync 1 DAGs
[2023-10-11T07:04:04.327+0000] {logging_mixin.py:151} INFO - [2023-10-11T07:04:04.327+0000] {dag.py:3696} INFO - Setting next_dagrun for example_branch_labels to 2023-10-10T00:00:00+00:00, run_after=2023-10-11T00:00:00+00:00
[2023-10-11T07:04:04.335+0000] {processor.py:179} INFO - Processing /home/airflow/.local/lib/python3.8/site-packages/airflow/example_dags/example_branch_labels.py took 0.047 seconds
[2023-10-11T07:04:34.697+0000] {processor.py:157} INFO - Started process (PID=1645) to work on /home/airflow/.local/lib/python3.8/site-packages/airflow/example_dags/example_branch_labels.py
[2023-10-11T07:04:34.698+0000] {processor.py:829} INFO - Processing file /home/airflow/.local/lib/python3.8/site-packages/airflow/example_dags/example_branch_labels.py for tasks to queue
[2023-10-11T07:04:34.699+0000] {logging_mixin.py:151} INFO - [2023-10-11T07:04:34.698+0000] {dagbag.py:539} INFO - Filling up the DagBag from /home/airflow/.local/lib/python3.8/site-packages/airflow/example_dags/example_branch_labels.py
[2023-10-11T07:04:34.703+0000] {processor.py:839} INFO - DAG(s) dict_keys(['example_branch_labels']) retrieved from /home/airflow/.local/lib/python3.8/site-packages/airflow/example_dags/example_branch_labels.py
[2023-10-11T07:04:34.716+0000] {logging_mixin.py:151} INFO - [2023-10-11T07:04:34.716+0000] {dag.py:2915} INFO - Sync 1 DAGs
[2023-10-11T07:04:34.728+0000] {logging_mixin.py:151} INFO - [2023-10-11T07:04:34.728+0000] {dag.py:3696} INFO - Setting next_dagrun for example_branch_labels to 2023-10-10T00:00:00+00:00, run_after=2023-10-11T00:00:00+00:00
[2023-10-11T07:04:34.741+0000] {processor.py:179} INFO - Processing /home/airflow/.local/lib/python3.8/site-packages/airflow/example_dags/example_branch_labels.py took 0.047 seconds
[2023-10-11T07:05:05.109+0000] {processor.py:157} INFO - Started process (PID=1881) to work on /home/airflow/.local/lib/python3.8/site-packages/airflow/example_dags/example_branch_labels.py
[2023-10-11T07:05:05.110+0000] {processor.py:829} INFO - Processing file /home/airflow/.local/lib/python3.8/site-packages/airflow/example_dags/example_branch_labels.py for tasks to queue
[2023-10-11T07:05:05.110+0000] {logging_mixin.py:151} INFO - [2023-10-11T07:05:05.110+0000] {dagbag.py:539} INFO - Filling up the DagBag from /home/airflow/.local/lib/python3.8/site-packages/airflow/example_dags/example_branch_labels.py
[2023-10-11T07:05:05.116+0000] {processor.py:839} INFO - DAG(s) dict_keys(['example_branch_labels']) retrieved from /home/airflow/.local/lib/python3.8/site-packages/airflow/example_dags/example_branch_labels.py
[2023-10-11T07:05:05.130+0000] {logging_mixin.py:151} INFO - [2023-10-11T07:05:05.130+0000] {dag.py:2915} INFO - Sync 1 DAGs
[2023-10-11T07:05:05.142+0000] {logging_mixin.py:151} INFO - [2023-10-11T07:05:05.142+0000] {dag.py:3696} INFO - Setting next_dagrun for example_branch_labels to 2023-10-10T00:00:00+00:00, run_after=2023-10-11T00:00:00+00:00
[2023-10-11T07:05:05.167+0000] {processor.py:179} INFO - Processing /home/airflow/.local/lib/python3.8/site-packages/airflow/example_dags/example_branch_labels.py took 0.061 seconds
[2023-10-11T07:05:35.229+0000] {processor.py:157} INFO - Started process (PID=2119) to work on /home/airflow/.local/lib/python3.8/site-packages/airflow/example_dags/example_branch_labels.py
[2023-10-11T07:05:35.229+0000] {processor.py:829} INFO - Processing file /home/airflow/.local/lib/python3.8/site-packages/airflow/example_dags/example_branch_labels.py for tasks to queue
[2023-10-11T07:05:35.230+0000] {logging_mixin.py:151} INFO - [2023-10-11T07:05:35.230+0000] {dagbag.py:539} INFO - Filling up the DagBag from /home/airflow/.local/lib/python3.8/site-packages/airflow/example_dags/example_branch_labels.py
[2023-10-11T07:05:35.235+0000] {processor.py:839} INFO - DAG(s) dict_keys(['example_branch_labels']) retrieved from /home/airflow/.local/lib/python3.8/site-packages/airflow/example_dags/example_branch_labels.py
[2023-10-11T07:05:35.250+0000] {logging_mixin.py:151} INFO - [2023-10-11T07:05:35.250+0000] {dag.py:2915} INFO - Sync 1 DAGs
[2023-10-11T07:05:35.274+0000] {logging_mixin.py:151} INFO - [2023-10-11T07:05:35.274+0000] {dag.py:3696} INFO - Setting next_dagrun for example_branch_labels to 2023-10-10T00:00:00+00:00, run_after=2023-10-11T00:00:00+00:00
[2023-10-11T07:05:35.302+0000] {processor.py:179} INFO - Processing /home/airflow/.local/lib/python3.8/site-packages/airflow/example_dags/example_branch_labels.py took 0.076 seconds
[2023-10-11T07:06:05.542+0000] {processor.py:157} INFO - Started process (PID=2357) to work on /home/airflow/.local/lib/python3.8/site-packages/airflow/example_dags/example_branch_labels.py
[2023-10-11T07:06:05.543+0000] {processor.py:829} INFO - Processing file /home/airflow/.local/lib/python3.8/site-packages/airflow/example_dags/example_branch_labels.py for tasks to queue
[2023-10-11T07:06:05.544+0000] {logging_mixin.py:151} INFO - [2023-10-11T07:06:05.544+0000] {dagbag.py:539} INFO - Filling up the DagBag from /home/airflow/.local/lib/python3.8/site-packages/airflow/example_dags/example_branch_labels.py
[2023-10-11T07:06:05.556+0000] {processor.py:839} INFO - DAG(s) dict_keys(['example_branch_labels']) retrieved from /home/airflow/.local/lib/python3.8/site-packages/airflow/example_dags/example_branch_labels.py
[2023-10-11T07:06:05.604+0000] {logging_mixin.py:151} INFO - [2023-10-11T07:06:05.603+0000] {dag.py:2915} INFO - Sync 1 DAGs
[2023-10-11T07:06:05.619+0000] {logging_mixin.py:151} INFO - [2023-10-11T07:06:05.619+0000] {dag.py:3696} INFO - Setting next_dagrun for example_branch_labels to 2023-10-10T00:00:00+00:00, run_after=2023-10-11T00:00:00+00:00
[2023-10-11T07:06:05.630+0000] {processor.py:179} INFO - Processing /home/airflow/.local/lib/python3.8/site-packages/airflow/example_dags/example_branch_labels.py took 0.091 seconds
[2023-10-11T07:06:36.098+0000] {processor.py:157} INFO - Started process (PID=2600) to work on /home/airflow/.local/lib/python3.8/site-packages/airflow/example_dags/example_branch_labels.py
[2023-10-11T07:06:36.099+0000] {processor.py:829} INFO - Processing file /home/airflow/.local/lib/python3.8/site-packages/airflow/example_dags/example_branch_labels.py for tasks to queue
[2023-10-11T07:06:36.100+0000] {logging_mixin.py:151} INFO - [2023-10-11T07:06:36.100+0000] {dagbag.py:539} INFO - Filling up the DagBag from /home/airflow/.local/lib/python3.8/site-packages/airflow/example_dags/example_branch_labels.py
[2023-10-11T07:06:36.107+0000] {processor.py:839} INFO - DAG(s) dict_keys(['example_branch_labels']) retrieved from /home/airflow/.local/lib/python3.8/site-packages/airflow/example_dags/example_branch_labels.py
[2023-10-11T07:06:36.129+0000] {logging_mixin.py:151} INFO - [2023-10-11T07:06:36.128+0000] {dag.py:2915} INFO - Sync 1 DAGs
[2023-10-11T07:06:36.140+0000] {logging_mixin.py:151} INFO - [2023-10-11T07:06:36.140+0000] {dag.py:3696} INFO - Setting next_dagrun for example_branch_labels to 2023-10-10T00:00:00+00:00, run_after=2023-10-11T00:00:00+00:00
[2023-10-11T07:06:36.151+0000] {processor.py:179} INFO - Processing /home/airflow/.local/lib/python3.8/site-packages/airflow/example_dags/example_branch_labels.py took 0.056 seconds
[2023-10-11T07:07:06.805+0000] {processor.py:157} INFO - Started process (PID=2844) to work on /home/airflow/.local/lib/python3.8/site-packages/airflow/example_dags/example_branch_labels.py
[2023-10-11T07:07:06.806+0000] {processor.py:829} INFO - Processing file /home/airflow/.local/lib/python3.8/site-packages/airflow/example_dags/example_branch_labels.py for tasks to queue
[2023-10-11T07:07:06.807+0000] {logging_mixin.py:151} INFO - [2023-10-11T07:07:06.806+0000] {dagbag.py:539} INFO - Filling up the DagBag from /home/airflow/.local/lib/python3.8/site-packages/airflow/example_dags/example_branch_labels.py
[2023-10-11T07:07:06.811+0000] {processor.py:839} INFO - DAG(s) dict_keys(['example_branch_labels']) retrieved from /home/airflow/.local/lib/python3.8/site-packages/airflow/example_dags/example_branch_labels.py
[2023-10-11T07:07:06.831+0000] {logging_mixin.py:151} INFO - [2023-10-11T07:07:06.831+0000] {dag.py:2915} INFO - Sync 1 DAGs
[2023-10-11T07:07:06.847+0000] {logging_mixin.py:151} INFO - [2023-10-11T07:07:06.847+0000] {dag.py:3696} INFO - Setting next_dagrun for example_branch_labels to 2023-10-10T00:00:00+00:00, run_after=2023-10-11T00:00:00+00:00
[2023-10-11T07:07:06.868+0000] {processor.py:179} INFO - Processing /home/airflow/.local/lib/python3.8/site-packages/airflow/example_dags/example_branch_labels.py took 0.066 seconds
[2023-10-11T07:07:37.145+0000] {processor.py:157} INFO - Started process (PID=3086) to work on /home/airflow/.local/lib/python3.8/site-packages/airflow/example_dags/example_branch_labels.py
[2023-10-11T07:07:37.146+0000] {processor.py:829} INFO - Processing file /home/airflow/.local/lib/python3.8/site-packages/airflow/example_dags/example_branch_labels.py for tasks to queue
[2023-10-11T07:07:37.147+0000] {logging_mixin.py:151} INFO - [2023-10-11T07:07:37.146+0000] {dagbag.py:539} INFO - Filling up the DagBag from /home/airflow/.local/lib/python3.8/site-packages/airflow/example_dags/example_branch_labels.py
[2023-10-11T07:07:37.152+0000] {processor.py:839} INFO - DAG(s) dict_keys(['example_branch_labels']) retrieved from /home/airflow/.local/lib/python3.8/site-packages/airflow/example_dags/example_branch_labels.py
[2023-10-11T07:07:37.209+0000] {logging_mixin.py:151} INFO - [2023-10-11T07:07:37.209+0000] {dag.py:2915} INFO - Sync 1 DAGs
[2023-10-11T07:07:37.222+0000] {logging_mixin.py:151} INFO - [2023-10-11T07:07:37.221+0000] {dag.py:3696} INFO - Setting next_dagrun for example_branch_labels to 2023-10-10T00:00:00+00:00, run_after=2023-10-11T00:00:00+00:00
[2023-10-11T07:07:37.388+0000] {processor.py:179} INFO - Processing /home/airflow/.local/lib/python3.8/site-packages/airflow/example_dags/example_branch_labels.py took 0.246 seconds
[2023-10-11T07:08:08.087+0000] {processor.py:157} INFO - Started process (PID=3359) to work on /home/airflow/.local/lib/python3.8/site-packages/airflow/example_dags/example_branch_labels.py
[2023-10-11T07:08:08.088+0000] {processor.py:829} INFO - Processing file /home/airflow/.local/lib/python3.8/site-packages/airflow/example_dags/example_branch_labels.py for tasks to queue
[2023-10-11T07:08:08.089+0000] {logging_mixin.py:151} INFO - [2023-10-11T07:08:08.088+0000] {dagbag.py:539} INFO - Filling up the DagBag from /home/airflow/.local/lib/python3.8/site-packages/airflow/example_dags/example_branch_labels.py
[2023-10-11T07:08:08.094+0000] {processor.py:839} INFO - DAG(s) dict_keys(['example_branch_labels']) retrieved from /home/airflow/.local/lib/python3.8/site-packages/airflow/example_dags/example_branch_labels.py
[2023-10-11T07:08:08.110+0000] {logging_mixin.py:151} INFO - [2023-10-11T07:08:08.109+0000] {dag.py:2915} INFO - Sync 1 DAGs
[2023-10-11T07:08:08.121+0000] {logging_mixin.py:151} INFO - [2023-10-11T07:08:08.121+0000] {dag.py:3696} INFO - Setting next_dagrun for example_branch_labels to 2023-10-10T00:00:00+00:00, run_after=2023-10-11T00:00:00+00:00
[2023-10-11T07:08:08.130+0000] {processor.py:179} INFO - Processing /home/airflow/.local/lib/python3.8/site-packages/airflow/example_dags/example_branch_labels.py took 0.045 seconds
[2023-10-11T07:08:38.451+0000] {processor.py:157} INFO - Started process (PID=3604) to work on /home/airflow/.local/lib/python3.8/site-packages/airflow/example_dags/example_branch_labels.py
[2023-10-11T07:08:38.464+0000] {processor.py:829} INFO - Processing file /home/airflow/.local/lib/python3.8/site-packages/airflow/example_dags/example_branch_labels.py for tasks to queue
[2023-10-11T07:08:38.471+0000] {logging_mixin.py:151} INFO - [2023-10-11T07:08:38.469+0000] {dagbag.py:539} INFO - Filling up the DagBag from /home/airflow/.local/lib/python3.8/site-packages/airflow/example_dags/example_branch_labels.py
[2023-10-11T07:08:38.495+0000] {processor.py:839} INFO - DAG(s) dict_keys(['example_branch_labels']) retrieved from /home/airflow/.local/lib/python3.8/site-packages/airflow/example_dags/example_branch_labels.py
[2023-10-11T07:08:38.516+0000] {logging_mixin.py:151} INFO - [2023-10-11T07:08:38.516+0000] {dag.py:2915} INFO - Sync 1 DAGs
[2023-10-11T07:08:38.535+0000] {logging_mixin.py:151} INFO - [2023-10-11T07:08:38.534+0000] {dag.py:3696} INFO - Setting next_dagrun for example_branch_labels to 2023-10-10T00:00:00+00:00, run_after=2023-10-11T00:00:00+00:00
[2023-10-11T07:08:38.545+0000] {processor.py:179} INFO - Processing /home/airflow/.local/lib/python3.8/site-packages/airflow/example_dags/example_branch_labels.py took 0.096 seconds
[2023-10-11T07:09:09.328+0000] {processor.py:157} INFO - Started process (PID=3845) to work on /home/airflow/.local/lib/python3.8/site-packages/airflow/example_dags/example_branch_labels.py
[2023-10-11T07:09:09.330+0000] {processor.py:829} INFO - Processing file /home/airflow/.local/lib/python3.8/site-packages/airflow/example_dags/example_branch_labels.py for tasks to queue
[2023-10-11T07:09:09.331+0000] {logging_mixin.py:151} INFO - [2023-10-11T07:09:09.331+0000] {dagbag.py:539} INFO - Filling up the DagBag from /home/airflow/.local/lib/python3.8/site-packages/airflow/example_dags/example_branch_labels.py
[2023-10-11T07:09:09.338+0000] {processor.py:839} INFO - DAG(s) dict_keys(['example_branch_labels']) retrieved from /home/airflow/.local/lib/python3.8/site-packages/airflow/example_dags/example_branch_labels.py
[2023-10-11T07:09:09.384+0000] {logging_mixin.py:151} INFO - [2023-10-11T07:09:09.383+0000] {dag.py:2915} INFO - Sync 1 DAGs
[2023-10-11T07:09:09.424+0000] {logging_mixin.py:151} INFO - [2023-10-11T07:09:09.424+0000] {dag.py:3696} INFO - Setting next_dagrun for example_branch_labels to 2023-10-10T00:00:00+00:00, run_after=2023-10-11T00:00:00+00:00
[2023-10-11T07:09:09.440+0000] {processor.py:179} INFO - Processing /home/airflow/.local/lib/python3.8/site-packages/airflow/example_dags/example_branch_labels.py took 0.115 seconds
[2023-10-11T07:09:39.723+0000] {processor.py:157} INFO - Started process (PID=4088) to work on /home/airflow/.local/lib/python3.8/site-packages/airflow/example_dags/example_branch_labels.py
[2023-10-11T07:09:39.724+0000] {processor.py:829} INFO - Processing file /home/airflow/.local/lib/python3.8/site-packages/airflow/example_dags/example_branch_labels.py for tasks to queue
[2023-10-11T07:09:39.724+0000] {logging_mixin.py:151} INFO - [2023-10-11T07:09:39.724+0000] {dagbag.py:539} INFO - Filling up the DagBag from /home/airflow/.local/lib/python3.8/site-packages/airflow/example_dags/example_branch_labels.py
[2023-10-11T07:09:39.730+0000] {processor.py:839} INFO - DAG(s) dict_keys(['example_branch_labels']) retrieved from /home/airflow/.local/lib/python3.8/site-packages/airflow/example_dags/example_branch_labels.py
[2023-10-11T07:09:39.747+0000] {logging_mixin.py:151} INFO - [2023-10-11T07:09:39.746+0000] {dag.py:2915} INFO - Sync 1 DAGs
[2023-10-11T07:09:39.796+0000] {logging_mixin.py:151} INFO - [2023-10-11T07:09:39.796+0000] {dag.py:3696} INFO - Setting next_dagrun for example_branch_labels to 2023-10-10T00:00:00+00:00, run_after=2023-10-11T00:00:00+00:00
[2023-10-11T07:09:39.809+0000] {processor.py:179} INFO - Processing /home/airflow/.local/lib/python3.8/site-packages/airflow/example_dags/example_branch_labels.py took 0.089 seconds
[2023-10-11T07:10:10.596+0000] {processor.py:157} INFO - Started process (PID=4331) to work on /home/airflow/.local/lib/python3.8/site-packages/airflow/example_dags/example_branch_labels.py
[2023-10-11T07:10:10.597+0000] {processor.py:829} INFO - Processing file /home/airflow/.local/lib/python3.8/site-packages/airflow/example_dags/example_branch_labels.py for tasks to queue
[2023-10-11T07:10:10.597+0000] {logging_mixin.py:151} INFO - [2023-10-11T07:10:10.597+0000] {dagbag.py:539} INFO - Filling up the DagBag from /home/airflow/.local/lib/python3.8/site-packages/airflow/example_dags/example_branch_labels.py
[2023-10-11T07:10:10.603+0000] {processor.py:839} INFO - DAG(s) dict_keys(['example_branch_labels']) retrieved from /home/airflow/.local/lib/python3.8/site-packages/airflow/example_dags/example_branch_labels.py
[2023-10-11T07:10:10.620+0000] {logging_mixin.py:151} INFO - [2023-10-11T07:10:10.620+0000] {dag.py:2915} INFO - Sync 1 DAGs
[2023-10-11T07:10:10.634+0000] {logging_mixin.py:151} INFO - [2023-10-11T07:10:10.634+0000] {dag.py:3696} INFO - Setting next_dagrun for example_branch_labels to 2023-10-10T00:00:00+00:00, run_after=2023-10-11T00:00:00+00:00
[2023-10-11T07:10:10.645+0000] {processor.py:179} INFO - Processing /home/airflow/.local/lib/python3.8/site-packages/airflow/example_dags/example_branch_labels.py took 0.052 seconds
[2023-10-11T07:10:40.944+0000] {processor.py:157} INFO - Started process (PID=4574) to work on /home/airflow/.local/lib/python3.8/site-packages/airflow/example_dags/example_branch_labels.py
[2023-10-11T07:10:40.945+0000] {processor.py:829} INFO - Processing file /home/airflow/.local/lib/python3.8/site-packages/airflow/example_dags/example_branch_labels.py for tasks to queue
[2023-10-11T07:10:40.946+0000] {logging_mixin.py:151} INFO - [2023-10-11T07:10:40.946+0000] {dagbag.py:539} INFO - Filling up the DagBag from /home/airflow/.local/lib/python3.8/site-packages/airflow/example_dags/example_branch_labels.py
[2023-10-11T07:10:40.961+0000] {processor.py:839} INFO - DAG(s) dict_keys(['example_branch_labels']) retrieved from /home/airflow/.local/lib/python3.8/site-packages/airflow/example_dags/example_branch_labels.py
[2023-10-11T07:10:41.019+0000] {logging_mixin.py:151} INFO - [2023-10-11T07:10:41.019+0000] {dag.py:2915} INFO - Sync 1 DAGs
[2023-10-11T07:10:41.038+0000] {logging_mixin.py:151} INFO - [2023-10-11T07:10:41.037+0000] {dag.py:3696} INFO - Setting next_dagrun for example_branch_labels to 2023-10-10T00:00:00+00:00, run_after=2023-10-11T00:00:00+00:00
[2023-10-11T07:10:41.081+0000] {processor.py:179} INFO - Processing /home/airflow/.local/lib/python3.8/site-packages/airflow/example_dags/example_branch_labels.py took 0.144 seconds
[2023-10-11T07:11:11.530+0000] {processor.py:157} INFO - Started process (PID=4817) to work on /home/airflow/.local/lib/python3.8/site-packages/airflow/example_dags/example_branch_labels.py
[2023-10-11T07:11:11.531+0000] {processor.py:829} INFO - Processing file /home/airflow/.local/lib/python3.8/site-packages/airflow/example_dags/example_branch_labels.py for tasks to queue
[2023-10-11T07:11:11.532+0000] {logging_mixin.py:151} INFO - [2023-10-11T07:11:11.532+0000] {dagbag.py:539} INFO - Filling up the DagBag from /home/airflow/.local/lib/python3.8/site-packages/airflow/example_dags/example_branch_labels.py
[2023-10-11T07:11:11.537+0000] {processor.py:839} INFO - DAG(s) dict_keys(['example_branch_labels']) retrieved from /home/airflow/.local/lib/python3.8/site-packages/airflow/example_dags/example_branch_labels.py
[2023-10-11T07:11:11.555+0000] {logging_mixin.py:151} INFO - [2023-10-11T07:11:11.554+0000] {dag.py:2915} INFO - Sync 1 DAGs
[2023-10-11T07:11:11.578+0000] {logging_mixin.py:151} INFO - [2023-10-11T07:11:11.577+0000] {dag.py:3696} INFO - Setting next_dagrun for example_branch_labels to 2023-10-10T00:00:00+00:00, run_after=2023-10-11T00:00:00+00:00
[2023-10-11T07:11:11.593+0000] {processor.py:179} INFO - Processing /home/airflow/.local/lib/python3.8/site-packages/airflow/example_dags/example_branch_labels.py took 0.066 seconds
[2023-10-11T07:11:41.746+0000] {processor.py:157} INFO - Started process (PID=5062) to work on /home/airflow/.local/lib/python3.8/site-packages/airflow/example_dags/example_branch_labels.py
[2023-10-11T07:11:41.747+0000] {processor.py:829} INFO - Processing file /home/airflow/.local/lib/python3.8/site-packages/airflow/example_dags/example_branch_labels.py for tasks to queue
[2023-10-11T07:11:41.747+0000] {logging_mixin.py:151} INFO - [2023-10-11T07:11:41.747+0000] {dagbag.py:539} INFO - Filling up the DagBag from /home/airflow/.local/lib/python3.8/site-packages/airflow/example_dags/example_branch_labels.py
[2023-10-11T07:11:41.758+0000] {processor.py:839} INFO - DAG(s) dict_keys(['example_branch_labels']) retrieved from /home/airflow/.local/lib/python3.8/site-packages/airflow/example_dags/example_branch_labels.py
[2023-10-11T07:11:41.786+0000] {logging_mixin.py:151} INFO - [2023-10-11T07:11:41.786+0000] {dag.py:2915} INFO - Sync 1 DAGs
[2023-10-11T07:11:41.797+0000] {logging_mixin.py:151} INFO - [2023-10-11T07:11:41.797+0000] {dag.py:3696} INFO - Setting next_dagrun for example_branch_labels to 2023-10-10T00:00:00+00:00, run_after=2023-10-11T00:00:00+00:00
[2023-10-11T07:11:41.805+0000] {processor.py:179} INFO - Processing /home/airflow/.local/lib/python3.8/site-packages/airflow/example_dags/example_branch_labels.py took 0.062 seconds
[2023-10-11T07:12:12.544+0000] {processor.py:157} INFO - Started process (PID=5303) to work on /home/airflow/.local/lib/python3.8/site-packages/airflow/example_dags/example_branch_labels.py
[2023-10-11T07:12:12.545+0000] {processor.py:829} INFO - Processing file /home/airflow/.local/lib/python3.8/site-packages/airflow/example_dags/example_branch_labels.py for tasks to queue
[2023-10-11T07:12:12.547+0000] {logging_mixin.py:151} INFO - [2023-10-11T07:12:12.546+0000] {dagbag.py:539} INFO - Filling up the DagBag from /home/airflow/.local/lib/python3.8/site-packages/airflow/example_dags/example_branch_labels.py
[2023-10-11T07:12:12.569+0000] {processor.py:839} INFO - DAG(s) dict_keys(['example_branch_labels']) retrieved from /home/airflow/.local/lib/python3.8/site-packages/airflow/example_dags/example_branch_labels.py
[2023-10-11T07:12:12.595+0000] {logging_mixin.py:151} INFO - [2023-10-11T07:12:12.595+0000] {dag.py:2915} INFO - Sync 1 DAGs
[2023-10-11T07:12:12.607+0000] {logging_mixin.py:151} INFO - [2023-10-11T07:12:12.607+0000] {dag.py:3696} INFO - Setting next_dagrun for example_branch_labels to 2023-10-10T00:00:00+00:00, run_after=2023-10-11T00:00:00+00:00
[2023-10-11T07:12:12.617+0000] {processor.py:179} INFO - Processing /home/airflow/.local/lib/python3.8/site-packages/airflow/example_dags/example_branch_labels.py took 0.076 seconds
[2023-10-11T07:12:42.644+0000] {processor.py:157} INFO - Started process (PID=5546) to work on /home/airflow/.local/lib/python3.8/site-packages/airflow/example_dags/example_branch_labels.py
[2023-10-11T07:12:42.645+0000] {processor.py:829} INFO - Processing file /home/airflow/.local/lib/python3.8/site-packages/airflow/example_dags/example_branch_labels.py for tasks to queue
[2023-10-11T07:12:42.646+0000] {logging_mixin.py:151} INFO - [2023-10-11T07:12:42.646+0000] {dagbag.py:539} INFO - Filling up the DagBag from /home/airflow/.local/lib/python3.8/site-packages/airflow/example_dags/example_branch_labels.py
[2023-10-11T07:12:42.651+0000] {processor.py:839} INFO - DAG(s) dict_keys(['example_branch_labels']) retrieved from /home/airflow/.local/lib/python3.8/site-packages/airflow/example_dags/example_branch_labels.py
[2023-10-11T07:12:42.681+0000] {logging_mixin.py:151} INFO - [2023-10-11T07:12:42.681+0000] {dag.py:2915} INFO - Sync 1 DAGs
[2023-10-11T07:12:42.693+0000] {logging_mixin.py:151} INFO - [2023-10-11T07:12:42.692+0000] {dag.py:3696} INFO - Setting next_dagrun for example_branch_labels to 2023-10-10T00:00:00+00:00, run_after=2023-10-11T00:00:00+00:00
[2023-10-11T07:12:42.700+0000] {processor.py:179} INFO - Processing /home/airflow/.local/lib/python3.8/site-packages/airflow/example_dags/example_branch_labels.py took 0.058 seconds
[2023-10-11T07:13:13.323+0000] {processor.py:157} INFO - Started process (PID=5791) to work on /home/airflow/.local/lib/python3.8/site-packages/airflow/example_dags/example_branch_labels.py
[2023-10-11T07:13:13.324+0000] {processor.py:829} INFO - Processing file /home/airflow/.local/lib/python3.8/site-packages/airflow/example_dags/example_branch_labels.py for tasks to queue
[2023-10-11T07:13:13.325+0000] {logging_mixin.py:151} INFO - [2023-10-11T07:13:13.325+0000] {dagbag.py:539} INFO - Filling up the DagBag from /home/airflow/.local/lib/python3.8/site-packages/airflow/example_dags/example_branch_labels.py
[2023-10-11T07:13:13.330+0000] {processor.py:839} INFO - DAG(s) dict_keys(['example_branch_labels']) retrieved from /home/airflow/.local/lib/python3.8/site-packages/airflow/example_dags/example_branch_labels.py
[2023-10-11T07:13:13.346+0000] {logging_mixin.py:151} INFO - [2023-10-11T07:13:13.346+0000] {dag.py:2915} INFO - Sync 1 DAGs
[2023-10-11T07:13:13.373+0000] {logging_mixin.py:151} INFO - [2023-10-11T07:13:13.373+0000] {dag.py:3696} INFO - Setting next_dagrun for example_branch_labels to 2023-10-10T00:00:00+00:00, run_after=2023-10-11T00:00:00+00:00
[2023-10-11T07:13:13.392+0000] {processor.py:179} INFO - Processing /home/airflow/.local/lib/python3.8/site-packages/airflow/example_dags/example_branch_labels.py took 0.071 seconds
[2023-10-11T07:13:43.848+0000] {processor.py:157} INFO - Started process (PID=6032) to work on /home/airflow/.local/lib/python3.8/site-packages/airflow/example_dags/example_branch_labels.py
[2023-10-11T07:13:43.853+0000] {processor.py:829} INFO - Processing file /home/airflow/.local/lib/python3.8/site-packages/airflow/example_dags/example_branch_labels.py for tasks to queue
[2023-10-11T07:13:43.857+0000] {logging_mixin.py:151} INFO - [2023-10-11T07:13:43.857+0000] {dagbag.py:539} INFO - Filling up the DagBag from /home/airflow/.local/lib/python3.8/site-packages/airflow/example_dags/example_branch_labels.py
[2023-10-11T07:13:43.878+0000] {processor.py:839} INFO - DAG(s) dict_keys(['example_branch_labels']) retrieved from /home/airflow/.local/lib/python3.8/site-packages/airflow/example_dags/example_branch_labels.py
[2023-10-11T07:13:43.894+0000] {logging_mixin.py:151} INFO - [2023-10-11T07:13:43.894+0000] {dag.py:2915} INFO - Sync 1 DAGs
[2023-10-11T07:13:43.907+0000] {logging_mixin.py:151} INFO - [2023-10-11T07:13:43.906+0000] {dag.py:3696} INFO - Setting next_dagrun for example_branch_labels to 2023-10-10T00:00:00+00:00, run_after=2023-10-11T00:00:00+00:00
[2023-10-11T07:13:43.916+0000] {processor.py:179} INFO - Processing /home/airflow/.local/lib/python3.8/site-packages/airflow/example_dags/example_branch_labels.py took 0.070 seconds
[2023-10-11T07:14:14.442+0000] {processor.py:157} INFO - Started process (PID=6277) to work on /home/airflow/.local/lib/python3.8/site-packages/airflow/example_dags/example_branch_labels.py
[2023-10-11T07:14:14.443+0000] {processor.py:829} INFO - Processing file /home/airflow/.local/lib/python3.8/site-packages/airflow/example_dags/example_branch_labels.py for tasks to queue
[2023-10-11T07:14:14.444+0000] {logging_mixin.py:151} INFO - [2023-10-11T07:14:14.444+0000] {dagbag.py:539} INFO - Filling up the DagBag from /home/airflow/.local/lib/python3.8/site-packages/airflow/example_dags/example_branch_labels.py
[2023-10-11T07:14:14.454+0000] {processor.py:839} INFO - DAG(s) dict_keys(['example_branch_labels']) retrieved from /home/airflow/.local/lib/python3.8/site-packages/airflow/example_dags/example_branch_labels.py
[2023-10-11T07:14:14.479+0000] {logging_mixin.py:151} INFO - [2023-10-11T07:14:14.479+0000] {dag.py:2915} INFO - Sync 1 DAGs
[2023-10-11T07:14:14.490+0000] {logging_mixin.py:151} INFO - [2023-10-11T07:14:14.490+0000] {dag.py:3696} INFO - Setting next_dagrun for example_branch_labels to 2023-10-10T00:00:00+00:00, run_after=2023-10-11T00:00:00+00:00
[2023-10-11T07:14:14.498+0000] {processor.py:179} INFO - Processing /home/airflow/.local/lib/python3.8/site-packages/airflow/example_dags/example_branch_labels.py took 0.059 seconds
[2023-10-11T07:14:44.839+0000] {processor.py:157} INFO - Started process (PID=6518) to work on /home/airflow/.local/lib/python3.8/site-packages/airflow/example_dags/example_branch_labels.py
[2023-10-11T07:14:44.840+0000] {processor.py:829} INFO - Processing file /home/airflow/.local/lib/python3.8/site-packages/airflow/example_dags/example_branch_labels.py for tasks to queue
[2023-10-11T07:14:44.840+0000] {logging_mixin.py:151} INFO - [2023-10-11T07:14:44.840+0000] {dagbag.py:539} INFO - Filling up the DagBag from /home/airflow/.local/lib/python3.8/site-packages/airflow/example_dags/example_branch_labels.py
[2023-10-11T07:14:44.847+0000] {processor.py:839} INFO - DAG(s) dict_keys(['example_branch_labels']) retrieved from /home/airflow/.local/lib/python3.8/site-packages/airflow/example_dags/example_branch_labels.py
[2023-10-11T07:14:44.892+0000] {logging_mixin.py:151} INFO - [2023-10-11T07:14:44.892+0000] {dag.py:2915} INFO - Sync 1 DAGs
[2023-10-11T07:14:44.911+0000] {logging_mixin.py:151} INFO - [2023-10-11T07:14:44.910+0000] {dag.py:3696} INFO - Setting next_dagrun for example_branch_labels to 2023-10-10T00:00:00+00:00, run_after=2023-10-11T00:00:00+00:00
[2023-10-11T07:14:44.922+0000] {processor.py:179} INFO - Processing /home/airflow/.local/lib/python3.8/site-packages/airflow/example_dags/example_branch_labels.py took 0.086 seconds
[2023-10-11T07:15:15.283+0000] {processor.py:157} INFO - Started process (PID=6761) to work on /home/airflow/.local/lib/python3.8/site-packages/airflow/example_dags/example_branch_labels.py
[2023-10-11T07:15:15.284+0000] {processor.py:829} INFO - Processing file /home/airflow/.local/lib/python3.8/site-packages/airflow/example_dags/example_branch_labels.py for tasks to queue
[2023-10-11T07:15:15.285+0000] {logging_mixin.py:151} INFO - [2023-10-11T07:15:15.285+0000] {dagbag.py:539} INFO - Filling up the DagBag from /home/airflow/.local/lib/python3.8/site-packages/airflow/example_dags/example_branch_labels.py
[2023-10-11T07:15:15.290+0000] {processor.py:839} INFO - DAG(s) dict_keys(['example_branch_labels']) retrieved from /home/airflow/.local/lib/python3.8/site-packages/airflow/example_dags/example_branch_labels.py
[2023-10-11T07:15:15.304+0000] {logging_mixin.py:151} INFO - [2023-10-11T07:15:15.304+0000] {dag.py:2915} INFO - Sync 1 DAGs
[2023-10-11T07:15:15.317+0000] {logging_mixin.py:151} INFO - [2023-10-11T07:15:15.317+0000] {dag.py:3696} INFO - Setting next_dagrun for example_branch_labels to 2023-10-10T00:00:00+00:00, run_after=2023-10-11T00:00:00+00:00
[2023-10-11T07:15:15.325+0000] {processor.py:179} INFO - Processing /home/airflow/.local/lib/python3.8/site-packages/airflow/example_dags/example_branch_labels.py took 0.044 seconds
[2023-10-11T07:15:46.039+0000] {processor.py:157} INFO - Started process (PID=7006) to work on /home/airflow/.local/lib/python3.8/site-packages/airflow/example_dags/example_branch_labels.py
[2023-10-11T07:15:46.040+0000] {processor.py:829} INFO - Processing file /home/airflow/.local/lib/python3.8/site-packages/airflow/example_dags/example_branch_labels.py for tasks to queue
[2023-10-11T07:15:46.040+0000] {logging_mixin.py:151} INFO - [2023-10-11T07:15:46.040+0000] {dagbag.py:539} INFO - Filling up the DagBag from /home/airflow/.local/lib/python3.8/site-packages/airflow/example_dags/example_branch_labels.py
[2023-10-11T07:15:46.045+0000] {processor.py:839} INFO - DAG(s) dict_keys(['example_branch_labels']) retrieved from /home/airflow/.local/lib/python3.8/site-packages/airflow/example_dags/example_branch_labels.py
[2023-10-11T07:15:46.067+0000] {logging_mixin.py:151} INFO - [2023-10-11T07:15:46.067+0000] {dag.py:2915} INFO - Sync 1 DAGs
[2023-10-11T07:15:46.085+0000] {logging_mixin.py:151} INFO - [2023-10-11T07:15:46.085+0000] {dag.py:3696} INFO - Setting next_dagrun for example_branch_labels to 2023-10-10T00:00:00+00:00, run_after=2023-10-11T00:00:00+00:00
[2023-10-11T07:15:46.094+0000] {processor.py:179} INFO - Processing /home/airflow/.local/lib/python3.8/site-packages/airflow/example_dags/example_branch_labels.py took 0.058 seconds
[2023-10-11T07:16:16.598+0000] {processor.py:157} INFO - Started process (PID=7247) to work on /home/airflow/.local/lib/python3.8/site-packages/airflow/example_dags/example_branch_labels.py
[2023-10-11T07:16:16.599+0000] {processor.py:829} INFO - Processing file /home/airflow/.local/lib/python3.8/site-packages/airflow/example_dags/example_branch_labels.py for tasks to queue
[2023-10-11T07:16:16.600+0000] {logging_mixin.py:151} INFO - [2023-10-11T07:16:16.599+0000] {dagbag.py:539} INFO - Filling up the DagBag from /home/airflow/.local/lib/python3.8/site-packages/airflow/example_dags/example_branch_labels.py
[2023-10-11T07:16:16.604+0000] {processor.py:839} INFO - DAG(s) dict_keys(['example_branch_labels']) retrieved from /home/airflow/.local/lib/python3.8/site-packages/airflow/example_dags/example_branch_labels.py
[2023-10-11T07:16:16.618+0000] {logging_mixin.py:151} INFO - [2023-10-11T07:16:16.618+0000] {dag.py:2915} INFO - Sync 1 DAGs
[2023-10-11T07:16:16.629+0000] {logging_mixin.py:151} INFO - [2023-10-11T07:16:16.629+0000] {dag.py:3696} INFO - Setting next_dagrun for example_branch_labels to 2023-10-10T00:00:00+00:00, run_after=2023-10-11T00:00:00+00:00
[2023-10-11T07:16:16.637+0000] {processor.py:179} INFO - Processing /home/airflow/.local/lib/python3.8/site-packages/airflow/example_dags/example_branch_labels.py took 0.042 seconds
[2023-10-11T07:16:47.852+0000] {processor.py:157} INFO - Started process (PID=7490) to work on /home/airflow/.local/lib/python3.8/site-packages/airflow/example_dags/example_branch_labels.py
[2023-10-11T07:16:47.864+0000] {processor.py:829} INFO - Processing file /home/airflow/.local/lib/python3.8/site-packages/airflow/example_dags/example_branch_labels.py for tasks to queue
[2023-10-11T07:16:47.867+0000] {logging_mixin.py:151} INFO - [2023-10-11T07:16:47.866+0000] {dagbag.py:539} INFO - Filling up the DagBag from /home/airflow/.local/lib/python3.8/site-packages/airflow/example_dags/example_branch_labels.py
[2023-10-11T07:16:47.889+0000] {processor.py:839} INFO - DAG(s) dict_keys(['example_branch_labels']) retrieved from /home/airflow/.local/lib/python3.8/site-packages/airflow/example_dags/example_branch_labels.py
[2023-10-11T07:16:47.906+0000] {logging_mixin.py:151} INFO - [2023-10-11T07:16:47.906+0000] {dag.py:2915} INFO - Sync 1 DAGs
[2023-10-11T07:16:47.919+0000] {logging_mixin.py:151} INFO - [2023-10-11T07:16:47.918+0000] {dag.py:3696} INFO - Setting next_dagrun for example_branch_labels to 2023-10-10T00:00:00+00:00, run_after=2023-10-11T00:00:00+00:00
[2023-10-11T07:16:47.927+0000] {processor.py:179} INFO - Processing /home/airflow/.local/lib/python3.8/site-packages/airflow/example_dags/example_branch_labels.py took 0.086 seconds
[2023-10-11T07:17:18.084+0000] {processor.py:157} INFO - Started process (PID=7733) to work on /home/airflow/.local/lib/python3.8/site-packages/airflow/example_dags/example_branch_labels.py
[2023-10-11T07:17:18.087+0000] {processor.py:829} INFO - Processing file /home/airflow/.local/lib/python3.8/site-packages/airflow/example_dags/example_branch_labels.py for tasks to queue
[2023-10-11T07:17:18.088+0000] {logging_mixin.py:151} INFO - [2023-10-11T07:17:18.088+0000] {dagbag.py:539} INFO - Filling up the DagBag from /home/airflow/.local/lib/python3.8/site-packages/airflow/example_dags/example_branch_labels.py
[2023-10-11T07:17:18.096+0000] {processor.py:839} INFO - DAG(s) dict_keys(['example_branch_labels']) retrieved from /home/airflow/.local/lib/python3.8/site-packages/airflow/example_dags/example_branch_labels.py
[2023-10-11T07:17:18.131+0000] {logging_mixin.py:151} INFO - [2023-10-11T07:17:18.131+0000] {dag.py:2915} INFO - Sync 1 DAGs
[2023-10-11T07:17:18.176+0000] {logging_mixin.py:151} INFO - [2023-10-11T07:17:18.176+0000] {dag.py:3696} INFO - Setting next_dagrun for example_branch_labels to 2023-10-10T00:00:00+00:00, run_after=2023-10-11T00:00:00+00:00
[2023-10-11T07:17:18.204+0000] {processor.py:179} INFO - Processing /home/airflow/.local/lib/python3.8/site-packages/airflow/example_dags/example_branch_labels.py took 0.125 seconds
[2023-10-11T07:17:48.510+0000] {processor.py:157} INFO - Started process (PID=7976) to work on /home/airflow/.local/lib/python3.8/site-packages/airflow/example_dags/example_branch_labels.py
[2023-10-11T07:17:48.511+0000] {processor.py:829} INFO - Processing file /home/airflow/.local/lib/python3.8/site-packages/airflow/example_dags/example_branch_labels.py for tasks to queue
[2023-10-11T07:17:48.512+0000] {logging_mixin.py:151} INFO - [2023-10-11T07:17:48.512+0000] {dagbag.py:539} INFO - Filling up the DagBag from /home/airflow/.local/lib/python3.8/site-packages/airflow/example_dags/example_branch_labels.py
[2023-10-11T07:17:48.524+0000] {processor.py:839} INFO - DAG(s) dict_keys(['example_branch_labels']) retrieved from /home/airflow/.local/lib/python3.8/site-packages/airflow/example_dags/example_branch_labels.py
[2023-10-11T07:17:48.591+0000] {logging_mixin.py:151} INFO - [2023-10-11T07:17:48.591+0000] {dag.py:2915} INFO - Sync 1 DAGs
[2023-10-11T07:17:48.622+0000] {logging_mixin.py:151} INFO - [2023-10-11T07:17:48.622+0000] {dag.py:3696} INFO - Setting next_dagrun for example_branch_labels to 2023-10-10T00:00:00+00:00, run_after=2023-10-11T00:00:00+00:00
[2023-10-11T07:17:48.643+0000] {processor.py:179} INFO - Processing /home/airflow/.local/lib/python3.8/site-packages/airflow/example_dags/example_branch_labels.py took 0.137 seconds
[2023-10-11T07:18:19.256+0000] {processor.py:157} INFO - Started process (PID=8219) to work on /home/airflow/.local/lib/python3.8/site-packages/airflow/example_dags/example_branch_labels.py
[2023-10-11T07:18:19.259+0000] {processor.py:829} INFO - Processing file /home/airflow/.local/lib/python3.8/site-packages/airflow/example_dags/example_branch_labels.py for tasks to queue
[2023-10-11T07:18:19.261+0000] {logging_mixin.py:151} INFO - [2023-10-11T07:18:19.261+0000] {dagbag.py:539} INFO - Filling up the DagBag from /home/airflow/.local/lib/python3.8/site-packages/airflow/example_dags/example_branch_labels.py
[2023-10-11T07:18:19.280+0000] {processor.py:839} INFO - DAG(s) dict_keys(['example_branch_labels']) retrieved from /home/airflow/.local/lib/python3.8/site-packages/airflow/example_dags/example_branch_labels.py
[2023-10-11T07:18:19.305+0000] {logging_mixin.py:151} INFO - [2023-10-11T07:18:19.305+0000] {dag.py:2915} INFO - Sync 1 DAGs
[2023-10-11T07:18:19.325+0000] {logging_mixin.py:151} INFO - [2023-10-11T07:18:19.325+0000] {dag.py:3696} INFO - Setting next_dagrun for example_branch_labels to 2023-10-10T00:00:00+00:00, run_after=2023-10-11T00:00:00+00:00
[2023-10-11T07:18:19.347+0000] {processor.py:179} INFO - Processing /home/airflow/.local/lib/python3.8/site-packages/airflow/example_dags/example_branch_labels.py took 0.106 seconds
[2023-10-11T07:18:49.705+0000] {processor.py:157} INFO - Started process (PID=8462) to work on /home/airflow/.local/lib/python3.8/site-packages/airflow/example_dags/example_branch_labels.py
[2023-10-11T07:18:49.706+0000] {processor.py:829} INFO - Processing file /home/airflow/.local/lib/python3.8/site-packages/airflow/example_dags/example_branch_labels.py for tasks to queue
[2023-10-11T07:18:49.707+0000] {logging_mixin.py:151} INFO - [2023-10-11T07:18:49.707+0000] {dagbag.py:539} INFO - Filling up the DagBag from /home/airflow/.local/lib/python3.8/site-packages/airflow/example_dags/example_branch_labels.py
[2023-10-11T07:18:49.715+0000] {processor.py:839} INFO - DAG(s) dict_keys(['example_branch_labels']) retrieved from /home/airflow/.local/lib/python3.8/site-packages/airflow/example_dags/example_branch_labels.py
[2023-10-11T07:18:49.741+0000] {logging_mixin.py:151} INFO - [2023-10-11T07:18:49.741+0000] {dag.py:2915} INFO - Sync 1 DAGs
[2023-10-11T07:18:49.786+0000] {logging_mixin.py:151} INFO - [2023-10-11T07:18:49.786+0000] {dag.py:3696} INFO - Setting next_dagrun for example_branch_labels to 2023-10-10T00:00:00+00:00, run_after=2023-10-11T00:00:00+00:00
[2023-10-11T07:18:49.801+0000] {processor.py:179} INFO - Processing /home/airflow/.local/lib/python3.8/site-packages/airflow/example_dags/example_branch_labels.py took 0.100 seconds
[2023-10-11T07:19:19.928+0000] {processor.py:157} INFO - Started process (PID=8705) to work on /home/airflow/.local/lib/python3.8/site-packages/airflow/example_dags/example_branch_labels.py
[2023-10-11T07:19:19.929+0000] {processor.py:829} INFO - Processing file /home/airflow/.local/lib/python3.8/site-packages/airflow/example_dags/example_branch_labels.py for tasks to queue
[2023-10-11T07:19:19.930+0000] {logging_mixin.py:151} INFO - [2023-10-11T07:19:19.929+0000] {dagbag.py:539} INFO - Filling up the DagBag from /home/airflow/.local/lib/python3.8/site-packages/airflow/example_dags/example_branch_labels.py
[2023-10-11T07:19:19.935+0000] {processor.py:839} INFO - DAG(s) dict_keys(['example_branch_labels']) retrieved from /home/airflow/.local/lib/python3.8/site-packages/airflow/example_dags/example_branch_labels.py
[2023-10-11T07:19:19.963+0000] {logging_mixin.py:151} INFO - [2023-10-11T07:19:19.962+0000] {dag.py:2915} INFO - Sync 1 DAGs
[2023-10-11T07:19:19.983+0000] {logging_mixin.py:151} INFO - [2023-10-11T07:19:19.983+0000] {dag.py:3696} INFO - Setting next_dagrun for example_branch_labels to 2023-10-10T00:00:00+00:00, run_after=2023-10-11T00:00:00+00:00
[2023-10-11T07:19:19.993+0000] {processor.py:179} INFO - Processing /home/airflow/.local/lib/python3.8/site-packages/airflow/example_dags/example_branch_labels.py took 0.067 seconds
[2023-10-11T07:19:50.717+0000] {processor.py:157} INFO - Started process (PID=8950) to work on /home/airflow/.local/lib/python3.8/site-packages/airflow/example_dags/example_branch_labels.py
[2023-10-11T07:19:50.719+0000] {processor.py:829} INFO - Processing file /home/airflow/.local/lib/python3.8/site-packages/airflow/example_dags/example_branch_labels.py for tasks to queue
[2023-10-11T07:19:50.720+0000] {logging_mixin.py:151} INFO - [2023-10-11T07:19:50.719+0000] {dagbag.py:539} INFO - Filling up the DagBag from /home/airflow/.local/lib/python3.8/site-packages/airflow/example_dags/example_branch_labels.py
[2023-10-11T07:19:50.730+0000] {processor.py:839} INFO - DAG(s) dict_keys(['example_branch_labels']) retrieved from /home/airflow/.local/lib/python3.8/site-packages/airflow/example_dags/example_branch_labels.py
[2023-10-11T07:19:50.776+0000] {logging_mixin.py:151} INFO - [2023-10-11T07:19:50.775+0000] {dag.py:2915} INFO - Sync 1 DAGs
[2023-10-11T07:19:50.798+0000] {logging_mixin.py:151} INFO - [2023-10-11T07:19:50.798+0000] {dag.py:3696} INFO - Setting next_dagrun for example_branch_labels to 2023-10-10T00:00:00+00:00, run_after=2023-10-11T00:00:00+00:00
[2023-10-11T07:19:50.814+0000] {processor.py:179} INFO - Processing /home/airflow/.local/lib/python3.8/site-packages/airflow/example_dags/example_branch_labels.py took 0.101 seconds
[2023-10-11T07:20:20.977+0000] {processor.py:157} INFO - Started process (PID=9191) to work on /home/airflow/.local/lib/python3.8/site-packages/airflow/example_dags/example_branch_labels.py
[2023-10-11T07:20:20.979+0000] {processor.py:829} INFO - Processing file /home/airflow/.local/lib/python3.8/site-packages/airflow/example_dags/example_branch_labels.py for tasks to queue
[2023-10-11T07:20:20.980+0000] {logging_mixin.py:151} INFO - [2023-10-11T07:20:20.979+0000] {dagbag.py:539} INFO - Filling up the DagBag from /home/airflow/.local/lib/python3.8/site-packages/airflow/example_dags/example_branch_labels.py
[2023-10-11T07:20:20.987+0000] {processor.py:839} INFO - DAG(s) dict_keys(['example_branch_labels']) retrieved from /home/airflow/.local/lib/python3.8/site-packages/airflow/example_dags/example_branch_labels.py
[2023-10-11T07:20:21.030+0000] {logging_mixin.py:151} INFO - [2023-10-11T07:20:21.030+0000] {dag.py:2915} INFO - Sync 1 DAGs
[2023-10-11T07:20:21.082+0000] {logging_mixin.py:151} INFO - [2023-10-11T07:20:21.082+0000] {dag.py:3696} INFO - Setting next_dagrun for example_branch_labels to 2023-10-10T00:00:00+00:00, run_after=2023-10-11T00:00:00+00:00
[2023-10-11T07:20:21.100+0000] {processor.py:179} INFO - Processing /home/airflow/.local/lib/python3.8/site-packages/airflow/example_dags/example_branch_labels.py took 0.126 seconds
[2023-10-11T07:20:51.834+0000] {processor.py:157} INFO - Started process (PID=9434) to work on /home/airflow/.local/lib/python3.8/site-packages/airflow/example_dags/example_branch_labels.py
[2023-10-11T07:20:51.836+0000] {processor.py:829} INFO - Processing file /home/airflow/.local/lib/python3.8/site-packages/airflow/example_dags/example_branch_labels.py for tasks to queue
[2023-10-11T07:20:51.837+0000] {logging_mixin.py:151} INFO - [2023-10-11T07:20:51.836+0000] {dagbag.py:539} INFO - Filling up the DagBag from /home/airflow/.local/lib/python3.8/site-packages/airflow/example_dags/example_branch_labels.py
[2023-10-11T07:20:51.854+0000] {processor.py:839} INFO - DAG(s) dict_keys(['example_branch_labels']) retrieved from /home/airflow/.local/lib/python3.8/site-packages/airflow/example_dags/example_branch_labels.py
[2023-10-11T07:20:51.894+0000] {logging_mixin.py:151} INFO - [2023-10-11T07:20:51.894+0000] {dag.py:2915} INFO - Sync 1 DAGs
[2023-10-11T07:20:51.917+0000] {logging_mixin.py:151} INFO - [2023-10-11T07:20:51.917+0000] {dag.py:3696} INFO - Setting next_dagrun for example_branch_labels to 2023-10-10T00:00:00+00:00, run_after=2023-10-11T00:00:00+00:00
[2023-10-11T07:20:51.934+0000] {processor.py:179} INFO - Processing /home/airflow/.local/lib/python3.8/site-packages/airflow/example_dags/example_branch_labels.py took 0.104 seconds
[2023-10-11T07:21:22.821+0000] {processor.py:157} INFO - Started process (PID=9679) to work on /home/airflow/.local/lib/python3.8/site-packages/airflow/example_dags/example_branch_labels.py
[2023-10-11T07:21:22.822+0000] {processor.py:829} INFO - Processing file /home/airflow/.local/lib/python3.8/site-packages/airflow/example_dags/example_branch_labels.py for tasks to queue
[2023-10-11T07:21:22.823+0000] {logging_mixin.py:151} INFO - [2023-10-11T07:21:22.822+0000] {dagbag.py:539} INFO - Filling up the DagBag from /home/airflow/.local/lib/python3.8/site-packages/airflow/example_dags/example_branch_labels.py
[2023-10-11T07:21:22.828+0000] {processor.py:839} INFO - DAG(s) dict_keys(['example_branch_labels']) retrieved from /home/airflow/.local/lib/python3.8/site-packages/airflow/example_dags/example_branch_labels.py
[2023-10-11T07:21:22.842+0000] {logging_mixin.py:151} INFO - [2023-10-11T07:21:22.842+0000] {dag.py:2915} INFO - Sync 1 DAGs
[2023-10-11T07:21:22.855+0000] {logging_mixin.py:151} INFO - [2023-10-11T07:21:22.855+0000] {dag.py:3696} INFO - Setting next_dagrun for example_branch_labels to 2023-10-10T00:00:00+00:00, run_after=2023-10-11T00:00:00+00:00
[2023-10-11T07:21:22.863+0000] {processor.py:179} INFO - Processing /home/airflow/.local/lib/python3.8/site-packages/airflow/example_dags/example_branch_labels.py took 0.045 seconds
[2023-10-11T07:21:53.516+0000] {processor.py:157} INFO - Started process (PID=9922) to work on /home/airflow/.local/lib/python3.8/site-packages/airflow/example_dags/example_branch_labels.py
[2023-10-11T07:21:53.518+0000] {processor.py:829} INFO - Processing file /home/airflow/.local/lib/python3.8/site-packages/airflow/example_dags/example_branch_labels.py for tasks to queue
[2023-10-11T07:21:53.519+0000] {logging_mixin.py:151} INFO - [2023-10-11T07:21:53.519+0000] {dagbag.py:539} INFO - Filling up the DagBag from /home/airflow/.local/lib/python3.8/site-packages/airflow/example_dags/example_branch_labels.py
[2023-10-11T07:21:53.532+0000] {processor.py:839} INFO - DAG(s) dict_keys(['example_branch_labels']) retrieved from /home/airflow/.local/lib/python3.8/site-packages/airflow/example_dags/example_branch_labels.py
[2023-10-11T07:21:53.568+0000] {logging_mixin.py:151} INFO - [2023-10-11T07:21:53.568+0000] {dag.py:2915} INFO - Sync 1 DAGs
[2023-10-11T07:21:53.603+0000] {logging_mixin.py:151} INFO - [2023-10-11T07:21:53.602+0000] {dag.py:3696} INFO - Setting next_dagrun for example_branch_labels to 2023-10-10T00:00:00+00:00, run_after=2023-10-11T00:00:00+00:00
[2023-10-11T07:21:53.621+0000] {processor.py:179} INFO - Processing /home/airflow/.local/lib/python3.8/site-packages/airflow/example_dags/example_branch_labels.py took 0.113 seconds
[2023-10-11T07:22:23.702+0000] {processor.py:157} INFO - Started process (PID=10165) to work on /home/airflow/.local/lib/python3.8/site-packages/airflow/example_dags/example_branch_labels.py
[2023-10-11T07:22:23.703+0000] {processor.py:829} INFO - Processing file /home/airflow/.local/lib/python3.8/site-packages/airflow/example_dags/example_branch_labels.py for tasks to queue
[2023-10-11T07:22:23.704+0000] {logging_mixin.py:151} INFO - [2023-10-11T07:22:23.704+0000] {dagbag.py:539} INFO - Filling up the DagBag from /home/airflow/.local/lib/python3.8/site-packages/airflow/example_dags/example_branch_labels.py
[2023-10-11T07:22:23.714+0000] {processor.py:839} INFO - DAG(s) dict_keys(['example_branch_labels']) retrieved from /home/airflow/.local/lib/python3.8/site-packages/airflow/example_dags/example_branch_labels.py
[2023-10-11T07:22:23.742+0000] {logging_mixin.py:151} INFO - [2023-10-11T07:22:23.741+0000] {dag.py:2915} INFO - Sync 1 DAGs
[2023-10-11T07:22:23.776+0000] {logging_mixin.py:151} INFO - [2023-10-11T07:22:23.775+0000] {dag.py:3696} INFO - Setting next_dagrun for example_branch_labels to 2023-10-10T00:00:00+00:00, run_after=2023-10-11T00:00:00+00:00
[2023-10-11T07:22:23.788+0000] {processor.py:179} INFO - Processing /home/airflow/.local/lib/python3.8/site-packages/airflow/example_dags/example_branch_labels.py took 0.089 seconds
[2023-10-11T07:22:54.079+0000] {processor.py:157} INFO - Started process (PID=10408) to work on /home/airflow/.local/lib/python3.8/site-packages/airflow/example_dags/example_branch_labels.py
[2023-10-11T07:22:54.081+0000] {processor.py:829} INFO - Processing file /home/airflow/.local/lib/python3.8/site-packages/airflow/example_dags/example_branch_labels.py for tasks to queue
[2023-10-11T07:22:54.084+0000] {logging_mixin.py:151} INFO - [2023-10-11T07:22:54.083+0000] {dagbag.py:539} INFO - Filling up the DagBag from /home/airflow/.local/lib/python3.8/site-packages/airflow/example_dags/example_branch_labels.py
[2023-10-11T07:22:54.094+0000] {processor.py:839} INFO - DAG(s) dict_keys(['example_branch_labels']) retrieved from /home/airflow/.local/lib/python3.8/site-packages/airflow/example_dags/example_branch_labels.py
[2023-10-11T07:22:54.119+0000] {logging_mixin.py:151} INFO - [2023-10-11T07:22:54.119+0000] {dag.py:2915} INFO - Sync 1 DAGs
[2023-10-11T07:22:54.140+0000] {logging_mixin.py:151} INFO - [2023-10-11T07:22:54.140+0000] {dag.py:3696} INFO - Setting next_dagrun for example_branch_labels to 2023-10-10T00:00:00+00:00, run_after=2023-10-11T00:00:00+00:00
[2023-10-11T07:22:54.181+0000] {processor.py:179} INFO - Processing /home/airflow/.local/lib/python3.8/site-packages/airflow/example_dags/example_branch_labels.py took 0.106 seconds
[2023-10-11T07:23:25.178+0000] {processor.py:157} INFO - Started process (PID=10651) to work on /home/airflow/.local/lib/python3.8/site-packages/airflow/example_dags/example_branch_labels.py
[2023-10-11T07:23:25.179+0000] {processor.py:829} INFO - Processing file /home/airflow/.local/lib/python3.8/site-packages/airflow/example_dags/example_branch_labels.py for tasks to queue
[2023-10-11T07:23:25.180+0000] {logging_mixin.py:151} INFO - [2023-10-11T07:23:25.180+0000] {dagbag.py:539} INFO - Filling up the DagBag from /home/airflow/.local/lib/python3.8/site-packages/airflow/example_dags/example_branch_labels.py
[2023-10-11T07:23:25.186+0000] {processor.py:839} INFO - DAG(s) dict_keys(['example_branch_labels']) retrieved from /home/airflow/.local/lib/python3.8/site-packages/airflow/example_dags/example_branch_labels.py
[2023-10-11T07:23:25.199+0000] {logging_mixin.py:151} INFO - [2023-10-11T07:23:25.199+0000] {dag.py:2915} INFO - Sync 1 DAGs
[2023-10-11T07:23:25.212+0000] {logging_mixin.py:151} INFO - [2023-10-11T07:23:25.212+0000] {dag.py:3696} INFO - Setting next_dagrun for example_branch_labels to 2023-10-10T00:00:00+00:00, run_after=2023-10-11T00:00:00+00:00
[2023-10-11T07:23:25.221+0000] {processor.py:179} INFO - Processing /home/airflow/.local/lib/python3.8/site-packages/airflow/example_dags/example_branch_labels.py took 0.045 seconds
[2023-10-11T07:23:55.378+0000] {processor.py:157} INFO - Started process (PID=10894) to work on /home/airflow/.local/lib/python3.8/site-packages/airflow/example_dags/example_branch_labels.py
[2023-10-11T07:23:55.379+0000] {processor.py:829} INFO - Processing file /home/airflow/.local/lib/python3.8/site-packages/airflow/example_dags/example_branch_labels.py for tasks to queue
[2023-10-11T07:23:55.380+0000] {logging_mixin.py:151} INFO - [2023-10-11T07:23:55.380+0000] {dagbag.py:539} INFO - Filling up the DagBag from /home/airflow/.local/lib/python3.8/site-packages/airflow/example_dags/example_branch_labels.py
[2023-10-11T07:23:55.385+0000] {processor.py:839} INFO - DAG(s) dict_keys(['example_branch_labels']) retrieved from /home/airflow/.local/lib/python3.8/site-packages/airflow/example_dags/example_branch_labels.py
[2023-10-11T07:23:55.400+0000] {logging_mixin.py:151} INFO - [2023-10-11T07:23:55.400+0000] {dag.py:2915} INFO - Sync 1 DAGs
[2023-10-11T07:23:55.412+0000] {logging_mixin.py:151} INFO - [2023-10-11T07:23:55.412+0000] {dag.py:3696} INFO - Setting next_dagrun for example_branch_labels to 2023-10-10T00:00:00+00:00, run_after=2023-10-11T00:00:00+00:00
[2023-10-11T07:23:55.420+0000] {processor.py:179} INFO - Processing /home/airflow/.local/lib/python3.8/site-packages/airflow/example_dags/example_branch_labels.py took 0.044 seconds
[2023-10-11T07:24:25.789+0000] {processor.py:157} INFO - Started process (PID=11137) to work on /home/airflow/.local/lib/python3.8/site-packages/airflow/example_dags/example_branch_labels.py
[2023-10-11T07:24:25.790+0000] {processor.py:829} INFO - Processing file /home/airflow/.local/lib/python3.8/site-packages/airflow/example_dags/example_branch_labels.py for tasks to queue
[2023-10-11T07:24:25.791+0000] {logging_mixin.py:151} INFO - [2023-10-11T07:24:25.791+0000] {dagbag.py:539} INFO - Filling up the DagBag from /home/airflow/.local/lib/python3.8/site-packages/airflow/example_dags/example_branch_labels.py
[2023-10-11T07:24:25.798+0000] {processor.py:839} INFO - DAG(s) dict_keys(['example_branch_labels']) retrieved from /home/airflow/.local/lib/python3.8/site-packages/airflow/example_dags/example_branch_labels.py
[2023-10-11T07:24:25.815+0000] {logging_mixin.py:151} INFO - [2023-10-11T07:24:25.815+0000] {dag.py:2915} INFO - Sync 1 DAGs
[2023-10-11T07:24:25.829+0000] {logging_mixin.py:151} INFO - [2023-10-11T07:24:25.828+0000] {dag.py:3696} INFO - Setting next_dagrun for example_branch_labels to 2023-10-10T00:00:00+00:00, run_after=2023-10-11T00:00:00+00:00
[2023-10-11T07:24:25.839+0000] {processor.py:179} INFO - Processing /home/airflow/.local/lib/python3.8/site-packages/airflow/example_dags/example_branch_labels.py took 0.052 seconds
[2023-10-11T07:24:55.933+0000] {processor.py:157} INFO - Started process (PID=11380) to work on /home/airflow/.local/lib/python3.8/site-packages/airflow/example_dags/example_branch_labels.py
[2023-10-11T07:24:55.934+0000] {processor.py:829} INFO - Processing file /home/airflow/.local/lib/python3.8/site-packages/airflow/example_dags/example_branch_labels.py for tasks to queue
[2023-10-11T07:24:55.935+0000] {logging_mixin.py:151} INFO - [2023-10-11T07:24:55.935+0000] {dagbag.py:539} INFO - Filling up the DagBag from /home/airflow/.local/lib/python3.8/site-packages/airflow/example_dags/example_branch_labels.py
[2023-10-11T07:24:55.941+0000] {processor.py:839} INFO - DAG(s) dict_keys(['example_branch_labels']) retrieved from /home/airflow/.local/lib/python3.8/site-packages/airflow/example_dags/example_branch_labels.py
[2023-10-11T07:24:55.970+0000] {logging_mixin.py:151} INFO - [2023-10-11T07:24:55.969+0000] {dag.py:2915} INFO - Sync 1 DAGs
[2023-10-11T07:24:55.983+0000] {logging_mixin.py:151} INFO - [2023-10-11T07:24:55.983+0000] {dag.py:3696} INFO - Setting next_dagrun for example_branch_labels to 2023-10-10T00:00:00+00:00, run_after=2023-10-11T00:00:00+00:00
[2023-10-11T07:24:55.991+0000] {processor.py:179} INFO - Processing /home/airflow/.local/lib/python3.8/site-packages/airflow/example_dags/example_branch_labels.py took 0.061 seconds
[2023-10-11T07:25:26.387+0000] {processor.py:157} INFO - Started process (PID=11623) to work on /home/airflow/.local/lib/python3.8/site-packages/airflow/example_dags/example_branch_labels.py
[2023-10-11T07:25:26.389+0000] {processor.py:829} INFO - Processing file /home/airflow/.local/lib/python3.8/site-packages/airflow/example_dags/example_branch_labels.py for tasks to queue
[2023-10-11T07:25:26.391+0000] {logging_mixin.py:151} INFO - [2023-10-11T07:25:26.390+0000] {dagbag.py:539} INFO - Filling up the DagBag from /home/airflow/.local/lib/python3.8/site-packages/airflow/example_dags/example_branch_labels.py
[2023-10-11T07:25:26.406+0000] {processor.py:839} INFO - DAG(s) dict_keys(['example_branch_labels']) retrieved from /home/airflow/.local/lib/python3.8/site-packages/airflow/example_dags/example_branch_labels.py
[2023-10-11T07:25:26.487+0000] {logging_mixin.py:151} INFO - [2023-10-11T07:25:26.487+0000] {dag.py:2915} INFO - Sync 1 DAGs
[2023-10-11T07:25:26.522+0000] {logging_mixin.py:151} INFO - [2023-10-11T07:25:26.522+0000] {dag.py:3696} INFO - Setting next_dagrun for example_branch_labels to 2023-10-10T00:00:00+00:00, run_after=2023-10-11T00:00:00+00:00
[2023-10-11T07:25:26.549+0000] {processor.py:179} INFO - Processing /home/airflow/.local/lib/python3.8/site-packages/airflow/example_dags/example_branch_labels.py took 0.168 seconds
[2023-10-11T07:25:57.084+0000] {processor.py:157} INFO - Started process (PID=11866) to work on /home/airflow/.local/lib/python3.8/site-packages/airflow/example_dags/example_branch_labels.py
[2023-10-11T07:25:57.085+0000] {processor.py:829} INFO - Processing file /home/airflow/.local/lib/python3.8/site-packages/airflow/example_dags/example_branch_labels.py for tasks to queue
[2023-10-11T07:25:57.085+0000] {logging_mixin.py:151} INFO - [2023-10-11T07:25:57.085+0000] {dagbag.py:539} INFO - Filling up the DagBag from /home/airflow/.local/lib/python3.8/site-packages/airflow/example_dags/example_branch_labels.py
[2023-10-11T07:25:57.091+0000] {processor.py:839} INFO - DAG(s) dict_keys(['example_branch_labels']) retrieved from /home/airflow/.local/lib/python3.8/site-packages/airflow/example_dags/example_branch_labels.py
[2023-10-11T07:25:57.104+0000] {logging_mixin.py:151} INFO - [2023-10-11T07:25:57.104+0000] {dag.py:2915} INFO - Sync 1 DAGs
[2023-10-11T07:25:57.115+0000] {logging_mixin.py:151} INFO - [2023-10-11T07:25:57.115+0000] {dag.py:3696} INFO - Setting next_dagrun for example_branch_labels to 2023-10-10T00:00:00+00:00, run_after=2023-10-11T00:00:00+00:00
[2023-10-11T07:25:57.130+0000] {processor.py:179} INFO - Processing /home/airflow/.local/lib/python3.8/site-packages/airflow/example_dags/example_branch_labels.py took 0.049 seconds
[2023-10-11T07:26:27.516+0000] {processor.py:157} INFO - Started process (PID=12109) to work on /home/airflow/.local/lib/python3.8/site-packages/airflow/example_dags/example_branch_labels.py
[2023-10-11T07:26:27.517+0000] {processor.py:829} INFO - Processing file /home/airflow/.local/lib/python3.8/site-packages/airflow/example_dags/example_branch_labels.py for tasks to queue
[2023-10-11T07:26:27.518+0000] {logging_mixin.py:151} INFO - [2023-10-11T07:26:27.518+0000] {dagbag.py:539} INFO - Filling up the DagBag from /home/airflow/.local/lib/python3.8/site-packages/airflow/example_dags/example_branch_labels.py
[2023-10-11T07:26:27.524+0000] {processor.py:839} INFO - DAG(s) dict_keys(['example_branch_labels']) retrieved from /home/airflow/.local/lib/python3.8/site-packages/airflow/example_dags/example_branch_labels.py
[2023-10-11T07:26:27.539+0000] {logging_mixin.py:151} INFO - [2023-10-11T07:26:27.539+0000] {dag.py:2915} INFO - Sync 1 DAGs
[2023-10-11T07:26:27.559+0000] {logging_mixin.py:151} INFO - [2023-10-11T07:26:27.559+0000] {dag.py:3696} INFO - Setting next_dagrun for example_branch_labels to 2023-10-10T00:00:00+00:00, run_after=2023-10-11T00:00:00+00:00
[2023-10-11T07:26:27.582+0000] {processor.py:179} INFO - Processing /home/airflow/.local/lib/python3.8/site-packages/airflow/example_dags/example_branch_labels.py took 0.068 seconds
[2023-10-11T07:26:58.112+0000] {processor.py:157} INFO - Started process (PID=12352) to work on /home/airflow/.local/lib/python3.8/site-packages/airflow/example_dags/example_branch_labels.py
[2023-10-11T07:26:58.113+0000] {processor.py:829} INFO - Processing file /home/airflow/.local/lib/python3.8/site-packages/airflow/example_dags/example_branch_labels.py for tasks to queue
[2023-10-11T07:26:58.114+0000] {logging_mixin.py:151} INFO - [2023-10-11T07:26:58.114+0000] {dagbag.py:539} INFO - Filling up the DagBag from /home/airflow/.local/lib/python3.8/site-packages/airflow/example_dags/example_branch_labels.py
[2023-10-11T07:26:58.121+0000] {processor.py:839} INFO - DAG(s) dict_keys(['example_branch_labels']) retrieved from /home/airflow/.local/lib/python3.8/site-packages/airflow/example_dags/example_branch_labels.py
[2023-10-11T07:26:58.135+0000] {logging_mixin.py:151} INFO - [2023-10-11T07:26:58.135+0000] {dag.py:2915} INFO - Sync 1 DAGs
[2023-10-11T07:26:58.151+0000] {logging_mixin.py:151} INFO - [2023-10-11T07:26:58.151+0000] {dag.py:3696} INFO - Setting next_dagrun for example_branch_labels to 2023-10-10T00:00:00+00:00, run_after=2023-10-11T00:00:00+00:00
[2023-10-11T07:26:58.177+0000] {processor.py:179} INFO - Processing /home/airflow/.local/lib/python3.8/site-packages/airflow/example_dags/example_branch_labels.py took 0.068 seconds
[2023-10-11T07:27:28.893+0000] {processor.py:157} INFO - Started process (PID=12595) to work on /home/airflow/.local/lib/python3.8/site-packages/airflow/example_dags/example_branch_labels.py
[2023-10-11T07:27:28.894+0000] {processor.py:829} INFO - Processing file /home/airflow/.local/lib/python3.8/site-packages/airflow/example_dags/example_branch_labels.py for tasks to queue
[2023-10-11T07:27:28.894+0000] {logging_mixin.py:151} INFO - [2023-10-11T07:27:28.894+0000] {dagbag.py:539} INFO - Filling up the DagBag from /home/airflow/.local/lib/python3.8/site-packages/airflow/example_dags/example_branch_labels.py
[2023-10-11T07:27:28.900+0000] {processor.py:839} INFO - DAG(s) dict_keys(['example_branch_labels']) retrieved from /home/airflow/.local/lib/python3.8/site-packages/airflow/example_dags/example_branch_labels.py
[2023-10-11T07:27:28.914+0000] {logging_mixin.py:151} INFO - [2023-10-11T07:27:28.914+0000] {dag.py:2915} INFO - Sync 1 DAGs
[2023-10-11T07:27:28.925+0000] {logging_mixin.py:151} INFO - [2023-10-11T07:27:28.925+0000] {dag.py:3696} INFO - Setting next_dagrun for example_branch_labels to 2023-10-10T00:00:00+00:00, run_after=2023-10-11T00:00:00+00:00
[2023-10-11T07:27:28.933+0000] {processor.py:179} INFO - Processing /home/airflow/.local/lib/python3.8/site-packages/airflow/example_dags/example_branch_labels.py took 0.042 seconds
[2023-10-11T07:27:59.036+0000] {processor.py:157} INFO - Started process (PID=12838) to work on /home/airflow/.local/lib/python3.8/site-packages/airflow/example_dags/example_branch_labels.py
[2023-10-11T07:27:59.037+0000] {processor.py:829} INFO - Processing file /home/airflow/.local/lib/python3.8/site-packages/airflow/example_dags/example_branch_labels.py for tasks to queue
[2023-10-11T07:27:59.038+0000] {logging_mixin.py:151} INFO - [2023-10-11T07:27:59.037+0000] {dagbag.py:539} INFO - Filling up the DagBag from /home/airflow/.local/lib/python3.8/site-packages/airflow/example_dags/example_branch_labels.py
[2023-10-11T07:27:59.043+0000] {processor.py:839} INFO - DAG(s) dict_keys(['example_branch_labels']) retrieved from /home/airflow/.local/lib/python3.8/site-packages/airflow/example_dags/example_branch_labels.py
[2023-10-11T07:27:59.079+0000] {logging_mixin.py:151} INFO - [2023-10-11T07:27:59.079+0000] {dag.py:2915} INFO - Sync 1 DAGs
[2023-10-11T07:27:59.091+0000] {logging_mixin.py:151} INFO - [2023-10-11T07:27:59.091+0000] {dag.py:3696} INFO - Setting next_dagrun for example_branch_labels to 2023-10-10T00:00:00+00:00, run_after=2023-10-11T00:00:00+00:00
[2023-10-11T07:27:59.168+0000] {processor.py:179} INFO - Processing /home/airflow/.local/lib/python3.8/site-packages/airflow/example_dags/example_branch_labels.py took 0.134 seconds
[2023-10-11T07:28:29.336+0000] {processor.py:157} INFO - Started process (PID=13081) to work on /home/airflow/.local/lib/python3.8/site-packages/airflow/example_dags/example_branch_labels.py
[2023-10-11T07:28:29.337+0000] {processor.py:829} INFO - Processing file /home/airflow/.local/lib/python3.8/site-packages/airflow/example_dags/example_branch_labels.py for tasks to queue
[2023-10-11T07:28:29.338+0000] {logging_mixin.py:151} INFO - [2023-10-11T07:28:29.338+0000] {dagbag.py:539} INFO - Filling up the DagBag from /home/airflow/.local/lib/python3.8/site-packages/airflow/example_dags/example_branch_labels.py
[2023-10-11T07:28:29.354+0000] {processor.py:839} INFO - DAG(s) dict_keys(['example_branch_labels']) retrieved from /home/airflow/.local/lib/python3.8/site-packages/airflow/example_dags/example_branch_labels.py
[2023-10-11T07:28:29.381+0000] {logging_mixin.py:151} INFO - [2023-10-11T07:28:29.381+0000] {dag.py:2915} INFO - Sync 1 DAGs
[2023-10-11T07:28:29.393+0000] {logging_mixin.py:151} INFO - [2023-10-11T07:28:29.393+0000] {dag.py:3696} INFO - Setting next_dagrun for example_branch_labels to 2023-10-10T00:00:00+00:00, run_after=2023-10-11T00:00:00+00:00
[2023-10-11T07:28:29.402+0000] {processor.py:179} INFO - Processing /home/airflow/.local/lib/python3.8/site-packages/airflow/example_dags/example_branch_labels.py took 0.068 seconds
