[2023-10-11T07:01:34.202+0000] {processor.py:157} INFO - Started process (PID=270) to work on /home/airflow/.local/lib/python3.8/site-packages/airflow/example_dags/example_sla_dag.py
[2023-10-11T07:01:34.205+0000] {processor.py:829} INFO - Processing file /home/airflow/.local/lib/python3.8/site-packages/airflow/example_dags/example_sla_dag.py for tasks to queue
[2023-10-11T07:01:34.208+0000] {logging_mixin.py:151} INFO - [2023-10-11T07:01:34.207+0000] {dagbag.py:539} INFO - Filling up the DagBag from /home/airflow/.local/lib/python3.8/site-packages/airflow/example_dags/example_sla_dag.py
[2023-10-11T07:01:34.224+0000] {processor.py:839} INFO - DAG(s) dict_keys(['example_sla_dag']) retrieved from /home/airflow/.local/lib/python3.8/site-packages/airflow/example_dags/example_sla_dag.py
[2023-10-11T07:01:34.509+0000] {logging_mixin.py:151} INFO - [2023-10-11T07:01:34.508+0000] {manager.py:499} INFO - Created Permission View: %s
[2023-10-11T07:01:34.517+0000] {logging_mixin.py:151} INFO - [2023-10-11T07:01:34.517+0000] {manager.py:499} INFO - Created Permission View: %s
[2023-10-11T07:01:34.522+0000] {logging_mixin.py:151} INFO - [2023-10-11T07:01:34.522+0000] {manager.py:499} INFO - Created Permission View: %s
[2023-10-11T07:01:34.522+0000] {logging_mixin.py:151} INFO - [2023-10-11T07:01:34.522+0000] {security.py:708} INFO - Not syncing DAG-level permissions for DAG 'DAG:example_sla_dag' as access control is unset.
[2023-10-11T07:01:34.522+0000] {logging_mixin.py:151} INFO - [2023-10-11T07:01:34.522+0000] {dag.py:2915} INFO - Sync 1 DAGs
[2023-10-11T07:01:34.529+0000] {logging_mixin.py:151} INFO - [2023-10-11T07:01:34.528+0000] {dag.py:2937} INFO - Creating ORM DAG for example_sla_dag
[2023-10-11T07:01:34.541+0000] {logging_mixin.py:151} INFO - [2023-10-11T07:01:34.541+0000] {dag.py:3696} INFO - Setting next_dagrun for example_sla_dag to 2023-10-11T06:58:00+00:00, run_after=2023-10-11T07:00:00+00:00
[2023-10-11T07:01:34.573+0000] {processor.py:179} INFO - Processing /home/airflow/.local/lib/python3.8/site-packages/airflow/example_dags/example_sla_dag.py took 0.375 seconds
[2023-10-11T07:02:04.816+0000] {processor.py:157} INFO - Started process (PID=511) to work on /home/airflow/.local/lib/python3.8/site-packages/airflow/example_dags/example_sla_dag.py
[2023-10-11T07:02:04.817+0000] {processor.py:829} INFO - Processing file /home/airflow/.local/lib/python3.8/site-packages/airflow/example_dags/example_sla_dag.py for tasks to queue
[2023-10-11T07:02:04.818+0000] {logging_mixin.py:151} INFO - [2023-10-11T07:02:04.817+0000] {dagbag.py:539} INFO - Filling up the DagBag from /home/airflow/.local/lib/python3.8/site-packages/airflow/example_dags/example_sla_dag.py
[2023-10-11T07:02:04.823+0000] {processor.py:839} INFO - DAG(s) dict_keys(['example_sla_dag']) retrieved from /home/airflow/.local/lib/python3.8/site-packages/airflow/example_dags/example_sla_dag.py
[2023-10-11T07:02:04.837+0000] {logging_mixin.py:151} INFO - [2023-10-11T07:02:04.837+0000] {dag.py:2915} INFO - Sync 1 DAGs
[2023-10-11T07:02:04.850+0000] {logging_mixin.py:151} INFO - [2023-10-11T07:02:04.850+0000] {dag.py:3696} INFO - Setting next_dagrun for example_sla_dag to 2023-10-11T07:00:00+00:00, run_after=2023-10-11T07:02:00+00:00
[2023-10-11T07:02:04.861+0000] {processor.py:179} INFO - Processing /home/airflow/.local/lib/python3.8/site-packages/airflow/example_dags/example_sla_dag.py took 0.047 seconds
[2023-10-11T07:02:35.521+0000] {processor.py:157} INFO - Started process (PID=746) to work on /home/airflow/.local/lib/python3.8/site-packages/airflow/example_dags/example_sla_dag.py
[2023-10-11T07:02:35.521+0000] {processor.py:829} INFO - Processing file /home/airflow/.local/lib/python3.8/site-packages/airflow/example_dags/example_sla_dag.py for tasks to queue
[2023-10-11T07:02:35.522+0000] {logging_mixin.py:151} INFO - [2023-10-11T07:02:35.522+0000] {dagbag.py:539} INFO - Filling up the DagBag from /home/airflow/.local/lib/python3.8/site-packages/airflow/example_dags/example_sla_dag.py
[2023-10-11T07:02:35.528+0000] {processor.py:839} INFO - DAG(s) dict_keys(['example_sla_dag']) retrieved from /home/airflow/.local/lib/python3.8/site-packages/airflow/example_dags/example_sla_dag.py
[2023-10-11T07:02:35.541+0000] {logging_mixin.py:151} INFO - [2023-10-11T07:02:35.541+0000] {dag.py:2915} INFO - Sync 1 DAGs
[2023-10-11T07:02:35.560+0000] {logging_mixin.py:151} INFO - [2023-10-11T07:02:35.560+0000] {dag.py:3696} INFO - Setting next_dagrun for example_sla_dag to 2023-10-11T07:00:00+00:00, run_after=2023-10-11T07:02:00+00:00
[2023-10-11T07:02:35.614+0000] {processor.py:179} INFO - Processing /home/airflow/.local/lib/python3.8/site-packages/airflow/example_dags/example_sla_dag.py took 0.097 seconds
[2023-10-11T07:03:06.512+0000] {processor.py:157} INFO - Started process (PID=984) to work on /home/airflow/.local/lib/python3.8/site-packages/airflow/example_dags/example_sla_dag.py
[2023-10-11T07:03:06.513+0000] {processor.py:829} INFO - Processing file /home/airflow/.local/lib/python3.8/site-packages/airflow/example_dags/example_sla_dag.py for tasks to queue
[2023-10-11T07:03:06.514+0000] {logging_mixin.py:151} INFO - [2023-10-11T07:03:06.513+0000] {dagbag.py:539} INFO - Filling up the DagBag from /home/airflow/.local/lib/python3.8/site-packages/airflow/example_dags/example_sla_dag.py
[2023-10-11T07:03:06.521+0000] {processor.py:839} INFO - DAG(s) dict_keys(['example_sla_dag']) retrieved from /home/airflow/.local/lib/python3.8/site-packages/airflow/example_dags/example_sla_dag.py
[2023-10-11T07:03:06.541+0000] {logging_mixin.py:151} INFO - [2023-10-11T07:03:06.541+0000] {dag.py:2915} INFO - Sync 1 DAGs
[2023-10-11T07:03:06.618+0000] {logging_mixin.py:151} INFO - [2023-10-11T07:03:06.618+0000] {dag.py:3696} INFO - Setting next_dagrun for example_sla_dag to 2023-10-11T07:00:00+00:00, run_after=2023-10-11T07:02:00+00:00
[2023-10-11T07:03:06.628+0000] {processor.py:179} INFO - Processing /home/airflow/.local/lib/python3.8/site-packages/airflow/example_dags/example_sla_dag.py took 0.118 seconds
[2023-10-11T07:03:37.245+0000] {processor.py:157} INFO - Started process (PID=1222) to work on /home/airflow/.local/lib/python3.8/site-packages/airflow/example_dags/example_sla_dag.py
[2023-10-11T07:03:37.246+0000] {processor.py:829} INFO - Processing file /home/airflow/.local/lib/python3.8/site-packages/airflow/example_dags/example_sla_dag.py for tasks to queue
[2023-10-11T07:03:37.247+0000] {logging_mixin.py:151} INFO - [2023-10-11T07:03:37.247+0000] {dagbag.py:539} INFO - Filling up the DagBag from /home/airflow/.local/lib/python3.8/site-packages/airflow/example_dags/example_sla_dag.py
[2023-10-11T07:03:37.253+0000] {processor.py:839} INFO - DAG(s) dict_keys(['example_sla_dag']) retrieved from /home/airflow/.local/lib/python3.8/site-packages/airflow/example_dags/example_sla_dag.py
[2023-10-11T07:03:37.291+0000] {logging_mixin.py:151} INFO - [2023-10-11T07:03:37.291+0000] {dag.py:2915} INFO - Sync 1 DAGs
[2023-10-11T07:03:37.304+0000] {logging_mixin.py:151} INFO - [2023-10-11T07:03:37.304+0000] {dag.py:3696} INFO - Setting next_dagrun for example_sla_dag to 2023-10-11T07:00:00+00:00, run_after=2023-10-11T07:02:00+00:00
[2023-10-11T07:03:37.313+0000] {processor.py:179} INFO - Processing /home/airflow/.local/lib/python3.8/site-packages/airflow/example_dags/example_sla_dag.py took 0.070 seconds
[2023-10-11T07:04:07.602+0000] {processor.py:157} INFO - Started process (PID=1460) to work on /home/airflow/.local/lib/python3.8/site-packages/airflow/example_dags/example_sla_dag.py
[2023-10-11T07:04:07.603+0000] {processor.py:829} INFO - Processing file /home/airflow/.local/lib/python3.8/site-packages/airflow/example_dags/example_sla_dag.py for tasks to queue
[2023-10-11T07:04:07.604+0000] {logging_mixin.py:151} INFO - [2023-10-11T07:04:07.603+0000] {dagbag.py:539} INFO - Filling up the DagBag from /home/airflow/.local/lib/python3.8/site-packages/airflow/example_dags/example_sla_dag.py
[2023-10-11T07:04:07.610+0000] {processor.py:839} INFO - DAG(s) dict_keys(['example_sla_dag']) retrieved from /home/airflow/.local/lib/python3.8/site-packages/airflow/example_dags/example_sla_dag.py
[2023-10-11T07:04:07.628+0000] {logging_mixin.py:151} INFO - [2023-10-11T07:04:07.628+0000] {dag.py:2915} INFO - Sync 1 DAGs
[2023-10-11T07:04:07.705+0000] {logging_mixin.py:151} INFO - [2023-10-11T07:04:07.705+0000] {dag.py:3696} INFO - Setting next_dagrun for example_sla_dag to 2023-10-11T07:02:00+00:00, run_after=2023-10-11T07:04:00+00:00
[2023-10-11T07:04:07.724+0000] {processor.py:179} INFO - Processing /home/airflow/.local/lib/python3.8/site-packages/airflow/example_dags/example_sla_dag.py took 0.125 seconds
[2023-10-11T07:04:38.518+0000] {processor.py:157} INFO - Started process (PID=1700) to work on /home/airflow/.local/lib/python3.8/site-packages/airflow/example_dags/example_sla_dag.py
[2023-10-11T07:04:38.519+0000] {processor.py:829} INFO - Processing file /home/airflow/.local/lib/python3.8/site-packages/airflow/example_dags/example_sla_dag.py for tasks to queue
[2023-10-11T07:04:38.520+0000] {logging_mixin.py:151} INFO - [2023-10-11T07:04:38.519+0000] {dagbag.py:539} INFO - Filling up the DagBag from /home/airflow/.local/lib/python3.8/site-packages/airflow/example_dags/example_sla_dag.py
[2023-10-11T07:04:38.526+0000] {processor.py:839} INFO - DAG(s) dict_keys(['example_sla_dag']) retrieved from /home/airflow/.local/lib/python3.8/site-packages/airflow/example_dags/example_sla_dag.py
[2023-10-11T07:04:38.543+0000] {logging_mixin.py:151} INFO - [2023-10-11T07:04:38.543+0000] {dag.py:2915} INFO - Sync 1 DAGs
[2023-10-11T07:04:38.582+0000] {logging_mixin.py:151} INFO - [2023-10-11T07:04:38.581+0000] {dag.py:3696} INFO - Setting next_dagrun for example_sla_dag to 2023-10-11T07:02:00+00:00, run_after=2023-10-11T07:04:00+00:00
[2023-10-11T07:04:38.592+0000] {processor.py:179} INFO - Processing /home/airflow/.local/lib/python3.8/site-packages/airflow/example_dags/example_sla_dag.py took 0.077 seconds
[2023-10-11T07:05:09.014+0000] {processor.py:157} INFO - Started process (PID=1936) to work on /home/airflow/.local/lib/python3.8/site-packages/airflow/example_dags/example_sla_dag.py
[2023-10-11T07:05:09.015+0000] {processor.py:829} INFO - Processing file /home/airflow/.local/lib/python3.8/site-packages/airflow/example_dags/example_sla_dag.py for tasks to queue
[2023-10-11T07:05:09.016+0000] {logging_mixin.py:151} INFO - [2023-10-11T07:05:09.016+0000] {dagbag.py:539} INFO - Filling up the DagBag from /home/airflow/.local/lib/python3.8/site-packages/airflow/example_dags/example_sla_dag.py
[2023-10-11T07:05:09.023+0000] {processor.py:839} INFO - DAG(s) dict_keys(['example_sla_dag']) retrieved from /home/airflow/.local/lib/python3.8/site-packages/airflow/example_dags/example_sla_dag.py
[2023-10-11T07:05:09.041+0000] {logging_mixin.py:151} INFO - [2023-10-11T07:05:09.041+0000] {dag.py:2915} INFO - Sync 1 DAGs
[2023-10-11T07:05:09.069+0000] {logging_mixin.py:151} INFO - [2023-10-11T07:05:09.069+0000] {dag.py:3696} INFO - Setting next_dagrun for example_sla_dag to 2023-10-11T07:02:00+00:00, run_after=2023-10-11T07:04:00+00:00
[2023-10-11T07:05:09.094+0000] {processor.py:179} INFO - Processing /home/airflow/.local/lib/python3.8/site-packages/airflow/example_dags/example_sla_dag.py took 0.083 seconds
[2023-10-11T07:05:39.811+0000] {processor.py:157} INFO - Started process (PID=2174) to work on /home/airflow/.local/lib/python3.8/site-packages/airflow/example_dags/example_sla_dag.py
[2023-10-11T07:05:39.812+0000] {processor.py:829} INFO - Processing file /home/airflow/.local/lib/python3.8/site-packages/airflow/example_dags/example_sla_dag.py for tasks to queue
[2023-10-11T07:05:39.812+0000] {logging_mixin.py:151} INFO - [2023-10-11T07:05:39.812+0000] {dagbag.py:539} INFO - Filling up the DagBag from /home/airflow/.local/lib/python3.8/site-packages/airflow/example_dags/example_sla_dag.py
[2023-10-11T07:05:39.817+0000] {processor.py:839} INFO - DAG(s) dict_keys(['example_sla_dag']) retrieved from /home/airflow/.local/lib/python3.8/site-packages/airflow/example_dags/example_sla_dag.py
[2023-10-11T07:05:39.830+0000] {logging_mixin.py:151} INFO - [2023-10-11T07:05:39.830+0000] {dag.py:2915} INFO - Sync 1 DAGs
[2023-10-11T07:05:39.843+0000] {logging_mixin.py:151} INFO - [2023-10-11T07:05:39.843+0000] {dag.py:3696} INFO - Setting next_dagrun for example_sla_dag to 2023-10-11T07:02:00+00:00, run_after=2023-10-11T07:04:00+00:00
[2023-10-11T07:05:39.852+0000] {processor.py:179} INFO - Processing /home/airflow/.local/lib/python3.8/site-packages/airflow/example_dags/example_sla_dag.py took 0.043 seconds
[2023-10-11T07:06:10.193+0000] {processor.py:157} INFO - Started process (PID=2412) to work on /home/airflow/.local/lib/python3.8/site-packages/airflow/example_dags/example_sla_dag.py
[2023-10-11T07:06:10.194+0000] {processor.py:829} INFO - Processing file /home/airflow/.local/lib/python3.8/site-packages/airflow/example_dags/example_sla_dag.py for tasks to queue
[2023-10-11T07:06:10.195+0000] {logging_mixin.py:151} INFO - [2023-10-11T07:06:10.195+0000] {dagbag.py:539} INFO - Filling up the DagBag from /home/airflow/.local/lib/python3.8/site-packages/airflow/example_dags/example_sla_dag.py
[2023-10-11T07:06:10.200+0000] {processor.py:839} INFO - DAG(s) dict_keys(['example_sla_dag']) retrieved from /home/airflow/.local/lib/python3.8/site-packages/airflow/example_dags/example_sla_dag.py
[2023-10-11T07:06:10.214+0000] {logging_mixin.py:151} INFO - [2023-10-11T07:06:10.214+0000] {dag.py:2915} INFO - Sync 1 DAGs
[2023-10-11T07:06:10.228+0000] {logging_mixin.py:151} INFO - [2023-10-11T07:06:10.228+0000] {dag.py:3696} INFO - Setting next_dagrun for example_sla_dag to 2023-10-11T07:04:00+00:00, run_after=2023-10-11T07:06:00+00:00
[2023-10-11T07:06:10.238+0000] {processor.py:179} INFO - Processing /home/airflow/.local/lib/python3.8/site-packages/airflow/example_dags/example_sla_dag.py took 0.047 seconds
[2023-10-11T07:06:40.726+0000] {processor.py:157} INFO - Started process (PID=2655) to work on /home/airflow/.local/lib/python3.8/site-packages/airflow/example_dags/example_sla_dag.py
[2023-10-11T07:06:40.727+0000] {processor.py:829} INFO - Processing file /home/airflow/.local/lib/python3.8/site-packages/airflow/example_dags/example_sla_dag.py for tasks to queue
[2023-10-11T07:06:40.728+0000] {logging_mixin.py:151} INFO - [2023-10-11T07:06:40.727+0000] {dagbag.py:539} INFO - Filling up the DagBag from /home/airflow/.local/lib/python3.8/site-packages/airflow/example_dags/example_sla_dag.py
[2023-10-11T07:06:40.733+0000] {processor.py:839} INFO - DAG(s) dict_keys(['example_sla_dag']) retrieved from /home/airflow/.local/lib/python3.8/site-packages/airflow/example_dags/example_sla_dag.py
[2023-10-11T07:06:40.747+0000] {logging_mixin.py:151} INFO - [2023-10-11T07:06:40.747+0000] {dag.py:2915} INFO - Sync 1 DAGs
[2023-10-11T07:06:40.774+0000] {logging_mixin.py:151} INFO - [2023-10-11T07:06:40.774+0000] {dag.py:3696} INFO - Setting next_dagrun for example_sla_dag to 2023-10-11T07:04:00+00:00, run_after=2023-10-11T07:06:00+00:00
[2023-10-11T07:06:40.787+0000] {processor.py:179} INFO - Processing /home/airflow/.local/lib/python3.8/site-packages/airflow/example_dags/example_sla_dag.py took 0.064 seconds
[2023-10-11T07:07:11.592+0000] {processor.py:157} INFO - Started process (PID=2897) to work on /home/airflow/.local/lib/python3.8/site-packages/airflow/example_dags/example_sla_dag.py
[2023-10-11T07:07:11.593+0000] {processor.py:829} INFO - Processing file /home/airflow/.local/lib/python3.8/site-packages/airflow/example_dags/example_sla_dag.py for tasks to queue
[2023-10-11T07:07:11.593+0000] {logging_mixin.py:151} INFO - [2023-10-11T07:07:11.593+0000] {dagbag.py:539} INFO - Filling up the DagBag from /home/airflow/.local/lib/python3.8/site-packages/airflow/example_dags/example_sla_dag.py
[2023-10-11T07:07:11.600+0000] {processor.py:839} INFO - DAG(s) dict_keys(['example_sla_dag']) retrieved from /home/airflow/.local/lib/python3.8/site-packages/airflow/example_dags/example_sla_dag.py
[2023-10-11T07:07:11.615+0000] {logging_mixin.py:151} INFO - [2023-10-11T07:07:11.615+0000] {dag.py:2915} INFO - Sync 1 DAGs
[2023-10-11T07:07:11.630+0000] {logging_mixin.py:151} INFO - [2023-10-11T07:07:11.630+0000] {dag.py:3696} INFO - Setting next_dagrun for example_sla_dag to 2023-10-11T07:04:00+00:00, run_after=2023-10-11T07:06:00+00:00
[2023-10-11T07:07:11.639+0000] {processor.py:179} INFO - Processing /home/airflow/.local/lib/python3.8/site-packages/airflow/example_dags/example_sla_dag.py took 0.050 seconds
[2023-10-11T07:07:43.644+0000] {processor.py:157} INFO - Started process (PID=3145) to work on /home/airflow/.local/lib/python3.8/site-packages/airflow/example_dags/example_sla_dag.py
[2023-10-11T07:07:43.646+0000] {processor.py:829} INFO - Processing file /home/airflow/.local/lib/python3.8/site-packages/airflow/example_dags/example_sla_dag.py for tasks to queue
[2023-10-11T07:07:43.647+0000] {logging_mixin.py:151} INFO - [2023-10-11T07:07:43.647+0000] {dagbag.py:539} INFO - Filling up the DagBag from /home/airflow/.local/lib/python3.8/site-packages/airflow/example_dags/example_sla_dag.py
[2023-10-11T07:07:43.656+0000] {processor.py:839} INFO - DAG(s) dict_keys(['example_sla_dag']) retrieved from /home/airflow/.local/lib/python3.8/site-packages/airflow/example_dags/example_sla_dag.py
[2023-10-11T07:07:43.716+0000] {logging_mixin.py:151} INFO - [2023-10-11T07:07:43.716+0000] {dag.py:2915} INFO - Sync 1 DAGs
[2023-10-11T07:07:43.742+0000] {logging_mixin.py:151} INFO - [2023-10-11T07:07:43.741+0000] {dag.py:3696} INFO - Setting next_dagrun for example_sla_dag to 2023-10-11T07:04:00+00:00, run_after=2023-10-11T07:06:00+00:00
[2023-10-11T07:07:43.768+0000] {processor.py:179} INFO - Processing /home/airflow/.local/lib/python3.8/site-packages/airflow/example_dags/example_sla_dag.py took 0.127 seconds
[2023-10-11T07:08:14.130+0000] {processor.py:157} INFO - Started process (PID=3414) to work on /home/airflow/.local/lib/python3.8/site-packages/airflow/example_dags/example_sla_dag.py
[2023-10-11T07:08:14.131+0000] {processor.py:829} INFO - Processing file /home/airflow/.local/lib/python3.8/site-packages/airflow/example_dags/example_sla_dag.py for tasks to queue
[2023-10-11T07:08:14.132+0000] {logging_mixin.py:151} INFO - [2023-10-11T07:08:14.132+0000] {dagbag.py:539} INFO - Filling up the DagBag from /home/airflow/.local/lib/python3.8/site-packages/airflow/example_dags/example_sla_dag.py
[2023-10-11T07:08:14.139+0000] {processor.py:839} INFO - DAG(s) dict_keys(['example_sla_dag']) retrieved from /home/airflow/.local/lib/python3.8/site-packages/airflow/example_dags/example_sla_dag.py
[2023-10-11T07:08:14.155+0000] {logging_mixin.py:151} INFO - [2023-10-11T07:08:14.155+0000] {dag.py:2915} INFO - Sync 1 DAGs
[2023-10-11T07:08:14.211+0000] {logging_mixin.py:151} INFO - [2023-10-11T07:08:14.211+0000] {dag.py:3696} INFO - Setting next_dagrun for example_sla_dag to 2023-10-11T07:06:00+00:00, run_after=2023-10-11T07:08:00+00:00
[2023-10-11T07:08:14.231+0000] {processor.py:179} INFO - Processing /home/airflow/.local/lib/python3.8/site-packages/airflow/example_dags/example_sla_dag.py took 0.104 seconds
[2023-10-11T07:08:44.825+0000] {processor.py:157} INFO - Started process (PID=3657) to work on /home/airflow/.local/lib/python3.8/site-packages/airflow/example_dags/example_sla_dag.py
[2023-10-11T07:08:44.829+0000] {processor.py:829} INFO - Processing file /home/airflow/.local/lib/python3.8/site-packages/airflow/example_dags/example_sla_dag.py for tasks to queue
[2023-10-11T07:08:44.832+0000] {logging_mixin.py:151} INFO - [2023-10-11T07:08:44.831+0000] {dagbag.py:539} INFO - Filling up the DagBag from /home/airflow/.local/lib/python3.8/site-packages/airflow/example_dags/example_sla_dag.py
[2023-10-11T07:08:44.847+0000] {processor.py:839} INFO - DAG(s) dict_keys(['example_sla_dag']) retrieved from /home/airflow/.local/lib/python3.8/site-packages/airflow/example_dags/example_sla_dag.py
[2023-10-11T07:08:44.910+0000] {logging_mixin.py:151} INFO - [2023-10-11T07:08:44.910+0000] {dag.py:2915} INFO - Sync 1 DAGs
[2023-10-11T07:08:44.946+0000] {logging_mixin.py:151} INFO - [2023-10-11T07:08:44.945+0000] {dag.py:3696} INFO - Setting next_dagrun for example_sla_dag to 2023-10-11T07:06:00+00:00, run_after=2023-10-11T07:08:00+00:00
[2023-10-11T07:08:45.006+0000] {processor.py:179} INFO - Processing /home/airflow/.local/lib/python3.8/site-packages/airflow/example_dags/example_sla_dag.py took 0.210 seconds
[2023-10-11T07:09:15.254+0000] {processor.py:157} INFO - Started process (PID=3900) to work on /home/airflow/.local/lib/python3.8/site-packages/airflow/example_dags/example_sla_dag.py
[2023-10-11T07:09:15.266+0000] {processor.py:829} INFO - Processing file /home/airflow/.local/lib/python3.8/site-packages/airflow/example_dags/example_sla_dag.py for tasks to queue
[2023-10-11T07:09:15.272+0000] {logging_mixin.py:151} INFO - [2023-10-11T07:09:15.272+0000] {dagbag.py:539} INFO - Filling up the DagBag from /home/airflow/.local/lib/python3.8/site-packages/airflow/example_dags/example_sla_dag.py
[2023-10-11T07:09:15.291+0000] {processor.py:839} INFO - DAG(s) dict_keys(['example_sla_dag']) retrieved from /home/airflow/.local/lib/python3.8/site-packages/airflow/example_dags/example_sla_dag.py
[2023-10-11T07:09:15.327+0000] {logging_mixin.py:151} INFO - [2023-10-11T07:09:15.327+0000] {dag.py:2915} INFO - Sync 1 DAGs
[2023-10-11T07:09:15.386+0000] {logging_mixin.py:151} INFO - [2023-10-11T07:09:15.385+0000] {dag.py:3696} INFO - Setting next_dagrun for example_sla_dag to 2023-10-11T07:06:00+00:00, run_after=2023-10-11T07:08:00+00:00
[2023-10-11T07:09:15.405+0000] {processor.py:179} INFO - Processing /home/airflow/.local/lib/python3.8/site-packages/airflow/example_dags/example_sla_dag.py took 0.158 seconds
[2023-10-11T07:09:45.436+0000] {processor.py:157} INFO - Started process (PID=4140) to work on /home/airflow/.local/lib/python3.8/site-packages/airflow/example_dags/example_sla_dag.py
[2023-10-11T07:09:45.437+0000] {processor.py:829} INFO - Processing file /home/airflow/.local/lib/python3.8/site-packages/airflow/example_dags/example_sla_dag.py for tasks to queue
[2023-10-11T07:09:45.437+0000] {logging_mixin.py:151} INFO - [2023-10-11T07:09:45.437+0000] {dagbag.py:539} INFO - Filling up the DagBag from /home/airflow/.local/lib/python3.8/site-packages/airflow/example_dags/example_sla_dag.py
[2023-10-11T07:09:45.443+0000] {processor.py:839} INFO - DAG(s) dict_keys(['example_sla_dag']) retrieved from /home/airflow/.local/lib/python3.8/site-packages/airflow/example_dags/example_sla_dag.py
[2023-10-11T07:09:45.460+0000] {logging_mixin.py:151} INFO - [2023-10-11T07:09:45.460+0000] {dag.py:2915} INFO - Sync 1 DAGs
[2023-10-11T07:09:45.497+0000] {logging_mixin.py:151} INFO - [2023-10-11T07:09:45.497+0000] {dag.py:3696} INFO - Setting next_dagrun for example_sla_dag to 2023-10-11T07:06:00+00:00, run_after=2023-10-11T07:08:00+00:00
[2023-10-11T07:09:45.508+0000] {processor.py:179} INFO - Processing /home/airflow/.local/lib/python3.8/site-packages/airflow/example_dags/example_sla_dag.py took 0.074 seconds
[2023-10-11T07:10:16.336+0000] {processor.py:157} INFO - Started process (PID=4381) to work on /home/airflow/.local/lib/python3.8/site-packages/airflow/example_dags/example_sla_dag.py
[2023-10-11T07:10:16.337+0000] {processor.py:829} INFO - Processing file /home/airflow/.local/lib/python3.8/site-packages/airflow/example_dags/example_sla_dag.py for tasks to queue
[2023-10-11T07:10:16.338+0000] {logging_mixin.py:151} INFO - [2023-10-11T07:10:16.337+0000] {dagbag.py:539} INFO - Filling up the DagBag from /home/airflow/.local/lib/python3.8/site-packages/airflow/example_dags/example_sla_dag.py
[2023-10-11T07:10:16.345+0000] {processor.py:839} INFO - DAG(s) dict_keys(['example_sla_dag']) retrieved from /home/airflow/.local/lib/python3.8/site-packages/airflow/example_dags/example_sla_dag.py
[2023-10-11T07:10:16.388+0000] {logging_mixin.py:151} INFO - [2023-10-11T07:10:16.388+0000] {dag.py:2915} INFO - Sync 1 DAGs
[2023-10-11T07:10:16.410+0000] {logging_mixin.py:151} INFO - [2023-10-11T07:10:16.410+0000] {dag.py:3696} INFO - Setting next_dagrun for example_sla_dag to 2023-10-11T07:08:00+00:00, run_after=2023-10-11T07:10:00+00:00
[2023-10-11T07:10:16.425+0000] {processor.py:179} INFO - Processing /home/airflow/.local/lib/python3.8/site-packages/airflow/example_dags/example_sla_dag.py took 0.094 seconds
[2023-10-11T07:10:46.642+0000] {processor.py:157} INFO - Started process (PID=4624) to work on /home/airflow/.local/lib/python3.8/site-packages/airflow/example_dags/example_sla_dag.py
[2023-10-11T07:10:46.643+0000] {processor.py:829} INFO - Processing file /home/airflow/.local/lib/python3.8/site-packages/airflow/example_dags/example_sla_dag.py for tasks to queue
[2023-10-11T07:10:46.644+0000] {logging_mixin.py:151} INFO - [2023-10-11T07:10:46.644+0000] {dagbag.py:539} INFO - Filling up the DagBag from /home/airflow/.local/lib/python3.8/site-packages/airflow/example_dags/example_sla_dag.py
[2023-10-11T07:10:46.652+0000] {processor.py:839} INFO - DAG(s) dict_keys(['example_sla_dag']) retrieved from /home/airflow/.local/lib/python3.8/site-packages/airflow/example_dags/example_sla_dag.py
[2023-10-11T07:10:46.685+0000] {logging_mixin.py:151} INFO - [2023-10-11T07:10:46.685+0000] {dag.py:2915} INFO - Sync 1 DAGs
[2023-10-11T07:10:46.701+0000] {logging_mixin.py:151} INFO - [2023-10-11T07:10:46.701+0000] {dag.py:3696} INFO - Setting next_dagrun for example_sla_dag to 2023-10-11T07:08:00+00:00, run_after=2023-10-11T07:10:00+00:00
[2023-10-11T07:10:46.711+0000] {processor.py:179} INFO - Processing /home/airflow/.local/lib/python3.8/site-packages/airflow/example_dags/example_sla_dag.py took 0.072 seconds
[2023-10-11T07:11:17.107+0000] {processor.py:157} INFO - Started process (PID=4867) to work on /home/airflow/.local/lib/python3.8/site-packages/airflow/example_dags/example_sla_dag.py
[2023-10-11T07:11:17.108+0000] {processor.py:829} INFO - Processing file /home/airflow/.local/lib/python3.8/site-packages/airflow/example_dags/example_sla_dag.py for tasks to queue
[2023-10-11T07:11:17.109+0000] {logging_mixin.py:151} INFO - [2023-10-11T07:11:17.109+0000] {dagbag.py:539} INFO - Filling up the DagBag from /home/airflow/.local/lib/python3.8/site-packages/airflow/example_dags/example_sla_dag.py
[2023-10-11T07:11:17.115+0000] {processor.py:839} INFO - DAG(s) dict_keys(['example_sla_dag']) retrieved from /home/airflow/.local/lib/python3.8/site-packages/airflow/example_dags/example_sla_dag.py
[2023-10-11T07:11:17.130+0000] {logging_mixin.py:151} INFO - [2023-10-11T07:11:17.130+0000] {dag.py:2915} INFO - Sync 1 DAGs
[2023-10-11T07:11:17.145+0000] {logging_mixin.py:151} INFO - [2023-10-11T07:11:17.145+0000] {dag.py:3696} INFO - Setting next_dagrun for example_sla_dag to 2023-10-11T07:08:00+00:00, run_after=2023-10-11T07:10:00+00:00
[2023-10-11T07:11:17.191+0000] {processor.py:179} INFO - Processing /home/airflow/.local/lib/python3.8/site-packages/airflow/example_dags/example_sla_dag.py took 0.086 seconds
[2023-10-11T07:11:47.251+0000] {processor.py:157} INFO - Started process (PID=5110) to work on /home/airflow/.local/lib/python3.8/site-packages/airflow/example_dags/example_sla_dag.py
[2023-10-11T07:11:47.260+0000] {processor.py:829} INFO - Processing file /home/airflow/.local/lib/python3.8/site-packages/airflow/example_dags/example_sla_dag.py for tasks to queue
[2023-10-11T07:11:47.263+0000] {logging_mixin.py:151} INFO - [2023-10-11T07:11:47.263+0000] {dagbag.py:539} INFO - Filling up the DagBag from /home/airflow/.local/lib/python3.8/site-packages/airflow/example_dags/example_sla_dag.py
[2023-10-11T07:11:47.282+0000] {processor.py:839} INFO - DAG(s) dict_keys(['example_sla_dag']) retrieved from /home/airflow/.local/lib/python3.8/site-packages/airflow/example_dags/example_sla_dag.py
[2023-10-11T07:11:47.297+0000] {logging_mixin.py:151} INFO - [2023-10-11T07:11:47.296+0000] {dag.py:2915} INFO - Sync 1 DAGs
[2023-10-11T07:11:47.310+0000] {logging_mixin.py:151} INFO - [2023-10-11T07:11:47.310+0000] {dag.py:3696} INFO - Setting next_dagrun for example_sla_dag to 2023-10-11T07:08:00+00:00, run_after=2023-10-11T07:10:00+00:00
[2023-10-11T07:11:47.323+0000] {processor.py:179} INFO - Processing /home/airflow/.local/lib/python3.8/site-packages/airflow/example_dags/example_sla_dag.py took 0.075 seconds
[2023-10-11T07:12:17.937+0000] {processor.py:157} INFO - Started process (PID=5353) to work on /home/airflow/.local/lib/python3.8/site-packages/airflow/example_dags/example_sla_dag.py
[2023-10-11T07:12:17.938+0000] {processor.py:829} INFO - Processing file /home/airflow/.local/lib/python3.8/site-packages/airflow/example_dags/example_sla_dag.py for tasks to queue
[2023-10-11T07:12:17.939+0000] {logging_mixin.py:151} INFO - [2023-10-11T07:12:17.939+0000] {dagbag.py:539} INFO - Filling up the DagBag from /home/airflow/.local/lib/python3.8/site-packages/airflow/example_dags/example_sla_dag.py
[2023-10-11T07:12:17.945+0000] {processor.py:839} INFO - DAG(s) dict_keys(['example_sla_dag']) retrieved from /home/airflow/.local/lib/python3.8/site-packages/airflow/example_dags/example_sla_dag.py
[2023-10-11T07:12:17.967+0000] {logging_mixin.py:151} INFO - [2023-10-11T07:12:17.967+0000] {dag.py:2915} INFO - Sync 1 DAGs
[2023-10-11T07:12:17.993+0000] {logging_mixin.py:151} INFO - [2023-10-11T07:12:17.993+0000] {dag.py:3696} INFO - Setting next_dagrun for example_sla_dag to 2023-10-11T07:10:00+00:00, run_after=2023-10-11T07:12:00+00:00
[2023-10-11T07:12:18.008+0000] {processor.py:179} INFO - Processing /home/airflow/.local/lib/python3.8/site-packages/airflow/example_dags/example_sla_dag.py took 0.074 seconds
[2023-10-11T07:12:48.311+0000] {processor.py:157} INFO - Started process (PID=5598) to work on /home/airflow/.local/lib/python3.8/site-packages/airflow/example_dags/example_sla_dag.py
[2023-10-11T07:12:48.312+0000] {processor.py:829} INFO - Processing file /home/airflow/.local/lib/python3.8/site-packages/airflow/example_dags/example_sla_dag.py for tasks to queue
[2023-10-11T07:12:48.313+0000] {logging_mixin.py:151} INFO - [2023-10-11T07:12:48.313+0000] {dagbag.py:539} INFO - Filling up the DagBag from /home/airflow/.local/lib/python3.8/site-packages/airflow/example_dags/example_sla_dag.py
[2023-10-11T07:12:48.318+0000] {processor.py:839} INFO - DAG(s) dict_keys(['example_sla_dag']) retrieved from /home/airflow/.local/lib/python3.8/site-packages/airflow/example_dags/example_sla_dag.py
[2023-10-11T07:12:48.332+0000] {logging_mixin.py:151} INFO - [2023-10-11T07:12:48.332+0000] {dag.py:2915} INFO - Sync 1 DAGs
[2023-10-11T07:12:48.345+0000] {logging_mixin.py:151} INFO - [2023-10-11T07:12:48.344+0000] {dag.py:3696} INFO - Setting next_dagrun for example_sla_dag to 2023-10-11T07:10:00+00:00, run_after=2023-10-11T07:12:00+00:00
[2023-10-11T07:12:48.367+0000] {processor.py:179} INFO - Processing /home/airflow/.local/lib/python3.8/site-packages/airflow/example_dags/example_sla_dag.py took 0.058 seconds
[2023-10-11T07:13:18.811+0000] {processor.py:157} INFO - Started process (PID=5839) to work on /home/airflow/.local/lib/python3.8/site-packages/airflow/example_dags/example_sla_dag.py
[2023-10-11T07:13:18.811+0000] {processor.py:829} INFO - Processing file /home/airflow/.local/lib/python3.8/site-packages/airflow/example_dags/example_sla_dag.py for tasks to queue
[2023-10-11T07:13:18.812+0000] {logging_mixin.py:151} INFO - [2023-10-11T07:13:18.812+0000] {dagbag.py:539} INFO - Filling up the DagBag from /home/airflow/.local/lib/python3.8/site-packages/airflow/example_dags/example_sla_dag.py
[2023-10-11T07:13:18.819+0000] {processor.py:839} INFO - DAG(s) dict_keys(['example_sla_dag']) retrieved from /home/airflow/.local/lib/python3.8/site-packages/airflow/example_dags/example_sla_dag.py
[2023-10-11T07:13:18.836+0000] {logging_mixin.py:151} INFO - [2023-10-11T07:13:18.836+0000] {dag.py:2915} INFO - Sync 1 DAGs
[2023-10-11T07:13:18.855+0000] {logging_mixin.py:151} INFO - [2023-10-11T07:13:18.855+0000] {dag.py:3696} INFO - Setting next_dagrun for example_sla_dag to 2023-10-11T07:10:00+00:00, run_after=2023-10-11T07:12:00+00:00
[2023-10-11T07:13:18.889+0000] {processor.py:179} INFO - Processing /home/airflow/.local/lib/python3.8/site-packages/airflow/example_dags/example_sla_dag.py took 0.081 seconds
[2023-10-11T07:13:49.415+0000] {processor.py:157} INFO - Started process (PID=6082) to work on /home/airflow/.local/lib/python3.8/site-packages/airflow/example_dags/example_sla_dag.py
[2023-10-11T07:13:49.416+0000] {processor.py:829} INFO - Processing file /home/airflow/.local/lib/python3.8/site-packages/airflow/example_dags/example_sla_dag.py for tasks to queue
[2023-10-11T07:13:49.416+0000] {logging_mixin.py:151} INFO - [2023-10-11T07:13:49.416+0000] {dagbag.py:539} INFO - Filling up the DagBag from /home/airflow/.local/lib/python3.8/site-packages/airflow/example_dags/example_sla_dag.py
[2023-10-11T07:13:49.426+0000] {processor.py:839} INFO - DAG(s) dict_keys(['example_sla_dag']) retrieved from /home/airflow/.local/lib/python3.8/site-packages/airflow/example_dags/example_sla_dag.py
[2023-10-11T07:13:49.444+0000] {logging_mixin.py:151} INFO - [2023-10-11T07:13:49.444+0000] {dag.py:2915} INFO - Sync 1 DAGs
[2023-10-11T07:13:49.475+0000] {logging_mixin.py:151} INFO - [2023-10-11T07:13:49.475+0000] {dag.py:3696} INFO - Setting next_dagrun for example_sla_dag to 2023-10-11T07:10:00+00:00, run_after=2023-10-11T07:12:00+00:00
[2023-10-11T07:13:49.486+0000] {processor.py:179} INFO - Processing /home/airflow/.local/lib/python3.8/site-packages/airflow/example_dags/example_sla_dag.py took 0.073 seconds
[2023-10-11T07:14:19.924+0000] {processor.py:157} INFO - Started process (PID=6325) to work on /home/airflow/.local/lib/python3.8/site-packages/airflow/example_dags/example_sla_dag.py
[2023-10-11T07:14:19.925+0000] {processor.py:829} INFO - Processing file /home/airflow/.local/lib/python3.8/site-packages/airflow/example_dags/example_sla_dag.py for tasks to queue
[2023-10-11T07:14:19.926+0000] {logging_mixin.py:151} INFO - [2023-10-11T07:14:19.926+0000] {dagbag.py:539} INFO - Filling up the DagBag from /home/airflow/.local/lib/python3.8/site-packages/airflow/example_dags/example_sla_dag.py
[2023-10-11T07:14:19.933+0000] {processor.py:839} INFO - DAG(s) dict_keys(['example_sla_dag']) retrieved from /home/airflow/.local/lib/python3.8/site-packages/airflow/example_dags/example_sla_dag.py
[2023-10-11T07:14:19.951+0000] {logging_mixin.py:151} INFO - [2023-10-11T07:14:19.950+0000] {dag.py:2915} INFO - Sync 1 DAGs
[2023-10-11T07:14:19.999+0000] {logging_mixin.py:151} INFO - [2023-10-11T07:14:19.999+0000] {dag.py:3696} INFO - Setting next_dagrun for example_sla_dag to 2023-10-11T07:12:00+00:00, run_after=2023-10-11T07:14:00+00:00
[2023-10-11T07:14:20.012+0000] {processor.py:179} INFO - Processing /home/airflow/.local/lib/python3.8/site-packages/airflow/example_dags/example_sla_dag.py took 0.091 seconds
[2023-10-11T07:14:50.380+0000] {processor.py:157} INFO - Started process (PID=6568) to work on /home/airflow/.local/lib/python3.8/site-packages/airflow/example_dags/example_sla_dag.py
[2023-10-11T07:14:50.381+0000] {processor.py:829} INFO - Processing file /home/airflow/.local/lib/python3.8/site-packages/airflow/example_dags/example_sla_dag.py for tasks to queue
[2023-10-11T07:14:50.381+0000] {logging_mixin.py:151} INFO - [2023-10-11T07:14:50.381+0000] {dagbag.py:539} INFO - Filling up the DagBag from /home/airflow/.local/lib/python3.8/site-packages/airflow/example_dags/example_sla_dag.py
[2023-10-11T07:14:50.388+0000] {processor.py:839} INFO - DAG(s) dict_keys(['example_sla_dag']) retrieved from /home/airflow/.local/lib/python3.8/site-packages/airflow/example_dags/example_sla_dag.py
[2023-10-11T07:14:50.403+0000] {logging_mixin.py:151} INFO - [2023-10-11T07:14:50.402+0000] {dag.py:2915} INFO - Sync 1 DAGs
[2023-10-11T07:14:50.416+0000] {logging_mixin.py:151} INFO - [2023-10-11T07:14:50.416+0000] {dag.py:3696} INFO - Setting next_dagrun for example_sla_dag to 2023-10-11T07:12:00+00:00, run_after=2023-10-11T07:14:00+00:00
[2023-10-11T07:14:50.426+0000] {processor.py:179} INFO - Processing /home/airflow/.local/lib/python3.8/site-packages/airflow/example_dags/example_sla_dag.py took 0.050 seconds
[2023-10-11T07:15:20.783+0000] {processor.py:157} INFO - Started process (PID=6811) to work on /home/airflow/.local/lib/python3.8/site-packages/airflow/example_dags/example_sla_dag.py
[2023-10-11T07:15:20.784+0000] {processor.py:829} INFO - Processing file /home/airflow/.local/lib/python3.8/site-packages/airflow/example_dags/example_sla_dag.py for tasks to queue
[2023-10-11T07:15:20.785+0000] {logging_mixin.py:151} INFO - [2023-10-11T07:15:20.785+0000] {dagbag.py:539} INFO - Filling up the DagBag from /home/airflow/.local/lib/python3.8/site-packages/airflow/example_dags/example_sla_dag.py
[2023-10-11T07:15:20.791+0000] {processor.py:839} INFO - DAG(s) dict_keys(['example_sla_dag']) retrieved from /home/airflow/.local/lib/python3.8/site-packages/airflow/example_dags/example_sla_dag.py
[2023-10-11T07:15:20.808+0000] {logging_mixin.py:151} INFO - [2023-10-11T07:15:20.808+0000] {dag.py:2915} INFO - Sync 1 DAGs
[2023-10-11T07:15:20.826+0000] {logging_mixin.py:151} INFO - [2023-10-11T07:15:20.826+0000] {dag.py:3696} INFO - Setting next_dagrun for example_sla_dag to 2023-10-11T07:12:00+00:00, run_after=2023-10-11T07:14:00+00:00
[2023-10-11T07:15:20.859+0000] {processor.py:179} INFO - Processing /home/airflow/.local/lib/python3.8/site-packages/airflow/example_dags/example_sla_dag.py took 0.079 seconds
[2023-10-11T07:15:51.581+0000] {processor.py:157} INFO - Started process (PID=7054) to work on /home/airflow/.local/lib/python3.8/site-packages/airflow/example_dags/example_sla_dag.py
[2023-10-11T07:15:51.582+0000] {processor.py:829} INFO - Processing file /home/airflow/.local/lib/python3.8/site-packages/airflow/example_dags/example_sla_dag.py for tasks to queue
[2023-10-11T07:15:51.582+0000] {logging_mixin.py:151} INFO - [2023-10-11T07:15:51.582+0000] {dagbag.py:539} INFO - Filling up the DagBag from /home/airflow/.local/lib/python3.8/site-packages/airflow/example_dags/example_sla_dag.py
[2023-10-11T07:15:51.589+0000] {processor.py:839} INFO - DAG(s) dict_keys(['example_sla_dag']) retrieved from /home/airflow/.local/lib/python3.8/site-packages/airflow/example_dags/example_sla_dag.py
[2023-10-11T07:15:51.605+0000] {logging_mixin.py:151} INFO - [2023-10-11T07:15:51.604+0000] {dag.py:2915} INFO - Sync 1 DAGs
[2023-10-11T07:15:51.620+0000] {logging_mixin.py:151} INFO - [2023-10-11T07:15:51.620+0000] {dag.py:3696} INFO - Setting next_dagrun for example_sla_dag to 2023-10-11T07:12:00+00:00, run_after=2023-10-11T07:14:00+00:00
[2023-10-11T07:15:51.630+0000] {processor.py:179} INFO - Processing /home/airflow/.local/lib/python3.8/site-packages/airflow/example_dags/example_sla_dag.py took 0.053 seconds
[2023-10-11T07:16:22.333+0000] {processor.py:157} INFO - Started process (PID=7297) to work on /home/airflow/.local/lib/python3.8/site-packages/airflow/example_dags/example_sla_dag.py
[2023-10-11T07:16:22.335+0000] {processor.py:829} INFO - Processing file /home/airflow/.local/lib/python3.8/site-packages/airflow/example_dags/example_sla_dag.py for tasks to queue
[2023-10-11T07:16:22.335+0000] {logging_mixin.py:151} INFO - [2023-10-11T07:16:22.335+0000] {dagbag.py:539} INFO - Filling up the DagBag from /home/airflow/.local/lib/python3.8/site-packages/airflow/example_dags/example_sla_dag.py
[2023-10-11T07:16:22.346+0000] {processor.py:839} INFO - DAG(s) dict_keys(['example_sla_dag']) retrieved from /home/airflow/.local/lib/python3.8/site-packages/airflow/example_dags/example_sla_dag.py
[2023-10-11T07:16:22.397+0000] {logging_mixin.py:151} INFO - [2023-10-11T07:16:22.397+0000] {dag.py:2915} INFO - Sync 1 DAGs
[2023-10-11T07:16:22.421+0000] {logging_mixin.py:151} INFO - [2023-10-11T07:16:22.421+0000] {dag.py:3696} INFO - Setting next_dagrun for example_sla_dag to 2023-10-11T07:14:00+00:00, run_after=2023-10-11T07:16:00+00:00
[2023-10-11T07:16:22.439+0000] {processor.py:179} INFO - Processing /home/airflow/.local/lib/python3.8/site-packages/airflow/example_dags/example_sla_dag.py took 0.109 seconds
[2023-10-11T07:16:53.710+0000] {processor.py:157} INFO - Started process (PID=7540) to work on /home/airflow/.local/lib/python3.8/site-packages/airflow/example_dags/example_sla_dag.py
[2023-10-11T07:16:53.715+0000] {processor.py:829} INFO - Processing file /home/airflow/.local/lib/python3.8/site-packages/airflow/example_dags/example_sla_dag.py for tasks to queue
[2023-10-11T07:16:53.721+0000] {logging_mixin.py:151} INFO - [2023-10-11T07:16:53.719+0000] {dagbag.py:539} INFO - Filling up the DagBag from /home/airflow/.local/lib/python3.8/site-packages/airflow/example_dags/example_sla_dag.py
[2023-10-11T07:16:53.805+0000] {processor.py:839} INFO - DAG(s) dict_keys(['example_sla_dag']) retrieved from /home/airflow/.local/lib/python3.8/site-packages/airflow/example_dags/example_sla_dag.py
[2023-10-11T07:16:53.937+0000] {logging_mixin.py:151} INFO - [2023-10-11T07:16:53.936+0000] {dag.py:2915} INFO - Sync 1 DAGs
[2023-10-11T07:16:54.057+0000] {logging_mixin.py:151} INFO - [2023-10-11T07:16:54.056+0000] {dag.py:3696} INFO - Setting next_dagrun for example_sla_dag to 2023-10-11T07:14:00+00:00, run_after=2023-10-11T07:16:00+00:00
[2023-10-11T07:16:54.161+0000] {processor.py:179} INFO - Processing /home/airflow/.local/lib/python3.8/site-packages/airflow/example_dags/example_sla_dag.py took 0.498 seconds
[2023-10-11T07:17:24.690+0000] {processor.py:157} INFO - Started process (PID=7783) to work on /home/airflow/.local/lib/python3.8/site-packages/airflow/example_dags/example_sla_dag.py
[2023-10-11T07:17:24.700+0000] {processor.py:829} INFO - Processing file /home/airflow/.local/lib/python3.8/site-packages/airflow/example_dags/example_sla_dag.py for tasks to queue
[2023-10-11T07:17:24.708+0000] {logging_mixin.py:151} INFO - [2023-10-11T07:17:24.704+0000] {dagbag.py:539} INFO - Filling up the DagBag from /home/airflow/.local/lib/python3.8/site-packages/airflow/example_dags/example_sla_dag.py
[2023-10-11T07:17:24.780+0000] {processor.py:839} INFO - DAG(s) dict_keys(['example_sla_dag']) retrieved from /home/airflow/.local/lib/python3.8/site-packages/airflow/example_dags/example_sla_dag.py
[2023-10-11T07:17:24.939+0000] {logging_mixin.py:151} INFO - [2023-10-11T07:17:24.938+0000] {dag.py:2915} INFO - Sync 1 DAGs
[2023-10-11T07:17:25.037+0000] {logging_mixin.py:151} INFO - [2023-10-11T07:17:25.037+0000] {dag.py:3696} INFO - Setting next_dagrun for example_sla_dag to 2023-10-11T07:14:00+00:00, run_after=2023-10-11T07:16:00+00:00
[2023-10-11T07:17:25.094+0000] {processor.py:179} INFO - Processing /home/airflow/.local/lib/python3.8/site-packages/airflow/example_dags/example_sla_dag.py took 0.415 seconds
[2023-10-11T07:17:56.335+0000] {processor.py:157} INFO - Started process (PID=8026) to work on /home/airflow/.local/lib/python3.8/site-packages/airflow/example_dags/example_sla_dag.py
[2023-10-11T07:17:56.338+0000] {processor.py:829} INFO - Processing file /home/airflow/.local/lib/python3.8/site-packages/airflow/example_dags/example_sla_dag.py for tasks to queue
[2023-10-11T07:17:56.340+0000] {logging_mixin.py:151} INFO - [2023-10-11T07:17:56.339+0000] {dagbag.py:539} INFO - Filling up the DagBag from /home/airflow/.local/lib/python3.8/site-packages/airflow/example_dags/example_sla_dag.py
[2023-10-11T07:17:56.377+0000] {processor.py:839} INFO - DAG(s) dict_keys(['example_sla_dag']) retrieved from /home/airflow/.local/lib/python3.8/site-packages/airflow/example_dags/example_sla_dag.py
[2023-10-11T07:17:56.418+0000] {logging_mixin.py:151} INFO - [2023-10-11T07:17:56.418+0000] {dag.py:2915} INFO - Sync 1 DAGs
[2023-10-11T07:17:56.505+0000] {logging_mixin.py:151} INFO - [2023-10-11T07:17:56.505+0000] {dag.py:3696} INFO - Setting next_dagrun for example_sla_dag to 2023-10-11T07:14:00+00:00, run_after=2023-10-11T07:16:00+00:00
[2023-10-11T07:17:56.540+0000] {processor.py:179} INFO - Processing /home/airflow/.local/lib/python3.8/site-packages/airflow/example_dags/example_sla_dag.py took 0.211 seconds
[2023-10-11T07:18:27.081+0000] {processor.py:157} INFO - Started process (PID=8271) to work on /home/airflow/.local/lib/python3.8/site-packages/airflow/example_dags/example_sla_dag.py
[2023-10-11T07:18:27.083+0000] {processor.py:829} INFO - Processing file /home/airflow/.local/lib/python3.8/site-packages/airflow/example_dags/example_sla_dag.py for tasks to queue
[2023-10-11T07:18:27.085+0000] {logging_mixin.py:151} INFO - [2023-10-11T07:18:27.084+0000] {dagbag.py:539} INFO - Filling up the DagBag from /home/airflow/.local/lib/python3.8/site-packages/airflow/example_dags/example_sla_dag.py
[2023-10-11T07:18:27.099+0000] {processor.py:839} INFO - DAG(s) dict_keys(['example_sla_dag']) retrieved from /home/airflow/.local/lib/python3.8/site-packages/airflow/example_dags/example_sla_dag.py
[2023-10-11T07:18:27.124+0000] {logging_mixin.py:151} INFO - [2023-10-11T07:18:27.123+0000] {dag.py:2915} INFO - Sync 1 DAGs
[2023-10-11T07:18:27.156+0000] {logging_mixin.py:151} INFO - [2023-10-11T07:18:27.156+0000] {dag.py:3696} INFO - Setting next_dagrun for example_sla_dag to 2023-10-11T07:16:00+00:00, run_after=2023-10-11T07:18:00+00:00
[2023-10-11T07:18:27.201+0000] {processor.py:179} INFO - Processing /home/airflow/.local/lib/python3.8/site-packages/airflow/example_dags/example_sla_dag.py took 0.127 seconds
[2023-10-11T07:18:57.416+0000] {processor.py:157} INFO - Started process (PID=8512) to work on /home/airflow/.local/lib/python3.8/site-packages/airflow/example_dags/example_sla_dag.py
[2023-10-11T07:18:57.417+0000] {processor.py:829} INFO - Processing file /home/airflow/.local/lib/python3.8/site-packages/airflow/example_dags/example_sla_dag.py for tasks to queue
[2023-10-11T07:18:57.419+0000] {logging_mixin.py:151} INFO - [2023-10-11T07:18:57.419+0000] {dagbag.py:539} INFO - Filling up the DagBag from /home/airflow/.local/lib/python3.8/site-packages/airflow/example_dags/example_sla_dag.py
[2023-10-11T07:18:57.430+0000] {processor.py:839} INFO - DAG(s) dict_keys(['example_sla_dag']) retrieved from /home/airflow/.local/lib/python3.8/site-packages/airflow/example_dags/example_sla_dag.py
[2023-10-11T07:18:57.471+0000] {logging_mixin.py:151} INFO - [2023-10-11T07:18:57.471+0000] {dag.py:2915} INFO - Sync 1 DAGs
[2023-10-11T07:18:57.489+0000] {logging_mixin.py:151} INFO - [2023-10-11T07:18:57.489+0000] {dag.py:3696} INFO - Setting next_dagrun for example_sla_dag to 2023-10-11T07:16:00+00:00, run_after=2023-10-11T07:18:00+00:00
[2023-10-11T07:18:57.502+0000] {processor.py:179} INFO - Processing /home/airflow/.local/lib/python3.8/site-packages/airflow/example_dags/example_sla_dag.py took 0.092 seconds
[2023-10-11T07:19:27.584+0000] {processor.py:157} INFO - Started process (PID=8755) to work on /home/airflow/.local/lib/python3.8/site-packages/airflow/example_dags/example_sla_dag.py
[2023-10-11T07:19:27.585+0000] {processor.py:829} INFO - Processing file /home/airflow/.local/lib/python3.8/site-packages/airflow/example_dags/example_sla_dag.py for tasks to queue
[2023-10-11T07:19:27.586+0000] {logging_mixin.py:151} INFO - [2023-10-11T07:19:27.586+0000] {dagbag.py:539} INFO - Filling up the DagBag from /home/airflow/.local/lib/python3.8/site-packages/airflow/example_dags/example_sla_dag.py
[2023-10-11T07:19:27.601+0000] {processor.py:839} INFO - DAG(s) dict_keys(['example_sla_dag']) retrieved from /home/airflow/.local/lib/python3.8/site-packages/airflow/example_dags/example_sla_dag.py
[2023-10-11T07:19:27.620+0000] {logging_mixin.py:151} INFO - [2023-10-11T07:19:27.620+0000] {dag.py:2915} INFO - Sync 1 DAGs
[2023-10-11T07:19:27.641+0000] {logging_mixin.py:151} INFO - [2023-10-11T07:19:27.641+0000] {dag.py:3696} INFO - Setting next_dagrun for example_sla_dag to 2023-10-11T07:16:00+00:00, run_after=2023-10-11T07:18:00+00:00
[2023-10-11T07:19:27.694+0000] {processor.py:179} INFO - Processing /home/airflow/.local/lib/python3.8/site-packages/airflow/example_dags/example_sla_dag.py took 0.113 seconds
[2023-10-11T07:19:58.511+0000] {processor.py:157} INFO - Started process (PID=8998) to work on /home/airflow/.local/lib/python3.8/site-packages/airflow/example_dags/example_sla_dag.py
[2023-10-11T07:19:58.512+0000] {processor.py:829} INFO - Processing file /home/airflow/.local/lib/python3.8/site-packages/airflow/example_dags/example_sla_dag.py for tasks to queue
[2023-10-11T07:19:58.513+0000] {logging_mixin.py:151} INFO - [2023-10-11T07:19:58.513+0000] {dagbag.py:539} INFO - Filling up the DagBag from /home/airflow/.local/lib/python3.8/site-packages/airflow/example_dags/example_sla_dag.py
[2023-10-11T07:19:58.527+0000] {processor.py:839} INFO - DAG(s) dict_keys(['example_sla_dag']) retrieved from /home/airflow/.local/lib/python3.8/site-packages/airflow/example_dags/example_sla_dag.py
[2023-10-11T07:19:58.568+0000] {logging_mixin.py:151} INFO - [2023-10-11T07:19:58.568+0000] {dag.py:2915} INFO - Sync 1 DAGs
[2023-10-11T07:19:58.593+0000] {logging_mixin.py:151} INFO - [2023-10-11T07:19:58.593+0000] {dag.py:3696} INFO - Setting next_dagrun for example_sla_dag to 2023-10-11T07:16:00+00:00, run_after=2023-10-11T07:18:00+00:00
[2023-10-11T07:19:58.618+0000] {processor.py:179} INFO - Processing /home/airflow/.local/lib/python3.8/site-packages/airflow/example_dags/example_sla_dag.py took 0.114 seconds
[2023-10-11T07:20:28.674+0000] {processor.py:157} INFO - Started process (PID=9238) to work on /home/airflow/.local/lib/python3.8/site-packages/airflow/example_dags/example_sla_dag.py
[2023-10-11T07:20:28.676+0000] {processor.py:829} INFO - Processing file /home/airflow/.local/lib/python3.8/site-packages/airflow/example_dags/example_sla_dag.py for tasks to queue
[2023-10-11T07:20:28.679+0000] {logging_mixin.py:151} INFO - [2023-10-11T07:20:28.678+0000] {dagbag.py:539} INFO - Filling up the DagBag from /home/airflow/.local/lib/python3.8/site-packages/airflow/example_dags/example_sla_dag.py
[2023-10-11T07:20:28.699+0000] {processor.py:839} INFO - DAG(s) dict_keys(['example_sla_dag']) retrieved from /home/airflow/.local/lib/python3.8/site-packages/airflow/example_dags/example_sla_dag.py
[2023-10-11T07:20:28.735+0000] {logging_mixin.py:151} INFO - [2023-10-11T07:20:28.735+0000] {dag.py:2915} INFO - Sync 1 DAGs
[2023-10-11T07:20:28.786+0000] {logging_mixin.py:151} INFO - [2023-10-11T07:20:28.786+0000] {dag.py:3696} INFO - Setting next_dagrun for example_sla_dag to 2023-10-11T07:18:00+00:00, run_after=2023-10-11T07:20:00+00:00
[2023-10-11T07:20:28.806+0000] {processor.py:179} INFO - Processing /home/airflow/.local/lib/python3.8/site-packages/airflow/example_dags/example_sla_dag.py took 0.138 seconds
[2023-10-11T07:20:59.857+0000] {processor.py:157} INFO - Started process (PID=9486) to work on /home/airflow/.local/lib/python3.8/site-packages/airflow/example_dags/example_sla_dag.py
[2023-10-11T07:20:59.859+0000] {processor.py:829} INFO - Processing file /home/airflow/.local/lib/python3.8/site-packages/airflow/example_dags/example_sla_dag.py for tasks to queue
[2023-10-11T07:20:59.861+0000] {logging_mixin.py:151} INFO - [2023-10-11T07:20:59.860+0000] {dagbag.py:539} INFO - Filling up the DagBag from /home/airflow/.local/lib/python3.8/site-packages/airflow/example_dags/example_sla_dag.py
[2023-10-11T07:20:59.877+0000] {processor.py:839} INFO - DAG(s) dict_keys(['example_sla_dag']) retrieved from /home/airflow/.local/lib/python3.8/site-packages/airflow/example_dags/example_sla_dag.py
[2023-10-11T07:20:59.911+0000] {logging_mixin.py:151} INFO - [2023-10-11T07:20:59.911+0000] {dag.py:2915} INFO - Sync 1 DAGs
[2023-10-11T07:20:59.960+0000] {logging_mixin.py:151} INFO - [2023-10-11T07:20:59.960+0000] {dag.py:3696} INFO - Setting next_dagrun for example_sla_dag to 2023-10-11T07:18:00+00:00, run_after=2023-10-11T07:20:00+00:00
[2023-10-11T07:20:59.996+0000] {processor.py:179} INFO - Processing /home/airflow/.local/lib/python3.8/site-packages/airflow/example_dags/example_sla_dag.py took 0.145 seconds
[2023-10-11T07:21:30.338+0000] {processor.py:157} INFO - Started process (PID=9729) to work on /home/airflow/.local/lib/python3.8/site-packages/airflow/example_dags/example_sla_dag.py
[2023-10-11T07:21:30.339+0000] {processor.py:829} INFO - Processing file /home/airflow/.local/lib/python3.8/site-packages/airflow/example_dags/example_sla_dag.py for tasks to queue
[2023-10-11T07:21:30.340+0000] {logging_mixin.py:151} INFO - [2023-10-11T07:21:30.339+0000] {dagbag.py:539} INFO - Filling up the DagBag from /home/airflow/.local/lib/python3.8/site-packages/airflow/example_dags/example_sla_dag.py
[2023-10-11T07:21:30.347+0000] {processor.py:839} INFO - DAG(s) dict_keys(['example_sla_dag']) retrieved from /home/airflow/.local/lib/python3.8/site-packages/airflow/example_dags/example_sla_dag.py
[2023-10-11T07:21:30.366+0000] {logging_mixin.py:151} INFO - [2023-10-11T07:21:30.365+0000] {dag.py:2915} INFO - Sync 1 DAGs
[2023-10-11T07:21:30.383+0000] {logging_mixin.py:151} INFO - [2023-10-11T07:21:30.383+0000] {dag.py:3696} INFO - Setting next_dagrun for example_sla_dag to 2023-10-11T07:18:00+00:00, run_after=2023-10-11T07:20:00+00:00
[2023-10-11T07:21:30.394+0000] {processor.py:179} INFO - Processing /home/airflow/.local/lib/python3.8/site-packages/airflow/example_dags/example_sla_dag.py took 0.059 seconds
[2023-10-11T07:22:01.353+0000] {processor.py:157} INFO - Started process (PID=9972) to work on /home/airflow/.local/lib/python3.8/site-packages/airflow/example_dags/example_sla_dag.py
[2023-10-11T07:22:01.355+0000] {processor.py:829} INFO - Processing file /home/airflow/.local/lib/python3.8/site-packages/airflow/example_dags/example_sla_dag.py for tasks to queue
[2023-10-11T07:22:01.357+0000] {logging_mixin.py:151} INFO - [2023-10-11T07:22:01.356+0000] {dagbag.py:539} INFO - Filling up the DagBag from /home/airflow/.local/lib/python3.8/site-packages/airflow/example_dags/example_sla_dag.py
[2023-10-11T07:22:01.368+0000] {processor.py:839} INFO - DAG(s) dict_keys(['example_sla_dag']) retrieved from /home/airflow/.local/lib/python3.8/site-packages/airflow/example_dags/example_sla_dag.py
[2023-10-11T07:22:01.397+0000] {logging_mixin.py:151} INFO - [2023-10-11T07:22:01.397+0000] {dag.py:2915} INFO - Sync 1 DAGs
[2023-10-11T07:22:01.429+0000] {logging_mixin.py:151} INFO - [2023-10-11T07:22:01.429+0000] {dag.py:3696} INFO - Setting next_dagrun for example_sla_dag to 2023-10-11T07:20:00+00:00, run_after=2023-10-11T07:22:00+00:00
[2023-10-11T07:22:01.449+0000] {processor.py:179} INFO - Processing /home/airflow/.local/lib/python3.8/site-packages/airflow/example_dags/example_sla_dag.py took 0.101 seconds
[2023-10-11T07:22:32.206+0000] {processor.py:157} INFO - Started process (PID=10215) to work on /home/airflow/.local/lib/python3.8/site-packages/airflow/example_dags/example_sla_dag.py
[2023-10-11T07:22:32.207+0000] {processor.py:829} INFO - Processing file /home/airflow/.local/lib/python3.8/site-packages/airflow/example_dags/example_sla_dag.py for tasks to queue
[2023-10-11T07:22:32.208+0000] {logging_mixin.py:151} INFO - [2023-10-11T07:22:32.208+0000] {dagbag.py:539} INFO - Filling up the DagBag from /home/airflow/.local/lib/python3.8/site-packages/airflow/example_dags/example_sla_dag.py
[2023-10-11T07:22:32.214+0000] {processor.py:839} INFO - DAG(s) dict_keys(['example_sla_dag']) retrieved from /home/airflow/.local/lib/python3.8/site-packages/airflow/example_dags/example_sla_dag.py
[2023-10-11T07:22:32.235+0000] {logging_mixin.py:151} INFO - [2023-10-11T07:22:32.235+0000] {dag.py:2915} INFO - Sync 1 DAGs
[2023-10-11T07:22:32.279+0000] {logging_mixin.py:151} INFO - [2023-10-11T07:22:32.279+0000] {dag.py:3696} INFO - Setting next_dagrun for example_sla_dag to 2023-10-11T07:20:00+00:00, run_after=2023-10-11T07:22:00+00:00
[2023-10-11T07:22:32.290+0000] {processor.py:179} INFO - Processing /home/airflow/.local/lib/python3.8/site-packages/airflow/example_dags/example_sla_dag.py took 0.086 seconds
[2023-10-11T07:23:02.583+0000] {processor.py:157} INFO - Started process (PID=10458) to work on /home/airflow/.local/lib/python3.8/site-packages/airflow/example_dags/example_sla_dag.py
[2023-10-11T07:23:02.584+0000] {processor.py:829} INFO - Processing file /home/airflow/.local/lib/python3.8/site-packages/airflow/example_dags/example_sla_dag.py for tasks to queue
[2023-10-11T07:23:02.585+0000] {logging_mixin.py:151} INFO - [2023-10-11T07:23:02.585+0000] {dagbag.py:539} INFO - Filling up the DagBag from /home/airflow/.local/lib/python3.8/site-packages/airflow/example_dags/example_sla_dag.py
[2023-10-11T07:23:02.592+0000] {processor.py:839} INFO - DAG(s) dict_keys(['example_sla_dag']) retrieved from /home/airflow/.local/lib/python3.8/site-packages/airflow/example_dags/example_sla_dag.py
[2023-10-11T07:23:02.608+0000] {logging_mixin.py:151} INFO - [2023-10-11T07:23:02.608+0000] {dag.py:2915} INFO - Sync 1 DAGs
[2023-10-11T07:23:02.624+0000] {logging_mixin.py:151} INFO - [2023-10-11T07:23:02.624+0000] {dag.py:3696} INFO - Setting next_dagrun for example_sla_dag to 2023-10-11T07:20:00+00:00, run_after=2023-10-11T07:22:00+00:00
[2023-10-11T07:23:02.635+0000] {processor.py:179} INFO - Processing /home/airflow/.local/lib/python3.8/site-packages/airflow/example_dags/example_sla_dag.py took 0.054 seconds
[2023-10-11T07:23:32.692+0000] {processor.py:157} INFO - Started process (PID=10701) to work on /home/airflow/.local/lib/python3.8/site-packages/airflow/example_dags/example_sla_dag.py
[2023-10-11T07:23:32.694+0000] {processor.py:829} INFO - Processing file /home/airflow/.local/lib/python3.8/site-packages/airflow/example_dags/example_sla_dag.py for tasks to queue
[2023-10-11T07:23:32.694+0000] {logging_mixin.py:151} INFO - [2023-10-11T07:23:32.694+0000] {dagbag.py:539} INFO - Filling up the DagBag from /home/airflow/.local/lib/python3.8/site-packages/airflow/example_dags/example_sla_dag.py
[2023-10-11T07:23:32.700+0000] {processor.py:839} INFO - DAG(s) dict_keys(['example_sla_dag']) retrieved from /home/airflow/.local/lib/python3.8/site-packages/airflow/example_dags/example_sla_dag.py
[2023-10-11T07:23:32.715+0000] {logging_mixin.py:151} INFO - [2023-10-11T07:23:32.715+0000] {dag.py:2915} INFO - Sync 1 DAGs
[2023-10-11T07:23:32.731+0000] {logging_mixin.py:151} INFO - [2023-10-11T07:23:32.731+0000] {dag.py:3696} INFO - Setting next_dagrun for example_sla_dag to 2023-10-11T07:20:00+00:00, run_after=2023-10-11T07:22:00+00:00
[2023-10-11T07:23:32.741+0000] {processor.py:179} INFO - Processing /home/airflow/.local/lib/python3.8/site-packages/airflow/example_dags/example_sla_dag.py took 0.052 seconds
[2023-10-11T07:24:02.833+0000] {processor.py:157} INFO - Started process (PID=10944) to work on /home/airflow/.local/lib/python3.8/site-packages/airflow/example_dags/example_sla_dag.py
[2023-10-11T07:24:02.834+0000] {processor.py:829} INFO - Processing file /home/airflow/.local/lib/python3.8/site-packages/airflow/example_dags/example_sla_dag.py for tasks to queue
[2023-10-11T07:24:02.835+0000] {logging_mixin.py:151} INFO - [2023-10-11T07:24:02.835+0000] {dagbag.py:539} INFO - Filling up the DagBag from /home/airflow/.local/lib/python3.8/site-packages/airflow/example_dags/example_sla_dag.py
[2023-10-11T07:24:02.841+0000] {processor.py:839} INFO - DAG(s) dict_keys(['example_sla_dag']) retrieved from /home/airflow/.local/lib/python3.8/site-packages/airflow/example_dags/example_sla_dag.py
[2023-10-11T07:24:02.859+0000] {logging_mixin.py:151} INFO - [2023-10-11T07:24:02.859+0000] {dag.py:2915} INFO - Sync 1 DAGs
[2023-10-11T07:24:02.876+0000] {logging_mixin.py:151} INFO - [2023-10-11T07:24:02.876+0000] {dag.py:3696} INFO - Setting next_dagrun for example_sla_dag to 2023-10-11T07:22:00+00:00, run_after=2023-10-11T07:24:00+00:00
[2023-10-11T07:24:02.890+0000] {processor.py:179} INFO - Processing /home/airflow/.local/lib/python3.8/site-packages/airflow/example_dags/example_sla_dag.py took 0.060 seconds
[2023-10-11T07:24:33.310+0000] {processor.py:157} INFO - Started process (PID=11187) to work on /home/airflow/.local/lib/python3.8/site-packages/airflow/example_dags/example_sla_dag.py
[2023-10-11T07:24:33.312+0000] {processor.py:829} INFO - Processing file /home/airflow/.local/lib/python3.8/site-packages/airflow/example_dags/example_sla_dag.py for tasks to queue
[2023-10-11T07:24:33.313+0000] {logging_mixin.py:151} INFO - [2023-10-11T07:24:33.312+0000] {dagbag.py:539} INFO - Filling up the DagBag from /home/airflow/.local/lib/python3.8/site-packages/airflow/example_dags/example_sla_dag.py
[2023-10-11T07:24:33.322+0000] {processor.py:839} INFO - DAG(s) dict_keys(['example_sla_dag']) retrieved from /home/airflow/.local/lib/python3.8/site-packages/airflow/example_dags/example_sla_dag.py
[2023-10-11T07:24:33.347+0000] {logging_mixin.py:151} INFO - [2023-10-11T07:24:33.347+0000] {dag.py:2915} INFO - Sync 1 DAGs
[2023-10-11T07:24:33.394+0000] {logging_mixin.py:151} INFO - [2023-10-11T07:24:33.394+0000] {dag.py:3696} INFO - Setting next_dagrun for example_sla_dag to 2023-10-11T07:22:00+00:00, run_after=2023-10-11T07:24:00+00:00
[2023-10-11T07:24:33.413+0000] {processor.py:179} INFO - Processing /home/airflow/.local/lib/python3.8/site-packages/airflow/example_dags/example_sla_dag.py took 0.111 seconds
[2023-10-11T07:25:03.478+0000] {processor.py:157} INFO - Started process (PID=11430) to work on /home/airflow/.local/lib/python3.8/site-packages/airflow/example_dags/example_sla_dag.py
[2023-10-11T07:25:03.479+0000] {processor.py:829} INFO - Processing file /home/airflow/.local/lib/python3.8/site-packages/airflow/example_dags/example_sla_dag.py for tasks to queue
[2023-10-11T07:25:03.480+0000] {logging_mixin.py:151} INFO - [2023-10-11T07:25:03.480+0000] {dagbag.py:539} INFO - Filling up the DagBag from /home/airflow/.local/lib/python3.8/site-packages/airflow/example_dags/example_sla_dag.py
[2023-10-11T07:25:03.487+0000] {processor.py:839} INFO - DAG(s) dict_keys(['example_sla_dag']) retrieved from /home/airflow/.local/lib/python3.8/site-packages/airflow/example_dags/example_sla_dag.py
[2023-10-11T07:25:03.503+0000] {logging_mixin.py:151} INFO - [2023-10-11T07:25:03.503+0000] {dag.py:2915} INFO - Sync 1 DAGs
[2023-10-11T07:25:03.521+0000] {logging_mixin.py:151} INFO - [2023-10-11T07:25:03.521+0000] {dag.py:3696} INFO - Setting next_dagrun for example_sla_dag to 2023-10-11T07:22:00+00:00, run_after=2023-10-11T07:24:00+00:00
[2023-10-11T07:25:03.532+0000] {processor.py:179} INFO - Processing /home/airflow/.local/lib/python3.8/site-packages/airflow/example_dags/example_sla_dag.py took 0.057 seconds
[2023-10-11T07:25:34.655+0000] {processor.py:157} INFO - Started process (PID=11673) to work on /home/airflow/.local/lib/python3.8/site-packages/airflow/example_dags/example_sla_dag.py
[2023-10-11T07:25:34.677+0000] {processor.py:829} INFO - Processing file /home/airflow/.local/lib/python3.8/site-packages/airflow/example_dags/example_sla_dag.py for tasks to queue
[2023-10-11T07:25:34.679+0000] {logging_mixin.py:151} INFO - [2023-10-11T07:25:34.678+0000] {dagbag.py:539} INFO - Filling up the DagBag from /home/airflow/.local/lib/python3.8/site-packages/airflow/example_dags/example_sla_dag.py
[2023-10-11T07:25:34.693+0000] {processor.py:839} INFO - DAG(s) dict_keys(['example_sla_dag']) retrieved from /home/airflow/.local/lib/python3.8/site-packages/airflow/example_dags/example_sla_dag.py
[2023-10-11T07:25:34.725+0000] {logging_mixin.py:151} INFO - [2023-10-11T07:25:34.725+0000] {dag.py:2915} INFO - Sync 1 DAGs
[2023-10-11T07:25:34.784+0000] {logging_mixin.py:151} INFO - [2023-10-11T07:25:34.783+0000] {dag.py:3696} INFO - Setting next_dagrun for example_sla_dag to 2023-10-11T07:22:00+00:00, run_after=2023-10-11T07:24:00+00:00
[2023-10-11T07:25:34.804+0000] {processor.py:179} INFO - Processing /home/airflow/.local/lib/python3.8/site-packages/airflow/example_dags/example_sla_dag.py took 0.160 seconds
[2023-10-11T07:26:04.955+0000] {processor.py:157} INFO - Started process (PID=11916) to work on /home/airflow/.local/lib/python3.8/site-packages/airflow/example_dags/example_sla_dag.py
[2023-10-11T07:26:04.974+0000] {processor.py:829} INFO - Processing file /home/airflow/.local/lib/python3.8/site-packages/airflow/example_dags/example_sla_dag.py for tasks to queue
[2023-10-11T07:26:04.976+0000] {logging_mixin.py:151} INFO - [2023-10-11T07:26:04.976+0000] {dagbag.py:539} INFO - Filling up the DagBag from /home/airflow/.local/lib/python3.8/site-packages/airflow/example_dags/example_sla_dag.py
[2023-10-11T07:26:04.990+0000] {processor.py:839} INFO - DAG(s) dict_keys(['example_sla_dag']) retrieved from /home/airflow/.local/lib/python3.8/site-packages/airflow/example_dags/example_sla_dag.py
[2023-10-11T07:26:05.022+0000] {logging_mixin.py:151} INFO - [2023-10-11T07:26:05.022+0000] {dag.py:2915} INFO - Sync 1 DAGs
[2023-10-11T07:26:05.084+0000] {logging_mixin.py:151} INFO - [2023-10-11T07:26:05.084+0000] {dag.py:3696} INFO - Setting next_dagrun for example_sla_dag to 2023-10-11T07:24:00+00:00, run_after=2023-10-11T07:26:00+00:00
[2023-10-11T07:26:05.104+0000] {processor.py:179} INFO - Processing /home/airflow/.local/lib/python3.8/site-packages/airflow/example_dags/example_sla_dag.py took 0.163 seconds
[2023-10-11T07:26:35.983+0000] {processor.py:157} INFO - Started process (PID=12159) to work on /home/airflow/.local/lib/python3.8/site-packages/airflow/example_dags/example_sla_dag.py
[2023-10-11T07:26:35.984+0000] {processor.py:829} INFO - Processing file /home/airflow/.local/lib/python3.8/site-packages/airflow/example_dags/example_sla_dag.py for tasks to queue
[2023-10-11T07:26:35.986+0000] {logging_mixin.py:151} INFO - [2023-10-11T07:26:35.986+0000] {dagbag.py:539} INFO - Filling up the DagBag from /home/airflow/.local/lib/python3.8/site-packages/airflow/example_dags/example_sla_dag.py
[2023-10-11T07:26:35.999+0000] {processor.py:839} INFO - DAG(s) dict_keys(['example_sla_dag']) retrieved from /home/airflow/.local/lib/python3.8/site-packages/airflow/example_dags/example_sla_dag.py
[2023-10-11T07:26:36.025+0000] {logging_mixin.py:151} INFO - [2023-10-11T07:26:36.025+0000] {dag.py:2915} INFO - Sync 1 DAGs
[2023-10-11T07:26:36.062+0000] {logging_mixin.py:151} INFO - [2023-10-11T07:26:36.062+0000] {dag.py:3696} INFO - Setting next_dagrun for example_sla_dag to 2023-10-11T07:24:00+00:00, run_after=2023-10-11T07:26:00+00:00
[2023-10-11T07:26:36.119+0000] {processor.py:179} INFO - Processing /home/airflow/.local/lib/python3.8/site-packages/airflow/example_dags/example_sla_dag.py took 0.140 seconds
[2023-10-11T07:27:06.599+0000] {processor.py:157} INFO - Started process (PID=12402) to work on /home/airflow/.local/lib/python3.8/site-packages/airflow/example_dags/example_sla_dag.py
[2023-10-11T07:27:06.600+0000] {processor.py:829} INFO - Processing file /home/airflow/.local/lib/python3.8/site-packages/airflow/example_dags/example_sla_dag.py for tasks to queue
[2023-10-11T07:27:06.601+0000] {logging_mixin.py:151} INFO - [2023-10-11T07:27:06.600+0000] {dagbag.py:539} INFO - Filling up the DagBag from /home/airflow/.local/lib/python3.8/site-packages/airflow/example_dags/example_sla_dag.py
[2023-10-11T07:27:06.610+0000] {processor.py:839} INFO - DAG(s) dict_keys(['example_sla_dag']) retrieved from /home/airflow/.local/lib/python3.8/site-packages/airflow/example_dags/example_sla_dag.py
[2023-10-11T07:27:06.631+0000] {logging_mixin.py:151} INFO - [2023-10-11T07:27:06.631+0000] {dag.py:2915} INFO - Sync 1 DAGs
[2023-10-11T07:27:06.672+0000] {logging_mixin.py:151} INFO - [2023-10-11T07:27:06.671+0000] {dag.py:3696} INFO - Setting next_dagrun for example_sla_dag to 2023-10-11T07:24:00+00:00, run_after=2023-10-11T07:26:00+00:00
[2023-10-11T07:27:06.686+0000] {processor.py:179} INFO - Processing /home/airflow/.local/lib/python3.8/site-packages/airflow/example_dags/example_sla_dag.py took 0.092 seconds
[2023-10-11T07:27:37.217+0000] {processor.py:157} INFO - Started process (PID=12645) to work on /home/airflow/.local/lib/python3.8/site-packages/airflow/example_dags/example_sla_dag.py
[2023-10-11T07:27:37.218+0000] {processor.py:829} INFO - Processing file /home/airflow/.local/lib/python3.8/site-packages/airflow/example_dags/example_sla_dag.py for tasks to queue
[2023-10-11T07:27:37.219+0000] {logging_mixin.py:151} INFO - [2023-10-11T07:27:37.219+0000] {dagbag.py:539} INFO - Filling up the DagBag from /home/airflow/.local/lib/python3.8/site-packages/airflow/example_dags/example_sla_dag.py
[2023-10-11T07:27:37.225+0000] {processor.py:839} INFO - DAG(s) dict_keys(['example_sla_dag']) retrieved from /home/airflow/.local/lib/python3.8/site-packages/airflow/example_dags/example_sla_dag.py
[2023-10-11T07:27:37.238+0000] {logging_mixin.py:151} INFO - [2023-10-11T07:27:37.238+0000] {dag.py:2915} INFO - Sync 1 DAGs
[2023-10-11T07:27:37.253+0000] {logging_mixin.py:151} INFO - [2023-10-11T07:27:37.253+0000] {dag.py:3696} INFO - Setting next_dagrun for example_sla_dag to 2023-10-11T07:24:00+00:00, run_after=2023-10-11T07:26:00+00:00
[2023-10-11T07:27:37.283+0000] {processor.py:179} INFO - Processing /home/airflow/.local/lib/python3.8/site-packages/airflow/example_dags/example_sla_dag.py took 0.068 seconds
[2023-10-11T07:28:07.377+0000] {processor.py:157} INFO - Started process (PID=12888) to work on /home/airflow/.local/lib/python3.8/site-packages/airflow/example_dags/example_sla_dag.py
[2023-10-11T07:28:07.378+0000] {processor.py:829} INFO - Processing file /home/airflow/.local/lib/python3.8/site-packages/airflow/example_dags/example_sla_dag.py for tasks to queue
[2023-10-11T07:28:07.378+0000] {logging_mixin.py:151} INFO - [2023-10-11T07:28:07.378+0000] {dagbag.py:539} INFO - Filling up the DagBag from /home/airflow/.local/lib/python3.8/site-packages/airflow/example_dags/example_sla_dag.py
[2023-10-11T07:28:07.385+0000] {processor.py:839} INFO - DAG(s) dict_keys(['example_sla_dag']) retrieved from /home/airflow/.local/lib/python3.8/site-packages/airflow/example_dags/example_sla_dag.py
[2023-10-11T07:28:07.397+0000] {logging_mixin.py:151} INFO - [2023-10-11T07:28:07.397+0000] {dag.py:2915} INFO - Sync 1 DAGs
[2023-10-11T07:28:07.410+0000] {logging_mixin.py:151} INFO - [2023-10-11T07:28:07.410+0000] {dag.py:3696} INFO - Setting next_dagrun for example_sla_dag to 2023-10-11T07:26:00+00:00, run_after=2023-10-11T07:28:00+00:00
[2023-10-11T07:28:07.418+0000] {processor.py:179} INFO - Processing /home/airflow/.local/lib/python3.8/site-packages/airflow/example_dags/example_sla_dag.py took 0.044 seconds
[2023-10-11T07:28:37.774+0000] {processor.py:157} INFO - Started process (PID=13131) to work on /home/airflow/.local/lib/python3.8/site-packages/airflow/example_dags/example_sla_dag.py
[2023-10-11T07:28:37.775+0000] {processor.py:829} INFO - Processing file /home/airflow/.local/lib/python3.8/site-packages/airflow/example_dags/example_sla_dag.py for tasks to queue
[2023-10-11T07:28:37.775+0000] {logging_mixin.py:151} INFO - [2023-10-11T07:28:37.775+0000] {dagbag.py:539} INFO - Filling up the DagBag from /home/airflow/.local/lib/python3.8/site-packages/airflow/example_dags/example_sla_dag.py
[2023-10-11T07:28:37.782+0000] {processor.py:839} INFO - DAG(s) dict_keys(['example_sla_dag']) retrieved from /home/airflow/.local/lib/python3.8/site-packages/airflow/example_dags/example_sla_dag.py
[2023-10-11T07:28:37.795+0000] {logging_mixin.py:151} INFO - [2023-10-11T07:28:37.795+0000] {dag.py:2915} INFO - Sync 1 DAGs
[2023-10-11T07:28:37.809+0000] {logging_mixin.py:151} INFO - [2023-10-11T07:28:37.809+0000] {dag.py:3696} INFO - Setting next_dagrun for example_sla_dag to 2023-10-11T07:26:00+00:00, run_after=2023-10-11T07:28:00+00:00
[2023-10-11T07:28:37.817+0000] {processor.py:179} INFO - Processing /home/airflow/.local/lib/python3.8/site-packages/airflow/example_dags/example_sla_dag.py took 0.046 seconds
