[2023-10-11T07:01:35.334+0000] {processor.py:157} INFO - Started process (PID=295) to work on /home/airflow/.local/lib/python3.8/site-packages/airflow/example_dags/example_skip_dag.py
[2023-10-11T07:01:35.335+0000] {processor.py:829} INFO - Processing file /home/airflow/.local/lib/python3.8/site-packages/airflow/example_dags/example_skip_dag.py for tasks to queue
[2023-10-11T07:01:35.346+0000] {logging_mixin.py:151} INFO - [2023-10-11T07:01:35.346+0000] {dagbag.py:539} INFO - Filling up the DagBag from /home/airflow/.local/lib/python3.8/site-packages/airflow/example_dags/example_skip_dag.py
[2023-10-11T07:01:35.355+0000] {processor.py:839} INFO - DAG(s) dict_keys(['example_skip_dag']) retrieved from /home/airflow/.local/lib/python3.8/site-packages/airflow/example_dags/example_skip_dag.py
[2023-10-11T07:01:35.590+0000] {logging_mixin.py:151} INFO - [2023-10-11T07:01:35.590+0000] {manager.py:499} INFO - Created Permission View: %s
[2023-10-11T07:01:35.597+0000] {logging_mixin.py:151} INFO - [2023-10-11T07:01:35.597+0000] {manager.py:499} INFO - Created Permission View: %s
[2023-10-11T07:01:35.602+0000] {logging_mixin.py:151} INFO - [2023-10-11T07:01:35.602+0000] {manager.py:499} INFO - Created Permission View: %s
[2023-10-11T07:01:35.602+0000] {logging_mixin.py:151} INFO - [2023-10-11T07:01:35.602+0000] {security.py:708} INFO - Not syncing DAG-level permissions for DAG 'DAG:example_skip_dag' as access control is unset.
[2023-10-11T07:01:35.602+0000] {logging_mixin.py:151} INFO - [2023-10-11T07:01:35.602+0000] {dag.py:2915} INFO - Sync 1 DAGs
[2023-10-11T07:01:35.608+0000] {logging_mixin.py:151} INFO - [2023-10-11T07:01:35.608+0000] {dag.py:2937} INFO - Creating ORM DAG for example_skip_dag
[2023-10-11T07:01:35.617+0000] {logging_mixin.py:151} INFO - [2023-10-11T07:01:35.616+0000] {dag.py:3696} INFO - Setting next_dagrun for example_skip_dag to 2023-10-10T07:01:35.616657+00:00, run_after=2023-10-11T07:01:35.616657+00:00
[2023-10-11T07:01:35.630+0000] {processor.py:179} INFO - Processing /home/airflow/.local/lib/python3.8/site-packages/airflow/example_dags/example_skip_dag.py took 0.298 seconds
[2023-10-11T07:02:06.011+0000] {processor.py:157} INFO - Started process (PID=534) to work on /home/airflow/.local/lib/python3.8/site-packages/airflow/example_dags/example_skip_dag.py
[2023-10-11T07:02:06.012+0000] {processor.py:829} INFO - Processing file /home/airflow/.local/lib/python3.8/site-packages/airflow/example_dags/example_skip_dag.py for tasks to queue
[2023-10-11T07:02:06.013+0000] {logging_mixin.py:151} INFO - [2023-10-11T07:02:06.012+0000] {dagbag.py:539} INFO - Filling up the DagBag from /home/airflow/.local/lib/python3.8/site-packages/airflow/example_dags/example_skip_dag.py
[2023-10-11T07:02:06.018+0000] {processor.py:839} INFO - DAG(s) dict_keys(['example_skip_dag']) retrieved from /home/airflow/.local/lib/python3.8/site-packages/airflow/example_dags/example_skip_dag.py
[2023-10-11T07:02:06.030+0000] {logging_mixin.py:151} INFO - [2023-10-11T07:02:06.030+0000] {dag.py:2915} INFO - Sync 1 DAGs
[2023-10-11T07:02:06.042+0000] {logging_mixin.py:151} INFO - [2023-10-11T07:02:06.042+0000] {dag.py:3696} INFO - Setting next_dagrun for example_skip_dag to 2023-10-10T07:02:06.042623+00:00, run_after=2023-10-11T07:02:06.042623+00:00
[2023-10-11T07:02:06.052+0000] {processor.py:179} INFO - Processing /home/airflow/.local/lib/python3.8/site-packages/airflow/example_dags/example_skip_dag.py took 0.043 seconds
[2023-10-11T07:02:36.790+0000] {processor.py:157} INFO - Started process (PID=770) to work on /home/airflow/.local/lib/python3.8/site-packages/airflow/example_dags/example_skip_dag.py
[2023-10-11T07:02:36.791+0000] {processor.py:829} INFO - Processing file /home/airflow/.local/lib/python3.8/site-packages/airflow/example_dags/example_skip_dag.py for tasks to queue
[2023-10-11T07:02:36.792+0000] {logging_mixin.py:151} INFO - [2023-10-11T07:02:36.791+0000] {dagbag.py:539} INFO - Filling up the DagBag from /home/airflow/.local/lib/python3.8/site-packages/airflow/example_dags/example_skip_dag.py
[2023-10-11T07:02:36.798+0000] {processor.py:839} INFO - DAG(s) dict_keys(['example_skip_dag']) retrieved from /home/airflow/.local/lib/python3.8/site-packages/airflow/example_dags/example_skip_dag.py
[2023-10-11T07:02:36.820+0000] {logging_mixin.py:151} INFO - [2023-10-11T07:02:36.820+0000] {dag.py:2915} INFO - Sync 1 DAGs
[2023-10-11T07:02:36.832+0000] {logging_mixin.py:151} INFO - [2023-10-11T07:02:36.831+0000] {dag.py:3696} INFO - Setting next_dagrun for example_skip_dag to 2023-10-10T07:02:36.831794+00:00, run_after=2023-10-11T07:02:36.831794+00:00
[2023-10-11T07:02:36.841+0000] {processor.py:179} INFO - Processing /home/airflow/.local/lib/python3.8/site-packages/airflow/example_dags/example_skip_dag.py took 0.054 seconds
[2023-10-11T07:03:07.855+0000] {processor.py:157} INFO - Started process (PID=1009) to work on /home/airflow/.local/lib/python3.8/site-packages/airflow/example_dags/example_skip_dag.py
[2023-10-11T07:03:07.860+0000] {processor.py:829} INFO - Processing file /home/airflow/.local/lib/python3.8/site-packages/airflow/example_dags/example_skip_dag.py for tasks to queue
[2023-10-11T07:03:07.865+0000] {logging_mixin.py:151} INFO - [2023-10-11T07:03:07.865+0000] {dagbag.py:539} INFO - Filling up the DagBag from /home/airflow/.local/lib/python3.8/site-packages/airflow/example_dags/example_skip_dag.py
[2023-10-11T07:03:07.886+0000] {processor.py:839} INFO - DAG(s) dict_keys(['example_skip_dag']) retrieved from /home/airflow/.local/lib/python3.8/site-packages/airflow/example_dags/example_skip_dag.py
[2023-10-11T07:03:07.902+0000] {logging_mixin.py:151} INFO - [2023-10-11T07:03:07.902+0000] {dag.py:2915} INFO - Sync 1 DAGs
[2023-10-11T07:03:07.917+0000] {logging_mixin.py:151} INFO - [2023-10-11T07:03:07.917+0000] {dag.py:3696} INFO - Setting next_dagrun for example_skip_dag to 2023-10-10T07:03:07.916875+00:00, run_after=2023-10-11T07:03:07.916875+00:00
[2023-10-11T07:03:07.927+0000] {processor.py:179} INFO - Processing /home/airflow/.local/lib/python3.8/site-packages/airflow/example_dags/example_skip_dag.py took 0.077 seconds
[2023-10-11T07:03:38.503+0000] {processor.py:157} INFO - Started process (PID=1247) to work on /home/airflow/.local/lib/python3.8/site-packages/airflow/example_dags/example_skip_dag.py
[2023-10-11T07:03:38.504+0000] {processor.py:829} INFO - Processing file /home/airflow/.local/lib/python3.8/site-packages/airflow/example_dags/example_skip_dag.py for tasks to queue
[2023-10-11T07:03:38.505+0000] {logging_mixin.py:151} INFO - [2023-10-11T07:03:38.505+0000] {dagbag.py:539} INFO - Filling up the DagBag from /home/airflow/.local/lib/python3.8/site-packages/airflow/example_dags/example_skip_dag.py
[2023-10-11T07:03:38.511+0000] {processor.py:839} INFO - DAG(s) dict_keys(['example_skip_dag']) retrieved from /home/airflow/.local/lib/python3.8/site-packages/airflow/example_dags/example_skip_dag.py
[2023-10-11T07:03:38.526+0000] {logging_mixin.py:151} INFO - [2023-10-11T07:03:38.526+0000] {dag.py:2915} INFO - Sync 1 DAGs
[2023-10-11T07:03:38.540+0000] {logging_mixin.py:151} INFO - [2023-10-11T07:03:38.540+0000] {dag.py:3696} INFO - Setting next_dagrun for example_skip_dag to 2023-10-10T07:03:38.540201+00:00, run_after=2023-10-11T07:03:38.540201+00:00
[2023-10-11T07:03:38.551+0000] {processor.py:179} INFO - Processing /home/airflow/.local/lib/python3.8/site-packages/airflow/example_dags/example_skip_dag.py took 0.050 seconds
[2023-10-11T07:04:08.931+0000] {processor.py:157} INFO - Started process (PID=1485) to work on /home/airflow/.local/lib/python3.8/site-packages/airflow/example_dags/example_skip_dag.py
[2023-10-11T07:04:08.932+0000] {processor.py:829} INFO - Processing file /home/airflow/.local/lib/python3.8/site-packages/airflow/example_dags/example_skip_dag.py for tasks to queue
[2023-10-11T07:04:08.933+0000] {logging_mixin.py:151} INFO - [2023-10-11T07:04:08.932+0000] {dagbag.py:539} INFO - Filling up the DagBag from /home/airflow/.local/lib/python3.8/site-packages/airflow/example_dags/example_skip_dag.py
[2023-10-11T07:04:08.938+0000] {processor.py:839} INFO - DAG(s) dict_keys(['example_skip_dag']) retrieved from /home/airflow/.local/lib/python3.8/site-packages/airflow/example_dags/example_skip_dag.py
[2023-10-11T07:04:08.951+0000] {logging_mixin.py:151} INFO - [2023-10-11T07:04:08.950+0000] {dag.py:2915} INFO - Sync 1 DAGs
[2023-10-11T07:04:08.967+0000] {logging_mixin.py:151} INFO - [2023-10-11T07:04:08.967+0000] {dag.py:3696} INFO - Setting next_dagrun for example_skip_dag to 2023-10-10T07:04:08.967398+00:00, run_after=2023-10-11T07:04:08.967398+00:00
[2023-10-11T07:04:08.992+0000] {processor.py:179} INFO - Processing /home/airflow/.local/lib/python3.8/site-packages/airflow/example_dags/example_skip_dag.py took 0.062 seconds
[2023-10-11T07:04:39.745+0000] {processor.py:157} INFO - Started process (PID=1723) to work on /home/airflow/.local/lib/python3.8/site-packages/airflow/example_dags/example_skip_dag.py
[2023-10-11T07:04:39.746+0000] {processor.py:829} INFO - Processing file /home/airflow/.local/lib/python3.8/site-packages/airflow/example_dags/example_skip_dag.py for tasks to queue
[2023-10-11T07:04:39.747+0000] {logging_mixin.py:151} INFO - [2023-10-11T07:04:39.747+0000] {dagbag.py:539} INFO - Filling up the DagBag from /home/airflow/.local/lib/python3.8/site-packages/airflow/example_dags/example_skip_dag.py
[2023-10-11T07:04:39.761+0000] {processor.py:839} INFO - DAG(s) dict_keys(['example_skip_dag']) retrieved from /home/airflow/.local/lib/python3.8/site-packages/airflow/example_dags/example_skip_dag.py
[2023-10-11T07:04:39.792+0000] {logging_mixin.py:151} INFO - [2023-10-11T07:04:39.792+0000] {dag.py:2915} INFO - Sync 1 DAGs
[2023-10-11T07:04:39.805+0000] {logging_mixin.py:151} INFO - [2023-10-11T07:04:39.805+0000] {dag.py:3696} INFO - Setting next_dagrun for example_skip_dag to 2023-10-10T07:04:39.805708+00:00, run_after=2023-10-11T07:04:39.805708+00:00
[2023-10-11T07:04:39.820+0000] {processor.py:179} INFO - Processing /home/airflow/.local/lib/python3.8/site-packages/airflow/example_dags/example_skip_dag.py took 0.077 seconds
[2023-10-11T07:05:10.287+0000] {processor.py:157} INFO - Started process (PID=1961) to work on /home/airflow/.local/lib/python3.8/site-packages/airflow/example_dags/example_skip_dag.py
[2023-10-11T07:05:10.288+0000] {processor.py:829} INFO - Processing file /home/airflow/.local/lib/python3.8/site-packages/airflow/example_dags/example_skip_dag.py for tasks to queue
[2023-10-11T07:05:10.289+0000] {logging_mixin.py:151} INFO - [2023-10-11T07:05:10.288+0000] {dagbag.py:539} INFO - Filling up the DagBag from /home/airflow/.local/lib/python3.8/site-packages/airflow/example_dags/example_skip_dag.py
[2023-10-11T07:05:10.294+0000] {processor.py:839} INFO - DAG(s) dict_keys(['example_skip_dag']) retrieved from /home/airflow/.local/lib/python3.8/site-packages/airflow/example_dags/example_skip_dag.py
[2023-10-11T07:05:10.310+0000] {logging_mixin.py:151} INFO - [2023-10-11T07:05:10.310+0000] {dag.py:2915} INFO - Sync 1 DAGs
[2023-10-11T07:05:10.322+0000] {logging_mixin.py:151} INFO - [2023-10-11T07:05:10.321+0000] {dag.py:3696} INFO - Setting next_dagrun for example_skip_dag to 2023-10-10T07:05:10.321795+00:00, run_after=2023-10-11T07:05:10.321795+00:00
[2023-10-11T07:05:10.331+0000] {processor.py:179} INFO - Processing /home/airflow/.local/lib/python3.8/site-packages/airflow/example_dags/example_skip_dag.py took 0.046 seconds
[2023-10-11T07:05:41.034+0000] {processor.py:157} INFO - Started process (PID=2199) to work on /home/airflow/.local/lib/python3.8/site-packages/airflow/example_dags/example_skip_dag.py
[2023-10-11T07:05:41.034+0000] {processor.py:829} INFO - Processing file /home/airflow/.local/lib/python3.8/site-packages/airflow/example_dags/example_skip_dag.py for tasks to queue
[2023-10-11T07:05:41.035+0000] {logging_mixin.py:151} INFO - [2023-10-11T07:05:41.035+0000] {dagbag.py:539} INFO - Filling up the DagBag from /home/airflow/.local/lib/python3.8/site-packages/airflow/example_dags/example_skip_dag.py
[2023-10-11T07:05:41.040+0000] {processor.py:839} INFO - DAG(s) dict_keys(['example_skip_dag']) retrieved from /home/airflow/.local/lib/python3.8/site-packages/airflow/example_dags/example_skip_dag.py
[2023-10-11T07:05:41.054+0000] {logging_mixin.py:151} INFO - [2023-10-11T07:05:41.054+0000] {dag.py:2915} INFO - Sync 1 DAGs
[2023-10-11T07:05:41.074+0000] {logging_mixin.py:151} INFO - [2023-10-11T07:05:41.074+0000] {dag.py:3696} INFO - Setting next_dagrun for example_skip_dag to 2023-10-10T07:05:41.074099+00:00, run_after=2023-10-11T07:05:41.074099+00:00
[2023-10-11T07:05:41.093+0000] {processor.py:179} INFO - Processing /home/airflow/.local/lib/python3.8/site-packages/airflow/example_dags/example_skip_dag.py took 0.062 seconds
[2023-10-11T07:06:11.415+0000] {processor.py:157} INFO - Started process (PID=2437) to work on /home/airflow/.local/lib/python3.8/site-packages/airflow/example_dags/example_skip_dag.py
[2023-10-11T07:06:11.427+0000] {processor.py:829} INFO - Processing file /home/airflow/.local/lib/python3.8/site-packages/airflow/example_dags/example_skip_dag.py for tasks to queue
[2023-10-11T07:06:11.428+0000] {logging_mixin.py:151} INFO - [2023-10-11T07:06:11.428+0000] {dagbag.py:539} INFO - Filling up the DagBag from /home/airflow/.local/lib/python3.8/site-packages/airflow/example_dags/example_skip_dag.py
[2023-10-11T07:06:11.433+0000] {processor.py:839} INFO - DAG(s) dict_keys(['example_skip_dag']) retrieved from /home/airflow/.local/lib/python3.8/site-packages/airflow/example_dags/example_skip_dag.py
[2023-10-11T07:06:11.470+0000] {logging_mixin.py:151} INFO - [2023-10-11T07:06:11.470+0000] {dag.py:2915} INFO - Sync 1 DAGs
[2023-10-11T07:06:11.494+0000] {logging_mixin.py:151} INFO - [2023-10-11T07:06:11.494+0000] {dag.py:3696} INFO - Setting next_dagrun for example_skip_dag to 2023-10-10T07:06:11.494000+00:00, run_after=2023-10-11T07:06:11.494000+00:00
[2023-10-11T07:06:11.505+0000] {processor.py:179} INFO - Processing /home/airflow/.local/lib/python3.8/site-packages/airflow/example_dags/example_skip_dag.py took 0.093 seconds
[2023-10-11T07:06:41.906+0000] {processor.py:157} INFO - Started process (PID=2680) to work on /home/airflow/.local/lib/python3.8/site-packages/airflow/example_dags/example_skip_dag.py
[2023-10-11T07:06:41.907+0000] {processor.py:829} INFO - Processing file /home/airflow/.local/lib/python3.8/site-packages/airflow/example_dags/example_skip_dag.py for tasks to queue
[2023-10-11T07:06:41.908+0000] {logging_mixin.py:151} INFO - [2023-10-11T07:06:41.908+0000] {dagbag.py:539} INFO - Filling up the DagBag from /home/airflow/.local/lib/python3.8/site-packages/airflow/example_dags/example_skip_dag.py
[2023-10-11T07:06:41.914+0000] {processor.py:839} INFO - DAG(s) dict_keys(['example_skip_dag']) retrieved from /home/airflow/.local/lib/python3.8/site-packages/airflow/example_dags/example_skip_dag.py
[2023-10-11T07:06:41.930+0000] {logging_mixin.py:151} INFO - [2023-10-11T07:06:41.930+0000] {dag.py:2915} INFO - Sync 1 DAGs
[2023-10-11T07:06:41.944+0000] {logging_mixin.py:151} INFO - [2023-10-11T07:06:41.944+0000] {dag.py:3696} INFO - Setting next_dagrun for example_skip_dag to 2023-10-10T07:06:41.944050+00:00, run_after=2023-10-11T07:06:41.944050+00:00
[2023-10-11T07:06:41.971+0000] {processor.py:179} INFO - Processing /home/airflow/.local/lib/python3.8/site-packages/airflow/example_dags/example_skip_dag.py took 0.068 seconds
[2023-10-11T07:07:12.828+0000] {processor.py:157} INFO - Started process (PID=2922) to work on /home/airflow/.local/lib/python3.8/site-packages/airflow/example_dags/example_skip_dag.py
[2023-10-11T07:07:12.829+0000] {processor.py:829} INFO - Processing file /home/airflow/.local/lib/python3.8/site-packages/airflow/example_dags/example_skip_dag.py for tasks to queue
[2023-10-11T07:07:12.829+0000] {logging_mixin.py:151} INFO - [2023-10-11T07:07:12.829+0000] {dagbag.py:539} INFO - Filling up the DagBag from /home/airflow/.local/lib/python3.8/site-packages/airflow/example_dags/example_skip_dag.py
[2023-10-11T07:07:12.835+0000] {processor.py:839} INFO - DAG(s) dict_keys(['example_skip_dag']) retrieved from /home/airflow/.local/lib/python3.8/site-packages/airflow/example_dags/example_skip_dag.py
[2023-10-11T07:07:12.848+0000] {logging_mixin.py:151} INFO - [2023-10-11T07:07:12.848+0000] {dag.py:2915} INFO - Sync 1 DAGs
[2023-10-11T07:07:12.889+0000] {logging_mixin.py:151} INFO - [2023-10-11T07:07:12.889+0000] {dag.py:3696} INFO - Setting next_dagrun for example_skip_dag to 2023-10-10T07:07:12.889335+00:00, run_after=2023-10-11T07:07:12.889335+00:00
[2023-10-11T07:07:12.901+0000] {processor.py:179} INFO - Processing /home/airflow/.local/lib/python3.8/site-packages/airflow/example_dags/example_skip_dag.py took 0.076 seconds
[2023-10-11T07:07:44.114+0000] {processor.py:157} INFO - Started process (PID=3170) to work on /home/airflow/.local/lib/python3.8/site-packages/airflow/example_dags/example_skip_dag.py
[2023-10-11T07:07:44.116+0000] {processor.py:829} INFO - Processing file /home/airflow/.local/lib/python3.8/site-packages/airflow/example_dags/example_skip_dag.py for tasks to queue
[2023-10-11T07:07:44.118+0000] {logging_mixin.py:151} INFO - [2023-10-11T07:07:44.117+0000] {dagbag.py:539} INFO - Filling up the DagBag from /home/airflow/.local/lib/python3.8/site-packages/airflow/example_dags/example_skip_dag.py
[2023-10-11T07:07:44.127+0000] {processor.py:839} INFO - DAG(s) dict_keys(['example_skip_dag']) retrieved from /home/airflow/.local/lib/python3.8/site-packages/airflow/example_dags/example_skip_dag.py
[2023-10-11T07:07:44.206+0000] {logging_mixin.py:151} INFO - [2023-10-11T07:07:44.205+0000] {dag.py:2915} INFO - Sync 1 DAGs
[2023-10-11T07:07:44.249+0000] {logging_mixin.py:151} INFO - [2023-10-11T07:07:44.248+0000] {dag.py:3696} INFO - Setting next_dagrun for example_skip_dag to 2023-10-10T07:07:44.248597+00:00, run_after=2023-10-11T07:07:44.248597+00:00
[2023-10-11T07:07:44.302+0000] {processor.py:179} INFO - Processing /home/airflow/.local/lib/python3.8/site-packages/airflow/example_dags/example_skip_dag.py took 0.191 seconds
[2023-10-11T07:08:14.503+0000] {processor.py:157} INFO - Started process (PID=3441) to work on /home/airflow/.local/lib/python3.8/site-packages/airflow/example_dags/example_skip_dag.py
[2023-10-11T07:08:14.504+0000] {processor.py:829} INFO - Processing file /home/airflow/.local/lib/python3.8/site-packages/airflow/example_dags/example_skip_dag.py for tasks to queue
[2023-10-11T07:08:14.504+0000] {logging_mixin.py:151} INFO - [2023-10-11T07:08:14.504+0000] {dagbag.py:539} INFO - Filling up the DagBag from /home/airflow/.local/lib/python3.8/site-packages/airflow/example_dags/example_skip_dag.py
[2023-10-11T07:08:14.509+0000] {processor.py:839} INFO - DAG(s) dict_keys(['example_skip_dag']) retrieved from /home/airflow/.local/lib/python3.8/site-packages/airflow/example_dags/example_skip_dag.py
[2023-10-11T07:08:14.523+0000] {logging_mixin.py:151} INFO - [2023-10-11T07:08:14.523+0000] {dag.py:2915} INFO - Sync 1 DAGs
[2023-10-11T07:08:14.536+0000] {logging_mixin.py:151} INFO - [2023-10-11T07:08:14.536+0000] {dag.py:3696} INFO - Setting next_dagrun for example_skip_dag to 2023-10-10T07:08:14.536329+00:00, run_after=2023-10-11T07:08:14.536329+00:00
[2023-10-11T07:08:14.546+0000] {processor.py:179} INFO - Processing /home/airflow/.local/lib/python3.8/site-packages/airflow/example_dags/example_skip_dag.py took 0.046 seconds
[2023-10-11T07:08:45.315+0000] {processor.py:157} INFO - Started process (PID=3682) to work on /home/airflow/.local/lib/python3.8/site-packages/airflow/example_dags/example_skip_dag.py
[2023-10-11T07:08:45.316+0000] {processor.py:829} INFO - Processing file /home/airflow/.local/lib/python3.8/site-packages/airflow/example_dags/example_skip_dag.py for tasks to queue
[2023-10-11T07:08:45.317+0000] {logging_mixin.py:151} INFO - [2023-10-11T07:08:45.317+0000] {dagbag.py:539} INFO - Filling up the DagBag from /home/airflow/.local/lib/python3.8/site-packages/airflow/example_dags/example_skip_dag.py
[2023-10-11T07:08:45.326+0000] {processor.py:839} INFO - DAG(s) dict_keys(['example_skip_dag']) retrieved from /home/airflow/.local/lib/python3.8/site-packages/airflow/example_dags/example_skip_dag.py
[2023-10-11T07:08:45.378+0000] {logging_mixin.py:151} INFO - [2023-10-11T07:08:45.377+0000] {dag.py:2915} INFO - Sync 1 DAGs
[2023-10-11T07:08:45.415+0000] {logging_mixin.py:151} INFO - [2023-10-11T07:08:45.415+0000] {dag.py:3696} INFO - Setting next_dagrun for example_skip_dag to 2023-10-10T07:08:45.414704+00:00, run_after=2023-10-11T07:08:45.414704+00:00
[2023-10-11T07:08:45.428+0000] {processor.py:179} INFO - Processing /home/airflow/.local/lib/python3.8/site-packages/airflow/example_dags/example_skip_dag.py took 0.116 seconds
[2023-10-11T07:09:15.597+0000] {processor.py:157} INFO - Started process (PID=3925) to work on /home/airflow/.local/lib/python3.8/site-packages/airflow/example_dags/example_skip_dag.py
[2023-10-11T07:09:15.598+0000] {processor.py:829} INFO - Processing file /home/airflow/.local/lib/python3.8/site-packages/airflow/example_dags/example_skip_dag.py for tasks to queue
[2023-10-11T07:09:15.598+0000] {logging_mixin.py:151} INFO - [2023-10-11T07:09:15.598+0000] {dagbag.py:539} INFO - Filling up the DagBag from /home/airflow/.local/lib/python3.8/site-packages/airflow/example_dags/example_skip_dag.py
[2023-10-11T07:09:15.603+0000] {processor.py:839} INFO - DAG(s) dict_keys(['example_skip_dag']) retrieved from /home/airflow/.local/lib/python3.8/site-packages/airflow/example_dags/example_skip_dag.py
[2023-10-11T07:09:15.617+0000] {logging_mixin.py:151} INFO - [2023-10-11T07:09:15.617+0000] {dag.py:2915} INFO - Sync 1 DAGs
[2023-10-11T07:09:15.628+0000] {logging_mixin.py:151} INFO - [2023-10-11T07:09:15.628+0000] {dag.py:3696} INFO - Setting next_dagrun for example_skip_dag to 2023-10-10T07:09:15.628579+00:00, run_after=2023-10-11T07:09:15.628579+00:00
[2023-10-11T07:09:15.637+0000] {processor.py:179} INFO - Processing /home/airflow/.local/lib/python3.8/site-packages/airflow/example_dags/example_skip_dag.py took 0.043 seconds
[2023-10-11T07:09:46.041+0000] {processor.py:157} INFO - Started process (PID=4168) to work on /home/airflow/.local/lib/python3.8/site-packages/airflow/example_dags/example_skip_dag.py
[2023-10-11T07:09:46.043+0000] {processor.py:829} INFO - Processing file /home/airflow/.local/lib/python3.8/site-packages/airflow/example_dags/example_skip_dag.py for tasks to queue
[2023-10-11T07:09:46.043+0000] {logging_mixin.py:151} INFO - [2023-10-11T07:09:46.043+0000] {dagbag.py:539} INFO - Filling up the DagBag from /home/airflow/.local/lib/python3.8/site-packages/airflow/example_dags/example_skip_dag.py
[2023-10-11T07:09:46.052+0000] {processor.py:839} INFO - DAG(s) dict_keys(['example_skip_dag']) retrieved from /home/airflow/.local/lib/python3.8/site-packages/airflow/example_dags/example_skip_dag.py
[2023-10-11T07:09:46.093+0000] {logging_mixin.py:151} INFO - [2023-10-11T07:09:46.093+0000] {dag.py:2915} INFO - Sync 1 DAGs
[2023-10-11T07:09:46.109+0000] {logging_mixin.py:151} INFO - [2023-10-11T07:09:46.109+0000] {dag.py:3696} INFO - Setting next_dagrun for example_skip_dag to 2023-10-10T07:09:46.109074+00:00, run_after=2023-10-11T07:09:46.109074+00:00
[2023-10-11T07:09:46.121+0000] {processor.py:179} INFO - Processing /home/airflow/.local/lib/python3.8/site-packages/airflow/example_dags/example_skip_dag.py took 0.083 seconds
[2023-10-11T07:10:16.889+0000] {processor.py:157} INFO - Started process (PID=4411) to work on /home/airflow/.local/lib/python3.8/site-packages/airflow/example_dags/example_skip_dag.py
[2023-10-11T07:10:16.890+0000] {processor.py:829} INFO - Processing file /home/airflow/.local/lib/python3.8/site-packages/airflow/example_dags/example_skip_dag.py for tasks to queue
[2023-10-11T07:10:16.890+0000] {logging_mixin.py:151} INFO - [2023-10-11T07:10:16.890+0000] {dagbag.py:539} INFO - Filling up the DagBag from /home/airflow/.local/lib/python3.8/site-packages/airflow/example_dags/example_skip_dag.py
[2023-10-11T07:10:16.896+0000] {processor.py:839} INFO - DAG(s) dict_keys(['example_skip_dag']) retrieved from /home/airflow/.local/lib/python3.8/site-packages/airflow/example_dags/example_skip_dag.py
[2023-10-11T07:10:16.910+0000] {logging_mixin.py:151} INFO - [2023-10-11T07:10:16.910+0000] {dag.py:2915} INFO - Sync 1 DAGs
[2023-10-11T07:10:16.922+0000] {logging_mixin.py:151} INFO - [2023-10-11T07:10:16.922+0000] {dag.py:3696} INFO - Setting next_dagrun for example_skip_dag to 2023-10-10T07:10:16.922592+00:00, run_after=2023-10-11T07:10:16.922592+00:00
[2023-10-11T07:10:16.932+0000] {processor.py:179} INFO - Processing /home/airflow/.local/lib/python3.8/site-packages/airflow/example_dags/example_skip_dag.py took 0.046 seconds
[2023-10-11T07:10:47.379+0000] {processor.py:157} INFO - Started process (PID=4656) to work on /home/airflow/.local/lib/python3.8/site-packages/airflow/example_dags/example_skip_dag.py
[2023-10-11T07:10:47.380+0000] {processor.py:829} INFO - Processing file /home/airflow/.local/lib/python3.8/site-packages/airflow/example_dags/example_skip_dag.py for tasks to queue
[2023-10-11T07:10:47.381+0000] {logging_mixin.py:151} INFO - [2023-10-11T07:10:47.380+0000] {dagbag.py:539} INFO - Filling up the DagBag from /home/airflow/.local/lib/python3.8/site-packages/airflow/example_dags/example_skip_dag.py
[2023-10-11T07:10:47.385+0000] {processor.py:839} INFO - DAG(s) dict_keys(['example_skip_dag']) retrieved from /home/airflow/.local/lib/python3.8/site-packages/airflow/example_dags/example_skip_dag.py
[2023-10-11T07:10:47.399+0000] {logging_mixin.py:151} INFO - [2023-10-11T07:10:47.398+0000] {dag.py:2915} INFO - Sync 1 DAGs
[2023-10-11T07:10:47.409+0000] {logging_mixin.py:151} INFO - [2023-10-11T07:10:47.409+0000] {dag.py:3696} INFO - Setting next_dagrun for example_skip_dag to 2023-10-10T07:10:47.409410+00:00, run_after=2023-10-11T07:10:47.409410+00:00
[2023-10-11T07:10:47.418+0000] {processor.py:179} INFO - Processing /home/airflow/.local/lib/python3.8/site-packages/airflow/example_dags/example_skip_dag.py took 0.041 seconds
[2023-10-11T07:11:17.724+0000] {processor.py:157} INFO - Started process (PID=4897) to work on /home/airflow/.local/lib/python3.8/site-packages/airflow/example_dags/example_skip_dag.py
[2023-10-11T07:11:17.725+0000] {processor.py:829} INFO - Processing file /home/airflow/.local/lib/python3.8/site-packages/airflow/example_dags/example_skip_dag.py for tasks to queue
[2023-10-11T07:11:17.725+0000] {logging_mixin.py:151} INFO - [2023-10-11T07:11:17.725+0000] {dagbag.py:539} INFO - Filling up the DagBag from /home/airflow/.local/lib/python3.8/site-packages/airflow/example_dags/example_skip_dag.py
[2023-10-11T07:11:17.731+0000] {processor.py:839} INFO - DAG(s) dict_keys(['example_skip_dag']) retrieved from /home/airflow/.local/lib/python3.8/site-packages/airflow/example_dags/example_skip_dag.py
[2023-10-11T07:11:17.767+0000] {logging_mixin.py:151} INFO - [2023-10-11T07:11:17.767+0000] {dag.py:2915} INFO - Sync 1 DAGs
[2023-10-11T07:11:17.817+0000] {logging_mixin.py:151} INFO - [2023-10-11T07:11:17.817+0000] {dag.py:3696} INFO - Setting next_dagrun for example_skip_dag to 2023-10-10T07:11:17.817563+00:00, run_after=2023-10-11T07:11:17.817563+00:00
[2023-10-11T07:11:17.830+0000] {processor.py:179} INFO - Processing /home/airflow/.local/lib/python3.8/site-packages/airflow/example_dags/example_skip_dag.py took 0.109 seconds
[2023-10-11T07:11:48.594+0000] {processor.py:157} INFO - Started process (PID=5140) to work on /home/airflow/.local/lib/python3.8/site-packages/airflow/example_dags/example_skip_dag.py
[2023-10-11T07:11:48.595+0000] {processor.py:829} INFO - Processing file /home/airflow/.local/lib/python3.8/site-packages/airflow/example_dags/example_skip_dag.py for tasks to queue
[2023-10-11T07:11:48.595+0000] {logging_mixin.py:151} INFO - [2023-10-11T07:11:48.595+0000] {dagbag.py:539} INFO - Filling up the DagBag from /home/airflow/.local/lib/python3.8/site-packages/airflow/example_dags/example_skip_dag.py
[2023-10-11T07:11:48.601+0000] {processor.py:839} INFO - DAG(s) dict_keys(['example_skip_dag']) retrieved from /home/airflow/.local/lib/python3.8/site-packages/airflow/example_dags/example_skip_dag.py
[2023-10-11T07:11:48.627+0000] {logging_mixin.py:151} INFO - [2023-10-11T07:11:48.626+0000] {dag.py:2915} INFO - Sync 1 DAGs
[2023-10-11T07:11:48.645+0000] {logging_mixin.py:151} INFO - [2023-10-11T07:11:48.644+0000] {dag.py:3696} INFO - Setting next_dagrun for example_skip_dag to 2023-10-10T07:11:48.644682+00:00, run_after=2023-10-11T07:11:48.644682+00:00
[2023-10-11T07:11:48.693+0000] {processor.py:179} INFO - Processing /home/airflow/.local/lib/python3.8/site-packages/airflow/example_dags/example_skip_dag.py took 0.102 seconds
[2023-10-11T07:12:19.222+0000] {processor.py:157} INFO - Started process (PID=5383) to work on /home/airflow/.local/lib/python3.8/site-packages/airflow/example_dags/example_skip_dag.py
[2023-10-11T07:12:19.223+0000] {processor.py:829} INFO - Processing file /home/airflow/.local/lib/python3.8/site-packages/airflow/example_dags/example_skip_dag.py for tasks to queue
[2023-10-11T07:12:19.224+0000] {logging_mixin.py:151} INFO - [2023-10-11T07:12:19.224+0000] {dagbag.py:539} INFO - Filling up the DagBag from /home/airflow/.local/lib/python3.8/site-packages/airflow/example_dags/example_skip_dag.py
[2023-10-11T07:12:19.230+0000] {processor.py:839} INFO - DAG(s) dict_keys(['example_skip_dag']) retrieved from /home/airflow/.local/lib/python3.8/site-packages/airflow/example_dags/example_skip_dag.py
[2023-10-11T07:12:19.271+0000] {logging_mixin.py:151} INFO - [2023-10-11T07:12:19.271+0000] {dag.py:2915} INFO - Sync 1 DAGs
[2023-10-11T07:12:19.295+0000] {logging_mixin.py:151} INFO - [2023-10-11T07:12:19.295+0000] {dag.py:3696} INFO - Setting next_dagrun for example_skip_dag to 2023-10-10T07:12:19.294879+00:00, run_after=2023-10-11T07:12:19.294879+00:00
[2023-10-11T07:12:19.308+0000] {processor.py:179} INFO - Processing /home/airflow/.local/lib/python3.8/site-packages/airflow/example_dags/example_skip_dag.py took 0.088 seconds
[2023-10-11T07:12:49.697+0000] {processor.py:157} INFO - Started process (PID=5626) to work on /home/airflow/.local/lib/python3.8/site-packages/airflow/example_dags/example_skip_dag.py
[2023-10-11T07:12:49.698+0000] {processor.py:829} INFO - Processing file /home/airflow/.local/lib/python3.8/site-packages/airflow/example_dags/example_skip_dag.py for tasks to queue
[2023-10-11T07:12:49.698+0000] {logging_mixin.py:151} INFO - [2023-10-11T07:12:49.698+0000] {dagbag.py:539} INFO - Filling up the DagBag from /home/airflow/.local/lib/python3.8/site-packages/airflow/example_dags/example_skip_dag.py
[2023-10-11T07:12:49.704+0000] {processor.py:839} INFO - DAG(s) dict_keys(['example_skip_dag']) retrieved from /home/airflow/.local/lib/python3.8/site-packages/airflow/example_dags/example_skip_dag.py
[2023-10-11T07:12:49.720+0000] {logging_mixin.py:151} INFO - [2023-10-11T07:12:49.720+0000] {dag.py:2915} INFO - Sync 1 DAGs
[2023-10-11T07:12:49.734+0000] {logging_mixin.py:151} INFO - [2023-10-11T07:12:49.734+0000] {dag.py:3696} INFO - Setting next_dagrun for example_skip_dag to 2023-10-10T07:12:49.734605+00:00, run_after=2023-10-11T07:12:49.734605+00:00
[2023-10-11T07:12:49.745+0000] {processor.py:179} INFO - Processing /home/airflow/.local/lib/python3.8/site-packages/airflow/example_dags/example_skip_dag.py took 0.051 seconds
[2023-10-11T07:13:20.154+0000] {processor.py:157} INFO - Started process (PID=5869) to work on /home/airflow/.local/lib/python3.8/site-packages/airflow/example_dags/example_skip_dag.py
[2023-10-11T07:13:20.158+0000] {processor.py:829} INFO - Processing file /home/airflow/.local/lib/python3.8/site-packages/airflow/example_dags/example_skip_dag.py for tasks to queue
[2023-10-11T07:13:20.163+0000] {logging_mixin.py:151} INFO - [2023-10-11T07:13:20.163+0000] {dagbag.py:539} INFO - Filling up the DagBag from /home/airflow/.local/lib/python3.8/site-packages/airflow/example_dags/example_skip_dag.py
[2023-10-11T07:13:20.177+0000] {processor.py:839} INFO - DAG(s) dict_keys(['example_skip_dag']) retrieved from /home/airflow/.local/lib/python3.8/site-packages/airflow/example_dags/example_skip_dag.py
[2023-10-11T07:13:20.207+0000] {logging_mixin.py:151} INFO - [2023-10-11T07:13:20.207+0000] {dag.py:2915} INFO - Sync 1 DAGs
[2023-10-11T07:13:20.222+0000] {logging_mixin.py:151} INFO - [2023-10-11T07:13:20.222+0000] {dag.py:3696} INFO - Setting next_dagrun for example_skip_dag to 2023-10-10T07:13:20.222147+00:00, run_after=2023-10-11T07:13:20.222147+00:00
[2023-10-11T07:13:20.261+0000] {processor.py:179} INFO - Processing /home/airflow/.local/lib/python3.8/site-packages/airflow/example_dags/example_skip_dag.py took 0.116 seconds
[2023-10-11T07:13:50.712+0000] {processor.py:157} INFO - Started process (PID=6112) to work on /home/airflow/.local/lib/python3.8/site-packages/airflow/example_dags/example_skip_dag.py
[2023-10-11T07:13:50.714+0000] {processor.py:829} INFO - Processing file /home/airflow/.local/lib/python3.8/site-packages/airflow/example_dags/example_skip_dag.py for tasks to queue
[2023-10-11T07:13:50.714+0000] {logging_mixin.py:151} INFO - [2023-10-11T07:13:50.714+0000] {dagbag.py:539} INFO - Filling up the DagBag from /home/airflow/.local/lib/python3.8/site-packages/airflow/example_dags/example_skip_dag.py
[2023-10-11T07:13:50.720+0000] {processor.py:839} INFO - DAG(s) dict_keys(['example_skip_dag']) retrieved from /home/airflow/.local/lib/python3.8/site-packages/airflow/example_dags/example_skip_dag.py
[2023-10-11T07:13:50.738+0000] {logging_mixin.py:151} INFO - [2023-10-11T07:13:50.738+0000] {dag.py:2915} INFO - Sync 1 DAGs
[2023-10-11T07:13:50.763+0000] {logging_mixin.py:151} INFO - [2023-10-11T07:13:50.762+0000] {dag.py:3696} INFO - Setting next_dagrun for example_skip_dag to 2023-10-10T07:13:50.762764+00:00, run_after=2023-10-11T07:13:50.762764+00:00
[2023-10-11T07:13:50.791+0000] {processor.py:179} INFO - Processing /home/airflow/.local/lib/python3.8/site-packages/airflow/example_dags/example_skip_dag.py took 0.082 seconds
[2023-10-11T07:14:21.285+0000] {processor.py:157} INFO - Started process (PID=6355) to work on /home/airflow/.local/lib/python3.8/site-packages/airflow/example_dags/example_skip_dag.py
[2023-10-11T07:14:21.287+0000] {processor.py:829} INFO - Processing file /home/airflow/.local/lib/python3.8/site-packages/airflow/example_dags/example_skip_dag.py for tasks to queue
[2023-10-11T07:14:21.287+0000] {logging_mixin.py:151} INFO - [2023-10-11T07:14:21.287+0000] {dagbag.py:539} INFO - Filling up the DagBag from /home/airflow/.local/lib/python3.8/site-packages/airflow/example_dags/example_skip_dag.py
[2023-10-11T07:14:21.293+0000] {processor.py:839} INFO - DAG(s) dict_keys(['example_skip_dag']) retrieved from /home/airflow/.local/lib/python3.8/site-packages/airflow/example_dags/example_skip_dag.py
[2023-10-11T07:14:21.314+0000] {logging_mixin.py:151} INFO - [2023-10-11T07:14:21.314+0000] {dag.py:2915} INFO - Sync 1 DAGs
[2023-10-11T07:14:21.335+0000] {logging_mixin.py:151} INFO - [2023-10-11T07:14:21.335+0000] {dag.py:3696} INFO - Setting next_dagrun for example_skip_dag to 2023-10-10T07:14:21.335246+00:00, run_after=2023-10-11T07:14:21.335246+00:00
[2023-10-11T07:14:21.361+0000] {processor.py:179} INFO - Processing /home/airflow/.local/lib/python3.8/site-packages/airflow/example_dags/example_skip_dag.py took 0.081 seconds
[2023-10-11T07:14:51.542+0000] {processor.py:157} INFO - Started process (PID=6593) to work on /home/airflow/.local/lib/python3.8/site-packages/airflow/example_dags/example_skip_dag.py
[2023-10-11T07:14:51.543+0000] {processor.py:829} INFO - Processing file /home/airflow/.local/lib/python3.8/site-packages/airflow/example_dags/example_skip_dag.py for tasks to queue
[2023-10-11T07:14:51.544+0000] {logging_mixin.py:151} INFO - [2023-10-11T07:14:51.544+0000] {dagbag.py:539} INFO - Filling up the DagBag from /home/airflow/.local/lib/python3.8/site-packages/airflow/example_dags/example_skip_dag.py
[2023-10-11T07:14:51.561+0000] {processor.py:839} INFO - DAG(s) dict_keys(['example_skip_dag']) retrieved from /home/airflow/.local/lib/python3.8/site-packages/airflow/example_dags/example_skip_dag.py
[2023-10-11T07:14:51.587+0000] {logging_mixin.py:151} INFO - [2023-10-11T07:14:51.586+0000] {dag.py:2915} INFO - Sync 1 DAGs
[2023-10-11T07:14:51.602+0000] {logging_mixin.py:151} INFO - [2023-10-11T07:14:51.602+0000] {dag.py:3696} INFO - Setting next_dagrun for example_skip_dag to 2023-10-10T07:14:51.602279+00:00, run_after=2023-10-11T07:14:51.602279+00:00
[2023-10-11T07:14:51.614+0000] {processor.py:179} INFO - Processing /home/airflow/.local/lib/python3.8/site-packages/airflow/example_dags/example_skip_dag.py took 0.074 seconds
[2023-10-11T07:15:21.979+0000] {processor.py:157} INFO - Started process (PID=6836) to work on /home/airflow/.local/lib/python3.8/site-packages/airflow/example_dags/example_skip_dag.py
[2023-10-11T07:15:21.981+0000] {processor.py:829} INFO - Processing file /home/airflow/.local/lib/python3.8/site-packages/airflow/example_dags/example_skip_dag.py for tasks to queue
[2023-10-11T07:15:21.981+0000] {logging_mixin.py:151} INFO - [2023-10-11T07:15:21.981+0000] {dagbag.py:539} INFO - Filling up the DagBag from /home/airflow/.local/lib/python3.8/site-packages/airflow/example_dags/example_skip_dag.py
[2023-10-11T07:15:21.986+0000] {processor.py:839} INFO - DAG(s) dict_keys(['example_skip_dag']) retrieved from /home/airflow/.local/lib/python3.8/site-packages/airflow/example_dags/example_skip_dag.py
[2023-10-11T07:15:22.001+0000] {logging_mixin.py:151} INFO - [2023-10-11T07:15:22.001+0000] {dag.py:2915} INFO - Sync 1 DAGs
[2023-10-11T07:15:22.013+0000] {logging_mixin.py:151} INFO - [2023-10-11T07:15:22.013+0000] {dag.py:3696} INFO - Setting next_dagrun for example_skip_dag to 2023-10-10T07:15:22.013310+00:00, run_after=2023-10-11T07:15:22.013310+00:00
[2023-10-11T07:15:22.024+0000] {processor.py:179} INFO - Processing /home/airflow/.local/lib/python3.8/site-packages/airflow/example_dags/example_skip_dag.py took 0.048 seconds
[2023-10-11T07:15:52.889+0000] {processor.py:157} INFO - Started process (PID=7084) to work on /home/airflow/.local/lib/python3.8/site-packages/airflow/example_dags/example_skip_dag.py
[2023-10-11T07:15:52.890+0000] {processor.py:829} INFO - Processing file /home/airflow/.local/lib/python3.8/site-packages/airflow/example_dags/example_skip_dag.py for tasks to queue
[2023-10-11T07:15:52.890+0000] {logging_mixin.py:151} INFO - [2023-10-11T07:15:52.890+0000] {dagbag.py:539} INFO - Filling up the DagBag from /home/airflow/.local/lib/python3.8/site-packages/airflow/example_dags/example_skip_dag.py
[2023-10-11T07:15:52.896+0000] {processor.py:839} INFO - DAG(s) dict_keys(['example_skip_dag']) retrieved from /home/airflow/.local/lib/python3.8/site-packages/airflow/example_dags/example_skip_dag.py
[2023-10-11T07:15:52.918+0000] {logging_mixin.py:151} INFO - [2023-10-11T07:15:52.918+0000] {dag.py:2915} INFO - Sync 1 DAGs
[2023-10-11T07:15:52.938+0000] {logging_mixin.py:151} INFO - [2023-10-11T07:15:52.937+0000] {dag.py:3696} INFO - Setting next_dagrun for example_skip_dag to 2023-10-10T07:15:52.937646+00:00, run_after=2023-10-11T07:15:52.937646+00:00
[2023-10-11T07:15:52.959+0000] {processor.py:179} INFO - Processing /home/airflow/.local/lib/python3.8/site-packages/airflow/example_dags/example_skip_dag.py took 0.073 seconds
[2023-10-11T07:16:23.821+0000] {processor.py:157} INFO - Started process (PID=7327) to work on /home/airflow/.local/lib/python3.8/site-packages/airflow/example_dags/example_skip_dag.py
[2023-10-11T07:16:23.822+0000] {processor.py:829} INFO - Processing file /home/airflow/.local/lib/python3.8/site-packages/airflow/example_dags/example_skip_dag.py for tasks to queue
[2023-10-11T07:16:23.823+0000] {logging_mixin.py:151} INFO - [2023-10-11T07:16:23.823+0000] {dagbag.py:539} INFO - Filling up the DagBag from /home/airflow/.local/lib/python3.8/site-packages/airflow/example_dags/example_skip_dag.py
[2023-10-11T07:16:23.830+0000] {processor.py:839} INFO - DAG(s) dict_keys(['example_skip_dag']) retrieved from /home/airflow/.local/lib/python3.8/site-packages/airflow/example_dags/example_skip_dag.py
[2023-10-11T07:16:23.858+0000] {logging_mixin.py:151} INFO - [2023-10-11T07:16:23.858+0000] {dag.py:2915} INFO - Sync 1 DAGs
[2023-10-11T07:16:23.912+0000] {logging_mixin.py:151} INFO - [2023-10-11T07:16:23.912+0000] {dag.py:3696} INFO - Setting next_dagrun for example_skip_dag to 2023-10-10T07:16:23.911983+00:00, run_after=2023-10-11T07:16:23.911983+00:00
[2023-10-11T07:16:23.929+0000] {processor.py:179} INFO - Processing /home/airflow/.local/lib/python3.8/site-packages/airflow/example_dags/example_skip_dag.py took 0.110 seconds
[2023-10-11T07:16:55.782+0000] {processor.py:157} INFO - Started process (PID=7570) to work on /home/airflow/.local/lib/python3.8/site-packages/airflow/example_dags/example_skip_dag.py
[2023-10-11T07:16:55.784+0000] {processor.py:829} INFO - Processing file /home/airflow/.local/lib/python3.8/site-packages/airflow/example_dags/example_skip_dag.py for tasks to queue
[2023-10-11T07:16:55.786+0000] {logging_mixin.py:151} INFO - [2023-10-11T07:16:55.785+0000] {dagbag.py:539} INFO - Filling up the DagBag from /home/airflow/.local/lib/python3.8/site-packages/airflow/example_dags/example_skip_dag.py
[2023-10-11T07:16:55.800+0000] {processor.py:839} INFO - DAG(s) dict_keys(['example_skip_dag']) retrieved from /home/airflow/.local/lib/python3.8/site-packages/airflow/example_dags/example_skip_dag.py
[2023-10-11T07:16:55.834+0000] {logging_mixin.py:151} INFO - [2023-10-11T07:16:55.834+0000] {dag.py:2915} INFO - Sync 1 DAGs
[2023-10-11T07:16:55.906+0000] {logging_mixin.py:151} INFO - [2023-10-11T07:16:55.906+0000] {dag.py:3696} INFO - Setting next_dagrun for example_skip_dag to 2023-10-10T07:16:55.905185+00:00, run_after=2023-10-11T07:16:55.905185+00:00
[2023-10-11T07:16:55.979+0000] {processor.py:179} INFO - Processing /home/airflow/.local/lib/python3.8/site-packages/airflow/example_dags/example_skip_dag.py took 0.204 seconds
[2023-10-11T07:17:27.233+0000] {processor.py:157} INFO - Started process (PID=7813) to work on /home/airflow/.local/lib/python3.8/site-packages/airflow/example_dags/example_skip_dag.py
[2023-10-11T07:17:27.235+0000] {processor.py:829} INFO - Processing file /home/airflow/.local/lib/python3.8/site-packages/airflow/example_dags/example_skip_dag.py for tasks to queue
[2023-10-11T07:17:27.236+0000] {logging_mixin.py:151} INFO - [2023-10-11T07:17:27.236+0000] {dagbag.py:539} INFO - Filling up the DagBag from /home/airflow/.local/lib/python3.8/site-packages/airflow/example_dags/example_skip_dag.py
[2023-10-11T07:17:27.275+0000] {processor.py:839} INFO - DAG(s) dict_keys(['example_skip_dag']) retrieved from /home/airflow/.local/lib/python3.8/site-packages/airflow/example_dags/example_skip_dag.py
[2023-10-11T07:17:27.422+0000] {logging_mixin.py:151} INFO - [2023-10-11T07:17:27.422+0000] {dag.py:2915} INFO - Sync 1 DAGs
[2023-10-11T07:17:27.491+0000] {logging_mixin.py:151} INFO - [2023-10-11T07:17:27.491+0000] {dag.py:3696} INFO - Setting next_dagrun for example_skip_dag to 2023-10-10T07:17:27.490361+00:00, run_after=2023-10-11T07:17:27.490361+00:00
[2023-10-11T07:17:27.516+0000] {processor.py:179} INFO - Processing /home/airflow/.local/lib/python3.8/site-packages/airflow/example_dags/example_skip_dag.py took 0.290 seconds
[2023-10-11T07:17:58.032+0000] {processor.py:157} INFO - Started process (PID=8056) to work on /home/airflow/.local/lib/python3.8/site-packages/airflow/example_dags/example_skip_dag.py
[2023-10-11T07:17:58.034+0000] {processor.py:829} INFO - Processing file /home/airflow/.local/lib/python3.8/site-packages/airflow/example_dags/example_skip_dag.py for tasks to queue
[2023-10-11T07:17:58.035+0000] {logging_mixin.py:151} INFO - [2023-10-11T07:17:58.035+0000] {dagbag.py:539} INFO - Filling up the DagBag from /home/airflow/.local/lib/python3.8/site-packages/airflow/example_dags/example_skip_dag.py
[2023-10-11T07:17:58.053+0000] {processor.py:839} INFO - DAG(s) dict_keys(['example_skip_dag']) retrieved from /home/airflow/.local/lib/python3.8/site-packages/airflow/example_dags/example_skip_dag.py
[2023-10-11T07:17:58.102+0000] {logging_mixin.py:151} INFO - [2023-10-11T07:17:58.102+0000] {dag.py:2915} INFO - Sync 1 DAGs
[2023-10-11T07:17:58.126+0000] {logging_mixin.py:151} INFO - [2023-10-11T07:17:58.126+0000] {dag.py:3696} INFO - Setting next_dagrun for example_skip_dag to 2023-10-10T07:17:58.126142+00:00, run_after=2023-10-11T07:17:58.126142+00:00
[2023-10-11T07:17:58.160+0000] {processor.py:179} INFO - Processing /home/airflow/.local/lib/python3.8/site-packages/airflow/example_dags/example_skip_dag.py took 0.132 seconds
[2023-10-11T07:18:28.442+0000] {processor.py:157} INFO - Started process (PID=8294) to work on /home/airflow/.local/lib/python3.8/site-packages/airflow/example_dags/example_skip_dag.py
[2023-10-11T07:18:28.443+0000] {processor.py:829} INFO - Processing file /home/airflow/.local/lib/python3.8/site-packages/airflow/example_dags/example_skip_dag.py for tasks to queue
[2023-10-11T07:18:28.455+0000] {logging_mixin.py:151} INFO - [2023-10-11T07:18:28.454+0000] {dagbag.py:539} INFO - Filling up the DagBag from /home/airflow/.local/lib/python3.8/site-packages/airflow/example_dags/example_skip_dag.py
[2023-10-11T07:18:28.485+0000] {processor.py:839} INFO - DAG(s) dict_keys(['example_skip_dag']) retrieved from /home/airflow/.local/lib/python3.8/site-packages/airflow/example_dags/example_skip_dag.py
[2023-10-11T07:18:28.518+0000] {logging_mixin.py:151} INFO - [2023-10-11T07:18:28.518+0000] {dag.py:2915} INFO - Sync 1 DAGs
[2023-10-11T07:18:28.559+0000] {logging_mixin.py:151} INFO - [2023-10-11T07:18:28.558+0000] {dag.py:3696} INFO - Setting next_dagrun for example_skip_dag to 2023-10-10T07:18:28.558038+00:00, run_after=2023-10-11T07:18:28.558038+00:00
[2023-10-11T07:18:28.609+0000] {processor.py:179} INFO - Processing /home/airflow/.local/lib/python3.8/site-packages/airflow/example_dags/example_skip_dag.py took 0.172 seconds
[2023-10-11T07:18:58.721+0000] {processor.py:157} INFO - Started process (PID=8537) to work on /home/airflow/.local/lib/python3.8/site-packages/airflow/example_dags/example_skip_dag.py
[2023-10-11T07:18:58.723+0000] {processor.py:829} INFO - Processing file /home/airflow/.local/lib/python3.8/site-packages/airflow/example_dags/example_skip_dag.py for tasks to queue
[2023-10-11T07:18:58.723+0000] {logging_mixin.py:151} INFO - [2023-10-11T07:18:58.723+0000] {dagbag.py:539} INFO - Filling up the DagBag from /home/airflow/.local/lib/python3.8/site-packages/airflow/example_dags/example_skip_dag.py
[2023-10-11T07:18:58.731+0000] {processor.py:839} INFO - DAG(s) dict_keys(['example_skip_dag']) retrieved from /home/airflow/.local/lib/python3.8/site-packages/airflow/example_dags/example_skip_dag.py
[2023-10-11T07:18:58.769+0000] {logging_mixin.py:151} INFO - [2023-10-11T07:18:58.769+0000] {dag.py:2915} INFO - Sync 1 DAGs
[2023-10-11T07:18:58.785+0000] {logging_mixin.py:151} INFO - [2023-10-11T07:18:58.785+0000] {dag.py:3696} INFO - Setting next_dagrun for example_skip_dag to 2023-10-10T07:18:58.785657+00:00, run_after=2023-10-11T07:18:58.785657+00:00
[2023-10-11T07:18:58.797+0000] {processor.py:179} INFO - Processing /home/airflow/.local/lib/python3.8/site-packages/airflow/example_dags/example_skip_dag.py took 0.078 seconds
[2023-10-11T07:19:29.008+0000] {processor.py:157} INFO - Started process (PID=8780) to work on /home/airflow/.local/lib/python3.8/site-packages/airflow/example_dags/example_skip_dag.py
[2023-10-11T07:19:29.012+0000] {processor.py:829} INFO - Processing file /home/airflow/.local/lib/python3.8/site-packages/airflow/example_dags/example_skip_dag.py for tasks to queue
[2023-10-11T07:19:29.015+0000] {logging_mixin.py:151} INFO - [2023-10-11T07:19:29.014+0000] {dagbag.py:539} INFO - Filling up the DagBag from /home/airflow/.local/lib/python3.8/site-packages/airflow/example_dags/example_skip_dag.py
[2023-10-11T07:19:29.030+0000] {processor.py:839} INFO - DAG(s) dict_keys(['example_skip_dag']) retrieved from /home/airflow/.local/lib/python3.8/site-packages/airflow/example_dags/example_skip_dag.py
[2023-10-11T07:19:29.082+0000] {logging_mixin.py:151} INFO - [2023-10-11T07:19:29.082+0000] {dag.py:2915} INFO - Sync 1 DAGs
[2023-10-11T07:19:29.105+0000] {logging_mixin.py:151} INFO - [2023-10-11T07:19:29.105+0000] {dag.py:3696} INFO - Setting next_dagrun for example_skip_dag to 2023-10-10T07:19:29.105010+00:00, run_after=2023-10-11T07:19:29.105010+00:00
[2023-10-11T07:19:29.122+0000] {processor.py:179} INFO - Processing /home/airflow/.local/lib/python3.8/site-packages/airflow/example_dags/example_skip_dag.py took 0.127 seconds
[2023-10-11T07:19:59.919+0000] {processor.py:157} INFO - Started process (PID=9023) to work on /home/airflow/.local/lib/python3.8/site-packages/airflow/example_dags/example_skip_dag.py
[2023-10-11T07:19:59.920+0000] {processor.py:829} INFO - Processing file /home/airflow/.local/lib/python3.8/site-packages/airflow/example_dags/example_skip_dag.py for tasks to queue
[2023-10-11T07:19:59.921+0000] {logging_mixin.py:151} INFO - [2023-10-11T07:19:59.921+0000] {dagbag.py:539} INFO - Filling up the DagBag from /home/airflow/.local/lib/python3.8/site-packages/airflow/example_dags/example_skip_dag.py
[2023-10-11T07:19:59.930+0000] {processor.py:839} INFO - DAG(s) dict_keys(['example_skip_dag']) retrieved from /home/airflow/.local/lib/python3.8/site-packages/airflow/example_dags/example_skip_dag.py
[2023-10-11T07:19:59.995+0000] {logging_mixin.py:151} INFO - [2023-10-11T07:19:59.995+0000] {dag.py:2915} INFO - Sync 1 DAGs
[2023-10-11T07:20:00.040+0000] {logging_mixin.py:151} INFO - [2023-10-11T07:20:00.039+0000] {dag.py:3696} INFO - Setting next_dagrun for example_skip_dag to 2023-10-10T07:20:00.039379+00:00, run_after=2023-10-11T07:20:00.039379+00:00
[2023-10-11T07:20:00.091+0000] {processor.py:179} INFO - Processing /home/airflow/.local/lib/python3.8/site-packages/airflow/example_dags/example_skip_dag.py took 0.177 seconds
[2023-10-11T07:20:30.238+0000] {processor.py:157} INFO - Started process (PID=9266) to work on /home/airflow/.local/lib/python3.8/site-packages/airflow/example_dags/example_skip_dag.py
[2023-10-11T07:20:30.243+0000] {processor.py:829} INFO - Processing file /home/airflow/.local/lib/python3.8/site-packages/airflow/example_dags/example_skip_dag.py for tasks to queue
[2023-10-11T07:20:30.250+0000] {logging_mixin.py:151} INFO - [2023-10-11T07:20:30.250+0000] {dagbag.py:539} INFO - Filling up the DagBag from /home/airflow/.local/lib/python3.8/site-packages/airflow/example_dags/example_skip_dag.py
[2023-10-11T07:20:30.269+0000] {processor.py:839} INFO - DAG(s) dict_keys(['example_skip_dag']) retrieved from /home/airflow/.local/lib/python3.8/site-packages/airflow/example_dags/example_skip_dag.py
[2023-10-11T07:20:30.311+0000] {logging_mixin.py:151} INFO - [2023-10-11T07:20:30.311+0000] {dag.py:2915} INFO - Sync 1 DAGs
[2023-10-11T07:20:30.346+0000] {logging_mixin.py:151} INFO - [2023-10-11T07:20:30.346+0000] {dag.py:3696} INFO - Setting next_dagrun for example_skip_dag to 2023-10-10T07:20:30.346084+00:00, run_after=2023-10-11T07:20:30.346084+00:00
[2023-10-11T07:20:30.385+0000] {processor.py:179} INFO - Processing /home/airflow/.local/lib/python3.8/site-packages/airflow/example_dags/example_skip_dag.py took 0.151 seconds
[2023-10-11T07:21:01.208+0000] {processor.py:157} INFO - Started process (PID=9509) to work on /home/airflow/.local/lib/python3.8/site-packages/airflow/example_dags/example_skip_dag.py
[2023-10-11T07:21:01.211+0000] {processor.py:829} INFO - Processing file /home/airflow/.local/lib/python3.8/site-packages/airflow/example_dags/example_skip_dag.py for tasks to queue
[2023-10-11T07:21:01.217+0000] {logging_mixin.py:151} INFO - [2023-10-11T07:21:01.216+0000] {dagbag.py:539} INFO - Filling up the DagBag from /home/airflow/.local/lib/python3.8/site-packages/airflow/example_dags/example_skip_dag.py
[2023-10-11T07:21:01.238+0000] {processor.py:839} INFO - DAG(s) dict_keys(['example_skip_dag']) retrieved from /home/airflow/.local/lib/python3.8/site-packages/airflow/example_dags/example_skip_dag.py
[2023-10-11T07:21:01.302+0000] {logging_mixin.py:151} INFO - [2023-10-11T07:21:01.302+0000] {dag.py:2915} INFO - Sync 1 DAGs
[2023-10-11T07:21:01.333+0000] {logging_mixin.py:151} INFO - [2023-10-11T07:21:01.333+0000] {dag.py:3696} INFO - Setting next_dagrun for example_skip_dag to 2023-10-10T07:21:01.332648+00:00, run_after=2023-10-11T07:21:01.332648+00:00
[2023-10-11T07:21:01.377+0000] {processor.py:179} INFO - Processing /home/airflow/.local/lib/python3.8/site-packages/airflow/example_dags/example_skip_dag.py took 0.177 seconds
[2023-10-11T07:21:31.490+0000] {processor.py:157} INFO - Started process (PID=9752) to work on /home/airflow/.local/lib/python3.8/site-packages/airflow/example_dags/example_skip_dag.py
[2023-10-11T07:21:31.491+0000] {processor.py:829} INFO - Processing file /home/airflow/.local/lib/python3.8/site-packages/airflow/example_dags/example_skip_dag.py for tasks to queue
[2023-10-11T07:21:31.492+0000] {logging_mixin.py:151} INFO - [2023-10-11T07:21:31.492+0000] {dagbag.py:539} INFO - Filling up the DagBag from /home/airflow/.local/lib/python3.8/site-packages/airflow/example_dags/example_skip_dag.py
[2023-10-11T07:21:31.499+0000] {processor.py:839} INFO - DAG(s) dict_keys(['example_skip_dag']) retrieved from /home/airflow/.local/lib/python3.8/site-packages/airflow/example_dags/example_skip_dag.py
[2023-10-11T07:21:31.516+0000] {logging_mixin.py:151} INFO - [2023-10-11T07:21:31.516+0000] {dag.py:2915} INFO - Sync 1 DAGs
[2023-10-11T07:21:31.532+0000] {logging_mixin.py:151} INFO - [2023-10-11T07:21:31.532+0000] {dag.py:3696} INFO - Setting next_dagrun for example_skip_dag to 2023-10-10T07:21:31.532551+00:00, run_after=2023-10-11T07:21:31.532551+00:00
[2023-10-11T07:21:31.578+0000] {processor.py:179} INFO - Processing /home/airflow/.local/lib/python3.8/site-packages/airflow/example_dags/example_skip_dag.py took 0.091 seconds
[2023-10-11T07:22:01.767+0000] {processor.py:157} INFO - Started process (PID=9995) to work on /home/airflow/.local/lib/python3.8/site-packages/airflow/example_dags/example_skip_dag.py
[2023-10-11T07:22:01.768+0000] {processor.py:829} INFO - Processing file /home/airflow/.local/lib/python3.8/site-packages/airflow/example_dags/example_skip_dag.py for tasks to queue
[2023-10-11T07:22:01.770+0000] {logging_mixin.py:151} INFO - [2023-10-11T07:22:01.769+0000] {dagbag.py:539} INFO - Filling up the DagBag from /home/airflow/.local/lib/python3.8/site-packages/airflow/example_dags/example_skip_dag.py
[2023-10-11T07:22:01.781+0000] {processor.py:839} INFO - DAG(s) dict_keys(['example_skip_dag']) retrieved from /home/airflow/.local/lib/python3.8/site-packages/airflow/example_dags/example_skip_dag.py
[2023-10-11T07:22:01.820+0000] {logging_mixin.py:151} INFO - [2023-10-11T07:22:01.820+0000] {dag.py:2915} INFO - Sync 1 DAGs
[2023-10-11T07:22:01.871+0000] {logging_mixin.py:151} INFO - [2023-10-11T07:22:01.871+0000] {dag.py:3696} INFO - Setting next_dagrun for example_skip_dag to 2023-10-10T07:22:01.870196+00:00, run_after=2023-10-11T07:22:01.870196+00:00
[2023-10-11T07:22:01.908+0000] {processor.py:179} INFO - Processing /home/airflow/.local/lib/python3.8/site-packages/airflow/example_dags/example_skip_dag.py took 0.147 seconds
[2023-10-11T07:22:32.476+0000] {processor.py:157} INFO - Started process (PID=10238) to work on /home/airflow/.local/lib/python3.8/site-packages/airflow/example_dags/example_skip_dag.py
[2023-10-11T07:22:32.477+0000] {processor.py:829} INFO - Processing file /home/airflow/.local/lib/python3.8/site-packages/airflow/example_dags/example_skip_dag.py for tasks to queue
[2023-10-11T07:22:32.477+0000] {logging_mixin.py:151} INFO - [2023-10-11T07:22:32.477+0000] {dagbag.py:539} INFO - Filling up the DagBag from /home/airflow/.local/lib/python3.8/site-packages/airflow/example_dags/example_skip_dag.py
[2023-10-11T07:22:32.484+0000] {processor.py:839} INFO - DAG(s) dict_keys(['example_skip_dag']) retrieved from /home/airflow/.local/lib/python3.8/site-packages/airflow/example_dags/example_skip_dag.py
[2023-10-11T07:22:32.500+0000] {logging_mixin.py:151} INFO - [2023-10-11T07:22:32.500+0000] {dag.py:2915} INFO - Sync 1 DAGs
[2023-10-11T07:22:32.514+0000] {logging_mixin.py:151} INFO - [2023-10-11T07:22:32.514+0000] {dag.py:3696} INFO - Setting next_dagrun for example_skip_dag to 2023-10-10T07:22:32.514613+00:00, run_after=2023-10-11T07:22:32.514613+00:00
[2023-10-11T07:22:32.526+0000] {processor.py:179} INFO - Processing /home/airflow/.local/lib/python3.8/site-packages/airflow/example_dags/example_skip_dag.py took 0.053 seconds
[2023-10-11T07:23:02.865+0000] {processor.py:157} INFO - Started process (PID=10483) to work on /home/airflow/.local/lib/python3.8/site-packages/airflow/example_dags/example_skip_dag.py
[2023-10-11T07:23:02.867+0000] {processor.py:829} INFO - Processing file /home/airflow/.local/lib/python3.8/site-packages/airflow/example_dags/example_skip_dag.py for tasks to queue
[2023-10-11T07:23:02.867+0000] {logging_mixin.py:151} INFO - [2023-10-11T07:23:02.867+0000] {dagbag.py:539} INFO - Filling up the DagBag from /home/airflow/.local/lib/python3.8/site-packages/airflow/example_dags/example_skip_dag.py
[2023-10-11T07:23:02.876+0000] {processor.py:839} INFO - DAG(s) dict_keys(['example_skip_dag']) retrieved from /home/airflow/.local/lib/python3.8/site-packages/airflow/example_dags/example_skip_dag.py
[2023-10-11T07:23:02.893+0000] {logging_mixin.py:151} INFO - [2023-10-11T07:23:02.893+0000] {dag.py:2915} INFO - Sync 1 DAGs
[2023-10-11T07:23:02.908+0000] {logging_mixin.py:151} INFO - [2023-10-11T07:23:02.908+0000] {dag.py:3696} INFO - Setting next_dagrun for example_skip_dag to 2023-10-10T07:23:02.907985+00:00, run_after=2023-10-11T07:23:02.907985+00:00
[2023-10-11T07:23:02.919+0000] {processor.py:179} INFO - Processing /home/airflow/.local/lib/python3.8/site-packages/airflow/example_dags/example_skip_dag.py took 0.057 seconds
[2023-10-11T07:23:32.978+0000] {processor.py:157} INFO - Started process (PID=10726) to work on /home/airflow/.local/lib/python3.8/site-packages/airflow/example_dags/example_skip_dag.py
[2023-10-11T07:23:32.979+0000] {processor.py:829} INFO - Processing file /home/airflow/.local/lib/python3.8/site-packages/airflow/example_dags/example_skip_dag.py for tasks to queue
[2023-10-11T07:23:32.980+0000] {logging_mixin.py:151} INFO - [2023-10-11T07:23:32.980+0000] {dagbag.py:539} INFO - Filling up the DagBag from /home/airflow/.local/lib/python3.8/site-packages/airflow/example_dags/example_skip_dag.py
[2023-10-11T07:23:32.986+0000] {processor.py:839} INFO - DAG(s) dict_keys(['example_skip_dag']) retrieved from /home/airflow/.local/lib/python3.8/site-packages/airflow/example_dags/example_skip_dag.py
[2023-10-11T07:23:33.003+0000] {logging_mixin.py:151} INFO - [2023-10-11T07:23:33.003+0000] {dag.py:2915} INFO - Sync 1 DAGs
[2023-10-11T07:23:33.019+0000] {logging_mixin.py:151} INFO - [2023-10-11T07:23:33.019+0000] {dag.py:3696} INFO - Setting next_dagrun for example_skip_dag to 2023-10-10T07:23:33.019020+00:00, run_after=2023-10-11T07:23:33.019020+00:00
[2023-10-11T07:23:33.030+0000] {processor.py:179} INFO - Processing /home/airflow/.local/lib/python3.8/site-packages/airflow/example_dags/example_skip_dag.py took 0.054 seconds
[2023-10-11T07:24:03.081+0000] {processor.py:157} INFO - Started process (PID=10969) to work on /home/airflow/.local/lib/python3.8/site-packages/airflow/example_dags/example_skip_dag.py
[2023-10-11T07:24:03.082+0000] {processor.py:829} INFO - Processing file /home/airflow/.local/lib/python3.8/site-packages/airflow/example_dags/example_skip_dag.py for tasks to queue
[2023-10-11T07:24:03.083+0000] {logging_mixin.py:151} INFO - [2023-10-11T07:24:03.082+0000] {dagbag.py:539} INFO - Filling up the DagBag from /home/airflow/.local/lib/python3.8/site-packages/airflow/example_dags/example_skip_dag.py
[2023-10-11T07:24:03.088+0000] {processor.py:839} INFO - DAG(s) dict_keys(['example_skip_dag']) retrieved from /home/airflow/.local/lib/python3.8/site-packages/airflow/example_dags/example_skip_dag.py
[2023-10-11T07:24:03.105+0000] {logging_mixin.py:151} INFO - [2023-10-11T07:24:03.104+0000] {dag.py:2915} INFO - Sync 1 DAGs
[2023-10-11T07:24:03.119+0000] {logging_mixin.py:151} INFO - [2023-10-11T07:24:03.119+0000] {dag.py:3696} INFO - Setting next_dagrun for example_skip_dag to 2023-10-10T07:24:03.119264+00:00, run_after=2023-10-11T07:24:03.119264+00:00
[2023-10-11T07:24:03.130+0000] {processor.py:179} INFO - Processing /home/airflow/.local/lib/python3.8/site-packages/airflow/example_dags/example_skip_dag.py took 0.052 seconds
[2023-10-11T07:24:33.734+0000] {processor.py:157} INFO - Started process (PID=11210) to work on /home/airflow/.local/lib/python3.8/site-packages/airflow/example_dags/example_skip_dag.py
[2023-10-11T07:24:33.735+0000] {processor.py:829} INFO - Processing file /home/airflow/.local/lib/python3.8/site-packages/airflow/example_dags/example_skip_dag.py for tasks to queue
[2023-10-11T07:24:33.736+0000] {logging_mixin.py:151} INFO - [2023-10-11T07:24:33.736+0000] {dagbag.py:539} INFO - Filling up the DagBag from /home/airflow/.local/lib/python3.8/site-packages/airflow/example_dags/example_skip_dag.py
[2023-10-11T07:24:33.788+0000] {processor.py:839} INFO - DAG(s) dict_keys(['example_skip_dag']) retrieved from /home/airflow/.local/lib/python3.8/site-packages/airflow/example_dags/example_skip_dag.py
[2023-10-11T07:24:33.821+0000] {logging_mixin.py:151} INFO - [2023-10-11T07:24:33.821+0000] {dag.py:2915} INFO - Sync 1 DAGs
[2023-10-11T07:24:33.855+0000] {logging_mixin.py:151} INFO - [2023-10-11T07:24:33.854+0000] {dag.py:3696} INFO - Setting next_dagrun for example_skip_dag to 2023-10-10T07:24:33.854183+00:00, run_after=2023-10-11T07:24:33.854183+00:00
[2023-10-11T07:24:33.895+0000] {processor.py:179} INFO - Processing /home/airflow/.local/lib/python3.8/site-packages/airflow/example_dags/example_skip_dag.py took 0.165 seconds
[2023-10-11T07:25:04.793+0000] {processor.py:157} INFO - Started process (PID=11455) to work on /home/airflow/.local/lib/python3.8/site-packages/airflow/example_dags/example_skip_dag.py
[2023-10-11T07:25:04.795+0000] {processor.py:829} INFO - Processing file /home/airflow/.local/lib/python3.8/site-packages/airflow/example_dags/example_skip_dag.py for tasks to queue
[2023-10-11T07:25:04.796+0000] {logging_mixin.py:151} INFO - [2023-10-11T07:25:04.795+0000] {dagbag.py:539} INFO - Filling up the DagBag from /home/airflow/.local/lib/python3.8/site-packages/airflow/example_dags/example_skip_dag.py
[2023-10-11T07:25:04.807+0000] {processor.py:839} INFO - DAG(s) dict_keys(['example_skip_dag']) retrieved from /home/airflow/.local/lib/python3.8/site-packages/airflow/example_dags/example_skip_dag.py
[2023-10-11T07:25:04.827+0000] {logging_mixin.py:151} INFO - [2023-10-11T07:25:04.827+0000] {dag.py:2915} INFO - Sync 1 DAGs
[2023-10-11T07:25:04.843+0000] {logging_mixin.py:151} INFO - [2023-10-11T07:25:04.843+0000] {dag.py:3696} INFO - Setting next_dagrun for example_skip_dag to 2023-10-10T07:25:04.843334+00:00, run_after=2023-10-11T07:25:04.843334+00:00
[2023-10-11T07:25:04.896+0000] {processor.py:179} INFO - Processing /home/airflow/.local/lib/python3.8/site-packages/airflow/example_dags/example_skip_dag.py took 0.113 seconds
[2023-10-11T07:25:35.155+0000] {processor.py:157} INFO - Started process (PID=11696) to work on /home/airflow/.local/lib/python3.8/site-packages/airflow/example_dags/example_skip_dag.py
[2023-10-11T07:25:35.159+0000] {processor.py:829} INFO - Processing file /home/airflow/.local/lib/python3.8/site-packages/airflow/example_dags/example_skip_dag.py for tasks to queue
[2023-10-11T07:25:35.162+0000] {logging_mixin.py:151} INFO - [2023-10-11T07:25:35.161+0000] {dagbag.py:539} INFO - Filling up the DagBag from /home/airflow/.local/lib/python3.8/site-packages/airflow/example_dags/example_skip_dag.py
[2023-10-11T07:25:35.184+0000] {processor.py:839} INFO - DAG(s) dict_keys(['example_skip_dag']) retrieved from /home/airflow/.local/lib/python3.8/site-packages/airflow/example_dags/example_skip_dag.py
[2023-10-11T07:25:35.213+0000] {logging_mixin.py:151} INFO - [2023-10-11T07:25:35.213+0000] {dag.py:2915} INFO - Sync 1 DAGs
[2023-10-11T07:25:35.233+0000] {logging_mixin.py:151} INFO - [2023-10-11T07:25:35.233+0000] {dag.py:3696} INFO - Setting next_dagrun for example_skip_dag to 2023-10-10T07:25:35.233524+00:00, run_after=2023-10-11T07:25:35.233524+00:00
[2023-10-11T07:25:35.262+0000] {processor.py:179} INFO - Processing /home/airflow/.local/lib/python3.8/site-packages/airflow/example_dags/example_skip_dag.py took 0.118 seconds
[2023-10-11T07:26:05.410+0000] {processor.py:157} INFO - Started process (PID=11939) to work on /home/airflow/.local/lib/python3.8/site-packages/airflow/example_dags/example_skip_dag.py
[2023-10-11T07:26:05.412+0000] {processor.py:829} INFO - Processing file /home/airflow/.local/lib/python3.8/site-packages/airflow/example_dags/example_skip_dag.py for tasks to queue
[2023-10-11T07:26:05.413+0000] {logging_mixin.py:151} INFO - [2023-10-11T07:26:05.413+0000] {dagbag.py:539} INFO - Filling up the DagBag from /home/airflow/.local/lib/python3.8/site-packages/airflow/example_dags/example_skip_dag.py
[2023-10-11T07:26:05.421+0000] {processor.py:839} INFO - DAG(s) dict_keys(['example_skip_dag']) retrieved from /home/airflow/.local/lib/python3.8/site-packages/airflow/example_dags/example_skip_dag.py
[2023-10-11T07:26:05.452+0000] {logging_mixin.py:151} INFO - [2023-10-11T07:26:05.452+0000] {dag.py:2915} INFO - Sync 1 DAGs
[2023-10-11T07:26:05.490+0000] {logging_mixin.py:151} INFO - [2023-10-11T07:26:05.490+0000] {dag.py:3696} INFO - Setting next_dagrun for example_skip_dag to 2023-10-10T07:26:05.490115+00:00, run_after=2023-10-11T07:26:05.490115+00:00
[2023-10-11T07:26:05.505+0000] {processor.py:179} INFO - Processing /home/airflow/.local/lib/python3.8/site-packages/airflow/example_dags/example_skip_dag.py took 0.098 seconds
[2023-10-11T07:26:36.316+0000] {processor.py:157} INFO - Started process (PID=12182) to work on /home/airflow/.local/lib/python3.8/site-packages/airflow/example_dags/example_skip_dag.py
[2023-10-11T07:26:36.318+0000] {processor.py:829} INFO - Processing file /home/airflow/.local/lib/python3.8/site-packages/airflow/example_dags/example_skip_dag.py for tasks to queue
[2023-10-11T07:26:36.319+0000] {logging_mixin.py:151} INFO - [2023-10-11T07:26:36.318+0000] {dagbag.py:539} INFO - Filling up the DagBag from /home/airflow/.local/lib/python3.8/site-packages/airflow/example_dags/example_skip_dag.py
[2023-10-11T07:26:36.327+0000] {processor.py:839} INFO - DAG(s) dict_keys(['example_skip_dag']) retrieved from /home/airflow/.local/lib/python3.8/site-packages/airflow/example_dags/example_skip_dag.py
[2023-10-11T07:26:36.369+0000] {logging_mixin.py:151} INFO - [2023-10-11T07:26:36.369+0000] {dag.py:2915} INFO - Sync 1 DAGs
[2023-10-11T07:26:36.402+0000] {logging_mixin.py:151} INFO - [2023-10-11T07:26:36.402+0000] {dag.py:3696} INFO - Setting next_dagrun for example_skip_dag to 2023-10-10T07:26:36.402168+00:00, run_after=2023-10-11T07:26:36.402168+00:00
[2023-10-11T07:26:36.421+0000] {processor.py:179} INFO - Processing /home/airflow/.local/lib/python3.8/site-packages/airflow/example_dags/example_skip_dag.py took 0.109 seconds
[2023-10-11T07:27:06.937+0000] {processor.py:157} INFO - Started process (PID=12425) to work on /home/airflow/.local/lib/python3.8/site-packages/airflow/example_dags/example_skip_dag.py
[2023-10-11T07:27:06.938+0000] {processor.py:829} INFO - Processing file /home/airflow/.local/lib/python3.8/site-packages/airflow/example_dags/example_skip_dag.py for tasks to queue
[2023-10-11T07:27:06.939+0000] {logging_mixin.py:151} INFO - [2023-10-11T07:27:06.939+0000] {dagbag.py:539} INFO - Filling up the DagBag from /home/airflow/.local/lib/python3.8/site-packages/airflow/example_dags/example_skip_dag.py
[2023-10-11T07:27:06.956+0000] {processor.py:839} INFO - DAG(s) dict_keys(['example_skip_dag']) retrieved from /home/airflow/.local/lib/python3.8/site-packages/airflow/example_dags/example_skip_dag.py
[2023-10-11T07:27:06.996+0000] {logging_mixin.py:151} INFO - [2023-10-11T07:27:06.996+0000] {dag.py:2915} INFO - Sync 1 DAGs
[2023-10-11T07:27:07.027+0000] {logging_mixin.py:151} INFO - [2023-10-11T07:27:07.027+0000] {dag.py:3696} INFO - Setting next_dagrun for example_skip_dag to 2023-10-10T07:27:07.027105+00:00, run_after=2023-10-11T07:27:07.027105+00:00
[2023-10-11T07:27:07.049+0000] {processor.py:179} INFO - Processing /home/airflow/.local/lib/python3.8/site-packages/airflow/example_dags/example_skip_dag.py took 0.116 seconds
[2023-10-11T07:27:37.436+0000] {processor.py:157} INFO - Started process (PID=12670) to work on /home/airflow/.local/lib/python3.8/site-packages/airflow/example_dags/example_skip_dag.py
[2023-10-11T07:27:37.437+0000] {processor.py:829} INFO - Processing file /home/airflow/.local/lib/python3.8/site-packages/airflow/example_dags/example_skip_dag.py for tasks to queue
[2023-10-11T07:27:37.438+0000] {logging_mixin.py:151} INFO - [2023-10-11T07:27:37.437+0000] {dagbag.py:539} INFO - Filling up the DagBag from /home/airflow/.local/lib/python3.8/site-packages/airflow/example_dags/example_skip_dag.py
[2023-10-11T07:27:37.443+0000] {processor.py:839} INFO - DAG(s) dict_keys(['example_skip_dag']) retrieved from /home/airflow/.local/lib/python3.8/site-packages/airflow/example_dags/example_skip_dag.py
[2023-10-11T07:27:37.471+0000] {logging_mixin.py:151} INFO - [2023-10-11T07:27:37.471+0000] {dag.py:2915} INFO - Sync 1 DAGs
[2023-10-11T07:27:37.483+0000] {logging_mixin.py:151} INFO - [2023-10-11T07:27:37.483+0000] {dag.py:3696} INFO - Setting next_dagrun for example_skip_dag to 2023-10-10T07:27:37.483037+00:00, run_after=2023-10-11T07:27:37.483037+00:00
[2023-10-11T07:27:37.492+0000] {processor.py:179} INFO - Processing /home/airflow/.local/lib/python3.8/site-packages/airflow/example_dags/example_skip_dag.py took 0.058 seconds
[2023-10-11T07:28:07.594+0000] {processor.py:157} INFO - Started process (PID=12911) to work on /home/airflow/.local/lib/python3.8/site-packages/airflow/example_dags/example_skip_dag.py
[2023-10-11T07:28:07.595+0000] {processor.py:829} INFO - Processing file /home/airflow/.local/lib/python3.8/site-packages/airflow/example_dags/example_skip_dag.py for tasks to queue
[2023-10-11T07:28:07.596+0000] {logging_mixin.py:151} INFO - [2023-10-11T07:28:07.595+0000] {dagbag.py:539} INFO - Filling up the DagBag from /home/airflow/.local/lib/python3.8/site-packages/airflow/example_dags/example_skip_dag.py
[2023-10-11T07:28:07.601+0000] {processor.py:839} INFO - DAG(s) dict_keys(['example_skip_dag']) retrieved from /home/airflow/.local/lib/python3.8/site-packages/airflow/example_dags/example_skip_dag.py
[2023-10-11T07:28:07.615+0000] {logging_mixin.py:151} INFO - [2023-10-11T07:28:07.615+0000] {dag.py:2915} INFO - Sync 1 DAGs
[2023-10-11T07:28:07.626+0000] {logging_mixin.py:151} INFO - [2023-10-11T07:28:07.626+0000] {dag.py:3696} INFO - Setting next_dagrun for example_skip_dag to 2023-10-10T07:28:07.626444+00:00, run_after=2023-10-11T07:28:07.626444+00:00
[2023-10-11T07:28:07.634+0000] {processor.py:179} INFO - Processing /home/airflow/.local/lib/python3.8/site-packages/airflow/example_dags/example_skip_dag.py took 0.042 seconds
[2023-10-11T07:28:37.916+0000] {processor.py:157} INFO - Started process (PID=13154) to work on /home/airflow/.local/lib/python3.8/site-packages/airflow/example_dags/example_skip_dag.py
[2023-10-11T07:28:37.916+0000] {processor.py:829} INFO - Processing file /home/airflow/.local/lib/python3.8/site-packages/airflow/example_dags/example_skip_dag.py for tasks to queue
[2023-10-11T07:28:37.917+0000] {logging_mixin.py:151} INFO - [2023-10-11T07:28:37.917+0000] {dagbag.py:539} INFO - Filling up the DagBag from /home/airflow/.local/lib/python3.8/site-packages/airflow/example_dags/example_skip_dag.py
[2023-10-11T07:28:37.922+0000] {processor.py:839} INFO - DAG(s) dict_keys(['example_skip_dag']) retrieved from /home/airflow/.local/lib/python3.8/site-packages/airflow/example_dags/example_skip_dag.py
[2023-10-11T07:28:37.935+0000] {logging_mixin.py:151} INFO - [2023-10-11T07:28:37.935+0000] {dag.py:2915} INFO - Sync 1 DAGs
[2023-10-11T07:28:37.949+0000] {logging_mixin.py:151} INFO - [2023-10-11T07:28:37.949+0000] {dag.py:3696} INFO - Setting next_dagrun for example_skip_dag to 2023-10-10T07:28:37.948856+00:00, run_after=2023-10-11T07:28:37.948856+00:00
[2023-10-11T07:28:37.980+0000] {processor.py:179} INFO - Processing /home/airflow/.local/lib/python3.8/site-packages/airflow/example_dags/example_skip_dag.py took 0.066 seconds
