[2023-10-11T07:01:31.518+0000] {processor.py:157} INFO - Started process (PID=222) to work on /home/airflow/.local/lib/python3.8/site-packages/airflow/example_dags/example_nested_branch_dag.py
[2023-10-11T07:01:31.519+0000] {processor.py:829} INFO - Processing file /home/airflow/.local/lib/python3.8/site-packages/airflow/example_dags/example_nested_branch_dag.py for tasks to queue
[2023-10-11T07:01:31.520+0000] {logging_mixin.py:151} INFO - [2023-10-11T07:01:31.520+0000] {dagbag.py:539} INFO - Filling up the DagBag from /home/airflow/.local/lib/python3.8/site-packages/airflow/example_dags/example_nested_branch_dag.py
[2023-10-11T07:01:31.531+0000] {processor.py:839} INFO - DAG(s) dict_keys(['example_nested_branch_dag']) retrieved from /home/airflow/.local/lib/python3.8/site-packages/airflow/example_dags/example_nested_branch_dag.py
[2023-10-11T07:01:31.823+0000] {logging_mixin.py:151} INFO - [2023-10-11T07:01:31.823+0000] {manager.py:499} INFO - Created Permission View: %s
[2023-10-11T07:01:31.831+0000] {logging_mixin.py:151} INFO - [2023-10-11T07:01:31.830+0000] {manager.py:499} INFO - Created Permission View: %s
[2023-10-11T07:01:31.836+0000] {logging_mixin.py:151} INFO - [2023-10-11T07:01:31.836+0000] {manager.py:499} INFO - Created Permission View: %s
[2023-10-11T07:01:31.836+0000] {logging_mixin.py:151} INFO - [2023-10-11T07:01:31.836+0000] {security.py:708} INFO - Not syncing DAG-level permissions for DAG 'DAG:example_nested_branch_dag' as access control is unset.
[2023-10-11T07:01:31.836+0000] {logging_mixin.py:151} INFO - [2023-10-11T07:01:31.836+0000] {dag.py:2915} INFO - Sync 1 DAGs
[2023-10-11T07:01:31.843+0000] {logging_mixin.py:151} INFO - [2023-10-11T07:01:31.843+0000] {dag.py:2937} INFO - Creating ORM DAG for example_nested_branch_dag
[2023-10-11T07:01:31.855+0000] {logging_mixin.py:151} INFO - [2023-10-11T07:01:31.855+0000] {dag.py:3696} INFO - Setting next_dagrun for example_nested_branch_dag to 2023-10-10T00:00:00+00:00, run_after=2023-10-11T00:00:00+00:00
[2023-10-11T07:01:31.908+0000] {processor.py:179} INFO - Processing /home/airflow/.local/lib/python3.8/site-packages/airflow/example_dags/example_nested_branch_dag.py took 0.393 seconds
[2023-10-11T07:02:02.891+0000] {processor.py:157} INFO - Started process (PID=461) to work on /home/airflow/.local/lib/python3.8/site-packages/airflow/example_dags/example_nested_branch_dag.py
[2023-10-11T07:02:02.893+0000] {processor.py:829} INFO - Processing file /home/airflow/.local/lib/python3.8/site-packages/airflow/example_dags/example_nested_branch_dag.py for tasks to queue
[2023-10-11T07:02:02.901+0000] {logging_mixin.py:151} INFO - [2023-10-11T07:02:02.900+0000] {dagbag.py:539} INFO - Filling up the DagBag from /home/airflow/.local/lib/python3.8/site-packages/airflow/example_dags/example_nested_branch_dag.py
[2023-10-11T07:02:02.934+0000] {processor.py:839} INFO - DAG(s) dict_keys(['example_nested_branch_dag']) retrieved from /home/airflow/.local/lib/python3.8/site-packages/airflow/example_dags/example_nested_branch_dag.py
[2023-10-11T07:02:03.007+0000] {logging_mixin.py:151} INFO - [2023-10-11T07:02:03.007+0000] {dag.py:2915} INFO - Sync 1 DAGs
[2023-10-11T07:02:03.033+0000] {logging_mixin.py:151} INFO - [2023-10-11T07:02:03.033+0000] {dag.py:3696} INFO - Setting next_dagrun for example_nested_branch_dag to 2023-10-10T00:00:00+00:00, run_after=2023-10-11T00:00:00+00:00
[2023-10-11T07:02:03.047+0000] {processor.py:179} INFO - Processing /home/airflow/.local/lib/python3.8/site-packages/airflow/example_dags/example_nested_branch_dag.py took 0.200 seconds
[2023-10-11T07:02:33.936+0000] {processor.py:157} INFO - Started process (PID=698) to work on /home/airflow/.local/lib/python3.8/site-packages/airflow/example_dags/example_nested_branch_dag.py
[2023-10-11T07:02:33.937+0000] {processor.py:829} INFO - Processing file /home/airflow/.local/lib/python3.8/site-packages/airflow/example_dags/example_nested_branch_dag.py for tasks to queue
[2023-10-11T07:02:33.938+0000] {logging_mixin.py:151} INFO - [2023-10-11T07:02:33.938+0000] {dagbag.py:539} INFO - Filling up the DagBag from /home/airflow/.local/lib/python3.8/site-packages/airflow/example_dags/example_nested_branch_dag.py
[2023-10-11T07:02:33.946+0000] {processor.py:839} INFO - DAG(s) dict_keys(['example_nested_branch_dag']) retrieved from /home/airflow/.local/lib/python3.8/site-packages/airflow/example_dags/example_nested_branch_dag.py
[2023-10-11T07:02:33.993+0000] {logging_mixin.py:151} INFO - [2023-10-11T07:02:33.993+0000] {dag.py:2915} INFO - Sync 1 DAGs
[2023-10-11T07:02:34.016+0000] {logging_mixin.py:151} INFO - [2023-10-11T07:02:34.015+0000] {dag.py:3696} INFO - Setting next_dagrun for example_nested_branch_dag to 2023-10-10T00:00:00+00:00, run_after=2023-10-11T00:00:00+00:00
[2023-10-11T07:02:34.029+0000] {processor.py:179} INFO - Processing /home/airflow/.local/lib/python3.8/site-packages/airflow/example_dags/example_nested_branch_dag.py took 0.095 seconds
[2023-10-11T07:03:04.650+0000] {processor.py:157} INFO - Started process (PID=936) to work on /home/airflow/.local/lib/python3.8/site-packages/airflow/example_dags/example_nested_branch_dag.py
[2023-10-11T07:03:04.651+0000] {processor.py:829} INFO - Processing file /home/airflow/.local/lib/python3.8/site-packages/airflow/example_dags/example_nested_branch_dag.py for tasks to queue
[2023-10-11T07:03:04.652+0000] {logging_mixin.py:151} INFO - [2023-10-11T07:03:04.651+0000] {dagbag.py:539} INFO - Filling up the DagBag from /home/airflow/.local/lib/python3.8/site-packages/airflow/example_dags/example_nested_branch_dag.py
[2023-10-11T07:03:04.663+0000] {processor.py:839} INFO - DAG(s) dict_keys(['example_nested_branch_dag']) retrieved from /home/airflow/.local/lib/python3.8/site-packages/airflow/example_dags/example_nested_branch_dag.py
[2023-10-11T07:03:04.720+0000] {logging_mixin.py:151} INFO - [2023-10-11T07:03:04.719+0000] {dag.py:2915} INFO - Sync 1 DAGs
[2023-10-11T07:03:04.848+0000] {logging_mixin.py:151} INFO - [2023-10-11T07:03:04.847+0000] {dag.py:3696} INFO - Setting next_dagrun for example_nested_branch_dag to 2023-10-10T00:00:00+00:00, run_after=2023-10-11T00:00:00+00:00
[2023-10-11T07:03:04.890+0000] {processor.py:179} INFO - Processing /home/airflow/.local/lib/python3.8/site-packages/airflow/example_dags/example_nested_branch_dag.py took 0.244 seconds
[2023-10-11T07:03:35.738+0000] {processor.py:157} INFO - Started process (PID=1174) to work on /home/airflow/.local/lib/python3.8/site-packages/airflow/example_dags/example_nested_branch_dag.py
[2023-10-11T07:03:35.739+0000] {processor.py:829} INFO - Processing file /home/airflow/.local/lib/python3.8/site-packages/airflow/example_dags/example_nested_branch_dag.py for tasks to queue
[2023-10-11T07:03:35.740+0000] {logging_mixin.py:151} INFO - [2023-10-11T07:03:35.739+0000] {dagbag.py:539} INFO - Filling up the DagBag from /home/airflow/.local/lib/python3.8/site-packages/airflow/example_dags/example_nested_branch_dag.py
[2023-10-11T07:03:35.749+0000] {processor.py:839} INFO - DAG(s) dict_keys(['example_nested_branch_dag']) retrieved from /home/airflow/.local/lib/python3.8/site-packages/airflow/example_dags/example_nested_branch_dag.py
[2023-10-11T07:03:35.783+0000] {logging_mixin.py:151} INFO - [2023-10-11T07:03:35.783+0000] {dag.py:2915} INFO - Sync 1 DAGs
[2023-10-11T07:03:35.798+0000] {logging_mixin.py:151} INFO - [2023-10-11T07:03:35.798+0000] {dag.py:3696} INFO - Setting next_dagrun for example_nested_branch_dag to 2023-10-10T00:00:00+00:00, run_after=2023-10-11T00:00:00+00:00
[2023-10-11T07:03:35.807+0000] {processor.py:179} INFO - Processing /home/airflow/.local/lib/python3.8/site-packages/airflow/example_dags/example_nested_branch_dag.py took 0.073 seconds
[2023-10-11T07:04:06.325+0000] {processor.py:157} INFO - Started process (PID=1412) to work on /home/airflow/.local/lib/python3.8/site-packages/airflow/example_dags/example_nested_branch_dag.py
[2023-10-11T07:04:06.327+0000] {processor.py:829} INFO - Processing file /home/airflow/.local/lib/python3.8/site-packages/airflow/example_dags/example_nested_branch_dag.py for tasks to queue
[2023-10-11T07:04:06.329+0000] {logging_mixin.py:151} INFO - [2023-10-11T07:04:06.328+0000] {dagbag.py:539} INFO - Filling up the DagBag from /home/airflow/.local/lib/python3.8/site-packages/airflow/example_dags/example_nested_branch_dag.py
[2023-10-11T07:04:06.341+0000] {processor.py:839} INFO - DAG(s) dict_keys(['example_nested_branch_dag']) retrieved from /home/airflow/.local/lib/python3.8/site-packages/airflow/example_dags/example_nested_branch_dag.py
[2023-10-11T07:04:06.380+0000] {logging_mixin.py:151} INFO - [2023-10-11T07:04:06.380+0000] {dag.py:2915} INFO - Sync 1 DAGs
[2023-10-11T07:04:06.447+0000] {logging_mixin.py:151} INFO - [2023-10-11T07:04:06.447+0000] {dag.py:3696} INFO - Setting next_dagrun for example_nested_branch_dag to 2023-10-10T00:00:00+00:00, run_after=2023-10-11T00:00:00+00:00
[2023-10-11T07:04:06.570+0000] {processor.py:179} INFO - Processing /home/airflow/.local/lib/python3.8/site-packages/airflow/example_dags/example_nested_branch_dag.py took 0.250 seconds
[2023-10-11T07:04:36.725+0000] {processor.py:157} INFO - Started process (PID=1650) to work on /home/airflow/.local/lib/python3.8/site-packages/airflow/example_dags/example_nested_branch_dag.py
[2023-10-11T07:04:36.726+0000] {processor.py:829} INFO - Processing file /home/airflow/.local/lib/python3.8/site-packages/airflow/example_dags/example_nested_branch_dag.py for tasks to queue
[2023-10-11T07:04:36.727+0000] {logging_mixin.py:151} INFO - [2023-10-11T07:04:36.727+0000] {dagbag.py:539} INFO - Filling up the DagBag from /home/airflow/.local/lib/python3.8/site-packages/airflow/example_dags/example_nested_branch_dag.py
[2023-10-11T07:04:36.736+0000] {processor.py:839} INFO - DAG(s) dict_keys(['example_nested_branch_dag']) retrieved from /home/airflow/.local/lib/python3.8/site-packages/airflow/example_dags/example_nested_branch_dag.py
[2023-10-11T07:04:36.761+0000] {logging_mixin.py:151} INFO - [2023-10-11T07:04:36.760+0000] {dag.py:2915} INFO - Sync 1 DAGs
[2023-10-11T07:04:36.799+0000] {logging_mixin.py:151} INFO - [2023-10-11T07:04:36.799+0000] {dag.py:3696} INFO - Setting next_dagrun for example_nested_branch_dag to 2023-10-10T00:00:00+00:00, run_after=2023-10-11T00:00:00+00:00
[2023-10-11T07:04:36.811+0000] {processor.py:179} INFO - Processing /home/airflow/.local/lib/python3.8/site-packages/airflow/example_dags/example_nested_branch_dag.py took 0.089 seconds
[2023-10-11T07:05:07.282+0000] {processor.py:157} INFO - Started process (PID=1888) to work on /home/airflow/.local/lib/python3.8/site-packages/airflow/example_dags/example_nested_branch_dag.py
[2023-10-11T07:05:07.286+0000] {processor.py:829} INFO - Processing file /home/airflow/.local/lib/python3.8/site-packages/airflow/example_dags/example_nested_branch_dag.py for tasks to queue
[2023-10-11T07:05:07.289+0000] {logging_mixin.py:151} INFO - [2023-10-11T07:05:07.287+0000] {dagbag.py:539} INFO - Filling up the DagBag from /home/airflow/.local/lib/python3.8/site-packages/airflow/example_dags/example_nested_branch_dag.py
[2023-10-11T07:05:07.303+0000] {processor.py:839} INFO - DAG(s) dict_keys(['example_nested_branch_dag']) retrieved from /home/airflow/.local/lib/python3.8/site-packages/airflow/example_dags/example_nested_branch_dag.py
[2023-10-11T07:05:07.327+0000] {logging_mixin.py:151} INFO - [2023-10-11T07:05:07.327+0000] {dag.py:2915} INFO - Sync 1 DAGs
[2023-10-11T07:05:07.349+0000] {logging_mixin.py:151} INFO - [2023-10-11T07:05:07.348+0000] {dag.py:3696} INFO - Setting next_dagrun for example_nested_branch_dag to 2023-10-10T00:00:00+00:00, run_after=2023-10-11T00:00:00+00:00
[2023-10-11T07:05:07.387+0000] {processor.py:179} INFO - Processing /home/airflow/.local/lib/python3.8/site-packages/airflow/example_dags/example_nested_branch_dag.py took 0.123 seconds
[2023-10-11T07:05:38.322+0000] {processor.py:157} INFO - Started process (PID=2126) to work on /home/airflow/.local/lib/python3.8/site-packages/airflow/example_dags/example_nested_branch_dag.py
[2023-10-11T07:05:38.324+0000] {processor.py:829} INFO - Processing file /home/airflow/.local/lib/python3.8/site-packages/airflow/example_dags/example_nested_branch_dag.py for tasks to queue
[2023-10-11T07:05:38.325+0000] {logging_mixin.py:151} INFO - [2023-10-11T07:05:38.324+0000] {dagbag.py:539} INFO - Filling up the DagBag from /home/airflow/.local/lib/python3.8/site-packages/airflow/example_dags/example_nested_branch_dag.py
[2023-10-11T07:05:38.333+0000] {processor.py:839} INFO - DAG(s) dict_keys(['example_nested_branch_dag']) retrieved from /home/airflow/.local/lib/python3.8/site-packages/airflow/example_dags/example_nested_branch_dag.py
[2023-10-11T07:05:38.360+0000] {logging_mixin.py:151} INFO - [2023-10-11T07:05:38.360+0000] {dag.py:2915} INFO - Sync 1 DAGs
[2023-10-11T07:05:38.391+0000] {logging_mixin.py:151} INFO - [2023-10-11T07:05:38.391+0000] {dag.py:3696} INFO - Setting next_dagrun for example_nested_branch_dag to 2023-10-10T00:00:00+00:00, run_after=2023-10-11T00:00:00+00:00
[2023-10-11T07:05:38.402+0000] {processor.py:179} INFO - Processing /home/airflow/.local/lib/python3.8/site-packages/airflow/example_dags/example_nested_branch_dag.py took 0.084 seconds
[2023-10-11T07:06:08.647+0000] {processor.py:157} INFO - Started process (PID=2364) to work on /home/airflow/.local/lib/python3.8/site-packages/airflow/example_dags/example_nested_branch_dag.py
[2023-10-11T07:06:08.649+0000] {processor.py:829} INFO - Processing file /home/airflow/.local/lib/python3.8/site-packages/airflow/example_dags/example_nested_branch_dag.py for tasks to queue
[2023-10-11T07:06:08.677+0000] {logging_mixin.py:151} INFO - [2023-10-11T07:06:08.676+0000] {dagbag.py:539} INFO - Filling up the DagBag from /home/airflow/.local/lib/python3.8/site-packages/airflow/example_dags/example_nested_branch_dag.py
[2023-10-11T07:06:08.684+0000] {processor.py:839} INFO - DAG(s) dict_keys(['example_nested_branch_dag']) retrieved from /home/airflow/.local/lib/python3.8/site-packages/airflow/example_dags/example_nested_branch_dag.py
[2023-10-11T07:06:08.699+0000] {logging_mixin.py:151} INFO - [2023-10-11T07:06:08.699+0000] {dag.py:2915} INFO - Sync 1 DAGs
[2023-10-11T07:06:08.714+0000] {logging_mixin.py:151} INFO - [2023-10-11T07:06:08.714+0000] {dag.py:3696} INFO - Setting next_dagrun for example_nested_branch_dag to 2023-10-10T00:00:00+00:00, run_after=2023-10-11T00:00:00+00:00
[2023-10-11T07:06:08.723+0000] {processor.py:179} INFO - Processing /home/airflow/.local/lib/python3.8/site-packages/airflow/example_dags/example_nested_branch_dag.py took 0.080 seconds
[2023-10-11T07:06:39.144+0000] {processor.py:157} INFO - Started process (PID=2607) to work on /home/airflow/.local/lib/python3.8/site-packages/airflow/example_dags/example_nested_branch_dag.py
[2023-10-11T07:06:39.145+0000] {processor.py:829} INFO - Processing file /home/airflow/.local/lib/python3.8/site-packages/airflow/example_dags/example_nested_branch_dag.py for tasks to queue
[2023-10-11T07:06:39.146+0000] {logging_mixin.py:151} INFO - [2023-10-11T07:06:39.145+0000] {dagbag.py:539} INFO - Filling up the DagBag from /home/airflow/.local/lib/python3.8/site-packages/airflow/example_dags/example_nested_branch_dag.py
[2023-10-11T07:06:39.155+0000] {processor.py:839} INFO - DAG(s) dict_keys(['example_nested_branch_dag']) retrieved from /home/airflow/.local/lib/python3.8/site-packages/airflow/example_dags/example_nested_branch_dag.py
[2023-10-11T07:06:39.192+0000] {logging_mixin.py:151} INFO - [2023-10-11T07:06:39.192+0000] {dag.py:2915} INFO - Sync 1 DAGs
[2023-10-11T07:06:39.205+0000] {logging_mixin.py:151} INFO - [2023-10-11T07:06:39.205+0000] {dag.py:3696} INFO - Setting next_dagrun for example_nested_branch_dag to 2023-10-10T00:00:00+00:00, run_after=2023-10-11T00:00:00+00:00
[2023-10-11T07:06:39.216+0000] {processor.py:179} INFO - Processing /home/airflow/.local/lib/python3.8/site-packages/airflow/example_dags/example_nested_branch_dag.py took 0.076 seconds
[2023-10-11T07:07:09.838+0000] {processor.py:157} INFO - Started process (PID=2849) to work on /home/airflow/.local/lib/python3.8/site-packages/airflow/example_dags/example_nested_branch_dag.py
[2023-10-11T07:07:09.839+0000] {processor.py:829} INFO - Processing file /home/airflow/.local/lib/python3.8/site-packages/airflow/example_dags/example_nested_branch_dag.py for tasks to queue
[2023-10-11T07:07:09.840+0000] {logging_mixin.py:151} INFO - [2023-10-11T07:07:09.840+0000] {dagbag.py:539} INFO - Filling up the DagBag from /home/airflow/.local/lib/python3.8/site-packages/airflow/example_dags/example_nested_branch_dag.py
[2023-10-11T07:07:09.855+0000] {processor.py:839} INFO - DAG(s) dict_keys(['example_nested_branch_dag']) retrieved from /home/airflow/.local/lib/python3.8/site-packages/airflow/example_dags/example_nested_branch_dag.py
[2023-10-11T07:07:09.913+0000] {logging_mixin.py:151} INFO - [2023-10-11T07:07:09.913+0000] {dag.py:2915} INFO - Sync 1 DAGs
[2023-10-11T07:07:09.934+0000] {logging_mixin.py:151} INFO - [2023-10-11T07:07:09.934+0000] {dag.py:3696} INFO - Setting next_dagrun for example_nested_branch_dag to 2023-10-10T00:00:00+00:00, run_after=2023-10-11T00:00:00+00:00
[2023-10-11T07:07:09.946+0000] {processor.py:179} INFO - Processing /home/airflow/.local/lib/python3.8/site-packages/airflow/example_dags/example_nested_branch_dag.py took 0.113 seconds
[2023-10-11T07:07:40.190+0000] {processor.py:157} INFO - Started process (PID=3091) to work on /home/airflow/.local/lib/python3.8/site-packages/airflow/example_dags/example_nested_branch_dag.py
[2023-10-11T07:07:40.192+0000] {processor.py:829} INFO - Processing file /home/airflow/.local/lib/python3.8/site-packages/airflow/example_dags/example_nested_branch_dag.py for tasks to queue
[2023-10-11T07:07:40.193+0000] {logging_mixin.py:151} INFO - [2023-10-11T07:07:40.192+0000] {dagbag.py:539} INFO - Filling up the DagBag from /home/airflow/.local/lib/python3.8/site-packages/airflow/example_dags/example_nested_branch_dag.py
[2023-10-11T07:07:40.213+0000] {processor.py:839} INFO - DAG(s) dict_keys(['example_nested_branch_dag']) retrieved from /home/airflow/.local/lib/python3.8/site-packages/airflow/example_dags/example_nested_branch_dag.py
[2023-10-11T07:07:40.236+0000] {logging_mixin.py:151} INFO - [2023-10-11T07:07:40.236+0000] {dag.py:2915} INFO - Sync 1 DAGs
[2023-10-11T07:07:40.270+0000] {logging_mixin.py:151} INFO - [2023-10-11T07:07:40.269+0000] {dag.py:3696} INFO - Setting next_dagrun for example_nested_branch_dag to 2023-10-10T00:00:00+00:00, run_after=2023-10-11T00:00:00+00:00
[2023-10-11T07:07:40.294+0000] {processor.py:179} INFO - Processing /home/airflow/.local/lib/python3.8/site-packages/airflow/example_dags/example_nested_branch_dag.py took 0.107 seconds
[2023-10-11T07:08:11.148+0000] {processor.py:157} INFO - Started process (PID=3366) to work on /home/airflow/.local/lib/python3.8/site-packages/airflow/example_dags/example_nested_branch_dag.py
[2023-10-11T07:08:11.150+0000] {processor.py:829} INFO - Processing file /home/airflow/.local/lib/python3.8/site-packages/airflow/example_dags/example_nested_branch_dag.py for tasks to queue
[2023-10-11T07:08:11.151+0000] {logging_mixin.py:151} INFO - [2023-10-11T07:08:11.151+0000] {dagbag.py:539} INFO - Filling up the DagBag from /home/airflow/.local/lib/python3.8/site-packages/airflow/example_dags/example_nested_branch_dag.py
[2023-10-11T07:08:11.170+0000] {processor.py:839} INFO - DAG(s) dict_keys(['example_nested_branch_dag']) retrieved from /home/airflow/.local/lib/python3.8/site-packages/airflow/example_dags/example_nested_branch_dag.py
[2023-10-11T07:08:11.204+0000] {logging_mixin.py:151} INFO - [2023-10-11T07:08:11.204+0000] {dag.py:2915} INFO - Sync 1 DAGs
[2023-10-11T07:08:11.222+0000] {logging_mixin.py:151} INFO - [2023-10-11T07:08:11.222+0000] {dag.py:3696} INFO - Setting next_dagrun for example_nested_branch_dag to 2023-10-10T00:00:00+00:00, run_after=2023-10-11T00:00:00+00:00
[2023-10-11T07:08:11.233+0000] {processor.py:179} INFO - Processing /home/airflow/.local/lib/python3.8/site-packages/airflow/example_dags/example_nested_branch_dag.py took 0.088 seconds
[2023-10-11T07:08:41.513+0000] {processor.py:157} INFO - Started process (PID=3609) to work on /home/airflow/.local/lib/python3.8/site-packages/airflow/example_dags/example_nested_branch_dag.py
[2023-10-11T07:08:41.515+0000] {processor.py:829} INFO - Processing file /home/airflow/.local/lib/python3.8/site-packages/airflow/example_dags/example_nested_branch_dag.py for tasks to queue
[2023-10-11T07:08:41.516+0000] {logging_mixin.py:151} INFO - [2023-10-11T07:08:41.516+0000] {dagbag.py:539} INFO - Filling up the DagBag from /home/airflow/.local/lib/python3.8/site-packages/airflow/example_dags/example_nested_branch_dag.py
[2023-10-11T07:08:41.529+0000] {processor.py:839} INFO - DAG(s) dict_keys(['example_nested_branch_dag']) retrieved from /home/airflow/.local/lib/python3.8/site-packages/airflow/example_dags/example_nested_branch_dag.py
[2023-10-11T07:08:41.588+0000] {logging_mixin.py:151} INFO - [2023-10-11T07:08:41.587+0000] {dag.py:2915} INFO - Sync 1 DAGs
[2023-10-11T07:08:41.605+0000] {logging_mixin.py:151} INFO - [2023-10-11T07:08:41.605+0000] {dag.py:3696} INFO - Setting next_dagrun for example_nested_branch_dag to 2023-10-10T00:00:00+00:00, run_after=2023-10-11T00:00:00+00:00
[2023-10-11T07:08:41.616+0000] {processor.py:179} INFO - Processing /home/airflow/.local/lib/python3.8/site-packages/airflow/example_dags/example_nested_branch_dag.py took 0.109 seconds
[2023-10-11T07:09:12.519+0000] {processor.py:157} INFO - Started process (PID=3852) to work on /home/airflow/.local/lib/python3.8/site-packages/airflow/example_dags/example_nested_branch_dag.py
[2023-10-11T07:09:12.521+0000] {processor.py:829} INFO - Processing file /home/airflow/.local/lib/python3.8/site-packages/airflow/example_dags/example_nested_branch_dag.py for tasks to queue
[2023-10-11T07:09:12.522+0000] {logging_mixin.py:151} INFO - [2023-10-11T07:09:12.522+0000] {dagbag.py:539} INFO - Filling up the DagBag from /home/airflow/.local/lib/python3.8/site-packages/airflow/example_dags/example_nested_branch_dag.py
[2023-10-11T07:09:12.540+0000] {processor.py:839} INFO - DAG(s) dict_keys(['example_nested_branch_dag']) retrieved from /home/airflow/.local/lib/python3.8/site-packages/airflow/example_dags/example_nested_branch_dag.py
[2023-10-11T07:09:12.604+0000] {logging_mixin.py:151} INFO - [2023-10-11T07:09:12.604+0000] {dag.py:2915} INFO - Sync 1 DAGs
[2023-10-11T07:09:12.628+0000] {logging_mixin.py:151} INFO - [2023-10-11T07:09:12.628+0000] {dag.py:3696} INFO - Setting next_dagrun for example_nested_branch_dag to 2023-10-10T00:00:00+00:00, run_after=2023-10-11T00:00:00+00:00
[2023-10-11T07:09:12.641+0000] {processor.py:179} INFO - Processing /home/airflow/.local/lib/python3.8/site-packages/airflow/example_dags/example_nested_branch_dag.py took 0.136 seconds
[2023-10-11T07:09:42.851+0000] {processor.py:157} INFO - Started process (PID=4095) to work on /home/airflow/.local/lib/python3.8/site-packages/airflow/example_dags/example_nested_branch_dag.py
[2023-10-11T07:09:42.854+0000] {processor.py:829} INFO - Processing file /home/airflow/.local/lib/python3.8/site-packages/airflow/example_dags/example_nested_branch_dag.py for tasks to queue
[2023-10-11T07:09:42.859+0000] {logging_mixin.py:151} INFO - [2023-10-11T07:09:42.858+0000] {dagbag.py:539} INFO - Filling up the DagBag from /home/airflow/.local/lib/python3.8/site-packages/airflow/example_dags/example_nested_branch_dag.py
[2023-10-11T07:09:42.879+0000] {processor.py:839} INFO - DAG(s) dict_keys(['example_nested_branch_dag']) retrieved from /home/airflow/.local/lib/python3.8/site-packages/airflow/example_dags/example_nested_branch_dag.py
[2023-10-11T07:09:42.906+0000] {logging_mixin.py:151} INFO - [2023-10-11T07:09:42.906+0000] {dag.py:2915} INFO - Sync 1 DAGs
[2023-10-11T07:09:42.924+0000] {logging_mixin.py:151} INFO - [2023-10-11T07:09:42.924+0000] {dag.py:3696} INFO - Setting next_dagrun for example_nested_branch_dag to 2023-10-10T00:00:00+00:00, run_after=2023-10-11T00:00:00+00:00
[2023-10-11T07:09:42.937+0000] {processor.py:179} INFO - Processing /home/airflow/.local/lib/python3.8/site-packages/airflow/example_dags/example_nested_branch_dag.py took 0.090 seconds
[2023-10-11T07:10:13.701+0000] {processor.py:157} INFO - Started process (PID=4338) to work on /home/airflow/.local/lib/python3.8/site-packages/airflow/example_dags/example_nested_branch_dag.py
[2023-10-11T07:10:13.702+0000] {processor.py:829} INFO - Processing file /home/airflow/.local/lib/python3.8/site-packages/airflow/example_dags/example_nested_branch_dag.py for tasks to queue
[2023-10-11T07:10:13.703+0000] {logging_mixin.py:151} INFO - [2023-10-11T07:10:13.703+0000] {dagbag.py:539} INFO - Filling up the DagBag from /home/airflow/.local/lib/python3.8/site-packages/airflow/example_dags/example_nested_branch_dag.py
[2023-10-11T07:10:13.713+0000] {processor.py:839} INFO - DAG(s) dict_keys(['example_nested_branch_dag']) retrieved from /home/airflow/.local/lib/python3.8/site-packages/airflow/example_dags/example_nested_branch_dag.py
[2023-10-11T07:10:13.737+0000] {logging_mixin.py:151} INFO - [2023-10-11T07:10:13.737+0000] {dag.py:2915} INFO - Sync 1 DAGs
[2023-10-11T07:10:13.767+0000] {logging_mixin.py:151} INFO - [2023-10-11T07:10:13.767+0000] {dag.py:3696} INFO - Setting next_dagrun for example_nested_branch_dag to 2023-10-10T00:00:00+00:00, run_after=2023-10-11T00:00:00+00:00
[2023-10-11T07:10:13.789+0000] {processor.py:179} INFO - Processing /home/airflow/.local/lib/python3.8/site-packages/airflow/example_dags/example_nested_branch_dag.py took 0.092 seconds
[2023-10-11T07:10:44.021+0000] {processor.py:157} INFO - Started process (PID=4581) to work on /home/airflow/.local/lib/python3.8/site-packages/airflow/example_dags/example_nested_branch_dag.py
[2023-10-11T07:10:44.025+0000] {processor.py:829} INFO - Processing file /home/airflow/.local/lib/python3.8/site-packages/airflow/example_dags/example_nested_branch_dag.py for tasks to queue
[2023-10-11T07:10:44.026+0000] {logging_mixin.py:151} INFO - [2023-10-11T07:10:44.026+0000] {dagbag.py:539} INFO - Filling up the DagBag from /home/airflow/.local/lib/python3.8/site-packages/airflow/example_dags/example_nested_branch_dag.py
[2023-10-11T07:10:44.048+0000] {processor.py:839} INFO - DAG(s) dict_keys(['example_nested_branch_dag']) retrieved from /home/airflow/.local/lib/python3.8/site-packages/airflow/example_dags/example_nested_branch_dag.py
[2023-10-11T07:10:44.134+0000] {logging_mixin.py:151} INFO - [2023-10-11T07:10:44.134+0000] {dag.py:2915} INFO - Sync 1 DAGs
[2023-10-11T07:10:44.174+0000] {logging_mixin.py:151} INFO - [2023-10-11T07:10:44.173+0000] {dag.py:3696} INFO - Setting next_dagrun for example_nested_branch_dag to 2023-10-10T00:00:00+00:00, run_after=2023-10-11T00:00:00+00:00
[2023-10-11T07:10:44.221+0000] {processor.py:179} INFO - Processing /home/airflow/.local/lib/python3.8/site-packages/airflow/example_dags/example_nested_branch_dag.py took 0.218 seconds
[2023-10-11T07:11:14.588+0000] {processor.py:157} INFO - Started process (PID=4824) to work on /home/airflow/.local/lib/python3.8/site-packages/airflow/example_dags/example_nested_branch_dag.py
[2023-10-11T07:11:14.590+0000] {processor.py:829} INFO - Processing file /home/airflow/.local/lib/python3.8/site-packages/airflow/example_dags/example_nested_branch_dag.py for tasks to queue
[2023-10-11T07:11:14.591+0000] {logging_mixin.py:151} INFO - [2023-10-11T07:11:14.591+0000] {dagbag.py:539} INFO - Filling up the DagBag from /home/airflow/.local/lib/python3.8/site-packages/airflow/example_dags/example_nested_branch_dag.py
[2023-10-11T07:11:14.602+0000] {processor.py:839} INFO - DAG(s) dict_keys(['example_nested_branch_dag']) retrieved from /home/airflow/.local/lib/python3.8/site-packages/airflow/example_dags/example_nested_branch_dag.py
[2023-10-11T07:11:14.623+0000] {logging_mixin.py:151} INFO - [2023-10-11T07:11:14.623+0000] {dag.py:2915} INFO - Sync 1 DAGs
[2023-10-11T07:11:14.644+0000] {logging_mixin.py:151} INFO - [2023-10-11T07:11:14.644+0000] {dag.py:3696} INFO - Setting next_dagrun for example_nested_branch_dag to 2023-10-10T00:00:00+00:00, run_after=2023-10-11T00:00:00+00:00
[2023-10-11T07:11:14.684+0000] {processor.py:179} INFO - Processing /home/airflow/.local/lib/python3.8/site-packages/airflow/example_dags/example_nested_branch_dag.py took 0.100 seconds
[2023-10-11T07:11:44.792+0000] {processor.py:157} INFO - Started process (PID=5067) to work on /home/airflow/.local/lib/python3.8/site-packages/airflow/example_dags/example_nested_branch_dag.py
[2023-10-11T07:11:44.793+0000] {processor.py:829} INFO - Processing file /home/airflow/.local/lib/python3.8/site-packages/airflow/example_dags/example_nested_branch_dag.py for tasks to queue
[2023-10-11T07:11:44.794+0000] {logging_mixin.py:151} INFO - [2023-10-11T07:11:44.794+0000] {dagbag.py:539} INFO - Filling up the DagBag from /home/airflow/.local/lib/python3.8/site-packages/airflow/example_dags/example_nested_branch_dag.py
[2023-10-11T07:11:44.801+0000] {processor.py:839} INFO - DAG(s) dict_keys(['example_nested_branch_dag']) retrieved from /home/airflow/.local/lib/python3.8/site-packages/airflow/example_dags/example_nested_branch_dag.py
[2023-10-11T07:11:44.819+0000] {logging_mixin.py:151} INFO - [2023-10-11T07:11:44.819+0000] {dag.py:2915} INFO - Sync 1 DAGs
[2023-10-11T07:11:44.837+0000] {logging_mixin.py:151} INFO - [2023-10-11T07:11:44.837+0000] {dag.py:3696} INFO - Setting next_dagrun for example_nested_branch_dag to 2023-10-10T00:00:00+00:00, run_after=2023-10-11T00:00:00+00:00
[2023-10-11T07:11:44.862+0000] {processor.py:179} INFO - Processing /home/airflow/.local/lib/python3.8/site-packages/airflow/example_dags/example_nested_branch_dag.py took 0.072 seconds
[2023-10-11T07:12:15.592+0000] {processor.py:157} INFO - Started process (PID=5310) to work on /home/airflow/.local/lib/python3.8/site-packages/airflow/example_dags/example_nested_branch_dag.py
[2023-10-11T07:12:15.594+0000] {processor.py:829} INFO - Processing file /home/airflow/.local/lib/python3.8/site-packages/airflow/example_dags/example_nested_branch_dag.py for tasks to queue
[2023-10-11T07:12:15.595+0000] {logging_mixin.py:151} INFO - [2023-10-11T07:12:15.594+0000] {dagbag.py:539} INFO - Filling up the DagBag from /home/airflow/.local/lib/python3.8/site-packages/airflow/example_dags/example_nested_branch_dag.py
[2023-10-11T07:12:15.603+0000] {processor.py:839} INFO - DAG(s) dict_keys(['example_nested_branch_dag']) retrieved from /home/airflow/.local/lib/python3.8/site-packages/airflow/example_dags/example_nested_branch_dag.py
[2023-10-11T07:12:15.620+0000] {logging_mixin.py:151} INFO - [2023-10-11T07:12:15.620+0000] {dag.py:2915} INFO - Sync 1 DAGs
[2023-10-11T07:12:15.634+0000] {logging_mixin.py:151} INFO - [2023-10-11T07:12:15.634+0000] {dag.py:3696} INFO - Setting next_dagrun for example_nested_branch_dag to 2023-10-10T00:00:00+00:00, run_after=2023-10-11T00:00:00+00:00
[2023-10-11T07:12:15.646+0000] {processor.py:179} INFO - Processing /home/airflow/.local/lib/python3.8/site-packages/airflow/example_dags/example_nested_branch_dag.py took 0.057 seconds
[2023-10-11T07:12:45.690+0000] {processor.py:157} INFO - Started process (PID=5553) to work on /home/airflow/.local/lib/python3.8/site-packages/airflow/example_dags/example_nested_branch_dag.py
[2023-10-11T07:12:45.691+0000] {processor.py:829} INFO - Processing file /home/airflow/.local/lib/python3.8/site-packages/airflow/example_dags/example_nested_branch_dag.py for tasks to queue
[2023-10-11T07:12:45.692+0000] {logging_mixin.py:151} INFO - [2023-10-11T07:12:45.691+0000] {dagbag.py:539} INFO - Filling up the DagBag from /home/airflow/.local/lib/python3.8/site-packages/airflow/example_dags/example_nested_branch_dag.py
[2023-10-11T07:12:45.700+0000] {processor.py:839} INFO - DAG(s) dict_keys(['example_nested_branch_dag']) retrieved from /home/airflow/.local/lib/python3.8/site-packages/airflow/example_dags/example_nested_branch_dag.py
[2023-10-11T07:12:45.718+0000] {logging_mixin.py:151} INFO - [2023-10-11T07:12:45.718+0000] {dag.py:2915} INFO - Sync 1 DAGs
[2023-10-11T07:12:45.733+0000] {logging_mixin.py:151} INFO - [2023-10-11T07:12:45.733+0000] {dag.py:3696} INFO - Setting next_dagrun for example_nested_branch_dag to 2023-10-10T00:00:00+00:00, run_after=2023-10-11T00:00:00+00:00
[2023-10-11T07:12:45.747+0000] {processor.py:179} INFO - Processing /home/airflow/.local/lib/python3.8/site-packages/airflow/example_dags/example_nested_branch_dag.py took 0.061 seconds
[2023-10-11T07:13:16.345+0000] {processor.py:157} INFO - Started process (PID=5796) to work on /home/airflow/.local/lib/python3.8/site-packages/airflow/example_dags/example_nested_branch_dag.py
[2023-10-11T07:13:16.346+0000] {processor.py:829} INFO - Processing file /home/airflow/.local/lib/python3.8/site-packages/airflow/example_dags/example_nested_branch_dag.py for tasks to queue
[2023-10-11T07:13:16.347+0000] {logging_mixin.py:151} INFO - [2023-10-11T07:13:16.347+0000] {dagbag.py:539} INFO - Filling up the DagBag from /home/airflow/.local/lib/python3.8/site-packages/airflow/example_dags/example_nested_branch_dag.py
[2023-10-11T07:13:16.377+0000] {processor.py:839} INFO - DAG(s) dict_keys(['example_nested_branch_dag']) retrieved from /home/airflow/.local/lib/python3.8/site-packages/airflow/example_dags/example_nested_branch_dag.py
[2023-10-11T07:13:16.392+0000] {logging_mixin.py:151} INFO - [2023-10-11T07:13:16.392+0000] {dag.py:2915} INFO - Sync 1 DAGs
[2023-10-11T07:13:16.405+0000] {logging_mixin.py:151} INFO - [2023-10-11T07:13:16.405+0000] {dag.py:3696} INFO - Setting next_dagrun for example_nested_branch_dag to 2023-10-10T00:00:00+00:00, run_after=2023-10-11T00:00:00+00:00
[2023-10-11T07:13:16.415+0000] {processor.py:179} INFO - Processing /home/airflow/.local/lib/python3.8/site-packages/airflow/example_dags/example_nested_branch_dag.py took 0.072 seconds
[2023-10-11T07:13:46.947+0000] {processor.py:157} INFO - Started process (PID=6039) to work on /home/airflow/.local/lib/python3.8/site-packages/airflow/example_dags/example_nested_branch_dag.py
[2023-10-11T07:13:46.969+0000] {processor.py:829} INFO - Processing file /home/airflow/.local/lib/python3.8/site-packages/airflow/example_dags/example_nested_branch_dag.py for tasks to queue
[2023-10-11T07:13:46.972+0000] {logging_mixin.py:151} INFO - [2023-10-11T07:13:46.972+0000] {dagbag.py:539} INFO - Filling up the DagBag from /home/airflow/.local/lib/python3.8/site-packages/airflow/example_dags/example_nested_branch_dag.py
[2023-10-11T07:13:47.000+0000] {processor.py:839} INFO - DAG(s) dict_keys(['example_nested_branch_dag']) retrieved from /home/airflow/.local/lib/python3.8/site-packages/airflow/example_dags/example_nested_branch_dag.py
[2023-10-11T07:13:47.023+0000] {logging_mixin.py:151} INFO - [2023-10-11T07:13:47.022+0000] {dag.py:2915} INFO - Sync 1 DAGs
[2023-10-11T07:13:47.042+0000] {logging_mixin.py:151} INFO - [2023-10-11T07:13:47.042+0000] {dag.py:3696} INFO - Setting next_dagrun for example_nested_branch_dag to 2023-10-10T00:00:00+00:00, run_after=2023-10-11T00:00:00+00:00
[2023-10-11T07:13:47.097+0000] {processor.py:179} INFO - Processing /home/airflow/.local/lib/python3.8/site-packages/airflow/example_dags/example_nested_branch_dag.py took 0.153 seconds
[2023-10-11T07:14:17.487+0000] {processor.py:157} INFO - Started process (PID=6282) to work on /home/airflow/.local/lib/python3.8/site-packages/airflow/example_dags/example_nested_branch_dag.py
[2023-10-11T07:14:17.489+0000] {processor.py:829} INFO - Processing file /home/airflow/.local/lib/python3.8/site-packages/airflow/example_dags/example_nested_branch_dag.py for tasks to queue
[2023-10-11T07:14:17.490+0000] {logging_mixin.py:151} INFO - [2023-10-11T07:14:17.490+0000] {dagbag.py:539} INFO - Filling up the DagBag from /home/airflow/.local/lib/python3.8/site-packages/airflow/example_dags/example_nested_branch_dag.py
[2023-10-11T07:14:17.502+0000] {processor.py:839} INFO - DAG(s) dict_keys(['example_nested_branch_dag']) retrieved from /home/airflow/.local/lib/python3.8/site-packages/airflow/example_dags/example_nested_branch_dag.py
[2023-10-11T07:14:17.518+0000] {logging_mixin.py:151} INFO - [2023-10-11T07:14:17.518+0000] {dag.py:2915} INFO - Sync 1 DAGs
[2023-10-11T07:14:17.531+0000] {logging_mixin.py:151} INFO - [2023-10-11T07:14:17.531+0000] {dag.py:3696} INFO - Setting next_dagrun for example_nested_branch_dag to 2023-10-10T00:00:00+00:00, run_after=2023-10-11T00:00:00+00:00
[2023-10-11T07:14:17.540+0000] {processor.py:179} INFO - Processing /home/airflow/.local/lib/python3.8/site-packages/airflow/example_dags/example_nested_branch_dag.py took 0.057 seconds
[2023-10-11T07:14:47.996+0000] {processor.py:157} INFO - Started process (PID=6525) to work on /home/airflow/.local/lib/python3.8/site-packages/airflow/example_dags/example_nested_branch_dag.py
[2023-10-11T07:14:47.997+0000] {processor.py:829} INFO - Processing file /home/airflow/.local/lib/python3.8/site-packages/airflow/example_dags/example_nested_branch_dag.py for tasks to queue
[2023-10-11T07:14:47.999+0000] {logging_mixin.py:151} INFO - [2023-10-11T07:14:47.998+0000] {dagbag.py:539} INFO - Filling up the DagBag from /home/airflow/.local/lib/python3.8/site-packages/airflow/example_dags/example_nested_branch_dag.py
[2023-10-11T07:14:48.017+0000] {processor.py:839} INFO - DAG(s) dict_keys(['example_nested_branch_dag']) retrieved from /home/airflow/.local/lib/python3.8/site-packages/airflow/example_dags/example_nested_branch_dag.py
[2023-10-11T07:14:48.043+0000] {logging_mixin.py:151} INFO - [2023-10-11T07:14:48.043+0000] {dag.py:2915} INFO - Sync 1 DAGs
[2023-10-11T07:14:48.080+0000] {logging_mixin.py:151} INFO - [2023-10-11T07:14:48.080+0000] {dag.py:3696} INFO - Setting next_dagrun for example_nested_branch_dag to 2023-10-10T00:00:00+00:00, run_after=2023-10-11T00:00:00+00:00
[2023-10-11T07:14:48.095+0000] {processor.py:179} INFO - Processing /home/airflow/.local/lib/python3.8/site-packages/airflow/example_dags/example_nested_branch_dag.py took 0.105 seconds
[2023-10-11T07:15:18.347+0000] {processor.py:157} INFO - Started process (PID=6768) to work on /home/airflow/.local/lib/python3.8/site-packages/airflow/example_dags/example_nested_branch_dag.py
[2023-10-11T07:15:18.369+0000] {processor.py:829} INFO - Processing file /home/airflow/.local/lib/python3.8/site-packages/airflow/example_dags/example_nested_branch_dag.py for tasks to queue
[2023-10-11T07:15:18.373+0000] {logging_mixin.py:151} INFO - [2023-10-11T07:15:18.372+0000] {dagbag.py:539} INFO - Filling up the DagBag from /home/airflow/.local/lib/python3.8/site-packages/airflow/example_dags/example_nested_branch_dag.py
[2023-10-11T07:15:18.386+0000] {processor.py:839} INFO - DAG(s) dict_keys(['example_nested_branch_dag']) retrieved from /home/airflow/.local/lib/python3.8/site-packages/airflow/example_dags/example_nested_branch_dag.py
[2023-10-11T07:15:18.406+0000] {logging_mixin.py:151} INFO - [2023-10-11T07:15:18.406+0000] {dag.py:2915} INFO - Sync 1 DAGs
[2023-10-11T07:15:18.425+0000] {logging_mixin.py:151} INFO - [2023-10-11T07:15:18.425+0000] {dag.py:3696} INFO - Setting next_dagrun for example_nested_branch_dag to 2023-10-10T00:00:00+00:00, run_after=2023-10-11T00:00:00+00:00
[2023-10-11T07:15:18.438+0000] {processor.py:179} INFO - Processing /home/airflow/.local/lib/python3.8/site-packages/airflow/example_dags/example_nested_branch_dag.py took 0.095 seconds
[2023-10-11T07:15:49.092+0000] {processor.py:157} INFO - Started process (PID=7011) to work on /home/airflow/.local/lib/python3.8/site-packages/airflow/example_dags/example_nested_branch_dag.py
[2023-10-11T07:15:49.094+0000] {processor.py:829} INFO - Processing file /home/airflow/.local/lib/python3.8/site-packages/airflow/example_dags/example_nested_branch_dag.py for tasks to queue
[2023-10-11T07:15:49.094+0000] {logging_mixin.py:151} INFO - [2023-10-11T07:15:49.094+0000] {dagbag.py:539} INFO - Filling up the DagBag from /home/airflow/.local/lib/python3.8/site-packages/airflow/example_dags/example_nested_branch_dag.py
[2023-10-11T07:15:49.103+0000] {processor.py:839} INFO - DAG(s) dict_keys(['example_nested_branch_dag']) retrieved from /home/airflow/.local/lib/python3.8/site-packages/airflow/example_dags/example_nested_branch_dag.py
[2023-10-11T07:15:49.121+0000] {logging_mixin.py:151} INFO - [2023-10-11T07:15:49.121+0000] {dag.py:2915} INFO - Sync 1 DAGs
[2023-10-11T07:15:49.136+0000] {logging_mixin.py:151} INFO - [2023-10-11T07:15:49.136+0000] {dag.py:3696} INFO - Setting next_dagrun for example_nested_branch_dag to 2023-10-10T00:00:00+00:00, run_after=2023-10-11T00:00:00+00:00
[2023-10-11T07:15:49.145+0000] {processor.py:179} INFO - Processing /home/airflow/.local/lib/python3.8/site-packages/airflow/example_dags/example_nested_branch_dag.py took 0.056 seconds
[2023-10-11T07:16:19.637+0000] {processor.py:157} INFO - Started process (PID=7254) to work on /home/airflow/.local/lib/python3.8/site-packages/airflow/example_dags/example_nested_branch_dag.py
[2023-10-11T07:16:19.638+0000] {processor.py:829} INFO - Processing file /home/airflow/.local/lib/python3.8/site-packages/airflow/example_dags/example_nested_branch_dag.py for tasks to queue
[2023-10-11T07:16:19.639+0000] {logging_mixin.py:151} INFO - [2023-10-11T07:16:19.639+0000] {dagbag.py:539} INFO - Filling up the DagBag from /home/airflow/.local/lib/python3.8/site-packages/airflow/example_dags/example_nested_branch_dag.py
[2023-10-11T07:16:19.657+0000] {processor.py:839} INFO - DAG(s) dict_keys(['example_nested_branch_dag']) retrieved from /home/airflow/.local/lib/python3.8/site-packages/airflow/example_dags/example_nested_branch_dag.py
[2023-10-11T07:16:19.700+0000] {logging_mixin.py:151} INFO - [2023-10-11T07:16:19.700+0000] {dag.py:2915} INFO - Sync 1 DAGs
[2023-10-11T07:16:19.716+0000] {logging_mixin.py:151} INFO - [2023-10-11T07:16:19.716+0000] {dag.py:3696} INFO - Setting next_dagrun for example_nested_branch_dag to 2023-10-10T00:00:00+00:00, run_after=2023-10-11T00:00:00+00:00
[2023-10-11T07:16:19.733+0000] {processor.py:179} INFO - Processing /home/airflow/.local/lib/python3.8/site-packages/airflow/example_dags/example_nested_branch_dag.py took 0.101 seconds
[2023-10-11T07:16:50.239+0000] {processor.py:157} INFO - Started process (PID=7497) to work on /home/airflow/.local/lib/python3.8/site-packages/airflow/example_dags/example_nested_branch_dag.py
[2023-10-11T07:16:50.241+0000] {processor.py:829} INFO - Processing file /home/airflow/.local/lib/python3.8/site-packages/airflow/example_dags/example_nested_branch_dag.py for tasks to queue
[2023-10-11T07:16:50.244+0000] {logging_mixin.py:151} INFO - [2023-10-11T07:16:50.243+0000] {dagbag.py:539} INFO - Filling up the DagBag from /home/airflow/.local/lib/python3.8/site-packages/airflow/example_dags/example_nested_branch_dag.py
[2023-10-11T07:16:50.301+0000] {processor.py:839} INFO - DAG(s) dict_keys(['example_nested_branch_dag']) retrieved from /home/airflow/.local/lib/python3.8/site-packages/airflow/example_dags/example_nested_branch_dag.py
[2023-10-11T07:16:50.376+0000] {logging_mixin.py:151} INFO - [2023-10-11T07:16:50.375+0000] {dag.py:2915} INFO - Sync 1 DAGs
[2023-10-11T07:16:50.415+0000] {logging_mixin.py:151} INFO - [2023-10-11T07:16:50.415+0000] {dag.py:3696} INFO - Setting next_dagrun for example_nested_branch_dag to 2023-10-10T00:00:00+00:00, run_after=2023-10-11T00:00:00+00:00
[2023-10-11T07:16:50.472+0000] {processor.py:179} INFO - Processing /home/airflow/.local/lib/python3.8/site-packages/airflow/example_dags/example_nested_branch_dag.py took 0.239 seconds
[2023-10-11T07:17:21.253+0000] {processor.py:157} INFO - Started process (PID=7740) to work on /home/airflow/.local/lib/python3.8/site-packages/airflow/example_dags/example_nested_branch_dag.py
[2023-10-11T07:17:21.275+0000] {processor.py:829} INFO - Processing file /home/airflow/.local/lib/python3.8/site-packages/airflow/example_dags/example_nested_branch_dag.py for tasks to queue
[2023-10-11T07:17:21.290+0000] {logging_mixin.py:151} INFO - [2023-10-11T07:17:21.289+0000] {dagbag.py:539} INFO - Filling up the DagBag from /home/airflow/.local/lib/python3.8/site-packages/airflow/example_dags/example_nested_branch_dag.py
[2023-10-11T07:17:21.322+0000] {processor.py:839} INFO - DAG(s) dict_keys(['example_nested_branch_dag']) retrieved from /home/airflow/.local/lib/python3.8/site-packages/airflow/example_dags/example_nested_branch_dag.py
[2023-10-11T07:17:21.392+0000] {logging_mixin.py:151} INFO - [2023-10-11T07:17:21.392+0000] {dag.py:2915} INFO - Sync 1 DAGs
[2023-10-11T07:17:21.432+0000] {logging_mixin.py:151} INFO - [2023-10-11T07:17:21.432+0000] {dag.py:3696} INFO - Setting next_dagrun for example_nested_branch_dag to 2023-10-10T00:00:00+00:00, run_after=2023-10-11T00:00:00+00:00
[2023-10-11T07:17:21.486+0000] {processor.py:179} INFO - Processing /home/airflow/.local/lib/python3.8/site-packages/airflow/example_dags/example_nested_branch_dag.py took 0.253 seconds
[2023-10-11T07:17:51.843+0000] {processor.py:157} INFO - Started process (PID=7983) to work on /home/airflow/.local/lib/python3.8/site-packages/airflow/example_dags/example_nested_branch_dag.py
[2023-10-11T07:17:51.857+0000] {processor.py:829} INFO - Processing file /home/airflow/.local/lib/python3.8/site-packages/airflow/example_dags/example_nested_branch_dag.py for tasks to queue
[2023-10-11T07:17:51.866+0000] {logging_mixin.py:151} INFO - [2023-10-11T07:17:51.864+0000] {dagbag.py:539} INFO - Filling up the DagBag from /home/airflow/.local/lib/python3.8/site-packages/airflow/example_dags/example_nested_branch_dag.py
[2023-10-11T07:17:51.912+0000] {processor.py:839} INFO - DAG(s) dict_keys(['example_nested_branch_dag']) retrieved from /home/airflow/.local/lib/python3.8/site-packages/airflow/example_dags/example_nested_branch_dag.py
[2023-10-11T07:17:52.004+0000] {logging_mixin.py:151} INFO - [2023-10-11T07:17:52.004+0000] {dag.py:2915} INFO - Sync 1 DAGs
[2023-10-11T07:17:52.094+0000] {logging_mixin.py:151} INFO - [2023-10-11T07:17:52.093+0000] {dag.py:3696} INFO - Setting next_dagrun for example_nested_branch_dag to 2023-10-10T00:00:00+00:00, run_after=2023-10-11T00:00:00+00:00
[2023-10-11T07:17:52.137+0000] {processor.py:179} INFO - Processing /home/airflow/.local/lib/python3.8/site-packages/airflow/example_dags/example_nested_branch_dag.py took 0.308 seconds
[2023-10-11T07:18:22.400+0000] {processor.py:157} INFO - Started process (PID=8226) to work on /home/airflow/.local/lib/python3.8/site-packages/airflow/example_dags/example_nested_branch_dag.py
[2023-10-11T07:18:22.407+0000] {processor.py:829} INFO - Processing file /home/airflow/.local/lib/python3.8/site-packages/airflow/example_dags/example_nested_branch_dag.py for tasks to queue
[2023-10-11T07:18:22.410+0000] {logging_mixin.py:151} INFO - [2023-10-11T07:18:22.409+0000] {dagbag.py:539} INFO - Filling up the DagBag from /home/airflow/.local/lib/python3.8/site-packages/airflow/example_dags/example_nested_branch_dag.py
[2023-10-11T07:18:22.435+0000] {processor.py:839} INFO - DAG(s) dict_keys(['example_nested_branch_dag']) retrieved from /home/airflow/.local/lib/python3.8/site-packages/airflow/example_dags/example_nested_branch_dag.py
[2023-10-11T07:18:22.489+0000] {logging_mixin.py:151} INFO - [2023-10-11T07:18:22.489+0000] {dag.py:2915} INFO - Sync 1 DAGs
[2023-10-11T07:18:22.527+0000] {logging_mixin.py:151} INFO - [2023-10-11T07:18:22.527+0000] {dag.py:3696} INFO - Setting next_dagrun for example_nested_branch_dag to 2023-10-10T00:00:00+00:00, run_after=2023-10-11T00:00:00+00:00
[2023-10-11T07:18:22.572+0000] {processor.py:179} INFO - Processing /home/airflow/.local/lib/python3.8/site-packages/airflow/example_dags/example_nested_branch_dag.py took 0.184 seconds
[2023-10-11T07:18:52.899+0000] {processor.py:157} INFO - Started process (PID=8469) to work on /home/airflow/.local/lib/python3.8/site-packages/airflow/example_dags/example_nested_branch_dag.py
[2023-10-11T07:18:52.901+0000] {processor.py:829} INFO - Processing file /home/airflow/.local/lib/python3.8/site-packages/airflow/example_dags/example_nested_branch_dag.py for tasks to queue
[2023-10-11T07:18:52.903+0000] {logging_mixin.py:151} INFO - [2023-10-11T07:18:52.902+0000] {dagbag.py:539} INFO - Filling up the DagBag from /home/airflow/.local/lib/python3.8/site-packages/airflow/example_dags/example_nested_branch_dag.py
[2023-10-11T07:18:52.918+0000] {processor.py:839} INFO - DAG(s) dict_keys(['example_nested_branch_dag']) retrieved from /home/airflow/.local/lib/python3.8/site-packages/airflow/example_dags/example_nested_branch_dag.py
[2023-10-11T07:18:52.948+0000] {logging_mixin.py:151} INFO - [2023-10-11T07:18:52.948+0000] {dag.py:2915} INFO - Sync 1 DAGs
[2023-10-11T07:18:52.987+0000] {logging_mixin.py:151} INFO - [2023-10-11T07:18:52.987+0000] {dag.py:3696} INFO - Setting next_dagrun for example_nested_branch_dag to 2023-10-10T00:00:00+00:00, run_after=2023-10-11T00:00:00+00:00
[2023-10-11T07:18:52.998+0000] {processor.py:179} INFO - Processing /home/airflow/.local/lib/python3.8/site-packages/airflow/example_dags/example_nested_branch_dag.py took 0.111 seconds
[2023-10-11T07:19:23.036+0000] {processor.py:157} INFO - Started process (PID=8712) to work on /home/airflow/.local/lib/python3.8/site-packages/airflow/example_dags/example_nested_branch_dag.py
[2023-10-11T07:19:23.038+0000] {processor.py:829} INFO - Processing file /home/airflow/.local/lib/python3.8/site-packages/airflow/example_dags/example_nested_branch_dag.py for tasks to queue
[2023-10-11T07:19:23.039+0000] {logging_mixin.py:151} INFO - [2023-10-11T07:19:23.039+0000] {dagbag.py:539} INFO - Filling up the DagBag from /home/airflow/.local/lib/python3.8/site-packages/airflow/example_dags/example_nested_branch_dag.py
[2023-10-11T07:19:23.078+0000] {processor.py:839} INFO - DAG(s) dict_keys(['example_nested_branch_dag']) retrieved from /home/airflow/.local/lib/python3.8/site-packages/airflow/example_dags/example_nested_branch_dag.py
[2023-10-11T07:19:23.101+0000] {logging_mixin.py:151} INFO - [2023-10-11T07:19:23.101+0000] {dag.py:2915} INFO - Sync 1 DAGs
[2023-10-11T07:19:23.117+0000] {logging_mixin.py:151} INFO - [2023-10-11T07:19:23.117+0000] {dag.py:3696} INFO - Setting next_dagrun for example_nested_branch_dag to 2023-10-10T00:00:00+00:00, run_after=2023-10-11T00:00:00+00:00
[2023-10-11T07:19:23.129+0000] {processor.py:179} INFO - Processing /home/airflow/.local/lib/python3.8/site-packages/airflow/example_dags/example_nested_branch_dag.py took 0.097 seconds
[2023-10-11T07:19:53.795+0000] {processor.py:157} INFO - Started process (PID=8955) to work on /home/airflow/.local/lib/python3.8/site-packages/airflow/example_dags/example_nested_branch_dag.py
[2023-10-11T07:19:53.799+0000] {processor.py:829} INFO - Processing file /home/airflow/.local/lib/python3.8/site-packages/airflow/example_dags/example_nested_branch_dag.py for tasks to queue
[2023-10-11T07:19:53.800+0000] {logging_mixin.py:151} INFO - [2023-10-11T07:19:53.800+0000] {dagbag.py:539} INFO - Filling up the DagBag from /home/airflow/.local/lib/python3.8/site-packages/airflow/example_dags/example_nested_branch_dag.py
[2023-10-11T07:19:53.817+0000] {processor.py:839} INFO - DAG(s) dict_keys(['example_nested_branch_dag']) retrieved from /home/airflow/.local/lib/python3.8/site-packages/airflow/example_dags/example_nested_branch_dag.py
[2023-10-11T07:19:53.875+0000] {logging_mixin.py:151} INFO - [2023-10-11T07:19:53.875+0000] {dag.py:2915} INFO - Sync 1 DAGs
[2023-10-11T07:19:53.907+0000] {logging_mixin.py:151} INFO - [2023-10-11T07:19:53.907+0000] {dag.py:3696} INFO - Setting next_dagrun for example_nested_branch_dag to 2023-10-10T00:00:00+00:00, run_after=2023-10-11T00:00:00+00:00
[2023-10-11T07:19:53.951+0000] {processor.py:179} INFO - Processing /home/airflow/.local/lib/python3.8/site-packages/airflow/example_dags/example_nested_branch_dag.py took 0.178 seconds
[2023-10-11T07:20:24.132+0000] {processor.py:157} INFO - Started process (PID=9198) to work on /home/airflow/.local/lib/python3.8/site-packages/airflow/example_dags/example_nested_branch_dag.py
[2023-10-11T07:20:24.133+0000] {processor.py:829} INFO - Processing file /home/airflow/.local/lib/python3.8/site-packages/airflow/example_dags/example_nested_branch_dag.py for tasks to queue
[2023-10-11T07:20:24.135+0000] {logging_mixin.py:151} INFO - [2023-10-11T07:20:24.134+0000] {dagbag.py:539} INFO - Filling up the DagBag from /home/airflow/.local/lib/python3.8/site-packages/airflow/example_dags/example_nested_branch_dag.py
[2023-10-11T07:20:24.170+0000] {processor.py:839} INFO - DAG(s) dict_keys(['example_nested_branch_dag']) retrieved from /home/airflow/.local/lib/python3.8/site-packages/airflow/example_dags/example_nested_branch_dag.py
[2023-10-11T07:20:24.220+0000] {logging_mixin.py:151} INFO - [2023-10-11T07:20:24.220+0000] {dag.py:2915} INFO - Sync 1 DAGs
[2023-10-11T07:20:24.268+0000] {logging_mixin.py:151} INFO - [2023-10-11T07:20:24.268+0000] {dag.py:3696} INFO - Setting next_dagrun for example_nested_branch_dag to 2023-10-10T00:00:00+00:00, run_after=2023-10-11T00:00:00+00:00
[2023-10-11T07:20:24.299+0000] {processor.py:179} INFO - Processing /home/airflow/.local/lib/python3.8/site-packages/airflow/example_dags/example_nested_branch_dag.py took 0.173 seconds
[2023-10-11T07:20:54.906+0000] {processor.py:157} INFO - Started process (PID=9441) to work on /home/airflow/.local/lib/python3.8/site-packages/airflow/example_dags/example_nested_branch_dag.py
[2023-10-11T07:20:54.908+0000] {processor.py:829} INFO - Processing file /home/airflow/.local/lib/python3.8/site-packages/airflow/example_dags/example_nested_branch_dag.py for tasks to queue
[2023-10-11T07:20:54.911+0000] {logging_mixin.py:151} INFO - [2023-10-11T07:20:54.910+0000] {dagbag.py:539} INFO - Filling up the DagBag from /home/airflow/.local/lib/python3.8/site-packages/airflow/example_dags/example_nested_branch_dag.py
[2023-10-11T07:20:54.932+0000] {processor.py:839} INFO - DAG(s) dict_keys(['example_nested_branch_dag']) retrieved from /home/airflow/.local/lib/python3.8/site-packages/airflow/example_dags/example_nested_branch_dag.py
[2023-10-11T07:20:55.012+0000] {logging_mixin.py:151} INFO - [2023-10-11T07:20:55.012+0000] {dag.py:2915} INFO - Sync 1 DAGs
[2023-10-11T07:20:55.054+0000] {logging_mixin.py:151} INFO - [2023-10-11T07:20:55.054+0000] {dag.py:3696} INFO - Setting next_dagrun for example_nested_branch_dag to 2023-10-10T00:00:00+00:00, run_after=2023-10-11T00:00:00+00:00
[2023-10-11T07:20:55.107+0000] {processor.py:179} INFO - Processing /home/airflow/.local/lib/python3.8/site-packages/airflow/example_dags/example_nested_branch_dag.py took 0.209 seconds
[2023-10-11T07:21:25.873+0000] {processor.py:157} INFO - Started process (PID=9684) to work on /home/airflow/.local/lib/python3.8/site-packages/airflow/example_dags/example_nested_branch_dag.py
[2023-10-11T07:21:25.875+0000] {processor.py:829} INFO - Processing file /home/airflow/.local/lib/python3.8/site-packages/airflow/example_dags/example_nested_branch_dag.py for tasks to queue
[2023-10-11T07:21:25.876+0000] {logging_mixin.py:151} INFO - [2023-10-11T07:21:25.875+0000] {dagbag.py:539} INFO - Filling up the DagBag from /home/airflow/.local/lib/python3.8/site-packages/airflow/example_dags/example_nested_branch_dag.py
[2023-10-11T07:21:25.885+0000] {processor.py:839} INFO - DAG(s) dict_keys(['example_nested_branch_dag']) retrieved from /home/airflow/.local/lib/python3.8/site-packages/airflow/example_dags/example_nested_branch_dag.py
[2023-10-11T07:21:25.908+0000] {logging_mixin.py:151} INFO - [2023-10-11T07:21:25.908+0000] {dag.py:2915} INFO - Sync 1 DAGs
[2023-10-11T07:21:25.926+0000] {logging_mixin.py:151} INFO - [2023-10-11T07:21:25.925+0000] {dag.py:3696} INFO - Setting next_dagrun for example_nested_branch_dag to 2023-10-10T00:00:00+00:00, run_after=2023-10-11T00:00:00+00:00
[2023-10-11T07:21:25.937+0000] {processor.py:179} INFO - Processing /home/airflow/.local/lib/python3.8/site-packages/airflow/example_dags/example_nested_branch_dag.py took 0.068 seconds
[2023-10-11T07:21:56.568+0000] {processor.py:157} INFO - Started process (PID=9927) to work on /home/airflow/.local/lib/python3.8/site-packages/airflow/example_dags/example_nested_branch_dag.py
[2023-10-11T07:21:56.572+0000] {processor.py:829} INFO - Processing file /home/airflow/.local/lib/python3.8/site-packages/airflow/example_dags/example_nested_branch_dag.py for tasks to queue
[2023-10-11T07:21:56.575+0000] {logging_mixin.py:151} INFO - [2023-10-11T07:21:56.574+0000] {dagbag.py:539} INFO - Filling up the DagBag from /home/airflow/.local/lib/python3.8/site-packages/airflow/example_dags/example_nested_branch_dag.py
[2023-10-11T07:21:56.601+0000] {processor.py:839} INFO - DAG(s) dict_keys(['example_nested_branch_dag']) retrieved from /home/airflow/.local/lib/python3.8/site-packages/airflow/example_dags/example_nested_branch_dag.py
[2023-10-11T07:21:56.684+0000] {logging_mixin.py:151} INFO - [2023-10-11T07:21:56.683+0000] {dag.py:2915} INFO - Sync 1 DAGs
[2023-10-11T07:21:56.722+0000] {logging_mixin.py:151} INFO - [2023-10-11T07:21:56.722+0000] {dag.py:3696} INFO - Setting next_dagrun for example_nested_branch_dag to 2023-10-10T00:00:00+00:00, run_after=2023-10-11T00:00:00+00:00
[2023-10-11T07:21:56.749+0000] {processor.py:179} INFO - Processing /home/airflow/.local/lib/python3.8/site-packages/airflow/example_dags/example_nested_branch_dag.py took 0.194 seconds
[2023-10-11T07:22:26.819+0000] {processor.py:157} INFO - Started process (PID=10170) to work on /home/airflow/.local/lib/python3.8/site-packages/airflow/example_dags/example_nested_branch_dag.py
[2023-10-11T07:22:26.821+0000] {processor.py:829} INFO - Processing file /home/airflow/.local/lib/python3.8/site-packages/airflow/example_dags/example_nested_branch_dag.py for tasks to queue
[2023-10-11T07:22:26.821+0000] {logging_mixin.py:151} INFO - [2023-10-11T07:22:26.821+0000] {dagbag.py:539} INFO - Filling up the DagBag from /home/airflow/.local/lib/python3.8/site-packages/airflow/example_dags/example_nested_branch_dag.py
[2023-10-11T07:22:26.830+0000] {processor.py:839} INFO - DAG(s) dict_keys(['example_nested_branch_dag']) retrieved from /home/airflow/.local/lib/python3.8/site-packages/airflow/example_dags/example_nested_branch_dag.py
[2023-10-11T07:22:26.859+0000] {logging_mixin.py:151} INFO - [2023-10-11T07:22:26.858+0000] {dag.py:2915} INFO - Sync 1 DAGs
[2023-10-11T07:22:26.883+0000] {logging_mixin.py:151} INFO - [2023-10-11T07:22:26.883+0000] {dag.py:3696} INFO - Setting next_dagrun for example_nested_branch_dag to 2023-10-10T00:00:00+00:00, run_after=2023-10-11T00:00:00+00:00
[2023-10-11T07:22:26.894+0000] {processor.py:179} INFO - Processing /home/airflow/.local/lib/python3.8/site-packages/airflow/example_dags/example_nested_branch_dag.py took 0.079 seconds
[2023-10-11T07:22:57.085+0000] {processor.py:157} INFO - Started process (PID=10413) to work on /home/airflow/.local/lib/python3.8/site-packages/airflow/example_dags/example_nested_branch_dag.py
[2023-10-11T07:22:57.087+0000] {processor.py:829} INFO - Processing file /home/airflow/.local/lib/python3.8/site-packages/airflow/example_dags/example_nested_branch_dag.py for tasks to queue
[2023-10-11T07:22:57.088+0000] {logging_mixin.py:151} INFO - [2023-10-11T07:22:57.087+0000] {dagbag.py:539} INFO - Filling up the DagBag from /home/airflow/.local/lib/python3.8/site-packages/airflow/example_dags/example_nested_branch_dag.py
[2023-10-11T07:22:57.098+0000] {processor.py:839} INFO - DAG(s) dict_keys(['example_nested_branch_dag']) retrieved from /home/airflow/.local/lib/python3.8/site-packages/airflow/example_dags/example_nested_branch_dag.py
[2023-10-11T07:22:57.116+0000] {logging_mixin.py:151} INFO - [2023-10-11T07:22:57.116+0000] {dag.py:2915} INFO - Sync 1 DAGs
[2023-10-11T07:22:57.140+0000] {logging_mixin.py:151} INFO - [2023-10-11T07:22:57.139+0000] {dag.py:3696} INFO - Setting next_dagrun for example_nested_branch_dag to 2023-10-10T00:00:00+00:00, run_after=2023-10-11T00:00:00+00:00
[2023-10-11T07:22:57.182+0000] {processor.py:179} INFO - Processing /home/airflow/.local/lib/python3.8/site-packages/airflow/example_dags/example_nested_branch_dag.py took 0.100 seconds
[2023-10-11T07:23:27.274+0000] {processor.py:157} INFO - Started process (PID=10661) to work on /home/airflow/.local/lib/python3.8/site-packages/airflow/example_dags/example_nested_branch_dag.py
[2023-10-11T07:23:27.275+0000] {processor.py:829} INFO - Processing file /home/airflow/.local/lib/python3.8/site-packages/airflow/example_dags/example_nested_branch_dag.py for tasks to queue
[2023-10-11T07:23:27.276+0000] {logging_mixin.py:151} INFO - [2023-10-11T07:23:27.275+0000] {dagbag.py:539} INFO - Filling up the DagBag from /home/airflow/.local/lib/python3.8/site-packages/airflow/example_dags/example_nested_branch_dag.py
[2023-10-11T07:23:27.283+0000] {processor.py:839} INFO - DAG(s) dict_keys(['example_nested_branch_dag']) retrieved from /home/airflow/.local/lib/python3.8/site-packages/airflow/example_dags/example_nested_branch_dag.py
[2023-10-11T07:23:27.296+0000] {logging_mixin.py:151} INFO - [2023-10-11T07:23:27.296+0000] {dag.py:2915} INFO - Sync 1 DAGs
[2023-10-11T07:23:27.309+0000] {logging_mixin.py:151} INFO - [2023-10-11T07:23:27.308+0000] {dag.py:3696} INFO - Setting next_dagrun for example_nested_branch_dag to 2023-10-10T00:00:00+00:00, run_after=2023-10-11T00:00:00+00:00
[2023-10-11T07:23:27.318+0000] {processor.py:179} INFO - Processing /home/airflow/.local/lib/python3.8/site-packages/airflow/example_dags/example_nested_branch_dag.py took 0.048 seconds
[2023-10-11T07:23:57.395+0000] {processor.py:157} INFO - Started process (PID=10899) to work on /home/airflow/.local/lib/python3.8/site-packages/airflow/example_dags/example_nested_branch_dag.py
[2023-10-11T07:23:57.397+0000] {processor.py:829} INFO - Processing file /home/airflow/.local/lib/python3.8/site-packages/airflow/example_dags/example_nested_branch_dag.py for tasks to queue
[2023-10-11T07:23:57.398+0000] {logging_mixin.py:151} INFO - [2023-10-11T07:23:57.397+0000] {dagbag.py:539} INFO - Filling up the DagBag from /home/airflow/.local/lib/python3.8/site-packages/airflow/example_dags/example_nested_branch_dag.py
[2023-10-11T07:23:57.405+0000] {processor.py:839} INFO - DAG(s) dict_keys(['example_nested_branch_dag']) retrieved from /home/airflow/.local/lib/python3.8/site-packages/airflow/example_dags/example_nested_branch_dag.py
[2023-10-11T07:23:57.421+0000] {logging_mixin.py:151} INFO - [2023-10-11T07:23:57.421+0000] {dag.py:2915} INFO - Sync 1 DAGs
[2023-10-11T07:23:57.435+0000] {logging_mixin.py:151} INFO - [2023-10-11T07:23:57.435+0000] {dag.py:3696} INFO - Setting next_dagrun for example_nested_branch_dag to 2023-10-10T00:00:00+00:00, run_after=2023-10-11T00:00:00+00:00
[2023-10-11T07:23:57.451+0000] {processor.py:179} INFO - Processing /home/airflow/.local/lib/python3.8/site-packages/airflow/example_dags/example_nested_branch_dag.py took 0.059 seconds
[2023-10-11T07:24:27.832+0000] {processor.py:157} INFO - Started process (PID=11142) to work on /home/airflow/.local/lib/python3.8/site-packages/airflow/example_dags/example_nested_branch_dag.py
[2023-10-11T07:24:27.834+0000] {processor.py:829} INFO - Processing file /home/airflow/.local/lib/python3.8/site-packages/airflow/example_dags/example_nested_branch_dag.py for tasks to queue
[2023-10-11T07:24:27.835+0000] {logging_mixin.py:151} INFO - [2023-10-11T07:24:27.834+0000] {dagbag.py:539} INFO - Filling up the DagBag from /home/airflow/.local/lib/python3.8/site-packages/airflow/example_dags/example_nested_branch_dag.py
[2023-10-11T07:24:27.842+0000] {processor.py:839} INFO - DAG(s) dict_keys(['example_nested_branch_dag']) retrieved from /home/airflow/.local/lib/python3.8/site-packages/airflow/example_dags/example_nested_branch_dag.py
[2023-10-11T07:24:27.868+0000] {logging_mixin.py:151} INFO - [2023-10-11T07:24:27.868+0000] {dag.py:2915} INFO - Sync 1 DAGs
[2023-10-11T07:24:27.889+0000] {logging_mixin.py:151} INFO - [2023-10-11T07:24:27.889+0000] {dag.py:3696} INFO - Setting next_dagrun for example_nested_branch_dag to 2023-10-10T00:00:00+00:00, run_after=2023-10-11T00:00:00+00:00
[2023-10-11T07:24:27.902+0000] {processor.py:179} INFO - Processing /home/airflow/.local/lib/python3.8/site-packages/airflow/example_dags/example_nested_branch_dag.py took 0.073 seconds
[2023-10-11T07:24:57.984+0000] {processor.py:157} INFO - Started process (PID=11385) to work on /home/airflow/.local/lib/python3.8/site-packages/airflow/example_dags/example_nested_branch_dag.py
[2023-10-11T07:24:57.985+0000] {processor.py:829} INFO - Processing file /home/airflow/.local/lib/python3.8/site-packages/airflow/example_dags/example_nested_branch_dag.py for tasks to queue
[2023-10-11T07:24:57.986+0000] {logging_mixin.py:151} INFO - [2023-10-11T07:24:57.986+0000] {dagbag.py:539} INFO - Filling up the DagBag from /home/airflow/.local/lib/python3.8/site-packages/airflow/example_dags/example_nested_branch_dag.py
[2023-10-11T07:24:57.996+0000] {processor.py:839} INFO - DAG(s) dict_keys(['example_nested_branch_dag']) retrieved from /home/airflow/.local/lib/python3.8/site-packages/airflow/example_dags/example_nested_branch_dag.py
[2023-10-11T07:24:58.018+0000] {logging_mixin.py:151} INFO - [2023-10-11T07:24:58.018+0000] {dag.py:2915} INFO - Sync 1 DAGs
[2023-10-11T07:24:58.038+0000] {logging_mixin.py:151} INFO - [2023-10-11T07:24:58.038+0000] {dag.py:3696} INFO - Setting next_dagrun for example_nested_branch_dag to 2023-10-10T00:00:00+00:00, run_after=2023-10-11T00:00:00+00:00
[2023-10-11T07:24:58.080+0000] {processor.py:179} INFO - Processing /home/airflow/.local/lib/python3.8/site-packages/airflow/example_dags/example_nested_branch_dag.py took 0.100 seconds
[2023-10-11T07:25:28.439+0000] {processor.py:157} INFO - Started process (PID=11628) to work on /home/airflow/.local/lib/python3.8/site-packages/airflow/example_dags/example_nested_branch_dag.py
[2023-10-11T07:25:28.441+0000] {processor.py:829} INFO - Processing file /home/airflow/.local/lib/python3.8/site-packages/airflow/example_dags/example_nested_branch_dag.py for tasks to queue
[2023-10-11T07:25:28.454+0000] {logging_mixin.py:151} INFO - [2023-10-11T07:25:28.454+0000] {dagbag.py:539} INFO - Filling up the DagBag from /home/airflow/.local/lib/python3.8/site-packages/airflow/example_dags/example_nested_branch_dag.py
[2023-10-11T07:25:28.509+0000] {processor.py:839} INFO - DAG(s) dict_keys(['example_nested_branch_dag']) retrieved from /home/airflow/.local/lib/python3.8/site-packages/airflow/example_dags/example_nested_branch_dag.py
[2023-10-11T07:25:28.582+0000] {logging_mixin.py:151} INFO - [2023-10-11T07:25:28.582+0000] {dag.py:2915} INFO - Sync 1 DAGs
[2023-10-11T07:25:28.620+0000] {logging_mixin.py:151} INFO - [2023-10-11T07:25:28.620+0000] {dag.py:3696} INFO - Setting next_dagrun for example_nested_branch_dag to 2023-10-10T00:00:00+00:00, run_after=2023-10-11T00:00:00+00:00
[2023-10-11T07:25:28.642+0000] {processor.py:179} INFO - Processing /home/airflow/.local/lib/python3.8/site-packages/airflow/example_dags/example_nested_branch_dag.py took 0.211 seconds
[2023-10-11T07:25:59.112+0000] {processor.py:157} INFO - Started process (PID=11871) to work on /home/airflow/.local/lib/python3.8/site-packages/airflow/example_dags/example_nested_branch_dag.py
[2023-10-11T07:25:59.113+0000] {processor.py:829} INFO - Processing file /home/airflow/.local/lib/python3.8/site-packages/airflow/example_dags/example_nested_branch_dag.py for tasks to queue
[2023-10-11T07:25:59.114+0000] {logging_mixin.py:151} INFO - [2023-10-11T07:25:59.113+0000] {dagbag.py:539} INFO - Filling up the DagBag from /home/airflow/.local/lib/python3.8/site-packages/airflow/example_dags/example_nested_branch_dag.py
[2023-10-11T07:25:59.122+0000] {processor.py:839} INFO - DAG(s) dict_keys(['example_nested_branch_dag']) retrieved from /home/airflow/.local/lib/python3.8/site-packages/airflow/example_dags/example_nested_branch_dag.py
[2023-10-11T07:25:59.142+0000] {logging_mixin.py:151} INFO - [2023-10-11T07:25:59.142+0000] {dag.py:2915} INFO - Sync 1 DAGs
[2023-10-11T07:25:59.175+0000] {logging_mixin.py:151} INFO - [2023-10-11T07:25:59.174+0000] {dag.py:3696} INFO - Setting next_dagrun for example_nested_branch_dag to 2023-10-10T00:00:00+00:00, run_after=2023-10-11T00:00:00+00:00
[2023-10-11T07:25:59.202+0000] {processor.py:179} INFO - Processing /home/airflow/.local/lib/python3.8/site-packages/airflow/example_dags/example_nested_branch_dag.py took 0.093 seconds
[2023-10-11T07:26:29.581+0000] {processor.py:157} INFO - Started process (PID=12114) to work on /home/airflow/.local/lib/python3.8/site-packages/airflow/example_dags/example_nested_branch_dag.py
[2023-10-11T07:26:29.582+0000] {processor.py:829} INFO - Processing file /home/airflow/.local/lib/python3.8/site-packages/airflow/example_dags/example_nested_branch_dag.py for tasks to queue
[2023-10-11T07:26:29.582+0000] {logging_mixin.py:151} INFO - [2023-10-11T07:26:29.582+0000] {dagbag.py:539} INFO - Filling up the DagBag from /home/airflow/.local/lib/python3.8/site-packages/airflow/example_dags/example_nested_branch_dag.py
[2023-10-11T07:26:29.590+0000] {processor.py:839} INFO - DAG(s) dict_keys(['example_nested_branch_dag']) retrieved from /home/airflow/.local/lib/python3.8/site-packages/airflow/example_dags/example_nested_branch_dag.py
[2023-10-11T07:26:29.607+0000] {logging_mixin.py:151} INFO - [2023-10-11T07:26:29.607+0000] {dag.py:2915} INFO - Sync 1 DAGs
[2023-10-11T07:26:29.624+0000] {logging_mixin.py:151} INFO - [2023-10-11T07:26:29.624+0000] {dag.py:3696} INFO - Setting next_dagrun for example_nested_branch_dag to 2023-10-10T00:00:00+00:00, run_after=2023-10-11T00:00:00+00:00
[2023-10-11T07:26:29.638+0000] {processor.py:179} INFO - Processing /home/airflow/.local/lib/python3.8/site-packages/airflow/example_dags/example_nested_branch_dag.py took 0.061 seconds
[2023-10-11T07:27:00.135+0000] {processor.py:157} INFO - Started process (PID=12357) to work on /home/airflow/.local/lib/python3.8/site-packages/airflow/example_dags/example_nested_branch_dag.py
[2023-10-11T07:27:00.136+0000] {processor.py:829} INFO - Processing file /home/airflow/.local/lib/python3.8/site-packages/airflow/example_dags/example_nested_branch_dag.py for tasks to queue
[2023-10-11T07:27:00.137+0000] {logging_mixin.py:151} INFO - [2023-10-11T07:27:00.137+0000] {dagbag.py:539} INFO - Filling up the DagBag from /home/airflow/.local/lib/python3.8/site-packages/airflow/example_dags/example_nested_branch_dag.py
[2023-10-11T07:27:00.175+0000] {processor.py:839} INFO - DAG(s) dict_keys(['example_nested_branch_dag']) retrieved from /home/airflow/.local/lib/python3.8/site-packages/airflow/example_dags/example_nested_branch_dag.py
[2023-10-11T07:27:00.197+0000] {logging_mixin.py:151} INFO - [2023-10-11T07:27:00.196+0000] {dag.py:2915} INFO - Sync 1 DAGs
[2023-10-11T07:27:00.218+0000] {logging_mixin.py:151} INFO - [2023-10-11T07:27:00.217+0000] {dag.py:3696} INFO - Setting next_dagrun for example_nested_branch_dag to 2023-10-10T00:00:00+00:00, run_after=2023-10-11T00:00:00+00:00
[2023-10-11T07:27:00.232+0000] {processor.py:179} INFO - Processing /home/airflow/.local/lib/python3.8/site-packages/airflow/example_dags/example_nested_branch_dag.py took 0.100 seconds
[2023-10-11T07:27:30.911+0000] {processor.py:157} INFO - Started process (PID=12600) to work on /home/airflow/.local/lib/python3.8/site-packages/airflow/example_dags/example_nested_branch_dag.py
[2023-10-11T07:27:30.911+0000] {processor.py:829} INFO - Processing file /home/airflow/.local/lib/python3.8/site-packages/airflow/example_dags/example_nested_branch_dag.py for tasks to queue
[2023-10-11T07:27:30.912+0000] {logging_mixin.py:151} INFO - [2023-10-11T07:27:30.912+0000] {dagbag.py:539} INFO - Filling up the DagBag from /home/airflow/.local/lib/python3.8/site-packages/airflow/example_dags/example_nested_branch_dag.py
[2023-10-11T07:27:30.919+0000] {processor.py:839} INFO - DAG(s) dict_keys(['example_nested_branch_dag']) retrieved from /home/airflow/.local/lib/python3.8/site-packages/airflow/example_dags/example_nested_branch_dag.py
[2023-10-11T07:27:30.934+0000] {logging_mixin.py:151} INFO - [2023-10-11T07:27:30.933+0000] {dag.py:2915} INFO - Sync 1 DAGs
[2023-10-11T07:27:30.951+0000] {logging_mixin.py:151} INFO - [2023-10-11T07:27:30.951+0000] {dag.py:3696} INFO - Setting next_dagrun for example_nested_branch_dag to 2023-10-10T00:00:00+00:00, run_after=2023-10-11T00:00:00+00:00
[2023-10-11T07:27:30.972+0000] {processor.py:179} INFO - Processing /home/airflow/.local/lib/python3.8/site-packages/airflow/example_dags/example_nested_branch_dag.py took 0.064 seconds
[2023-10-11T07:28:01.077+0000] {processor.py:157} INFO - Started process (PID=12843) to work on /home/airflow/.local/lib/python3.8/site-packages/airflow/example_dags/example_nested_branch_dag.py
[2023-10-11T07:28:01.078+0000] {processor.py:829} INFO - Processing file /home/airflow/.local/lib/python3.8/site-packages/airflow/example_dags/example_nested_branch_dag.py for tasks to queue
[2023-10-11T07:28:01.078+0000] {logging_mixin.py:151} INFO - [2023-10-11T07:28:01.078+0000] {dagbag.py:539} INFO - Filling up the DagBag from /home/airflow/.local/lib/python3.8/site-packages/airflow/example_dags/example_nested_branch_dag.py
[2023-10-11T07:28:01.085+0000] {processor.py:839} INFO - DAG(s) dict_keys(['example_nested_branch_dag']) retrieved from /home/airflow/.local/lib/python3.8/site-packages/airflow/example_dags/example_nested_branch_dag.py
[2023-10-11T07:28:01.098+0000] {logging_mixin.py:151} INFO - [2023-10-11T07:28:01.097+0000] {dag.py:2915} INFO - Sync 1 DAGs
[2023-10-11T07:28:01.110+0000] {logging_mixin.py:151} INFO - [2023-10-11T07:28:01.110+0000] {dag.py:3696} INFO - Setting next_dagrun for example_nested_branch_dag to 2023-10-10T00:00:00+00:00, run_after=2023-10-11T00:00:00+00:00
[2023-10-11T07:28:01.119+0000] {processor.py:179} INFO - Processing /home/airflow/.local/lib/python3.8/site-packages/airflow/example_dags/example_nested_branch_dag.py took 0.045 seconds
[2023-10-11T07:28:31.389+0000] {processor.py:157} INFO - Started process (PID=13086) to work on /home/airflow/.local/lib/python3.8/site-packages/airflow/example_dags/example_nested_branch_dag.py
[2023-10-11T07:28:31.390+0000] {processor.py:829} INFO - Processing file /home/airflow/.local/lib/python3.8/site-packages/airflow/example_dags/example_nested_branch_dag.py for tasks to queue
[2023-10-11T07:28:31.390+0000] {logging_mixin.py:151} INFO - [2023-10-11T07:28:31.390+0000] {dagbag.py:539} INFO - Filling up the DagBag from /home/airflow/.local/lib/python3.8/site-packages/airflow/example_dags/example_nested_branch_dag.py
[2023-10-11T07:28:31.398+0000] {processor.py:839} INFO - DAG(s) dict_keys(['example_nested_branch_dag']) retrieved from /home/airflow/.local/lib/python3.8/site-packages/airflow/example_dags/example_nested_branch_dag.py
[2023-10-11T07:28:31.412+0000] {logging_mixin.py:151} INFO - [2023-10-11T07:28:31.412+0000] {dag.py:2915} INFO - Sync 1 DAGs
[2023-10-11T07:28:31.424+0000] {logging_mixin.py:151} INFO - [2023-10-11T07:28:31.424+0000] {dag.py:3696} INFO - Setting next_dagrun for example_nested_branch_dag to 2023-10-10T00:00:00+00:00, run_after=2023-10-11T00:00:00+00:00
[2023-10-11T07:28:31.433+0000] {processor.py:179} INFO - Processing /home/airflow/.local/lib/python3.8/site-packages/airflow/example_dags/example_nested_branch_dag.py took 0.048 seconds
