[2023-10-11T07:01:31.999+0000] {processor.py:157} INFO - Started process (PID=235) to work on /home/airflow/.local/lib/python3.8/site-packages/airflow/example_dags/example_kubernetes_executor.py
[2023-10-11T07:01:32.001+0000] {processor.py:829} INFO - Processing file /home/airflow/.local/lib/python3.8/site-packages/airflow/example_dags/example_kubernetes_executor.py for tasks to queue
[2023-10-11T07:01:32.001+0000] {logging_mixin.py:151} INFO - [2023-10-11T07:01:32.001+0000] {dagbag.py:539} INFO - Filling up the DagBag from /home/airflow/.local/lib/python3.8/site-packages/airflow/example_dags/example_kubernetes_executor.py
[2023-10-11T07:01:33.567+0000] {processor.py:839} INFO - DAG(s) dict_keys(['example_kubernetes_executor']) retrieved from /home/airflow/.local/lib/python3.8/site-packages/airflow/example_dags/example_kubernetes_executor.py
[2023-10-11T07:01:33.686+0000] {logging_mixin.py:151} INFO - [2023-10-11T07:01:33.686+0000] {manager.py:499} INFO - Created Permission View: %s
[2023-10-11T07:01:33.705+0000] {logging_mixin.py:151} INFO - [2023-10-11T07:01:33.705+0000] {manager.py:499} INFO - Created Permission View: %s
[2023-10-11T07:01:33.711+0000] {logging_mixin.py:151} INFO - [2023-10-11T07:01:33.711+0000] {manager.py:499} INFO - Created Permission View: %s
[2023-10-11T07:01:33.712+0000] {logging_mixin.py:151} INFO - [2023-10-11T07:01:33.712+0000] {security.py:708} INFO - Not syncing DAG-level permissions for DAG 'DAG:example_kubernetes_executor' as access control is unset.
[2023-10-11T07:01:33.713+0000] {logging_mixin.py:151} INFO - [2023-10-11T07:01:33.713+0000] {dag.py:2915} INFO - Sync 1 DAGs
[2023-10-11T07:01:33.720+0000] {logging_mixin.py:151} INFO - [2023-10-11T07:01:33.720+0000] {dag.py:2937} INFO - Creating ORM DAG for example_kubernetes_executor
[2023-10-11T07:01:33.721+0000] {logging_mixin.py:151} INFO - [2023-10-11T07:01:33.721+0000] {dag.py:3696} INFO - Setting next_dagrun for example_kubernetes_executor to None, run_after=None
[2023-10-11T07:01:33.737+0000] {processor.py:179} INFO - Processing /home/airflow/.local/lib/python3.8/site-packages/airflow/example_dags/example_kubernetes_executor.py took 1.741 seconds
[2023-10-11T07:02:04.248+0000] {processor.py:157} INFO - Started process (PID=486) to work on /home/airflow/.local/lib/python3.8/site-packages/airflow/example_dags/example_kubernetes_executor.py
[2023-10-11T07:02:04.250+0000] {processor.py:829} INFO - Processing file /home/airflow/.local/lib/python3.8/site-packages/airflow/example_dags/example_kubernetes_executor.py for tasks to queue
[2023-10-11T07:02:04.251+0000] {logging_mixin.py:151} INFO - [2023-10-11T07:02:04.251+0000] {dagbag.py:539} INFO - Filling up the DagBag from /home/airflow/.local/lib/python3.8/site-packages/airflow/example_dags/example_kubernetes_executor.py
[2023-10-11T07:02:04.549+0000] {processor.py:839} INFO - DAG(s) dict_keys(['example_kubernetes_executor']) retrieved from /home/airflow/.local/lib/python3.8/site-packages/airflow/example_dags/example_kubernetes_executor.py
[2023-10-11T07:02:04.614+0000] {logging_mixin.py:151} INFO - [2023-10-11T07:02:04.613+0000] {dag.py:2915} INFO - Sync 1 DAGs
[2023-10-11T07:02:04.630+0000] {logging_mixin.py:151} INFO - [2023-10-11T07:02:04.630+0000] {dag.py:3696} INFO - Setting next_dagrun for example_kubernetes_executor to None, run_after=None
[2023-10-11T07:02:04.651+0000] {processor.py:179} INFO - Processing /home/airflow/.local/lib/python3.8/site-packages/airflow/example_dags/example_kubernetes_executor.py took 0.408 seconds
[2023-10-11T07:02:35.137+0000] {processor.py:157} INFO - Started process (PID=723) to work on /home/airflow/.local/lib/python3.8/site-packages/airflow/example_dags/example_kubernetes_executor.py
[2023-10-11T07:02:35.138+0000] {processor.py:829} INFO - Processing file /home/airflow/.local/lib/python3.8/site-packages/airflow/example_dags/example_kubernetes_executor.py for tasks to queue
[2023-10-11T07:02:35.138+0000] {logging_mixin.py:151} INFO - [2023-10-11T07:02:35.138+0000] {dagbag.py:539} INFO - Filling up the DagBag from /home/airflow/.local/lib/python3.8/site-packages/airflow/example_dags/example_kubernetes_executor.py
[2023-10-11T07:02:35.398+0000] {processor.py:839} INFO - DAG(s) dict_keys(['example_kubernetes_executor']) retrieved from /home/airflow/.local/lib/python3.8/site-packages/airflow/example_dags/example_kubernetes_executor.py
[2023-10-11T07:02:35.445+0000] {logging_mixin.py:151} INFO - [2023-10-11T07:02:35.444+0000] {dag.py:2915} INFO - Sync 1 DAGs
[2023-10-11T07:02:35.470+0000] {logging_mixin.py:151} INFO - [2023-10-11T07:02:35.470+0000] {dag.py:3696} INFO - Setting next_dagrun for example_kubernetes_executor to None, run_after=None
[2023-10-11T07:02:35.495+0000] {processor.py:179} INFO - Processing /home/airflow/.local/lib/python3.8/site-packages/airflow/example_dags/example_kubernetes_executor.py took 0.361 seconds
[2023-10-11T07:03:06.129+0000] {processor.py:157} INFO - Started process (PID=961) to work on /home/airflow/.local/lib/python3.8/site-packages/airflow/example_dags/example_kubernetes_executor.py
[2023-10-11T07:03:06.131+0000] {processor.py:829} INFO - Processing file /home/airflow/.local/lib/python3.8/site-packages/airflow/example_dags/example_kubernetes_executor.py for tasks to queue
[2023-10-11T07:03:06.132+0000] {logging_mixin.py:151} INFO - [2023-10-11T07:03:06.131+0000] {dagbag.py:539} INFO - Filling up the DagBag from /home/airflow/.local/lib/python3.8/site-packages/airflow/example_dags/example_kubernetes_executor.py
[2023-10-11T07:03:06.415+0000] {processor.py:839} INFO - DAG(s) dict_keys(['example_kubernetes_executor']) retrieved from /home/airflow/.local/lib/python3.8/site-packages/airflow/example_dags/example_kubernetes_executor.py
[2023-10-11T07:03:06.441+0000] {logging_mixin.py:151} INFO - [2023-10-11T07:03:06.441+0000] {dag.py:2915} INFO - Sync 1 DAGs
[2023-10-11T07:03:06.449+0000] {logging_mixin.py:151} INFO - [2023-10-11T07:03:06.449+0000] {dag.py:3696} INFO - Setting next_dagrun for example_kubernetes_executor to None, run_after=None
[2023-10-11T07:03:06.473+0000] {processor.py:179} INFO - Processing /home/airflow/.local/lib/python3.8/site-packages/airflow/example_dags/example_kubernetes_executor.py took 0.348 seconds
[2023-10-11T07:03:36.925+0000] {processor.py:157} INFO - Started process (PID=1199) to work on /home/airflow/.local/lib/python3.8/site-packages/airflow/example_dags/example_kubernetes_executor.py
[2023-10-11T07:03:36.926+0000] {processor.py:829} INFO - Processing file /home/airflow/.local/lib/python3.8/site-packages/airflow/example_dags/example_kubernetes_executor.py for tasks to queue
[2023-10-11T07:03:36.927+0000] {logging_mixin.py:151} INFO - [2023-10-11T07:03:36.927+0000] {dagbag.py:539} INFO - Filling up the DagBag from /home/airflow/.local/lib/python3.8/site-packages/airflow/example_dags/example_kubernetes_executor.py
[2023-10-11T07:03:37.167+0000] {processor.py:839} INFO - DAG(s) dict_keys(['example_kubernetes_executor']) retrieved from /home/airflow/.local/lib/python3.8/site-packages/airflow/example_dags/example_kubernetes_executor.py
[2023-10-11T07:03:37.206+0000] {logging_mixin.py:151} INFO - [2023-10-11T07:03:37.205+0000] {dag.py:2915} INFO - Sync 1 DAGs
[2023-10-11T07:03:37.214+0000] {logging_mixin.py:151} INFO - [2023-10-11T07:03:37.214+0000] {dag.py:3696} INFO - Setting next_dagrun for example_kubernetes_executor to None, run_after=None
[2023-10-11T07:03:37.225+0000] {processor.py:179} INFO - Processing /home/airflow/.local/lib/python3.8/site-packages/airflow/example_dags/example_kubernetes_executor.py took 0.305 seconds
[2023-10-11T07:04:07.331+0000] {processor.py:157} INFO - Started process (PID=1450) to work on /home/airflow/.local/lib/python3.8/site-packages/airflow/example_dags/example_kubernetes_executor.py
[2023-10-11T07:04:07.332+0000] {processor.py:829} INFO - Processing file /home/airflow/.local/lib/python3.8/site-packages/airflow/example_dags/example_kubernetes_executor.py for tasks to queue
[2023-10-11T07:04:07.333+0000] {logging_mixin.py:151} INFO - [2023-10-11T07:04:07.333+0000] {dagbag.py:539} INFO - Filling up the DagBag from /home/airflow/.local/lib/python3.8/site-packages/airflow/example_dags/example_kubernetes_executor.py
[2023-10-11T07:04:07.673+0000] {processor.py:839} INFO - DAG(s) dict_keys(['example_kubernetes_executor']) retrieved from /home/airflow/.local/lib/python3.8/site-packages/airflow/example_dags/example_kubernetes_executor.py
[2023-10-11T07:04:07.743+0000] {logging_mixin.py:151} INFO - [2023-10-11T07:04:07.742+0000] {dag.py:2915} INFO - Sync 1 DAGs
[2023-10-11T07:04:07.788+0000] {logging_mixin.py:151} INFO - [2023-10-11T07:04:07.787+0000] {dag.py:3696} INFO - Setting next_dagrun for example_kubernetes_executor to None, run_after=None
[2023-10-11T07:04:07.801+0000] {processor.py:179} INFO - Processing /home/airflow/.local/lib/python3.8/site-packages/airflow/example_dags/example_kubernetes_executor.py took 0.473 seconds
[2023-10-11T07:04:37.842+0000] {processor.py:157} INFO - Started process (PID=1663) to work on /home/airflow/.local/lib/python3.8/site-packages/airflow/example_dags/example_kubernetes_executor.py
[2023-10-11T07:04:37.843+0000] {processor.py:829} INFO - Processing file /home/airflow/.local/lib/python3.8/site-packages/airflow/example_dags/example_kubernetes_executor.py for tasks to queue
[2023-10-11T07:04:37.844+0000] {logging_mixin.py:151} INFO - [2023-10-11T07:04:37.843+0000] {dagbag.py:539} INFO - Filling up the DagBag from /home/airflow/.local/lib/python3.8/site-packages/airflow/example_dags/example_kubernetes_executor.py
[2023-10-11T07:04:38.104+0000] {processor.py:839} INFO - DAG(s) dict_keys(['example_kubernetes_executor']) retrieved from /home/airflow/.local/lib/python3.8/site-packages/airflow/example_dags/example_kubernetes_executor.py
[2023-10-11T07:04:38.135+0000] {logging_mixin.py:151} INFO - [2023-10-11T07:04:38.135+0000] {dag.py:2915} INFO - Sync 1 DAGs
[2023-10-11T07:04:38.143+0000] {logging_mixin.py:151} INFO - [2023-10-11T07:04:38.143+0000] {dag.py:3696} INFO - Setting next_dagrun for example_kubernetes_executor to None, run_after=None
[2023-10-11T07:04:38.202+0000] {processor.py:179} INFO - Processing /home/airflow/.local/lib/python3.8/site-packages/airflow/example_dags/example_kubernetes_executor.py took 0.362 seconds
[2023-10-11T07:05:08.442+0000] {processor.py:157} INFO - Started process (PID=1901) to work on /home/airflow/.local/lib/python3.8/site-packages/airflow/example_dags/example_kubernetes_executor.py
[2023-10-11T07:05:08.443+0000] {processor.py:829} INFO - Processing file /home/airflow/.local/lib/python3.8/site-packages/airflow/example_dags/example_kubernetes_executor.py for tasks to queue
[2023-10-11T07:05:08.444+0000] {logging_mixin.py:151} INFO - [2023-10-11T07:05:08.443+0000] {dagbag.py:539} INFO - Filling up the DagBag from /home/airflow/.local/lib/python3.8/site-packages/airflow/example_dags/example_kubernetes_executor.py
[2023-10-11T07:05:08.773+0000] {processor.py:839} INFO - DAG(s) dict_keys(['example_kubernetes_executor']) retrieved from /home/airflow/.local/lib/python3.8/site-packages/airflow/example_dags/example_kubernetes_executor.py
[2023-10-11T07:05:08.815+0000] {logging_mixin.py:151} INFO - [2023-10-11T07:05:08.815+0000] {dag.py:2915} INFO - Sync 1 DAGs
[2023-10-11T07:05:08.823+0000] {logging_mixin.py:151} INFO - [2023-10-11T07:05:08.823+0000] {dag.py:3696} INFO - Setting next_dagrun for example_kubernetes_executor to None, run_after=None
[2023-10-11T07:05:08.834+0000] {processor.py:179} INFO - Processing /home/airflow/.local/lib/python3.8/site-packages/airflow/example_dags/example_kubernetes_executor.py took 0.396 seconds
[2023-10-11T07:05:39.432+0000] {processor.py:157} INFO - Started process (PID=2139) to work on /home/airflow/.local/lib/python3.8/site-packages/airflow/example_dags/example_kubernetes_executor.py
[2023-10-11T07:05:39.433+0000] {processor.py:829} INFO - Processing file /home/airflow/.local/lib/python3.8/site-packages/airflow/example_dags/example_kubernetes_executor.py for tasks to queue
[2023-10-11T07:05:39.433+0000] {logging_mixin.py:151} INFO - [2023-10-11T07:05:39.433+0000] {dagbag.py:539} INFO - Filling up the DagBag from /home/airflow/.local/lib/python3.8/site-packages/airflow/example_dags/example_kubernetes_executor.py
[2023-10-11T07:05:39.629+0000] {processor.py:839} INFO - DAG(s) dict_keys(['example_kubernetes_executor']) retrieved from /home/airflow/.local/lib/python3.8/site-packages/airflow/example_dags/example_kubernetes_executor.py
[2023-10-11T07:05:39.652+0000] {logging_mixin.py:151} INFO - [2023-10-11T07:05:39.651+0000] {dag.py:2915} INFO - Sync 1 DAGs
[2023-10-11T07:05:39.660+0000] {logging_mixin.py:151} INFO - [2023-10-11T07:05:39.660+0000] {dag.py:3696} INFO - Setting next_dagrun for example_kubernetes_executor to None, run_after=None
[2023-10-11T07:05:39.677+0000] {processor.py:179} INFO - Processing /home/airflow/.local/lib/python3.8/site-packages/airflow/example_dags/example_kubernetes_executor.py took 0.247 seconds
[2023-10-11T07:06:09.781+0000] {processor.py:157} INFO - Started process (PID=2377) to work on /home/airflow/.local/lib/python3.8/site-packages/airflow/example_dags/example_kubernetes_executor.py
[2023-10-11T07:06:09.782+0000] {processor.py:829} INFO - Processing file /home/airflow/.local/lib/python3.8/site-packages/airflow/example_dags/example_kubernetes_executor.py for tasks to queue
[2023-10-11T07:06:09.783+0000] {logging_mixin.py:151} INFO - [2023-10-11T07:06:09.782+0000] {dagbag.py:539} INFO - Filling up the DagBag from /home/airflow/.local/lib/python3.8/site-packages/airflow/example_dags/example_kubernetes_executor.py
[2023-10-11T07:06:10.002+0000] {processor.py:839} INFO - DAG(s) dict_keys(['example_kubernetes_executor']) retrieved from /home/airflow/.local/lib/python3.8/site-packages/airflow/example_dags/example_kubernetes_executor.py
[2023-10-11T07:06:10.025+0000] {logging_mixin.py:151} INFO - [2023-10-11T07:06:10.025+0000] {dag.py:2915} INFO - Sync 1 DAGs
[2023-10-11T07:06:10.033+0000] {logging_mixin.py:151} INFO - [2023-10-11T07:06:10.033+0000] {dag.py:3696} INFO - Setting next_dagrun for example_kubernetes_executor to None, run_after=None
[2023-10-11T07:06:10.042+0000] {processor.py:179} INFO - Processing /home/airflow/.local/lib/python3.8/site-packages/airflow/example_dags/example_kubernetes_executor.py took 0.264 seconds
[2023-10-11T07:06:40.211+0000] {processor.py:157} INFO - Started process (PID=2620) to work on /home/airflow/.local/lib/python3.8/site-packages/airflow/example_dags/example_kubernetes_executor.py
[2023-10-11T07:06:40.212+0000] {processor.py:829} INFO - Processing file /home/airflow/.local/lib/python3.8/site-packages/airflow/example_dags/example_kubernetes_executor.py for tasks to queue
[2023-10-11T07:06:40.213+0000] {logging_mixin.py:151} INFO - [2023-10-11T07:06:40.213+0000] {dagbag.py:539} INFO - Filling up the DagBag from /home/airflow/.local/lib/python3.8/site-packages/airflow/example_dags/example_kubernetes_executor.py
[2023-10-11T07:06:40.476+0000] {processor.py:839} INFO - DAG(s) dict_keys(['example_kubernetes_executor']) retrieved from /home/airflow/.local/lib/python3.8/site-packages/airflow/example_dags/example_kubernetes_executor.py
[2023-10-11T07:06:40.501+0000] {logging_mixin.py:151} INFO - [2023-10-11T07:06:40.501+0000] {dag.py:2915} INFO - Sync 1 DAGs
[2023-10-11T07:06:40.508+0000] {logging_mixin.py:151} INFO - [2023-10-11T07:06:40.508+0000] {dag.py:3696} INFO - Setting next_dagrun for example_kubernetes_executor to None, run_after=None
[2023-10-11T07:06:40.527+0000] {processor.py:179} INFO - Processing /home/airflow/.local/lib/python3.8/site-packages/airflow/example_dags/example_kubernetes_executor.py took 0.319 seconds
[2023-10-11T07:07:11.015+0000] {processor.py:157} INFO - Started process (PID=2862) to work on /home/airflow/.local/lib/python3.8/site-packages/airflow/example_dags/example_kubernetes_executor.py
[2023-10-11T07:07:11.016+0000] {processor.py:829} INFO - Processing file /home/airflow/.local/lib/python3.8/site-packages/airflow/example_dags/example_kubernetes_executor.py for tasks to queue
[2023-10-11T07:07:11.017+0000] {logging_mixin.py:151} INFO - [2023-10-11T07:07:11.017+0000] {dagbag.py:539} INFO - Filling up the DagBag from /home/airflow/.local/lib/python3.8/site-packages/airflow/example_dags/example_kubernetes_executor.py
[2023-10-11T07:07:11.339+0000] {processor.py:839} INFO - DAG(s) dict_keys(['example_kubernetes_executor']) retrieved from /home/airflow/.local/lib/python3.8/site-packages/airflow/example_dags/example_kubernetes_executor.py
[2023-10-11T07:07:11.371+0000] {logging_mixin.py:151} INFO - [2023-10-11T07:07:11.371+0000] {dag.py:2915} INFO - Sync 1 DAGs
[2023-10-11T07:07:11.392+0000] {logging_mixin.py:151} INFO - [2023-10-11T07:07:11.392+0000] {dag.py:3696} INFO - Setting next_dagrun for example_kubernetes_executor to None, run_after=None
[2023-10-11T07:07:11.403+0000] {processor.py:179} INFO - Processing /home/airflow/.local/lib/python3.8/site-packages/airflow/example_dags/example_kubernetes_executor.py took 0.392 seconds
[2023-10-11T07:07:42.939+0000] {processor.py:157} INFO - Started process (PID=3120) to work on /home/airflow/.local/lib/python3.8/site-packages/airflow/example_dags/example_kubernetes_executor.py
[2023-10-11T07:07:42.940+0000] {processor.py:829} INFO - Processing file /home/airflow/.local/lib/python3.8/site-packages/airflow/example_dags/example_kubernetes_executor.py for tasks to queue
[2023-10-11T07:07:42.941+0000] {logging_mixin.py:151} INFO - [2023-10-11T07:07:42.941+0000] {dagbag.py:539} INFO - Filling up the DagBag from /home/airflow/.local/lib/python3.8/site-packages/airflow/example_dags/example_kubernetes_executor.py
[2023-10-11T07:07:43.360+0000] {processor.py:839} INFO - DAG(s) dict_keys(['example_kubernetes_executor']) retrieved from /home/airflow/.local/lib/python3.8/site-packages/airflow/example_dags/example_kubernetes_executor.py
[2023-10-11T07:07:43.439+0000] {logging_mixin.py:151} INFO - [2023-10-11T07:07:43.439+0000] {dag.py:2915} INFO - Sync 1 DAGs
[2023-10-11T07:07:43.457+0000] {logging_mixin.py:151} INFO - [2023-10-11T07:07:43.457+0000] {dag.py:3696} INFO - Setting next_dagrun for example_kubernetes_executor to None, run_after=None
[2023-10-11T07:07:43.533+0000] {processor.py:179} INFO - Processing /home/airflow/.local/lib/python3.8/site-packages/airflow/example_dags/example_kubernetes_executor.py took 0.612 seconds
[2023-10-11T07:08:13.591+0000] {processor.py:157} INFO - Started process (PID=3401) to work on /home/airflow/.local/lib/python3.8/site-packages/airflow/example_dags/example_kubernetes_executor.py
[2023-10-11T07:08:13.592+0000] {processor.py:829} INFO - Processing file /home/airflow/.local/lib/python3.8/site-packages/airflow/example_dags/example_kubernetes_executor.py for tasks to queue
[2023-10-11T07:08:13.592+0000] {logging_mixin.py:151} INFO - [2023-10-11T07:08:13.592+0000] {dagbag.py:539} INFO - Filling up the DagBag from /home/airflow/.local/lib/python3.8/site-packages/airflow/example_dags/example_kubernetes_executor.py
[2023-10-11T07:08:13.886+0000] {processor.py:839} INFO - DAG(s) dict_keys(['example_kubernetes_executor']) retrieved from /home/airflow/.local/lib/python3.8/site-packages/airflow/example_dags/example_kubernetes_executor.py
[2023-10-11T07:08:13.948+0000] {logging_mixin.py:151} INFO - [2023-10-11T07:08:13.947+0000] {dag.py:2915} INFO - Sync 1 DAGs
[2023-10-11T07:08:13.967+0000] {logging_mixin.py:151} INFO - [2023-10-11T07:08:13.966+0000] {dag.py:3696} INFO - Setting next_dagrun for example_kubernetes_executor to None, run_after=None
[2023-10-11T07:08:13.998+0000] {processor.py:179} INFO - Processing /home/airflow/.local/lib/python3.8/site-packages/airflow/example_dags/example_kubernetes_executor.py took 0.409 seconds
[2023-10-11T07:08:44.143+0000] {processor.py:157} INFO - Started process (PID=3642) to work on /home/airflow/.local/lib/python3.8/site-packages/airflow/example_dags/example_kubernetes_executor.py
[2023-10-11T07:08:44.144+0000] {processor.py:829} INFO - Processing file /home/airflow/.local/lib/python3.8/site-packages/airflow/example_dags/example_kubernetes_executor.py for tasks to queue
[2023-10-11T07:08:44.146+0000] {logging_mixin.py:151} INFO - [2023-10-11T07:08:44.145+0000] {dagbag.py:539} INFO - Filling up the DagBag from /home/airflow/.local/lib/python3.8/site-packages/airflow/example_dags/example_kubernetes_executor.py
[2023-10-11T07:08:44.704+0000] {processor.py:839} INFO - DAG(s) dict_keys(['example_kubernetes_executor']) retrieved from /home/airflow/.local/lib/python3.8/site-packages/airflow/example_dags/example_kubernetes_executor.py
[2023-10-11T07:08:44.745+0000] {logging_mixin.py:151} INFO - [2023-10-11T07:08:44.745+0000] {dag.py:2915} INFO - Sync 1 DAGs
[2023-10-11T07:08:44.782+0000] {logging_mixin.py:151} INFO - [2023-10-11T07:08:44.781+0000] {dag.py:3696} INFO - Setting next_dagrun for example_kubernetes_executor to None, run_after=None
[2023-10-11T07:08:44.843+0000] {processor.py:179} INFO - Processing /home/airflow/.local/lib/python3.8/site-packages/airflow/example_dags/example_kubernetes_executor.py took 0.703 seconds
[2023-10-11T07:09:15.026+0000] {processor.py:157} INFO - Started process (PID=3890) to work on /home/airflow/.local/lib/python3.8/site-packages/airflow/example_dags/example_kubernetes_executor.py
[2023-10-11T07:09:15.027+0000] {processor.py:829} INFO - Processing file /home/airflow/.local/lib/python3.8/site-packages/airflow/example_dags/example_kubernetes_executor.py for tasks to queue
[2023-10-11T07:09:15.028+0000] {logging_mixin.py:151} INFO - [2023-10-11T07:09:15.028+0000] {dagbag.py:539} INFO - Filling up the DagBag from /home/airflow/.local/lib/python3.8/site-packages/airflow/example_dags/example_kubernetes_executor.py
[2023-10-11T07:09:15.319+0000] {processor.py:839} INFO - DAG(s) dict_keys(['example_kubernetes_executor']) retrieved from /home/airflow/.local/lib/python3.8/site-packages/airflow/example_dags/example_kubernetes_executor.py
[2023-10-11T07:09:15.393+0000] {logging_mixin.py:151} INFO - [2023-10-11T07:09:15.392+0000] {dag.py:2915} INFO - Sync 1 DAGs
[2023-10-11T07:09:15.404+0000] {logging_mixin.py:151} INFO - [2023-10-11T07:09:15.404+0000] {dag.py:3696} INFO - Setting next_dagrun for example_kubernetes_executor to None, run_after=None
[2023-10-11T07:09:15.418+0000] {processor.py:179} INFO - Processing /home/airflow/.local/lib/python3.8/site-packages/airflow/example_dags/example_kubernetes_executor.py took 0.394 seconds
[2023-10-11T07:09:45.530+0000] {processor.py:157} INFO - Started process (PID=4145) to work on /home/airflow/.local/lib/python3.8/site-packages/airflow/example_dags/example_kubernetes_executor.py
[2023-10-11T07:09:45.531+0000] {processor.py:829} INFO - Processing file /home/airflow/.local/lib/python3.8/site-packages/airflow/example_dags/example_kubernetes_executor.py for tasks to queue
[2023-10-11T07:09:45.532+0000] {logging_mixin.py:151} INFO - [2023-10-11T07:09:45.532+0000] {dagbag.py:539} INFO - Filling up the DagBag from /home/airflow/.local/lib/python3.8/site-packages/airflow/example_dags/example_kubernetes_executor.py
[2023-10-11T07:09:45.861+0000] {processor.py:839} INFO - DAG(s) dict_keys(['example_kubernetes_executor']) retrieved from /home/airflow/.local/lib/python3.8/site-packages/airflow/example_dags/example_kubernetes_executor.py
[2023-10-11T07:09:45.950+0000] {logging_mixin.py:151} INFO - [2023-10-11T07:09:45.950+0000] {dag.py:2915} INFO - Sync 1 DAGs
[2023-10-11T07:09:45.974+0000] {logging_mixin.py:151} INFO - [2023-10-11T07:09:45.974+0000] {dag.py:3696} INFO - Setting next_dagrun for example_kubernetes_executor to None, run_after=None
[2023-10-11T07:09:46.006+0000] {processor.py:179} INFO - Processing /home/airflow/.local/lib/python3.8/site-packages/airflow/example_dags/example_kubernetes_executor.py took 0.478 seconds
[2023-10-11T07:10:16.446+0000] {processor.py:157} INFO - Started process (PID=4391) to work on /home/airflow/.local/lib/python3.8/site-packages/airflow/example_dags/example_kubernetes_executor.py
[2023-10-11T07:10:16.447+0000] {processor.py:829} INFO - Processing file /home/airflow/.local/lib/python3.8/site-packages/airflow/example_dags/example_kubernetes_executor.py for tasks to queue
[2023-10-11T07:10:16.447+0000] {logging_mixin.py:151} INFO - [2023-10-11T07:10:16.447+0000] {dagbag.py:539} INFO - Filling up the DagBag from /home/airflow/.local/lib/python3.8/site-packages/airflow/example_dags/example_kubernetes_executor.py
[2023-10-11T07:10:16.785+0000] {processor.py:839} INFO - DAG(s) dict_keys(['example_kubernetes_executor']) retrieved from /home/airflow/.local/lib/python3.8/site-packages/airflow/example_dags/example_kubernetes_executor.py
[2023-10-11T07:10:16.831+0000] {logging_mixin.py:151} INFO - [2023-10-11T07:10:16.831+0000] {dag.py:2915} INFO - Sync 1 DAGs
[2023-10-11T07:10:16.842+0000] {logging_mixin.py:151} INFO - [2023-10-11T07:10:16.841+0000] {dag.py:3696} INFO - Setting next_dagrun for example_kubernetes_executor to None, run_after=None
[2023-10-11T07:10:16.888+0000] {processor.py:179} INFO - Processing /home/airflow/.local/lib/python3.8/site-packages/airflow/example_dags/example_kubernetes_executor.py took 0.445 seconds
[2023-10-11T07:10:46.912+0000] {processor.py:157} INFO - Started process (PID=4646) to work on /home/airflow/.local/lib/python3.8/site-packages/airflow/example_dags/example_kubernetes_executor.py
[2023-10-11T07:10:46.913+0000] {processor.py:829} INFO - Processing file /home/airflow/.local/lib/python3.8/site-packages/airflow/example_dags/example_kubernetes_executor.py for tasks to queue
[2023-10-11T07:10:46.913+0000] {logging_mixin.py:151} INFO - [2023-10-11T07:10:46.913+0000] {dagbag.py:539} INFO - Filling up the DagBag from /home/airflow/.local/lib/python3.8/site-packages/airflow/example_dags/example_kubernetes_executor.py
[2023-10-11T07:10:47.137+0000] {processor.py:839} INFO - DAG(s) dict_keys(['example_kubernetes_executor']) retrieved from /home/airflow/.local/lib/python3.8/site-packages/airflow/example_dags/example_kubernetes_executor.py
[2023-10-11T07:10:47.187+0000] {logging_mixin.py:151} INFO - [2023-10-11T07:10:47.186+0000] {dag.py:2915} INFO - Sync 1 DAGs
[2023-10-11T07:10:47.199+0000] {logging_mixin.py:151} INFO - [2023-10-11T07:10:47.198+0000] {dag.py:3696} INFO - Setting next_dagrun for example_kubernetes_executor to None, run_after=None
[2023-10-11T07:10:47.216+0000] {processor.py:179} INFO - Processing /home/airflow/.local/lib/python3.8/site-packages/airflow/example_dags/example_kubernetes_executor.py took 0.307 seconds
[2023-10-11T07:11:17.350+0000] {processor.py:157} INFO - Started process (PID=4889) to work on /home/airflow/.local/lib/python3.8/site-packages/airflow/example_dags/example_kubernetes_executor.py
[2023-10-11T07:11:17.354+0000] {processor.py:829} INFO - Processing file /home/airflow/.local/lib/python3.8/site-packages/airflow/example_dags/example_kubernetes_executor.py for tasks to queue
[2023-10-11T07:11:17.356+0000] {logging_mixin.py:151} INFO - [2023-10-11T07:11:17.355+0000] {dagbag.py:539} INFO - Filling up the DagBag from /home/airflow/.local/lib/python3.8/site-packages/airflow/example_dags/example_kubernetes_executor.py
[2023-10-11T07:11:17.610+0000] {processor.py:839} INFO - DAG(s) dict_keys(['example_kubernetes_executor']) retrieved from /home/airflow/.local/lib/python3.8/site-packages/airflow/example_dags/example_kubernetes_executor.py
[2023-10-11T07:11:17.645+0000] {logging_mixin.py:151} INFO - [2023-10-11T07:11:17.644+0000] {dag.py:2915} INFO - Sync 1 DAGs
[2023-10-11T07:11:17.683+0000] {logging_mixin.py:151} INFO - [2023-10-11T07:11:17.683+0000] {dag.py:3696} INFO - Setting next_dagrun for example_kubernetes_executor to None, run_after=None
[2023-10-11T07:11:17.696+0000] {processor.py:179} INFO - Processing /home/airflow/.local/lib/python3.8/site-packages/airflow/example_dags/example_kubernetes_executor.py took 0.348 seconds
[2023-10-11T07:11:48.459+0000] {processor.py:157} INFO - Started process (PID=5132) to work on /home/airflow/.local/lib/python3.8/site-packages/airflow/example_dags/example_kubernetes_executor.py
[2023-10-11T07:11:48.469+0000] {processor.py:829} INFO - Processing file /home/airflow/.local/lib/python3.8/site-packages/airflow/example_dags/example_kubernetes_executor.py for tasks to queue
[2023-10-11T07:11:48.471+0000] {logging_mixin.py:151} INFO - [2023-10-11T07:11:48.470+0000] {dagbag.py:539} INFO - Filling up the DagBag from /home/airflow/.local/lib/python3.8/site-packages/airflow/example_dags/example_kubernetes_executor.py
[2023-10-11T07:11:48.715+0000] {processor.py:839} INFO - DAG(s) dict_keys(['example_kubernetes_executor']) retrieved from /home/airflow/.local/lib/python3.8/site-packages/airflow/example_dags/example_kubernetes_executor.py
[2023-10-11T07:11:48.740+0000] {logging_mixin.py:151} INFO - [2023-10-11T07:11:48.740+0000] {dag.py:2915} INFO - Sync 1 DAGs
[2023-10-11T07:11:48.747+0000] {logging_mixin.py:151} INFO - [2023-10-11T07:11:48.747+0000] {dag.py:3696} INFO - Setting next_dagrun for example_kubernetes_executor to None, run_after=None
[2023-10-11T07:11:48.782+0000] {processor.py:179} INFO - Processing /home/airflow/.local/lib/python3.8/site-packages/airflow/example_dags/example_kubernetes_executor.py took 0.333 seconds
[2023-10-11T07:12:19.127+0000] {processor.py:157} INFO - Started process (PID=5375) to work on /home/airflow/.local/lib/python3.8/site-packages/airflow/example_dags/example_kubernetes_executor.py
[2023-10-11T07:12:19.128+0000] {processor.py:829} INFO - Processing file /home/airflow/.local/lib/python3.8/site-packages/airflow/example_dags/example_kubernetes_executor.py for tasks to queue
[2023-10-11T07:12:19.129+0000] {logging_mixin.py:151} INFO - [2023-10-11T07:12:19.129+0000] {dagbag.py:539} INFO - Filling up the DagBag from /home/airflow/.local/lib/python3.8/site-packages/airflow/example_dags/example_kubernetes_executor.py
[2023-10-11T07:12:19.372+0000] {processor.py:839} INFO - DAG(s) dict_keys(['example_kubernetes_executor']) retrieved from /home/airflow/.local/lib/python3.8/site-packages/airflow/example_dags/example_kubernetes_executor.py
[2023-10-11T07:12:19.406+0000] {logging_mixin.py:151} INFO - [2023-10-11T07:12:19.405+0000] {dag.py:2915} INFO - Sync 1 DAGs
[2023-10-11T07:12:19.413+0000] {logging_mixin.py:151} INFO - [2023-10-11T07:12:19.412+0000] {dag.py:3696} INFO - Setting next_dagrun for example_kubernetes_executor to None, run_after=None
[2023-10-11T07:12:19.430+0000] {processor.py:179} INFO - Processing /home/airflow/.local/lib/python3.8/site-packages/airflow/example_dags/example_kubernetes_executor.py took 0.306 seconds
[2023-10-11T07:12:49.545+0000] {processor.py:157} INFO - Started process (PID=5618) to work on /home/airflow/.local/lib/python3.8/site-packages/airflow/example_dags/example_kubernetes_executor.py
[2023-10-11T07:12:49.546+0000] {processor.py:829} INFO - Processing file /home/airflow/.local/lib/python3.8/site-packages/airflow/example_dags/example_kubernetes_executor.py for tasks to queue
[2023-10-11T07:12:49.547+0000] {logging_mixin.py:151} INFO - [2023-10-11T07:12:49.546+0000] {dagbag.py:539} INFO - Filling up the DagBag from /home/airflow/.local/lib/python3.8/site-packages/airflow/example_dags/example_kubernetes_executor.py
[2023-10-11T07:12:49.809+0000] {processor.py:839} INFO - DAG(s) dict_keys(['example_kubernetes_executor']) retrieved from /home/airflow/.local/lib/python3.8/site-packages/airflow/example_dags/example_kubernetes_executor.py
[2023-10-11T07:12:49.832+0000] {logging_mixin.py:151} INFO - [2023-10-11T07:12:49.832+0000] {dag.py:2915} INFO - Sync 1 DAGs
[2023-10-11T07:12:49.839+0000] {logging_mixin.py:151} INFO - [2023-10-11T07:12:49.838+0000] {dag.py:3696} INFO - Setting next_dagrun for example_kubernetes_executor to None, run_after=None
[2023-10-11T07:12:49.851+0000] {processor.py:179} INFO - Processing /home/airflow/.local/lib/python3.8/site-packages/airflow/example_dags/example_kubernetes_executor.py took 0.309 seconds
[2023-10-11T07:13:20.036+0000] {processor.py:157} INFO - Started process (PID=5861) to work on /home/airflow/.local/lib/python3.8/site-packages/airflow/example_dags/example_kubernetes_executor.py
[2023-10-11T07:13:20.037+0000] {processor.py:829} INFO - Processing file /home/airflow/.local/lib/python3.8/site-packages/airflow/example_dags/example_kubernetes_executor.py for tasks to queue
[2023-10-11T07:13:20.038+0000] {logging_mixin.py:151} INFO - [2023-10-11T07:13:20.038+0000] {dagbag.py:539} INFO - Filling up the DagBag from /home/airflow/.local/lib/python3.8/site-packages/airflow/example_dags/example_kubernetes_executor.py
[2023-10-11T07:13:20.325+0000] {processor.py:839} INFO - DAG(s) dict_keys(['example_kubernetes_executor']) retrieved from /home/airflow/.local/lib/python3.8/site-packages/airflow/example_dags/example_kubernetes_executor.py
[2023-10-11T07:13:20.354+0000] {logging_mixin.py:151} INFO - [2023-10-11T07:13:20.353+0000] {dag.py:2915} INFO - Sync 1 DAGs
[2023-10-11T07:13:20.371+0000] {logging_mixin.py:151} INFO - [2023-10-11T07:13:20.371+0000] {dag.py:3696} INFO - Setting next_dagrun for example_kubernetes_executor to None, run_after=None
[2023-10-11T07:13:20.396+0000] {processor.py:179} INFO - Processing /home/airflow/.local/lib/python3.8/site-packages/airflow/example_dags/example_kubernetes_executor.py took 0.362 seconds
[2023-10-11T07:13:50.598+0000] {processor.py:157} INFO - Started process (PID=6104) to work on /home/airflow/.local/lib/python3.8/site-packages/airflow/example_dags/example_kubernetes_executor.py
[2023-10-11T07:13:50.599+0000] {processor.py:829} INFO - Processing file /home/airflow/.local/lib/python3.8/site-packages/airflow/example_dags/example_kubernetes_executor.py for tasks to queue
[2023-10-11T07:13:50.600+0000] {logging_mixin.py:151} INFO - [2023-10-11T07:13:50.599+0000] {dagbag.py:539} INFO - Filling up the DagBag from /home/airflow/.local/lib/python3.8/site-packages/airflow/example_dags/example_kubernetes_executor.py
[2023-10-11T07:13:50.822+0000] {processor.py:839} INFO - DAG(s) dict_keys(['example_kubernetes_executor']) retrieved from /home/airflow/.local/lib/python3.8/site-packages/airflow/example_dags/example_kubernetes_executor.py
[2023-10-11T07:13:50.846+0000] {logging_mixin.py:151} INFO - [2023-10-11T07:13:50.846+0000] {dag.py:2915} INFO - Sync 1 DAGs
[2023-10-11T07:13:50.863+0000] {logging_mixin.py:151} INFO - [2023-10-11T07:13:50.862+0000] {dag.py:3696} INFO - Setting next_dagrun for example_kubernetes_executor to None, run_after=None
[2023-10-11T07:13:50.887+0000] {processor.py:179} INFO - Processing /home/airflow/.local/lib/python3.8/site-packages/airflow/example_dags/example_kubernetes_executor.py took 0.292 seconds
[2023-10-11T07:14:21.175+0000] {processor.py:157} INFO - Started process (PID=6347) to work on /home/airflow/.local/lib/python3.8/site-packages/airflow/example_dags/example_kubernetes_executor.py
[2023-10-11T07:14:21.176+0000] {processor.py:829} INFO - Processing file /home/airflow/.local/lib/python3.8/site-packages/airflow/example_dags/example_kubernetes_executor.py for tasks to queue
[2023-10-11T07:14:21.177+0000] {logging_mixin.py:151} INFO - [2023-10-11T07:14:21.177+0000] {dagbag.py:539} INFO - Filling up the DagBag from /home/airflow/.local/lib/python3.8/site-packages/airflow/example_dags/example_kubernetes_executor.py
[2023-10-11T07:14:21.448+0000] {processor.py:839} INFO - DAG(s) dict_keys(['example_kubernetes_executor']) retrieved from /home/airflow/.local/lib/python3.8/site-packages/airflow/example_dags/example_kubernetes_executor.py
[2023-10-11T07:14:21.506+0000] {logging_mixin.py:151} INFO - [2023-10-11T07:14:21.506+0000] {dag.py:2915} INFO - Sync 1 DAGs
[2023-10-11T07:14:21.514+0000] {logging_mixin.py:151} INFO - [2023-10-11T07:14:21.513+0000] {dag.py:3696} INFO - Setting next_dagrun for example_kubernetes_executor to None, run_after=None
[2023-10-11T07:14:21.524+0000] {processor.py:179} INFO - Processing /home/airflow/.local/lib/python3.8/site-packages/airflow/example_dags/example_kubernetes_executor.py took 0.352 seconds
[2023-10-11T07:14:51.634+0000] {processor.py:157} INFO - Started process (PID=6600) to work on /home/airflow/.local/lib/python3.8/site-packages/airflow/example_dags/example_kubernetes_executor.py
[2023-10-11T07:14:51.635+0000] {processor.py:829} INFO - Processing file /home/airflow/.local/lib/python3.8/site-packages/airflow/example_dags/example_kubernetes_executor.py for tasks to queue
[2023-10-11T07:14:51.636+0000] {logging_mixin.py:151} INFO - [2023-10-11T07:14:51.636+0000] {dagbag.py:539} INFO - Filling up the DagBag from /home/airflow/.local/lib/python3.8/site-packages/airflow/example_dags/example_kubernetes_executor.py
[2023-10-11T07:14:51.892+0000] {processor.py:839} INFO - DAG(s) dict_keys(['example_kubernetes_executor']) retrieved from /home/airflow/.local/lib/python3.8/site-packages/airflow/example_dags/example_kubernetes_executor.py
[2023-10-11T07:14:51.920+0000] {logging_mixin.py:151} INFO - [2023-10-11T07:14:51.920+0000] {dag.py:2915} INFO - Sync 1 DAGs
[2023-10-11T07:14:51.928+0000] {logging_mixin.py:151} INFO - [2023-10-11T07:14:51.928+0000] {dag.py:3696} INFO - Setting next_dagrun for example_kubernetes_executor to None, run_after=None
[2023-10-11T07:14:51.964+0000] {processor.py:179} INFO - Processing /home/airflow/.local/lib/python3.8/site-packages/airflow/example_dags/example_kubernetes_executor.py took 0.332 seconds
[2023-10-11T07:15:22.041+0000] {processor.py:157} INFO - Started process (PID=6843) to work on /home/airflow/.local/lib/python3.8/site-packages/airflow/example_dags/example_kubernetes_executor.py
[2023-10-11T07:15:22.042+0000] {processor.py:829} INFO - Processing file /home/airflow/.local/lib/python3.8/site-packages/airflow/example_dags/example_kubernetes_executor.py for tasks to queue
[2023-10-11T07:15:22.043+0000] {logging_mixin.py:151} INFO - [2023-10-11T07:15:22.042+0000] {dagbag.py:539} INFO - Filling up the DagBag from /home/airflow/.local/lib/python3.8/site-packages/airflow/example_dags/example_kubernetes_executor.py
[2023-10-11T07:15:22.244+0000] {processor.py:839} INFO - DAG(s) dict_keys(['example_kubernetes_executor']) retrieved from /home/airflow/.local/lib/python3.8/site-packages/airflow/example_dags/example_kubernetes_executor.py
[2023-10-11T07:15:22.304+0000] {logging_mixin.py:151} INFO - [2023-10-11T07:15:22.303+0000] {dag.py:2915} INFO - Sync 1 DAGs
[2023-10-11T07:15:22.313+0000] {logging_mixin.py:151} INFO - [2023-10-11T07:15:22.313+0000] {dag.py:3696} INFO - Setting next_dagrun for example_kubernetes_executor to None, run_after=None
[2023-10-11T07:15:22.324+0000] {processor.py:179} INFO - Processing /home/airflow/.local/lib/python3.8/site-packages/airflow/example_dags/example_kubernetes_executor.py took 0.286 seconds
[2023-10-11T07:15:52.783+0000] {processor.py:157} INFO - Started process (PID=7076) to work on /home/airflow/.local/lib/python3.8/site-packages/airflow/example_dags/example_kubernetes_executor.py
[2023-10-11T07:15:52.785+0000] {processor.py:829} INFO - Processing file /home/airflow/.local/lib/python3.8/site-packages/airflow/example_dags/example_kubernetes_executor.py for tasks to queue
[2023-10-11T07:15:52.785+0000] {logging_mixin.py:151} INFO - [2023-10-11T07:15:52.785+0000] {dagbag.py:539} INFO - Filling up the DagBag from /home/airflow/.local/lib/python3.8/site-packages/airflow/example_dags/example_kubernetes_executor.py
[2023-10-11T07:15:53.039+0000] {processor.py:839} INFO - DAG(s) dict_keys(['example_kubernetes_executor']) retrieved from /home/airflow/.local/lib/python3.8/site-packages/airflow/example_dags/example_kubernetes_executor.py
[2023-10-11T07:15:53.083+0000] {logging_mixin.py:151} INFO - [2023-10-11T07:15:53.083+0000] {dag.py:2915} INFO - Sync 1 DAGs
[2023-10-11T07:15:53.090+0000] {logging_mixin.py:151} INFO - [2023-10-11T07:15:53.090+0000] {dag.py:3696} INFO - Setting next_dagrun for example_kubernetes_executor to None, run_after=None
[2023-10-11T07:15:53.101+0000] {processor.py:179} INFO - Processing /home/airflow/.local/lib/python3.8/site-packages/airflow/example_dags/example_kubernetes_executor.py took 0.321 seconds
[2023-10-11T07:16:23.633+0000] {processor.py:157} INFO - Started process (PID=7319) to work on /home/airflow/.local/lib/python3.8/site-packages/airflow/example_dags/example_kubernetes_executor.py
[2023-10-11T07:16:23.635+0000] {processor.py:829} INFO - Processing file /home/airflow/.local/lib/python3.8/site-packages/airflow/example_dags/example_kubernetes_executor.py for tasks to queue
[2023-10-11T07:16:23.636+0000] {logging_mixin.py:151} INFO - [2023-10-11T07:16:23.635+0000] {dagbag.py:539} INFO - Filling up the DagBag from /home/airflow/.local/lib/python3.8/site-packages/airflow/example_dags/example_kubernetes_executor.py
[2023-10-11T07:16:24.013+0000] {processor.py:839} INFO - DAG(s) dict_keys(['example_kubernetes_executor']) retrieved from /home/airflow/.local/lib/python3.8/site-packages/airflow/example_dags/example_kubernetes_executor.py
[2023-10-11T07:16:24.043+0000] {logging_mixin.py:151} INFO - [2023-10-11T07:16:24.043+0000] {dag.py:2915} INFO - Sync 1 DAGs
[2023-10-11T07:16:24.087+0000] {logging_mixin.py:151} INFO - [2023-10-11T07:16:24.087+0000] {dag.py:3696} INFO - Setting next_dagrun for example_kubernetes_executor to None, run_after=None
[2023-10-11T07:16:24.101+0000] {processor.py:179} INFO - Processing /home/airflow/.local/lib/python3.8/site-packages/airflow/example_dags/example_kubernetes_executor.py took 0.474 seconds
[2023-10-11T07:16:54.420+0000] {processor.py:157} INFO - Started process (PID=7546) to work on /home/airflow/.local/lib/python3.8/site-packages/airflow/example_dags/example_kubernetes_executor.py
[2023-10-11T07:16:54.425+0000] {processor.py:829} INFO - Processing file /home/airflow/.local/lib/python3.8/site-packages/airflow/example_dags/example_kubernetes_executor.py for tasks to queue
[2023-10-11T07:16:54.432+0000] {logging_mixin.py:151} INFO - [2023-10-11T07:16:54.429+0000] {dagbag.py:539} INFO - Filling up the DagBag from /home/airflow/.local/lib/python3.8/site-packages/airflow/example_dags/example_kubernetes_executor.py
[2023-10-11T07:16:55.553+0000] {processor.py:839} INFO - DAG(s) dict_keys(['example_kubernetes_executor']) retrieved from /home/airflow/.local/lib/python3.8/site-packages/airflow/example_dags/example_kubernetes_executor.py
[2023-10-11T07:16:55.638+0000] {logging_mixin.py:151} INFO - [2023-10-11T07:16:55.637+0000] {dag.py:2915} INFO - Sync 1 DAGs
[2023-10-11T07:16:55.675+0000] {logging_mixin.py:151} INFO - [2023-10-11T07:16:55.674+0000] {dag.py:3696} INFO - Setting next_dagrun for example_kubernetes_executor to None, run_after=None
[2023-10-11T07:16:55.699+0000] {processor.py:179} INFO - Processing /home/airflow/.local/lib/python3.8/site-packages/airflow/example_dags/example_kubernetes_executor.py took 1.289 seconds
[2023-10-11T07:17:26.137+0000] {processor.py:157} INFO - Started process (PID=7805) to work on /home/airflow/.local/lib/python3.8/site-packages/airflow/example_dags/example_kubernetes_executor.py
[2023-10-11T07:17:26.141+0000] {processor.py:829} INFO - Processing file /home/airflow/.local/lib/python3.8/site-packages/airflow/example_dags/example_kubernetes_executor.py for tasks to queue
[2023-10-11T07:17:26.145+0000] {logging_mixin.py:151} INFO - [2023-10-11T07:17:26.143+0000] {dagbag.py:539} INFO - Filling up the DagBag from /home/airflow/.local/lib/python3.8/site-packages/airflow/example_dags/example_kubernetes_executor.py
[2023-10-11T07:17:27.224+0000] {processor.py:839} INFO - DAG(s) dict_keys(['example_kubernetes_executor']) retrieved from /home/airflow/.local/lib/python3.8/site-packages/airflow/example_dags/example_kubernetes_executor.py
[2023-10-11T07:17:27.418+0000] {logging_mixin.py:151} INFO - [2023-10-11T07:17:27.417+0000] {dag.py:2915} INFO - Sync 1 DAGs
[2023-10-11T07:17:27.440+0000] {logging_mixin.py:151} INFO - [2023-10-11T07:17:27.440+0000] {dag.py:3696} INFO - Setting next_dagrun for example_kubernetes_executor to None, run_after=None
[2023-10-11T07:17:27.488+0000] {processor.py:179} INFO - Processing /home/airflow/.local/lib/python3.8/site-packages/airflow/example_dags/example_kubernetes_executor.py took 1.373 seconds
[2023-10-11T07:17:57.860+0000] {processor.py:157} INFO - Started process (PID=8048) to work on /home/airflow/.local/lib/python3.8/site-packages/airflow/example_dags/example_kubernetes_executor.py
[2023-10-11T07:17:57.864+0000] {processor.py:829} INFO - Processing file /home/airflow/.local/lib/python3.8/site-packages/airflow/example_dags/example_kubernetes_executor.py for tasks to queue
[2023-10-11T07:17:57.868+0000] {logging_mixin.py:151} INFO - [2023-10-11T07:17:57.868+0000] {dagbag.py:539} INFO - Filling up the DagBag from /home/airflow/.local/lib/python3.8/site-packages/airflow/example_dags/example_kubernetes_executor.py
[2023-10-11T07:17:58.281+0000] {processor.py:839} INFO - DAG(s) dict_keys(['example_kubernetes_executor']) retrieved from /home/airflow/.local/lib/python3.8/site-packages/airflow/example_dags/example_kubernetes_executor.py
[2023-10-11T07:17:58.387+0000] {logging_mixin.py:151} INFO - [2023-10-11T07:17:58.386+0000] {dag.py:2915} INFO - Sync 1 DAGs
[2023-10-11T07:17:58.405+0000] {logging_mixin.py:151} INFO - [2023-10-11T07:17:58.405+0000] {dag.py:3696} INFO - Setting next_dagrun for example_kubernetes_executor to None, run_after=None
[2023-10-11T07:17:58.428+0000] {processor.py:179} INFO - Processing /home/airflow/.local/lib/python3.8/site-packages/airflow/example_dags/example_kubernetes_executor.py took 0.578 seconds
[2023-10-11T07:18:28.684+0000] {processor.py:157} INFO - Started process (PID=8301) to work on /home/airflow/.local/lib/python3.8/site-packages/airflow/example_dags/example_kubernetes_executor.py
[2023-10-11T07:18:28.686+0000] {processor.py:829} INFO - Processing file /home/airflow/.local/lib/python3.8/site-packages/airflow/example_dags/example_kubernetes_executor.py for tasks to queue
[2023-10-11T07:18:28.687+0000] {logging_mixin.py:151} INFO - [2023-10-11T07:18:28.687+0000] {dagbag.py:539} INFO - Filling up the DagBag from /home/airflow/.local/lib/python3.8/site-packages/airflow/example_dags/example_kubernetes_executor.py
[2023-10-11T07:18:29.360+0000] {processor.py:839} INFO - DAG(s) dict_keys(['example_kubernetes_executor']) retrieved from /home/airflow/.local/lib/python3.8/site-packages/airflow/example_dags/example_kubernetes_executor.py
[2023-10-11T07:18:29.427+0000] {logging_mixin.py:151} INFO - [2023-10-11T07:18:29.426+0000] {dag.py:2915} INFO - Sync 1 DAGs
[2023-10-11T07:18:29.445+0000] {logging_mixin.py:151} INFO - [2023-10-11T07:18:29.445+0000] {dag.py:3696} INFO - Setting next_dagrun for example_kubernetes_executor to None, run_after=None
[2023-10-11T07:18:29.496+0000] {processor.py:179} INFO - Processing /home/airflow/.local/lib/python3.8/site-packages/airflow/example_dags/example_kubernetes_executor.py took 0.816 seconds
[2023-10-11T07:18:59.825+0000] {processor.py:157} INFO - Started process (PID=8544) to work on /home/airflow/.local/lib/python3.8/site-packages/airflow/example_dags/example_kubernetes_executor.py
[2023-10-11T07:18:59.827+0000] {processor.py:829} INFO - Processing file /home/airflow/.local/lib/python3.8/site-packages/airflow/example_dags/example_kubernetes_executor.py for tasks to queue
[2023-10-11T07:18:59.828+0000] {logging_mixin.py:151} INFO - [2023-10-11T07:18:59.828+0000] {dagbag.py:539} INFO - Filling up the DagBag from /home/airflow/.local/lib/python3.8/site-packages/airflow/example_dags/example_kubernetes_executor.py
[2023-10-11T07:19:00.195+0000] {processor.py:839} INFO - DAG(s) dict_keys(['example_kubernetes_executor']) retrieved from /home/airflow/.local/lib/python3.8/site-packages/airflow/example_dags/example_kubernetes_executor.py
[2023-10-11T07:19:00.251+0000] {logging_mixin.py:151} INFO - [2023-10-11T07:19:00.250+0000] {dag.py:2915} INFO - Sync 1 DAGs
[2023-10-11T07:19:00.283+0000] {logging_mixin.py:151} INFO - [2023-10-11T07:19:00.282+0000] {dag.py:3696} INFO - Setting next_dagrun for example_kubernetes_executor to None, run_after=None
[2023-10-11T07:19:00.306+0000] {processor.py:179} INFO - Processing /home/airflow/.local/lib/python3.8/site-packages/airflow/example_dags/example_kubernetes_executor.py took 0.485 seconds
[2023-10-11T07:19:30.377+0000] {processor.py:157} INFO - Started process (PID=8797) to work on /home/airflow/.local/lib/python3.8/site-packages/airflow/example_dags/example_kubernetes_executor.py
[2023-10-11T07:19:30.378+0000] {processor.py:829} INFO - Processing file /home/airflow/.local/lib/python3.8/site-packages/airflow/example_dags/example_kubernetes_executor.py for tasks to queue
[2023-10-11T07:19:30.380+0000] {logging_mixin.py:151} INFO - [2023-10-11T07:19:30.379+0000] {dagbag.py:539} INFO - Filling up the DagBag from /home/airflow/.local/lib/python3.8/site-packages/airflow/example_dags/example_kubernetes_executor.py
[2023-10-11T07:19:30.958+0000] {processor.py:839} INFO - DAG(s) dict_keys(['example_kubernetes_executor']) retrieved from /home/airflow/.local/lib/python3.8/site-packages/airflow/example_dags/example_kubernetes_executor.py
[2023-10-11T07:19:31.036+0000] {logging_mixin.py:151} INFO - [2023-10-11T07:19:31.035+0000] {dag.py:2915} INFO - Sync 1 DAGs
[2023-10-11T07:19:31.068+0000] {logging_mixin.py:151} INFO - [2023-10-11T07:19:31.068+0000] {dag.py:3696} INFO - Setting next_dagrun for example_kubernetes_executor to None, run_after=None
[2023-10-11T07:19:31.097+0000] {processor.py:179} INFO - Processing /home/airflow/.local/lib/python3.8/site-packages/airflow/example_dags/example_kubernetes_executor.py took 0.724 seconds
[2023-10-11T07:20:01.358+0000] {processor.py:157} INFO - Started process (PID=9038) to work on /home/airflow/.local/lib/python3.8/site-packages/airflow/example_dags/example_kubernetes_executor.py
[2023-10-11T07:20:01.369+0000] {processor.py:829} INFO - Processing file /home/airflow/.local/lib/python3.8/site-packages/airflow/example_dags/example_kubernetes_executor.py for tasks to queue
[2023-10-11T07:20:01.371+0000] {logging_mixin.py:151} INFO - [2023-10-11T07:20:01.371+0000] {dagbag.py:539} INFO - Filling up the DagBag from /home/airflow/.local/lib/python3.8/site-packages/airflow/example_dags/example_kubernetes_executor.py
[2023-10-11T07:20:01.842+0000] {processor.py:839} INFO - DAG(s) dict_keys(['example_kubernetes_executor']) retrieved from /home/airflow/.local/lib/python3.8/site-packages/airflow/example_dags/example_kubernetes_executor.py
[2023-10-11T07:20:01.912+0000] {logging_mixin.py:151} INFO - [2023-10-11T07:20:01.912+0000] {dag.py:2915} INFO - Sync 1 DAGs
[2023-10-11T07:20:01.936+0000] {logging_mixin.py:151} INFO - [2023-10-11T07:20:01.935+0000] {dag.py:3696} INFO - Setting next_dagrun for example_kubernetes_executor to None, run_after=None
[2023-10-11T07:20:01.981+0000] {processor.py:179} INFO - Processing /home/airflow/.local/lib/python3.8/site-packages/airflow/example_dags/example_kubernetes_executor.py took 0.647 seconds
[2023-10-11T07:20:32.549+0000] {processor.py:157} INFO - Started process (PID=9283) to work on /home/airflow/.local/lib/python3.8/site-packages/airflow/example_dags/example_kubernetes_executor.py
[2023-10-11T07:20:32.551+0000] {processor.py:829} INFO - Processing file /home/airflow/.local/lib/python3.8/site-packages/airflow/example_dags/example_kubernetes_executor.py for tasks to queue
[2023-10-11T07:20:32.552+0000] {logging_mixin.py:151} INFO - [2023-10-11T07:20:32.551+0000] {dagbag.py:539} INFO - Filling up the DagBag from /home/airflow/.local/lib/python3.8/site-packages/airflow/example_dags/example_kubernetes_executor.py
[2023-10-11T07:20:33.091+0000] {processor.py:839} INFO - DAG(s) dict_keys(['example_kubernetes_executor']) retrieved from /home/airflow/.local/lib/python3.8/site-packages/airflow/example_dags/example_kubernetes_executor.py
[2023-10-11T07:20:33.157+0000] {logging_mixin.py:151} INFO - [2023-10-11T07:20:33.156+0000] {dag.py:2915} INFO - Sync 1 DAGs
[2023-10-11T07:20:33.181+0000] {logging_mixin.py:151} INFO - [2023-10-11T07:20:33.181+0000] {dag.py:3696} INFO - Setting next_dagrun for example_kubernetes_executor to None, run_after=None
[2023-10-11T07:20:33.232+0000] {processor.py:179} INFO - Processing /home/airflow/.local/lib/python3.8/site-packages/airflow/example_dags/example_kubernetes_executor.py took 0.689 seconds
[2023-10-11T07:21:03.575+0000] {processor.py:157} INFO - Started process (PID=9526) to work on /home/airflow/.local/lib/python3.8/site-packages/airflow/example_dags/example_kubernetes_executor.py
[2023-10-11T07:21:03.579+0000] {processor.py:829} INFO - Processing file /home/airflow/.local/lib/python3.8/site-packages/airflow/example_dags/example_kubernetes_executor.py for tasks to queue
[2023-10-11T07:21:03.581+0000] {logging_mixin.py:151} INFO - [2023-10-11T07:21:03.581+0000] {dagbag.py:539} INFO - Filling up the DagBag from /home/airflow/.local/lib/python3.8/site-packages/airflow/example_dags/example_kubernetes_executor.py
[2023-10-11T07:21:04.484+0000] {processor.py:839} INFO - DAG(s) dict_keys(['example_kubernetes_executor']) retrieved from /home/airflow/.local/lib/python3.8/site-packages/airflow/example_dags/example_kubernetes_executor.py
[2023-10-11T07:21:04.547+0000] {logging_mixin.py:151} INFO - [2023-10-11T07:21:04.545+0000] {dag.py:2915} INFO - Sync 1 DAGs
[2023-10-11T07:21:04.575+0000] {logging_mixin.py:151} INFO - [2023-10-11T07:21:04.574+0000] {dag.py:3696} INFO - Setting next_dagrun for example_kubernetes_executor to None, run_after=None
[2023-10-11T07:21:04.599+0000] {processor.py:179} INFO - Processing /home/airflow/.local/lib/python3.8/site-packages/airflow/example_dags/example_kubernetes_executor.py took 1.031 seconds
[2023-10-11T07:21:34.989+0000] {processor.py:157} INFO - Started process (PID=9769) to work on /home/airflow/.local/lib/python3.8/site-packages/airflow/example_dags/example_kubernetes_executor.py
[2023-10-11T07:21:34.991+0000] {processor.py:829} INFO - Processing file /home/airflow/.local/lib/python3.8/site-packages/airflow/example_dags/example_kubernetes_executor.py for tasks to queue
[2023-10-11T07:21:34.993+0000] {logging_mixin.py:151} INFO - [2023-10-11T07:21:34.992+0000] {dagbag.py:539} INFO - Filling up the DagBag from /home/airflow/.local/lib/python3.8/site-packages/airflow/example_dags/example_kubernetes_executor.py
[2023-10-11T07:21:35.313+0000] {processor.py:839} INFO - DAG(s) dict_keys(['example_kubernetes_executor']) retrieved from /home/airflow/.local/lib/python3.8/site-packages/airflow/example_dags/example_kubernetes_executor.py
[2023-10-11T07:21:35.347+0000] {logging_mixin.py:151} INFO - [2023-10-11T07:21:35.347+0000] {dag.py:2915} INFO - Sync 1 DAGs
[2023-10-11T07:21:35.359+0000] {logging_mixin.py:151} INFO - [2023-10-11T07:21:35.359+0000] {dag.py:3696} INFO - Setting next_dagrun for example_kubernetes_executor to None, run_after=None
[2023-10-11T07:21:35.374+0000] {processor.py:179} INFO - Processing /home/airflow/.local/lib/python3.8/site-packages/airflow/example_dags/example_kubernetes_executor.py took 0.391 seconds
[2023-10-11T07:22:05.467+0000] {processor.py:157} INFO - Started process (PID=10017) to work on /home/airflow/.local/lib/python3.8/site-packages/airflow/example_dags/example_kubernetes_executor.py
[2023-10-11T07:22:05.469+0000] {processor.py:829} INFO - Processing file /home/airflow/.local/lib/python3.8/site-packages/airflow/example_dags/example_kubernetes_executor.py for tasks to queue
[2023-10-11T07:22:05.471+0000] {logging_mixin.py:151} INFO - [2023-10-11T07:22:05.471+0000] {dagbag.py:539} INFO - Filling up the DagBag from /home/airflow/.local/lib/python3.8/site-packages/airflow/example_dags/example_kubernetes_executor.py
[2023-10-11T07:22:05.910+0000] {processor.py:839} INFO - DAG(s) dict_keys(['example_kubernetes_executor']) retrieved from /home/airflow/.local/lib/python3.8/site-packages/airflow/example_dags/example_kubernetes_executor.py
[2023-10-11T07:22:05.969+0000] {logging_mixin.py:151} INFO - [2023-10-11T07:22:05.969+0000] {dag.py:2915} INFO - Sync 1 DAGs
[2023-10-11T07:22:05.988+0000] {logging_mixin.py:151} INFO - [2023-10-11T07:22:05.988+0000] {dag.py:3696} INFO - Setting next_dagrun for example_kubernetes_executor to None, run_after=None
[2023-10-11T07:22:06.043+0000] {processor.py:179} INFO - Processing /home/airflow/.local/lib/python3.8/site-packages/airflow/example_dags/example_kubernetes_executor.py took 0.580 seconds
[2023-10-11T07:22:36.753+0000] {processor.py:157} INFO - Started process (PID=10272) to work on /home/airflow/.local/lib/python3.8/site-packages/airflow/example_dags/example_kubernetes_executor.py
[2023-10-11T07:22:36.763+0000] {processor.py:829} INFO - Processing file /home/airflow/.local/lib/python3.8/site-packages/airflow/example_dags/example_kubernetes_executor.py for tasks to queue
[2023-10-11T07:22:36.769+0000] {logging_mixin.py:151} INFO - [2023-10-11T07:22:36.768+0000] {dagbag.py:539} INFO - Filling up the DagBag from /home/airflow/.local/lib/python3.8/site-packages/airflow/example_dags/example_kubernetes_executor.py
[2023-10-11T07:22:37.053+0000] {processor.py:839} INFO - DAG(s) dict_keys(['example_kubernetes_executor']) retrieved from /home/airflow/.local/lib/python3.8/site-packages/airflow/example_dags/example_kubernetes_executor.py
[2023-10-11T07:22:37.110+0000] {logging_mixin.py:151} INFO - [2023-10-11T07:22:37.110+0000] {dag.py:2915} INFO - Sync 1 DAGs
[2023-10-11T07:22:37.124+0000] {logging_mixin.py:151} INFO - [2023-10-11T07:22:37.124+0000] {dag.py:3696} INFO - Setting next_dagrun for example_kubernetes_executor to None, run_after=None
[2023-10-11T07:22:37.143+0000] {processor.py:179} INFO - Processing /home/airflow/.local/lib/python3.8/site-packages/airflow/example_dags/example_kubernetes_executor.py took 0.400 seconds
[2023-10-11T07:23:07.307+0000] {processor.py:157} INFO - Started process (PID=10530) to work on /home/airflow/.local/lib/python3.8/site-packages/airflow/example_dags/example_kubernetes_executor.py
[2023-10-11T07:23:07.308+0000] {processor.py:829} INFO - Processing file /home/airflow/.local/lib/python3.8/site-packages/airflow/example_dags/example_kubernetes_executor.py for tasks to queue
[2023-10-11T07:23:07.309+0000] {logging_mixin.py:151} INFO - [2023-10-11T07:23:07.309+0000] {dagbag.py:539} INFO - Filling up the DagBag from /home/airflow/.local/lib/python3.8/site-packages/airflow/example_dags/example_kubernetes_executor.py
[2023-10-11T07:23:07.587+0000] {processor.py:839} INFO - DAG(s) dict_keys(['example_kubernetes_executor']) retrieved from /home/airflow/.local/lib/python3.8/site-packages/airflow/example_dags/example_kubernetes_executor.py
[2023-10-11T07:23:07.617+0000] {logging_mixin.py:151} INFO - [2023-10-11T07:23:07.617+0000] {dag.py:2915} INFO - Sync 1 DAGs
[2023-10-11T07:23:07.626+0000] {logging_mixin.py:151} INFO - [2023-10-11T07:23:07.626+0000] {dag.py:3696} INFO - Setting next_dagrun for example_kubernetes_executor to None, run_after=None
[2023-10-11T07:23:07.637+0000] {processor.py:179} INFO - Processing /home/airflow/.local/lib/python3.8/site-packages/airflow/example_dags/example_kubernetes_executor.py took 0.333 seconds
[2023-10-11T07:23:38.675+0000] {processor.py:157} INFO - Started process (PID=10783) to work on /home/airflow/.local/lib/python3.8/site-packages/airflow/example_dags/example_kubernetes_executor.py
[2023-10-11T07:23:38.676+0000] {processor.py:829} INFO - Processing file /home/airflow/.local/lib/python3.8/site-packages/airflow/example_dags/example_kubernetes_executor.py for tasks to queue
[2023-10-11T07:23:38.676+0000] {logging_mixin.py:151} INFO - [2023-10-11T07:23:38.676+0000] {dagbag.py:539} INFO - Filling up the DagBag from /home/airflow/.local/lib/python3.8/site-packages/airflow/example_dags/example_kubernetes_executor.py
[2023-10-11T07:23:38.878+0000] {processor.py:839} INFO - DAG(s) dict_keys(['example_kubernetes_executor']) retrieved from /home/airflow/.local/lib/python3.8/site-packages/airflow/example_dags/example_kubernetes_executor.py
[2023-10-11T07:23:38.908+0000] {logging_mixin.py:151} INFO - [2023-10-11T07:23:38.907+0000] {dag.py:2915} INFO - Sync 1 DAGs
[2023-10-11T07:23:38.916+0000] {logging_mixin.py:151} INFO - [2023-10-11T07:23:38.916+0000] {dag.py:3696} INFO - Setting next_dagrun for example_kubernetes_executor to None, run_after=None
[2023-10-11T07:23:38.927+0000] {processor.py:179} INFO - Processing /home/airflow/.local/lib/python3.8/site-packages/airflow/example_dags/example_kubernetes_executor.py took 0.255 seconds
[2023-10-11T07:24:09.795+0000] {processor.py:157} INFO - Started process (PID=11026) to work on /home/airflow/.local/lib/python3.8/site-packages/airflow/example_dags/example_kubernetes_executor.py
[2023-10-11T07:24:09.796+0000] {processor.py:829} INFO - Processing file /home/airflow/.local/lib/python3.8/site-packages/airflow/example_dags/example_kubernetes_executor.py for tasks to queue
[2023-10-11T07:24:09.797+0000] {logging_mixin.py:151} INFO - [2023-10-11T07:24:09.797+0000] {dagbag.py:539} INFO - Filling up the DagBag from /home/airflow/.local/lib/python3.8/site-packages/airflow/example_dags/example_kubernetes_executor.py
[2023-10-11T07:24:10.008+0000] {processor.py:839} INFO - DAG(s) dict_keys(['example_kubernetes_executor']) retrieved from /home/airflow/.local/lib/python3.8/site-packages/airflow/example_dags/example_kubernetes_executor.py
[2023-10-11T07:24:10.039+0000] {logging_mixin.py:151} INFO - [2023-10-11T07:24:10.039+0000] {dag.py:2915} INFO - Sync 1 DAGs
[2023-10-11T07:24:10.049+0000] {logging_mixin.py:151} INFO - [2023-10-11T07:24:10.049+0000] {dag.py:3696} INFO - Setting next_dagrun for example_kubernetes_executor to None, run_after=None
[2023-10-11T07:24:10.079+0000] {processor.py:179} INFO - Processing /home/airflow/.local/lib/python3.8/site-packages/airflow/example_dags/example_kubernetes_executor.py took 0.287 seconds
[2023-10-11T07:24:40.437+0000] {processor.py:157} INFO - Started process (PID=11269) to work on /home/airflow/.local/lib/python3.8/site-packages/airflow/example_dags/example_kubernetes_executor.py
[2023-10-11T07:24:40.439+0000] {processor.py:829} INFO - Processing file /home/airflow/.local/lib/python3.8/site-packages/airflow/example_dags/example_kubernetes_executor.py for tasks to queue
[2023-10-11T07:24:40.440+0000] {logging_mixin.py:151} INFO - [2023-10-11T07:24:40.439+0000] {dagbag.py:539} INFO - Filling up the DagBag from /home/airflow/.local/lib/python3.8/site-packages/airflow/example_dags/example_kubernetes_executor.py
[2023-10-11T07:24:40.689+0000] {processor.py:839} INFO - DAG(s) dict_keys(['example_kubernetes_executor']) retrieved from /home/airflow/.local/lib/python3.8/site-packages/airflow/example_dags/example_kubernetes_executor.py
[2023-10-11T07:24:40.715+0000] {logging_mixin.py:151} INFO - [2023-10-11T07:24:40.715+0000] {dag.py:2915} INFO - Sync 1 DAGs
[2023-10-11T07:24:40.725+0000] {logging_mixin.py:151} INFO - [2023-10-11T07:24:40.725+0000] {dag.py:3696} INFO - Setting next_dagrun for example_kubernetes_executor to None, run_after=None
[2023-10-11T07:24:40.738+0000] {processor.py:179} INFO - Processing /home/airflow/.local/lib/python3.8/site-packages/airflow/example_dags/example_kubernetes_executor.py took 0.307 seconds
[2023-10-11T07:25:11.542+0000] {processor.py:157} INFO - Started process (PID=11512) to work on /home/airflow/.local/lib/python3.8/site-packages/airflow/example_dags/example_kubernetes_executor.py
[2023-10-11T07:25:11.566+0000] {processor.py:829} INFO - Processing file /home/airflow/.local/lib/python3.8/site-packages/airflow/example_dags/example_kubernetes_executor.py for tasks to queue
[2023-10-11T07:25:11.572+0000] {logging_mixin.py:151} INFO - [2023-10-11T07:25:11.572+0000] {dagbag.py:539} INFO - Filling up the DagBag from /home/airflow/.local/lib/python3.8/site-packages/airflow/example_dags/example_kubernetes_executor.py
[2023-10-11T07:25:12.128+0000] {processor.py:839} INFO - DAG(s) dict_keys(['example_kubernetes_executor']) retrieved from /home/airflow/.local/lib/python3.8/site-packages/airflow/example_dags/example_kubernetes_executor.py
[2023-10-11T07:25:12.214+0000] {logging_mixin.py:151} INFO - [2023-10-11T07:25:12.213+0000] {dag.py:2915} INFO - Sync 1 DAGs
[2023-10-11T07:25:12.229+0000] {logging_mixin.py:151} INFO - [2023-10-11T07:25:12.229+0000] {dag.py:3696} INFO - Setting next_dagrun for example_kubernetes_executor to None, run_after=None
[2023-10-11T07:25:12.283+0000] {processor.py:179} INFO - Processing /home/airflow/.local/lib/python3.8/site-packages/airflow/example_dags/example_kubernetes_executor.py took 0.747 seconds
[2023-10-11T07:25:42.388+0000] {processor.py:157} INFO - Started process (PID=11758) to work on /home/airflow/.local/lib/python3.8/site-packages/airflow/example_dags/example_kubernetes_executor.py
[2023-10-11T07:25:42.390+0000] {processor.py:829} INFO - Processing file /home/airflow/.local/lib/python3.8/site-packages/airflow/example_dags/example_kubernetes_executor.py for tasks to queue
[2023-10-11T07:25:42.391+0000] {logging_mixin.py:151} INFO - [2023-10-11T07:25:42.391+0000] {dagbag.py:539} INFO - Filling up the DagBag from /home/airflow/.local/lib/python3.8/site-packages/airflow/example_dags/example_kubernetes_executor.py
[2023-10-11T07:25:42.958+0000] {processor.py:839} INFO - DAG(s) dict_keys(['example_kubernetes_executor']) retrieved from /home/airflow/.local/lib/python3.8/site-packages/airflow/example_dags/example_kubernetes_executor.py
[2023-10-11T07:25:43.025+0000] {logging_mixin.py:151} INFO - [2023-10-11T07:25:43.025+0000] {dag.py:2915} INFO - Sync 1 DAGs
[2023-10-11T07:25:43.041+0000] {logging_mixin.py:151} INFO - [2023-10-11T07:25:43.041+0000] {dag.py:3696} INFO - Setting next_dagrun for example_kubernetes_executor to None, run_after=None
[2023-10-11T07:25:43.095+0000] {processor.py:179} INFO - Processing /home/airflow/.local/lib/python3.8/site-packages/airflow/example_dags/example_kubernetes_executor.py took 0.715 seconds
[2023-10-11T07:26:13.224+0000] {processor.py:157} INFO - Started process (PID=12003) to work on /home/airflow/.local/lib/python3.8/site-packages/airflow/example_dags/example_kubernetes_executor.py
[2023-10-11T07:26:13.225+0000] {processor.py:829} INFO - Processing file /home/airflow/.local/lib/python3.8/site-packages/airflow/example_dags/example_kubernetes_executor.py for tasks to queue
[2023-10-11T07:26:13.226+0000] {logging_mixin.py:151} INFO - [2023-10-11T07:26:13.226+0000] {dagbag.py:539} INFO - Filling up the DagBag from /home/airflow/.local/lib/python3.8/site-packages/airflow/example_dags/example_kubernetes_executor.py
[2023-10-11T07:26:13.587+0000] {processor.py:839} INFO - DAG(s) dict_keys(['example_kubernetes_executor']) retrieved from /home/airflow/.local/lib/python3.8/site-packages/airflow/example_dags/example_kubernetes_executor.py
[2023-10-11T07:26:13.626+0000] {logging_mixin.py:151} INFO - [2023-10-11T07:26:13.625+0000] {dag.py:2915} INFO - Sync 1 DAGs
[2023-10-11T07:26:13.638+0000] {logging_mixin.py:151} INFO - [2023-10-11T07:26:13.638+0000] {dag.py:3696} INFO - Setting next_dagrun for example_kubernetes_executor to None, run_after=None
[2023-10-11T07:26:13.690+0000] {processor.py:179} INFO - Processing /home/airflow/.local/lib/python3.8/site-packages/airflow/example_dags/example_kubernetes_executor.py took 0.470 seconds
[2023-10-11T07:26:44.079+0000] {processor.py:157} INFO - Started process (PID=12241) to work on /home/airflow/.local/lib/python3.8/site-packages/airflow/example_dags/example_kubernetes_executor.py
[2023-10-11T07:26:44.080+0000] {processor.py:829} INFO - Processing file /home/airflow/.local/lib/python3.8/site-packages/airflow/example_dags/example_kubernetes_executor.py for tasks to queue
[2023-10-11T07:26:44.081+0000] {logging_mixin.py:151} INFO - [2023-10-11T07:26:44.080+0000] {dagbag.py:539} INFO - Filling up the DagBag from /home/airflow/.local/lib/python3.8/site-packages/airflow/example_dags/example_kubernetes_executor.py
[2023-10-11T07:26:44.438+0000] {processor.py:839} INFO - DAG(s) dict_keys(['example_kubernetes_executor']) retrieved from /home/airflow/.local/lib/python3.8/site-packages/airflow/example_dags/example_kubernetes_executor.py
[2023-10-11T07:26:44.500+0000] {logging_mixin.py:151} INFO - [2023-10-11T07:26:44.500+0000] {dag.py:2915} INFO - Sync 1 DAGs
[2023-10-11T07:26:44.511+0000] {logging_mixin.py:151} INFO - [2023-10-11T07:26:44.511+0000] {dag.py:3696} INFO - Setting next_dagrun for example_kubernetes_executor to None, run_after=None
[2023-10-11T07:26:44.530+0000] {processor.py:179} INFO - Processing /home/airflow/.local/lib/python3.8/site-packages/airflow/example_dags/example_kubernetes_executor.py took 0.455 seconds
[2023-10-11T07:27:14.703+0000] {processor.py:157} INFO - Started process (PID=12492) to work on /home/airflow/.local/lib/python3.8/site-packages/airflow/example_dags/example_kubernetes_executor.py
[2023-10-11T07:27:14.704+0000] {processor.py:829} INFO - Processing file /home/airflow/.local/lib/python3.8/site-packages/airflow/example_dags/example_kubernetes_executor.py for tasks to queue
[2023-10-11T07:27:14.705+0000] {logging_mixin.py:151} INFO - [2023-10-11T07:27:14.705+0000] {dagbag.py:539} INFO - Filling up the DagBag from /home/airflow/.local/lib/python3.8/site-packages/airflow/example_dags/example_kubernetes_executor.py
[2023-10-11T07:27:15.001+0000] {processor.py:839} INFO - DAG(s) dict_keys(['example_kubernetes_executor']) retrieved from /home/airflow/.local/lib/python3.8/site-packages/airflow/example_dags/example_kubernetes_executor.py
[2023-10-11T07:27:15.039+0000] {logging_mixin.py:151} INFO - [2023-10-11T07:27:15.038+0000] {dag.py:2915} INFO - Sync 1 DAGs
[2023-10-11T07:27:15.057+0000] {logging_mixin.py:151} INFO - [2023-10-11T07:27:15.057+0000] {dag.py:3696} INFO - Setting next_dagrun for example_kubernetes_executor to None, run_after=None
[2023-10-11T07:27:15.083+0000] {processor.py:179} INFO - Processing /home/airflow/.local/lib/python3.8/site-packages/airflow/example_dags/example_kubernetes_executor.py took 0.383 seconds
[2023-10-11T07:27:45.124+0000] {processor.py:157} INFO - Started process (PID=12740) to work on /home/airflow/.local/lib/python3.8/site-packages/airflow/example_dags/example_kubernetes_executor.py
[2023-10-11T07:27:45.125+0000] {processor.py:829} INFO - Processing file /home/airflow/.local/lib/python3.8/site-packages/airflow/example_dags/example_kubernetes_executor.py for tasks to queue
[2023-10-11T07:27:45.126+0000] {logging_mixin.py:151} INFO - [2023-10-11T07:27:45.126+0000] {dagbag.py:539} INFO - Filling up the DagBag from /home/airflow/.local/lib/python3.8/site-packages/airflow/example_dags/example_kubernetes_executor.py
[2023-10-11T07:27:45.396+0000] {processor.py:839} INFO - DAG(s) dict_keys(['example_kubernetes_executor']) retrieved from /home/airflow/.local/lib/python3.8/site-packages/airflow/example_dags/example_kubernetes_executor.py
[2023-10-11T07:27:45.428+0000] {logging_mixin.py:151} INFO - [2023-10-11T07:27:45.427+0000] {dag.py:2915} INFO - Sync 1 DAGs
[2023-10-11T07:27:45.439+0000] {logging_mixin.py:151} INFO - [2023-10-11T07:27:45.439+0000] {dag.py:3696} INFO - Setting next_dagrun for example_kubernetes_executor to None, run_after=None
[2023-10-11T07:27:45.468+0000] {processor.py:179} INFO - Processing /home/airflow/.local/lib/python3.8/site-packages/airflow/example_dags/example_kubernetes_executor.py took 0.346 seconds
[2023-10-11T07:28:15.510+0000] {processor.py:157} INFO - Started process (PID=13000) to work on /home/airflow/.local/lib/python3.8/site-packages/airflow/example_dags/example_kubernetes_executor.py
[2023-10-11T07:28:15.511+0000] {processor.py:829} INFO - Processing file /home/airflow/.local/lib/python3.8/site-packages/airflow/example_dags/example_kubernetes_executor.py for tasks to queue
[2023-10-11T07:28:15.512+0000] {logging_mixin.py:151} INFO - [2023-10-11T07:28:15.512+0000] {dagbag.py:539} INFO - Filling up the DagBag from /home/airflow/.local/lib/python3.8/site-packages/airflow/example_dags/example_kubernetes_executor.py
[2023-10-11T07:28:15.689+0000] {processor.py:839} INFO - DAG(s) dict_keys(['example_kubernetes_executor']) retrieved from /home/airflow/.local/lib/python3.8/site-packages/airflow/example_dags/example_kubernetes_executor.py
[2023-10-11T07:28:15.711+0000] {logging_mixin.py:151} INFO - [2023-10-11T07:28:15.711+0000] {dag.py:2915} INFO - Sync 1 DAGs
[2023-10-11T07:28:15.718+0000] {logging_mixin.py:151} INFO - [2023-10-11T07:28:15.718+0000] {dag.py:3696} INFO - Setting next_dagrun for example_kubernetes_executor to None, run_after=None
[2023-10-11T07:28:15.729+0000] {processor.py:179} INFO - Processing /home/airflow/.local/lib/python3.8/site-packages/airflow/example_dags/example_kubernetes_executor.py took 0.220 seconds
