[2023-10-11T07:01:37.156+0000] {processor.py:157} INFO - Started process (PID=330) to work on /home/airflow/.local/lib/python3.8/site-packages/airflow/example_dags/example_setup_teardown_taskflow.py
[2023-10-11T07:01:37.164+0000] {processor.py:829} INFO - Processing file /home/airflow/.local/lib/python3.8/site-packages/airflow/example_dags/example_setup_teardown_taskflow.py for tasks to queue
[2023-10-11T07:01:37.170+0000] {logging_mixin.py:151} INFO - [2023-10-11T07:01:37.170+0000] {dagbag.py:539} INFO - Filling up the DagBag from /home/airflow/.local/lib/python3.8/site-packages/airflow/example_dags/example_setup_teardown_taskflow.py
[2023-10-11T07:01:37.194+0000] {processor.py:839} INFO - DAG(s) dict_keys(['example_setup_teardown_taskflow']) retrieved from /home/airflow/.local/lib/python3.8/site-packages/airflow/example_dags/example_setup_teardown_taskflow.py
[2023-10-11T07:01:37.443+0000] {logging_mixin.py:151} INFO - [2023-10-11T07:01:37.443+0000] {manager.py:499} INFO - Created Permission View: %s
[2023-10-11T07:01:37.449+0000] {logging_mixin.py:151} INFO - [2023-10-11T07:01:37.449+0000] {manager.py:499} INFO - Created Permission View: %s
[2023-10-11T07:01:37.453+0000] {logging_mixin.py:151} INFO - [2023-10-11T07:01:37.453+0000] {manager.py:499} INFO - Created Permission View: %s
[2023-10-11T07:01:37.453+0000] {logging_mixin.py:151} INFO - [2023-10-11T07:01:37.453+0000] {security.py:708} INFO - Not syncing DAG-level permissions for DAG 'DAG:example_setup_teardown_taskflow' as access control is unset.
[2023-10-11T07:01:37.453+0000] {logging_mixin.py:151} INFO - [2023-10-11T07:01:37.453+0000] {dag.py:2915} INFO - Sync 1 DAGs
[2023-10-11T07:01:37.461+0000] {logging_mixin.py:151} INFO - [2023-10-11T07:01:37.460+0000] {dag.py:2937} INFO - Creating ORM DAG for example_setup_teardown_taskflow
[2023-10-11T07:01:37.469+0000] {logging_mixin.py:151} INFO - [2023-10-11T07:01:37.468+0000] {dag.py:3696} INFO - Setting next_dagrun for example_setup_teardown_taskflow to 2023-10-10T07:01:37.468755+00:00, run_after=2023-10-11T07:01:37.468755+00:00
[2023-10-11T07:01:37.493+0000] {processor.py:179} INFO - Processing /home/airflow/.local/lib/python3.8/site-packages/airflow/example_dags/example_setup_teardown_taskflow.py took 0.340 seconds
[2023-10-11T07:02:08.418+0000] {processor.py:157} INFO - Started process (PID=571) to work on /home/airflow/.local/lib/python3.8/site-packages/airflow/example_dags/example_setup_teardown_taskflow.py
[2023-10-11T07:02:08.419+0000] {processor.py:829} INFO - Processing file /home/airflow/.local/lib/python3.8/site-packages/airflow/example_dags/example_setup_teardown_taskflow.py for tasks to queue
[2023-10-11T07:02:08.419+0000] {logging_mixin.py:151} INFO - [2023-10-11T07:02:08.419+0000] {dagbag.py:539} INFO - Filling up the DagBag from /home/airflow/.local/lib/python3.8/site-packages/airflow/example_dags/example_setup_teardown_taskflow.py
[2023-10-11T07:02:08.427+0000] {processor.py:839} INFO - DAG(s) dict_keys(['example_setup_teardown_taskflow']) retrieved from /home/airflow/.local/lib/python3.8/site-packages/airflow/example_dags/example_setup_teardown_taskflow.py
[2023-10-11T07:02:08.442+0000] {logging_mixin.py:151} INFO - [2023-10-11T07:02:08.442+0000] {dag.py:2915} INFO - Sync 1 DAGs
[2023-10-11T07:02:08.455+0000] {logging_mixin.py:151} INFO - [2023-10-11T07:02:08.455+0000] {dag.py:3696} INFO - Setting next_dagrun for example_setup_teardown_taskflow to 2023-10-10T07:02:08.455366+00:00, run_after=2023-10-11T07:02:08.455366+00:00
[2023-10-11T07:02:08.485+0000] {processor.py:179} INFO - Processing /home/airflow/.local/lib/python3.8/site-packages/airflow/example_dags/example_setup_teardown_taskflow.py took 0.071 seconds
[2023-10-11T07:02:39.274+0000] {processor.py:157} INFO - Started process (PID=808) to work on /home/airflow/.local/lib/python3.8/site-packages/airflow/example_dags/example_setup_teardown_taskflow.py
[2023-10-11T07:02:39.283+0000] {processor.py:829} INFO - Processing file /home/airflow/.local/lib/python3.8/site-packages/airflow/example_dags/example_setup_teardown_taskflow.py for tasks to queue
[2023-10-11T07:02:39.285+0000] {logging_mixin.py:151} INFO - [2023-10-11T07:02:39.285+0000] {dagbag.py:539} INFO - Filling up the DagBag from /home/airflow/.local/lib/python3.8/site-packages/airflow/example_dags/example_setup_teardown_taskflow.py
[2023-10-11T07:02:39.315+0000] {processor.py:839} INFO - DAG(s) dict_keys(['example_setup_teardown_taskflow']) retrieved from /home/airflow/.local/lib/python3.8/site-packages/airflow/example_dags/example_setup_teardown_taskflow.py
[2023-10-11T07:02:39.370+0000] {logging_mixin.py:151} INFO - [2023-10-11T07:02:39.370+0000] {dag.py:2915} INFO - Sync 1 DAGs
[2023-10-11T07:02:39.411+0000] {logging_mixin.py:151} INFO - [2023-10-11T07:02:39.410+0000] {dag.py:3696} INFO - Setting next_dagrun for example_setup_teardown_taskflow to 2023-10-10T07:02:39.410527+00:00, run_after=2023-10-11T07:02:39.410527+00:00
[2023-10-11T07:02:39.422+0000] {processor.py:179} INFO - Processing /home/airflow/.local/lib/python3.8/site-packages/airflow/example_dags/example_setup_teardown_taskflow.py took 0.176 seconds
[2023-10-11T07:03:09.663+0000] {processor.py:157} INFO - Started process (PID=1044) to work on /home/airflow/.local/lib/python3.8/site-packages/airflow/example_dags/example_setup_teardown_taskflow.py
[2023-10-11T07:03:09.682+0000] {processor.py:829} INFO - Processing file /home/airflow/.local/lib/python3.8/site-packages/airflow/example_dags/example_setup_teardown_taskflow.py for tasks to queue
[2023-10-11T07:03:09.687+0000] {logging_mixin.py:151} INFO - [2023-10-11T07:03:09.686+0000] {dagbag.py:539} INFO - Filling up the DagBag from /home/airflow/.local/lib/python3.8/site-packages/airflow/example_dags/example_setup_teardown_taskflow.py
[2023-10-11T07:03:09.698+0000] {processor.py:839} INFO - DAG(s) dict_keys(['example_setup_teardown_taskflow']) retrieved from /home/airflow/.local/lib/python3.8/site-packages/airflow/example_dags/example_setup_teardown_taskflow.py
[2023-10-11T07:03:09.723+0000] {logging_mixin.py:151} INFO - [2023-10-11T07:03:09.723+0000] {dag.py:2915} INFO - Sync 1 DAGs
[2023-10-11T07:03:09.833+0000] {logging_mixin.py:151} INFO - [2023-10-11T07:03:09.832+0000] {dag.py:3696} INFO - Setting next_dagrun for example_setup_teardown_taskflow to 2023-10-10T07:03:09.831095+00:00, run_after=2023-10-11T07:03:09.831095+00:00
[2023-10-11T07:03:10.005+0000] {processor.py:179} INFO - Processing /home/airflow/.local/lib/python3.8/site-packages/airflow/example_dags/example_setup_teardown_taskflow.py took 0.355 seconds
[2023-10-11T07:03:40.049+0000] {processor.py:157} INFO - Started process (PID=1284) to work on /home/airflow/.local/lib/python3.8/site-packages/airflow/example_dags/example_setup_teardown_taskflow.py
[2023-10-11T07:03:40.049+0000] {processor.py:829} INFO - Processing file /home/airflow/.local/lib/python3.8/site-packages/airflow/example_dags/example_setup_teardown_taskflow.py for tasks to queue
[2023-10-11T07:03:40.050+0000] {logging_mixin.py:151} INFO - [2023-10-11T07:03:40.050+0000] {dagbag.py:539} INFO - Filling up the DagBag from /home/airflow/.local/lib/python3.8/site-packages/airflow/example_dags/example_setup_teardown_taskflow.py
[2023-10-11T07:03:40.058+0000] {processor.py:839} INFO - DAG(s) dict_keys(['example_setup_teardown_taskflow']) retrieved from /home/airflow/.local/lib/python3.8/site-packages/airflow/example_dags/example_setup_teardown_taskflow.py
[2023-10-11T07:03:40.089+0000] {logging_mixin.py:151} INFO - [2023-10-11T07:03:40.089+0000] {dag.py:2915} INFO - Sync 1 DAGs
[2023-10-11T07:03:40.100+0000] {logging_mixin.py:151} INFO - [2023-10-11T07:03:40.100+0000] {dag.py:3696} INFO - Setting next_dagrun for example_setup_teardown_taskflow to 2023-10-10T07:03:40.100433+00:00, run_after=2023-10-11T07:03:40.100433+00:00
[2023-10-11T07:03:40.109+0000] {processor.py:179} INFO - Processing /home/airflow/.local/lib/python3.8/site-packages/airflow/example_dags/example_setup_teardown_taskflow.py took 0.063 seconds
[2023-10-11T07:04:10.436+0000] {processor.py:157} INFO - Started process (PID=1520) to work on /home/airflow/.local/lib/python3.8/site-packages/airflow/example_dags/example_setup_teardown_taskflow.py
[2023-10-11T07:04:10.437+0000] {processor.py:829} INFO - Processing file /home/airflow/.local/lib/python3.8/site-packages/airflow/example_dags/example_setup_teardown_taskflow.py for tasks to queue
[2023-10-11T07:04:10.438+0000] {logging_mixin.py:151} INFO - [2023-10-11T07:04:10.438+0000] {dagbag.py:539} INFO - Filling up the DagBag from /home/airflow/.local/lib/python3.8/site-packages/airflow/example_dags/example_setup_teardown_taskflow.py
[2023-10-11T07:04:10.445+0000] {processor.py:839} INFO - DAG(s) dict_keys(['example_setup_teardown_taskflow']) retrieved from /home/airflow/.local/lib/python3.8/site-packages/airflow/example_dags/example_setup_teardown_taskflow.py
[2023-10-11T07:04:10.468+0000] {logging_mixin.py:151} INFO - [2023-10-11T07:04:10.468+0000] {dag.py:2915} INFO - Sync 1 DAGs
[2023-10-11T07:04:10.490+0000] {logging_mixin.py:151} INFO - [2023-10-11T07:04:10.490+0000] {dag.py:3696} INFO - Setting next_dagrun for example_setup_teardown_taskflow to 2023-10-10T07:04:10.490396+00:00, run_after=2023-10-11T07:04:10.490396+00:00
[2023-10-11T07:04:10.501+0000] {processor.py:179} INFO - Processing /home/airflow/.local/lib/python3.8/site-packages/airflow/example_dags/example_setup_teardown_taskflow.py took 0.067 seconds
[2023-10-11T07:04:41.239+0000] {processor.py:157} INFO - Started process (PID=1758) to work on /home/airflow/.local/lib/python3.8/site-packages/airflow/example_dags/example_setup_teardown_taskflow.py
[2023-10-11T07:04:41.240+0000] {processor.py:829} INFO - Processing file /home/airflow/.local/lib/python3.8/site-packages/airflow/example_dags/example_setup_teardown_taskflow.py for tasks to queue
[2023-10-11T07:04:41.241+0000] {logging_mixin.py:151} INFO - [2023-10-11T07:04:41.240+0000] {dagbag.py:539} INFO - Filling up the DagBag from /home/airflow/.local/lib/python3.8/site-packages/airflow/example_dags/example_setup_teardown_taskflow.py
[2023-10-11T07:04:41.247+0000] {processor.py:839} INFO - DAG(s) dict_keys(['example_setup_teardown_taskflow']) retrieved from /home/airflow/.local/lib/python3.8/site-packages/airflow/example_dags/example_setup_teardown_taskflow.py
[2023-10-11T07:04:41.272+0000] {logging_mixin.py:151} INFO - [2023-10-11T07:04:41.272+0000] {dag.py:2915} INFO - Sync 1 DAGs
[2023-10-11T07:04:41.301+0000] {logging_mixin.py:151} INFO - [2023-10-11T07:04:41.301+0000] {dag.py:3696} INFO - Setting next_dagrun for example_setup_teardown_taskflow to 2023-10-10T07:04:41.300785+00:00, run_after=2023-10-11T07:04:41.300785+00:00
[2023-10-11T07:04:41.313+0000] {processor.py:179} INFO - Processing /home/airflow/.local/lib/python3.8/site-packages/airflow/example_dags/example_setup_teardown_taskflow.py took 0.077 seconds
[2023-10-11T07:05:11.825+0000] {processor.py:157} INFO - Started process (PID=1996) to work on /home/airflow/.local/lib/python3.8/site-packages/airflow/example_dags/example_setup_teardown_taskflow.py
[2023-10-11T07:05:11.826+0000] {processor.py:829} INFO - Processing file /home/airflow/.local/lib/python3.8/site-packages/airflow/example_dags/example_setup_teardown_taskflow.py for tasks to queue
[2023-10-11T07:05:11.826+0000] {logging_mixin.py:151} INFO - [2023-10-11T07:05:11.826+0000] {dagbag.py:539} INFO - Filling up the DagBag from /home/airflow/.local/lib/python3.8/site-packages/airflow/example_dags/example_setup_teardown_taskflow.py
[2023-10-11T07:05:11.833+0000] {processor.py:839} INFO - DAG(s) dict_keys(['example_setup_teardown_taskflow']) retrieved from /home/airflow/.local/lib/python3.8/site-packages/airflow/example_dags/example_setup_teardown_taskflow.py
[2023-10-11T07:05:11.849+0000] {logging_mixin.py:151} INFO - [2023-10-11T07:05:11.849+0000] {dag.py:2915} INFO - Sync 1 DAGs
[2023-10-11T07:05:11.885+0000] {logging_mixin.py:151} INFO - [2023-10-11T07:05:11.885+0000] {dag.py:3696} INFO - Setting next_dagrun for example_setup_teardown_taskflow to 2023-10-10T07:05:11.885595+00:00, run_after=2023-10-11T07:05:11.885595+00:00
[2023-10-11T07:05:11.897+0000] {processor.py:179} INFO - Processing /home/airflow/.local/lib/python3.8/site-packages/airflow/example_dags/example_setup_teardown_taskflow.py took 0.075 seconds
[2023-10-11T07:05:42.397+0000] {processor.py:157} INFO - Started process (PID=2234) to work on /home/airflow/.local/lib/python3.8/site-packages/airflow/example_dags/example_setup_teardown_taskflow.py
[2023-10-11T07:05:42.398+0000] {processor.py:829} INFO - Processing file /home/airflow/.local/lib/python3.8/site-packages/airflow/example_dags/example_setup_teardown_taskflow.py for tasks to queue
[2023-10-11T07:05:42.398+0000] {logging_mixin.py:151} INFO - [2023-10-11T07:05:42.398+0000] {dagbag.py:539} INFO - Filling up the DagBag from /home/airflow/.local/lib/python3.8/site-packages/airflow/example_dags/example_setup_teardown_taskflow.py
[2023-10-11T07:05:42.404+0000] {processor.py:839} INFO - DAG(s) dict_keys(['example_setup_teardown_taskflow']) retrieved from /home/airflow/.local/lib/python3.8/site-packages/airflow/example_dags/example_setup_teardown_taskflow.py
[2023-10-11T07:05:42.419+0000] {logging_mixin.py:151} INFO - [2023-10-11T07:05:42.418+0000] {dag.py:2915} INFO - Sync 1 DAGs
[2023-10-11T07:05:42.430+0000] {logging_mixin.py:151} INFO - [2023-10-11T07:05:42.430+0000] {dag.py:3696} INFO - Setting next_dagrun for example_setup_teardown_taskflow to 2023-10-10T07:05:42.430634+00:00, run_after=2023-10-11T07:05:42.430634+00:00
[2023-10-11T07:05:42.441+0000] {processor.py:179} INFO - Processing /home/airflow/.local/lib/python3.8/site-packages/airflow/example_dags/example_setup_teardown_taskflow.py took 0.047 seconds
[2023-10-11T07:06:12.910+0000] {processor.py:157} INFO - Started process (PID=2472) to work on /home/airflow/.local/lib/python3.8/site-packages/airflow/example_dags/example_setup_teardown_taskflow.py
[2023-10-11T07:06:12.911+0000] {processor.py:829} INFO - Processing file /home/airflow/.local/lib/python3.8/site-packages/airflow/example_dags/example_setup_teardown_taskflow.py for tasks to queue
[2023-10-11T07:06:12.911+0000] {logging_mixin.py:151} INFO - [2023-10-11T07:06:12.911+0000] {dagbag.py:539} INFO - Filling up the DagBag from /home/airflow/.local/lib/python3.8/site-packages/airflow/example_dags/example_setup_teardown_taskflow.py
[2023-10-11T07:06:12.918+0000] {processor.py:839} INFO - DAG(s) dict_keys(['example_setup_teardown_taskflow']) retrieved from /home/airflow/.local/lib/python3.8/site-packages/airflow/example_dags/example_setup_teardown_taskflow.py
[2023-10-11T07:06:12.932+0000] {logging_mixin.py:151} INFO - [2023-10-11T07:06:12.932+0000] {dag.py:2915} INFO - Sync 1 DAGs
[2023-10-11T07:06:12.948+0000] {logging_mixin.py:151} INFO - [2023-10-11T07:06:12.948+0000] {dag.py:3696} INFO - Setting next_dagrun for example_setup_teardown_taskflow to 2023-10-10T07:06:12.947984+00:00, run_after=2023-10-11T07:06:12.947984+00:00
[2023-10-11T07:06:12.978+0000] {processor.py:179} INFO - Processing /home/airflow/.local/lib/python3.8/site-packages/airflow/example_dags/example_setup_teardown_taskflow.py took 0.070 seconds
[2023-10-11T07:06:43.318+0000] {processor.py:157} INFO - Started process (PID=2715) to work on /home/airflow/.local/lib/python3.8/site-packages/airflow/example_dags/example_setup_teardown_taskflow.py
[2023-10-11T07:06:43.319+0000] {processor.py:829} INFO - Processing file /home/airflow/.local/lib/python3.8/site-packages/airflow/example_dags/example_setup_teardown_taskflow.py for tasks to queue
[2023-10-11T07:06:43.319+0000] {logging_mixin.py:151} INFO - [2023-10-11T07:06:43.319+0000] {dagbag.py:539} INFO - Filling up the DagBag from /home/airflow/.local/lib/python3.8/site-packages/airflow/example_dags/example_setup_teardown_taskflow.py
[2023-10-11T07:06:43.326+0000] {processor.py:839} INFO - DAG(s) dict_keys(['example_setup_teardown_taskflow']) retrieved from /home/airflow/.local/lib/python3.8/site-packages/airflow/example_dags/example_setup_teardown_taskflow.py
[2023-10-11T07:06:43.340+0000] {logging_mixin.py:151} INFO - [2023-10-11T07:06:43.340+0000] {dag.py:2915} INFO - Sync 1 DAGs
[2023-10-11T07:06:43.363+0000] {logging_mixin.py:151} INFO - [2023-10-11T07:06:43.362+0000] {dag.py:3696} INFO - Setting next_dagrun for example_setup_teardown_taskflow to 2023-10-10T07:06:43.362373+00:00, run_after=2023-10-11T07:06:43.362373+00:00
[2023-10-11T07:06:43.373+0000] {processor.py:179} INFO - Processing /home/airflow/.local/lib/python3.8/site-packages/airflow/example_dags/example_setup_teardown_taskflow.py took 0.058 seconds
[2023-10-11T07:07:14.340+0000] {processor.py:157} INFO - Started process (PID=2957) to work on /home/airflow/.local/lib/python3.8/site-packages/airflow/example_dags/example_setup_teardown_taskflow.py
[2023-10-11T07:07:14.341+0000] {processor.py:829} INFO - Processing file /home/airflow/.local/lib/python3.8/site-packages/airflow/example_dags/example_setup_teardown_taskflow.py for tasks to queue
[2023-10-11T07:07:14.341+0000] {logging_mixin.py:151} INFO - [2023-10-11T07:07:14.341+0000] {dagbag.py:539} INFO - Filling up the DagBag from /home/airflow/.local/lib/python3.8/site-packages/airflow/example_dags/example_setup_teardown_taskflow.py
[2023-10-11T07:07:14.348+0000] {processor.py:839} INFO - DAG(s) dict_keys(['example_setup_teardown_taskflow']) retrieved from /home/airflow/.local/lib/python3.8/site-packages/airflow/example_dags/example_setup_teardown_taskflow.py
[2023-10-11T07:07:14.365+0000] {logging_mixin.py:151} INFO - [2023-10-11T07:07:14.365+0000] {dag.py:2915} INFO - Sync 1 DAGs
[2023-10-11T07:07:14.381+0000] {logging_mixin.py:151} INFO - [2023-10-11T07:07:14.381+0000] {dag.py:3696} INFO - Setting next_dagrun for example_setup_teardown_taskflow to 2023-10-10T07:07:14.381692+00:00, run_after=2023-10-11T07:07:14.381692+00:00
[2023-10-11T07:07:14.399+0000] {processor.py:179} INFO - Processing /home/airflow/.local/lib/python3.8/site-packages/airflow/example_dags/example_setup_teardown_taskflow.py took 0.062 seconds
[2023-10-11T07:07:46.176+0000] {processor.py:157} INFO - Started process (PID=3205) to work on /home/airflow/.local/lib/python3.8/site-packages/airflow/example_dags/example_setup_teardown_taskflow.py
[2023-10-11T07:07:46.178+0000] {processor.py:829} INFO - Processing file /home/airflow/.local/lib/python3.8/site-packages/airflow/example_dags/example_setup_teardown_taskflow.py for tasks to queue
[2023-10-11T07:07:46.180+0000] {logging_mixin.py:151} INFO - [2023-10-11T07:07:46.180+0000] {dagbag.py:539} INFO - Filling up the DagBag from /home/airflow/.local/lib/python3.8/site-packages/airflow/example_dags/example_setup_teardown_taskflow.py
[2023-10-11T07:07:46.217+0000] {processor.py:839} INFO - DAG(s) dict_keys(['example_setup_teardown_taskflow']) retrieved from /home/airflow/.local/lib/python3.8/site-packages/airflow/example_dags/example_setup_teardown_taskflow.py
[2023-10-11T07:07:46.252+0000] {logging_mixin.py:151} INFO - [2023-10-11T07:07:46.252+0000] {dag.py:2915} INFO - Sync 1 DAGs
[2023-10-11T07:07:46.297+0000] {logging_mixin.py:151} INFO - [2023-10-11T07:07:46.296+0000] {dag.py:3696} INFO - Setting next_dagrun for example_setup_teardown_taskflow to 2023-10-10T07:07:46.295830+00:00, run_after=2023-10-11T07:07:46.295830+00:00
[2023-10-11T07:07:46.329+0000] {processor.py:179} INFO - Processing /home/airflow/.local/lib/python3.8/site-packages/airflow/example_dags/example_setup_teardown_taskflow.py took 0.156 seconds
[2023-10-11T07:08:16.790+0000] {processor.py:157} INFO - Started process (PID=3474) to work on /home/airflow/.local/lib/python3.8/site-packages/airflow/example_dags/example_setup_teardown_taskflow.py
[2023-10-11T07:08:16.790+0000] {processor.py:829} INFO - Processing file /home/airflow/.local/lib/python3.8/site-packages/airflow/example_dags/example_setup_teardown_taskflow.py for tasks to queue
[2023-10-11T07:08:16.791+0000] {logging_mixin.py:151} INFO - [2023-10-11T07:08:16.791+0000] {dagbag.py:539} INFO - Filling up the DagBag from /home/airflow/.local/lib/python3.8/site-packages/airflow/example_dags/example_setup_teardown_taskflow.py
[2023-10-11T07:08:16.798+0000] {processor.py:839} INFO - DAG(s) dict_keys(['example_setup_teardown_taskflow']) retrieved from /home/airflow/.local/lib/python3.8/site-packages/airflow/example_dags/example_setup_teardown_taskflow.py
[2023-10-11T07:08:16.812+0000] {logging_mixin.py:151} INFO - [2023-10-11T07:08:16.812+0000] {dag.py:2915} INFO - Sync 1 DAGs
[2023-10-11T07:08:16.824+0000] {logging_mixin.py:151} INFO - [2023-10-11T07:08:16.824+0000] {dag.py:3696} INFO - Setting next_dagrun for example_setup_teardown_taskflow to 2023-10-10T07:08:16.824358+00:00, run_after=2023-10-11T07:08:16.824358+00:00
[2023-10-11T07:08:16.834+0000] {processor.py:179} INFO - Processing /home/airflow/.local/lib/python3.8/site-packages/airflow/example_dags/example_setup_teardown_taskflow.py took 0.047 seconds
[2023-10-11T07:08:47.736+0000] {processor.py:157} INFO - Started process (PID=3717) to work on /home/airflow/.local/lib/python3.8/site-packages/airflow/example_dags/example_setup_teardown_taskflow.py
[2023-10-11T07:08:47.737+0000] {processor.py:829} INFO - Processing file /home/airflow/.local/lib/python3.8/site-packages/airflow/example_dags/example_setup_teardown_taskflow.py for tasks to queue
[2023-10-11T07:08:47.738+0000] {logging_mixin.py:151} INFO - [2023-10-11T07:08:47.738+0000] {dagbag.py:539} INFO - Filling up the DagBag from /home/airflow/.local/lib/python3.8/site-packages/airflow/example_dags/example_setup_teardown_taskflow.py
[2023-10-11T07:08:47.746+0000] {processor.py:839} INFO - DAG(s) dict_keys(['example_setup_teardown_taskflow']) retrieved from /home/airflow/.local/lib/python3.8/site-packages/airflow/example_dags/example_setup_teardown_taskflow.py
[2023-10-11T07:08:47.801+0000] {logging_mixin.py:151} INFO - [2023-10-11T07:08:47.801+0000] {dag.py:2915} INFO - Sync 1 DAGs
[2023-10-11T07:08:47.824+0000] {logging_mixin.py:151} INFO - [2023-10-11T07:08:47.824+0000] {dag.py:3696} INFO - Setting next_dagrun for example_setup_teardown_taskflow to 2023-10-10T07:08:47.823918+00:00, run_after=2023-10-11T07:08:47.823918+00:00
[2023-10-11T07:08:47.834+0000] {processor.py:179} INFO - Processing /home/airflow/.local/lib/python3.8/site-packages/airflow/example_dags/example_setup_teardown_taskflow.py took 0.101 seconds
[2023-10-11T07:09:18.220+0000] {processor.py:157} INFO - Started process (PID=3960) to work on /home/airflow/.local/lib/python3.8/site-packages/airflow/example_dags/example_setup_teardown_taskflow.py
[2023-10-11T07:09:18.221+0000] {processor.py:829} INFO - Processing file /home/airflow/.local/lib/python3.8/site-packages/airflow/example_dags/example_setup_teardown_taskflow.py for tasks to queue
[2023-10-11T07:09:18.222+0000] {logging_mixin.py:151} INFO - [2023-10-11T07:09:18.222+0000] {dagbag.py:539} INFO - Filling up the DagBag from /home/airflow/.local/lib/python3.8/site-packages/airflow/example_dags/example_setup_teardown_taskflow.py
[2023-10-11T07:09:18.230+0000] {processor.py:839} INFO - DAG(s) dict_keys(['example_setup_teardown_taskflow']) retrieved from /home/airflow/.local/lib/python3.8/site-packages/airflow/example_dags/example_setup_teardown_taskflow.py
[2023-10-11T07:09:18.246+0000] {logging_mixin.py:151} INFO - [2023-10-11T07:09:18.246+0000] {dag.py:2915} INFO - Sync 1 DAGs
[2023-10-11T07:09:18.265+0000] {logging_mixin.py:151} INFO - [2023-10-11T07:09:18.265+0000] {dag.py:3696} INFO - Setting next_dagrun for example_setup_teardown_taskflow to 2023-10-10T07:09:18.265492+00:00, run_after=2023-10-11T07:09:18.265492+00:00
[2023-10-11T07:09:18.289+0000] {processor.py:179} INFO - Processing /home/airflow/.local/lib/python3.8/site-packages/airflow/example_dags/example_setup_teardown_taskflow.py took 0.071 seconds
[2023-10-11T07:09:48.618+0000] {processor.py:157} INFO - Started process (PID=4203) to work on /home/airflow/.local/lib/python3.8/site-packages/airflow/example_dags/example_setup_teardown_taskflow.py
[2023-10-11T07:09:48.619+0000] {processor.py:829} INFO - Processing file /home/airflow/.local/lib/python3.8/site-packages/airflow/example_dags/example_setup_teardown_taskflow.py for tasks to queue
[2023-10-11T07:09:48.620+0000] {logging_mixin.py:151} INFO - [2023-10-11T07:09:48.619+0000] {dagbag.py:539} INFO - Filling up the DagBag from /home/airflow/.local/lib/python3.8/site-packages/airflow/example_dags/example_setup_teardown_taskflow.py
[2023-10-11T07:09:48.631+0000] {processor.py:839} INFO - DAG(s) dict_keys(['example_setup_teardown_taskflow']) retrieved from /home/airflow/.local/lib/python3.8/site-packages/airflow/example_dags/example_setup_teardown_taskflow.py
[2023-10-11T07:09:48.654+0000] {logging_mixin.py:151} INFO - [2023-10-11T07:09:48.654+0000] {dag.py:2915} INFO - Sync 1 DAGs
[2023-10-11T07:09:48.694+0000] {logging_mixin.py:151} INFO - [2023-10-11T07:09:48.694+0000] {dag.py:3696} INFO - Setting next_dagrun for example_setup_teardown_taskflow to 2023-10-10T07:09:48.694291+00:00, run_after=2023-10-11T07:09:48.694291+00:00
[2023-10-11T07:09:48.706+0000] {processor.py:179} INFO - Processing /home/airflow/.local/lib/python3.8/site-packages/airflow/example_dags/example_setup_teardown_taskflow.py took 0.091 seconds
[2023-10-11T07:10:19.409+0000] {processor.py:157} INFO - Started process (PID=4446) to work on /home/airflow/.local/lib/python3.8/site-packages/airflow/example_dags/example_setup_teardown_taskflow.py
[2023-10-11T07:10:19.411+0000] {processor.py:829} INFO - Processing file /home/airflow/.local/lib/python3.8/site-packages/airflow/example_dags/example_setup_teardown_taskflow.py for tasks to queue
[2023-10-11T07:10:19.411+0000] {logging_mixin.py:151} INFO - [2023-10-11T07:10:19.411+0000] {dagbag.py:539} INFO - Filling up the DagBag from /home/airflow/.local/lib/python3.8/site-packages/airflow/example_dags/example_setup_teardown_taskflow.py
[2023-10-11T07:10:19.419+0000] {processor.py:839} INFO - DAG(s) dict_keys(['example_setup_teardown_taskflow']) retrieved from /home/airflow/.local/lib/python3.8/site-packages/airflow/example_dags/example_setup_teardown_taskflow.py
[2023-10-11T07:10:19.435+0000] {logging_mixin.py:151} INFO - [2023-10-11T07:10:19.434+0000] {dag.py:2915} INFO - Sync 1 DAGs
[2023-10-11T07:10:19.448+0000] {logging_mixin.py:151} INFO - [2023-10-11T07:10:19.448+0000] {dag.py:3696} INFO - Setting next_dagrun for example_setup_teardown_taskflow to 2023-10-10T07:10:19.447860+00:00, run_after=2023-10-11T07:10:19.447860+00:00
[2023-10-11T07:10:19.483+0000] {processor.py:179} INFO - Processing /home/airflow/.local/lib/python3.8/site-packages/airflow/example_dags/example_setup_teardown_taskflow.py took 0.077 seconds
[2023-10-11T07:10:49.914+0000] {processor.py:157} INFO - Started process (PID=4689) to work on /home/airflow/.local/lib/python3.8/site-packages/airflow/example_dags/example_setup_teardown_taskflow.py
[2023-10-11T07:10:49.915+0000] {processor.py:829} INFO - Processing file /home/airflow/.local/lib/python3.8/site-packages/airflow/example_dags/example_setup_teardown_taskflow.py for tasks to queue
[2023-10-11T07:10:49.916+0000] {logging_mixin.py:151} INFO - [2023-10-11T07:10:49.915+0000] {dagbag.py:539} INFO - Filling up the DagBag from /home/airflow/.local/lib/python3.8/site-packages/airflow/example_dags/example_setup_teardown_taskflow.py
[2023-10-11T07:10:49.923+0000] {processor.py:839} INFO - DAG(s) dict_keys(['example_setup_teardown_taskflow']) retrieved from /home/airflow/.local/lib/python3.8/site-packages/airflow/example_dags/example_setup_teardown_taskflow.py
[2023-10-11T07:10:49.939+0000] {logging_mixin.py:151} INFO - [2023-10-11T07:10:49.939+0000] {dag.py:2915} INFO - Sync 1 DAGs
[2023-10-11T07:10:49.966+0000] {logging_mixin.py:151} INFO - [2023-10-11T07:10:49.966+0000] {dag.py:3696} INFO - Setting next_dagrun for example_setup_teardown_taskflow to 2023-10-10T07:10:49.966200+00:00, run_after=2023-10-11T07:10:49.966200+00:00
[2023-10-11T07:10:49.989+0000] {processor.py:179} INFO - Processing /home/airflow/.local/lib/python3.8/site-packages/airflow/example_dags/example_setup_teardown_taskflow.py took 0.078 seconds
[2023-10-11T07:11:20.194+0000] {processor.py:157} INFO - Started process (PID=4932) to work on /home/airflow/.local/lib/python3.8/site-packages/airflow/example_dags/example_setup_teardown_taskflow.py
[2023-10-11T07:11:20.195+0000] {processor.py:829} INFO - Processing file /home/airflow/.local/lib/python3.8/site-packages/airflow/example_dags/example_setup_teardown_taskflow.py for tasks to queue
[2023-10-11T07:11:20.196+0000] {logging_mixin.py:151} INFO - [2023-10-11T07:11:20.196+0000] {dagbag.py:539} INFO - Filling up the DagBag from /home/airflow/.local/lib/python3.8/site-packages/airflow/example_dags/example_setup_teardown_taskflow.py
[2023-10-11T07:11:20.208+0000] {processor.py:839} INFO - DAG(s) dict_keys(['example_setup_teardown_taskflow']) retrieved from /home/airflow/.local/lib/python3.8/site-packages/airflow/example_dags/example_setup_teardown_taskflow.py
[2023-10-11T07:11:20.226+0000] {logging_mixin.py:151} INFO - [2023-10-11T07:11:20.226+0000] {dag.py:2915} INFO - Sync 1 DAGs
[2023-10-11T07:11:20.242+0000] {logging_mixin.py:151} INFO - [2023-10-11T07:11:20.241+0000] {dag.py:3696} INFO - Setting next_dagrun for example_setup_teardown_taskflow to 2023-10-10T07:11:20.241705+00:00, run_after=2023-10-11T07:11:20.241705+00:00
[2023-10-11T07:11:20.276+0000] {processor.py:179} INFO - Processing /home/airflow/.local/lib/python3.8/site-packages/airflow/example_dags/example_setup_teardown_taskflow.py took 0.087 seconds
[2023-10-11T07:11:51.097+0000] {processor.py:157} INFO - Started process (PID=5175) to work on /home/airflow/.local/lib/python3.8/site-packages/airflow/example_dags/example_setup_teardown_taskflow.py
[2023-10-11T07:11:51.098+0000] {processor.py:829} INFO - Processing file /home/airflow/.local/lib/python3.8/site-packages/airflow/example_dags/example_setup_teardown_taskflow.py for tasks to queue
[2023-10-11T07:11:51.099+0000] {logging_mixin.py:151} INFO - [2023-10-11T07:11:51.099+0000] {dagbag.py:539} INFO - Filling up the DagBag from /home/airflow/.local/lib/python3.8/site-packages/airflow/example_dags/example_setup_teardown_taskflow.py
[2023-10-11T07:11:51.106+0000] {processor.py:839} INFO - DAG(s) dict_keys(['example_setup_teardown_taskflow']) retrieved from /home/airflow/.local/lib/python3.8/site-packages/airflow/example_dags/example_setup_teardown_taskflow.py
[2023-10-11T07:11:51.121+0000] {logging_mixin.py:151} INFO - [2023-10-11T07:11:51.120+0000] {dag.py:2915} INFO - Sync 1 DAGs
[2023-10-11T07:11:51.134+0000] {logging_mixin.py:151} INFO - [2023-10-11T07:11:51.134+0000] {dag.py:3696} INFO - Setting next_dagrun for example_setup_teardown_taskflow to 2023-10-10T07:11:51.134617+00:00, run_after=2023-10-11T07:11:51.134617+00:00
[2023-10-11T07:11:51.145+0000] {processor.py:179} INFO - Processing /home/airflow/.local/lib/python3.8/site-packages/airflow/example_dags/example_setup_teardown_taskflow.py took 0.050 seconds
[2023-10-11T07:12:22.211+0000] {processor.py:157} INFO - Started process (PID=5420) to work on /home/airflow/.local/lib/python3.8/site-packages/airflow/example_dags/example_setup_teardown_taskflow.py
[2023-10-11T07:12:22.212+0000] {processor.py:829} INFO - Processing file /home/airflow/.local/lib/python3.8/site-packages/airflow/example_dags/example_setup_teardown_taskflow.py for tasks to queue
[2023-10-11T07:12:22.213+0000] {logging_mixin.py:151} INFO - [2023-10-11T07:12:22.213+0000] {dagbag.py:539} INFO - Filling up the DagBag from /home/airflow/.local/lib/python3.8/site-packages/airflow/example_dags/example_setup_teardown_taskflow.py
[2023-10-11T07:12:22.223+0000] {processor.py:839} INFO - DAG(s) dict_keys(['example_setup_teardown_taskflow']) retrieved from /home/airflow/.local/lib/python3.8/site-packages/airflow/example_dags/example_setup_teardown_taskflow.py
[2023-10-11T07:12:22.244+0000] {logging_mixin.py:151} INFO - [2023-10-11T07:12:22.244+0000] {dag.py:2915} INFO - Sync 1 DAGs
[2023-10-11T07:12:22.276+0000] {logging_mixin.py:151} INFO - [2023-10-11T07:12:22.275+0000] {dag.py:3696} INFO - Setting next_dagrun for example_setup_teardown_taskflow to 2023-10-10T07:12:22.274197+00:00, run_after=2023-10-11T07:12:22.274197+00:00
[2023-10-11T07:12:22.298+0000] {processor.py:179} INFO - Processing /home/airflow/.local/lib/python3.8/site-packages/airflow/example_dags/example_setup_teardown_taskflow.py took 0.090 seconds
[2023-10-11T07:12:53.112+0000] {processor.py:157} INFO - Started process (PID=5661) to work on /home/airflow/.local/lib/python3.8/site-packages/airflow/example_dags/example_setup_teardown_taskflow.py
[2023-10-11T07:12:53.113+0000] {processor.py:829} INFO - Processing file /home/airflow/.local/lib/python3.8/site-packages/airflow/example_dags/example_setup_teardown_taskflow.py for tasks to queue
[2023-10-11T07:12:53.114+0000] {logging_mixin.py:151} INFO - [2023-10-11T07:12:53.114+0000] {dagbag.py:539} INFO - Filling up the DagBag from /home/airflow/.local/lib/python3.8/site-packages/airflow/example_dags/example_setup_teardown_taskflow.py
[2023-10-11T07:12:53.120+0000] {processor.py:839} INFO - DAG(s) dict_keys(['example_setup_teardown_taskflow']) retrieved from /home/airflow/.local/lib/python3.8/site-packages/airflow/example_dags/example_setup_teardown_taskflow.py
[2023-10-11T07:12:53.138+0000] {logging_mixin.py:151} INFO - [2023-10-11T07:12:53.138+0000] {dag.py:2915} INFO - Sync 1 DAGs
[2023-10-11T07:12:53.151+0000] {logging_mixin.py:151} INFO - [2023-10-11T07:12:53.151+0000] {dag.py:3696} INFO - Setting next_dagrun for example_setup_teardown_taskflow to 2023-10-10T07:12:53.151015+00:00, run_after=2023-10-11T07:12:53.151015+00:00
[2023-10-11T07:12:53.189+0000] {processor.py:179} INFO - Processing /home/airflow/.local/lib/python3.8/site-packages/airflow/example_dags/example_setup_teardown_taskflow.py took 0.079 seconds
[2023-10-11T07:13:23.718+0000] {processor.py:157} INFO - Started process (PID=5904) to work on /home/airflow/.local/lib/python3.8/site-packages/airflow/example_dags/example_setup_teardown_taskflow.py
[2023-10-11T07:13:23.720+0000] {processor.py:829} INFO - Processing file /home/airflow/.local/lib/python3.8/site-packages/airflow/example_dags/example_setup_teardown_taskflow.py for tasks to queue
[2023-10-11T07:13:23.720+0000] {logging_mixin.py:151} INFO - [2023-10-11T07:13:23.720+0000] {dagbag.py:539} INFO - Filling up the DagBag from /home/airflow/.local/lib/python3.8/site-packages/airflow/example_dags/example_setup_teardown_taskflow.py
[2023-10-11T07:13:23.728+0000] {processor.py:839} INFO - DAG(s) dict_keys(['example_setup_teardown_taskflow']) retrieved from /home/airflow/.local/lib/python3.8/site-packages/airflow/example_dags/example_setup_teardown_taskflow.py
[2023-10-11T07:13:23.747+0000] {logging_mixin.py:151} INFO - [2023-10-11T07:13:23.747+0000] {dag.py:2915} INFO - Sync 1 DAGs
[2023-10-11T07:13:23.796+0000] {logging_mixin.py:151} INFO - [2023-10-11T07:13:23.795+0000] {dag.py:3696} INFO - Setting next_dagrun for example_setup_teardown_taskflow to 2023-10-10T07:13:23.795752+00:00, run_after=2023-10-11T07:13:23.795752+00:00
[2023-10-11T07:13:23.807+0000] {processor.py:179} INFO - Processing /home/airflow/.local/lib/python3.8/site-packages/airflow/example_dags/example_setup_teardown_taskflow.py took 0.091 seconds
[2023-10-11T07:13:54.182+0000] {processor.py:157} INFO - Started process (PID=6147) to work on /home/airflow/.local/lib/python3.8/site-packages/airflow/example_dags/example_setup_teardown_taskflow.py
[2023-10-11T07:13:54.183+0000] {processor.py:829} INFO - Processing file /home/airflow/.local/lib/python3.8/site-packages/airflow/example_dags/example_setup_teardown_taskflow.py for tasks to queue
[2023-10-11T07:13:54.184+0000] {logging_mixin.py:151} INFO - [2023-10-11T07:13:54.184+0000] {dagbag.py:539} INFO - Filling up the DagBag from /home/airflow/.local/lib/python3.8/site-packages/airflow/example_dags/example_setup_teardown_taskflow.py
[2023-10-11T07:13:54.192+0000] {processor.py:839} INFO - DAG(s) dict_keys(['example_setup_teardown_taskflow']) retrieved from /home/airflow/.local/lib/python3.8/site-packages/airflow/example_dags/example_setup_teardown_taskflow.py
[2023-10-11T07:13:54.209+0000] {logging_mixin.py:151} INFO - [2023-10-11T07:13:54.209+0000] {dag.py:2915} INFO - Sync 1 DAGs
[2023-10-11T07:13:54.225+0000] {logging_mixin.py:151} INFO - [2023-10-11T07:13:54.225+0000] {dag.py:3696} INFO - Setting next_dagrun for example_setup_teardown_taskflow to 2023-10-10T07:13:54.225104+00:00, run_after=2023-10-11T07:13:54.225104+00:00
[2023-10-11T07:13:54.236+0000] {processor.py:179} INFO - Processing /home/airflow/.local/lib/python3.8/site-packages/airflow/example_dags/example_setup_teardown_taskflow.py took 0.057 seconds
[2023-10-11T07:14:24.797+0000] {processor.py:157} INFO - Started process (PID=6390) to work on /home/airflow/.local/lib/python3.8/site-packages/airflow/example_dags/example_setup_teardown_taskflow.py
[2023-10-11T07:14:24.798+0000] {processor.py:829} INFO - Processing file /home/airflow/.local/lib/python3.8/site-packages/airflow/example_dags/example_setup_teardown_taskflow.py for tasks to queue
[2023-10-11T07:14:24.799+0000] {logging_mixin.py:151} INFO - [2023-10-11T07:14:24.799+0000] {dagbag.py:539} INFO - Filling up the DagBag from /home/airflow/.local/lib/python3.8/site-packages/airflow/example_dags/example_setup_teardown_taskflow.py
[2023-10-11T07:14:24.805+0000] {processor.py:839} INFO - DAG(s) dict_keys(['example_setup_teardown_taskflow']) retrieved from /home/airflow/.local/lib/python3.8/site-packages/airflow/example_dags/example_setup_teardown_taskflow.py
[2023-10-11T07:14:24.820+0000] {logging_mixin.py:151} INFO - [2023-10-11T07:14:24.820+0000] {dag.py:2915} INFO - Sync 1 DAGs
[2023-10-11T07:14:24.833+0000] {logging_mixin.py:151} INFO - [2023-10-11T07:14:24.832+0000] {dag.py:3696} INFO - Setting next_dagrun for example_setup_teardown_taskflow to 2023-10-10T07:14:24.832736+00:00, run_after=2023-10-11T07:14:24.832736+00:00
[2023-10-11T07:14:24.842+0000] {processor.py:179} INFO - Processing /home/airflow/.local/lib/python3.8/site-packages/airflow/example_dags/example_setup_teardown_taskflow.py took 0.048 seconds
[2023-10-11T07:14:55.109+0000] {processor.py:157} INFO - Started process (PID=6633) to work on /home/airflow/.local/lib/python3.8/site-packages/airflow/example_dags/example_setup_teardown_taskflow.py
[2023-10-11T07:14:55.110+0000] {processor.py:829} INFO - Processing file /home/airflow/.local/lib/python3.8/site-packages/airflow/example_dags/example_setup_teardown_taskflow.py for tasks to queue
[2023-10-11T07:14:55.111+0000] {logging_mixin.py:151} INFO - [2023-10-11T07:14:55.110+0000] {dagbag.py:539} INFO - Filling up the DagBag from /home/airflow/.local/lib/python3.8/site-packages/airflow/example_dags/example_setup_teardown_taskflow.py
[2023-10-11T07:14:55.118+0000] {processor.py:839} INFO - DAG(s) dict_keys(['example_setup_teardown_taskflow']) retrieved from /home/airflow/.local/lib/python3.8/site-packages/airflow/example_dags/example_setup_teardown_taskflow.py
[2023-10-11T07:14:55.134+0000] {logging_mixin.py:151} INFO - [2023-10-11T07:14:55.134+0000] {dag.py:2915} INFO - Sync 1 DAGs
[2023-10-11T07:14:55.150+0000] {logging_mixin.py:151} INFO - [2023-10-11T07:14:55.150+0000] {dag.py:3696} INFO - Setting next_dagrun for example_setup_teardown_taskflow to 2023-10-10T07:14:55.149974+00:00, run_after=2023-10-11T07:14:55.149974+00:00
[2023-10-11T07:14:55.176+0000] {processor.py:179} INFO - Processing /home/airflow/.local/lib/python3.8/site-packages/airflow/example_dags/example_setup_teardown_taskflow.py took 0.070 seconds
[2023-10-11T07:15:25.610+0000] {processor.py:157} INFO - Started process (PID=6876) to work on /home/airflow/.local/lib/python3.8/site-packages/airflow/example_dags/example_setup_teardown_taskflow.py
[2023-10-11T07:15:25.611+0000] {processor.py:829} INFO - Processing file /home/airflow/.local/lib/python3.8/site-packages/airflow/example_dags/example_setup_teardown_taskflow.py for tasks to queue
[2023-10-11T07:15:25.612+0000] {logging_mixin.py:151} INFO - [2023-10-11T07:15:25.612+0000] {dagbag.py:539} INFO - Filling up the DagBag from /home/airflow/.local/lib/python3.8/site-packages/airflow/example_dags/example_setup_teardown_taskflow.py
[2023-10-11T07:15:25.619+0000] {processor.py:839} INFO - DAG(s) dict_keys(['example_setup_teardown_taskflow']) retrieved from /home/airflow/.local/lib/python3.8/site-packages/airflow/example_dags/example_setup_teardown_taskflow.py
[2023-10-11T07:15:25.636+0000] {logging_mixin.py:151} INFO - [2023-10-11T07:15:25.636+0000] {dag.py:2915} INFO - Sync 1 DAGs
[2023-10-11T07:15:25.658+0000] {logging_mixin.py:151} INFO - [2023-10-11T07:15:25.657+0000] {dag.py:3696} INFO - Setting next_dagrun for example_setup_teardown_taskflow to 2023-10-10T07:15:25.657472+00:00, run_after=2023-10-11T07:15:25.657472+00:00
[2023-10-11T07:15:25.701+0000] {processor.py:179} INFO - Processing /home/airflow/.local/lib/python3.8/site-packages/airflow/example_dags/example_setup_teardown_taskflow.py took 0.094 seconds
[2023-10-11T07:15:56.312+0000] {processor.py:157} INFO - Started process (PID=7119) to work on /home/airflow/.local/lib/python3.8/site-packages/airflow/example_dags/example_setup_teardown_taskflow.py
[2023-10-11T07:15:56.314+0000] {processor.py:829} INFO - Processing file /home/airflow/.local/lib/python3.8/site-packages/airflow/example_dags/example_setup_teardown_taskflow.py for tasks to queue
[2023-10-11T07:15:56.314+0000] {logging_mixin.py:151} INFO - [2023-10-11T07:15:56.314+0000] {dagbag.py:539} INFO - Filling up the DagBag from /home/airflow/.local/lib/python3.8/site-packages/airflow/example_dags/example_setup_teardown_taskflow.py
[2023-10-11T07:15:56.322+0000] {processor.py:839} INFO - DAG(s) dict_keys(['example_setup_teardown_taskflow']) retrieved from /home/airflow/.local/lib/python3.8/site-packages/airflow/example_dags/example_setup_teardown_taskflow.py
[2023-10-11T07:15:56.338+0000] {logging_mixin.py:151} INFO - [2023-10-11T07:15:56.338+0000] {dag.py:2915} INFO - Sync 1 DAGs
[2023-10-11T07:15:56.388+0000] {logging_mixin.py:151} INFO - [2023-10-11T07:15:56.388+0000] {dag.py:3696} INFO - Setting next_dagrun for example_setup_teardown_taskflow to 2023-10-10T07:15:56.388468+00:00, run_after=2023-10-11T07:15:56.388468+00:00
[2023-10-11T07:15:56.407+0000] {processor.py:179} INFO - Processing /home/airflow/.local/lib/python3.8/site-packages/airflow/example_dags/example_setup_teardown_taskflow.py took 0.097 seconds
[2023-10-11T07:16:26.705+0000] {processor.py:157} INFO - Started process (PID=7362) to work on /home/airflow/.local/lib/python3.8/site-packages/airflow/example_dags/example_setup_teardown_taskflow.py
[2023-10-11T07:16:26.707+0000] {processor.py:829} INFO - Processing file /home/airflow/.local/lib/python3.8/site-packages/airflow/example_dags/example_setup_teardown_taskflow.py for tasks to queue
[2023-10-11T07:16:26.709+0000] {logging_mixin.py:151} INFO - [2023-10-11T07:16:26.708+0000] {dagbag.py:539} INFO - Filling up the DagBag from /home/airflow/.local/lib/python3.8/site-packages/airflow/example_dags/example_setup_teardown_taskflow.py
[2023-10-11T07:16:26.722+0000] {processor.py:839} INFO - DAG(s) dict_keys(['example_setup_teardown_taskflow']) retrieved from /home/airflow/.local/lib/python3.8/site-packages/airflow/example_dags/example_setup_teardown_taskflow.py
[2023-10-11T07:16:26.764+0000] {logging_mixin.py:151} INFO - [2023-10-11T07:16:26.764+0000] {dag.py:2915} INFO - Sync 1 DAGs
[2023-10-11T07:16:26.818+0000] {logging_mixin.py:151} INFO - [2023-10-11T07:16:26.818+0000] {dag.py:3696} INFO - Setting next_dagrun for example_setup_teardown_taskflow to 2023-10-10T07:16:26.818141+00:00, run_after=2023-10-11T07:16:26.818141+00:00
[2023-10-11T07:16:26.842+0000] {processor.py:179} INFO - Processing /home/airflow/.local/lib/python3.8/site-packages/airflow/example_dags/example_setup_teardown_taskflow.py took 0.144 seconds
[2023-10-11T07:16:57.425+0000] {processor.py:157} INFO - Started process (PID=7600) to work on /home/airflow/.local/lib/python3.8/site-packages/airflow/example_dags/example_setup_teardown_taskflow.py
[2023-10-11T07:16:57.428+0000] {processor.py:829} INFO - Processing file /home/airflow/.local/lib/python3.8/site-packages/airflow/example_dags/example_setup_teardown_taskflow.py for tasks to queue
[2023-10-11T07:16:57.430+0000] {logging_mixin.py:151} INFO - [2023-10-11T07:16:57.430+0000] {dagbag.py:539} INFO - Filling up the DagBag from /home/airflow/.local/lib/python3.8/site-packages/airflow/example_dags/example_setup_teardown_taskflow.py
[2023-10-11T07:16:57.443+0000] {processor.py:839} INFO - DAG(s) dict_keys(['example_setup_teardown_taskflow']) retrieved from /home/airflow/.local/lib/python3.8/site-packages/airflow/example_dags/example_setup_teardown_taskflow.py
[2023-10-11T07:16:57.499+0000] {logging_mixin.py:151} INFO - [2023-10-11T07:16:57.499+0000] {dag.py:2915} INFO - Sync 1 DAGs
[2023-10-11T07:16:57.521+0000] {logging_mixin.py:151} INFO - [2023-10-11T07:16:57.521+0000] {dag.py:3696} INFO - Setting next_dagrun for example_setup_teardown_taskflow to 2023-10-10T07:16:57.521127+00:00, run_after=2023-10-11T07:16:57.521127+00:00
[2023-10-11T07:16:57.537+0000] {processor.py:179} INFO - Processing /home/airflow/.local/lib/python3.8/site-packages/airflow/example_dags/example_setup_teardown_taskflow.py took 0.116 seconds
[2023-10-11T07:17:28.986+0000] {processor.py:157} INFO - Started process (PID=7848) to work on /home/airflow/.local/lib/python3.8/site-packages/airflow/example_dags/example_setup_teardown_taskflow.py
[2023-10-11T07:17:29.001+0000] {processor.py:829} INFO - Processing file /home/airflow/.local/lib/python3.8/site-packages/airflow/example_dags/example_setup_teardown_taskflow.py for tasks to queue
[2023-10-11T07:17:29.007+0000] {logging_mixin.py:151} INFO - [2023-10-11T07:17:29.005+0000] {dagbag.py:539} INFO - Filling up the DagBag from /home/airflow/.local/lib/python3.8/site-packages/airflow/example_dags/example_setup_teardown_taskflow.py
[2023-10-11T07:17:29.040+0000] {processor.py:839} INFO - DAG(s) dict_keys(['example_setup_teardown_taskflow']) retrieved from /home/airflow/.local/lib/python3.8/site-packages/airflow/example_dags/example_setup_teardown_taskflow.py
[2023-10-11T07:17:29.141+0000] {logging_mixin.py:151} INFO - [2023-10-11T07:17:29.140+0000] {dag.py:2915} INFO - Sync 1 DAGs
[2023-10-11T07:17:29.236+0000] {logging_mixin.py:151} INFO - [2023-10-11T07:17:29.236+0000] {dag.py:3696} INFO - Setting next_dagrun for example_setup_teardown_taskflow to 2023-10-10T07:17:29.235361+00:00, run_after=2023-10-11T07:17:29.235361+00:00
[2023-10-11T07:17:29.301+0000] {processor.py:179} INFO - Processing /home/airflow/.local/lib/python3.8/site-packages/airflow/example_dags/example_setup_teardown_taskflow.py took 0.340 seconds
[2023-10-11T07:17:59.741+0000] {processor.py:157} INFO - Started process (PID=8086) to work on /home/airflow/.local/lib/python3.8/site-packages/airflow/example_dags/example_setup_teardown_taskflow.py
[2023-10-11T07:17:59.743+0000] {processor.py:829} INFO - Processing file /home/airflow/.local/lib/python3.8/site-packages/airflow/example_dags/example_setup_teardown_taskflow.py for tasks to queue
[2023-10-11T07:17:59.744+0000] {logging_mixin.py:151} INFO - [2023-10-11T07:17:59.743+0000] {dagbag.py:539} INFO - Filling up the DagBag from /home/airflow/.local/lib/python3.8/site-packages/airflow/example_dags/example_setup_teardown_taskflow.py
[2023-10-11T07:17:59.787+0000] {processor.py:839} INFO - DAG(s) dict_keys(['example_setup_teardown_taskflow']) retrieved from /home/airflow/.local/lib/python3.8/site-packages/airflow/example_dags/example_setup_teardown_taskflow.py
[2023-10-11T07:17:59.812+0000] {logging_mixin.py:151} INFO - [2023-10-11T07:17:59.811+0000] {dag.py:2915} INFO - Sync 1 DAGs
[2023-10-11T07:17:59.832+0000] {logging_mixin.py:151} INFO - [2023-10-11T07:17:59.832+0000] {dag.py:3696} INFO - Setting next_dagrun for example_setup_teardown_taskflow to 2023-10-10T07:17:59.831802+00:00, run_after=2023-10-11T07:17:59.831802+00:00
[2023-10-11T07:17:59.877+0000] {processor.py:179} INFO - Processing /home/airflow/.local/lib/python3.8/site-packages/airflow/example_dags/example_setup_teardown_taskflow.py took 0.141 seconds
[2023-10-11T07:18:30.574+0000] {processor.py:157} INFO - Started process (PID=8329) to work on /home/airflow/.local/lib/python3.8/site-packages/airflow/example_dags/example_setup_teardown_taskflow.py
[2023-10-11T07:18:30.576+0000] {processor.py:829} INFO - Processing file /home/airflow/.local/lib/python3.8/site-packages/airflow/example_dags/example_setup_teardown_taskflow.py for tasks to queue
[2023-10-11T07:18:30.577+0000] {logging_mixin.py:151} INFO - [2023-10-11T07:18:30.576+0000] {dagbag.py:539} INFO - Filling up the DagBag from /home/airflow/.local/lib/python3.8/site-packages/airflow/example_dags/example_setup_teardown_taskflow.py
[2023-10-11T07:18:30.587+0000] {processor.py:839} INFO - DAG(s) dict_keys(['example_setup_teardown_taskflow']) retrieved from /home/airflow/.local/lib/python3.8/site-packages/airflow/example_dags/example_setup_teardown_taskflow.py
[2023-10-11T07:18:30.610+0000] {logging_mixin.py:151} INFO - [2023-10-11T07:18:30.610+0000] {dag.py:2915} INFO - Sync 1 DAGs
[2023-10-11T07:18:30.631+0000] {logging_mixin.py:151} INFO - [2023-10-11T07:18:30.631+0000] {dag.py:3696} INFO - Setting next_dagrun for example_setup_teardown_taskflow to 2023-10-10T07:18:30.631278+00:00, run_after=2023-10-11T07:18:30.631278+00:00
[2023-10-11T07:18:30.683+0000] {processor.py:179} INFO - Processing /home/airflow/.local/lib/python3.8/site-packages/airflow/example_dags/example_setup_teardown_taskflow.py took 0.113 seconds
[2023-10-11T07:19:01.496+0000] {processor.py:157} INFO - Started process (PID=8572) to work on /home/airflow/.local/lib/python3.8/site-packages/airflow/example_dags/example_setup_teardown_taskflow.py
[2023-10-11T07:19:01.497+0000] {processor.py:829} INFO - Processing file /home/airflow/.local/lib/python3.8/site-packages/airflow/example_dags/example_setup_teardown_taskflow.py for tasks to queue
[2023-10-11T07:19:01.498+0000] {logging_mixin.py:151} INFO - [2023-10-11T07:19:01.498+0000] {dagbag.py:539} INFO - Filling up the DagBag from /home/airflow/.local/lib/python3.8/site-packages/airflow/example_dags/example_setup_teardown_taskflow.py
[2023-10-11T07:19:01.510+0000] {processor.py:839} INFO - DAG(s) dict_keys(['example_setup_teardown_taskflow']) retrieved from /home/airflow/.local/lib/python3.8/site-packages/airflow/example_dags/example_setup_teardown_taskflow.py
[2023-10-11T07:19:01.535+0000] {logging_mixin.py:151} INFO - [2023-10-11T07:19:01.534+0000] {dag.py:2915} INFO - Sync 1 DAGs
[2023-10-11T07:19:01.592+0000] {logging_mixin.py:151} INFO - [2023-10-11T07:19:01.592+0000] {dag.py:3696} INFO - Setting next_dagrun for example_setup_teardown_taskflow to 2023-10-10T07:19:01.591916+00:00, run_after=2023-10-11T07:19:01.591916+00:00
[2023-10-11T07:19:01.613+0000] {processor.py:179} INFO - Processing /home/airflow/.local/lib/python3.8/site-packages/airflow/example_dags/example_setup_teardown_taskflow.py took 0.121 seconds
[2023-10-11T07:19:32.399+0000] {processor.py:157} INFO - Started process (PID=8815) to work on /home/airflow/.local/lib/python3.8/site-packages/airflow/example_dags/example_setup_teardown_taskflow.py
[2023-10-11T07:19:32.400+0000] {processor.py:829} INFO - Processing file /home/airflow/.local/lib/python3.8/site-packages/airflow/example_dags/example_setup_teardown_taskflow.py for tasks to queue
[2023-10-11T07:19:32.401+0000] {logging_mixin.py:151} INFO - [2023-10-11T07:19:32.401+0000] {dagbag.py:539} INFO - Filling up the DagBag from /home/airflow/.local/lib/python3.8/site-packages/airflow/example_dags/example_setup_teardown_taskflow.py
[2023-10-11T07:19:32.412+0000] {processor.py:839} INFO - DAG(s) dict_keys(['example_setup_teardown_taskflow']) retrieved from /home/airflow/.local/lib/python3.8/site-packages/airflow/example_dags/example_setup_teardown_taskflow.py
[2023-10-11T07:19:32.436+0000] {logging_mixin.py:151} INFO - [2023-10-11T07:19:32.436+0000] {dag.py:2915} INFO - Sync 1 DAGs
[2023-10-11T07:19:32.476+0000] {logging_mixin.py:151} INFO - [2023-10-11T07:19:32.476+0000] {dag.py:3696} INFO - Setting next_dagrun for example_setup_teardown_taskflow to 2023-10-10T07:19:32.476300+00:00, run_after=2023-10-11T07:19:32.476300+00:00
[2023-10-11T07:19:32.495+0000] {processor.py:179} INFO - Processing /home/airflow/.local/lib/python3.8/site-packages/airflow/example_dags/example_setup_teardown_taskflow.py took 0.101 seconds
[2023-10-11T07:20:02.726+0000] {processor.py:157} INFO - Started process (PID=9058) to work on /home/airflow/.local/lib/python3.8/site-packages/airflow/example_dags/example_setup_teardown_taskflow.py
[2023-10-11T07:20:02.727+0000] {processor.py:829} INFO - Processing file /home/airflow/.local/lib/python3.8/site-packages/airflow/example_dags/example_setup_teardown_taskflow.py for tasks to queue
[2023-10-11T07:20:02.728+0000] {logging_mixin.py:151} INFO - [2023-10-11T07:20:02.728+0000] {dagbag.py:539} INFO - Filling up the DagBag from /home/airflow/.local/lib/python3.8/site-packages/airflow/example_dags/example_setup_teardown_taskflow.py
[2023-10-11T07:20:02.742+0000] {processor.py:839} INFO - DAG(s) dict_keys(['example_setup_teardown_taskflow']) retrieved from /home/airflow/.local/lib/python3.8/site-packages/airflow/example_dags/example_setup_teardown_taskflow.py
[2023-10-11T07:20:02.811+0000] {logging_mixin.py:151} INFO - [2023-10-11T07:20:02.811+0000] {dag.py:2915} INFO - Sync 1 DAGs
[2023-10-11T07:20:02.842+0000] {logging_mixin.py:151} INFO - [2023-10-11T07:20:02.842+0000] {dag.py:3696} INFO - Setting next_dagrun for example_setup_teardown_taskflow to 2023-10-10T07:20:02.840242+00:00, run_after=2023-10-11T07:20:02.840242+00:00
[2023-10-11T07:20:02.893+0000] {processor.py:179} INFO - Processing /home/airflow/.local/lib/python3.8/site-packages/airflow/example_dags/example_setup_teardown_taskflow.py took 0.171 seconds
[2023-10-11T07:20:33.299+0000] {processor.py:157} INFO - Started process (PID=9301) to work on /home/airflow/.local/lib/python3.8/site-packages/airflow/example_dags/example_setup_teardown_taskflow.py
[2023-10-11T07:20:33.302+0000] {processor.py:829} INFO - Processing file /home/airflow/.local/lib/python3.8/site-packages/airflow/example_dags/example_setup_teardown_taskflow.py for tasks to queue
[2023-10-11T07:20:33.304+0000] {logging_mixin.py:151} INFO - [2023-10-11T07:20:33.303+0000] {dagbag.py:539} INFO - Filling up the DagBag from /home/airflow/.local/lib/python3.8/site-packages/airflow/example_dags/example_setup_teardown_taskflow.py
[2023-10-11T07:20:33.321+0000] {processor.py:839} INFO - DAG(s) dict_keys(['example_setup_teardown_taskflow']) retrieved from /home/airflow/.local/lib/python3.8/site-packages/airflow/example_dags/example_setup_teardown_taskflow.py
[2023-10-11T07:20:33.369+0000] {logging_mixin.py:151} INFO - [2023-10-11T07:20:33.369+0000] {dag.py:2915} INFO - Sync 1 DAGs
[2023-10-11T07:20:33.409+0000] {logging_mixin.py:151} INFO - [2023-10-11T07:20:33.408+0000] {dag.py:3696} INFO - Setting next_dagrun for example_setup_teardown_taskflow to 2023-10-10T07:20:33.408418+00:00, run_after=2023-10-11T07:20:33.408418+00:00
[2023-10-11T07:20:33.434+0000] {processor.py:179} INFO - Processing /home/airflow/.local/lib/python3.8/site-packages/airflow/example_dags/example_setup_teardown_taskflow.py took 0.142 seconds
[2023-10-11T07:21:04.647+0000] {processor.py:157} INFO - Started process (PID=9544) to work on /home/airflow/.local/lib/python3.8/site-packages/airflow/example_dags/example_setup_teardown_taskflow.py
[2023-10-11T07:21:04.652+0000] {processor.py:829} INFO - Processing file /home/airflow/.local/lib/python3.8/site-packages/airflow/example_dags/example_setup_teardown_taskflow.py for tasks to queue
[2023-10-11T07:21:04.659+0000] {logging_mixin.py:151} INFO - [2023-10-11T07:21:04.656+0000] {dagbag.py:539} INFO - Filling up the DagBag from /home/airflow/.local/lib/python3.8/site-packages/airflow/example_dags/example_setup_teardown_taskflow.py
[2023-10-11T07:21:04.695+0000] {processor.py:839} INFO - DAG(s) dict_keys(['example_setup_teardown_taskflow']) retrieved from /home/airflow/.local/lib/python3.8/site-packages/airflow/example_dags/example_setup_teardown_taskflow.py
[2023-10-11T07:21:04.733+0000] {logging_mixin.py:151} INFO - [2023-10-11T07:21:04.733+0000] {dag.py:2915} INFO - Sync 1 DAGs
[2023-10-11T07:21:04.769+0000] {logging_mixin.py:151} INFO - [2023-10-11T07:21:04.769+0000] {dag.py:3696} INFO - Setting next_dagrun for example_setup_teardown_taskflow to 2023-10-10T07:21:04.769155+00:00, run_after=2023-10-11T07:21:04.769155+00:00
[2023-10-11T07:21:04.798+0000] {processor.py:179} INFO - Processing /home/airflow/.local/lib/python3.8/site-packages/airflow/example_dags/example_setup_teardown_taskflow.py took 0.163 seconds
[2023-10-11T07:21:35.410+0000] {processor.py:157} INFO - Started process (PID=9789) to work on /home/airflow/.local/lib/python3.8/site-packages/airflow/example_dags/example_setup_teardown_taskflow.py
[2023-10-11T07:21:35.411+0000] {processor.py:829} INFO - Processing file /home/airflow/.local/lib/python3.8/site-packages/airflow/example_dags/example_setup_teardown_taskflow.py for tasks to queue
[2023-10-11T07:21:35.412+0000] {logging_mixin.py:151} INFO - [2023-10-11T07:21:35.411+0000] {dagbag.py:539} INFO - Filling up the DagBag from /home/airflow/.local/lib/python3.8/site-packages/airflow/example_dags/example_setup_teardown_taskflow.py
[2023-10-11T07:21:35.420+0000] {processor.py:839} INFO - DAG(s) dict_keys(['example_setup_teardown_taskflow']) retrieved from /home/airflow/.local/lib/python3.8/site-packages/airflow/example_dags/example_setup_teardown_taskflow.py
[2023-10-11T07:21:35.440+0000] {logging_mixin.py:151} INFO - [2023-10-11T07:21:35.440+0000] {dag.py:2915} INFO - Sync 1 DAGs
[2023-10-11T07:21:35.455+0000] {logging_mixin.py:151} INFO - [2023-10-11T07:21:35.455+0000] {dag.py:3696} INFO - Setting next_dagrun for example_setup_teardown_taskflow to 2023-10-10T07:21:35.454803+00:00, run_after=2023-10-11T07:21:35.454803+00:00
[2023-10-11T07:21:35.466+0000] {processor.py:179} INFO - Processing /home/airflow/.local/lib/python3.8/site-packages/airflow/example_dags/example_setup_teardown_taskflow.py took 0.059 seconds
[2023-10-11T07:22:05.881+0000] {processor.py:157} INFO - Started process (PID=10030) to work on /home/airflow/.local/lib/python3.8/site-packages/airflow/example_dags/example_setup_teardown_taskflow.py
[2023-10-11T07:22:05.882+0000] {processor.py:829} INFO - Processing file /home/airflow/.local/lib/python3.8/site-packages/airflow/example_dags/example_setup_teardown_taskflow.py for tasks to queue
[2023-10-11T07:22:05.884+0000] {logging_mixin.py:151} INFO - [2023-10-11T07:22:05.883+0000] {dagbag.py:539} INFO - Filling up the DagBag from /home/airflow/.local/lib/python3.8/site-packages/airflow/example_dags/example_setup_teardown_taskflow.py
[2023-10-11T07:22:05.897+0000] {processor.py:839} INFO - DAG(s) dict_keys(['example_setup_teardown_taskflow']) retrieved from /home/airflow/.local/lib/python3.8/site-packages/airflow/example_dags/example_setup_teardown_taskflow.py
[2023-10-11T07:22:05.928+0000] {logging_mixin.py:151} INFO - [2023-10-11T07:22:05.928+0000] {dag.py:2915} INFO - Sync 1 DAGs
[2023-10-11T07:22:05.967+0000] {logging_mixin.py:151} INFO - [2023-10-11T07:22:05.967+0000] {dag.py:3696} INFO - Setting next_dagrun for example_setup_teardown_taskflow to 2023-10-10T07:22:05.966953+00:00, run_after=2023-10-11T07:22:05.966953+00:00
[2023-10-11T07:22:05.999+0000] {processor.py:179} INFO - Processing /home/airflow/.local/lib/python3.8/site-packages/airflow/example_dags/example_setup_teardown_taskflow.py took 0.122 seconds
[2023-10-11T07:22:36.908+0000] {processor.py:157} INFO - Started process (PID=10280) to work on /home/airflow/.local/lib/python3.8/site-packages/airflow/example_dags/example_setup_teardown_taskflow.py
[2023-10-11T07:22:36.909+0000] {processor.py:829} INFO - Processing file /home/airflow/.local/lib/python3.8/site-packages/airflow/example_dags/example_setup_teardown_taskflow.py for tasks to queue
[2023-10-11T07:22:36.910+0000] {logging_mixin.py:151} INFO - [2023-10-11T07:22:36.910+0000] {dagbag.py:539} INFO - Filling up the DagBag from /home/airflow/.local/lib/python3.8/site-packages/airflow/example_dags/example_setup_teardown_taskflow.py
[2023-10-11T07:22:36.919+0000] {processor.py:839} INFO - DAG(s) dict_keys(['example_setup_teardown_taskflow']) retrieved from /home/airflow/.local/lib/python3.8/site-packages/airflow/example_dags/example_setup_teardown_taskflow.py
[2023-10-11T07:22:36.939+0000] {logging_mixin.py:151} INFO - [2023-10-11T07:22:36.939+0000] {dag.py:2915} INFO - Sync 1 DAGs
[2023-10-11T07:22:36.967+0000] {logging_mixin.py:151} INFO - [2023-10-11T07:22:36.967+0000] {dag.py:3696} INFO - Setting next_dagrun for example_setup_teardown_taskflow to 2023-10-10T07:22:36.966772+00:00, run_after=2023-10-11T07:22:36.966772+00:00
[2023-10-11T07:22:36.991+0000] {processor.py:179} INFO - Processing /home/airflow/.local/lib/python3.8/site-packages/airflow/example_dags/example_setup_teardown_taskflow.py took 0.086 seconds
[2023-10-11T07:23:07.135+0000] {processor.py:157} INFO - Started process (PID=10518) to work on /home/airflow/.local/lib/python3.8/site-packages/airflow/example_dags/example_setup_teardown_taskflow.py
[2023-10-11T07:23:07.136+0000] {processor.py:829} INFO - Processing file /home/airflow/.local/lib/python3.8/site-packages/airflow/example_dags/example_setup_teardown_taskflow.py for tasks to queue
[2023-10-11T07:23:07.137+0000] {logging_mixin.py:151} INFO - [2023-10-11T07:23:07.137+0000] {dagbag.py:539} INFO - Filling up the DagBag from /home/airflow/.local/lib/python3.8/site-packages/airflow/example_dags/example_setup_teardown_taskflow.py
[2023-10-11T07:23:07.148+0000] {processor.py:839} INFO - DAG(s) dict_keys(['example_setup_teardown_taskflow']) retrieved from /home/airflow/.local/lib/python3.8/site-packages/airflow/example_dags/example_setup_teardown_taskflow.py
[2023-10-11T07:23:07.178+0000] {logging_mixin.py:151} INFO - [2023-10-11T07:23:07.178+0000] {dag.py:2915} INFO - Sync 1 DAGs
[2023-10-11T07:23:07.192+0000] {logging_mixin.py:151} INFO - [2023-10-11T07:23:07.192+0000] {dag.py:3696} INFO - Setting next_dagrun for example_setup_teardown_taskflow to 2023-10-10T07:23:07.192481+00:00, run_after=2023-10-11T07:23:07.192481+00:00
[2023-10-11T07:23:07.203+0000] {processor.py:179} INFO - Processing /home/airflow/.local/lib/python3.8/site-packages/airflow/example_dags/example_setup_teardown_taskflow.py took 0.071 seconds
[2023-10-11T07:23:37.346+0000] {processor.py:157} INFO - Started process (PID=10761) to work on /home/airflow/.local/lib/python3.8/site-packages/airflow/example_dags/example_setup_teardown_taskflow.py
[2023-10-11T07:23:37.354+0000] {processor.py:829} INFO - Processing file /home/airflow/.local/lib/python3.8/site-packages/airflow/example_dags/example_setup_teardown_taskflow.py for tasks to queue
[2023-10-11T07:23:37.356+0000] {logging_mixin.py:151} INFO - [2023-10-11T07:23:37.356+0000] {dagbag.py:539} INFO - Filling up the DagBag from /home/airflow/.local/lib/python3.8/site-packages/airflow/example_dags/example_setup_teardown_taskflow.py
[2023-10-11T07:23:37.363+0000] {processor.py:839} INFO - DAG(s) dict_keys(['example_setup_teardown_taskflow']) retrieved from /home/airflow/.local/lib/python3.8/site-packages/airflow/example_dags/example_setup_teardown_taskflow.py
[2023-10-11T07:23:37.392+0000] {logging_mixin.py:151} INFO - [2023-10-11T07:23:37.392+0000] {dag.py:2915} INFO - Sync 1 DAGs
[2023-10-11T07:23:37.406+0000] {logging_mixin.py:151} INFO - [2023-10-11T07:23:37.406+0000] {dag.py:3696} INFO - Setting next_dagrun for example_setup_teardown_taskflow to 2023-10-10T07:23:37.406064+00:00, run_after=2023-10-11T07:23:37.406064+00:00
[2023-10-11T07:23:37.422+0000] {processor.py:179} INFO - Processing /home/airflow/.local/lib/python3.8/site-packages/airflow/example_dags/example_setup_teardown_taskflow.py took 0.078 seconds
[2023-10-11T07:24:07.480+0000] {processor.py:157} INFO - Started process (PID=11003) to work on /home/airflow/.local/lib/python3.8/site-packages/airflow/example_dags/example_setup_teardown_taskflow.py
[2023-10-11T07:24:07.481+0000] {processor.py:829} INFO - Processing file /home/airflow/.local/lib/python3.8/site-packages/airflow/example_dags/example_setup_teardown_taskflow.py for tasks to queue
[2023-10-11T07:24:07.482+0000] {logging_mixin.py:151} INFO - [2023-10-11T07:24:07.481+0000] {dagbag.py:539} INFO - Filling up the DagBag from /home/airflow/.local/lib/python3.8/site-packages/airflow/example_dags/example_setup_teardown_taskflow.py
[2023-10-11T07:24:07.488+0000] {processor.py:839} INFO - DAG(s) dict_keys(['example_setup_teardown_taskflow']) retrieved from /home/airflow/.local/lib/python3.8/site-packages/airflow/example_dags/example_setup_teardown_taskflow.py
[2023-10-11T07:24:07.502+0000] {logging_mixin.py:151} INFO - [2023-10-11T07:24:07.502+0000] {dag.py:2915} INFO - Sync 1 DAGs
[2023-10-11T07:24:07.519+0000] {logging_mixin.py:151} INFO - [2023-10-11T07:24:07.519+0000] {dag.py:3696} INFO - Setting next_dagrun for example_setup_teardown_taskflow to 2023-10-10T07:24:07.519340+00:00, run_after=2023-10-11T07:24:07.519340+00:00
[2023-10-11T07:24:07.529+0000] {processor.py:179} INFO - Processing /home/airflow/.local/lib/python3.8/site-packages/airflow/example_dags/example_setup_teardown_taskflow.py took 0.051 seconds
[2023-10-11T07:24:38.224+0000] {processor.py:157} INFO - Started process (PID=11247) to work on /home/airflow/.local/lib/python3.8/site-packages/airflow/example_dags/example_setup_teardown_taskflow.py
[2023-10-11T07:24:38.225+0000] {processor.py:829} INFO - Processing file /home/airflow/.local/lib/python3.8/site-packages/airflow/example_dags/example_setup_teardown_taskflow.py for tasks to queue
[2023-10-11T07:24:38.226+0000] {logging_mixin.py:151} INFO - [2023-10-11T07:24:38.226+0000] {dagbag.py:539} INFO - Filling up the DagBag from /home/airflow/.local/lib/python3.8/site-packages/airflow/example_dags/example_setup_teardown_taskflow.py
[2023-10-11T07:24:38.234+0000] {processor.py:839} INFO - DAG(s) dict_keys(['example_setup_teardown_taskflow']) retrieved from /home/airflow/.local/lib/python3.8/site-packages/airflow/example_dags/example_setup_teardown_taskflow.py
[2023-10-11T07:24:38.256+0000] {logging_mixin.py:151} INFO - [2023-10-11T07:24:38.255+0000] {dag.py:2915} INFO - Sync 1 DAGs
[2023-10-11T07:24:38.275+0000] {logging_mixin.py:151} INFO - [2023-10-11T07:24:38.275+0000] {dag.py:3696} INFO - Setting next_dagrun for example_setup_teardown_taskflow to 2023-10-10T07:24:38.275252+00:00, run_after=2023-10-11T07:24:38.275252+00:00
[2023-10-11T07:24:38.286+0000] {processor.py:179} INFO - Processing /home/airflow/.local/lib/python3.8/site-packages/airflow/example_dags/example_setup_teardown_taskflow.py took 0.066 seconds
[2023-10-11T07:25:09.282+0000] {processor.py:157} INFO - Started process (PID=11489) to work on /home/airflow/.local/lib/python3.8/site-packages/airflow/example_dags/example_setup_teardown_taskflow.py
[2023-10-11T07:25:09.283+0000] {processor.py:829} INFO - Processing file /home/airflow/.local/lib/python3.8/site-packages/airflow/example_dags/example_setup_teardown_taskflow.py for tasks to queue
[2023-10-11T07:25:09.284+0000] {logging_mixin.py:151} INFO - [2023-10-11T07:25:09.284+0000] {dagbag.py:539} INFO - Filling up the DagBag from /home/airflow/.local/lib/python3.8/site-packages/airflow/example_dags/example_setup_teardown_taskflow.py
[2023-10-11T07:25:09.293+0000] {processor.py:839} INFO - DAG(s) dict_keys(['example_setup_teardown_taskflow']) retrieved from /home/airflow/.local/lib/python3.8/site-packages/airflow/example_dags/example_setup_teardown_taskflow.py
[2023-10-11T07:25:09.311+0000] {logging_mixin.py:151} INFO - [2023-10-11T07:25:09.310+0000] {dag.py:2915} INFO - Sync 1 DAGs
[2023-10-11T07:25:09.326+0000] {logging_mixin.py:151} INFO - [2023-10-11T07:25:09.326+0000] {dag.py:3696} INFO - Setting next_dagrun for example_setup_teardown_taskflow to 2023-10-10T07:25:09.325895+00:00, run_after=2023-10-11T07:25:09.325895+00:00
[2023-10-11T07:25:09.339+0000] {processor.py:179} INFO - Processing /home/airflow/.local/lib/python3.8/site-packages/airflow/example_dags/example_setup_teardown_taskflow.py took 0.061 seconds
[2023-10-11T07:25:39.839+0000] {processor.py:157} INFO - Started process (PID=11733) to work on /home/airflow/.local/lib/python3.8/site-packages/airflow/example_dags/example_setup_teardown_taskflow.py
[2023-10-11T07:25:39.841+0000] {processor.py:829} INFO - Processing file /home/airflow/.local/lib/python3.8/site-packages/airflow/example_dags/example_setup_teardown_taskflow.py for tasks to queue
[2023-10-11T07:25:39.843+0000] {logging_mixin.py:151} INFO - [2023-10-11T07:25:39.842+0000] {dagbag.py:539} INFO - Filling up the DagBag from /home/airflow/.local/lib/python3.8/site-packages/airflow/example_dags/example_setup_teardown_taskflow.py
[2023-10-11T07:25:39.888+0000] {processor.py:839} INFO - DAG(s) dict_keys(['example_setup_teardown_taskflow']) retrieved from /home/airflow/.local/lib/python3.8/site-packages/airflow/example_dags/example_setup_teardown_taskflow.py
[2023-10-11T07:25:39.925+0000] {logging_mixin.py:151} INFO - [2023-10-11T07:25:39.925+0000] {dag.py:2915} INFO - Sync 1 DAGs
[2023-10-11T07:25:39.970+0000] {logging_mixin.py:151} INFO - [2023-10-11T07:25:39.968+0000] {dag.py:3696} INFO - Setting next_dagrun for example_setup_teardown_taskflow to 2023-10-10T07:25:39.965248+00:00, run_after=2023-10-11T07:25:39.965248+00:00
[2023-10-11T07:25:40.009+0000] {processor.py:179} INFO - Processing /home/airflow/.local/lib/python3.8/site-packages/airflow/example_dags/example_setup_teardown_taskflow.py took 0.177 seconds
[2023-10-11T07:26:10.781+0000] {processor.py:157} INFO - Started process (PID=11975) to work on /home/airflow/.local/lib/python3.8/site-packages/airflow/example_dags/example_setup_teardown_taskflow.py
[2023-10-11T07:26:10.782+0000] {processor.py:829} INFO - Processing file /home/airflow/.local/lib/python3.8/site-packages/airflow/example_dags/example_setup_teardown_taskflow.py for tasks to queue
[2023-10-11T07:26:10.782+0000] {logging_mixin.py:151} INFO - [2023-10-11T07:26:10.782+0000] {dagbag.py:539} INFO - Filling up the DagBag from /home/airflow/.local/lib/python3.8/site-packages/airflow/example_dags/example_setup_teardown_taskflow.py
[2023-10-11T07:26:10.789+0000] {processor.py:839} INFO - DAG(s) dict_keys(['example_setup_teardown_taskflow']) retrieved from /home/airflow/.local/lib/python3.8/site-packages/airflow/example_dags/example_setup_teardown_taskflow.py
[2023-10-11T07:26:10.802+0000] {logging_mixin.py:151} INFO - [2023-10-11T07:26:10.802+0000] {dag.py:2915} INFO - Sync 1 DAGs
[2023-10-11T07:26:10.814+0000] {logging_mixin.py:151} INFO - [2023-10-11T07:26:10.814+0000] {dag.py:3696} INFO - Setting next_dagrun for example_setup_teardown_taskflow to 2023-10-10T07:26:10.814467+00:00, run_after=2023-10-11T07:26:10.814467+00:00
[2023-10-11T07:26:10.825+0000] {processor.py:179} INFO - Processing /home/airflow/.local/lib/python3.8/site-packages/airflow/example_dags/example_setup_teardown_taskflow.py took 0.046 seconds
[2023-10-11T07:26:41.664+0000] {processor.py:157} INFO - Started process (PID=12219) to work on /home/airflow/.local/lib/python3.8/site-packages/airflow/example_dags/example_setup_teardown_taskflow.py
[2023-10-11T07:26:41.667+0000] {processor.py:829} INFO - Processing file /home/airflow/.local/lib/python3.8/site-packages/airflow/example_dags/example_setup_teardown_taskflow.py for tasks to queue
[2023-10-11T07:26:41.669+0000] {logging_mixin.py:151} INFO - [2023-10-11T07:26:41.668+0000] {dagbag.py:539} INFO - Filling up the DagBag from /home/airflow/.local/lib/python3.8/site-packages/airflow/example_dags/example_setup_teardown_taskflow.py
[2023-10-11T07:26:41.678+0000] {processor.py:839} INFO - DAG(s) dict_keys(['example_setup_teardown_taskflow']) retrieved from /home/airflow/.local/lib/python3.8/site-packages/airflow/example_dags/example_setup_teardown_taskflow.py
[2023-10-11T07:26:41.696+0000] {logging_mixin.py:151} INFO - [2023-10-11T07:26:41.696+0000] {dag.py:2915} INFO - Sync 1 DAGs
[2023-10-11T07:26:41.713+0000] {logging_mixin.py:151} INFO - [2023-10-11T07:26:41.713+0000] {dag.py:3696} INFO - Setting next_dagrun for example_setup_teardown_taskflow to 2023-10-10T07:26:41.713551+00:00, run_after=2023-10-11T07:26:41.713551+00:00
[2023-10-11T07:26:41.772+0000] {processor.py:179} INFO - Processing /home/airflow/.local/lib/python3.8/site-packages/airflow/example_dags/example_setup_teardown_taskflow.py took 0.111 seconds
[2023-10-11T07:27:12.238+0000] {processor.py:157} INFO - Started process (PID=12462) to work on /home/airflow/.local/lib/python3.8/site-packages/airflow/example_dags/example_setup_teardown_taskflow.py
[2023-10-11T07:27:12.239+0000] {processor.py:829} INFO - Processing file /home/airflow/.local/lib/python3.8/site-packages/airflow/example_dags/example_setup_teardown_taskflow.py for tasks to queue
[2023-10-11T07:27:12.239+0000] {logging_mixin.py:151} INFO - [2023-10-11T07:27:12.239+0000] {dagbag.py:539} INFO - Filling up the DagBag from /home/airflow/.local/lib/python3.8/site-packages/airflow/example_dags/example_setup_teardown_taskflow.py
[2023-10-11T07:27:12.255+0000] {processor.py:839} INFO - DAG(s) dict_keys(['example_setup_teardown_taskflow']) retrieved from /home/airflow/.local/lib/python3.8/site-packages/airflow/example_dags/example_setup_teardown_taskflow.py
[2023-10-11T07:27:12.285+0000] {logging_mixin.py:151} INFO - [2023-10-11T07:27:12.284+0000] {dag.py:2915} INFO - Sync 1 DAGs
[2023-10-11T07:27:12.297+0000] {logging_mixin.py:151} INFO - [2023-10-11T07:27:12.297+0000] {dag.py:3696} INFO - Setting next_dagrun for example_setup_teardown_taskflow to 2023-10-10T07:27:12.297125+00:00, run_after=2023-10-11T07:27:12.297125+00:00
[2023-10-11T07:27:12.307+0000] {processor.py:179} INFO - Processing /home/airflow/.local/lib/python3.8/site-packages/airflow/example_dags/example_setup_teardown_taskflow.py took 0.072 seconds
[2023-10-11T07:27:42.733+0000] {processor.py:157} INFO - Started process (PID=12705) to work on /home/airflow/.local/lib/python3.8/site-packages/airflow/example_dags/example_setup_teardown_taskflow.py
[2023-10-11T07:27:42.734+0000] {processor.py:829} INFO - Processing file /home/airflow/.local/lib/python3.8/site-packages/airflow/example_dags/example_setup_teardown_taskflow.py for tasks to queue
[2023-10-11T07:27:42.734+0000] {logging_mixin.py:151} INFO - [2023-10-11T07:27:42.734+0000] {dagbag.py:539} INFO - Filling up the DagBag from /home/airflow/.local/lib/python3.8/site-packages/airflow/example_dags/example_setup_teardown_taskflow.py
[2023-10-11T07:27:42.741+0000] {processor.py:839} INFO - DAG(s) dict_keys(['example_setup_teardown_taskflow']) retrieved from /home/airflow/.local/lib/python3.8/site-packages/airflow/example_dags/example_setup_teardown_taskflow.py
[2023-10-11T07:27:42.773+0000] {logging_mixin.py:151} INFO - [2023-10-11T07:27:42.773+0000] {dag.py:2915} INFO - Sync 1 DAGs
[2023-10-11T07:27:42.788+0000] {logging_mixin.py:151} INFO - [2023-10-11T07:27:42.788+0000] {dag.py:3696} INFO - Setting next_dagrun for example_setup_teardown_taskflow to 2023-10-10T07:27:42.788540+00:00, run_after=2023-10-11T07:27:42.788540+00:00
[2023-10-11T07:27:42.798+0000] {processor.py:179} INFO - Processing /home/airflow/.local/lib/python3.8/site-packages/airflow/example_dags/example_setup_teardown_taskflow.py took 0.067 seconds
[2023-10-11T07:28:12.836+0000] {processor.py:157} INFO - Started process (PID=12948) to work on /home/airflow/.local/lib/python3.8/site-packages/airflow/example_dags/example_setup_teardown_taskflow.py
[2023-10-11T07:28:12.837+0000] {processor.py:829} INFO - Processing file /home/airflow/.local/lib/python3.8/site-packages/airflow/example_dags/example_setup_teardown_taskflow.py for tasks to queue
[2023-10-11T07:28:12.838+0000] {logging_mixin.py:151} INFO - [2023-10-11T07:28:12.838+0000] {dagbag.py:539} INFO - Filling up the DagBag from /home/airflow/.local/lib/python3.8/site-packages/airflow/example_dags/example_setup_teardown_taskflow.py
[2023-10-11T07:28:12.848+0000] {processor.py:839} INFO - DAG(s) dict_keys(['example_setup_teardown_taskflow']) retrieved from /home/airflow/.local/lib/python3.8/site-packages/airflow/example_dags/example_setup_teardown_taskflow.py
[2023-10-11T07:28:12.889+0000] {logging_mixin.py:151} INFO - [2023-10-11T07:28:12.888+0000] {dag.py:2915} INFO - Sync 1 DAGs
[2023-10-11T07:28:12.911+0000] {logging_mixin.py:151} INFO - [2023-10-11T07:28:12.911+0000] {dag.py:3696} INFO - Setting next_dagrun for example_setup_teardown_taskflow to 2023-10-10T07:28:12.910764+00:00, run_after=2023-10-11T07:28:12.910764+00:00
[2023-10-11T07:28:12.930+0000] {processor.py:179} INFO - Processing /home/airflow/.local/lib/python3.8/site-packages/airflow/example_dags/example_setup_teardown_taskflow.py took 0.098 seconds
