[2023-10-11T07:01:31.536+0000] {processor.py:157} INFO - Started process (PID=225) to work on /home/airflow/.local/lib/python3.8/site-packages/airflow/example_dags/example_external_task_marker_dag.py
[2023-10-11T07:01:31.537+0000] {processor.py:829} INFO - Processing file /home/airflow/.local/lib/python3.8/site-packages/airflow/example_dags/example_external_task_marker_dag.py for tasks to queue
[2023-10-11T07:01:31.539+0000] {logging_mixin.py:151} INFO - [2023-10-11T07:01:31.538+0000] {dagbag.py:539} INFO - Filling up the DagBag from /home/airflow/.local/lib/python3.8/site-packages/airflow/example_dags/example_external_task_marker_dag.py
[2023-10-11T07:01:31.547+0000] {processor.py:839} INFO - DAG(s) dict_keys(['example_external_task_marker_child', 'example_external_task_marker_parent']) retrieved from /home/airflow/.local/lib/python3.8/site-packages/airflow/example_dags/example_external_task_marker_dag.py
[2023-10-11T07:01:31.832+0000] {logging_mixin.py:151} INFO - [2023-10-11T07:01:31.832+0000] {manager.py:499} INFO - Created Permission View: %s
[2023-10-11T07:01:31.839+0000] {logging_mixin.py:151} INFO - [2023-10-11T07:01:31.839+0000] {manager.py:499} INFO - Created Permission View: %s
[2023-10-11T07:01:31.844+0000] {logging_mixin.py:151} INFO - [2023-10-11T07:01:31.844+0000] {manager.py:499} INFO - Created Permission View: %s
[2023-10-11T07:01:31.844+0000] {logging_mixin.py:151} INFO - [2023-10-11T07:01:31.844+0000] {security.py:708} INFO - Not syncing DAG-level permissions for DAG 'DAG:example_external_task_marker_child' as access control is unset.
[2023-10-11T07:01:31.871+0000] {logging_mixin.py:151} INFO - [2023-10-11T07:01:31.870+0000] {manager.py:499} INFO - Created Permission View: %s
[2023-10-11T07:01:31.895+0000] {logging_mixin.py:151} INFO - [2023-10-11T07:01:31.894+0000] {manager.py:499} INFO - Created Permission View: %s
[2023-10-11T07:01:31.905+0000] {logging_mixin.py:151} INFO - [2023-10-11T07:01:31.904+0000] {manager.py:499} INFO - Created Permission View: %s
[2023-10-11T07:01:31.905+0000] {logging_mixin.py:151} INFO - [2023-10-11T07:01:31.905+0000] {security.py:708} INFO - Not syncing DAG-level permissions for DAG 'DAG:example_external_task_marker_parent' as access control is unset.
[2023-10-11T07:01:31.905+0000] {logging_mixin.py:151} INFO - [2023-10-11T07:01:31.905+0000] {dag.py:2915} INFO - Sync 2 DAGs
[2023-10-11T07:01:31.915+0000] {logging_mixin.py:151} INFO - [2023-10-11T07:01:31.914+0000] {dag.py:2937} INFO - Creating ORM DAG for example_external_task_marker_child
[2023-10-11T07:01:31.915+0000] {logging_mixin.py:151} INFO - [2023-10-11T07:01:31.915+0000] {dag.py:2937} INFO - Creating ORM DAG for example_external_task_marker_parent
[2023-10-11T07:01:31.916+0000] {logging_mixin.py:151} INFO - [2023-10-11T07:01:31.916+0000] {dag.py:3696} INFO - Setting next_dagrun for example_external_task_marker_child to None, run_after=None
[2023-10-11T07:01:31.916+0000] {logging_mixin.py:151} INFO - [2023-10-11T07:01:31.916+0000] {dag.py:3696} INFO - Setting next_dagrun for example_external_task_marker_parent to None, run_after=None
[2023-10-11T07:01:31.936+0000] {processor.py:179} INFO - Processing /home/airflow/.local/lib/python3.8/site-packages/airflow/example_dags/example_external_task_marker_dag.py took 0.403 seconds
[2023-10-11T07:02:02.870+0000] {processor.py:157} INFO - Started process (PID=464) to work on /home/airflow/.local/lib/python3.8/site-packages/airflow/example_dags/example_external_task_marker_dag.py
[2023-10-11T07:02:02.902+0000] {processor.py:829} INFO - Processing file /home/airflow/.local/lib/python3.8/site-packages/airflow/example_dags/example_external_task_marker_dag.py for tasks to queue
[2023-10-11T07:02:02.904+0000] {logging_mixin.py:151} INFO - [2023-10-11T07:02:02.904+0000] {dagbag.py:539} INFO - Filling up the DagBag from /home/airflow/.local/lib/python3.8/site-packages/airflow/example_dags/example_external_task_marker_dag.py
[2023-10-11T07:02:02.933+0000] {processor.py:839} INFO - DAG(s) dict_keys(['example_external_task_marker_child', 'example_external_task_marker_parent']) retrieved from /home/airflow/.local/lib/python3.8/site-packages/airflow/example_dags/example_external_task_marker_dag.py
[2023-10-11T07:02:02.990+0000] {logging_mixin.py:151} INFO - [2023-10-11T07:02:02.989+0000] {dag.py:2915} INFO - Sync 2 DAGs
[2023-10-11T07:02:03.014+0000] {logging_mixin.py:151} INFO - [2023-10-11T07:02:03.013+0000] {dag.py:3696} INFO - Setting next_dagrun for example_external_task_marker_child to None, run_after=None
[2023-10-11T07:02:03.018+0000] {logging_mixin.py:151} INFO - [2023-10-11T07:02:03.018+0000] {dag.py:3696} INFO - Setting next_dagrun for example_external_task_marker_parent to None, run_after=None
[2023-10-11T07:02:03.034+0000] {processor.py:179} INFO - Processing /home/airflow/.local/lib/python3.8/site-packages/airflow/example_dags/example_external_task_marker_dag.py took 0.183 seconds
[2023-10-11T07:02:33.941+0000] {processor.py:157} INFO - Started process (PID=701) to work on /home/airflow/.local/lib/python3.8/site-packages/airflow/example_dags/example_external_task_marker_dag.py
[2023-10-11T07:02:33.941+0000] {processor.py:829} INFO - Processing file /home/airflow/.local/lib/python3.8/site-packages/airflow/example_dags/example_external_task_marker_dag.py for tasks to queue
[2023-10-11T07:02:33.942+0000] {logging_mixin.py:151} INFO - [2023-10-11T07:02:33.942+0000] {dagbag.py:539} INFO - Filling up the DagBag from /home/airflow/.local/lib/python3.8/site-packages/airflow/example_dags/example_external_task_marker_dag.py
[2023-10-11T07:02:33.946+0000] {processor.py:839} INFO - DAG(s) dict_keys(['example_external_task_marker_parent', 'example_external_task_marker_child']) retrieved from /home/airflow/.local/lib/python3.8/site-packages/airflow/example_dags/example_external_task_marker_dag.py
[2023-10-11T07:02:34.009+0000] {logging_mixin.py:151} INFO - [2023-10-11T07:02:34.009+0000] {dag.py:2915} INFO - Sync 2 DAGs
[2023-10-11T07:02:34.020+0000] {logging_mixin.py:151} INFO - [2023-10-11T07:02:34.020+0000] {dag.py:3696} INFO - Setting next_dagrun for example_external_task_marker_child to None, run_after=None
[2023-10-11T07:02:34.022+0000] {logging_mixin.py:151} INFO - [2023-10-11T07:02:34.022+0000] {dag.py:3696} INFO - Setting next_dagrun for example_external_task_marker_parent to None, run_after=None
[2023-10-11T07:02:34.033+0000] {processor.py:179} INFO - Processing /home/airflow/.local/lib/python3.8/site-packages/airflow/example_dags/example_external_task_marker_dag.py took 0.094 seconds
[2023-10-11T07:03:04.656+0000] {processor.py:157} INFO - Started process (PID=939) to work on /home/airflow/.local/lib/python3.8/site-packages/airflow/example_dags/example_external_task_marker_dag.py
[2023-10-11T07:03:04.680+0000] {processor.py:829} INFO - Processing file /home/airflow/.local/lib/python3.8/site-packages/airflow/example_dags/example_external_task_marker_dag.py for tasks to queue
[2023-10-11T07:03:04.681+0000] {logging_mixin.py:151} INFO - [2023-10-11T07:03:04.681+0000] {dagbag.py:539} INFO - Filling up the DagBag from /home/airflow/.local/lib/python3.8/site-packages/airflow/example_dags/example_external_task_marker_dag.py
[2023-10-11T07:03:04.699+0000] {processor.py:839} INFO - DAG(s) dict_keys(['example_external_task_marker_child', 'example_external_task_marker_parent']) retrieved from /home/airflow/.local/lib/python3.8/site-packages/airflow/example_dags/example_external_task_marker_dag.py
[2023-10-11T07:03:04.795+0000] {logging_mixin.py:151} INFO - [2023-10-11T07:03:04.794+0000] {dag.py:2915} INFO - Sync 2 DAGs
[2023-10-11T07:03:04.840+0000] {logging_mixin.py:151} INFO - [2023-10-11T07:03:04.840+0000] {dag.py:3696} INFO - Setting next_dagrun for example_external_task_marker_child to None, run_after=None
[2023-10-11T07:03:04.846+0000] {logging_mixin.py:151} INFO - [2023-10-11T07:03:04.846+0000] {dag.py:3696} INFO - Setting next_dagrun for example_external_task_marker_parent to None, run_after=None
[2023-10-11T07:03:04.878+0000] {processor.py:179} INFO - Processing /home/airflow/.local/lib/python3.8/site-packages/airflow/example_dags/example_external_task_marker_dag.py took 0.228 seconds
[2023-10-11T07:03:35.744+0000] {processor.py:157} INFO - Started process (PID=1177) to work on /home/airflow/.local/lib/python3.8/site-packages/airflow/example_dags/example_external_task_marker_dag.py
[2023-10-11T07:03:35.745+0000] {processor.py:829} INFO - Processing file /home/airflow/.local/lib/python3.8/site-packages/airflow/example_dags/example_external_task_marker_dag.py for tasks to queue
[2023-10-11T07:03:35.746+0000] {logging_mixin.py:151} INFO - [2023-10-11T07:03:35.745+0000] {dagbag.py:539} INFO - Filling up the DagBag from /home/airflow/.local/lib/python3.8/site-packages/airflow/example_dags/example_external_task_marker_dag.py
[2023-10-11T07:03:35.750+0000] {processor.py:839} INFO - DAG(s) dict_keys(['example_external_task_marker_child', 'example_external_task_marker_parent']) retrieved from /home/airflow/.local/lib/python3.8/site-packages/airflow/example_dags/example_external_task_marker_dag.py
[2023-10-11T07:03:35.789+0000] {logging_mixin.py:151} INFO - [2023-10-11T07:03:35.789+0000] {dag.py:2915} INFO - Sync 2 DAGs
[2023-10-11T07:03:35.797+0000] {logging_mixin.py:151} INFO - [2023-10-11T07:03:35.797+0000] {dag.py:3696} INFO - Setting next_dagrun for example_external_task_marker_child to None, run_after=None
[2023-10-11T07:03:35.799+0000] {logging_mixin.py:151} INFO - [2023-10-11T07:03:35.799+0000] {dag.py:3696} INFO - Setting next_dagrun for example_external_task_marker_parent to None, run_after=None
[2023-10-11T07:03:35.807+0000] {processor.py:179} INFO - Processing /home/airflow/.local/lib/python3.8/site-packages/airflow/example_dags/example_external_task_marker_dag.py took 0.067 seconds
[2023-10-11T07:04:06.340+0000] {processor.py:157} INFO - Started process (PID=1415) to work on /home/airflow/.local/lib/python3.8/site-packages/airflow/example_dags/example_external_task_marker_dag.py
[2023-10-11T07:04:06.342+0000] {processor.py:829} INFO - Processing file /home/airflow/.local/lib/python3.8/site-packages/airflow/example_dags/example_external_task_marker_dag.py for tasks to queue
[2023-10-11T07:04:06.343+0000] {logging_mixin.py:151} INFO - [2023-10-11T07:04:06.343+0000] {dagbag.py:539} INFO - Filling up the DagBag from /home/airflow/.local/lib/python3.8/site-packages/airflow/example_dags/example_external_task_marker_dag.py
[2023-10-11T07:04:06.352+0000] {processor.py:839} INFO - DAG(s) dict_keys(['example_external_task_marker_child', 'example_external_task_marker_parent']) retrieved from /home/airflow/.local/lib/python3.8/site-packages/airflow/example_dags/example_external_task_marker_dag.py
[2023-10-11T07:04:06.427+0000] {logging_mixin.py:151} INFO - [2023-10-11T07:04:06.427+0000] {dag.py:2915} INFO - Sync 2 DAGs
[2023-10-11T07:04:06.449+0000] {logging_mixin.py:151} INFO - [2023-10-11T07:04:06.449+0000] {dag.py:3696} INFO - Setting next_dagrun for example_external_task_marker_child to None, run_after=None
[2023-10-11T07:04:06.456+0000] {logging_mixin.py:151} INFO - [2023-10-11T07:04:06.456+0000] {dag.py:3696} INFO - Setting next_dagrun for example_external_task_marker_parent to None, run_after=None
[2023-10-11T07:04:06.545+0000] {processor.py:179} INFO - Processing /home/airflow/.local/lib/python3.8/site-packages/airflow/example_dags/example_external_task_marker_dag.py took 0.210 seconds
[2023-10-11T07:04:36.730+0000] {processor.py:157} INFO - Started process (PID=1653) to work on /home/airflow/.local/lib/python3.8/site-packages/airflow/example_dags/example_external_task_marker_dag.py
[2023-10-11T07:04:36.731+0000] {processor.py:829} INFO - Processing file /home/airflow/.local/lib/python3.8/site-packages/airflow/example_dags/example_external_task_marker_dag.py for tasks to queue
[2023-10-11T07:04:36.732+0000] {logging_mixin.py:151} INFO - [2023-10-11T07:04:36.731+0000] {dagbag.py:539} INFO - Filling up the DagBag from /home/airflow/.local/lib/python3.8/site-packages/airflow/example_dags/example_external_task_marker_dag.py
[2023-10-11T07:04:36.738+0000] {processor.py:839} INFO - DAG(s) dict_keys(['example_external_task_marker_parent', 'example_external_task_marker_child']) retrieved from /home/airflow/.local/lib/python3.8/site-packages/airflow/example_dags/example_external_task_marker_dag.py
[2023-10-11T07:04:36.793+0000] {logging_mixin.py:151} INFO - [2023-10-11T07:04:36.792+0000] {dag.py:2915} INFO - Sync 2 DAGs
[2023-10-11T07:04:36.802+0000] {logging_mixin.py:151} INFO - [2023-10-11T07:04:36.802+0000] {dag.py:3696} INFO - Setting next_dagrun for example_external_task_marker_child to None, run_after=None
[2023-10-11T07:04:36.805+0000] {logging_mixin.py:151} INFO - [2023-10-11T07:04:36.805+0000] {dag.py:3696} INFO - Setting next_dagrun for example_external_task_marker_parent to None, run_after=None
[2023-10-11T07:04:36.814+0000] {processor.py:179} INFO - Processing /home/airflow/.local/lib/python3.8/site-packages/airflow/example_dags/example_external_task_marker_dag.py took 0.087 seconds
[2023-10-11T07:05:07.282+0000] {processor.py:157} INFO - Started process (PID=1891) to work on /home/airflow/.local/lib/python3.8/site-packages/airflow/example_dags/example_external_task_marker_dag.py
[2023-10-11T07:05:07.286+0000] {processor.py:829} INFO - Processing file /home/airflow/.local/lib/python3.8/site-packages/airflow/example_dags/example_external_task_marker_dag.py for tasks to queue
[2023-10-11T07:05:07.289+0000] {logging_mixin.py:151} INFO - [2023-10-11T07:05:07.287+0000] {dagbag.py:539} INFO - Filling up the DagBag from /home/airflow/.local/lib/python3.8/site-packages/airflow/example_dags/example_external_task_marker_dag.py
[2023-10-11T07:05:07.299+0000] {processor.py:839} INFO - DAG(s) dict_keys(['example_external_task_marker_child', 'example_external_task_marker_parent']) retrieved from /home/airflow/.local/lib/python3.8/site-packages/airflow/example_dags/example_external_task_marker_dag.py
[2023-10-11T07:05:07.329+0000] {logging_mixin.py:151} INFO - [2023-10-11T07:05:07.329+0000] {dag.py:2915} INFO - Sync 2 DAGs
[2023-10-11T07:05:07.342+0000] {logging_mixin.py:151} INFO - [2023-10-11T07:05:07.342+0000] {dag.py:3696} INFO - Setting next_dagrun for example_external_task_marker_child to None, run_after=None
[2023-10-11T07:05:07.345+0000] {logging_mixin.py:151} INFO - [2023-10-11T07:05:07.345+0000] {dag.py:3696} INFO - Setting next_dagrun for example_external_task_marker_parent to None, run_after=None
[2023-10-11T07:05:07.375+0000] {processor.py:179} INFO - Processing /home/airflow/.local/lib/python3.8/site-packages/airflow/example_dags/example_external_task_marker_dag.py took 0.107 seconds
[2023-10-11T07:05:38.327+0000] {processor.py:157} INFO - Started process (PID=2129) to work on /home/airflow/.local/lib/python3.8/site-packages/airflow/example_dags/example_external_task_marker_dag.py
[2023-10-11T07:05:38.328+0000] {processor.py:829} INFO - Processing file /home/airflow/.local/lib/python3.8/site-packages/airflow/example_dags/example_external_task_marker_dag.py for tasks to queue
[2023-10-11T07:05:38.329+0000] {logging_mixin.py:151} INFO - [2023-10-11T07:05:38.329+0000] {dagbag.py:539} INFO - Filling up the DagBag from /home/airflow/.local/lib/python3.8/site-packages/airflow/example_dags/example_external_task_marker_dag.py
[2023-10-11T07:05:38.334+0000] {processor.py:839} INFO - DAG(s) dict_keys(['example_external_task_marker_child', 'example_external_task_marker_parent']) retrieved from /home/airflow/.local/lib/python3.8/site-packages/airflow/example_dags/example_external_task_marker_dag.py
[2023-10-11T07:05:38.367+0000] {logging_mixin.py:151} INFO - [2023-10-11T07:05:38.367+0000] {dag.py:2915} INFO - Sync 2 DAGs
[2023-10-11T07:05:38.378+0000] {logging_mixin.py:151} INFO - [2023-10-11T07:05:38.377+0000] {dag.py:3696} INFO - Setting next_dagrun for example_external_task_marker_child to None, run_after=None
[2023-10-11T07:05:38.385+0000] {logging_mixin.py:151} INFO - [2023-10-11T07:05:38.384+0000] {dag.py:3696} INFO - Setting next_dagrun for example_external_task_marker_parent to None, run_after=None
[2023-10-11T07:05:38.399+0000] {processor.py:179} INFO - Processing /home/airflow/.local/lib/python3.8/site-packages/airflow/example_dags/example_external_task_marker_dag.py took 0.074 seconds
[2023-10-11T07:06:08.671+0000] {processor.py:157} INFO - Started process (PID=2367) to work on /home/airflow/.local/lib/python3.8/site-packages/airflow/example_dags/example_external_task_marker_dag.py
[2023-10-11T07:06:08.677+0000] {processor.py:829} INFO - Processing file /home/airflow/.local/lib/python3.8/site-packages/airflow/example_dags/example_external_task_marker_dag.py for tasks to queue
[2023-10-11T07:06:08.678+0000] {logging_mixin.py:151} INFO - [2023-10-11T07:06:08.678+0000] {dagbag.py:539} INFO - Filling up the DagBag from /home/airflow/.local/lib/python3.8/site-packages/airflow/example_dags/example_external_task_marker_dag.py
[2023-10-11T07:06:08.683+0000] {processor.py:839} INFO - DAG(s) dict_keys(['example_external_task_marker_parent', 'example_external_task_marker_child']) retrieved from /home/airflow/.local/lib/python3.8/site-packages/airflow/example_dags/example_external_task_marker_dag.py
[2023-10-11T07:06:08.701+0000] {logging_mixin.py:151} INFO - [2023-10-11T07:06:08.701+0000] {dag.py:2915} INFO - Sync 2 DAGs
[2023-10-11T07:06:08.708+0000] {logging_mixin.py:151} INFO - [2023-10-11T07:06:08.708+0000] {dag.py:3696} INFO - Setting next_dagrun for example_external_task_marker_child to None, run_after=None
[2023-10-11T07:06:08.710+0000] {logging_mixin.py:151} INFO - [2023-10-11T07:06:08.710+0000] {dag.py:3696} INFO - Setting next_dagrun for example_external_task_marker_parent to None, run_after=None
[2023-10-11T07:06:08.719+0000] {processor.py:179} INFO - Processing /home/airflow/.local/lib/python3.8/site-packages/airflow/example_dags/example_external_task_marker_dag.py took 0.052 seconds
[2023-10-11T07:06:39.148+0000] {processor.py:157} INFO - Started process (PID=2610) to work on /home/airflow/.local/lib/python3.8/site-packages/airflow/example_dags/example_external_task_marker_dag.py
[2023-10-11T07:06:39.154+0000] {processor.py:829} INFO - Processing file /home/airflow/.local/lib/python3.8/site-packages/airflow/example_dags/example_external_task_marker_dag.py for tasks to queue
[2023-10-11T07:06:39.174+0000] {logging_mixin.py:151} INFO - [2023-10-11T07:06:39.174+0000] {dagbag.py:539} INFO - Filling up the DagBag from /home/airflow/.local/lib/python3.8/site-packages/airflow/example_dags/example_external_task_marker_dag.py
[2023-10-11T07:06:39.180+0000] {processor.py:839} INFO - DAG(s) dict_keys(['example_external_task_marker_parent', 'example_external_task_marker_child']) retrieved from /home/airflow/.local/lib/python3.8/site-packages/airflow/example_dags/example_external_task_marker_dag.py
[2023-10-11T07:06:39.198+0000] {logging_mixin.py:151} INFO - [2023-10-11T07:06:39.197+0000] {dag.py:2915} INFO - Sync 2 DAGs
[2023-10-11T07:06:39.207+0000] {logging_mixin.py:151} INFO - [2023-10-11T07:06:39.207+0000] {dag.py:3696} INFO - Setting next_dagrun for example_external_task_marker_child to None, run_after=None
[2023-10-11T07:06:39.209+0000] {logging_mixin.py:151} INFO - [2023-10-11T07:06:39.209+0000] {dag.py:3696} INFO - Setting next_dagrun for example_external_task_marker_parent to None, run_after=None
[2023-10-11T07:06:39.219+0000] {processor.py:179} INFO - Processing /home/airflow/.local/lib/python3.8/site-packages/airflow/example_dags/example_external_task_marker_dag.py took 0.074 seconds
[2023-10-11T07:07:09.840+0000] {processor.py:157} INFO - Started process (PID=2852) to work on /home/airflow/.local/lib/python3.8/site-packages/airflow/example_dags/example_external_task_marker_dag.py
[2023-10-11T07:07:09.841+0000] {processor.py:829} INFO - Processing file /home/airflow/.local/lib/python3.8/site-packages/airflow/example_dags/example_external_task_marker_dag.py for tasks to queue
[2023-10-11T07:07:09.841+0000] {logging_mixin.py:151} INFO - [2023-10-11T07:07:09.841+0000] {dagbag.py:539} INFO - Filling up the DagBag from /home/airflow/.local/lib/python3.8/site-packages/airflow/example_dags/example_external_task_marker_dag.py
[2023-10-11T07:07:09.850+0000] {processor.py:839} INFO - DAG(s) dict_keys(['example_external_task_marker_parent', 'example_external_task_marker_child']) retrieved from /home/airflow/.local/lib/python3.8/site-packages/airflow/example_dags/example_external_task_marker_dag.py
[2023-10-11T07:07:09.913+0000] {logging_mixin.py:151} INFO - [2023-10-11T07:07:09.913+0000] {dag.py:2915} INFO - Sync 2 DAGs
[2023-10-11T07:07:09.926+0000] {logging_mixin.py:151} INFO - [2023-10-11T07:07:09.926+0000] {dag.py:3696} INFO - Setting next_dagrun for example_external_task_marker_child to None, run_after=None
[2023-10-11T07:07:09.929+0000] {logging_mixin.py:151} INFO - [2023-10-11T07:07:09.929+0000] {dag.py:3696} INFO - Setting next_dagrun for example_external_task_marker_parent to None, run_after=None
[2023-10-11T07:07:09.942+0000] {processor.py:179} INFO - Processing /home/airflow/.local/lib/python3.8/site-packages/airflow/example_dags/example_external_task_marker_dag.py took 0.106 seconds
[2023-10-11T07:07:40.190+0000] {processor.py:157} INFO - Started process (PID=3093) to work on /home/airflow/.local/lib/python3.8/site-packages/airflow/example_dags/example_external_task_marker_dag.py
[2023-10-11T07:07:40.192+0000] {processor.py:829} INFO - Processing file /home/airflow/.local/lib/python3.8/site-packages/airflow/example_dags/example_external_task_marker_dag.py for tasks to queue
[2023-10-11T07:07:40.193+0000] {logging_mixin.py:151} INFO - [2023-10-11T07:07:40.192+0000] {dagbag.py:539} INFO - Filling up the DagBag from /home/airflow/.local/lib/python3.8/site-packages/airflow/example_dags/example_external_task_marker_dag.py
[2023-10-11T07:07:40.207+0000] {processor.py:839} INFO - DAG(s) dict_keys(['example_external_task_marker_child', 'example_external_task_marker_parent']) retrieved from /home/airflow/.local/lib/python3.8/site-packages/airflow/example_dags/example_external_task_marker_dag.py
[2023-10-11T07:07:40.238+0000] {logging_mixin.py:151} INFO - [2023-10-11T07:07:40.238+0000] {dag.py:2915} INFO - Sync 2 DAGs
[2023-10-11T07:07:40.256+0000] {logging_mixin.py:151} INFO - [2023-10-11T07:07:40.255+0000] {dag.py:3696} INFO - Setting next_dagrun for example_external_task_marker_child to None, run_after=None
[2023-10-11T07:07:40.276+0000] {logging_mixin.py:151} INFO - [2023-10-11T07:07:40.276+0000] {dag.py:3696} INFO - Setting next_dagrun for example_external_task_marker_parent to None, run_after=None
[2023-10-11T07:07:40.298+0000] {processor.py:179} INFO - Processing /home/airflow/.local/lib/python3.8/site-packages/airflow/example_dags/example_external_task_marker_dag.py took 0.111 seconds
[2023-10-11T07:08:11.154+0000] {processor.py:157} INFO - Started process (PID=3369) to work on /home/airflow/.local/lib/python3.8/site-packages/airflow/example_dags/example_external_task_marker_dag.py
[2023-10-11T07:08:11.162+0000] {processor.py:829} INFO - Processing file /home/airflow/.local/lib/python3.8/site-packages/airflow/example_dags/example_external_task_marker_dag.py for tasks to queue
[2023-10-11T07:08:11.167+0000] {logging_mixin.py:151} INFO - [2023-10-11T07:08:11.167+0000] {dagbag.py:539} INFO - Filling up the DagBag from /home/airflow/.local/lib/python3.8/site-packages/airflow/example_dags/example_external_task_marker_dag.py
[2023-10-11T07:08:11.180+0000] {processor.py:839} INFO - DAG(s) dict_keys(['example_external_task_marker_parent', 'example_external_task_marker_child']) retrieved from /home/airflow/.local/lib/python3.8/site-packages/airflow/example_dags/example_external_task_marker_dag.py
[2023-10-11T07:08:11.209+0000] {logging_mixin.py:151} INFO - [2023-10-11T07:08:11.209+0000] {dag.py:2915} INFO - Sync 2 DAGs
[2023-10-11T07:08:11.219+0000] {logging_mixin.py:151} INFO - [2023-10-11T07:08:11.219+0000] {dag.py:3696} INFO - Setting next_dagrun for example_external_task_marker_child to None, run_after=None
[2023-10-11T07:08:11.222+0000] {logging_mixin.py:151} INFO - [2023-10-11T07:08:11.222+0000] {dag.py:3696} INFO - Setting next_dagrun for example_external_task_marker_parent to None, run_after=None
[2023-10-11T07:08:11.232+0000] {processor.py:179} INFO - Processing /home/airflow/.local/lib/python3.8/site-packages/airflow/example_dags/example_external_task_marker_dag.py took 0.081 seconds
[2023-10-11T07:08:41.521+0000] {processor.py:157} INFO - Started process (PID=3612) to work on /home/airflow/.local/lib/python3.8/site-packages/airflow/example_dags/example_external_task_marker_dag.py
[2023-10-11T07:08:41.522+0000] {processor.py:829} INFO - Processing file /home/airflow/.local/lib/python3.8/site-packages/airflow/example_dags/example_external_task_marker_dag.py for tasks to queue
[2023-10-11T07:08:41.523+0000] {logging_mixin.py:151} INFO - [2023-10-11T07:08:41.523+0000] {dagbag.py:539} INFO - Filling up the DagBag from /home/airflow/.local/lib/python3.8/site-packages/airflow/example_dags/example_external_task_marker_dag.py
[2023-10-11T07:08:41.532+0000] {processor.py:839} INFO - DAG(s) dict_keys(['example_external_task_marker_parent', 'example_external_task_marker_child']) retrieved from /home/airflow/.local/lib/python3.8/site-packages/airflow/example_dags/example_external_task_marker_dag.py
[2023-10-11T07:08:41.581+0000] {logging_mixin.py:151} INFO - [2023-10-11T07:08:41.581+0000] {dag.py:2915} INFO - Sync 2 DAGs
[2023-10-11T07:08:41.594+0000] {logging_mixin.py:151} INFO - [2023-10-11T07:08:41.594+0000] {dag.py:3696} INFO - Setting next_dagrun for example_external_task_marker_child to None, run_after=None
[2023-10-11T07:08:41.597+0000] {logging_mixin.py:151} INFO - [2023-10-11T07:08:41.597+0000] {dag.py:3696} INFO - Setting next_dagrun for example_external_task_marker_parent to None, run_after=None
[2023-10-11T07:08:41.607+0000] {processor.py:179} INFO - Processing /home/airflow/.local/lib/python3.8/site-packages/airflow/example_dags/example_external_task_marker_dag.py took 0.091 seconds
[2023-10-11T07:09:12.519+0000] {processor.py:157} INFO - Started process (PID=3853) to work on /home/airflow/.local/lib/python3.8/site-packages/airflow/example_dags/example_external_task_marker_dag.py
[2023-10-11T07:09:12.521+0000] {processor.py:829} INFO - Processing file /home/airflow/.local/lib/python3.8/site-packages/airflow/example_dags/example_external_task_marker_dag.py for tasks to queue
[2023-10-11T07:09:12.522+0000] {logging_mixin.py:151} INFO - [2023-10-11T07:09:12.522+0000] {dagbag.py:539} INFO - Filling up the DagBag from /home/airflow/.local/lib/python3.8/site-packages/airflow/example_dags/example_external_task_marker_dag.py
[2023-10-11T07:09:12.534+0000] {processor.py:839} INFO - DAG(s) dict_keys(['example_external_task_marker_child', 'example_external_task_marker_parent']) retrieved from /home/airflow/.local/lib/python3.8/site-packages/airflow/example_dags/example_external_task_marker_dag.py
[2023-10-11T07:09:12.607+0000] {logging_mixin.py:151} INFO - [2023-10-11T07:09:12.606+0000] {dag.py:2915} INFO - Sync 2 DAGs
[2023-10-11T07:09:12.620+0000] {logging_mixin.py:151} INFO - [2023-10-11T07:09:12.620+0000] {dag.py:3696} INFO - Setting next_dagrun for example_external_task_marker_child to None, run_after=None
[2023-10-11T07:09:12.622+0000] {logging_mixin.py:151} INFO - [2023-10-11T07:09:12.622+0000] {dag.py:3696} INFO - Setting next_dagrun for example_external_task_marker_parent to None, run_after=None
[2023-10-11T07:09:12.636+0000] {processor.py:179} INFO - Processing /home/airflow/.local/lib/python3.8/site-packages/airflow/example_dags/example_external_task_marker_dag.py took 0.130 seconds
[2023-10-11T07:09:42.863+0000] {processor.py:157} INFO - Started process (PID=4098) to work on /home/airflow/.local/lib/python3.8/site-packages/airflow/example_dags/example_external_task_marker_dag.py
[2023-10-11T07:09:42.865+0000] {processor.py:829} INFO - Processing file /home/airflow/.local/lib/python3.8/site-packages/airflow/example_dags/example_external_task_marker_dag.py for tasks to queue
[2023-10-11T07:09:42.868+0000] {logging_mixin.py:151} INFO - [2023-10-11T07:09:42.867+0000] {dagbag.py:539} INFO - Filling up the DagBag from /home/airflow/.local/lib/python3.8/site-packages/airflow/example_dags/example_external_task_marker_dag.py
[2023-10-11T07:09:42.882+0000] {processor.py:839} INFO - DAG(s) dict_keys(['example_external_task_marker_child', 'example_external_task_marker_parent']) retrieved from /home/airflow/.local/lib/python3.8/site-packages/airflow/example_dags/example_external_task_marker_dag.py
[2023-10-11T07:09:42.908+0000] {logging_mixin.py:151} INFO - [2023-10-11T07:09:42.908+0000] {dag.py:2915} INFO - Sync 2 DAGs
[2023-10-11T07:09:42.918+0000] {logging_mixin.py:151} INFO - [2023-10-11T07:09:42.918+0000] {dag.py:3696} INFO - Setting next_dagrun for example_external_task_marker_child to None, run_after=None
[2023-10-11T07:09:42.921+0000] {logging_mixin.py:151} INFO - [2023-10-11T07:09:42.921+0000] {dag.py:3696} INFO - Setting next_dagrun for example_external_task_marker_parent to None, run_after=None
[2023-10-11T07:09:42.932+0000] {processor.py:179} INFO - Processing /home/airflow/.local/lib/python3.8/site-packages/airflow/example_dags/example_external_task_marker_dag.py took 0.079 seconds
[2023-10-11T07:10:13.706+0000] {processor.py:157} INFO - Started process (PID=4341) to work on /home/airflow/.local/lib/python3.8/site-packages/airflow/example_dags/example_external_task_marker_dag.py
[2023-10-11T07:10:13.707+0000] {processor.py:829} INFO - Processing file /home/airflow/.local/lib/python3.8/site-packages/airflow/example_dags/example_external_task_marker_dag.py for tasks to queue
[2023-10-11T07:10:13.708+0000] {logging_mixin.py:151} INFO - [2023-10-11T07:10:13.707+0000] {dagbag.py:539} INFO - Filling up the DagBag from /home/airflow/.local/lib/python3.8/site-packages/airflow/example_dags/example_external_task_marker_dag.py
[2023-10-11T07:10:13.713+0000] {processor.py:839} INFO - DAG(s) dict_keys(['example_external_task_marker_child', 'example_external_task_marker_parent']) retrieved from /home/airflow/.local/lib/python3.8/site-packages/airflow/example_dags/example_external_task_marker_dag.py
[2023-10-11T07:10:13.739+0000] {logging_mixin.py:151} INFO - [2023-10-11T07:10:13.739+0000] {dag.py:2915} INFO - Sync 2 DAGs
[2023-10-11T07:10:13.757+0000] {logging_mixin.py:151} INFO - [2023-10-11T07:10:13.757+0000] {dag.py:3696} INFO - Setting next_dagrun for example_external_task_marker_child to None, run_after=None
[2023-10-11T07:10:13.762+0000] {logging_mixin.py:151} INFO - [2023-10-11T07:10:13.762+0000] {dag.py:3696} INFO - Setting next_dagrun for example_external_task_marker_parent to None, run_after=None
[2023-10-11T07:10:13.787+0000] {processor.py:179} INFO - Processing /home/airflow/.local/lib/python3.8/site-packages/airflow/example_dags/example_external_task_marker_dag.py took 0.084 seconds
[2023-10-11T07:10:44.021+0000] {processor.py:157} INFO - Started process (PID=4584) to work on /home/airflow/.local/lib/python3.8/site-packages/airflow/example_dags/example_external_task_marker_dag.py
[2023-10-11T07:10:44.025+0000] {processor.py:829} INFO - Processing file /home/airflow/.local/lib/python3.8/site-packages/airflow/example_dags/example_external_task_marker_dag.py for tasks to queue
[2023-10-11T07:10:44.026+0000] {logging_mixin.py:151} INFO - [2023-10-11T07:10:44.026+0000] {dagbag.py:539} INFO - Filling up the DagBag from /home/airflow/.local/lib/python3.8/site-packages/airflow/example_dags/example_external_task_marker_dag.py
[2023-10-11T07:10:44.041+0000] {processor.py:839} INFO - DAG(s) dict_keys(['example_external_task_marker_parent', 'example_external_task_marker_child']) retrieved from /home/airflow/.local/lib/python3.8/site-packages/airflow/example_dags/example_external_task_marker_dag.py
[2023-10-11T07:10:44.122+0000] {logging_mixin.py:151} INFO - [2023-10-11T07:10:44.122+0000] {dag.py:2915} INFO - Sync 2 DAGs
[2023-10-11T07:10:44.146+0000] {logging_mixin.py:151} INFO - [2023-10-11T07:10:44.146+0000] {dag.py:3696} INFO - Setting next_dagrun for example_external_task_marker_child to None, run_after=None
[2023-10-11T07:10:44.150+0000] {logging_mixin.py:151} INFO - [2023-10-11T07:10:44.149+0000] {dag.py:3696} INFO - Setting next_dagrun for example_external_task_marker_parent to None, run_after=None
[2023-10-11T07:10:44.209+0000] {processor.py:179} INFO - Processing /home/airflow/.local/lib/python3.8/site-packages/airflow/example_dags/example_external_task_marker_dag.py took 0.203 seconds
[2023-10-11T07:11:14.588+0000] {processor.py:157} INFO - Started process (PID=4827) to work on /home/airflow/.local/lib/python3.8/site-packages/airflow/example_dags/example_external_task_marker_dag.py
[2023-10-11T07:11:14.590+0000] {processor.py:829} INFO - Processing file /home/airflow/.local/lib/python3.8/site-packages/airflow/example_dags/example_external_task_marker_dag.py for tasks to queue
[2023-10-11T07:11:14.591+0000] {logging_mixin.py:151} INFO - [2023-10-11T07:11:14.591+0000] {dagbag.py:539} INFO - Filling up the DagBag from /home/airflow/.local/lib/python3.8/site-packages/airflow/example_dags/example_external_task_marker_dag.py
[2023-10-11T07:11:14.599+0000] {processor.py:839} INFO - DAG(s) dict_keys(['example_external_task_marker_child', 'example_external_task_marker_parent']) retrieved from /home/airflow/.local/lib/python3.8/site-packages/airflow/example_dags/example_external_task_marker_dag.py
[2023-10-11T07:11:14.626+0000] {logging_mixin.py:151} INFO - [2023-10-11T07:11:14.626+0000] {dag.py:2915} INFO - Sync 2 DAGs
[2023-10-11T07:11:14.637+0000] {logging_mixin.py:151} INFO - [2023-10-11T07:11:14.637+0000] {dag.py:3696} INFO - Setting next_dagrun for example_external_task_marker_child to None, run_after=None
[2023-10-11T07:11:14.640+0000] {logging_mixin.py:151} INFO - [2023-10-11T07:11:14.640+0000] {dag.py:3696} INFO - Setting next_dagrun for example_external_task_marker_parent to None, run_after=None
[2023-10-11T07:11:14.667+0000] {processor.py:179} INFO - Processing /home/airflow/.local/lib/python3.8/site-packages/airflow/example_dags/example_external_task_marker_dag.py took 0.083 seconds
[2023-10-11T07:11:44.792+0000] {processor.py:157} INFO - Started process (PID=5069) to work on /home/airflow/.local/lib/python3.8/site-packages/airflow/example_dags/example_external_task_marker_dag.py
[2023-10-11T07:11:44.793+0000] {processor.py:829} INFO - Processing file /home/airflow/.local/lib/python3.8/site-packages/airflow/example_dags/example_external_task_marker_dag.py for tasks to queue
[2023-10-11T07:11:44.794+0000] {logging_mixin.py:151} INFO - [2023-10-11T07:11:44.794+0000] {dagbag.py:539} INFO - Filling up the DagBag from /home/airflow/.local/lib/python3.8/site-packages/airflow/example_dags/example_external_task_marker_dag.py
[2023-10-11T07:11:44.798+0000] {processor.py:839} INFO - DAG(s) dict_keys(['example_external_task_marker_parent', 'example_external_task_marker_child']) retrieved from /home/airflow/.local/lib/python3.8/site-packages/airflow/example_dags/example_external_task_marker_dag.py
[2023-10-11T07:11:44.819+0000] {logging_mixin.py:151} INFO - [2023-10-11T07:11:44.819+0000] {dag.py:2915} INFO - Sync 2 DAGs
[2023-10-11T07:11:44.830+0000] {logging_mixin.py:151} INFO - [2023-10-11T07:11:44.830+0000] {dag.py:3696} INFO - Setting next_dagrun for example_external_task_marker_child to None, run_after=None
[2023-10-11T07:11:44.833+0000] {logging_mixin.py:151} INFO - [2023-10-11T07:11:44.833+0000] {dag.py:3696} INFO - Setting next_dagrun for example_external_task_marker_parent to None, run_after=None
[2023-10-11T07:11:44.845+0000] {processor.py:179} INFO - Processing /home/airflow/.local/lib/python3.8/site-packages/airflow/example_dags/example_external_task_marker_dag.py took 0.055 seconds
[2023-10-11T07:12:15.598+0000] {processor.py:157} INFO - Started process (PID=5313) to work on /home/airflow/.local/lib/python3.8/site-packages/airflow/example_dags/example_external_task_marker_dag.py
[2023-10-11T07:12:15.599+0000] {processor.py:829} INFO - Processing file /home/airflow/.local/lib/python3.8/site-packages/airflow/example_dags/example_external_task_marker_dag.py for tasks to queue
[2023-10-11T07:12:15.600+0000] {logging_mixin.py:151} INFO - [2023-10-11T07:12:15.600+0000] {dagbag.py:539} INFO - Filling up the DagBag from /home/airflow/.local/lib/python3.8/site-packages/airflow/example_dags/example_external_task_marker_dag.py
[2023-10-11T07:12:15.604+0000] {processor.py:839} INFO - DAG(s) dict_keys(['example_external_task_marker_child', 'example_external_task_marker_parent']) retrieved from /home/airflow/.local/lib/python3.8/site-packages/airflow/example_dags/example_external_task_marker_dag.py
[2023-10-11T07:12:15.622+0000] {logging_mixin.py:151} INFO - [2023-10-11T07:12:15.621+0000] {dag.py:2915} INFO - Sync 2 DAGs
[2023-10-11T07:12:15.629+0000] {logging_mixin.py:151} INFO - [2023-10-11T07:12:15.629+0000] {dag.py:3696} INFO - Setting next_dagrun for example_external_task_marker_child to None, run_after=None
[2023-10-11T07:12:15.631+0000] {logging_mixin.py:151} INFO - [2023-10-11T07:12:15.631+0000] {dag.py:3696} INFO - Setting next_dagrun for example_external_task_marker_parent to None, run_after=None
[2023-10-11T07:12:15.641+0000] {processor.py:179} INFO - Processing /home/airflow/.local/lib/python3.8/site-packages/airflow/example_dags/example_external_task_marker_dag.py took 0.046 seconds
[2023-10-11T07:12:45.695+0000] {processor.py:157} INFO - Started process (PID=5556) to work on /home/airflow/.local/lib/python3.8/site-packages/airflow/example_dags/example_external_task_marker_dag.py
[2023-10-11T07:12:45.696+0000] {processor.py:829} INFO - Processing file /home/airflow/.local/lib/python3.8/site-packages/airflow/example_dags/example_external_task_marker_dag.py for tasks to queue
[2023-10-11T07:12:45.697+0000] {logging_mixin.py:151} INFO - [2023-10-11T07:12:45.697+0000] {dagbag.py:539} INFO - Filling up the DagBag from /home/airflow/.local/lib/python3.8/site-packages/airflow/example_dags/example_external_task_marker_dag.py
[2023-10-11T07:12:45.702+0000] {processor.py:839} INFO - DAG(s) dict_keys(['example_external_task_marker_child', 'example_external_task_marker_parent']) retrieved from /home/airflow/.local/lib/python3.8/site-packages/airflow/example_dags/example_external_task_marker_dag.py
[2023-10-11T07:12:45.719+0000] {logging_mixin.py:151} INFO - [2023-10-11T07:12:45.719+0000] {dag.py:2915} INFO - Sync 2 DAGs
[2023-10-11T07:12:45.727+0000] {logging_mixin.py:151} INFO - [2023-10-11T07:12:45.727+0000] {dag.py:3696} INFO - Setting next_dagrun for example_external_task_marker_child to None, run_after=None
[2023-10-11T07:12:45.730+0000] {logging_mixin.py:151} INFO - [2023-10-11T07:12:45.730+0000] {dag.py:3696} INFO - Setting next_dagrun for example_external_task_marker_parent to None, run_after=None
[2023-10-11T07:12:45.743+0000] {processor.py:179} INFO - Processing /home/airflow/.local/lib/python3.8/site-packages/airflow/example_dags/example_external_task_marker_dag.py took 0.051 seconds
[2023-10-11T07:13:16.368+0000] {processor.py:157} INFO - Started process (PID=5799) to work on /home/airflow/.local/lib/python3.8/site-packages/airflow/example_dags/example_external_task_marker_dag.py
[2023-10-11T07:13:16.370+0000] {processor.py:829} INFO - Processing file /home/airflow/.local/lib/python3.8/site-packages/airflow/example_dags/example_external_task_marker_dag.py for tasks to queue
[2023-10-11T07:13:16.371+0000] {logging_mixin.py:151} INFO - [2023-10-11T07:13:16.370+0000] {dagbag.py:539} INFO - Filling up the DagBag from /home/airflow/.local/lib/python3.8/site-packages/airflow/example_dags/example_external_task_marker_dag.py
[2023-10-11T07:13:16.376+0000] {processor.py:839} INFO - DAG(s) dict_keys(['example_external_task_marker_parent', 'example_external_task_marker_child']) retrieved from /home/airflow/.local/lib/python3.8/site-packages/airflow/example_dags/example_external_task_marker_dag.py
[2023-10-11T07:13:16.395+0000] {logging_mixin.py:151} INFO - [2023-10-11T07:13:16.394+0000] {dag.py:2915} INFO - Sync 2 DAGs
[2023-10-11T07:13:16.401+0000] {logging_mixin.py:151} INFO - [2023-10-11T07:13:16.401+0000] {dag.py:3696} INFO - Setting next_dagrun for example_external_task_marker_child to None, run_after=None
[2023-10-11T07:13:16.403+0000] {logging_mixin.py:151} INFO - [2023-10-11T07:13:16.403+0000] {dag.py:3696} INFO - Setting next_dagrun for example_external_task_marker_parent to None, run_after=None
[2023-10-11T07:13:16.412+0000] {processor.py:179} INFO - Processing /home/airflow/.local/lib/python3.8/site-packages/airflow/example_dags/example_external_task_marker_dag.py took 0.047 seconds
[2023-10-11T07:13:46.983+0000] {processor.py:157} INFO - Started process (PID=6042) to work on /home/airflow/.local/lib/python3.8/site-packages/airflow/example_dags/example_external_task_marker_dag.py
[2023-10-11T07:13:46.985+0000] {processor.py:829} INFO - Processing file /home/airflow/.local/lib/python3.8/site-packages/airflow/example_dags/example_external_task_marker_dag.py for tasks to queue
[2023-10-11T07:13:46.988+0000] {logging_mixin.py:151} INFO - [2023-10-11T07:13:46.986+0000] {dagbag.py:539} INFO - Filling up the DagBag from /home/airflow/.local/lib/python3.8/site-packages/airflow/example_dags/example_external_task_marker_dag.py
[2023-10-11T07:13:47.002+0000] {processor.py:839} INFO - DAG(s) dict_keys(['example_external_task_marker_child', 'example_external_task_marker_parent']) retrieved from /home/airflow/.local/lib/python3.8/site-packages/airflow/example_dags/example_external_task_marker_dag.py
[2023-10-11T07:13:47.026+0000] {logging_mixin.py:151} INFO - [2023-10-11T07:13:47.025+0000] {dag.py:2915} INFO - Sync 2 DAGs
[2023-10-11T07:13:47.036+0000] {logging_mixin.py:151} INFO - [2023-10-11T07:13:47.036+0000] {dag.py:3696} INFO - Setting next_dagrun for example_external_task_marker_child to None, run_after=None
[2023-10-11T07:13:47.041+0000] {logging_mixin.py:151} INFO - [2023-10-11T07:13:47.040+0000] {dag.py:3696} INFO - Setting next_dagrun for example_external_task_marker_parent to None, run_after=None
[2023-10-11T07:13:47.085+0000] {processor.py:179} INFO - Processing /home/airflow/.local/lib/python3.8/site-packages/airflow/example_dags/example_external_task_marker_dag.py took 0.107 seconds
[2023-10-11T07:14:17.491+0000] {processor.py:157} INFO - Started process (PID=6285) to work on /home/airflow/.local/lib/python3.8/site-packages/airflow/example_dags/example_external_task_marker_dag.py
[2023-10-11T07:14:17.492+0000] {processor.py:829} INFO - Processing file /home/airflow/.local/lib/python3.8/site-packages/airflow/example_dags/example_external_task_marker_dag.py for tasks to queue
[2023-10-11T07:14:17.493+0000] {logging_mixin.py:151} INFO - [2023-10-11T07:14:17.493+0000] {dagbag.py:539} INFO - Filling up the DagBag from /home/airflow/.local/lib/python3.8/site-packages/airflow/example_dags/example_external_task_marker_dag.py
[2023-10-11T07:14:17.500+0000] {processor.py:839} INFO - DAG(s) dict_keys(['example_external_task_marker_child', 'example_external_task_marker_parent']) retrieved from /home/airflow/.local/lib/python3.8/site-packages/airflow/example_dags/example_external_task_marker_dag.py
[2023-10-11T07:14:17.519+0000] {logging_mixin.py:151} INFO - [2023-10-11T07:14:17.519+0000] {dag.py:2915} INFO - Sync 2 DAGs
[2023-10-11T07:14:17.527+0000] {logging_mixin.py:151} INFO - [2023-10-11T07:14:17.527+0000] {dag.py:3696} INFO - Setting next_dagrun for example_external_task_marker_child to None, run_after=None
[2023-10-11T07:14:17.529+0000] {logging_mixin.py:151} INFO - [2023-10-11T07:14:17.529+0000] {dag.py:3696} INFO - Setting next_dagrun for example_external_task_marker_parent to None, run_after=None
[2023-10-11T07:14:17.538+0000] {processor.py:179} INFO - Processing /home/airflow/.local/lib/python3.8/site-packages/airflow/example_dags/example_external_task_marker_dag.py took 0.049 seconds
[2023-10-11T07:14:47.996+0000] {processor.py:157} INFO - Started process (PID=6527) to work on /home/airflow/.local/lib/python3.8/site-packages/airflow/example_dags/example_external_task_marker_dag.py
[2023-10-11T07:14:47.997+0000] {processor.py:829} INFO - Processing file /home/airflow/.local/lib/python3.8/site-packages/airflow/example_dags/example_external_task_marker_dag.py for tasks to queue
[2023-10-11T07:14:47.999+0000] {logging_mixin.py:151} INFO - [2023-10-11T07:14:47.998+0000] {dagbag.py:539} INFO - Filling up the DagBag from /home/airflow/.local/lib/python3.8/site-packages/airflow/example_dags/example_external_task_marker_dag.py
[2023-10-11T07:14:48.010+0000] {processor.py:839} INFO - DAG(s) dict_keys(['example_external_task_marker_parent', 'example_external_task_marker_child']) retrieved from /home/airflow/.local/lib/python3.8/site-packages/airflow/example_dags/example_external_task_marker_dag.py
[2023-10-11T07:14:48.054+0000] {logging_mixin.py:151} INFO - [2023-10-11T07:14:48.053+0000] {dag.py:2915} INFO - Sync 2 DAGs
[2023-10-11T07:14:48.069+0000] {logging_mixin.py:151} INFO - [2023-10-11T07:14:48.068+0000] {dag.py:3696} INFO - Setting next_dagrun for example_external_task_marker_child to None, run_after=None
[2023-10-11T07:14:48.079+0000] {logging_mixin.py:151} INFO - [2023-10-11T07:14:48.078+0000] {dag.py:3696} INFO - Setting next_dagrun for example_external_task_marker_parent to None, run_after=None
[2023-10-11T07:14:48.094+0000] {processor.py:179} INFO - Processing /home/airflow/.local/lib/python3.8/site-packages/airflow/example_dags/example_external_task_marker_dag.py took 0.104 seconds
[2023-10-11T07:15:18.376+0000] {processor.py:157} INFO - Started process (PID=6771) to work on /home/airflow/.local/lib/python3.8/site-packages/airflow/example_dags/example_external_task_marker_dag.py
[2023-10-11T07:15:18.377+0000] {processor.py:829} INFO - Processing file /home/airflow/.local/lib/python3.8/site-packages/airflow/example_dags/example_external_task_marker_dag.py for tasks to queue
[2023-10-11T07:15:18.377+0000] {logging_mixin.py:151} INFO - [2023-10-11T07:15:18.377+0000] {dagbag.py:539} INFO - Filling up the DagBag from /home/airflow/.local/lib/python3.8/site-packages/airflow/example_dags/example_external_task_marker_dag.py
[2023-10-11T07:15:18.384+0000] {processor.py:839} INFO - DAG(s) dict_keys(['example_external_task_marker_parent', 'example_external_task_marker_child']) retrieved from /home/airflow/.local/lib/python3.8/site-packages/airflow/example_dags/example_external_task_marker_dag.py
[2023-10-11T07:15:18.409+0000] {logging_mixin.py:151} INFO - [2023-10-11T07:15:18.409+0000] {dag.py:2915} INFO - Sync 2 DAGs
[2023-10-11T07:15:18.418+0000] {logging_mixin.py:151} INFO - [2023-10-11T07:15:18.418+0000] {dag.py:3696} INFO - Setting next_dagrun for example_external_task_marker_child to None, run_after=None
[2023-10-11T07:15:18.421+0000] {logging_mixin.py:151} INFO - [2023-10-11T07:15:18.421+0000] {dag.py:3696} INFO - Setting next_dagrun for example_external_task_marker_parent to None, run_after=None
[2023-10-11T07:15:18.433+0000] {processor.py:179} INFO - Processing /home/airflow/.local/lib/python3.8/site-packages/airflow/example_dags/example_external_task_marker_dag.py took 0.061 seconds
[2023-10-11T07:15:49.098+0000] {processor.py:157} INFO - Started process (PID=7014) to work on /home/airflow/.local/lib/python3.8/site-packages/airflow/example_dags/example_external_task_marker_dag.py
[2023-10-11T07:15:49.099+0000] {processor.py:829} INFO - Processing file /home/airflow/.local/lib/python3.8/site-packages/airflow/example_dags/example_external_task_marker_dag.py for tasks to queue
[2023-10-11T07:15:49.100+0000] {logging_mixin.py:151} INFO - [2023-10-11T07:15:49.100+0000] {dagbag.py:539} INFO - Filling up the DagBag from /home/airflow/.local/lib/python3.8/site-packages/airflow/example_dags/example_external_task_marker_dag.py
[2023-10-11T07:15:49.104+0000] {processor.py:839} INFO - DAG(s) dict_keys(['example_external_task_marker_parent', 'example_external_task_marker_child']) retrieved from /home/airflow/.local/lib/python3.8/site-packages/airflow/example_dags/example_external_task_marker_dag.py
[2023-10-11T07:15:49.123+0000] {logging_mixin.py:151} INFO - [2023-10-11T07:15:49.123+0000] {dag.py:2915} INFO - Sync 2 DAGs
[2023-10-11T07:15:49.132+0000] {logging_mixin.py:151} INFO - [2023-10-11T07:15:49.132+0000] {dag.py:3696} INFO - Setting next_dagrun for example_external_task_marker_child to None, run_after=None
[2023-10-11T07:15:49.134+0000] {logging_mixin.py:151} INFO - [2023-10-11T07:15:49.134+0000] {dag.py:3696} INFO - Setting next_dagrun for example_external_task_marker_parent to None, run_after=None
[2023-10-11T07:15:49.143+0000] {processor.py:179} INFO - Processing /home/airflow/.local/lib/python3.8/site-packages/airflow/example_dags/example_external_task_marker_dag.py took 0.048 seconds
[2023-10-11T07:16:19.643+0000] {processor.py:157} INFO - Started process (PID=7257) to work on /home/airflow/.local/lib/python3.8/site-packages/airflow/example_dags/example_external_task_marker_dag.py
[2023-10-11T07:16:19.644+0000] {processor.py:829} INFO - Processing file /home/airflow/.local/lib/python3.8/site-packages/airflow/example_dags/example_external_task_marker_dag.py for tasks to queue
[2023-10-11T07:16:19.647+0000] {logging_mixin.py:151} INFO - [2023-10-11T07:16:19.646+0000] {dagbag.py:539} INFO - Filling up the DagBag from /home/airflow/.local/lib/python3.8/site-packages/airflow/example_dags/example_external_task_marker_dag.py
[2023-10-11T07:16:19.683+0000] {processor.py:839} INFO - DAG(s) dict_keys(['example_external_task_marker_child', 'example_external_task_marker_parent']) retrieved from /home/airflow/.local/lib/python3.8/site-packages/airflow/example_dags/example_external_task_marker_dag.py
[2023-10-11T07:16:19.706+0000] {logging_mixin.py:151} INFO - [2023-10-11T07:16:19.706+0000] {dag.py:2915} INFO - Sync 2 DAGs
[2023-10-11T07:16:19.715+0000] {logging_mixin.py:151} INFO - [2023-10-11T07:16:19.715+0000] {dag.py:3696} INFO - Setting next_dagrun for example_external_task_marker_child to None, run_after=None
[2023-10-11T07:16:19.718+0000] {logging_mixin.py:151} INFO - [2023-10-11T07:16:19.717+0000] {dag.py:3696} INFO - Setting next_dagrun for example_external_task_marker_parent to None, run_after=None
[2023-10-11T07:16:19.732+0000] {processor.py:179} INFO - Processing /home/airflow/.local/lib/python3.8/site-packages/airflow/example_dags/example_external_task_marker_dag.py took 0.093 seconds
[2023-10-11T07:16:50.239+0000] {processor.py:157} INFO - Started process (PID=7498) to work on /home/airflow/.local/lib/python3.8/site-packages/airflow/example_dags/example_external_task_marker_dag.py
[2023-10-11T07:16:50.241+0000] {processor.py:829} INFO - Processing file /home/airflow/.local/lib/python3.8/site-packages/airflow/example_dags/example_external_task_marker_dag.py for tasks to queue
[2023-10-11T07:16:50.244+0000] {logging_mixin.py:151} INFO - [2023-10-11T07:16:50.243+0000] {dagbag.py:539} INFO - Filling up the DagBag from /home/airflow/.local/lib/python3.8/site-packages/airflow/example_dags/example_external_task_marker_dag.py
[2023-10-11T07:16:50.288+0000] {processor.py:839} INFO - DAG(s) dict_keys(['example_external_task_marker_parent', 'example_external_task_marker_child']) retrieved from /home/airflow/.local/lib/python3.8/site-packages/airflow/example_dags/example_external_task_marker_dag.py
[2023-10-11T07:16:50.385+0000] {logging_mixin.py:151} INFO - [2023-10-11T07:16:50.385+0000] {dag.py:2915} INFO - Sync 2 DAGs
[2023-10-11T07:16:50.404+0000] {logging_mixin.py:151} INFO - [2023-10-11T07:16:50.404+0000] {dag.py:3696} INFO - Setting next_dagrun for example_external_task_marker_child to None, run_after=None
[2023-10-11T07:16:50.408+0000] {logging_mixin.py:151} INFO - [2023-10-11T07:16:50.408+0000] {dag.py:3696} INFO - Setting next_dagrun for example_external_task_marker_parent to None, run_after=None
[2023-10-11T07:16:50.425+0000] {processor.py:179} INFO - Processing /home/airflow/.local/lib/python3.8/site-packages/airflow/example_dags/example_external_task_marker_dag.py took 0.192 seconds
[2023-10-11T07:17:21.290+0000] {processor.py:157} INFO - Started process (PID=7743) to work on /home/airflow/.local/lib/python3.8/site-packages/airflow/example_dags/example_external_task_marker_dag.py
[2023-10-11T07:17:21.292+0000] {processor.py:829} INFO - Processing file /home/airflow/.local/lib/python3.8/site-packages/airflow/example_dags/example_external_task_marker_dag.py for tasks to queue
[2023-10-11T07:17:21.294+0000] {logging_mixin.py:151} INFO - [2023-10-11T07:17:21.293+0000] {dagbag.py:539} INFO - Filling up the DagBag from /home/airflow/.local/lib/python3.8/site-packages/airflow/example_dags/example_external_task_marker_dag.py
[2023-10-11T07:17:21.312+0000] {processor.py:839} INFO - DAG(s) dict_keys(['example_external_task_marker_parent', 'example_external_task_marker_child']) retrieved from /home/airflow/.local/lib/python3.8/site-packages/airflow/example_dags/example_external_task_marker_dag.py
[2023-10-11T07:17:21.398+0000] {logging_mixin.py:151} INFO - [2023-10-11T07:17:21.398+0000] {dag.py:2915} INFO - Sync 2 DAGs
[2023-10-11T07:17:21.419+0000] {logging_mixin.py:151} INFO - [2023-10-11T07:17:21.419+0000] {dag.py:3696} INFO - Setting next_dagrun for example_external_task_marker_child to None, run_after=None
[2023-10-11T07:17:21.425+0000] {logging_mixin.py:151} INFO - [2023-10-11T07:17:21.425+0000] {dag.py:3696} INFO - Setting next_dagrun for example_external_task_marker_parent to None, run_after=None
[2023-10-11T07:17:21.488+0000] {processor.py:179} INFO - Processing /home/airflow/.local/lib/python3.8/site-packages/airflow/example_dags/example_external_task_marker_dag.py took 0.232 seconds
[2023-10-11T07:17:51.843+0000] {processor.py:157} INFO - Started process (PID=7985) to work on /home/airflow/.local/lib/python3.8/site-packages/airflow/example_dags/example_external_task_marker_dag.py
[2023-10-11T07:17:51.857+0000] {processor.py:829} INFO - Processing file /home/airflow/.local/lib/python3.8/site-packages/airflow/example_dags/example_external_task_marker_dag.py for tasks to queue
[2023-10-11T07:17:51.872+0000] {logging_mixin.py:151} INFO - [2023-10-11T07:17:51.866+0000] {dagbag.py:539} INFO - Filling up the DagBag from /home/airflow/.local/lib/python3.8/site-packages/airflow/example_dags/example_external_task_marker_dag.py
[2023-10-11T07:17:51.901+0000] {processor.py:839} INFO - DAG(s) dict_keys(['example_external_task_marker_child', 'example_external_task_marker_parent']) retrieved from /home/airflow/.local/lib/python3.8/site-packages/airflow/example_dags/example_external_task_marker_dag.py
[2023-10-11T07:17:52.008+0000] {logging_mixin.py:151} INFO - [2023-10-11T07:17:52.007+0000] {dag.py:2915} INFO - Sync 2 DAGs
[2023-10-11T07:17:52.043+0000] {logging_mixin.py:151} INFO - [2023-10-11T07:17:52.043+0000] {dag.py:3696} INFO - Setting next_dagrun for example_external_task_marker_child to None, run_after=None
[2023-10-11T07:17:52.065+0000] {logging_mixin.py:151} INFO - [2023-10-11T07:17:52.065+0000] {dag.py:3696} INFO - Setting next_dagrun for example_external_task_marker_parent to None, run_after=None
[2023-10-11T07:17:52.126+0000] {processor.py:179} INFO - Processing /home/airflow/.local/lib/python3.8/site-packages/airflow/example_dags/example_external_task_marker_dag.py took 0.297 seconds
[2023-10-11T07:18:22.407+0000] {processor.py:157} INFO - Started process (PID=8229) to work on /home/airflow/.local/lib/python3.8/site-packages/airflow/example_dags/example_external_task_marker_dag.py
[2023-10-11T07:18:22.408+0000] {processor.py:829} INFO - Processing file /home/airflow/.local/lib/python3.8/site-packages/airflow/example_dags/example_external_task_marker_dag.py for tasks to queue
[2023-10-11T07:18:22.410+0000] {logging_mixin.py:151} INFO - [2023-10-11T07:18:22.409+0000] {dagbag.py:539} INFO - Filling up the DagBag from /home/airflow/.local/lib/python3.8/site-packages/airflow/example_dags/example_external_task_marker_dag.py
[2023-10-11T07:18:22.430+0000] {processor.py:839} INFO - DAG(s) dict_keys(['example_external_task_marker_parent', 'example_external_task_marker_child']) retrieved from /home/airflow/.local/lib/python3.8/site-packages/airflow/example_dags/example_external_task_marker_dag.py
[2023-10-11T07:18:22.490+0000] {logging_mixin.py:151} INFO - [2023-10-11T07:18:22.489+0000] {dag.py:2915} INFO - Sync 2 DAGs
[2023-10-11T07:18:22.517+0000] {logging_mixin.py:151} INFO - [2023-10-11T07:18:22.517+0000] {dag.py:3696} INFO - Setting next_dagrun for example_external_task_marker_child to None, run_after=None
[2023-10-11T07:18:22.521+0000] {logging_mixin.py:151} INFO - [2023-10-11T07:18:22.521+0000] {dag.py:3696} INFO - Setting next_dagrun for example_external_task_marker_parent to None, run_after=None
[2023-10-11T07:18:22.573+0000] {processor.py:179} INFO - Processing /home/airflow/.local/lib/python3.8/site-packages/airflow/example_dags/example_external_task_marker_dag.py took 0.178 seconds
[2023-10-11T07:18:52.899+0000] {processor.py:157} INFO - Started process (PID=8471) to work on /home/airflow/.local/lib/python3.8/site-packages/airflow/example_dags/example_external_task_marker_dag.py
[2023-10-11T07:18:52.901+0000] {processor.py:829} INFO - Processing file /home/airflow/.local/lib/python3.8/site-packages/airflow/example_dags/example_external_task_marker_dag.py for tasks to queue
[2023-10-11T07:18:52.903+0000] {logging_mixin.py:151} INFO - [2023-10-11T07:18:52.902+0000] {dagbag.py:539} INFO - Filling up the DagBag from /home/airflow/.local/lib/python3.8/site-packages/airflow/example_dags/example_external_task_marker_dag.py
[2023-10-11T07:18:52.913+0000] {processor.py:839} INFO - DAG(s) dict_keys(['example_external_task_marker_parent', 'example_external_task_marker_child']) retrieved from /home/airflow/.local/lib/python3.8/site-packages/airflow/example_dags/example_external_task_marker_dag.py
[2023-10-11T07:18:52.967+0000] {logging_mixin.py:151} INFO - [2023-10-11T07:18:52.967+0000] {dag.py:2915} INFO - Sync 2 DAGs
[2023-10-11T07:18:52.981+0000] {logging_mixin.py:151} INFO - [2023-10-11T07:18:52.981+0000] {dag.py:3696} INFO - Setting next_dagrun for example_external_task_marker_child to None, run_after=None
[2023-10-11T07:18:52.983+0000] {logging_mixin.py:151} INFO - [2023-10-11T07:18:52.983+0000] {dag.py:3696} INFO - Setting next_dagrun for example_external_task_marker_parent to None, run_after=None
[2023-10-11T07:18:52.994+0000] {processor.py:179} INFO - Processing /home/airflow/.local/lib/python3.8/site-packages/airflow/example_dags/example_external_task_marker_dag.py took 0.104 seconds
[2023-10-11T07:19:23.047+0000] {processor.py:157} INFO - Started process (PID=8715) to work on /home/airflow/.local/lib/python3.8/site-packages/airflow/example_dags/example_external_task_marker_dag.py
[2023-10-11T07:19:23.052+0000] {processor.py:829} INFO - Processing file /home/airflow/.local/lib/python3.8/site-packages/airflow/example_dags/example_external_task_marker_dag.py for tasks to queue
[2023-10-11T07:19:23.060+0000] {logging_mixin.py:151} INFO - [2023-10-11T07:19:23.059+0000] {dagbag.py:539} INFO - Filling up the DagBag from /home/airflow/.local/lib/python3.8/site-packages/airflow/example_dags/example_external_task_marker_dag.py
[2023-10-11T07:19:23.076+0000] {processor.py:839} INFO - DAG(s) dict_keys(['example_external_task_marker_child', 'example_external_task_marker_parent']) retrieved from /home/airflow/.local/lib/python3.8/site-packages/airflow/example_dags/example_external_task_marker_dag.py
[2023-10-11T07:19:23.102+0000] {logging_mixin.py:151} INFO - [2023-10-11T07:19:23.102+0000] {dag.py:2915} INFO - Sync 2 DAGs
[2023-10-11T07:19:23.112+0000] {logging_mixin.py:151} INFO - [2023-10-11T07:19:23.112+0000] {dag.py:3696} INFO - Setting next_dagrun for example_external_task_marker_child to None, run_after=None
[2023-10-11T07:19:23.114+0000] {logging_mixin.py:151} INFO - [2023-10-11T07:19:23.114+0000] {dag.py:3696} INFO - Setting next_dagrun for example_external_task_marker_parent to None, run_after=None
[2023-10-11T07:19:23.124+0000] {processor.py:179} INFO - Processing /home/airflow/.local/lib/python3.8/site-packages/airflow/example_dags/example_external_task_marker_dag.py took 0.086 seconds
[2023-10-11T07:19:53.794+0000] {processor.py:157} INFO - Started process (PID=8958) to work on /home/airflow/.local/lib/python3.8/site-packages/airflow/example_dags/example_external_task_marker_dag.py
[2023-10-11T07:19:53.799+0000] {processor.py:829} INFO - Processing file /home/airflow/.local/lib/python3.8/site-packages/airflow/example_dags/example_external_task_marker_dag.py for tasks to queue
[2023-10-11T07:19:53.800+0000] {logging_mixin.py:151} INFO - [2023-10-11T07:19:53.800+0000] {dagbag.py:539} INFO - Filling up the DagBag from /home/airflow/.local/lib/python3.8/site-packages/airflow/example_dags/example_external_task_marker_dag.py
[2023-10-11T07:19:53.812+0000] {processor.py:839} INFO - DAG(s) dict_keys(['example_external_task_marker_child', 'example_external_task_marker_parent']) retrieved from /home/airflow/.local/lib/python3.8/site-packages/airflow/example_dags/example_external_task_marker_dag.py
[2023-10-11T07:19:53.876+0000] {logging_mixin.py:151} INFO - [2023-10-11T07:19:53.876+0000] {dag.py:2915} INFO - Sync 2 DAGs
[2023-10-11T07:19:53.895+0000] {logging_mixin.py:151} INFO - [2023-10-11T07:19:53.895+0000] {dag.py:3696} INFO - Setting next_dagrun for example_external_task_marker_child to None, run_after=None
[2023-10-11T07:19:53.900+0000] {logging_mixin.py:151} INFO - [2023-10-11T07:19:53.900+0000] {dag.py:3696} INFO - Setting next_dagrun for example_external_task_marker_parent to None, run_after=None
[2023-10-11T07:19:53.935+0000] {processor.py:179} INFO - Processing /home/airflow/.local/lib/python3.8/site-packages/airflow/example_dags/example_external_task_marker_dag.py took 0.161 seconds
[2023-10-11T07:20:24.134+0000] {processor.py:157} INFO - Started process (PID=9201) to work on /home/airflow/.local/lib/python3.8/site-packages/airflow/example_dags/example_external_task_marker_dag.py
[2023-10-11T07:20:24.135+0000] {processor.py:829} INFO - Processing file /home/airflow/.local/lib/python3.8/site-packages/airflow/example_dags/example_external_task_marker_dag.py for tasks to queue
[2023-10-11T07:20:24.136+0000] {logging_mixin.py:151} INFO - [2023-10-11T07:20:24.135+0000] {dagbag.py:539} INFO - Filling up the DagBag from /home/airflow/.local/lib/python3.8/site-packages/airflow/example_dags/example_external_task_marker_dag.py
[2023-10-11T07:20:24.156+0000] {processor.py:839} INFO - DAG(s) dict_keys(['example_external_task_marker_parent', 'example_external_task_marker_child']) retrieved from /home/airflow/.local/lib/python3.8/site-packages/airflow/example_dags/example_external_task_marker_dag.py
[2023-10-11T07:20:24.227+0000] {logging_mixin.py:151} INFO - [2023-10-11T07:20:24.227+0000] {dag.py:2915} INFO - Sync 2 DAGs
[2023-10-11T07:20:24.260+0000] {logging_mixin.py:151} INFO - [2023-10-11T07:20:24.260+0000] {dag.py:3696} INFO - Setting next_dagrun for example_external_task_marker_child to None, run_after=None
[2023-10-11T07:20:24.277+0000] {logging_mixin.py:151} INFO - [2023-10-11T07:20:24.277+0000] {dag.py:3696} INFO - Setting next_dagrun for example_external_task_marker_parent to None, run_after=None
[2023-10-11T07:20:24.299+0000] {processor.py:179} INFO - Processing /home/airflow/.local/lib/python3.8/site-packages/airflow/example_dags/example_external_task_marker_dag.py took 0.169 seconds
[2023-10-11T07:20:54.911+0000] {processor.py:157} INFO - Started process (PID=9444) to work on /home/airflow/.local/lib/python3.8/site-packages/airflow/example_dags/example_external_task_marker_dag.py
[2023-10-11T07:20:54.913+0000] {processor.py:829} INFO - Processing file /home/airflow/.local/lib/python3.8/site-packages/airflow/example_dags/example_external_task_marker_dag.py for tasks to queue
[2023-10-11T07:20:54.914+0000] {logging_mixin.py:151} INFO - [2023-10-11T07:20:54.914+0000] {dagbag.py:539} INFO - Filling up the DagBag from /home/airflow/.local/lib/python3.8/site-packages/airflow/example_dags/example_external_task_marker_dag.py
[2023-10-11T07:20:54.927+0000] {processor.py:839} INFO - DAG(s) dict_keys(['example_external_task_marker_child', 'example_external_task_marker_parent']) retrieved from /home/airflow/.local/lib/python3.8/site-packages/airflow/example_dags/example_external_task_marker_dag.py
[2023-10-11T07:20:55.016+0000] {logging_mixin.py:151} INFO - [2023-10-11T07:20:55.015+0000] {dag.py:2915} INFO - Sync 2 DAGs
[2023-10-11T07:20:55.032+0000] {logging_mixin.py:151} INFO - [2023-10-11T07:20:55.032+0000] {dag.py:3696} INFO - Setting next_dagrun for example_external_task_marker_child to None, run_after=None
[2023-10-11T07:20:55.036+0000] {logging_mixin.py:151} INFO - [2023-10-11T07:20:55.036+0000] {dag.py:3696} INFO - Setting next_dagrun for example_external_task_marker_parent to None, run_after=None
[2023-10-11T07:20:55.072+0000] {processor.py:179} INFO - Processing /home/airflow/.local/lib/python3.8/site-packages/airflow/example_dags/example_external_task_marker_dag.py took 0.167 seconds
[2023-10-11T07:21:25.879+0000] {processor.py:157} INFO - Started process (PID=9687) to work on /home/airflow/.local/lib/python3.8/site-packages/airflow/example_dags/example_external_task_marker_dag.py
[2023-10-11T07:21:25.880+0000] {processor.py:829} INFO - Processing file /home/airflow/.local/lib/python3.8/site-packages/airflow/example_dags/example_external_task_marker_dag.py for tasks to queue
[2023-10-11T07:21:25.881+0000] {logging_mixin.py:151} INFO - [2023-10-11T07:21:25.881+0000] {dagbag.py:539} INFO - Filling up the DagBag from /home/airflow/.local/lib/python3.8/site-packages/airflow/example_dags/example_external_task_marker_dag.py
[2023-10-11T07:21:25.888+0000] {processor.py:839} INFO - DAG(s) dict_keys(['example_external_task_marker_parent', 'example_external_task_marker_child']) retrieved from /home/airflow/.local/lib/python3.8/site-packages/airflow/example_dags/example_external_task_marker_dag.py
[2023-10-11T07:21:25.910+0000] {logging_mixin.py:151} INFO - [2023-10-11T07:21:25.910+0000] {dag.py:2915} INFO - Sync 2 DAGs
[2023-10-11T07:21:25.920+0000] {logging_mixin.py:151} INFO - [2023-10-11T07:21:25.920+0000] {dag.py:3696} INFO - Setting next_dagrun for example_external_task_marker_child to None, run_after=None
[2023-10-11T07:21:25.923+0000] {logging_mixin.py:151} INFO - [2023-10-11T07:21:25.923+0000] {dag.py:3696} INFO - Setting next_dagrun for example_external_task_marker_parent to None, run_after=None
[2023-10-11T07:21:25.934+0000] {processor.py:179} INFO - Processing /home/airflow/.local/lib/python3.8/site-packages/airflow/example_dags/example_external_task_marker_dag.py took 0.058 seconds
[2023-10-11T07:21:56.574+0000] {processor.py:157} INFO - Started process (PID=9930) to work on /home/airflow/.local/lib/python3.8/site-packages/airflow/example_dags/example_external_task_marker_dag.py
[2023-10-11T07:21:56.577+0000] {processor.py:829} INFO - Processing file /home/airflow/.local/lib/python3.8/site-packages/airflow/example_dags/example_external_task_marker_dag.py for tasks to queue
[2023-10-11T07:21:56.579+0000] {logging_mixin.py:151} INFO - [2023-10-11T07:21:56.578+0000] {dagbag.py:539} INFO - Filling up the DagBag from /home/airflow/.local/lib/python3.8/site-packages/airflow/example_dags/example_external_task_marker_dag.py
[2023-10-11T07:21:56.601+0000] {processor.py:839} INFO - DAG(s) dict_keys(['example_external_task_marker_child', 'example_external_task_marker_parent']) retrieved from /home/airflow/.local/lib/python3.8/site-packages/airflow/example_dags/example_external_task_marker_dag.py
[2023-10-11T07:21:56.687+0000] {logging_mixin.py:151} INFO - [2023-10-11T07:21:56.687+0000] {dag.py:2915} INFO - Sync 2 DAGs
[2023-10-11T07:21:56.709+0000] {logging_mixin.py:151} INFO - [2023-10-11T07:21:56.709+0000] {dag.py:3696} INFO - Setting next_dagrun for example_external_task_marker_child to None, run_after=None
[2023-10-11T07:21:56.714+0000] {logging_mixin.py:151} INFO - [2023-10-11T07:21:56.714+0000] {dag.py:3696} INFO - Setting next_dagrun for example_external_task_marker_parent to None, run_after=None
[2023-10-11T07:21:56.734+0000] {processor.py:179} INFO - Processing /home/airflow/.local/lib/python3.8/site-packages/airflow/example_dags/example_external_task_marker_dag.py took 0.169 seconds
[2023-10-11T07:22:26.825+0000] {processor.py:157} INFO - Started process (PID=10173) to work on /home/airflow/.local/lib/python3.8/site-packages/airflow/example_dags/example_external_task_marker_dag.py
[2023-10-11T07:22:26.826+0000] {processor.py:829} INFO - Processing file /home/airflow/.local/lib/python3.8/site-packages/airflow/example_dags/example_external_task_marker_dag.py for tasks to queue
[2023-10-11T07:22:26.826+0000] {logging_mixin.py:151} INFO - [2023-10-11T07:22:26.826+0000] {dagbag.py:539} INFO - Filling up the DagBag from /home/airflow/.local/lib/python3.8/site-packages/airflow/example_dags/example_external_task_marker_dag.py
[2023-10-11T07:22:26.832+0000] {processor.py:839} INFO - DAG(s) dict_keys(['example_external_task_marker_child', 'example_external_task_marker_parent']) retrieved from /home/airflow/.local/lib/python3.8/site-packages/airflow/example_dags/example_external_task_marker_dag.py
[2023-10-11T07:22:26.865+0000] {logging_mixin.py:151} INFO - [2023-10-11T07:22:26.865+0000] {dag.py:2915} INFO - Sync 2 DAGs
[2023-10-11T07:22:26.878+0000] {logging_mixin.py:151} INFO - [2023-10-11T07:22:26.878+0000] {dag.py:3696} INFO - Setting next_dagrun for example_external_task_marker_child to None, run_after=None
[2023-10-11T07:22:26.881+0000] {logging_mixin.py:151} INFO - [2023-10-11T07:22:26.881+0000] {dag.py:3696} INFO - Setting next_dagrun for example_external_task_marker_parent to None, run_after=None
[2023-10-11T07:22:26.891+0000] {processor.py:179} INFO - Processing /home/airflow/.local/lib/python3.8/site-packages/airflow/example_dags/example_external_task_marker_dag.py took 0.070 seconds
[2023-10-11T07:22:57.090+0000] {processor.py:157} INFO - Started process (PID=10416) to work on /home/airflow/.local/lib/python3.8/site-packages/airflow/example_dags/example_external_task_marker_dag.py
[2023-10-11T07:22:57.092+0000] {processor.py:829} INFO - Processing file /home/airflow/.local/lib/python3.8/site-packages/airflow/example_dags/example_external_task_marker_dag.py for tasks to queue
[2023-10-11T07:22:57.092+0000] {logging_mixin.py:151} INFO - [2023-10-11T07:22:57.092+0000] {dagbag.py:539} INFO - Filling up the DagBag from /home/airflow/.local/lib/python3.8/site-packages/airflow/example_dags/example_external_task_marker_dag.py
[2023-10-11T07:22:57.098+0000] {processor.py:839} INFO - DAG(s) dict_keys(['example_external_task_marker_child', 'example_external_task_marker_parent']) retrieved from /home/airflow/.local/lib/python3.8/site-packages/airflow/example_dags/example_external_task_marker_dag.py
[2023-10-11T07:22:57.118+0000] {logging_mixin.py:151} INFO - [2023-10-11T07:22:57.118+0000] {dag.py:2915} INFO - Sync 2 DAGs
[2023-10-11T07:22:57.131+0000] {logging_mixin.py:151} INFO - [2023-10-11T07:22:57.131+0000] {dag.py:3696} INFO - Setting next_dagrun for example_external_task_marker_child to None, run_after=None
[2023-10-11T07:22:57.135+0000] {logging_mixin.py:151} INFO - [2023-10-11T07:22:57.135+0000] {dag.py:3696} INFO - Setting next_dagrun for example_external_task_marker_parent to None, run_after=None
[2023-10-11T07:22:57.148+0000] {processor.py:179} INFO - Processing /home/airflow/.local/lib/python3.8/site-packages/airflow/example_dags/example_external_task_marker_dag.py took 0.061 seconds
[2023-10-11T07:23:27.194+0000] {processor.py:157} INFO - Started process (PID=10656) to work on /home/airflow/.local/lib/python3.8/site-packages/airflow/example_dags/example_external_task_marker_dag.py
[2023-10-11T07:23:27.196+0000] {processor.py:829} INFO - Processing file /home/airflow/.local/lib/python3.8/site-packages/airflow/example_dags/example_external_task_marker_dag.py for tasks to queue
[2023-10-11T07:23:27.197+0000] {logging_mixin.py:151} INFO - [2023-10-11T07:23:27.197+0000] {dagbag.py:539} INFO - Filling up the DagBag from /home/airflow/.local/lib/python3.8/site-packages/airflow/example_dags/example_external_task_marker_dag.py
[2023-10-11T07:23:27.201+0000] {processor.py:839} INFO - DAG(s) dict_keys(['example_external_task_marker_parent', 'example_external_task_marker_child']) retrieved from /home/airflow/.local/lib/python3.8/site-packages/airflow/example_dags/example_external_task_marker_dag.py
[2023-10-11T07:23:27.218+0000] {logging_mixin.py:151} INFO - [2023-10-11T07:23:27.217+0000] {dag.py:2915} INFO - Sync 2 DAGs
[2023-10-11T07:23:27.225+0000] {logging_mixin.py:151} INFO - [2023-10-11T07:23:27.225+0000] {dag.py:3696} INFO - Setting next_dagrun for example_external_task_marker_child to None, run_after=None
[2023-10-11T07:23:27.227+0000] {logging_mixin.py:151} INFO - [2023-10-11T07:23:27.227+0000] {dag.py:3696} INFO - Setting next_dagrun for example_external_task_marker_parent to None, run_after=None
[2023-10-11T07:23:27.235+0000] {processor.py:179} INFO - Processing /home/airflow/.local/lib/python3.8/site-packages/airflow/example_dags/example_external_task_marker_dag.py took 0.043 seconds
[2023-10-11T07:23:57.400+0000] {processor.py:157} INFO - Started process (PID=10902) to work on /home/airflow/.local/lib/python3.8/site-packages/airflow/example_dags/example_external_task_marker_dag.py
[2023-10-11T07:23:57.401+0000] {processor.py:829} INFO - Processing file /home/airflow/.local/lib/python3.8/site-packages/airflow/example_dags/example_external_task_marker_dag.py for tasks to queue
[2023-10-11T07:23:57.402+0000] {logging_mixin.py:151} INFO - [2023-10-11T07:23:57.402+0000] {dagbag.py:539} INFO - Filling up the DagBag from /home/airflow/.local/lib/python3.8/site-packages/airflow/example_dags/example_external_task_marker_dag.py
[2023-10-11T07:23:57.407+0000] {processor.py:839} INFO - DAG(s) dict_keys(['example_external_task_marker_child', 'example_external_task_marker_parent']) retrieved from /home/airflow/.local/lib/python3.8/site-packages/airflow/example_dags/example_external_task_marker_dag.py
[2023-10-11T07:23:57.423+0000] {logging_mixin.py:151} INFO - [2023-10-11T07:23:57.423+0000] {dag.py:2915} INFO - Sync 2 DAGs
[2023-10-11T07:23:57.430+0000] {logging_mixin.py:151} INFO - [2023-10-11T07:23:57.430+0000] {dag.py:3696} INFO - Setting next_dagrun for example_external_task_marker_child to None, run_after=None
[2023-10-11T07:23:57.433+0000] {logging_mixin.py:151} INFO - [2023-10-11T07:23:57.432+0000] {dag.py:3696} INFO - Setting next_dagrun for example_external_task_marker_parent to None, run_after=None
[2023-10-11T07:23:57.443+0000] {processor.py:179} INFO - Processing /home/airflow/.local/lib/python3.8/site-packages/airflow/example_dags/example_external_task_marker_dag.py took 0.045 seconds
[2023-10-11T07:24:27.837+0000] {processor.py:157} INFO - Started process (PID=11145) to work on /home/airflow/.local/lib/python3.8/site-packages/airflow/example_dags/example_external_task_marker_dag.py
[2023-10-11T07:24:27.838+0000] {processor.py:829} INFO - Processing file /home/airflow/.local/lib/python3.8/site-packages/airflow/example_dags/example_external_task_marker_dag.py for tasks to queue
[2023-10-11T07:24:27.839+0000] {logging_mixin.py:151} INFO - [2023-10-11T07:24:27.839+0000] {dagbag.py:539} INFO - Filling up the DagBag from /home/airflow/.local/lib/python3.8/site-packages/airflow/example_dags/example_external_task_marker_dag.py
[2023-10-11T07:24:27.844+0000] {processor.py:839} INFO - DAG(s) dict_keys(['example_external_task_marker_parent', 'example_external_task_marker_child']) retrieved from /home/airflow/.local/lib/python3.8/site-packages/airflow/example_dags/example_external_task_marker_dag.py
[2023-10-11T07:24:27.882+0000] {logging_mixin.py:151} INFO - [2023-10-11T07:24:27.882+0000] {dag.py:2915} INFO - Sync 2 DAGs
[2023-10-11T07:24:27.891+0000] {logging_mixin.py:151} INFO - [2023-10-11T07:24:27.891+0000] {dag.py:3696} INFO - Setting next_dagrun for example_external_task_marker_child to None, run_after=None
[2023-10-11T07:24:27.893+0000] {logging_mixin.py:151} INFO - [2023-10-11T07:24:27.893+0000] {dag.py:3696} INFO - Setting next_dagrun for example_external_task_marker_parent to None, run_after=None
[2023-10-11T07:24:27.902+0000] {processor.py:179} INFO - Processing /home/airflow/.local/lib/python3.8/site-packages/airflow/example_dags/example_external_task_marker_dag.py took 0.068 seconds
[2023-10-11T07:24:57.987+0000] {processor.py:157} INFO - Started process (PID=11387) to work on /home/airflow/.local/lib/python3.8/site-packages/airflow/example_dags/example_external_task_marker_dag.py
[2023-10-11T07:24:57.988+0000] {processor.py:829} INFO - Processing file /home/airflow/.local/lib/python3.8/site-packages/airflow/example_dags/example_external_task_marker_dag.py for tasks to queue
[2023-10-11T07:24:57.989+0000] {logging_mixin.py:151} INFO - [2023-10-11T07:24:57.988+0000] {dagbag.py:539} INFO - Filling up the DagBag from /home/airflow/.local/lib/python3.8/site-packages/airflow/example_dags/example_external_task_marker_dag.py
[2023-10-11T07:24:57.995+0000] {processor.py:839} INFO - DAG(s) dict_keys(['example_external_task_marker_child', 'example_external_task_marker_parent']) retrieved from /home/airflow/.local/lib/python3.8/site-packages/airflow/example_dags/example_external_task_marker_dag.py
[2023-10-11T07:24:58.021+0000] {logging_mixin.py:151} INFO - [2023-10-11T07:24:58.021+0000] {dag.py:2915} INFO - Sync 2 DAGs
[2023-10-11T07:24:58.032+0000] {logging_mixin.py:151} INFO - [2023-10-11T07:24:58.032+0000] {dag.py:3696} INFO - Setting next_dagrun for example_external_task_marker_child to None, run_after=None
[2023-10-11T07:24:58.035+0000] {logging_mixin.py:151} INFO - [2023-10-11T07:24:58.035+0000] {dag.py:3696} INFO - Setting next_dagrun for example_external_task_marker_parent to None, run_after=None
[2023-10-11T07:24:58.049+0000] {processor.py:179} INFO - Processing /home/airflow/.local/lib/python3.8/site-packages/airflow/example_dags/example_external_task_marker_dag.py took 0.067 seconds
[2023-10-11T07:25:28.475+0000] {processor.py:157} INFO - Started process (PID=11631) to work on /home/airflow/.local/lib/python3.8/site-packages/airflow/example_dags/example_external_task_marker_dag.py
[2023-10-11T07:25:28.483+0000] {processor.py:829} INFO - Processing file /home/airflow/.local/lib/python3.8/site-packages/airflow/example_dags/example_external_task_marker_dag.py for tasks to queue
[2023-10-11T07:25:28.488+0000] {logging_mixin.py:151} INFO - [2023-10-11T07:25:28.487+0000] {dagbag.py:539} INFO - Filling up the DagBag from /home/airflow/.local/lib/python3.8/site-packages/airflow/example_dags/example_external_task_marker_dag.py
[2023-10-11T07:25:28.510+0000] {processor.py:839} INFO - DAG(s) dict_keys(['example_external_task_marker_parent', 'example_external_task_marker_child']) retrieved from /home/airflow/.local/lib/python3.8/site-packages/airflow/example_dags/example_external_task_marker_dag.py
[2023-10-11T07:25:28.591+0000] {logging_mixin.py:151} INFO - [2023-10-11T07:25:28.591+0000] {dag.py:2915} INFO - Sync 2 DAGs
[2023-10-11T07:25:28.613+0000] {logging_mixin.py:151} INFO - [2023-10-11T07:25:28.612+0000] {dag.py:3696} INFO - Setting next_dagrun for example_external_task_marker_child to None, run_after=None
[2023-10-11T07:25:28.618+0000] {logging_mixin.py:151} INFO - [2023-10-11T07:25:28.617+0000] {dag.py:3696} INFO - Setting next_dagrun for example_external_task_marker_parent to None, run_after=None
[2023-10-11T07:25:28.637+0000] {processor.py:179} INFO - Processing /home/airflow/.local/lib/python3.8/site-packages/airflow/example_dags/example_external_task_marker_dag.py took 0.195 seconds
[2023-10-11T07:25:59.116+0000] {processor.py:157} INFO - Started process (PID=11874) to work on /home/airflow/.local/lib/python3.8/site-packages/airflow/example_dags/example_external_task_marker_dag.py
[2023-10-11T07:25:59.117+0000] {processor.py:829} INFO - Processing file /home/airflow/.local/lib/python3.8/site-packages/airflow/example_dags/example_external_task_marker_dag.py for tasks to queue
[2023-10-11T07:25:59.118+0000] {logging_mixin.py:151} INFO - [2023-10-11T07:25:59.118+0000] {dagbag.py:539} INFO - Filling up the DagBag from /home/airflow/.local/lib/python3.8/site-packages/airflow/example_dags/example_external_task_marker_dag.py
[2023-10-11T07:25:59.123+0000] {processor.py:839} INFO - DAG(s) dict_keys(['example_external_task_marker_child', 'example_external_task_marker_parent']) retrieved from /home/airflow/.local/lib/python3.8/site-packages/airflow/example_dags/example_external_task_marker_dag.py
[2023-10-11T07:25:59.144+0000] {logging_mixin.py:151} INFO - [2023-10-11T07:25:59.144+0000] {dag.py:2915} INFO - Sync 2 DAGs
[2023-10-11T07:25:59.171+0000] {logging_mixin.py:151} INFO - [2023-10-11T07:25:59.171+0000] {dag.py:3696} INFO - Setting next_dagrun for example_external_task_marker_child to None, run_after=None
[2023-10-11T07:25:59.176+0000] {logging_mixin.py:151} INFO - [2023-10-11T07:25:59.176+0000] {dag.py:3696} INFO - Setting next_dagrun for example_external_task_marker_parent to None, run_after=None
[2023-10-11T07:25:59.206+0000] {processor.py:179} INFO - Processing /home/airflow/.local/lib/python3.8/site-packages/airflow/example_dags/example_external_task_marker_dag.py took 0.093 seconds
[2023-10-11T07:26:29.583+0000] {processor.py:157} INFO - Started process (PID=12117) to work on /home/airflow/.local/lib/python3.8/site-packages/airflow/example_dags/example_external_task_marker_dag.py
[2023-10-11T07:26:29.584+0000] {processor.py:829} INFO - Processing file /home/airflow/.local/lib/python3.8/site-packages/airflow/example_dags/example_external_task_marker_dag.py for tasks to queue
[2023-10-11T07:26:29.585+0000] {logging_mixin.py:151} INFO - [2023-10-11T07:26:29.585+0000] {dagbag.py:539} INFO - Filling up the DagBag from /home/airflow/.local/lib/python3.8/site-packages/airflow/example_dags/example_external_task_marker_dag.py
[2023-10-11T07:26:29.589+0000] {processor.py:839} INFO - DAG(s) dict_keys(['example_external_task_marker_child', 'example_external_task_marker_parent']) retrieved from /home/airflow/.local/lib/python3.8/site-packages/airflow/example_dags/example_external_task_marker_dag.py
[2023-10-11T07:26:29.609+0000] {logging_mixin.py:151} INFO - [2023-10-11T07:26:29.609+0000] {dag.py:2915} INFO - Sync 2 DAGs
[2023-10-11T07:26:29.618+0000] {logging_mixin.py:151} INFO - [2023-10-11T07:26:29.618+0000] {dag.py:3696} INFO - Setting next_dagrun for example_external_task_marker_child to None, run_after=None
[2023-10-11T07:26:29.621+0000] {logging_mixin.py:151} INFO - [2023-10-11T07:26:29.621+0000] {dag.py:3696} INFO - Setting next_dagrun for example_external_task_marker_parent to None, run_after=None
[2023-10-11T07:26:29.633+0000] {processor.py:179} INFO - Processing /home/airflow/.local/lib/python3.8/site-packages/airflow/example_dags/example_external_task_marker_dag.py took 0.053 seconds
[2023-10-11T07:27:00.141+0000] {processor.py:157} INFO - Started process (PID=12360) to work on /home/airflow/.local/lib/python3.8/site-packages/airflow/example_dags/example_external_task_marker_dag.py
[2023-10-11T07:27:00.142+0000] {processor.py:829} INFO - Processing file /home/airflow/.local/lib/python3.8/site-packages/airflow/example_dags/example_external_task_marker_dag.py for tasks to queue
[2023-10-11T07:27:00.154+0000] {logging_mixin.py:151} INFO - [2023-10-11T07:27:00.153+0000] {dagbag.py:539} INFO - Filling up the DagBag from /home/airflow/.local/lib/python3.8/site-packages/airflow/example_dags/example_external_task_marker_dag.py
[2023-10-11T07:27:00.164+0000] {processor.py:839} INFO - DAG(s) dict_keys(['example_external_task_marker_parent', 'example_external_task_marker_child']) retrieved from /home/airflow/.local/lib/python3.8/site-packages/airflow/example_dags/example_external_task_marker_dag.py
[2023-10-11T07:27:00.200+0000] {logging_mixin.py:151} INFO - [2023-10-11T07:27:00.200+0000] {dag.py:2915} INFO - Sync 2 DAGs
[2023-10-11T07:27:00.210+0000] {logging_mixin.py:151} INFO - [2023-10-11T07:27:00.210+0000] {dag.py:3696} INFO - Setting next_dagrun for example_external_task_marker_child to None, run_after=None
[2023-10-11T07:27:00.213+0000] {logging_mixin.py:151} INFO - [2023-10-11T07:27:00.213+0000] {dag.py:3696} INFO - Setting next_dagrun for example_external_task_marker_parent to None, run_after=None
[2023-10-11T07:27:00.227+0000] {processor.py:179} INFO - Processing /home/airflow/.local/lib/python3.8/site-packages/airflow/example_dags/example_external_task_marker_dag.py took 0.090 seconds
[2023-10-11T07:27:30.915+0000] {processor.py:157} INFO - Started process (PID=12603) to work on /home/airflow/.local/lib/python3.8/site-packages/airflow/example_dags/example_external_task_marker_dag.py
[2023-10-11T07:27:30.915+0000] {processor.py:829} INFO - Processing file /home/airflow/.local/lib/python3.8/site-packages/airflow/example_dags/example_external_task_marker_dag.py for tasks to queue
[2023-10-11T07:27:30.916+0000] {logging_mixin.py:151} INFO - [2023-10-11T07:27:30.916+0000] {dagbag.py:539} INFO - Filling up the DagBag from /home/airflow/.local/lib/python3.8/site-packages/airflow/example_dags/example_external_task_marker_dag.py
[2023-10-11T07:27:30.920+0000] {processor.py:839} INFO - DAG(s) dict_keys(['example_external_task_marker_child', 'example_external_task_marker_parent']) retrieved from /home/airflow/.local/lib/python3.8/site-packages/airflow/example_dags/example_external_task_marker_dag.py
[2023-10-11T07:27:30.935+0000] {logging_mixin.py:151} INFO - [2023-10-11T07:27:30.935+0000] {dag.py:2915} INFO - Sync 2 DAGs
[2023-10-11T07:27:30.947+0000] {logging_mixin.py:151} INFO - [2023-10-11T07:27:30.942+0000] {dag.py:3696} INFO - Setting next_dagrun for example_external_task_marker_child to None, run_after=None
[2023-10-11T07:27:30.957+0000] {logging_mixin.py:151} INFO - [2023-10-11T07:27:30.957+0000] {dag.py:3696} INFO - Setting next_dagrun for example_external_task_marker_parent to None, run_after=None
[2023-10-11T07:27:30.977+0000] {processor.py:179} INFO - Processing /home/airflow/.local/lib/python3.8/site-packages/airflow/example_dags/example_external_task_marker_dag.py took 0.065 seconds
[2023-10-11T07:28:01.077+0000] {processor.py:157} INFO - Started process (PID=12846) to work on /home/airflow/.local/lib/python3.8/site-packages/airflow/example_dags/example_external_task_marker_dag.py
[2023-10-11T07:28:01.078+0000] {processor.py:829} INFO - Processing file /home/airflow/.local/lib/python3.8/site-packages/airflow/example_dags/example_external_task_marker_dag.py for tasks to queue
[2023-10-11T07:28:01.078+0000] {logging_mixin.py:151} INFO - [2023-10-11T07:28:01.078+0000] {dagbag.py:539} INFO - Filling up the DagBag from /home/airflow/.local/lib/python3.8/site-packages/airflow/example_dags/example_external_task_marker_dag.py
[2023-10-11T07:28:01.082+0000] {processor.py:839} INFO - DAG(s) dict_keys(['example_external_task_marker_child', 'example_external_task_marker_parent']) retrieved from /home/airflow/.local/lib/python3.8/site-packages/airflow/example_dags/example_external_task_marker_dag.py
[2023-10-11T07:28:01.099+0000] {logging_mixin.py:151} INFO - [2023-10-11T07:28:01.099+0000] {dag.py:2915} INFO - Sync 2 DAGs
[2023-10-11T07:28:01.105+0000] {logging_mixin.py:151} INFO - [2023-10-11T07:28:01.105+0000] {dag.py:3696} INFO - Setting next_dagrun for example_external_task_marker_child to None, run_after=None
[2023-10-11T07:28:01.107+0000] {logging_mixin.py:151} INFO - [2023-10-11T07:28:01.107+0000] {dag.py:3696} INFO - Setting next_dagrun for example_external_task_marker_parent to None, run_after=None
[2023-10-11T07:28:01.116+0000] {processor.py:179} INFO - Processing /home/airflow/.local/lib/python3.8/site-packages/airflow/example_dags/example_external_task_marker_dag.py took 0.042 seconds
[2023-10-11T07:28:31.394+0000] {processor.py:157} INFO - Started process (PID=13089) to work on /home/airflow/.local/lib/python3.8/site-packages/airflow/example_dags/example_external_task_marker_dag.py
[2023-10-11T07:28:31.394+0000] {processor.py:829} INFO - Processing file /home/airflow/.local/lib/python3.8/site-packages/airflow/example_dags/example_external_task_marker_dag.py for tasks to queue
[2023-10-11T07:28:31.395+0000] {logging_mixin.py:151} INFO - [2023-10-11T07:28:31.395+0000] {dagbag.py:539} INFO - Filling up the DagBag from /home/airflow/.local/lib/python3.8/site-packages/airflow/example_dags/example_external_task_marker_dag.py
[2023-10-11T07:28:31.399+0000] {processor.py:839} INFO - DAG(s) dict_keys(['example_external_task_marker_parent', 'example_external_task_marker_child']) retrieved from /home/airflow/.local/lib/python3.8/site-packages/airflow/example_dags/example_external_task_marker_dag.py
[2023-10-11T07:28:31.414+0000] {logging_mixin.py:151} INFO - [2023-10-11T07:28:31.414+0000] {dag.py:2915} INFO - Sync 2 DAGs
[2023-10-11T07:28:31.421+0000] {logging_mixin.py:151} INFO - [2023-10-11T07:28:31.421+0000] {dag.py:3696} INFO - Setting next_dagrun for example_external_task_marker_child to None, run_after=None
[2023-10-11T07:28:31.423+0000] {logging_mixin.py:151} INFO - [2023-10-11T07:28:31.423+0000] {dag.py:3696} INFO - Setting next_dagrun for example_external_task_marker_parent to None, run_after=None
[2023-10-11T07:28:31.431+0000] {processor.py:179} INFO - Processing /home/airflow/.local/lib/python3.8/site-packages/airflow/example_dags/example_external_task_marker_dag.py took 0.040 seconds
