[2023-10-11T07:01:33.833+0000] {processor.py:157} INFO - Started process (PID=260) to work on /home/airflow/.local/lib/python3.8/site-packages/airflow/example_dags/example_short_circuit_operator.py
[2023-10-11T07:01:33.836+0000] {processor.py:829} INFO - Processing file /home/airflow/.local/lib/python3.8/site-packages/airflow/example_dags/example_short_circuit_operator.py for tasks to queue
[2023-10-11T07:01:33.839+0000] {logging_mixin.py:151} INFO - [2023-10-11T07:01:33.839+0000] {dagbag.py:539} INFO - Filling up the DagBag from /home/airflow/.local/lib/python3.8/site-packages/airflow/example_dags/example_short_circuit_operator.py
[2023-10-11T07:01:33.869+0000] {processor.py:839} INFO - DAG(s) dict_keys(['example_short_circuit_operator']) retrieved from /home/airflow/.local/lib/python3.8/site-packages/airflow/example_dags/example_short_circuit_operator.py
[2023-10-11T07:01:34.109+0000] {logging_mixin.py:151} INFO - [2023-10-11T07:01:34.109+0000] {manager.py:499} INFO - Created Permission View: %s
[2023-10-11T07:01:34.115+0000] {logging_mixin.py:151} INFO - [2023-10-11T07:01:34.115+0000] {manager.py:499} INFO - Created Permission View: %s
[2023-10-11T07:01:34.119+0000] {logging_mixin.py:151} INFO - [2023-10-11T07:01:34.118+0000] {manager.py:499} INFO - Created Permission View: %s
[2023-10-11T07:01:34.119+0000] {logging_mixin.py:151} INFO - [2023-10-11T07:01:34.119+0000] {security.py:708} INFO - Not syncing DAG-level permissions for DAG 'DAG:example_short_circuit_operator' as access control is unset.
[2023-10-11T07:01:34.119+0000] {logging_mixin.py:151} INFO - [2023-10-11T07:01:34.119+0000] {dag.py:2915} INFO - Sync 1 DAGs
[2023-10-11T07:01:34.127+0000] {logging_mixin.py:151} INFO - [2023-10-11T07:01:34.126+0000] {dag.py:2937} INFO - Creating ORM DAG for example_short_circuit_operator
[2023-10-11T07:01:34.133+0000] {logging_mixin.py:151} INFO - [2023-10-11T07:01:34.133+0000] {dag.py:3696} INFO - Setting next_dagrun for example_short_circuit_operator to 2023-10-10T07:01:34.133389+00:00, run_after=2023-10-11T07:01:34.133389+00:00
[2023-10-11T07:01:34.143+0000] {processor.py:179} INFO - Processing /home/airflow/.local/lib/python3.8/site-packages/airflow/example_dags/example_short_circuit_operator.py took 0.320 seconds
[2023-10-11T07:02:04.544+0000] {processor.py:157} INFO - Started process (PID=499) to work on /home/airflow/.local/lib/python3.8/site-packages/airflow/example_dags/example_short_circuit_operator.py
[2023-10-11T07:02:04.546+0000] {processor.py:829} INFO - Processing file /home/airflow/.local/lib/python3.8/site-packages/airflow/example_dags/example_short_circuit_operator.py for tasks to queue
[2023-10-11T07:02:04.548+0000] {logging_mixin.py:151} INFO - [2023-10-11T07:02:04.547+0000] {dagbag.py:539} INFO - Filling up the DagBag from /home/airflow/.local/lib/python3.8/site-packages/airflow/example_dags/example_short_circuit_operator.py
[2023-10-11T07:02:04.556+0000] {processor.py:839} INFO - DAG(s) dict_keys(['example_short_circuit_operator']) retrieved from /home/airflow/.local/lib/python3.8/site-packages/airflow/example_dags/example_short_circuit_operator.py
[2023-10-11T07:02:04.607+0000] {logging_mixin.py:151} INFO - [2023-10-11T07:02:04.607+0000] {dag.py:2915} INFO - Sync 1 DAGs
[2023-10-11T07:02:04.637+0000] {logging_mixin.py:151} INFO - [2023-10-11T07:02:04.637+0000] {dag.py:3696} INFO - Setting next_dagrun for example_short_circuit_operator to 2023-10-10T07:02:04.636855+00:00, run_after=2023-10-11T07:02:04.636855+00:00
[2023-10-11T07:02:04.664+0000] {processor.py:179} INFO - Processing /home/airflow/.local/lib/python3.8/site-packages/airflow/example_dags/example_short_circuit_operator.py took 0.123 seconds
[2023-10-11T07:02:35.338+0000] {processor.py:157} INFO - Started process (PID=736) to work on /home/airflow/.local/lib/python3.8/site-packages/airflow/example_dags/example_short_circuit_operator.py
[2023-10-11T07:02:35.339+0000] {processor.py:829} INFO - Processing file /home/airflow/.local/lib/python3.8/site-packages/airflow/example_dags/example_short_circuit_operator.py for tasks to queue
[2023-10-11T07:02:35.339+0000] {logging_mixin.py:151} INFO - [2023-10-11T07:02:35.339+0000] {dagbag.py:539} INFO - Filling up the DagBag from /home/airflow/.local/lib/python3.8/site-packages/airflow/example_dags/example_short_circuit_operator.py
[2023-10-11T07:02:35.347+0000] {processor.py:839} INFO - DAG(s) dict_keys(['example_short_circuit_operator']) retrieved from /home/airflow/.local/lib/python3.8/site-packages/airflow/example_dags/example_short_circuit_operator.py
[2023-10-11T07:02:35.390+0000] {logging_mixin.py:151} INFO - [2023-10-11T07:02:35.389+0000] {dag.py:2915} INFO - Sync 1 DAGs
[2023-10-11T07:02:35.406+0000] {logging_mixin.py:151} INFO - [2023-10-11T07:02:35.406+0000] {dag.py:3696} INFO - Setting next_dagrun for example_short_circuit_operator to 2023-10-10T07:02:35.406036+00:00, run_after=2023-10-11T07:02:35.406036+00:00
[2023-10-11T07:02:35.421+0000] {processor.py:179} INFO - Processing /home/airflow/.local/lib/python3.8/site-packages/airflow/example_dags/example_short_circuit_operator.py took 0.087 seconds
[2023-10-11T07:03:06.352+0000] {processor.py:157} INFO - Started process (PID=974) to work on /home/airflow/.local/lib/python3.8/site-packages/airflow/example_dags/example_short_circuit_operator.py
[2023-10-11T07:03:06.363+0000] {processor.py:829} INFO - Processing file /home/airflow/.local/lib/python3.8/site-packages/airflow/example_dags/example_short_circuit_operator.py for tasks to queue
[2023-10-11T07:03:06.366+0000] {logging_mixin.py:151} INFO - [2023-10-11T07:03:06.365+0000] {dagbag.py:539} INFO - Filling up the DagBag from /home/airflow/.local/lib/python3.8/site-packages/airflow/example_dags/example_short_circuit_operator.py
[2023-10-11T07:03:06.377+0000] {processor.py:839} INFO - DAG(s) dict_keys(['example_short_circuit_operator']) retrieved from /home/airflow/.local/lib/python3.8/site-packages/airflow/example_dags/example_short_circuit_operator.py
[2023-10-11T07:03:06.399+0000] {logging_mixin.py:151} INFO - [2023-10-11T07:03:06.399+0000] {dag.py:2915} INFO - Sync 1 DAGs
[2023-10-11T07:03:06.413+0000] {logging_mixin.py:151} INFO - [2023-10-11T07:03:06.413+0000] {dag.py:3696} INFO - Setting next_dagrun for example_short_circuit_operator to 2023-10-10T07:03:06.412927+00:00, run_after=2023-10-11T07:03:06.412927+00:00
[2023-10-11T07:03:06.424+0000] {processor.py:179} INFO - Processing /home/airflow/.local/lib/python3.8/site-packages/airflow/example_dags/example_short_circuit_operator.py took 0.075 seconds
[2023-10-11T07:03:37.116+0000] {processor.py:157} INFO - Started process (PID=1212) to work on /home/airflow/.local/lib/python3.8/site-packages/airflow/example_dags/example_short_circuit_operator.py
[2023-10-11T07:03:37.116+0000] {processor.py:829} INFO - Processing file /home/airflow/.local/lib/python3.8/site-packages/airflow/example_dags/example_short_circuit_operator.py for tasks to queue
[2023-10-11T07:03:37.117+0000] {logging_mixin.py:151} INFO - [2023-10-11T07:03:37.117+0000] {dagbag.py:539} INFO - Filling up the DagBag from /home/airflow/.local/lib/python3.8/site-packages/airflow/example_dags/example_short_circuit_operator.py
[2023-10-11T07:03:37.123+0000] {processor.py:839} INFO - DAG(s) dict_keys(['example_short_circuit_operator']) retrieved from /home/airflow/.local/lib/python3.8/site-packages/airflow/example_dags/example_short_circuit_operator.py
[2023-10-11T07:03:37.144+0000] {logging_mixin.py:151} INFO - [2023-10-11T07:03:37.144+0000] {dag.py:2915} INFO - Sync 1 DAGs
[2023-10-11T07:03:37.170+0000] {logging_mixin.py:151} INFO - [2023-10-11T07:03:37.170+0000] {dag.py:3696} INFO - Setting next_dagrun for example_short_circuit_operator to 2023-10-10T07:03:37.169968+00:00, run_after=2023-10-11T07:03:37.169968+00:00
[2023-10-11T07:03:37.191+0000] {processor.py:179} INFO - Processing /home/airflow/.local/lib/python3.8/site-packages/airflow/example_dags/example_short_circuit_operator.py took 0.078 seconds
[2023-10-11T07:04:07.317+0000] {processor.py:157} INFO - Started process (PID=1446) to work on /home/airflow/.local/lib/python3.8/site-packages/airflow/example_dags/example_short_circuit_operator.py
[2023-10-11T07:04:07.318+0000] {processor.py:829} INFO - Processing file /home/airflow/.local/lib/python3.8/site-packages/airflow/example_dags/example_short_circuit_operator.py for tasks to queue
[2023-10-11T07:04:07.319+0000] {logging_mixin.py:151} INFO - [2023-10-11T07:04:07.318+0000] {dagbag.py:539} INFO - Filling up the DagBag from /home/airflow/.local/lib/python3.8/site-packages/airflow/example_dags/example_short_circuit_operator.py
[2023-10-11T07:04:07.326+0000] {processor.py:839} INFO - DAG(s) dict_keys(['example_short_circuit_operator']) retrieved from /home/airflow/.local/lib/python3.8/site-packages/airflow/example_dags/example_short_circuit_operator.py
[2023-10-11T07:04:07.344+0000] {logging_mixin.py:151} INFO - [2023-10-11T07:04:07.344+0000] {dag.py:2915} INFO - Sync 1 DAGs
[2023-10-11T07:04:07.386+0000] {logging_mixin.py:151} INFO - [2023-10-11T07:04:07.386+0000] {dag.py:3696} INFO - Setting next_dagrun for example_short_circuit_operator to 2023-10-10T07:04:07.386080+00:00, run_after=2023-10-11T07:04:07.386080+00:00
[2023-10-11T07:04:07.402+0000] {processor.py:179} INFO - Processing /home/airflow/.local/lib/python3.8/site-packages/airflow/example_dags/example_short_circuit_operator.py took 0.089 seconds
[2023-10-11T07:04:38.290+0000] {processor.py:157} INFO - Started process (PID=1688) to work on /home/airflow/.local/lib/python3.8/site-packages/airflow/example_dags/example_short_circuit_operator.py
[2023-10-11T07:04:38.291+0000] {processor.py:829} INFO - Processing file /home/airflow/.local/lib/python3.8/site-packages/airflow/example_dags/example_short_circuit_operator.py for tasks to queue
[2023-10-11T07:04:38.291+0000] {logging_mixin.py:151} INFO - [2023-10-11T07:04:38.291+0000] {dagbag.py:539} INFO - Filling up the DagBag from /home/airflow/.local/lib/python3.8/site-packages/airflow/example_dags/example_short_circuit_operator.py
[2023-10-11T07:04:38.304+0000] {processor.py:839} INFO - DAG(s) dict_keys(['example_short_circuit_operator']) retrieved from /home/airflow/.local/lib/python3.8/site-packages/airflow/example_dags/example_short_circuit_operator.py
[2023-10-11T07:04:38.320+0000] {logging_mixin.py:151} INFO - [2023-10-11T07:04:38.320+0000] {dag.py:2915} INFO - Sync 1 DAGs
[2023-10-11T07:04:38.332+0000] {logging_mixin.py:151} INFO - [2023-10-11T07:04:38.332+0000] {dag.py:3696} INFO - Setting next_dagrun for example_short_circuit_operator to 2023-10-10T07:04:38.331890+00:00, run_after=2023-10-11T07:04:38.331890+00:00
[2023-10-11T07:04:38.390+0000] {processor.py:179} INFO - Processing /home/airflow/.local/lib/python3.8/site-packages/airflow/example_dags/example_short_circuit_operator.py took 0.103 seconds
[2023-10-11T07:05:08.906+0000] {processor.py:157} INFO - Started process (PID=1926) to work on /home/airflow/.local/lib/python3.8/site-packages/airflow/example_dags/example_short_circuit_operator.py
[2023-10-11T07:05:08.907+0000] {processor.py:829} INFO - Processing file /home/airflow/.local/lib/python3.8/site-packages/airflow/example_dags/example_short_circuit_operator.py for tasks to queue
[2023-10-11T07:05:08.908+0000] {logging_mixin.py:151} INFO - [2023-10-11T07:05:08.907+0000] {dagbag.py:539} INFO - Filling up the DagBag from /home/airflow/.local/lib/python3.8/site-packages/airflow/example_dags/example_short_circuit_operator.py
[2023-10-11T07:05:08.913+0000] {processor.py:839} INFO - DAG(s) dict_keys(['example_short_circuit_operator']) retrieved from /home/airflow/.local/lib/python3.8/site-packages/airflow/example_dags/example_short_circuit_operator.py
[2023-10-11T07:05:08.934+0000] {logging_mixin.py:151} INFO - [2023-10-11T07:05:08.934+0000] {dag.py:2915} INFO - Sync 1 DAGs
[2023-10-11T07:05:08.950+0000] {logging_mixin.py:151} INFO - [2023-10-11T07:05:08.950+0000] {dag.py:3696} INFO - Setting next_dagrun for example_short_circuit_operator to 2023-10-10T07:05:08.949866+00:00, run_after=2023-10-11T07:05:08.949866+00:00
[2023-10-11T07:05:08.984+0000] {processor.py:179} INFO - Processing /home/airflow/.local/lib/python3.8/site-packages/airflow/example_dags/example_short_circuit_operator.py took 0.081 seconds
[2023-10-11T07:05:39.728+0000] {processor.py:157} INFO - Started process (PID=2164) to work on /home/airflow/.local/lib/python3.8/site-packages/airflow/example_dags/example_short_circuit_operator.py
[2023-10-11T07:05:39.729+0000] {processor.py:829} INFO - Processing file /home/airflow/.local/lib/python3.8/site-packages/airflow/example_dags/example_short_circuit_operator.py for tasks to queue
[2023-10-11T07:05:39.730+0000] {logging_mixin.py:151} INFO - [2023-10-11T07:05:39.730+0000] {dagbag.py:539} INFO - Filling up the DagBag from /home/airflow/.local/lib/python3.8/site-packages/airflow/example_dags/example_short_circuit_operator.py
[2023-10-11T07:05:39.735+0000] {processor.py:839} INFO - DAG(s) dict_keys(['example_short_circuit_operator']) retrieved from /home/airflow/.local/lib/python3.8/site-packages/airflow/example_dags/example_short_circuit_operator.py
[2023-10-11T07:05:39.750+0000] {logging_mixin.py:151} INFO - [2023-10-11T07:05:39.750+0000] {dag.py:2915} INFO - Sync 1 DAGs
[2023-10-11T07:05:39.778+0000] {logging_mixin.py:151} INFO - [2023-10-11T07:05:39.777+0000] {dag.py:3696} INFO - Setting next_dagrun for example_short_circuit_operator to 2023-10-10T07:05:39.777782+00:00, run_after=2023-10-11T07:05:39.777782+00:00
[2023-10-11T07:05:39.792+0000] {processor.py:179} INFO - Processing /home/airflow/.local/lib/python3.8/site-packages/airflow/example_dags/example_short_circuit_operator.py took 0.066 seconds
[2023-10-11T07:06:10.101+0000] {processor.py:157} INFO - Started process (PID=2402) to work on /home/airflow/.local/lib/python3.8/site-packages/airflow/example_dags/example_short_circuit_operator.py
[2023-10-11T07:06:10.101+0000] {processor.py:829} INFO - Processing file /home/airflow/.local/lib/python3.8/site-packages/airflow/example_dags/example_short_circuit_operator.py for tasks to queue
[2023-10-11T07:06:10.102+0000] {logging_mixin.py:151} INFO - [2023-10-11T07:06:10.102+0000] {dagbag.py:539} INFO - Filling up the DagBag from /home/airflow/.local/lib/python3.8/site-packages/airflow/example_dags/example_short_circuit_operator.py
[2023-10-11T07:06:10.107+0000] {processor.py:839} INFO - DAG(s) dict_keys(['example_short_circuit_operator']) retrieved from /home/airflow/.local/lib/python3.8/site-packages/airflow/example_dags/example_short_circuit_operator.py
[2023-10-11T07:06:10.123+0000] {logging_mixin.py:151} INFO - [2023-10-11T07:06:10.122+0000] {dag.py:2915} INFO - Sync 1 DAGs
[2023-10-11T07:06:10.136+0000] {logging_mixin.py:151} INFO - [2023-10-11T07:06:10.136+0000] {dag.py:3696} INFO - Setting next_dagrun for example_short_circuit_operator to 2023-10-10T07:06:10.135672+00:00, run_after=2023-10-11T07:06:10.135672+00:00
[2023-10-11T07:06:10.148+0000] {processor.py:179} INFO - Processing /home/airflow/.local/lib/python3.8/site-packages/airflow/example_dags/example_short_circuit_operator.py took 0.050 seconds
[2023-10-11T07:06:40.641+0000] {processor.py:157} INFO - Started process (PID=2647) to work on /home/airflow/.local/lib/python3.8/site-packages/airflow/example_dags/example_short_circuit_operator.py
[2023-10-11T07:06:40.642+0000] {processor.py:829} INFO - Processing file /home/airflow/.local/lib/python3.8/site-packages/airflow/example_dags/example_short_circuit_operator.py for tasks to queue
[2023-10-11T07:06:40.643+0000] {logging_mixin.py:151} INFO - [2023-10-11T07:06:40.643+0000] {dagbag.py:539} INFO - Filling up the DagBag from /home/airflow/.local/lib/python3.8/site-packages/airflow/example_dags/example_short_circuit_operator.py
[2023-10-11T07:06:40.648+0000] {processor.py:839} INFO - DAG(s) dict_keys(['example_short_circuit_operator']) retrieved from /home/airflow/.local/lib/python3.8/site-packages/airflow/example_dags/example_short_circuit_operator.py
[2023-10-11T07:06:40.683+0000] {logging_mixin.py:151} INFO - [2023-10-11T07:06:40.683+0000] {dag.py:2915} INFO - Sync 1 DAGs
[2023-10-11T07:06:40.694+0000] {logging_mixin.py:151} INFO - [2023-10-11T07:06:40.694+0000] {dag.py:3696} INFO - Setting next_dagrun for example_short_circuit_operator to 2023-10-10T07:06:40.694167+00:00, run_after=2023-10-11T07:06:40.694167+00:00
[2023-10-11T07:06:40.703+0000] {processor.py:179} INFO - Processing /home/airflow/.local/lib/python3.8/site-packages/airflow/example_dags/example_short_circuit_operator.py took 0.064 seconds
[2023-10-11T07:07:11.451+0000] {processor.py:157} INFO - Started process (PID=2887) to work on /home/airflow/.local/lib/python3.8/site-packages/airflow/example_dags/example_short_circuit_operator.py
[2023-10-11T07:07:11.457+0000] {processor.py:829} INFO - Processing file /home/airflow/.local/lib/python3.8/site-packages/airflow/example_dags/example_short_circuit_operator.py for tasks to queue
[2023-10-11T07:07:11.463+0000] {logging_mixin.py:151} INFO - [2023-10-11T07:07:11.462+0000] {dagbag.py:539} INFO - Filling up the DagBag from /home/airflow/.local/lib/python3.8/site-packages/airflow/example_dags/example_short_circuit_operator.py
[2023-10-11T07:07:11.490+0000] {processor.py:839} INFO - DAG(s) dict_keys(['example_short_circuit_operator']) retrieved from /home/airflow/.local/lib/python3.8/site-packages/airflow/example_dags/example_short_circuit_operator.py
[2023-10-11T07:07:11.508+0000] {logging_mixin.py:151} INFO - [2023-10-11T07:07:11.508+0000] {dag.py:2915} INFO - Sync 1 DAGs
[2023-10-11T07:07:11.524+0000] {logging_mixin.py:151} INFO - [2023-10-11T07:07:11.524+0000] {dag.py:3696} INFO - Setting next_dagrun for example_short_circuit_operator to 2023-10-10T07:07:11.524551+00:00, run_after=2023-10-11T07:07:11.524551+00:00
[2023-10-11T07:07:11.539+0000] {processor.py:179} INFO - Processing /home/airflow/.local/lib/python3.8/site-packages/airflow/example_dags/example_short_circuit_operator.py took 0.090 seconds
[2023-10-11T07:07:43.434+0000] {processor.py:157} INFO - Started process (PID=3135) to work on /home/airflow/.local/lib/python3.8/site-packages/airflow/example_dags/example_short_circuit_operator.py
[2023-10-11T07:07:43.435+0000] {processor.py:829} INFO - Processing file /home/airflow/.local/lib/python3.8/site-packages/airflow/example_dags/example_short_circuit_operator.py for tasks to queue
[2023-10-11T07:07:43.436+0000] {logging_mixin.py:151} INFO - [2023-10-11T07:07:43.436+0000] {dagbag.py:539} INFO - Filling up the DagBag from /home/airflow/.local/lib/python3.8/site-packages/airflow/example_dags/example_short_circuit_operator.py
[2023-10-11T07:07:43.448+0000] {processor.py:839} INFO - DAG(s) dict_keys(['example_short_circuit_operator']) retrieved from /home/airflow/.local/lib/python3.8/site-packages/airflow/example_dags/example_short_circuit_operator.py
[2023-10-11T07:07:43.531+0000] {logging_mixin.py:151} INFO - [2023-10-11T07:07:43.531+0000] {dag.py:2915} INFO - Sync 1 DAGs
[2023-10-11T07:07:43.594+0000] {logging_mixin.py:151} INFO - [2023-10-11T07:07:43.593+0000] {dag.py:3696} INFO - Setting next_dagrun for example_short_circuit_operator to 2023-10-10T07:07:43.593029+00:00, run_after=2023-10-11T07:07:43.593029+00:00
[2023-10-11T07:07:43.616+0000] {processor.py:179} INFO - Processing /home/airflow/.local/lib/python3.8/site-packages/airflow/example_dags/example_short_circuit_operator.py took 0.186 seconds
[2023-10-11T07:08:14.024+0000] {processor.py:157} INFO - Started process (PID=3406) to work on /home/airflow/.local/lib/python3.8/site-packages/airflow/example_dags/example_short_circuit_operator.py
[2023-10-11T07:08:14.025+0000] {processor.py:829} INFO - Processing file /home/airflow/.local/lib/python3.8/site-packages/airflow/example_dags/example_short_circuit_operator.py for tasks to queue
[2023-10-11T07:08:14.026+0000] {logging_mixin.py:151} INFO - [2023-10-11T07:08:14.026+0000] {dagbag.py:539} INFO - Filling up the DagBag from /home/airflow/.local/lib/python3.8/site-packages/airflow/example_dags/example_short_circuit_operator.py
[2023-10-11T07:08:14.032+0000] {processor.py:839} INFO - DAG(s) dict_keys(['example_short_circuit_operator']) retrieved from /home/airflow/.local/lib/python3.8/site-packages/airflow/example_dags/example_short_circuit_operator.py
[2023-10-11T07:08:14.062+0000] {logging_mixin.py:151} INFO - [2023-10-11T07:08:14.061+0000] {dag.py:2915} INFO - Sync 1 DAGs
[2023-10-11T07:08:14.097+0000] {logging_mixin.py:151} INFO - [2023-10-11T07:08:14.097+0000] {dag.py:3696} INFO - Setting next_dagrun for example_short_circuit_operator to 2023-10-10T07:08:14.097617+00:00, run_after=2023-10-11T07:08:14.097617+00:00
[2023-10-11T07:08:14.110+0000] {processor.py:179} INFO - Processing /home/airflow/.local/lib/python3.8/site-packages/airflow/example_dags/example_short_circuit_operator.py took 0.089 seconds
[2023-10-11T07:08:44.349+0000] {processor.py:157} INFO - Started process (PID=3647) to work on /home/airflow/.local/lib/python3.8/site-packages/airflow/example_dags/example_short_circuit_operator.py
[2023-10-11T07:08:44.350+0000] {processor.py:829} INFO - Processing file /home/airflow/.local/lib/python3.8/site-packages/airflow/example_dags/example_short_circuit_operator.py for tasks to queue
[2023-10-11T07:08:44.351+0000] {logging_mixin.py:151} INFO - [2023-10-11T07:08:44.351+0000] {dagbag.py:539} INFO - Filling up the DagBag from /home/airflow/.local/lib/python3.8/site-packages/airflow/example_dags/example_short_circuit_operator.py
[2023-10-11T07:08:44.378+0000] {processor.py:839} INFO - DAG(s) dict_keys(['example_short_circuit_operator']) retrieved from /home/airflow/.local/lib/python3.8/site-packages/airflow/example_dags/example_short_circuit_operator.py
[2023-10-11T07:08:44.415+0000] {logging_mixin.py:151} INFO - [2023-10-11T07:08:44.415+0000] {dag.py:2915} INFO - Sync 1 DAGs
[2023-10-11T07:08:44.459+0000] {logging_mixin.py:151} INFO - [2023-10-11T07:08:44.458+0000] {dag.py:3696} INFO - Setting next_dagrun for example_short_circuit_operator to 2023-10-10T07:08:44.458245+00:00, run_after=2023-10-11T07:08:44.458245+00:00
[2023-10-11T07:08:44.502+0000] {processor.py:179} INFO - Processing /home/airflow/.local/lib/python3.8/site-packages/airflow/example_dags/example_short_circuit_operator.py took 0.156 seconds
[2023-10-11T07:09:15.012+0000] {processor.py:157} INFO - Started process (PID=3887) to work on /home/airflow/.local/lib/python3.8/site-packages/airflow/example_dags/example_short_circuit_operator.py
[2023-10-11T07:09:15.013+0000] {processor.py:829} INFO - Processing file /home/airflow/.local/lib/python3.8/site-packages/airflow/example_dags/example_short_circuit_operator.py for tasks to queue
[2023-10-11T07:09:15.015+0000] {logging_mixin.py:151} INFO - [2023-10-11T07:09:15.014+0000] {dagbag.py:539} INFO - Filling up the DagBag from /home/airflow/.local/lib/python3.8/site-packages/airflow/example_dags/example_short_circuit_operator.py
[2023-10-11T07:09:15.021+0000] {processor.py:839} INFO - DAG(s) dict_keys(['example_short_circuit_operator']) retrieved from /home/airflow/.local/lib/python3.8/site-packages/airflow/example_dags/example_short_circuit_operator.py
[2023-10-11T07:09:15.037+0000] {logging_mixin.py:151} INFO - [2023-10-11T07:09:15.037+0000] {dag.py:2915} INFO - Sync 1 DAGs
[2023-10-11T07:09:15.052+0000] {logging_mixin.py:151} INFO - [2023-10-11T07:09:15.052+0000] {dag.py:3696} INFO - Setting next_dagrun for example_short_circuit_operator to 2023-10-10T07:09:15.051972+00:00, run_after=2023-10-11T07:09:15.051972+00:00
[2023-10-11T07:09:15.088+0000] {processor.py:179} INFO - Processing /home/airflow/.local/lib/python3.8/site-packages/airflow/example_dags/example_short_circuit_operator.py took 0.079 seconds
[2023-10-11T07:09:45.278+0000] {processor.py:157} INFO - Started process (PID=4130) to work on /home/airflow/.local/lib/python3.8/site-packages/airflow/example_dags/example_short_circuit_operator.py
[2023-10-11T07:09:45.280+0000] {processor.py:829} INFO - Processing file /home/airflow/.local/lib/python3.8/site-packages/airflow/example_dags/example_short_circuit_operator.py for tasks to queue
[2023-10-11T07:09:45.282+0000] {logging_mixin.py:151} INFO - [2023-10-11T07:09:45.282+0000] {dagbag.py:539} INFO - Filling up the DagBag from /home/airflow/.local/lib/python3.8/site-packages/airflow/example_dags/example_short_circuit_operator.py
[2023-10-11T07:09:45.288+0000] {processor.py:839} INFO - DAG(s) dict_keys(['example_short_circuit_operator']) retrieved from /home/airflow/.local/lib/python3.8/site-packages/airflow/example_dags/example_short_circuit_operator.py
[2023-10-11T07:09:45.302+0000] {logging_mixin.py:151} INFO - [2023-10-11T07:09:45.302+0000] {dag.py:2915} INFO - Sync 1 DAGs
[2023-10-11T07:09:45.313+0000] {logging_mixin.py:151} INFO - [2023-10-11T07:09:45.313+0000] {dag.py:3696} INFO - Setting next_dagrun for example_short_circuit_operator to 2023-10-10T07:09:45.313454+00:00, run_after=2023-10-11T07:09:45.313454+00:00
[2023-10-11T07:09:45.322+0000] {processor.py:179} INFO - Processing /home/airflow/.local/lib/python3.8/site-packages/airflow/example_dags/example_short_circuit_operator.py took 0.051 seconds
[2023-10-11T07:10:16.236+0000] {processor.py:157} INFO - Started process (PID=4373) to work on /home/airflow/.local/lib/python3.8/site-packages/airflow/example_dags/example_short_circuit_operator.py
[2023-10-11T07:10:16.237+0000] {processor.py:829} INFO - Processing file /home/airflow/.local/lib/python3.8/site-packages/airflow/example_dags/example_short_circuit_operator.py for tasks to queue
[2023-10-11T07:10:16.238+0000] {logging_mixin.py:151} INFO - [2023-10-11T07:10:16.237+0000] {dagbag.py:539} INFO - Filling up the DagBag from /home/airflow/.local/lib/python3.8/site-packages/airflow/example_dags/example_short_circuit_operator.py
[2023-10-11T07:10:16.244+0000] {processor.py:839} INFO - DAG(s) dict_keys(['example_short_circuit_operator']) retrieved from /home/airflow/.local/lib/python3.8/site-packages/airflow/example_dags/example_short_circuit_operator.py
[2023-10-11T07:10:16.272+0000] {logging_mixin.py:151} INFO - [2023-10-11T07:10:16.272+0000] {dag.py:2915} INFO - Sync 1 DAGs
[2023-10-11T07:10:16.295+0000] {logging_mixin.py:151} INFO - [2023-10-11T07:10:16.295+0000] {dag.py:3696} INFO - Setting next_dagrun for example_short_circuit_operator to 2023-10-10T07:10:16.295113+00:00, run_after=2023-10-11T07:10:16.295113+00:00
[2023-10-11T07:10:16.306+0000] {processor.py:179} INFO - Processing /home/airflow/.local/lib/python3.8/site-packages/airflow/example_dags/example_short_circuit_operator.py took 0.072 seconds
[2023-10-11T07:10:46.523+0000] {processor.py:157} INFO - Started process (PID=4614) to work on /home/airflow/.local/lib/python3.8/site-packages/airflow/example_dags/example_short_circuit_operator.py
[2023-10-11T07:10:46.524+0000] {processor.py:829} INFO - Processing file /home/airflow/.local/lib/python3.8/site-packages/airflow/example_dags/example_short_circuit_operator.py for tasks to queue
[2023-10-11T07:10:46.525+0000] {logging_mixin.py:151} INFO - [2023-10-11T07:10:46.525+0000] {dagbag.py:539} INFO - Filling up the DagBag from /home/airflow/.local/lib/python3.8/site-packages/airflow/example_dags/example_short_circuit_operator.py
[2023-10-11T07:10:46.532+0000] {processor.py:839} INFO - DAG(s) dict_keys(['example_short_circuit_operator']) retrieved from /home/airflow/.local/lib/python3.8/site-packages/airflow/example_dags/example_short_circuit_operator.py
[2023-10-11T07:10:46.549+0000] {logging_mixin.py:151} INFO - [2023-10-11T07:10:46.549+0000] {dag.py:2915} INFO - Sync 1 DAGs
[2023-10-11T07:10:46.586+0000] {logging_mixin.py:151} INFO - [2023-10-11T07:10:46.586+0000] {dag.py:3696} INFO - Setting next_dagrun for example_short_circuit_operator to 2023-10-10T07:10:46.586193+00:00, run_after=2023-10-11T07:10:46.586193+00:00
[2023-10-11T07:10:46.601+0000] {processor.py:179} INFO - Processing /home/airflow/.local/lib/python3.8/site-packages/airflow/example_dags/example_short_circuit_operator.py took 0.084 seconds
[2023-10-11T07:11:17.011+0000] {processor.py:157} INFO - Started process (PID=4857) to work on /home/airflow/.local/lib/python3.8/site-packages/airflow/example_dags/example_short_circuit_operator.py
[2023-10-11T07:11:17.012+0000] {processor.py:829} INFO - Processing file /home/airflow/.local/lib/python3.8/site-packages/airflow/example_dags/example_short_circuit_operator.py for tasks to queue
[2023-10-11T07:11:17.012+0000] {logging_mixin.py:151} INFO - [2023-10-11T07:11:17.012+0000] {dagbag.py:539} INFO - Filling up the DagBag from /home/airflow/.local/lib/python3.8/site-packages/airflow/example_dags/example_short_circuit_operator.py
[2023-10-11T07:11:17.019+0000] {processor.py:839} INFO - DAG(s) dict_keys(['example_short_circuit_operator']) retrieved from /home/airflow/.local/lib/python3.8/site-packages/airflow/example_dags/example_short_circuit_operator.py
[2023-10-11T07:11:17.036+0000] {logging_mixin.py:151} INFO - [2023-10-11T07:11:17.036+0000] {dag.py:2915} INFO - Sync 1 DAGs
[2023-10-11T07:11:17.055+0000] {logging_mixin.py:151} INFO - [2023-10-11T07:11:17.055+0000] {dag.py:3696} INFO - Setting next_dagrun for example_short_circuit_operator to 2023-10-10T07:11:17.054463+00:00, run_after=2023-10-11T07:11:17.054463+00:00
[2023-10-11T07:11:17.081+0000] {processor.py:179} INFO - Processing /home/airflow/.local/lib/python3.8/site-packages/airflow/example_dags/example_short_circuit_operator.py took 0.073 seconds
[2023-10-11T07:11:47.184+0000] {processor.py:157} INFO - Started process (PID=5102) to work on /home/airflow/.local/lib/python3.8/site-packages/airflow/example_dags/example_short_circuit_operator.py
[2023-10-11T07:11:47.185+0000] {processor.py:829} INFO - Processing file /home/airflow/.local/lib/python3.8/site-packages/airflow/example_dags/example_short_circuit_operator.py for tasks to queue
[2023-10-11T07:11:47.186+0000] {logging_mixin.py:151} INFO - [2023-10-11T07:11:47.186+0000] {dagbag.py:539} INFO - Filling up the DagBag from /home/airflow/.local/lib/python3.8/site-packages/airflow/example_dags/example_short_circuit_operator.py
[2023-10-11T07:11:47.191+0000] {processor.py:839} INFO - DAG(s) dict_keys(['example_short_circuit_operator']) retrieved from /home/airflow/.local/lib/python3.8/site-packages/airflow/example_dags/example_short_circuit_operator.py
[2023-10-11T07:11:47.206+0000] {logging_mixin.py:151} INFO - [2023-10-11T07:11:47.206+0000] {dag.py:2915} INFO - Sync 1 DAGs
[2023-10-11T07:11:47.218+0000] {logging_mixin.py:151} INFO - [2023-10-11T07:11:47.218+0000] {dag.py:3696} INFO - Setting next_dagrun for example_short_circuit_operator to 2023-10-10T07:11:47.217946+00:00, run_after=2023-10-11T07:11:47.217946+00:00
[2023-10-11T07:11:47.228+0000] {processor.py:179} INFO - Processing /home/airflow/.local/lib/python3.8/site-packages/airflow/example_dags/example_short_circuit_operator.py took 0.046 seconds
[2023-10-11T07:12:17.843+0000] {processor.py:157} INFO - Started process (PID=5343) to work on /home/airflow/.local/lib/python3.8/site-packages/airflow/example_dags/example_short_circuit_operator.py
[2023-10-11T07:12:17.845+0000] {processor.py:829} INFO - Processing file /home/airflow/.local/lib/python3.8/site-packages/airflow/example_dags/example_short_circuit_operator.py for tasks to queue
[2023-10-11T07:12:17.845+0000] {logging_mixin.py:151} INFO - [2023-10-11T07:12:17.845+0000] {dagbag.py:539} INFO - Filling up the DagBag from /home/airflow/.local/lib/python3.8/site-packages/airflow/example_dags/example_short_circuit_operator.py
[2023-10-11T07:12:17.866+0000] {processor.py:839} INFO - DAG(s) dict_keys(['example_short_circuit_operator']) retrieved from /home/airflow/.local/lib/python3.8/site-packages/airflow/example_dags/example_short_circuit_operator.py
[2023-10-11T07:12:17.889+0000] {logging_mixin.py:151} INFO - [2023-10-11T07:12:17.889+0000] {dag.py:2915} INFO - Sync 1 DAGs
[2023-10-11T07:12:17.901+0000] {logging_mixin.py:151} INFO - [2023-10-11T07:12:17.901+0000] {dag.py:3696} INFO - Setting next_dagrun for example_short_circuit_operator to 2023-10-10T07:12:17.901592+00:00, run_after=2023-10-11T07:12:17.901592+00:00
[2023-10-11T07:12:17.912+0000] {processor.py:179} INFO - Processing /home/airflow/.local/lib/python3.8/site-packages/airflow/example_dags/example_short_circuit_operator.py took 0.071 seconds
[2023-10-11T07:12:48.105+0000] {processor.py:157} INFO - Started process (PID=5586) to work on /home/airflow/.local/lib/python3.8/site-packages/airflow/example_dags/example_short_circuit_operator.py
[2023-10-11T07:12:48.106+0000] {processor.py:829} INFO - Processing file /home/airflow/.local/lib/python3.8/site-packages/airflow/example_dags/example_short_circuit_operator.py for tasks to queue
[2023-10-11T07:12:48.107+0000] {logging_mixin.py:151} INFO - [2023-10-11T07:12:48.106+0000] {dagbag.py:539} INFO - Filling up the DagBag from /home/airflow/.local/lib/python3.8/site-packages/airflow/example_dags/example_short_circuit_operator.py
[2023-10-11T07:12:48.112+0000] {processor.py:839} INFO - DAG(s) dict_keys(['example_short_circuit_operator']) retrieved from /home/airflow/.local/lib/python3.8/site-packages/airflow/example_dags/example_short_circuit_operator.py
[2023-10-11T07:12:48.127+0000] {logging_mixin.py:151} INFO - [2023-10-11T07:12:48.127+0000] {dag.py:2915} INFO - Sync 1 DAGs
[2023-10-11T07:12:48.139+0000] {logging_mixin.py:151} INFO - [2023-10-11T07:12:48.139+0000] {dag.py:3696} INFO - Setting next_dagrun for example_short_circuit_operator to 2023-10-10T07:12:48.139394+00:00, run_after=2023-10-11T07:12:48.139394+00:00
[2023-10-11T07:12:48.157+0000] {processor.py:179} INFO - Processing /home/airflow/.local/lib/python3.8/site-packages/airflow/example_dags/example_short_circuit_operator.py took 0.054 seconds
[2023-10-11T07:13:18.692+0000] {processor.py:157} INFO - Started process (PID=5829) to work on /home/airflow/.local/lib/python3.8/site-packages/airflow/example_dags/example_short_circuit_operator.py
[2023-10-11T07:13:18.694+0000] {processor.py:829} INFO - Processing file /home/airflow/.local/lib/python3.8/site-packages/airflow/example_dags/example_short_circuit_operator.py for tasks to queue
[2023-10-11T07:13:18.695+0000] {logging_mixin.py:151} INFO - [2023-10-11T07:13:18.695+0000] {dagbag.py:539} INFO - Filling up the DagBag from /home/airflow/.local/lib/python3.8/site-packages/airflow/example_dags/example_short_circuit_operator.py
[2023-10-11T07:13:18.703+0000] {processor.py:839} INFO - DAG(s) dict_keys(['example_short_circuit_operator']) retrieved from /home/airflow/.local/lib/python3.8/site-packages/airflow/example_dags/example_short_circuit_operator.py
[2023-10-11T07:13:18.722+0000] {logging_mixin.py:151} INFO - [2023-10-11T07:13:18.722+0000] {dag.py:2915} INFO - Sync 1 DAGs
[2023-10-11T07:13:18.739+0000] {logging_mixin.py:151} INFO - [2023-10-11T07:13:18.739+0000] {dag.py:3696} INFO - Setting next_dagrun for example_short_circuit_operator to 2023-10-10T07:13:18.738986+00:00, run_after=2023-10-11T07:13:18.738986+00:00
[2023-10-11T07:13:18.775+0000] {processor.py:179} INFO - Processing /home/airflow/.local/lib/python3.8/site-packages/airflow/example_dags/example_short_circuit_operator.py took 0.087 seconds
[2023-10-11T07:13:49.329+0000] {processor.py:157} INFO - Started process (PID=6072) to work on /home/airflow/.local/lib/python3.8/site-packages/airflow/example_dags/example_short_circuit_operator.py
[2023-10-11T07:13:49.330+0000] {processor.py:829} INFO - Processing file /home/airflow/.local/lib/python3.8/site-packages/airflow/example_dags/example_short_circuit_operator.py for tasks to queue
[2023-10-11T07:13:49.331+0000] {logging_mixin.py:151} INFO - [2023-10-11T07:13:49.330+0000] {dagbag.py:539} INFO - Filling up the DagBag from /home/airflow/.local/lib/python3.8/site-packages/airflow/example_dags/example_short_circuit_operator.py
[2023-10-11T07:13:49.336+0000] {processor.py:839} INFO - DAG(s) dict_keys(['example_short_circuit_operator']) retrieved from /home/airflow/.local/lib/python3.8/site-packages/airflow/example_dags/example_short_circuit_operator.py
[2023-10-11T07:13:49.353+0000] {logging_mixin.py:151} INFO - [2023-10-11T07:13:49.353+0000] {dag.py:2915} INFO - Sync 1 DAGs
[2023-10-11T07:13:49.384+0000] {logging_mixin.py:151} INFO - [2023-10-11T07:13:49.384+0000] {dag.py:3696} INFO - Setting next_dagrun for example_short_circuit_operator to 2023-10-10T07:13:49.384529+00:00, run_after=2023-10-11T07:13:49.384529+00:00
[2023-10-11T07:13:49.394+0000] {processor.py:179} INFO - Processing /home/airflow/.local/lib/python3.8/site-packages/airflow/example_dags/example_short_circuit_operator.py took 0.068 seconds
[2023-10-11T07:14:19.818+0000] {processor.py:157} INFO - Started process (PID=6315) to work on /home/airflow/.local/lib/python3.8/site-packages/airflow/example_dags/example_short_circuit_operator.py
[2023-10-11T07:14:19.819+0000] {processor.py:829} INFO - Processing file /home/airflow/.local/lib/python3.8/site-packages/airflow/example_dags/example_short_circuit_operator.py for tasks to queue
[2023-10-11T07:14:19.819+0000] {logging_mixin.py:151} INFO - [2023-10-11T07:14:19.819+0000] {dagbag.py:539} INFO - Filling up the DagBag from /home/airflow/.local/lib/python3.8/site-packages/airflow/example_dags/example_short_circuit_operator.py
[2023-10-11T07:14:19.825+0000] {processor.py:839} INFO - DAG(s) dict_keys(['example_short_circuit_operator']) retrieved from /home/airflow/.local/lib/python3.8/site-packages/airflow/example_dags/example_short_circuit_operator.py
[2023-10-11T07:14:19.841+0000] {logging_mixin.py:151} INFO - [2023-10-11T07:14:19.841+0000] {dag.py:2915} INFO - Sync 1 DAGs
[2023-10-11T07:14:19.882+0000] {logging_mixin.py:151} INFO - [2023-10-11T07:14:19.881+0000] {dag.py:3696} INFO - Setting next_dagrun for example_short_circuit_operator to 2023-10-10T07:14:19.880951+00:00, run_after=2023-10-11T07:14:19.880951+00:00
[2023-10-11T07:14:19.902+0000] {processor.py:179} INFO - Processing /home/airflow/.local/lib/python3.8/site-packages/airflow/example_dags/example_short_circuit_operator.py took 0.087 seconds
[2023-10-11T07:14:50.282+0000] {processor.py:157} INFO - Started process (PID=6558) to work on /home/airflow/.local/lib/python3.8/site-packages/airflow/example_dags/example_short_circuit_operator.py
[2023-10-11T07:14:50.283+0000] {processor.py:829} INFO - Processing file /home/airflow/.local/lib/python3.8/site-packages/airflow/example_dags/example_short_circuit_operator.py for tasks to queue
[2023-10-11T07:14:50.284+0000] {logging_mixin.py:151} INFO - [2023-10-11T07:14:50.284+0000] {dagbag.py:539} INFO - Filling up the DagBag from /home/airflow/.local/lib/python3.8/site-packages/airflow/example_dags/example_short_circuit_operator.py
[2023-10-11T07:14:50.291+0000] {processor.py:839} INFO - DAG(s) dict_keys(['example_short_circuit_operator']) retrieved from /home/airflow/.local/lib/python3.8/site-packages/airflow/example_dags/example_short_circuit_operator.py
[2023-10-11T07:14:50.308+0000] {logging_mixin.py:151} INFO - [2023-10-11T07:14:50.308+0000] {dag.py:2915} INFO - Sync 1 DAGs
[2023-10-11T07:14:50.321+0000] {logging_mixin.py:151} INFO - [2023-10-11T07:14:50.321+0000] {dag.py:3696} INFO - Setting next_dagrun for example_short_circuit_operator to 2023-10-10T07:14:50.321600+00:00, run_after=2023-10-11T07:14:50.321600+00:00
[2023-10-11T07:14:50.332+0000] {processor.py:179} INFO - Processing /home/airflow/.local/lib/python3.8/site-packages/airflow/example_dags/example_short_circuit_operator.py took 0.052 seconds
[2023-10-11T07:15:20.697+0000] {processor.py:157} INFO - Started process (PID=6801) to work on /home/airflow/.local/lib/python3.8/site-packages/airflow/example_dags/example_short_circuit_operator.py
[2023-10-11T07:15:20.698+0000] {processor.py:829} INFO - Processing file /home/airflow/.local/lib/python3.8/site-packages/airflow/example_dags/example_short_circuit_operator.py for tasks to queue
[2023-10-11T07:15:20.699+0000] {logging_mixin.py:151} INFO - [2023-10-11T07:15:20.698+0000] {dagbag.py:539} INFO - Filling up the DagBag from /home/airflow/.local/lib/python3.8/site-packages/airflow/example_dags/example_short_circuit_operator.py
[2023-10-11T07:15:20.704+0000] {processor.py:839} INFO - DAG(s) dict_keys(['example_short_circuit_operator']) retrieved from /home/airflow/.local/lib/python3.8/site-packages/airflow/example_dags/example_short_circuit_operator.py
[2023-10-11T07:15:20.721+0000] {logging_mixin.py:151} INFO - [2023-10-11T07:15:20.721+0000] {dag.py:2915} INFO - Sync 1 DAGs
[2023-10-11T07:15:20.734+0000] {logging_mixin.py:151} INFO - [2023-10-11T07:15:20.734+0000] {dag.py:3696} INFO - Setting next_dagrun for example_short_circuit_operator to 2023-10-10T07:15:20.734135+00:00, run_after=2023-10-11T07:15:20.734135+00:00
[2023-10-11T07:15:20.743+0000] {processor.py:179} INFO - Processing /home/airflow/.local/lib/python3.8/site-packages/airflow/example_dags/example_short_circuit_operator.py took 0.049 seconds
[2023-10-11T07:15:51.484+0000] {processor.py:157} INFO - Started process (PID=7044) to work on /home/airflow/.local/lib/python3.8/site-packages/airflow/example_dags/example_short_circuit_operator.py
[2023-10-11T07:15:51.485+0000] {processor.py:829} INFO - Processing file /home/airflow/.local/lib/python3.8/site-packages/airflow/example_dags/example_short_circuit_operator.py for tasks to queue
[2023-10-11T07:15:51.486+0000] {logging_mixin.py:151} INFO - [2023-10-11T07:15:51.485+0000] {dagbag.py:539} INFO - Filling up the DagBag from /home/airflow/.local/lib/python3.8/site-packages/airflow/example_dags/example_short_circuit_operator.py
[2023-10-11T07:15:51.492+0000] {processor.py:839} INFO - DAG(s) dict_keys(['example_short_circuit_operator']) retrieved from /home/airflow/.local/lib/python3.8/site-packages/airflow/example_dags/example_short_circuit_operator.py
[2023-10-11T07:15:51.510+0000] {logging_mixin.py:151} INFO - [2023-10-11T07:15:51.510+0000] {dag.py:2915} INFO - Sync 1 DAGs
[2023-10-11T07:15:51.525+0000] {logging_mixin.py:151} INFO - [2023-10-11T07:15:51.525+0000] {dag.py:3696} INFO - Setting next_dagrun for example_short_circuit_operator to 2023-10-10T07:15:51.525095+00:00, run_after=2023-10-11T07:15:51.525095+00:00
[2023-10-11T07:15:51.537+0000] {processor.py:179} INFO - Processing /home/airflow/.local/lib/python3.8/site-packages/airflow/example_dags/example_short_circuit_operator.py took 0.056 seconds
[2023-10-11T07:16:22.210+0000] {processor.py:157} INFO - Started process (PID=7289) to work on /home/airflow/.local/lib/python3.8/site-packages/airflow/example_dags/example_short_circuit_operator.py
[2023-10-11T07:16:22.211+0000] {processor.py:829} INFO - Processing file /home/airflow/.local/lib/python3.8/site-packages/airflow/example_dags/example_short_circuit_operator.py for tasks to queue
[2023-10-11T07:16:22.212+0000] {logging_mixin.py:151} INFO - [2023-10-11T07:16:22.212+0000] {dagbag.py:539} INFO - Filling up the DagBag from /home/airflow/.local/lib/python3.8/site-packages/airflow/example_dags/example_short_circuit_operator.py
[2023-10-11T07:16:22.218+0000] {processor.py:839} INFO - DAG(s) dict_keys(['example_short_circuit_operator']) retrieved from /home/airflow/.local/lib/python3.8/site-packages/airflow/example_dags/example_short_circuit_operator.py
[2023-10-11T07:16:22.236+0000] {logging_mixin.py:151} INFO - [2023-10-11T07:16:22.236+0000] {dag.py:2915} INFO - Sync 1 DAGs
[2023-10-11T07:16:22.270+0000] {logging_mixin.py:151} INFO - [2023-10-11T07:16:22.270+0000] {dag.py:3696} INFO - Setting next_dagrun for example_short_circuit_operator to 2023-10-10T07:16:22.269268+00:00, run_after=2023-10-11T07:16:22.269268+00:00
[2023-10-11T07:16:22.302+0000] {processor.py:179} INFO - Processing /home/airflow/.local/lib/python3.8/site-packages/airflow/example_dags/example_short_circuit_operator.py took 0.094 seconds
[2023-10-11T07:16:53.029+0000] {processor.py:157} INFO - Started process (PID=7530) to work on /home/airflow/.local/lib/python3.8/site-packages/airflow/example_dags/example_short_circuit_operator.py
[2023-10-11T07:16:53.030+0000] {processor.py:829} INFO - Processing file /home/airflow/.local/lib/python3.8/site-packages/airflow/example_dags/example_short_circuit_operator.py for tasks to queue
[2023-10-11T07:16:53.031+0000] {logging_mixin.py:151} INFO - [2023-10-11T07:16:53.031+0000] {dagbag.py:539} INFO - Filling up the DagBag from /home/airflow/.local/lib/python3.8/site-packages/airflow/example_dags/example_short_circuit_operator.py
[2023-10-11T07:16:53.039+0000] {processor.py:839} INFO - DAG(s) dict_keys(['example_short_circuit_operator']) retrieved from /home/airflow/.local/lib/python3.8/site-packages/airflow/example_dags/example_short_circuit_operator.py
[2023-10-11T07:16:53.091+0000] {logging_mixin.py:151} INFO - [2023-10-11T07:16:53.090+0000] {dag.py:2915} INFO - Sync 1 DAGs
[2023-10-11T07:16:53.178+0000] {logging_mixin.py:151} INFO - [2023-10-11T07:16:53.178+0000] {dag.py:3696} INFO - Setting next_dagrun for example_short_circuit_operator to 2023-10-10T07:16:53.176095+00:00, run_after=2023-10-11T07:16:53.176095+00:00
[2023-10-11T07:16:53.444+0000] {processor.py:179} INFO - Processing /home/airflow/.local/lib/python3.8/site-packages/airflow/example_dags/example_short_circuit_operator.py took 0.418 seconds
[2023-10-11T07:17:24.105+0000] {processor.py:157} INFO - Started process (PID=7773) to work on /home/airflow/.local/lib/python3.8/site-packages/airflow/example_dags/example_short_circuit_operator.py
[2023-10-11T07:17:24.107+0000] {processor.py:829} INFO - Processing file /home/airflow/.local/lib/python3.8/site-packages/airflow/example_dags/example_short_circuit_operator.py for tasks to queue
[2023-10-11T07:17:24.109+0000] {logging_mixin.py:151} INFO - [2023-10-11T07:17:24.109+0000] {dagbag.py:539} INFO - Filling up the DagBag from /home/airflow/.local/lib/python3.8/site-packages/airflow/example_dags/example_short_circuit_operator.py
[2023-10-11T07:17:24.134+0000] {processor.py:839} INFO - DAG(s) dict_keys(['example_short_circuit_operator']) retrieved from /home/airflow/.local/lib/python3.8/site-packages/airflow/example_dags/example_short_circuit_operator.py
[2023-10-11T07:17:24.385+0000] {logging_mixin.py:151} INFO - [2023-10-11T07:17:24.385+0000] {dag.py:2915} INFO - Sync 1 DAGs
[2023-10-11T07:17:24.462+0000] {logging_mixin.py:151} INFO - [2023-10-11T07:17:24.462+0000] {dag.py:3696} INFO - Setting next_dagrun for example_short_circuit_operator to 2023-10-10T07:17:24.461220+00:00, run_after=2023-10-11T07:17:24.461220+00:00
[2023-10-11T07:17:24.541+0000] {processor.py:179} INFO - Processing /home/airflow/.local/lib/python3.8/site-packages/airflow/example_dags/example_short_circuit_operator.py took 0.463 seconds
[2023-10-11T07:17:55.756+0000] {processor.py:157} INFO - Started process (PID=8016) to work on /home/airflow/.local/lib/python3.8/site-packages/airflow/example_dags/example_short_circuit_operator.py
[2023-10-11T07:17:55.760+0000] {processor.py:829} INFO - Processing file /home/airflow/.local/lib/python3.8/site-packages/airflow/example_dags/example_short_circuit_operator.py for tasks to queue
[2023-10-11T07:17:55.764+0000] {logging_mixin.py:151} INFO - [2023-10-11T07:17:55.762+0000] {dagbag.py:539} INFO - Filling up the DagBag from /home/airflow/.local/lib/python3.8/site-packages/airflow/example_dags/example_short_circuit_operator.py
[2023-10-11T07:17:55.819+0000] {processor.py:839} INFO - DAG(s) dict_keys(['example_short_circuit_operator']) retrieved from /home/airflow/.local/lib/python3.8/site-packages/airflow/example_dags/example_short_circuit_operator.py
[2023-10-11T07:17:55.925+0000] {logging_mixin.py:151} INFO - [2023-10-11T07:17:55.924+0000] {dag.py:2915} INFO - Sync 1 DAGs
[2023-10-11T07:17:56.035+0000] {logging_mixin.py:151} INFO - [2023-10-11T07:17:56.034+0000] {dag.py:3696} INFO - Setting next_dagrun for example_short_circuit_operator to 2023-10-10T07:17:56.032535+00:00, run_after=2023-10-11T07:17:56.032535+00:00
[2023-10-11T07:17:56.191+0000] {processor.py:179} INFO - Processing /home/airflow/.local/lib/python3.8/site-packages/airflow/example_dags/example_short_circuit_operator.py took 0.449 seconds
[2023-10-11T07:18:26.736+0000] {processor.py:157} INFO - Started process (PID=8259) to work on /home/airflow/.local/lib/python3.8/site-packages/airflow/example_dags/example_short_circuit_operator.py
[2023-10-11T07:18:26.737+0000] {processor.py:829} INFO - Processing file /home/airflow/.local/lib/python3.8/site-packages/airflow/example_dags/example_short_circuit_operator.py for tasks to queue
[2023-10-11T07:18:26.738+0000] {logging_mixin.py:151} INFO - [2023-10-11T07:18:26.737+0000] {dagbag.py:539} INFO - Filling up the DagBag from /home/airflow/.local/lib/python3.8/site-packages/airflow/example_dags/example_short_circuit_operator.py
[2023-10-11T07:18:26.746+0000] {processor.py:839} INFO - DAG(s) dict_keys(['example_short_circuit_operator']) retrieved from /home/airflow/.local/lib/python3.8/site-packages/airflow/example_dags/example_short_circuit_operator.py
[2023-10-11T07:18:26.783+0000] {logging_mixin.py:151} INFO - [2023-10-11T07:18:26.782+0000] {dag.py:2915} INFO - Sync 1 DAGs
[2023-10-11T07:18:26.825+0000] {logging_mixin.py:151} INFO - [2023-10-11T07:18:26.825+0000] {dag.py:3696} INFO - Setting next_dagrun for example_short_circuit_operator to 2023-10-10T07:18:26.824894+00:00, run_after=2023-10-11T07:18:26.824894+00:00
[2023-10-11T07:18:26.850+0000] {processor.py:179} INFO - Processing /home/airflow/.local/lib/python3.8/site-packages/airflow/example_dags/example_short_circuit_operator.py took 0.117 seconds
[2023-10-11T07:18:57.288+0000] {processor.py:157} INFO - Started process (PID=8502) to work on /home/airflow/.local/lib/python3.8/site-packages/airflow/example_dags/example_short_circuit_operator.py
[2023-10-11T07:18:57.289+0000] {processor.py:829} INFO - Processing file /home/airflow/.local/lib/python3.8/site-packages/airflow/example_dags/example_short_circuit_operator.py for tasks to queue
[2023-10-11T07:18:57.290+0000] {logging_mixin.py:151} INFO - [2023-10-11T07:18:57.289+0000] {dagbag.py:539} INFO - Filling up the DagBag from /home/airflow/.local/lib/python3.8/site-packages/airflow/example_dags/example_short_circuit_operator.py
[2023-10-11T07:18:57.299+0000] {processor.py:839} INFO - DAG(s) dict_keys(['example_short_circuit_operator']) retrieved from /home/airflow/.local/lib/python3.8/site-packages/airflow/example_dags/example_short_circuit_operator.py
[2023-10-11T07:18:57.322+0000] {logging_mixin.py:151} INFO - [2023-10-11T07:18:57.322+0000] {dag.py:2915} INFO - Sync 1 DAGs
[2023-10-11T07:18:57.340+0000] {logging_mixin.py:151} INFO - [2023-10-11T07:18:57.340+0000] {dag.py:3696} INFO - Setting next_dagrun for example_short_circuit_operator to 2023-10-10T07:18:57.339991+00:00, run_after=2023-10-11T07:18:57.339991+00:00
[2023-10-11T07:18:57.364+0000] {processor.py:179} INFO - Processing /home/airflow/.local/lib/python3.8/site-packages/airflow/example_dags/example_short_circuit_operator.py took 0.080 seconds
[2023-10-11T07:19:27.432+0000] {processor.py:157} INFO - Started process (PID=8745) to work on /home/airflow/.local/lib/python3.8/site-packages/airflow/example_dags/example_short_circuit_operator.py
[2023-10-11T07:19:27.433+0000] {processor.py:829} INFO - Processing file /home/airflow/.local/lib/python3.8/site-packages/airflow/example_dags/example_short_circuit_operator.py for tasks to queue
[2023-10-11T07:19:27.434+0000] {logging_mixin.py:151} INFO - [2023-10-11T07:19:27.433+0000] {dagbag.py:539} INFO - Filling up the DagBag from /home/airflow/.local/lib/python3.8/site-packages/airflow/example_dags/example_short_circuit_operator.py
[2023-10-11T07:19:27.453+0000] {processor.py:839} INFO - DAG(s) dict_keys(['example_short_circuit_operator']) retrieved from /home/airflow/.local/lib/python3.8/site-packages/airflow/example_dags/example_short_circuit_operator.py
[2023-10-11T07:19:27.500+0000] {logging_mixin.py:151} INFO - [2023-10-11T07:19:27.500+0000] {dag.py:2915} INFO - Sync 1 DAGs
[2023-10-11T07:19:27.517+0000] {logging_mixin.py:151} INFO - [2023-10-11T07:19:27.517+0000] {dag.py:3696} INFO - Setting next_dagrun for example_short_circuit_operator to 2023-10-10T07:19:27.517262+00:00, run_after=2023-10-11T07:19:27.517262+00:00
[2023-10-11T07:19:27.531+0000] {processor.py:179} INFO - Processing /home/airflow/.local/lib/python3.8/site-packages/airflow/example_dags/example_short_circuit_operator.py took 0.103 seconds
[2023-10-11T07:19:58.329+0000] {processor.py:157} INFO - Started process (PID=8988) to work on /home/airflow/.local/lib/python3.8/site-packages/airflow/example_dags/example_short_circuit_operator.py
[2023-10-11T07:19:58.331+0000] {processor.py:829} INFO - Processing file /home/airflow/.local/lib/python3.8/site-packages/airflow/example_dags/example_short_circuit_operator.py for tasks to queue
[2023-10-11T07:19:58.332+0000] {logging_mixin.py:151} INFO - [2023-10-11T07:19:58.332+0000] {dagbag.py:539} INFO - Filling up the DagBag from /home/airflow/.local/lib/python3.8/site-packages/airflow/example_dags/example_short_circuit_operator.py
[2023-10-11T07:19:58.349+0000] {processor.py:839} INFO - DAG(s) dict_keys(['example_short_circuit_operator']) retrieved from /home/airflow/.local/lib/python3.8/site-packages/airflow/example_dags/example_short_circuit_operator.py
[2023-10-11T07:19:58.401+0000] {logging_mixin.py:151} INFO - [2023-10-11T07:19:58.401+0000] {dag.py:2915} INFO - Sync 1 DAGs
[2023-10-11T07:19:58.422+0000] {logging_mixin.py:151} INFO - [2023-10-11T07:19:58.422+0000] {dag.py:3696} INFO - Setting next_dagrun for example_short_circuit_operator to 2023-10-10T07:19:58.421815+00:00, run_after=2023-10-11T07:19:58.421815+00:00
[2023-10-11T07:19:58.448+0000] {processor.py:179} INFO - Processing /home/airflow/.local/lib/python3.8/site-packages/airflow/example_dags/example_short_circuit_operator.py took 0.123 seconds
[2023-10-11T07:20:28.537+0000] {processor.py:157} INFO - Started process (PID=9231) to work on /home/airflow/.local/lib/python3.8/site-packages/airflow/example_dags/example_short_circuit_operator.py
[2023-10-11T07:20:28.539+0000] {processor.py:829} INFO - Processing file /home/airflow/.local/lib/python3.8/site-packages/airflow/example_dags/example_short_circuit_operator.py for tasks to queue
[2023-10-11T07:20:28.540+0000] {logging_mixin.py:151} INFO - [2023-10-11T07:20:28.540+0000] {dagbag.py:539} INFO - Filling up the DagBag from /home/airflow/.local/lib/python3.8/site-packages/airflow/example_dags/example_short_circuit_operator.py
[2023-10-11T07:20:28.552+0000] {processor.py:839} INFO - DAG(s) dict_keys(['example_short_circuit_operator']) retrieved from /home/airflow/.local/lib/python3.8/site-packages/airflow/example_dags/example_short_circuit_operator.py
[2023-10-11T07:20:28.581+0000] {logging_mixin.py:151} INFO - [2023-10-11T07:20:28.581+0000] {dag.py:2915} INFO - Sync 1 DAGs
[2023-10-11T07:20:28.609+0000] {logging_mixin.py:151} INFO - [2023-10-11T07:20:28.608+0000] {dag.py:3696} INFO - Setting next_dagrun for example_short_circuit_operator to 2023-10-10T07:20:28.607191+00:00, run_after=2023-10-11T07:20:28.607191+00:00
[2023-10-11T07:20:28.644+0000] {processor.py:179} INFO - Processing /home/airflow/.local/lib/python3.8/site-packages/airflow/example_dags/example_short_circuit_operator.py took 0.111 seconds
[2023-10-11T07:20:59.481+0000] {processor.py:157} INFO - Started process (PID=9474) to work on /home/airflow/.local/lib/python3.8/site-packages/airflow/example_dags/example_short_circuit_operator.py
[2023-10-11T07:20:59.483+0000] {processor.py:829} INFO - Processing file /home/airflow/.local/lib/python3.8/site-packages/airflow/example_dags/example_short_circuit_operator.py for tasks to queue
[2023-10-11T07:20:59.484+0000] {logging_mixin.py:151} INFO - [2023-10-11T07:20:59.483+0000] {dagbag.py:539} INFO - Filling up the DagBag from /home/airflow/.local/lib/python3.8/site-packages/airflow/example_dags/example_short_circuit_operator.py
[2023-10-11T07:20:59.495+0000] {processor.py:839} INFO - DAG(s) dict_keys(['example_short_circuit_operator']) retrieved from /home/airflow/.local/lib/python3.8/site-packages/airflow/example_dags/example_short_circuit_operator.py
[2023-10-11T07:20:59.527+0000] {logging_mixin.py:151} INFO - [2023-10-11T07:20:59.527+0000] {dag.py:2915} INFO - Sync 1 DAGs
[2023-10-11T07:20:59.572+0000] {logging_mixin.py:151} INFO - [2023-10-11T07:20:59.571+0000] {dag.py:3696} INFO - Setting next_dagrun for example_short_circuit_operator to 2023-10-10T07:20:59.571049+00:00, run_after=2023-10-11T07:20:59.571049+00:00
[2023-10-11T07:20:59.594+0000] {processor.py:179} INFO - Processing /home/airflow/.local/lib/python3.8/site-packages/airflow/example_dags/example_short_circuit_operator.py took 0.116 seconds
[2023-10-11T07:21:30.143+0000] {processor.py:157} INFO - Started process (PID=9717) to work on /home/airflow/.local/lib/python3.8/site-packages/airflow/example_dags/example_short_circuit_operator.py
[2023-10-11T07:21:30.144+0000] {processor.py:829} INFO - Processing file /home/airflow/.local/lib/python3.8/site-packages/airflow/example_dags/example_short_circuit_operator.py for tasks to queue
[2023-10-11T07:21:30.145+0000] {logging_mixin.py:151} INFO - [2023-10-11T07:21:30.145+0000] {dagbag.py:539} INFO - Filling up the DagBag from /home/airflow/.local/lib/python3.8/site-packages/airflow/example_dags/example_short_circuit_operator.py
[2023-10-11T07:21:30.156+0000] {processor.py:839} INFO - DAG(s) dict_keys(['example_short_circuit_operator']) retrieved from /home/airflow/.local/lib/python3.8/site-packages/airflow/example_dags/example_short_circuit_operator.py
[2023-10-11T07:21:30.178+0000] {logging_mixin.py:151} INFO - [2023-10-11T07:21:30.178+0000] {dag.py:2915} INFO - Sync 1 DAGs
[2023-10-11T07:21:30.193+0000] {logging_mixin.py:151} INFO - [2023-10-11T07:21:30.193+0000] {dag.py:3696} INFO - Setting next_dagrun for example_short_circuit_operator to 2023-10-10T07:21:30.193224+00:00, run_after=2023-10-11T07:21:30.193224+00:00
[2023-10-11T07:21:30.208+0000] {processor.py:179} INFO - Processing /home/airflow/.local/lib/python3.8/site-packages/airflow/example_dags/example_short_circuit_operator.py took 0.070 seconds
[2023-10-11T07:22:01.103+0000] {processor.py:157} INFO - Started process (PID=9960) to work on /home/airflow/.local/lib/python3.8/site-packages/airflow/example_dags/example_short_circuit_operator.py
[2023-10-11T07:22:01.105+0000] {processor.py:829} INFO - Processing file /home/airflow/.local/lib/python3.8/site-packages/airflow/example_dags/example_short_circuit_operator.py for tasks to queue
[2023-10-11T07:22:01.107+0000] {logging_mixin.py:151} INFO - [2023-10-11T07:22:01.107+0000] {dagbag.py:539} INFO - Filling up the DagBag from /home/airflow/.local/lib/python3.8/site-packages/airflow/example_dags/example_short_circuit_operator.py
[2023-10-11T07:22:01.117+0000] {processor.py:839} INFO - DAG(s) dict_keys(['example_short_circuit_operator']) retrieved from /home/airflow/.local/lib/python3.8/site-packages/airflow/example_dags/example_short_circuit_operator.py
[2023-10-11T07:22:01.139+0000] {logging_mixin.py:151} INFO - [2023-10-11T07:22:01.138+0000] {dag.py:2915} INFO - Sync 1 DAGs
[2023-10-11T07:22:01.157+0000] {logging_mixin.py:151} INFO - [2023-10-11T07:22:01.156+0000] {dag.py:3696} INFO - Setting next_dagrun for example_short_circuit_operator to 2023-10-10T07:22:01.156735+00:00, run_after=2023-10-11T07:22:01.156735+00:00
[2023-10-11T07:22:01.171+0000] {processor.py:179} INFO - Processing /home/airflow/.local/lib/python3.8/site-packages/airflow/example_dags/example_short_circuit_operator.py took 0.072 seconds
[2023-10-11T07:22:32.060+0000] {processor.py:157} INFO - Started process (PID=10203) to work on /home/airflow/.local/lib/python3.8/site-packages/airflow/example_dags/example_short_circuit_operator.py
[2023-10-11T07:22:32.062+0000] {processor.py:829} INFO - Processing file /home/airflow/.local/lib/python3.8/site-packages/airflow/example_dags/example_short_circuit_operator.py for tasks to queue
[2023-10-11T07:22:32.064+0000] {logging_mixin.py:151} INFO - [2023-10-11T07:22:32.064+0000] {dagbag.py:539} INFO - Filling up the DagBag from /home/airflow/.local/lib/python3.8/site-packages/airflow/example_dags/example_short_circuit_operator.py
[2023-10-11T07:22:32.076+0000] {processor.py:839} INFO - DAG(s) dict_keys(['example_short_circuit_operator']) retrieved from /home/airflow/.local/lib/python3.8/site-packages/airflow/example_dags/example_short_circuit_operator.py
[2023-10-11T07:22:32.092+0000] {logging_mixin.py:151} INFO - [2023-10-11T07:22:32.092+0000] {dag.py:2915} INFO - Sync 1 DAGs
[2023-10-11T07:22:32.104+0000] {logging_mixin.py:151} INFO - [2023-10-11T07:22:32.104+0000] {dag.py:3696} INFO - Setting next_dagrun for example_short_circuit_operator to 2023-10-10T07:22:32.103865+00:00, run_after=2023-10-11T07:22:32.103865+00:00
[2023-10-11T07:22:32.113+0000] {processor.py:179} INFO - Processing /home/airflow/.local/lib/python3.8/site-packages/airflow/example_dags/example_short_circuit_operator.py took 0.056 seconds
[2023-10-11T07:23:02.385+0000] {processor.py:157} INFO - Started process (PID=10446) to work on /home/airflow/.local/lib/python3.8/site-packages/airflow/example_dags/example_short_circuit_operator.py
[2023-10-11T07:23:02.386+0000] {processor.py:829} INFO - Processing file /home/airflow/.local/lib/python3.8/site-packages/airflow/example_dags/example_short_circuit_operator.py for tasks to queue
[2023-10-11T07:23:02.386+0000] {logging_mixin.py:151} INFO - [2023-10-11T07:23:02.386+0000] {dagbag.py:539} INFO - Filling up the DagBag from /home/airflow/.local/lib/python3.8/site-packages/airflow/example_dags/example_short_circuit_operator.py
[2023-10-11T07:23:02.392+0000] {processor.py:839} INFO - DAG(s) dict_keys(['example_short_circuit_operator']) retrieved from /home/airflow/.local/lib/python3.8/site-packages/airflow/example_dags/example_short_circuit_operator.py
[2023-10-11T07:23:02.407+0000] {logging_mixin.py:151} INFO - [2023-10-11T07:23:02.407+0000] {dag.py:2915} INFO - Sync 1 DAGs
[2023-10-11T07:23:02.421+0000] {logging_mixin.py:151} INFO - [2023-10-11T07:23:02.421+0000] {dag.py:3696} INFO - Setting next_dagrun for example_short_circuit_operator to 2023-10-10T07:23:02.421460+00:00, run_after=2023-10-11T07:23:02.421460+00:00
[2023-10-11T07:23:02.441+0000] {processor.py:179} INFO - Processing /home/airflow/.local/lib/python3.8/site-packages/airflow/example_dags/example_short_circuit_operator.py took 0.059 seconds
[2023-10-11T07:23:32.497+0000] {processor.py:157} INFO - Started process (PID=10689) to work on /home/airflow/.local/lib/python3.8/site-packages/airflow/example_dags/example_short_circuit_operator.py
[2023-10-11T07:23:32.498+0000] {processor.py:829} INFO - Processing file /home/airflow/.local/lib/python3.8/site-packages/airflow/example_dags/example_short_circuit_operator.py for tasks to queue
[2023-10-11T07:23:32.499+0000] {logging_mixin.py:151} INFO - [2023-10-11T07:23:32.499+0000] {dagbag.py:539} INFO - Filling up the DagBag from /home/airflow/.local/lib/python3.8/site-packages/airflow/example_dags/example_short_circuit_operator.py
[2023-10-11T07:23:32.507+0000] {processor.py:839} INFO - DAG(s) dict_keys(['example_short_circuit_operator']) retrieved from /home/airflow/.local/lib/python3.8/site-packages/airflow/example_dags/example_short_circuit_operator.py
[2023-10-11T07:23:32.522+0000] {logging_mixin.py:151} INFO - [2023-10-11T07:23:32.522+0000] {dag.py:2915} INFO - Sync 1 DAGs
[2023-10-11T07:23:32.536+0000] {logging_mixin.py:151} INFO - [2023-10-11T07:23:32.536+0000] {dag.py:3696} INFO - Setting next_dagrun for example_short_circuit_operator to 2023-10-10T07:23:32.535853+00:00, run_after=2023-10-11T07:23:32.535853+00:00
[2023-10-11T07:23:32.559+0000] {processor.py:179} INFO - Processing /home/airflow/.local/lib/python3.8/site-packages/airflow/example_dags/example_short_circuit_operator.py took 0.065 seconds
[2023-10-11T07:24:02.683+0000] {processor.py:157} INFO - Started process (PID=10932) to work on /home/airflow/.local/lib/python3.8/site-packages/airflow/example_dags/example_short_circuit_operator.py
[2023-10-11T07:24:02.685+0000] {processor.py:829} INFO - Processing file /home/airflow/.local/lib/python3.8/site-packages/airflow/example_dags/example_short_circuit_operator.py for tasks to queue
[2023-10-11T07:24:02.686+0000] {logging_mixin.py:151} INFO - [2023-10-11T07:24:02.685+0000] {dagbag.py:539} INFO - Filling up the DagBag from /home/airflow/.local/lib/python3.8/site-packages/airflow/example_dags/example_short_circuit_operator.py
[2023-10-11T07:24:02.691+0000] {processor.py:839} INFO - DAG(s) dict_keys(['example_short_circuit_operator']) retrieved from /home/airflow/.local/lib/python3.8/site-packages/airflow/example_dags/example_short_circuit_operator.py
[2023-10-11T07:24:02.705+0000] {logging_mixin.py:151} INFO - [2023-10-11T07:24:02.705+0000] {dag.py:2915} INFO - Sync 1 DAGs
[2023-10-11T07:24:02.716+0000] {logging_mixin.py:151} INFO - [2023-10-11T07:24:02.716+0000] {dag.py:3696} INFO - Setting next_dagrun for example_short_circuit_operator to 2023-10-10T07:24:02.716145+00:00, run_after=2023-10-11T07:24:02.716145+00:00
[2023-10-11T07:24:02.725+0000] {processor.py:179} INFO - Processing /home/airflow/.local/lib/python3.8/site-packages/airflow/example_dags/example_short_circuit_operator.py took 0.044 seconds
[2023-10-11T07:24:33.079+0000] {processor.py:157} INFO - Started process (PID=11175) to work on /home/airflow/.local/lib/python3.8/site-packages/airflow/example_dags/example_short_circuit_operator.py
[2023-10-11T07:24:33.080+0000] {processor.py:829} INFO - Processing file /home/airflow/.local/lib/python3.8/site-packages/airflow/example_dags/example_short_circuit_operator.py for tasks to queue
[2023-10-11T07:24:33.080+0000] {logging_mixin.py:151} INFO - [2023-10-11T07:24:33.080+0000] {dagbag.py:539} INFO - Filling up the DagBag from /home/airflow/.local/lib/python3.8/site-packages/airflow/example_dags/example_short_circuit_operator.py
[2023-10-11T07:24:33.088+0000] {processor.py:839} INFO - DAG(s) dict_keys(['example_short_circuit_operator']) retrieved from /home/airflow/.local/lib/python3.8/site-packages/airflow/example_dags/example_short_circuit_operator.py
[2023-10-11T07:24:33.105+0000] {logging_mixin.py:151} INFO - [2023-10-11T07:24:33.104+0000] {dag.py:2915} INFO - Sync 1 DAGs
[2023-10-11T07:24:33.119+0000] {logging_mixin.py:151} INFO - [2023-10-11T07:24:33.119+0000] {dag.py:3696} INFO - Setting next_dagrun for example_short_circuit_operator to 2023-10-10T07:24:33.119034+00:00, run_after=2023-10-11T07:24:33.119034+00:00
[2023-10-11T07:24:33.130+0000] {processor.py:179} INFO - Processing /home/airflow/.local/lib/python3.8/site-packages/airflow/example_dags/example_short_circuit_operator.py took 0.055 seconds
[2023-10-11T07:25:03.275+0000] {processor.py:157} INFO - Started process (PID=11418) to work on /home/airflow/.local/lib/python3.8/site-packages/airflow/example_dags/example_short_circuit_operator.py
[2023-10-11T07:25:03.276+0000] {processor.py:829} INFO - Processing file /home/airflow/.local/lib/python3.8/site-packages/airflow/example_dags/example_short_circuit_operator.py for tasks to queue
[2023-10-11T07:25:03.276+0000] {logging_mixin.py:151} INFO - [2023-10-11T07:25:03.276+0000] {dagbag.py:539} INFO - Filling up the DagBag from /home/airflow/.local/lib/python3.8/site-packages/airflow/example_dags/example_short_circuit_operator.py
[2023-10-11T07:25:03.284+0000] {processor.py:839} INFO - DAG(s) dict_keys(['example_short_circuit_operator']) retrieved from /home/airflow/.local/lib/python3.8/site-packages/airflow/example_dags/example_short_circuit_operator.py
[2023-10-11T07:25:03.299+0000] {logging_mixin.py:151} INFO - [2023-10-11T07:25:03.299+0000] {dag.py:2915} INFO - Sync 1 DAGs
[2023-10-11T07:25:03.312+0000] {logging_mixin.py:151} INFO - [2023-10-11T07:25:03.312+0000] {dag.py:3696} INFO - Setting next_dagrun for example_short_circuit_operator to 2023-10-10T07:25:03.312112+00:00, run_after=2023-10-11T07:25:03.312112+00:00
[2023-10-11T07:25:03.322+0000] {processor.py:179} INFO - Processing /home/airflow/.local/lib/python3.8/site-packages/airflow/example_dags/example_short_circuit_operator.py took 0.050 seconds
[2023-10-11T07:25:34.209+0000] {processor.py:157} INFO - Started process (PID=11661) to work on /home/airflow/.local/lib/python3.8/site-packages/airflow/example_dags/example_short_circuit_operator.py
[2023-10-11T07:25:34.212+0000] {processor.py:829} INFO - Processing file /home/airflow/.local/lib/python3.8/site-packages/airflow/example_dags/example_short_circuit_operator.py for tasks to queue
[2023-10-11T07:25:34.214+0000] {logging_mixin.py:151} INFO - [2023-10-11T07:25:34.213+0000] {dagbag.py:539} INFO - Filling up the DagBag from /home/airflow/.local/lib/python3.8/site-packages/airflow/example_dags/example_short_circuit_operator.py
[2023-10-11T07:25:34.235+0000] {processor.py:839} INFO - DAG(s) dict_keys(['example_short_circuit_operator']) retrieved from /home/airflow/.local/lib/python3.8/site-packages/airflow/example_dags/example_short_circuit_operator.py
[2023-10-11T07:25:34.317+0000] {logging_mixin.py:151} INFO - [2023-10-11T07:25:34.317+0000] {dag.py:2915} INFO - Sync 1 DAGs
[2023-10-11T07:25:34.348+0000] {logging_mixin.py:151} INFO - [2023-10-11T07:25:34.347+0000] {dag.py:3696} INFO - Setting next_dagrun for example_short_circuit_operator to 2023-10-10T07:25:34.347327+00:00, run_after=2023-10-11T07:25:34.347327+00:00
[2023-10-11T07:25:34.388+0000] {processor.py:179} INFO - Processing /home/airflow/.local/lib/python3.8/site-packages/airflow/example_dags/example_short_circuit_operator.py took 0.203 seconds
[2023-10-11T07:26:04.544+0000] {processor.py:157} INFO - Started process (PID=11904) to work on /home/airflow/.local/lib/python3.8/site-packages/airflow/example_dags/example_short_circuit_operator.py
[2023-10-11T07:26:04.557+0000] {processor.py:829} INFO - Processing file /home/airflow/.local/lib/python3.8/site-packages/airflow/example_dags/example_short_circuit_operator.py for tasks to queue
[2023-10-11T07:26:04.566+0000] {logging_mixin.py:151} INFO - [2023-10-11T07:26:04.566+0000] {dagbag.py:539} INFO - Filling up the DagBag from /home/airflow/.local/lib/python3.8/site-packages/airflow/example_dags/example_short_circuit_operator.py
[2023-10-11T07:26:04.587+0000] {processor.py:839} INFO - DAG(s) dict_keys(['example_short_circuit_operator']) retrieved from /home/airflow/.local/lib/python3.8/site-packages/airflow/example_dags/example_short_circuit_operator.py
[2023-10-11T07:26:04.631+0000] {logging_mixin.py:151} INFO - [2023-10-11T07:26:04.630+0000] {dag.py:2915} INFO - Sync 1 DAGs
[2023-10-11T07:26:04.675+0000] {logging_mixin.py:151} INFO - [2023-10-11T07:26:04.675+0000] {dag.py:3696} INFO - Setting next_dagrun for example_short_circuit_operator to 2023-10-10T07:26:04.674533+00:00, run_after=2023-10-11T07:26:04.674533+00:00
[2023-10-11T07:26:04.705+0000] {processor.py:179} INFO - Processing /home/airflow/.local/lib/python3.8/site-packages/airflow/example_dags/example_short_circuit_operator.py took 0.164 seconds
[2023-10-11T07:26:34.879+0000] {processor.py:157} INFO - Started process (PID=12147) to work on /home/airflow/.local/lib/python3.8/site-packages/airflow/example_dags/example_short_circuit_operator.py
[2023-10-11T07:26:34.880+0000] {processor.py:829} INFO - Processing file /home/airflow/.local/lib/python3.8/site-packages/airflow/example_dags/example_short_circuit_operator.py for tasks to queue
[2023-10-11T07:26:34.880+0000] {logging_mixin.py:151} INFO - [2023-10-11T07:26:34.880+0000] {dagbag.py:539} INFO - Filling up the DagBag from /home/airflow/.local/lib/python3.8/site-packages/airflow/example_dags/example_short_circuit_operator.py
[2023-10-11T07:26:34.886+0000] {processor.py:839} INFO - DAG(s) dict_keys(['example_short_circuit_operator']) retrieved from /home/airflow/.local/lib/python3.8/site-packages/airflow/example_dags/example_short_circuit_operator.py
[2023-10-11T07:26:34.901+0000] {logging_mixin.py:151} INFO - [2023-10-11T07:26:34.901+0000] {dag.py:2915} INFO - Sync 1 DAGs
[2023-10-11T07:26:34.913+0000] {logging_mixin.py:151} INFO - [2023-10-11T07:26:34.913+0000] {dag.py:3696} INFO - Setting next_dagrun for example_short_circuit_operator to 2023-10-10T07:26:34.913647+00:00, run_after=2023-10-11T07:26:34.913647+00:00
[2023-10-11T07:26:34.924+0000] {processor.py:179} INFO - Processing /home/airflow/.local/lib/python3.8/site-packages/airflow/example_dags/example_short_circuit_operator.py took 0.047 seconds
[2023-10-11T07:27:05.475+0000] {processor.py:157} INFO - Started process (PID=12390) to work on /home/airflow/.local/lib/python3.8/site-packages/airflow/example_dags/example_short_circuit_operator.py
[2023-10-11T07:27:05.476+0000] {processor.py:829} INFO - Processing file /home/airflow/.local/lib/python3.8/site-packages/airflow/example_dags/example_short_circuit_operator.py for tasks to queue
[2023-10-11T07:27:05.477+0000] {logging_mixin.py:151} INFO - [2023-10-11T07:27:05.476+0000] {dagbag.py:539} INFO - Filling up the DagBag from /home/airflow/.local/lib/python3.8/site-packages/airflow/example_dags/example_short_circuit_operator.py
[2023-10-11T07:27:05.482+0000] {processor.py:839} INFO - DAG(s) dict_keys(['example_short_circuit_operator']) retrieved from /home/airflow/.local/lib/python3.8/site-packages/airflow/example_dags/example_short_circuit_operator.py
[2023-10-11T07:27:05.496+0000] {logging_mixin.py:151} INFO - [2023-10-11T07:27:05.496+0000] {dag.py:2915} INFO - Sync 1 DAGs
[2023-10-11T07:27:05.508+0000] {logging_mixin.py:151} INFO - [2023-10-11T07:27:05.508+0000] {dag.py:3696} INFO - Setting next_dagrun for example_short_circuit_operator to 2023-10-10T07:27:05.508117+00:00, run_after=2023-10-11T07:27:05.508117+00:00
[2023-10-11T07:27:05.517+0000] {processor.py:179} INFO - Processing /home/airflow/.local/lib/python3.8/site-packages/airflow/example_dags/example_short_circuit_operator.py took 0.046 seconds
[2023-10-11T07:27:36.126+0000] {processor.py:157} INFO - Started process (PID=12633) to work on /home/airflow/.local/lib/python3.8/site-packages/airflow/example_dags/example_short_circuit_operator.py
[2023-10-11T07:27:36.127+0000] {processor.py:829} INFO - Processing file /home/airflow/.local/lib/python3.8/site-packages/airflow/example_dags/example_short_circuit_operator.py for tasks to queue
[2023-10-11T07:27:36.128+0000] {logging_mixin.py:151} INFO - [2023-10-11T07:27:36.128+0000] {dagbag.py:539} INFO - Filling up the DagBag from /home/airflow/.local/lib/python3.8/site-packages/airflow/example_dags/example_short_circuit_operator.py
[2023-10-11T07:27:36.134+0000] {processor.py:839} INFO - DAG(s) dict_keys(['example_short_circuit_operator']) retrieved from /home/airflow/.local/lib/python3.8/site-packages/airflow/example_dags/example_short_circuit_operator.py
[2023-10-11T07:27:36.166+0000] {logging_mixin.py:151} INFO - [2023-10-11T07:27:36.166+0000] {dag.py:2915} INFO - Sync 1 DAGs
[2023-10-11T07:27:36.184+0000] {logging_mixin.py:151} INFO - [2023-10-11T07:27:36.184+0000] {dag.py:3696} INFO - Setting next_dagrun for example_short_circuit_operator to 2023-10-10T07:27:36.184493+00:00, run_after=2023-10-11T07:27:36.184493+00:00
[2023-10-11T07:27:36.193+0000] {processor.py:179} INFO - Processing /home/airflow/.local/lib/python3.8/site-packages/airflow/example_dags/example_short_circuit_operator.py took 0.069 seconds
[2023-10-11T07:28:06.275+0000] {processor.py:157} INFO - Started process (PID=12875) to work on /home/airflow/.local/lib/python3.8/site-packages/airflow/example_dags/example_short_circuit_operator.py
[2023-10-11T07:28:06.276+0000] {processor.py:829} INFO - Processing file /home/airflow/.local/lib/python3.8/site-packages/airflow/example_dags/example_short_circuit_operator.py for tasks to queue
[2023-10-11T07:28:06.277+0000] {logging_mixin.py:151} INFO - [2023-10-11T07:28:06.276+0000] {dagbag.py:539} INFO - Filling up the DagBag from /home/airflow/.local/lib/python3.8/site-packages/airflow/example_dags/example_short_circuit_operator.py
[2023-10-11T07:28:06.282+0000] {processor.py:839} INFO - DAG(s) dict_keys(['example_short_circuit_operator']) retrieved from /home/airflow/.local/lib/python3.8/site-packages/airflow/example_dags/example_short_circuit_operator.py
[2023-10-11T07:28:06.299+0000] {logging_mixin.py:151} INFO - [2023-10-11T07:28:06.299+0000] {dag.py:2915} INFO - Sync 1 DAGs
[2023-10-11T07:28:06.312+0000] {logging_mixin.py:151} INFO - [2023-10-11T07:28:06.312+0000] {dag.py:3696} INFO - Setting next_dagrun for example_short_circuit_operator to 2023-10-10T07:28:06.312173+00:00, run_after=2023-10-11T07:28:06.312173+00:00
[2023-10-11T07:28:06.322+0000] {processor.py:179} INFO - Processing /home/airflow/.local/lib/python3.8/site-packages/airflow/example_dags/example_short_circuit_operator.py took 0.050 seconds
[2023-10-11T07:28:36.647+0000] {processor.py:157} INFO - Started process (PID=13119) to work on /home/airflow/.local/lib/python3.8/site-packages/airflow/example_dags/example_short_circuit_operator.py
[2023-10-11T07:28:36.651+0000] {processor.py:829} INFO - Processing file /home/airflow/.local/lib/python3.8/site-packages/airflow/example_dags/example_short_circuit_operator.py for tasks to queue
[2023-10-11T07:28:36.655+0000] {logging_mixin.py:151} INFO - [2023-10-11T07:28:36.655+0000] {dagbag.py:539} INFO - Filling up the DagBag from /home/airflow/.local/lib/python3.8/site-packages/airflow/example_dags/example_short_circuit_operator.py
[2023-10-11T07:28:36.667+0000] {processor.py:839} INFO - DAG(s) dict_keys(['example_short_circuit_operator']) retrieved from /home/airflow/.local/lib/python3.8/site-packages/airflow/example_dags/example_short_circuit_operator.py
[2023-10-11T07:28:36.692+0000] {logging_mixin.py:151} INFO - [2023-10-11T07:28:36.692+0000] {dag.py:2915} INFO - Sync 1 DAGs
[2023-10-11T07:28:36.709+0000] {logging_mixin.py:151} INFO - [2023-10-11T07:28:36.709+0000] {dag.py:3696} INFO - Setting next_dagrun for example_short_circuit_operator to 2023-10-10T07:28:36.708925+00:00, run_after=2023-10-11T07:28:36.708925+00:00
[2023-10-11T07:28:36.719+0000] {processor.py:179} INFO - Processing /home/airflow/.local/lib/python3.8/site-packages/airflow/example_dags/example_short_circuit_operator.py took 0.078 seconds
