[2023-10-11T07:01:28.515+0000] {processor.py:157} INFO - Started process (PID=167) to work on /home/airflow/.local/lib/python3.8/site-packages/airflow/example_dags/example_task_group_decorator.py
[2023-10-11T07:01:28.528+0000] {processor.py:829} INFO - Processing file /home/airflow/.local/lib/python3.8/site-packages/airflow/example_dags/example_task_group_decorator.py for tasks to queue
[2023-10-11T07:01:28.536+0000] {logging_mixin.py:151} INFO - [2023-10-11T07:01:28.533+0000] {dagbag.py:539} INFO - Filling up the DagBag from /home/airflow/.local/lib/python3.8/site-packages/airflow/example_dags/example_task_group_decorator.py
[2023-10-11T07:01:28.571+0000] {processor.py:839} INFO - DAG(s) dict_keys(['example_task_group_decorator']) retrieved from /home/airflow/.local/lib/python3.8/site-packages/airflow/example_dags/example_task_group_decorator.py
[2023-10-11T07:01:29.207+0000] {logging_mixin.py:151} INFO - [2023-10-11T07:01:29.207+0000] {manager.py:499} INFO - Created Permission View: %s
[2023-10-11T07:01:29.213+0000] {logging_mixin.py:151} INFO - [2023-10-11T07:01:29.213+0000] {manager.py:499} INFO - Created Permission View: %s
[2023-10-11T07:01:29.217+0000] {logging_mixin.py:151} INFO - [2023-10-11T07:01:29.217+0000] {manager.py:499} INFO - Created Permission View: %s
[2023-10-11T07:01:29.217+0000] {logging_mixin.py:151} INFO - [2023-10-11T07:01:29.217+0000] {security.py:708} INFO - Not syncing DAG-level permissions for DAG 'DAG:example_task_group_decorator' as access control is unset.
[2023-10-11T07:01:29.217+0000] {logging_mixin.py:151} INFO - [2023-10-11T07:01:29.217+0000] {dag.py:2915} INFO - Sync 1 DAGs
[2023-10-11T07:01:29.228+0000] {logging_mixin.py:151} INFO - [2023-10-11T07:01:29.228+0000] {dag.py:2937} INFO - Creating ORM DAG for example_task_group_decorator
[2023-10-11T07:01:29.239+0000] {logging_mixin.py:151} INFO - [2023-10-11T07:01:29.239+0000] {dag.py:3696} INFO - Setting next_dagrun for example_task_group_decorator to 2023-10-10T07:01:29.238761+00:00, run_after=2023-10-11T07:01:29.238761+00:00
[2023-10-11T07:01:29.264+0000] {processor.py:179} INFO - Processing /home/airflow/.local/lib/python3.8/site-packages/airflow/example_dags/example_task_group_decorator.py took 0.761 seconds
[2023-10-11T07:02:00.179+0000] {processor.py:157} INFO - Started process (PID=406) to work on /home/airflow/.local/lib/python3.8/site-packages/airflow/example_dags/example_task_group_decorator.py
[2023-10-11T07:02:00.180+0000] {processor.py:829} INFO - Processing file /home/airflow/.local/lib/python3.8/site-packages/airflow/example_dags/example_task_group_decorator.py for tasks to queue
[2023-10-11T07:02:00.182+0000] {logging_mixin.py:151} INFO - [2023-10-11T07:02:00.181+0000] {dagbag.py:539} INFO - Filling up the DagBag from /home/airflow/.local/lib/python3.8/site-packages/airflow/example_dags/example_task_group_decorator.py
[2023-10-11T07:02:00.198+0000] {processor.py:839} INFO - DAG(s) dict_keys(['example_task_group_decorator']) retrieved from /home/airflow/.local/lib/python3.8/site-packages/airflow/example_dags/example_task_group_decorator.py
[2023-10-11T07:02:00.224+0000] {logging_mixin.py:151} INFO - [2023-10-11T07:02:00.224+0000] {dag.py:2915} INFO - Sync 1 DAGs
[2023-10-11T07:02:00.266+0000] {logging_mixin.py:151} INFO - [2023-10-11T07:02:00.266+0000] {dag.py:3696} INFO - Setting next_dagrun for example_task_group_decorator to 2023-10-10T07:02:00.265983+00:00, run_after=2023-10-11T07:02:00.265983+00:00
[2023-10-11T07:02:00.296+0000] {processor.py:179} INFO - Processing /home/airflow/.local/lib/python3.8/site-packages/airflow/example_dags/example_task_group_decorator.py took 0.140 seconds
[2023-10-11T07:02:30.383+0000] {processor.py:157} INFO - Started process (PID=643) to work on /home/airflow/.local/lib/python3.8/site-packages/airflow/example_dags/example_task_group_decorator.py
[2023-10-11T07:02:30.389+0000] {processor.py:829} INFO - Processing file /home/airflow/.local/lib/python3.8/site-packages/airflow/example_dags/example_task_group_decorator.py for tasks to queue
[2023-10-11T07:02:30.390+0000] {logging_mixin.py:151} INFO - [2023-10-11T07:02:30.390+0000] {dagbag.py:539} INFO - Filling up the DagBag from /home/airflow/.local/lib/python3.8/site-packages/airflow/example_dags/example_task_group_decorator.py
[2023-10-11T07:02:30.402+0000] {processor.py:839} INFO - DAG(s) dict_keys(['example_task_group_decorator']) retrieved from /home/airflow/.local/lib/python3.8/site-packages/airflow/example_dags/example_task_group_decorator.py
[2023-10-11T07:02:30.419+0000] {logging_mixin.py:151} INFO - [2023-10-11T07:02:30.418+0000] {dag.py:2915} INFO - Sync 1 DAGs
[2023-10-11T07:02:30.433+0000] {logging_mixin.py:151} INFO - [2023-10-11T07:02:30.433+0000] {dag.py:3696} INFO - Setting next_dagrun for example_task_group_decorator to 2023-10-10T07:02:30.433405+00:00, run_after=2023-10-11T07:02:30.433405+00:00
[2023-10-11T07:02:30.444+0000] {processor.py:179} INFO - Processing /home/airflow/.local/lib/python3.8/site-packages/airflow/example_dags/example_task_group_decorator.py took 0.068 seconds
[2023-10-11T07:03:01.220+0000] {processor.py:157} INFO - Started process (PID=881) to work on /home/airflow/.local/lib/python3.8/site-packages/airflow/example_dags/example_task_group_decorator.py
[2023-10-11T07:03:01.222+0000] {processor.py:829} INFO - Processing file /home/airflow/.local/lib/python3.8/site-packages/airflow/example_dags/example_task_group_decorator.py for tasks to queue
[2023-10-11T07:03:01.223+0000] {logging_mixin.py:151} INFO - [2023-10-11T07:03:01.222+0000] {dagbag.py:539} INFO - Filling up the DagBag from /home/airflow/.local/lib/python3.8/site-packages/airflow/example_dags/example_task_group_decorator.py
[2023-10-11T07:03:01.236+0000] {processor.py:839} INFO - DAG(s) dict_keys(['example_task_group_decorator']) retrieved from /home/airflow/.local/lib/python3.8/site-packages/airflow/example_dags/example_task_group_decorator.py
[2023-10-11T07:03:01.262+0000] {logging_mixin.py:151} INFO - [2023-10-11T07:03:01.261+0000] {dag.py:2915} INFO - Sync 1 DAGs
[2023-10-11T07:03:01.285+0000] {logging_mixin.py:151} INFO - [2023-10-11T07:03:01.285+0000] {dag.py:3696} INFO - Setting next_dagrun for example_task_group_decorator to 2023-10-10T07:03:01.284862+00:00, run_after=2023-10-11T07:03:01.284862+00:00
[2023-10-11T07:03:01.297+0000] {processor.py:179} INFO - Processing /home/airflow/.local/lib/python3.8/site-packages/airflow/example_dags/example_task_group_decorator.py took 0.083 seconds
[2023-10-11T07:03:32.099+0000] {processor.py:157} INFO - Started process (PID=1119) to work on /home/airflow/.local/lib/python3.8/site-packages/airflow/example_dags/example_task_group_decorator.py
[2023-10-11T07:03:32.100+0000] {processor.py:829} INFO - Processing file /home/airflow/.local/lib/python3.8/site-packages/airflow/example_dags/example_task_group_decorator.py for tasks to queue
[2023-10-11T07:03:32.102+0000] {logging_mixin.py:151} INFO - [2023-10-11T07:03:32.101+0000] {dagbag.py:539} INFO - Filling up the DagBag from /home/airflow/.local/lib/python3.8/site-packages/airflow/example_dags/example_task_group_decorator.py
[2023-10-11T07:03:32.117+0000] {processor.py:839} INFO - DAG(s) dict_keys(['example_task_group_decorator']) retrieved from /home/airflow/.local/lib/python3.8/site-packages/airflow/example_dags/example_task_group_decorator.py
[2023-10-11T07:03:32.136+0000] {logging_mixin.py:151} INFO - [2023-10-11T07:03:32.135+0000] {dag.py:2915} INFO - Sync 1 DAGs
[2023-10-11T07:03:32.150+0000] {logging_mixin.py:151} INFO - [2023-10-11T07:03:32.150+0000] {dag.py:3696} INFO - Setting next_dagrun for example_task_group_decorator to 2023-10-10T07:03:32.150568+00:00, run_after=2023-10-11T07:03:32.150568+00:00
[2023-10-11T07:03:32.187+0000] {processor.py:179} INFO - Processing /home/airflow/.local/lib/python3.8/site-packages/airflow/example_dags/example_task_group_decorator.py took 0.092 seconds
[2023-10-11T07:04:02.838+0000] {processor.py:157} INFO - Started process (PID=1357) to work on /home/airflow/.local/lib/python3.8/site-packages/airflow/example_dags/example_task_group_decorator.py
[2023-10-11T07:04:02.839+0000] {processor.py:829} INFO - Processing file /home/airflow/.local/lib/python3.8/site-packages/airflow/example_dags/example_task_group_decorator.py for tasks to queue
[2023-10-11T07:04:02.840+0000] {logging_mixin.py:151} INFO - [2023-10-11T07:04:02.840+0000] {dagbag.py:539} INFO - Filling up the DagBag from /home/airflow/.local/lib/python3.8/site-packages/airflow/example_dags/example_task_group_decorator.py
[2023-10-11T07:04:02.864+0000] {processor.py:839} INFO - DAG(s) dict_keys(['example_task_group_decorator']) retrieved from /home/airflow/.local/lib/python3.8/site-packages/airflow/example_dags/example_task_group_decorator.py
[2023-10-11T07:04:02.891+0000] {logging_mixin.py:151} INFO - [2023-10-11T07:04:02.891+0000] {dag.py:2915} INFO - Sync 1 DAGs
[2023-10-11T07:04:02.903+0000] {logging_mixin.py:151} INFO - [2023-10-11T07:04:02.903+0000] {dag.py:3696} INFO - Setting next_dagrun for example_task_group_decorator to 2023-10-10T07:04:02.903604+00:00, run_after=2023-10-11T07:04:02.903604+00:00
[2023-10-11T07:04:02.913+0000] {processor.py:179} INFO - Processing /home/airflow/.local/lib/python3.8/site-packages/airflow/example_dags/example_task_group_decorator.py took 0.079 seconds
[2023-10-11T07:04:33.144+0000] {processor.py:157} INFO - Started process (PID=1595) to work on /home/airflow/.local/lib/python3.8/site-packages/airflow/example_dags/example_task_group_decorator.py
[2023-10-11T07:04:33.145+0000] {processor.py:829} INFO - Processing file /home/airflow/.local/lib/python3.8/site-packages/airflow/example_dags/example_task_group_decorator.py for tasks to queue
[2023-10-11T07:04:33.146+0000] {logging_mixin.py:151} INFO - [2023-10-11T07:04:33.146+0000] {dagbag.py:539} INFO - Filling up the DagBag from /home/airflow/.local/lib/python3.8/site-packages/airflow/example_dags/example_task_group_decorator.py
[2023-10-11T07:04:33.175+0000] {processor.py:839} INFO - DAG(s) dict_keys(['example_task_group_decorator']) retrieved from /home/airflow/.local/lib/python3.8/site-packages/airflow/example_dags/example_task_group_decorator.py
[2023-10-11T07:04:33.210+0000] {logging_mixin.py:151} INFO - [2023-10-11T07:04:33.210+0000] {dag.py:2915} INFO - Sync 1 DAGs
[2023-10-11T07:04:33.227+0000] {logging_mixin.py:151} INFO - [2023-10-11T07:04:33.227+0000] {dag.py:3696} INFO - Setting next_dagrun for example_task_group_decorator to 2023-10-10T07:04:33.227166+00:00, run_after=2023-10-11T07:04:33.227166+00:00
[2023-10-11T07:04:33.240+0000] {processor.py:179} INFO - Processing /home/airflow/.local/lib/python3.8/site-packages/airflow/example_dags/example_task_group_decorator.py took 0.100 seconds
[2023-10-11T07:05:03.406+0000] {processor.py:157} INFO - Started process (PID=1833) to work on /home/airflow/.local/lib/python3.8/site-packages/airflow/example_dags/example_task_group_decorator.py
[2023-10-11T07:05:03.407+0000] {processor.py:829} INFO - Processing file /home/airflow/.local/lib/python3.8/site-packages/airflow/example_dags/example_task_group_decorator.py for tasks to queue
[2023-10-11T07:05:03.408+0000] {logging_mixin.py:151} INFO - [2023-10-11T07:05:03.407+0000] {dagbag.py:539} INFO - Filling up the DagBag from /home/airflow/.local/lib/python3.8/site-packages/airflow/example_dags/example_task_group_decorator.py
[2023-10-11T07:05:03.421+0000] {processor.py:839} INFO - DAG(s) dict_keys(['example_task_group_decorator']) retrieved from /home/airflow/.local/lib/python3.8/site-packages/airflow/example_dags/example_task_group_decorator.py
[2023-10-11T07:05:03.440+0000] {logging_mixin.py:151} INFO - [2023-10-11T07:05:03.439+0000] {dag.py:2915} INFO - Sync 1 DAGs
[2023-10-11T07:05:03.490+0000] {logging_mixin.py:151} INFO - [2023-10-11T07:05:03.490+0000] {dag.py:3696} INFO - Setting next_dagrun for example_task_group_decorator to 2023-10-10T07:05:03.490437+00:00, run_after=2023-10-11T07:05:03.490437+00:00
[2023-10-11T07:05:03.505+0000] {processor.py:179} INFO - Processing /home/airflow/.local/lib/python3.8/site-packages/airflow/example_dags/example_task_group_decorator.py took 0.103 seconds
[2023-10-11T07:05:33.635+0000] {processor.py:157} INFO - Started process (PID=2071) to work on /home/airflow/.local/lib/python3.8/site-packages/airflow/example_dags/example_task_group_decorator.py
[2023-10-11T07:05:33.637+0000] {processor.py:829} INFO - Processing file /home/airflow/.local/lib/python3.8/site-packages/airflow/example_dags/example_task_group_decorator.py for tasks to queue
[2023-10-11T07:05:33.638+0000] {logging_mixin.py:151} INFO - [2023-10-11T07:05:33.638+0000] {dagbag.py:539} INFO - Filling up the DagBag from /home/airflow/.local/lib/python3.8/site-packages/airflow/example_dags/example_task_group_decorator.py
[2023-10-11T07:05:33.682+0000] {processor.py:839} INFO - DAG(s) dict_keys(['example_task_group_decorator']) retrieved from /home/airflow/.local/lib/python3.8/site-packages/airflow/example_dags/example_task_group_decorator.py
[2023-10-11T07:05:33.727+0000] {logging_mixin.py:151} INFO - [2023-10-11T07:05:33.727+0000] {dag.py:2915} INFO - Sync 1 DAGs
[2023-10-11T07:05:33.754+0000] {logging_mixin.py:151} INFO - [2023-10-11T07:05:33.754+0000] {dag.py:3696} INFO - Setting next_dagrun for example_task_group_decorator to 2023-10-10T07:05:33.752941+00:00, run_after=2023-10-11T07:05:33.752941+00:00
[2023-10-11T07:05:33.801+0000] {processor.py:179} INFO - Processing /home/airflow/.local/lib/python3.8/site-packages/airflow/example_dags/example_task_group_decorator.py took 0.172 seconds
[2023-10-11T07:06:04.108+0000] {processor.py:157} INFO - Started process (PID=2309) to work on /home/airflow/.local/lib/python3.8/site-packages/airflow/example_dags/example_task_group_decorator.py
[2023-10-11T07:06:04.110+0000] {processor.py:829} INFO - Processing file /home/airflow/.local/lib/python3.8/site-packages/airflow/example_dags/example_task_group_decorator.py for tasks to queue
[2023-10-11T07:06:04.111+0000] {logging_mixin.py:151} INFO - [2023-10-11T07:06:04.111+0000] {dagbag.py:539} INFO - Filling up the DagBag from /home/airflow/.local/lib/python3.8/site-packages/airflow/example_dags/example_task_group_decorator.py
[2023-10-11T07:06:04.129+0000] {processor.py:839} INFO - DAG(s) dict_keys(['example_task_group_decorator']) retrieved from /home/airflow/.local/lib/python3.8/site-packages/airflow/example_dags/example_task_group_decorator.py
[2023-10-11T07:06:04.164+0000] {logging_mixin.py:151} INFO - [2023-10-11T07:06:04.164+0000] {dag.py:2915} INFO - Sync 1 DAGs
[2023-10-11T07:06:04.197+0000] {logging_mixin.py:151} INFO - [2023-10-11T07:06:04.197+0000] {dag.py:3696} INFO - Setting next_dagrun for example_task_group_decorator to 2023-10-10T07:06:04.196759+00:00, run_after=2023-10-11T07:06:04.196759+00:00
[2023-10-11T07:06:04.210+0000] {processor.py:179} INFO - Processing /home/airflow/.local/lib/python3.8/site-packages/airflow/example_dags/example_task_group_decorator.py took 0.107 seconds
[2023-10-11T07:06:34.682+0000] {processor.py:157} INFO - Started process (PID=2552) to work on /home/airflow/.local/lib/python3.8/site-packages/airflow/example_dags/example_task_group_decorator.py
[2023-10-11T07:06:34.683+0000] {processor.py:829} INFO - Processing file /home/airflow/.local/lib/python3.8/site-packages/airflow/example_dags/example_task_group_decorator.py for tasks to queue
[2023-10-11T07:06:34.683+0000] {logging_mixin.py:151} INFO - [2023-10-11T07:06:34.683+0000] {dagbag.py:539} INFO - Filling up the DagBag from /home/airflow/.local/lib/python3.8/site-packages/airflow/example_dags/example_task_group_decorator.py
[2023-10-11T07:06:34.694+0000] {processor.py:839} INFO - DAG(s) dict_keys(['example_task_group_decorator']) retrieved from /home/airflow/.local/lib/python3.8/site-packages/airflow/example_dags/example_task_group_decorator.py
[2023-10-11T07:06:34.712+0000] {logging_mixin.py:151} INFO - [2023-10-11T07:06:34.712+0000] {dag.py:2915} INFO - Sync 1 DAGs
[2023-10-11T07:06:34.731+0000] {logging_mixin.py:151} INFO - [2023-10-11T07:06:34.731+0000] {dag.py:3696} INFO - Setting next_dagrun for example_task_group_decorator to 2023-10-10T07:06:34.731076+00:00, run_after=2023-10-11T07:06:34.731076+00:00
[2023-10-11T07:06:34.744+0000] {processor.py:179} INFO - Processing /home/airflow/.local/lib/python3.8/site-packages/airflow/example_dags/example_task_group_decorator.py took 0.067 seconds
[2023-10-11T07:07:05.151+0000] {processor.py:157} INFO - Started process (PID=2794) to work on /home/airflow/.local/lib/python3.8/site-packages/airflow/example_dags/example_task_group_decorator.py
[2023-10-11T07:07:05.161+0000] {processor.py:829} INFO - Processing file /home/airflow/.local/lib/python3.8/site-packages/airflow/example_dags/example_task_group_decorator.py for tasks to queue
[2023-10-11T07:07:05.166+0000] {logging_mixin.py:151} INFO - [2023-10-11T07:07:05.165+0000] {dagbag.py:539} INFO - Filling up the DagBag from /home/airflow/.local/lib/python3.8/site-packages/airflow/example_dags/example_task_group_decorator.py
[2023-10-11T07:07:05.218+0000] {processor.py:839} INFO - DAG(s) dict_keys(['example_task_group_decorator']) retrieved from /home/airflow/.local/lib/python3.8/site-packages/airflow/example_dags/example_task_group_decorator.py
[2023-10-11T07:07:05.250+0000] {logging_mixin.py:151} INFO - [2023-10-11T07:07:05.250+0000] {dag.py:2915} INFO - Sync 1 DAGs
[2023-10-11T07:07:05.306+0000] {logging_mixin.py:151} INFO - [2023-10-11T07:07:05.306+0000] {dag.py:3696} INFO - Setting next_dagrun for example_task_group_decorator to 2023-10-10T07:07:05.305880+00:00, run_after=2023-10-11T07:07:05.305880+00:00
[2023-10-11T07:07:05.318+0000] {processor.py:179} INFO - Processing /home/airflow/.local/lib/python3.8/site-packages/airflow/example_dags/example_task_group_decorator.py took 0.175 seconds
[2023-10-11T07:07:35.598+0000] {processor.py:157} INFO - Started process (PID=3036) to work on /home/airflow/.local/lib/python3.8/site-packages/airflow/example_dags/example_task_group_decorator.py
[2023-10-11T07:07:35.599+0000] {processor.py:829} INFO - Processing file /home/airflow/.local/lib/python3.8/site-packages/airflow/example_dags/example_task_group_decorator.py for tasks to queue
[2023-10-11T07:07:35.600+0000] {logging_mixin.py:151} INFO - [2023-10-11T07:07:35.600+0000] {dagbag.py:539} INFO - Filling up the DagBag from /home/airflow/.local/lib/python3.8/site-packages/airflow/example_dags/example_task_group_decorator.py
[2023-10-11T07:07:35.612+0000] {processor.py:839} INFO - DAG(s) dict_keys(['example_task_group_decorator']) retrieved from /home/airflow/.local/lib/python3.8/site-packages/airflow/example_dags/example_task_group_decorator.py
[2023-10-11T07:07:35.637+0000] {logging_mixin.py:151} INFO - [2023-10-11T07:07:35.637+0000] {dag.py:2915} INFO - Sync 1 DAGs
[2023-10-11T07:07:35.652+0000] {logging_mixin.py:151} INFO - [2023-10-11T07:07:35.652+0000] {dag.py:3696} INFO - Setting next_dagrun for example_task_group_decorator to 2023-10-10T07:07:35.652512+00:00, run_after=2023-10-11T07:07:35.652512+00:00
[2023-10-11T07:07:35.698+0000] {processor.py:179} INFO - Processing /home/airflow/.local/lib/python3.8/site-packages/airflow/example_dags/example_task_group_decorator.py took 0.103 seconds
[2023-10-11T07:08:06.593+0000] {processor.py:157} INFO - Started process (PID=3311) to work on /home/airflow/.local/lib/python3.8/site-packages/airflow/example_dags/example_task_group_decorator.py
[2023-10-11T07:08:06.594+0000] {processor.py:829} INFO - Processing file /home/airflow/.local/lib/python3.8/site-packages/airflow/example_dags/example_task_group_decorator.py for tasks to queue
[2023-10-11T07:08:06.595+0000] {logging_mixin.py:151} INFO - [2023-10-11T07:08:06.595+0000] {dagbag.py:539} INFO - Filling up the DagBag from /home/airflow/.local/lib/python3.8/site-packages/airflow/example_dags/example_task_group_decorator.py
[2023-10-11T07:08:06.608+0000] {processor.py:839} INFO - DAG(s) dict_keys(['example_task_group_decorator']) retrieved from /home/airflow/.local/lib/python3.8/site-packages/airflow/example_dags/example_task_group_decorator.py
[2023-10-11T07:08:06.652+0000] {logging_mixin.py:151} INFO - [2023-10-11T07:08:06.652+0000] {dag.py:2915} INFO - Sync 1 DAGs
[2023-10-11T07:08:06.700+0000] {logging_mixin.py:151} INFO - [2023-10-11T07:08:06.700+0000] {dag.py:3696} INFO - Setting next_dagrun for example_task_group_decorator to 2023-10-10T07:08:06.700414+00:00, run_after=2023-10-11T07:08:06.700414+00:00
[2023-10-11T07:08:06.714+0000] {processor.py:179} INFO - Processing /home/airflow/.local/lib/python3.8/site-packages/airflow/example_dags/example_task_group_decorator.py took 0.125 seconds
[2023-10-11T07:08:36.747+0000] {processor.py:157} INFO - Started process (PID=3554) to work on /home/airflow/.local/lib/python3.8/site-packages/airflow/example_dags/example_task_group_decorator.py
[2023-10-11T07:08:36.748+0000] {processor.py:829} INFO - Processing file /home/airflow/.local/lib/python3.8/site-packages/airflow/example_dags/example_task_group_decorator.py for tasks to queue
[2023-10-11T07:08:36.749+0000] {logging_mixin.py:151} INFO - [2023-10-11T07:08:36.749+0000] {dagbag.py:539} INFO - Filling up the DagBag from /home/airflow/.local/lib/python3.8/site-packages/airflow/example_dags/example_task_group_decorator.py
[2023-10-11T07:08:36.788+0000] {processor.py:839} INFO - DAG(s) dict_keys(['example_task_group_decorator']) retrieved from /home/airflow/.local/lib/python3.8/site-packages/airflow/example_dags/example_task_group_decorator.py
[2023-10-11T07:08:36.823+0000] {logging_mixin.py:151} INFO - [2023-10-11T07:08:36.823+0000] {dag.py:2915} INFO - Sync 1 DAGs
[2023-10-11T07:08:36.845+0000] {logging_mixin.py:151} INFO - [2023-10-11T07:08:36.844+0000] {dag.py:3696} INFO - Setting next_dagrun for example_task_group_decorator to 2023-10-10T07:08:36.844439+00:00, run_after=2023-10-11T07:08:36.844439+00:00
[2023-10-11T07:08:36.887+0000] {processor.py:179} INFO - Processing /home/airflow/.local/lib/python3.8/site-packages/airflow/example_dags/example_task_group_decorator.py took 0.143 seconds
[2023-10-11T07:09:07.645+0000] {processor.py:157} INFO - Started process (PID=3797) to work on /home/airflow/.local/lib/python3.8/site-packages/airflow/example_dags/example_task_group_decorator.py
[2023-10-11T07:09:07.651+0000] {processor.py:829} INFO - Processing file /home/airflow/.local/lib/python3.8/site-packages/airflow/example_dags/example_task_group_decorator.py for tasks to queue
[2023-10-11T07:09:07.665+0000] {logging_mixin.py:151} INFO - [2023-10-11T07:09:07.664+0000] {dagbag.py:539} INFO - Filling up the DagBag from /home/airflow/.local/lib/python3.8/site-packages/airflow/example_dags/example_task_group_decorator.py
[2023-10-11T07:09:07.715+0000] {processor.py:839} INFO - DAG(s) dict_keys(['example_task_group_decorator']) retrieved from /home/airflow/.local/lib/python3.8/site-packages/airflow/example_dags/example_task_group_decorator.py
[2023-10-11T07:09:07.750+0000] {logging_mixin.py:151} INFO - [2023-10-11T07:09:07.750+0000] {dag.py:2915} INFO - Sync 1 DAGs
[2023-10-11T07:09:07.802+0000] {logging_mixin.py:151} INFO - [2023-10-11T07:09:07.802+0000] {dag.py:3696} INFO - Setting next_dagrun for example_task_group_decorator to 2023-10-10T07:09:07.802089+00:00, run_after=2023-10-11T07:09:07.802089+00:00
[2023-10-11T07:09:07.819+0000] {processor.py:179} INFO - Processing /home/airflow/.local/lib/python3.8/site-packages/airflow/example_dags/example_task_group_decorator.py took 0.190 seconds
[2023-10-11T07:09:38.200+0000] {processor.py:157} INFO - Started process (PID=4040) to work on /home/airflow/.local/lib/python3.8/site-packages/airflow/example_dags/example_task_group_decorator.py
[2023-10-11T07:09:38.202+0000] {processor.py:829} INFO - Processing file /home/airflow/.local/lib/python3.8/site-packages/airflow/example_dags/example_task_group_decorator.py for tasks to queue
[2023-10-11T07:09:38.203+0000] {logging_mixin.py:151} INFO - [2023-10-11T07:09:38.202+0000] {dagbag.py:539} INFO - Filling up the DagBag from /home/airflow/.local/lib/python3.8/site-packages/airflow/example_dags/example_task_group_decorator.py
[2023-10-11T07:09:38.218+0000] {processor.py:839} INFO - DAG(s) dict_keys(['example_task_group_decorator']) retrieved from /home/airflow/.local/lib/python3.8/site-packages/airflow/example_dags/example_task_group_decorator.py
[2023-10-11T07:09:38.252+0000] {logging_mixin.py:151} INFO - [2023-10-11T07:09:38.252+0000] {dag.py:2915} INFO - Sync 1 DAGs
[2023-10-11T07:09:38.294+0000] {logging_mixin.py:151} INFO - [2023-10-11T07:09:38.294+0000] {dag.py:3696} INFO - Setting next_dagrun for example_task_group_decorator to 2023-10-10T07:09:38.294034+00:00, run_after=2023-10-11T07:09:38.294034+00:00
[2023-10-11T07:09:38.307+0000] {processor.py:179} INFO - Processing /home/airflow/.local/lib/python3.8/site-packages/airflow/example_dags/example_task_group_decorator.py took 0.112 seconds
[2023-10-11T07:10:08.995+0000] {processor.py:157} INFO - Started process (PID=4283) to work on /home/airflow/.local/lib/python3.8/site-packages/airflow/example_dags/example_task_group_decorator.py
[2023-10-11T07:10:08.996+0000] {processor.py:829} INFO - Processing file /home/airflow/.local/lib/python3.8/site-packages/airflow/example_dags/example_task_group_decorator.py for tasks to queue
[2023-10-11T07:10:08.998+0000] {logging_mixin.py:151} INFO - [2023-10-11T07:10:08.997+0000] {dagbag.py:539} INFO - Filling up the DagBag from /home/airflow/.local/lib/python3.8/site-packages/airflow/example_dags/example_task_group_decorator.py
[2023-10-11T07:10:09.016+0000] {processor.py:839} INFO - DAG(s) dict_keys(['example_task_group_decorator']) retrieved from /home/airflow/.local/lib/python3.8/site-packages/airflow/example_dags/example_task_group_decorator.py
[2023-10-11T07:10:09.039+0000] {logging_mixin.py:151} INFO - [2023-10-11T07:10:09.039+0000] {dag.py:2915} INFO - Sync 1 DAGs
[2023-10-11T07:10:09.098+0000] {logging_mixin.py:151} INFO - [2023-10-11T07:10:09.097+0000] {dag.py:3696} INFO - Setting next_dagrun for example_task_group_decorator to 2023-10-10T07:10:09.097690+00:00, run_after=2023-10-11T07:10:09.097690+00:00
[2023-10-11T07:10:09.110+0000] {processor.py:179} INFO - Processing /home/airflow/.local/lib/python3.8/site-packages/airflow/example_dags/example_task_group_decorator.py took 0.122 seconds
[2023-10-11T07:10:39.326+0000] {processor.py:157} INFO - Started process (PID=4526) to work on /home/airflow/.local/lib/python3.8/site-packages/airflow/example_dags/example_task_group_decorator.py
[2023-10-11T07:10:39.328+0000] {processor.py:829} INFO - Processing file /home/airflow/.local/lib/python3.8/site-packages/airflow/example_dags/example_task_group_decorator.py for tasks to queue
[2023-10-11T07:10:39.329+0000] {logging_mixin.py:151} INFO - [2023-10-11T07:10:39.329+0000] {dagbag.py:539} INFO - Filling up the DagBag from /home/airflow/.local/lib/python3.8/site-packages/airflow/example_dags/example_task_group_decorator.py
[2023-10-11T07:10:39.348+0000] {processor.py:839} INFO - DAG(s) dict_keys(['example_task_group_decorator']) retrieved from /home/airflow/.local/lib/python3.8/site-packages/airflow/example_dags/example_task_group_decorator.py
[2023-10-11T07:10:39.413+0000] {logging_mixin.py:151} INFO - [2023-10-11T07:10:39.413+0000] {dag.py:2915} INFO - Sync 1 DAGs
[2023-10-11T07:10:39.432+0000] {logging_mixin.py:151} INFO - [2023-10-11T07:10:39.431+0000] {dag.py:3696} INFO - Setting next_dagrun for example_task_group_decorator to 2023-10-10T07:10:39.431668+00:00, run_after=2023-10-11T07:10:39.431668+00:00
[2023-10-11T07:10:39.445+0000] {processor.py:179} INFO - Processing /home/airflow/.local/lib/python3.8/site-packages/airflow/example_dags/example_task_group_decorator.py took 0.125 seconds
[2023-10-11T07:11:09.911+0000] {processor.py:157} INFO - Started process (PID=4769) to work on /home/airflow/.local/lib/python3.8/site-packages/airflow/example_dags/example_task_group_decorator.py
[2023-10-11T07:11:09.913+0000] {processor.py:829} INFO - Processing file /home/airflow/.local/lib/python3.8/site-packages/airflow/example_dags/example_task_group_decorator.py for tasks to queue
[2023-10-11T07:11:09.914+0000] {logging_mixin.py:151} INFO - [2023-10-11T07:11:09.913+0000] {dagbag.py:539} INFO - Filling up the DagBag from /home/airflow/.local/lib/python3.8/site-packages/airflow/example_dags/example_task_group_decorator.py
[2023-10-11T07:11:09.934+0000] {processor.py:839} INFO - DAG(s) dict_keys(['example_task_group_decorator']) retrieved from /home/airflow/.local/lib/python3.8/site-packages/airflow/example_dags/example_task_group_decorator.py
[2023-10-11T07:11:09.999+0000] {logging_mixin.py:151} INFO - [2023-10-11T07:11:09.999+0000] {dag.py:2915} INFO - Sync 1 DAGs
[2023-10-11T07:11:10.018+0000] {logging_mixin.py:151} INFO - [2023-10-11T07:11:10.018+0000] {dag.py:3696} INFO - Setting next_dagrun for example_task_group_decorator to 2023-10-10T07:11:10.018367+00:00, run_after=2023-10-11T07:11:10.018367+00:00
[2023-10-11T07:11:10.032+0000] {processor.py:179} INFO - Processing /home/airflow/.local/lib/python3.8/site-packages/airflow/example_dags/example_task_group_decorator.py took 0.126 seconds
[2023-10-11T07:11:40.243+0000] {processor.py:157} INFO - Started process (PID=5012) to work on /home/airflow/.local/lib/python3.8/site-packages/airflow/example_dags/example_task_group_decorator.py
[2023-10-11T07:11:40.244+0000] {processor.py:829} INFO - Processing file /home/airflow/.local/lib/python3.8/site-packages/airflow/example_dags/example_task_group_decorator.py for tasks to queue
[2023-10-11T07:11:40.245+0000] {logging_mixin.py:151} INFO - [2023-10-11T07:11:40.245+0000] {dagbag.py:539} INFO - Filling up the DagBag from /home/airflow/.local/lib/python3.8/site-packages/airflow/example_dags/example_task_group_decorator.py
[2023-10-11T07:11:40.261+0000] {processor.py:839} INFO - DAG(s) dict_keys(['example_task_group_decorator']) retrieved from /home/airflow/.local/lib/python3.8/site-packages/airflow/example_dags/example_task_group_decorator.py
[2023-10-11T07:11:40.294+0000] {logging_mixin.py:151} INFO - [2023-10-11T07:11:40.294+0000] {dag.py:2915} INFO - Sync 1 DAGs
[2023-10-11T07:11:40.308+0000] {logging_mixin.py:151} INFO - [2023-10-11T07:11:40.307+0000] {dag.py:3696} INFO - Setting next_dagrun for example_task_group_decorator to 2023-10-10T07:11:40.307637+00:00, run_after=2023-10-11T07:11:40.307637+00:00
[2023-10-11T07:11:40.318+0000] {processor.py:179} INFO - Processing /home/airflow/.local/lib/python3.8/site-packages/airflow/example_dags/example_task_group_decorator.py took 0.077 seconds
[2023-10-11T07:12:10.992+0000] {processor.py:157} INFO - Started process (PID=5255) to work on /home/airflow/.local/lib/python3.8/site-packages/airflow/example_dags/example_task_group_decorator.py
[2023-10-11T07:12:10.993+0000] {processor.py:829} INFO - Processing file /home/airflow/.local/lib/python3.8/site-packages/airflow/example_dags/example_task_group_decorator.py for tasks to queue
[2023-10-11T07:12:10.994+0000] {logging_mixin.py:151} INFO - [2023-10-11T07:12:10.993+0000] {dagbag.py:539} INFO - Filling up the DagBag from /home/airflow/.local/lib/python3.8/site-packages/airflow/example_dags/example_task_group_decorator.py
[2023-10-11T07:12:11.027+0000] {processor.py:839} INFO - DAG(s) dict_keys(['example_task_group_decorator']) retrieved from /home/airflow/.local/lib/python3.8/site-packages/airflow/example_dags/example_task_group_decorator.py
[2023-10-11T07:12:11.085+0000] {logging_mixin.py:151} INFO - [2023-10-11T07:12:11.085+0000] {dag.py:2915} INFO - Sync 1 DAGs
[2023-10-11T07:12:11.104+0000] {logging_mixin.py:151} INFO - [2023-10-11T07:12:11.104+0000] {dag.py:3696} INFO - Setting next_dagrun for example_task_group_decorator to 2023-10-10T07:12:11.103943+00:00, run_after=2023-10-11T07:12:11.103943+00:00
[2023-10-11T07:12:11.117+0000] {processor.py:179} INFO - Processing /home/airflow/.local/lib/python3.8/site-packages/airflow/example_dags/example_task_group_decorator.py took 0.131 seconds
[2023-10-11T07:12:41.178+0000] {processor.py:157} INFO - Started process (PID=5498) to work on /home/airflow/.local/lib/python3.8/site-packages/airflow/example_dags/example_task_group_decorator.py
[2023-10-11T07:12:41.179+0000] {processor.py:829} INFO - Processing file /home/airflow/.local/lib/python3.8/site-packages/airflow/example_dags/example_task_group_decorator.py for tasks to queue
[2023-10-11T07:12:41.180+0000] {logging_mixin.py:151} INFO - [2023-10-11T07:12:41.180+0000] {dagbag.py:539} INFO - Filling up the DagBag from /home/airflow/.local/lib/python3.8/site-packages/airflow/example_dags/example_task_group_decorator.py
[2023-10-11T07:12:41.191+0000] {processor.py:839} INFO - DAG(s) dict_keys(['example_task_group_decorator']) retrieved from /home/airflow/.local/lib/python3.8/site-packages/airflow/example_dags/example_task_group_decorator.py
[2023-10-11T07:12:41.211+0000] {logging_mixin.py:151} INFO - [2023-10-11T07:12:41.211+0000] {dag.py:2915} INFO - Sync 1 DAGs
[2023-10-11T07:12:41.225+0000] {logging_mixin.py:151} INFO - [2023-10-11T07:12:41.225+0000] {dag.py:3696} INFO - Setting next_dagrun for example_task_group_decorator to 2023-10-10T07:12:41.224411+00:00, run_after=2023-10-11T07:12:41.224411+00:00
[2023-10-11T07:12:41.236+0000] {processor.py:179} INFO - Processing /home/airflow/.local/lib/python3.8/site-packages/airflow/example_dags/example_task_group_decorator.py took 0.060 seconds
[2023-10-11T07:13:11.843+0000] {processor.py:157} INFO - Started process (PID=5741) to work on /home/airflow/.local/lib/python3.8/site-packages/airflow/example_dags/example_task_group_decorator.py
[2023-10-11T07:13:11.844+0000] {processor.py:829} INFO - Processing file /home/airflow/.local/lib/python3.8/site-packages/airflow/example_dags/example_task_group_decorator.py for tasks to queue
[2023-10-11T07:13:11.845+0000] {logging_mixin.py:151} INFO - [2023-10-11T07:13:11.845+0000] {dagbag.py:539} INFO - Filling up the DagBag from /home/airflow/.local/lib/python3.8/site-packages/airflow/example_dags/example_task_group_decorator.py
[2023-10-11T07:13:11.857+0000] {processor.py:839} INFO - DAG(s) dict_keys(['example_task_group_decorator']) retrieved from /home/airflow/.local/lib/python3.8/site-packages/airflow/example_dags/example_task_group_decorator.py
[2023-10-11T07:13:11.891+0000] {logging_mixin.py:151} INFO - [2023-10-11T07:13:11.891+0000] {dag.py:2915} INFO - Sync 1 DAGs
[2023-10-11T07:13:11.906+0000] {logging_mixin.py:151} INFO - [2023-10-11T07:13:11.906+0000] {dag.py:3696} INFO - Setting next_dagrun for example_task_group_decorator to 2023-10-10T07:13:11.905910+00:00, run_after=2023-10-11T07:13:11.905910+00:00
[2023-10-11T07:13:11.919+0000] {processor.py:179} INFO - Processing /home/airflow/.local/lib/python3.8/site-packages/airflow/example_dags/example_task_group_decorator.py took 0.079 seconds
[2023-10-11T07:13:42.450+0000] {processor.py:157} INFO - Started process (PID=5984) to work on /home/airflow/.local/lib/python3.8/site-packages/airflow/example_dags/example_task_group_decorator.py
[2023-10-11T07:13:42.463+0000] {processor.py:829} INFO - Processing file /home/airflow/.local/lib/python3.8/site-packages/airflow/example_dags/example_task_group_decorator.py for tasks to queue
[2023-10-11T07:13:42.470+0000] {logging_mixin.py:151} INFO - [2023-10-11T07:13:42.469+0000] {dagbag.py:539} INFO - Filling up the DagBag from /home/airflow/.local/lib/python3.8/site-packages/airflow/example_dags/example_task_group_decorator.py
[2023-10-11T07:13:42.487+0000] {processor.py:839} INFO - DAG(s) dict_keys(['example_task_group_decorator']) retrieved from /home/airflow/.local/lib/python3.8/site-packages/airflow/example_dags/example_task_group_decorator.py
[2023-10-11T07:13:42.510+0000] {logging_mixin.py:151} INFO - [2023-10-11T07:13:42.510+0000] {dag.py:2915} INFO - Sync 1 DAGs
[2023-10-11T07:13:42.526+0000] {logging_mixin.py:151} INFO - [2023-10-11T07:13:42.526+0000] {dag.py:3696} INFO - Setting next_dagrun for example_task_group_decorator to 2023-10-10T07:13:42.526260+00:00, run_after=2023-10-11T07:13:42.526260+00:00
[2023-10-11T07:13:42.537+0000] {processor.py:179} INFO - Processing /home/airflow/.local/lib/python3.8/site-packages/airflow/example_dags/example_task_group_decorator.py took 0.092 seconds
[2023-10-11T07:14:12.969+0000] {processor.py:157} INFO - Started process (PID=6227) to work on /home/airflow/.local/lib/python3.8/site-packages/airflow/example_dags/example_task_group_decorator.py
[2023-10-11T07:14:12.971+0000] {processor.py:829} INFO - Processing file /home/airflow/.local/lib/python3.8/site-packages/airflow/example_dags/example_task_group_decorator.py for tasks to queue
[2023-10-11T07:14:12.972+0000] {logging_mixin.py:151} INFO - [2023-10-11T07:14:12.971+0000] {dagbag.py:539} INFO - Filling up the DagBag from /home/airflow/.local/lib/python3.8/site-packages/airflow/example_dags/example_task_group_decorator.py
[2023-10-11T07:14:12.985+0000] {processor.py:839} INFO - DAG(s) dict_keys(['example_task_group_decorator']) retrieved from /home/airflow/.local/lib/python3.8/site-packages/airflow/example_dags/example_task_group_decorator.py
[2023-10-11T07:14:13.012+0000] {logging_mixin.py:151} INFO - [2023-10-11T07:14:13.012+0000] {dag.py:2915} INFO - Sync 1 DAGs
[2023-10-11T07:14:13.043+0000] {logging_mixin.py:151} INFO - [2023-10-11T07:14:13.043+0000] {dag.py:3696} INFO - Setting next_dagrun for example_task_group_decorator to 2023-10-10T07:14:13.042873+00:00, run_after=2023-10-11T07:14:13.042873+00:00
[2023-10-11T07:14:13.079+0000] {processor.py:179} INFO - Processing /home/airflow/.local/lib/python3.8/site-packages/airflow/example_dags/example_task_group_decorator.py took 0.119 seconds
[2023-10-11T07:14:43.418+0000] {processor.py:157} INFO - Started process (PID=6470) to work on /home/airflow/.local/lib/python3.8/site-packages/airflow/example_dags/example_task_group_decorator.py
[2023-10-11T07:14:43.419+0000] {processor.py:829} INFO - Processing file /home/airflow/.local/lib/python3.8/site-packages/airflow/example_dags/example_task_group_decorator.py for tasks to queue
[2023-10-11T07:14:43.419+0000] {logging_mixin.py:151} INFO - [2023-10-11T07:14:43.419+0000] {dagbag.py:539} INFO - Filling up the DagBag from /home/airflow/.local/lib/python3.8/site-packages/airflow/example_dags/example_task_group_decorator.py
[2023-10-11T07:14:43.429+0000] {processor.py:839} INFO - DAG(s) dict_keys(['example_task_group_decorator']) retrieved from /home/airflow/.local/lib/python3.8/site-packages/airflow/example_dags/example_task_group_decorator.py
[2023-10-11T07:14:43.444+0000] {logging_mixin.py:151} INFO - [2023-10-11T07:14:43.444+0000] {dag.py:2915} INFO - Sync 1 DAGs
[2023-10-11T07:14:43.476+0000] {logging_mixin.py:151} INFO - [2023-10-11T07:14:43.476+0000] {dag.py:3696} INFO - Setting next_dagrun for example_task_group_decorator to 2023-10-10T07:14:43.476378+00:00, run_after=2023-10-11T07:14:43.476378+00:00
[2023-10-11T07:14:43.486+0000] {processor.py:179} INFO - Processing /home/airflow/.local/lib/python3.8/site-packages/airflow/example_dags/example_task_group_decorator.py took 0.071 seconds
[2023-10-11T07:15:13.894+0000] {processor.py:157} INFO - Started process (PID=6713) to work on /home/airflow/.local/lib/python3.8/site-packages/airflow/example_dags/example_task_group_decorator.py
[2023-10-11T07:15:13.895+0000] {processor.py:829} INFO - Processing file /home/airflow/.local/lib/python3.8/site-packages/airflow/example_dags/example_task_group_decorator.py for tasks to queue
[2023-10-11T07:15:13.895+0000] {logging_mixin.py:151} INFO - [2023-10-11T07:15:13.895+0000] {dagbag.py:539} INFO - Filling up the DagBag from /home/airflow/.local/lib/python3.8/site-packages/airflow/example_dags/example_task_group_decorator.py
[2023-10-11T07:15:13.906+0000] {processor.py:839} INFO - DAG(s) dict_keys(['example_task_group_decorator']) retrieved from /home/airflow/.local/lib/python3.8/site-packages/airflow/example_dags/example_task_group_decorator.py
[2023-10-11T07:15:13.923+0000] {logging_mixin.py:151} INFO - [2023-10-11T07:15:13.923+0000] {dag.py:2915} INFO - Sync 1 DAGs
[2023-10-11T07:15:13.937+0000] {logging_mixin.py:151} INFO - [2023-10-11T07:15:13.936+0000] {dag.py:3696} INFO - Setting next_dagrun for example_task_group_decorator to 2023-10-10T07:15:13.936662+00:00, run_after=2023-10-11T07:15:13.936662+00:00
[2023-10-11T07:15:13.966+0000] {processor.py:179} INFO - Processing /home/airflow/.local/lib/python3.8/site-packages/airflow/example_dags/example_task_group_decorator.py took 0.076 seconds
[2023-10-11T07:15:44.579+0000] {processor.py:157} INFO - Started process (PID=6956) to work on /home/airflow/.local/lib/python3.8/site-packages/airflow/example_dags/example_task_group_decorator.py
[2023-10-11T07:15:44.580+0000] {processor.py:829} INFO - Processing file /home/airflow/.local/lib/python3.8/site-packages/airflow/example_dags/example_task_group_decorator.py for tasks to queue
[2023-10-11T07:15:44.581+0000] {logging_mixin.py:151} INFO - [2023-10-11T07:15:44.581+0000] {dagbag.py:539} INFO - Filling up the DagBag from /home/airflow/.local/lib/python3.8/site-packages/airflow/example_dags/example_task_group_decorator.py
[2023-10-11T07:15:44.590+0000] {processor.py:839} INFO - DAG(s) dict_keys(['example_task_group_decorator']) retrieved from /home/airflow/.local/lib/python3.8/site-packages/airflow/example_dags/example_task_group_decorator.py
[2023-10-11T07:15:44.606+0000] {logging_mixin.py:151} INFO - [2023-10-11T07:15:44.606+0000] {dag.py:2915} INFO - Sync 1 DAGs
[2023-10-11T07:15:44.619+0000] {logging_mixin.py:151} INFO - [2023-10-11T07:15:44.619+0000] {dag.py:3696} INFO - Setting next_dagrun for example_task_group_decorator to 2023-10-10T07:15:44.618862+00:00, run_after=2023-10-11T07:15:44.618862+00:00
[2023-10-11T07:15:44.629+0000] {processor.py:179} INFO - Processing /home/airflow/.local/lib/python3.8/site-packages/airflow/example_dags/example_task_group_decorator.py took 0.052 seconds
[2023-10-11T07:16:15.032+0000] {processor.py:157} INFO - Started process (PID=7199) to work on /home/airflow/.local/lib/python3.8/site-packages/airflow/example_dags/example_task_group_decorator.py
[2023-10-11T07:16:15.033+0000] {processor.py:829} INFO - Processing file /home/airflow/.local/lib/python3.8/site-packages/airflow/example_dags/example_task_group_decorator.py for tasks to queue
[2023-10-11T07:16:15.034+0000] {logging_mixin.py:151} INFO - [2023-10-11T07:16:15.034+0000] {dagbag.py:539} INFO - Filling up the DagBag from /home/airflow/.local/lib/python3.8/site-packages/airflow/example_dags/example_task_group_decorator.py
[2023-10-11T07:16:15.047+0000] {processor.py:839} INFO - DAG(s) dict_keys(['example_task_group_decorator']) retrieved from /home/airflow/.local/lib/python3.8/site-packages/airflow/example_dags/example_task_group_decorator.py
[2023-10-11T07:16:15.105+0000] {logging_mixin.py:151} INFO - [2023-10-11T07:16:15.105+0000] {dag.py:2915} INFO - Sync 1 DAGs
[2023-10-11T07:16:15.121+0000] {logging_mixin.py:151} INFO - [2023-10-11T07:16:15.121+0000] {dag.py:3696} INFO - Setting next_dagrun for example_task_group_decorator to 2023-10-10T07:16:15.121057+00:00, run_after=2023-10-11T07:16:15.121057+00:00
[2023-10-11T07:16:15.133+0000] {processor.py:179} INFO - Processing /home/airflow/.local/lib/python3.8/site-packages/airflow/example_dags/example_task_group_decorator.py took 0.105 seconds
[2023-10-11T07:16:45.482+0000] {processor.py:157} INFO - Started process (PID=7442) to work on /home/airflow/.local/lib/python3.8/site-packages/airflow/example_dags/example_task_group_decorator.py
[2023-10-11T07:16:45.484+0000] {processor.py:829} INFO - Processing file /home/airflow/.local/lib/python3.8/site-packages/airflow/example_dags/example_task_group_decorator.py for tasks to queue
[2023-10-11T07:16:45.486+0000] {logging_mixin.py:151} INFO - [2023-10-11T07:16:45.485+0000] {dagbag.py:539} INFO - Filling up the DagBag from /home/airflow/.local/lib/python3.8/site-packages/airflow/example_dags/example_task_group_decorator.py
[2023-10-11T07:16:45.503+0000] {processor.py:839} INFO - DAG(s) dict_keys(['example_task_group_decorator']) retrieved from /home/airflow/.local/lib/python3.8/site-packages/airflow/example_dags/example_task_group_decorator.py
[2023-10-11T07:16:45.575+0000] {logging_mixin.py:151} INFO - [2023-10-11T07:16:45.574+0000] {dag.py:2915} INFO - Sync 1 DAGs
[2023-10-11T07:16:45.600+0000] {logging_mixin.py:151} INFO - [2023-10-11T07:16:45.599+0000] {dag.py:3696} INFO - Setting next_dagrun for example_task_group_decorator to 2023-10-10T07:16:45.599568+00:00, run_after=2023-10-11T07:16:45.599568+00:00
[2023-10-11T07:16:45.631+0000] {processor.py:179} INFO - Processing /home/airflow/.local/lib/python3.8/site-packages/airflow/example_dags/example_task_group_decorator.py took 0.154 seconds
[2023-10-11T07:17:16.097+0000] {processor.py:157} INFO - Started process (PID=7685) to work on /home/airflow/.local/lib/python3.8/site-packages/airflow/example_dags/example_task_group_decorator.py
[2023-10-11T07:17:16.110+0000] {processor.py:829} INFO - Processing file /home/airflow/.local/lib/python3.8/site-packages/airflow/example_dags/example_task_group_decorator.py for tasks to queue
[2023-10-11T07:17:16.114+0000] {logging_mixin.py:151} INFO - [2023-10-11T07:17:16.113+0000] {dagbag.py:539} INFO - Filling up the DagBag from /home/airflow/.local/lib/python3.8/site-packages/airflow/example_dags/example_task_group_decorator.py
[2023-10-11T07:17:16.189+0000] {processor.py:839} INFO - DAG(s) dict_keys(['example_task_group_decorator']) retrieved from /home/airflow/.local/lib/python3.8/site-packages/airflow/example_dags/example_task_group_decorator.py
[2023-10-11T07:17:16.237+0000] {logging_mixin.py:151} INFO - [2023-10-11T07:17:16.237+0000] {dag.py:2915} INFO - Sync 1 DAGs
[2023-10-11T07:17:16.309+0000] {logging_mixin.py:151} INFO - [2023-10-11T07:17:16.309+0000] {dag.py:3696} INFO - Setting next_dagrun for example_task_group_decorator to 2023-10-10T07:17:16.308754+00:00, run_after=2023-10-11T07:17:16.308754+00:00
[2023-10-11T07:17:16.329+0000] {processor.py:179} INFO - Processing /home/airflow/.local/lib/python3.8/site-packages/airflow/example_dags/example_task_group_decorator.py took 0.280 seconds
[2023-10-11T07:17:46.727+0000] {processor.py:157} INFO - Started process (PID=7928) to work on /home/airflow/.local/lib/python3.8/site-packages/airflow/example_dags/example_task_group_decorator.py
[2023-10-11T07:17:46.730+0000] {processor.py:829} INFO - Processing file /home/airflow/.local/lib/python3.8/site-packages/airflow/example_dags/example_task_group_decorator.py for tasks to queue
[2023-10-11T07:17:46.732+0000] {logging_mixin.py:151} INFO - [2023-10-11T07:17:46.731+0000] {dagbag.py:539} INFO - Filling up the DagBag from /home/airflow/.local/lib/python3.8/site-packages/airflow/example_dags/example_task_group_decorator.py
[2023-10-11T07:17:46.782+0000] {processor.py:839} INFO - DAG(s) dict_keys(['example_task_group_decorator']) retrieved from /home/airflow/.local/lib/python3.8/site-packages/airflow/example_dags/example_task_group_decorator.py
[2023-10-11T07:17:46.832+0000] {logging_mixin.py:151} INFO - [2023-10-11T07:17:46.832+0000] {dag.py:2915} INFO - Sync 1 DAGs
[2023-10-11T07:17:46.883+0000] {logging_mixin.py:151} INFO - [2023-10-11T07:17:46.882+0000] {dag.py:3696} INFO - Setting next_dagrun for example_task_group_decorator to 2023-10-10T07:17:46.881810+00:00, run_after=2023-10-11T07:17:46.881810+00:00
[2023-10-11T07:17:46.909+0000] {processor.py:179} INFO - Processing /home/airflow/.local/lib/python3.8/site-packages/airflow/example_dags/example_task_group_decorator.py took 0.188 seconds
[2023-10-11T07:18:17.387+0000] {processor.py:157} INFO - Started process (PID=8171) to work on /home/airflow/.local/lib/python3.8/site-packages/airflow/example_dags/example_task_group_decorator.py
[2023-10-11T07:18:17.389+0000] {processor.py:829} INFO - Processing file /home/airflow/.local/lib/python3.8/site-packages/airflow/example_dags/example_task_group_decorator.py for tasks to queue
[2023-10-11T07:18:17.391+0000] {logging_mixin.py:151} INFO - [2023-10-11T07:18:17.390+0000] {dagbag.py:539} INFO - Filling up the DagBag from /home/airflow/.local/lib/python3.8/site-packages/airflow/example_dags/example_task_group_decorator.py
[2023-10-11T07:18:17.433+0000] {processor.py:839} INFO - DAG(s) dict_keys(['example_task_group_decorator']) retrieved from /home/airflow/.local/lib/python3.8/site-packages/airflow/example_dags/example_task_group_decorator.py
[2023-10-11T07:18:17.501+0000] {logging_mixin.py:151} INFO - [2023-10-11T07:18:17.500+0000] {dag.py:2915} INFO - Sync 1 DAGs
[2023-10-11T07:18:17.540+0000] {logging_mixin.py:151} INFO - [2023-10-11T07:18:17.540+0000] {dag.py:3696} INFO - Setting next_dagrun for example_task_group_decorator to 2023-10-10T07:18:17.539687+00:00, run_after=2023-10-11T07:18:17.539687+00:00
[2023-10-11T07:18:17.581+0000] {processor.py:179} INFO - Processing /home/airflow/.local/lib/python3.8/site-packages/airflow/example_dags/example_task_group_decorator.py took 0.202 seconds
[2023-10-11T07:18:48.008+0000] {processor.py:157} INFO - Started process (PID=8414) to work on /home/airflow/.local/lib/python3.8/site-packages/airflow/example_dags/example_task_group_decorator.py
[2023-10-11T07:18:48.011+0000] {processor.py:829} INFO - Processing file /home/airflow/.local/lib/python3.8/site-packages/airflow/example_dags/example_task_group_decorator.py for tasks to queue
[2023-10-11T07:18:48.012+0000] {logging_mixin.py:151} INFO - [2023-10-11T07:18:48.012+0000] {dagbag.py:539} INFO - Filling up the DagBag from /home/airflow/.local/lib/python3.8/site-packages/airflow/example_dags/example_task_group_decorator.py
[2023-10-11T07:18:48.035+0000] {processor.py:839} INFO - DAG(s) dict_keys(['example_task_group_decorator']) retrieved from /home/airflow/.local/lib/python3.8/site-packages/airflow/example_dags/example_task_group_decorator.py
[2023-10-11T07:18:48.110+0000] {logging_mixin.py:151} INFO - [2023-10-11T07:18:48.110+0000] {dag.py:2915} INFO - Sync 1 DAGs
[2023-10-11T07:18:48.142+0000] {logging_mixin.py:151} INFO - [2023-10-11T07:18:48.142+0000] {dag.py:3696} INFO - Setting next_dagrun for example_task_group_decorator to 2023-10-10T07:18:48.141464+00:00, run_after=2023-10-11T07:18:48.141464+00:00
[2023-10-11T07:18:48.197+0000] {processor.py:179} INFO - Processing /home/airflow/.local/lib/python3.8/site-packages/airflow/example_dags/example_task_group_decorator.py took 0.206 seconds
[2023-10-11T07:19:18.411+0000] {processor.py:157} INFO - Started process (PID=8657) to work on /home/airflow/.local/lib/python3.8/site-packages/airflow/example_dags/example_task_group_decorator.py
[2023-10-11T07:19:18.413+0000] {processor.py:829} INFO - Processing file /home/airflow/.local/lib/python3.8/site-packages/airflow/example_dags/example_task_group_decorator.py for tasks to queue
[2023-10-11T07:19:18.414+0000] {logging_mixin.py:151} INFO - [2023-10-11T07:19:18.413+0000] {dagbag.py:539} INFO - Filling up the DagBag from /home/airflow/.local/lib/python3.8/site-packages/airflow/example_dags/example_task_group_decorator.py
[2023-10-11T07:19:18.430+0000] {processor.py:839} INFO - DAG(s) dict_keys(['example_task_group_decorator']) retrieved from /home/airflow/.local/lib/python3.8/site-packages/airflow/example_dags/example_task_group_decorator.py
[2023-10-11T07:19:18.500+0000] {logging_mixin.py:151} INFO - [2023-10-11T07:19:18.500+0000] {dag.py:2915} INFO - Sync 1 DAGs
[2023-10-11T07:19:18.520+0000] {logging_mixin.py:151} INFO - [2023-10-11T07:19:18.520+0000] {dag.py:3696} INFO - Setting next_dagrun for example_task_group_decorator to 2023-10-10T07:19:18.519861+00:00, run_after=2023-10-11T07:19:18.519861+00:00
[2023-10-11T07:19:18.533+0000] {processor.py:179} INFO - Processing /home/airflow/.local/lib/python3.8/site-packages/airflow/example_dags/example_task_group_decorator.py took 0.128 seconds
[2023-10-11T07:19:48.831+0000] {processor.py:157} INFO - Started process (PID=8900) to work on /home/airflow/.local/lib/python3.8/site-packages/airflow/example_dags/example_task_group_decorator.py
[2023-10-11T07:19:48.834+0000] {processor.py:829} INFO - Processing file /home/airflow/.local/lib/python3.8/site-packages/airflow/example_dags/example_task_group_decorator.py for tasks to queue
[2023-10-11T07:19:48.835+0000] {logging_mixin.py:151} INFO - [2023-10-11T07:19:48.835+0000] {dagbag.py:539} INFO - Filling up the DagBag from /home/airflow/.local/lib/python3.8/site-packages/airflow/example_dags/example_task_group_decorator.py
[2023-10-11T07:19:48.888+0000] {processor.py:839} INFO - DAG(s) dict_keys(['example_task_group_decorator']) retrieved from /home/airflow/.local/lib/python3.8/site-packages/airflow/example_dags/example_task_group_decorator.py
[2023-10-11T07:19:48.952+0000] {logging_mixin.py:151} INFO - [2023-10-11T07:19:48.950+0000] {dag.py:2915} INFO - Sync 1 DAGs
[2023-10-11T07:19:48.996+0000] {logging_mixin.py:151} INFO - [2023-10-11T07:19:48.996+0000] {dag.py:3696} INFO - Setting next_dagrun for example_task_group_decorator to 2023-10-10T07:19:48.995712+00:00, run_after=2023-10-11T07:19:48.995712+00:00
[2023-10-11T07:19:49.018+0000] {processor.py:179} INFO - Processing /home/airflow/.local/lib/python3.8/site-packages/airflow/example_dags/example_task_group_decorator.py took 0.195 seconds
[2023-10-11T07:20:19.208+0000] {processor.py:157} INFO - Started process (PID=9143) to work on /home/airflow/.local/lib/python3.8/site-packages/airflow/example_dags/example_task_group_decorator.py
[2023-10-11T07:20:19.211+0000] {processor.py:829} INFO - Processing file /home/airflow/.local/lib/python3.8/site-packages/airflow/example_dags/example_task_group_decorator.py for tasks to queue
[2023-10-11T07:20:19.213+0000] {logging_mixin.py:151} INFO - [2023-10-11T07:20:19.213+0000] {dagbag.py:539} INFO - Filling up the DagBag from /home/airflow/.local/lib/python3.8/site-packages/airflow/example_dags/example_task_group_decorator.py
[2023-10-11T07:20:19.283+0000] {processor.py:839} INFO - DAG(s) dict_keys(['example_task_group_decorator']) retrieved from /home/airflow/.local/lib/python3.8/site-packages/airflow/example_dags/example_task_group_decorator.py
[2023-10-11T07:20:19.370+0000] {logging_mixin.py:151} INFO - [2023-10-11T07:20:19.369+0000] {dag.py:2915} INFO - Sync 1 DAGs
[2023-10-11T07:20:19.412+0000] {logging_mixin.py:151} INFO - [2023-10-11T07:20:19.412+0000] {dag.py:3696} INFO - Setting next_dagrun for example_task_group_decorator to 2023-10-10T07:20:19.411626+00:00, run_after=2023-10-11T07:20:19.411626+00:00
[2023-10-11T07:20:19.437+0000] {processor.py:179} INFO - Processing /home/airflow/.local/lib/python3.8/site-packages/airflow/example_dags/example_task_group_decorator.py took 0.247 seconds
[2023-10-11T07:20:49.985+0000] {processor.py:157} INFO - Started process (PID=9386) to work on /home/airflow/.local/lib/python3.8/site-packages/airflow/example_dags/example_task_group_decorator.py
[2023-10-11T07:20:49.987+0000] {processor.py:829} INFO - Processing file /home/airflow/.local/lib/python3.8/site-packages/airflow/example_dags/example_task_group_decorator.py for tasks to queue
[2023-10-11T07:20:49.989+0000] {logging_mixin.py:151} INFO - [2023-10-11T07:20:49.988+0000] {dagbag.py:539} INFO - Filling up the DagBag from /home/airflow/.local/lib/python3.8/site-packages/airflow/example_dags/example_task_group_decorator.py
[2023-10-11T07:20:50.010+0000] {processor.py:839} INFO - DAG(s) dict_keys(['example_task_group_decorator']) retrieved from /home/airflow/.local/lib/python3.8/site-packages/airflow/example_dags/example_task_group_decorator.py
[2023-10-11T07:20:50.042+0000] {logging_mixin.py:151} INFO - [2023-10-11T07:20:50.042+0000] {dag.py:2915} INFO - Sync 1 DAGs
[2023-10-11T07:20:50.086+0000] {logging_mixin.py:151} INFO - [2023-10-11T07:20:50.085+0000] {dag.py:3696} INFO - Setting next_dagrun for example_task_group_decorator to 2023-10-10T07:20:50.084136+00:00, run_after=2023-10-11T07:20:50.084136+00:00
[2023-10-11T07:20:50.118+0000] {processor.py:179} INFO - Processing /home/airflow/.local/lib/python3.8/site-packages/airflow/example_dags/example_task_group_decorator.py took 0.142 seconds
[2023-10-11T07:21:20.400+0000] {processor.py:157} INFO - Started process (PID=9629) to work on /home/airflow/.local/lib/python3.8/site-packages/airflow/example_dags/example_task_group_decorator.py
[2023-10-11T07:21:20.403+0000] {processor.py:829} INFO - Processing file /home/airflow/.local/lib/python3.8/site-packages/airflow/example_dags/example_task_group_decorator.py for tasks to queue
[2023-10-11T07:21:20.405+0000] {logging_mixin.py:151} INFO - [2023-10-11T07:21:20.404+0000] {dagbag.py:539} INFO - Filling up the DagBag from /home/airflow/.local/lib/python3.8/site-packages/airflow/example_dags/example_task_group_decorator.py
[2023-10-11T07:21:20.449+0000] {processor.py:839} INFO - DAG(s) dict_keys(['example_task_group_decorator']) retrieved from /home/airflow/.local/lib/python3.8/site-packages/airflow/example_dags/example_task_group_decorator.py
[2023-10-11T07:21:20.485+0000] {logging_mixin.py:151} INFO - [2023-10-11T07:21:20.485+0000] {dag.py:2915} INFO - Sync 1 DAGs
[2023-10-11T07:21:20.502+0000] {logging_mixin.py:151} INFO - [2023-10-11T07:21:20.502+0000] {dag.py:3696} INFO - Setting next_dagrun for example_task_group_decorator to 2023-10-10T07:21:20.502266+00:00, run_after=2023-10-11T07:21:20.502266+00:00
[2023-10-11T07:21:20.516+0000] {processor.py:179} INFO - Processing /home/airflow/.local/lib/python3.8/site-packages/airflow/example_dags/example_task_group_decorator.py took 0.123 seconds
[2023-10-11T07:21:50.711+0000] {processor.py:157} INFO - Started process (PID=9872) to work on /home/airflow/.local/lib/python3.8/site-packages/airflow/example_dags/example_task_group_decorator.py
[2023-10-11T07:21:50.715+0000] {processor.py:829} INFO - Processing file /home/airflow/.local/lib/python3.8/site-packages/airflow/example_dags/example_task_group_decorator.py for tasks to queue
[2023-10-11T07:21:50.717+0000] {logging_mixin.py:151} INFO - [2023-10-11T07:21:50.716+0000] {dagbag.py:539} INFO - Filling up the DagBag from /home/airflow/.local/lib/python3.8/site-packages/airflow/example_dags/example_task_group_decorator.py
[2023-10-11T07:21:50.767+0000] {processor.py:839} INFO - DAG(s) dict_keys(['example_task_group_decorator']) retrieved from /home/airflow/.local/lib/python3.8/site-packages/airflow/example_dags/example_task_group_decorator.py
[2023-10-11T07:21:50.855+0000] {logging_mixin.py:151} INFO - [2023-10-11T07:21:50.853+0000] {dag.py:2915} INFO - Sync 1 DAGs
[2023-10-11T07:21:50.893+0000] {logging_mixin.py:151} INFO - [2023-10-11T07:21:50.893+0000] {dag.py:3696} INFO - Setting next_dagrun for example_task_group_decorator to 2023-10-10T07:21:50.893493+00:00, run_after=2023-10-11T07:21:50.893493+00:00
[2023-10-11T07:21:50.910+0000] {processor.py:179} INFO - Processing /home/airflow/.local/lib/python3.8/site-packages/airflow/example_dags/example_task_group_decorator.py took 0.217 seconds
[2023-10-11T07:22:21.229+0000] {processor.py:157} INFO - Started process (PID=10115) to work on /home/airflow/.local/lib/python3.8/site-packages/airflow/example_dags/example_task_group_decorator.py
[2023-10-11T07:22:21.231+0000] {processor.py:829} INFO - Processing file /home/airflow/.local/lib/python3.8/site-packages/airflow/example_dags/example_task_group_decorator.py for tasks to queue
[2023-10-11T07:22:21.233+0000] {logging_mixin.py:151} INFO - [2023-10-11T07:22:21.232+0000] {dagbag.py:539} INFO - Filling up the DagBag from /home/airflow/.local/lib/python3.8/site-packages/airflow/example_dags/example_task_group_decorator.py
[2023-10-11T07:22:21.262+0000] {processor.py:839} INFO - DAG(s) dict_keys(['example_task_group_decorator']) retrieved from /home/airflow/.local/lib/python3.8/site-packages/airflow/example_dags/example_task_group_decorator.py
[2023-10-11T07:22:21.292+0000] {logging_mixin.py:151} INFO - [2023-10-11T07:22:21.292+0000] {dag.py:2915} INFO - Sync 1 DAGs
[2023-10-11T07:22:21.309+0000] {logging_mixin.py:151} INFO - [2023-10-11T07:22:21.309+0000] {dag.py:3696} INFO - Setting next_dagrun for example_task_group_decorator to 2023-10-10T07:22:21.309019+00:00, run_after=2023-10-11T07:22:21.309019+00:00
[2023-10-11T07:22:21.322+0000] {processor.py:179} INFO - Processing /home/airflow/.local/lib/python3.8/site-packages/airflow/example_dags/example_task_group_decorator.py took 0.097 seconds
[2023-10-11T07:22:51.480+0000] {processor.py:157} INFO - Started process (PID=10358) to work on /home/airflow/.local/lib/python3.8/site-packages/airflow/example_dags/example_task_group_decorator.py
[2023-10-11T07:22:51.482+0000] {processor.py:829} INFO - Processing file /home/airflow/.local/lib/python3.8/site-packages/airflow/example_dags/example_task_group_decorator.py for tasks to queue
[2023-10-11T07:22:51.483+0000] {logging_mixin.py:151} INFO - [2023-10-11T07:22:51.482+0000] {dagbag.py:539} INFO - Filling up the DagBag from /home/airflow/.local/lib/python3.8/site-packages/airflow/example_dags/example_task_group_decorator.py
[2023-10-11T07:22:51.495+0000] {processor.py:839} INFO - DAG(s) dict_keys(['example_task_group_decorator']) retrieved from /home/airflow/.local/lib/python3.8/site-packages/airflow/example_dags/example_task_group_decorator.py
[2023-10-11T07:22:51.514+0000] {logging_mixin.py:151} INFO - [2023-10-11T07:22:51.514+0000] {dag.py:2915} INFO - Sync 1 DAGs
[2023-10-11T07:22:51.529+0000] {logging_mixin.py:151} INFO - [2023-10-11T07:22:51.529+0000] {dag.py:3696} INFO - Setting next_dagrun for example_task_group_decorator to 2023-10-10T07:22:51.528934+00:00, run_after=2023-10-11T07:22:51.528934+00:00
[2023-10-11T07:22:51.542+0000] {processor.py:179} INFO - Processing /home/airflow/.local/lib/python3.8/site-packages/airflow/example_dags/example_task_group_decorator.py took 0.066 seconds
[2023-10-11T07:23:21.620+0000] {processor.py:157} INFO - Started process (PID=10601) to work on /home/airflow/.local/lib/python3.8/site-packages/airflow/example_dags/example_task_group_decorator.py
[2023-10-11T07:23:21.622+0000] {processor.py:829} INFO - Processing file /home/airflow/.local/lib/python3.8/site-packages/airflow/example_dags/example_task_group_decorator.py for tasks to queue
[2023-10-11T07:23:21.623+0000] {logging_mixin.py:151} INFO - [2023-10-11T07:23:21.622+0000] {dagbag.py:539} INFO - Filling up the DagBag from /home/airflow/.local/lib/python3.8/site-packages/airflow/example_dags/example_task_group_decorator.py
[2023-10-11T07:23:21.638+0000] {processor.py:839} INFO - DAG(s) dict_keys(['example_task_group_decorator']) retrieved from /home/airflow/.local/lib/python3.8/site-packages/airflow/example_dags/example_task_group_decorator.py
[2023-10-11T07:23:21.666+0000] {logging_mixin.py:151} INFO - [2023-10-11T07:23:21.666+0000] {dag.py:2915} INFO - Sync 1 DAGs
[2023-10-11T07:23:21.694+0000] {logging_mixin.py:151} INFO - [2023-10-11T07:23:21.694+0000] {dag.py:3696} INFO - Setting next_dagrun for example_task_group_decorator to 2023-10-10T07:23:21.693715+00:00, run_after=2023-10-11T07:23:21.693715+00:00
[2023-10-11T07:23:21.707+0000] {processor.py:179} INFO - Processing /home/airflow/.local/lib/python3.8/site-packages/airflow/example_dags/example_task_group_decorator.py took 0.090 seconds
[2023-10-11T07:23:51.812+0000] {processor.py:157} INFO - Started process (PID=10844) to work on /home/airflow/.local/lib/python3.8/site-packages/airflow/example_dags/example_task_group_decorator.py
[2023-10-11T07:23:51.815+0000] {processor.py:829} INFO - Processing file /home/airflow/.local/lib/python3.8/site-packages/airflow/example_dags/example_task_group_decorator.py for tasks to queue
[2023-10-11T07:23:51.819+0000] {logging_mixin.py:151} INFO - [2023-10-11T07:23:51.817+0000] {dagbag.py:539} INFO - Filling up the DagBag from /home/airflow/.local/lib/python3.8/site-packages/airflow/example_dags/example_task_group_decorator.py
[2023-10-11T07:23:51.835+0000] {processor.py:839} INFO - DAG(s) dict_keys(['example_task_group_decorator']) retrieved from /home/airflow/.local/lib/python3.8/site-packages/airflow/example_dags/example_task_group_decorator.py
[2023-10-11T07:23:51.879+0000] {logging_mixin.py:151} INFO - [2023-10-11T07:23:51.879+0000] {dag.py:2915} INFO - Sync 1 DAGs
[2023-10-11T07:23:51.897+0000] {logging_mixin.py:151} INFO - [2023-10-11T07:23:51.897+0000] {dag.py:3696} INFO - Setting next_dagrun for example_task_group_decorator to 2023-10-10T07:23:51.897089+00:00, run_after=2023-10-11T07:23:51.897089+00:00
[2023-10-11T07:23:51.909+0000] {processor.py:179} INFO - Processing /home/airflow/.local/lib/python3.8/site-packages/airflow/example_dags/example_task_group_decorator.py took 0.104 seconds
[2023-10-11T07:24:22.306+0000] {processor.py:157} INFO - Started process (PID=11087) to work on /home/airflow/.local/lib/python3.8/site-packages/airflow/example_dags/example_task_group_decorator.py
[2023-10-11T07:24:22.308+0000] {processor.py:829} INFO - Processing file /home/airflow/.local/lib/python3.8/site-packages/airflow/example_dags/example_task_group_decorator.py for tasks to queue
[2023-10-11T07:24:22.309+0000] {logging_mixin.py:151} INFO - [2023-10-11T07:24:22.309+0000] {dagbag.py:539} INFO - Filling up the DagBag from /home/airflow/.local/lib/python3.8/site-packages/airflow/example_dags/example_task_group_decorator.py
[2023-10-11T07:24:22.332+0000] {processor.py:839} INFO - DAG(s) dict_keys(['example_task_group_decorator']) retrieved from /home/airflow/.local/lib/python3.8/site-packages/airflow/example_dags/example_task_group_decorator.py
[2023-10-11T07:24:22.355+0000] {logging_mixin.py:151} INFO - [2023-10-11T07:24:22.355+0000] {dag.py:2915} INFO - Sync 1 DAGs
[2023-10-11T07:24:22.389+0000] {logging_mixin.py:151} INFO - [2023-10-11T07:24:22.389+0000] {dag.py:3696} INFO - Setting next_dagrun for example_task_group_decorator to 2023-10-10T07:24:22.388803+00:00, run_after=2023-10-11T07:24:22.388803+00:00
[2023-10-11T07:24:22.403+0000] {processor.py:179} INFO - Processing /home/airflow/.local/lib/python3.8/site-packages/airflow/example_dags/example_task_group_decorator.py took 0.103 seconds
[2023-10-11T07:24:52.489+0000] {processor.py:157} INFO - Started process (PID=11330) to work on /home/airflow/.local/lib/python3.8/site-packages/airflow/example_dags/example_task_group_decorator.py
[2023-10-11T07:24:52.491+0000] {processor.py:829} INFO - Processing file /home/airflow/.local/lib/python3.8/site-packages/airflow/example_dags/example_task_group_decorator.py for tasks to queue
[2023-10-11T07:24:52.493+0000] {logging_mixin.py:151} INFO - [2023-10-11T07:24:52.492+0000] {dagbag.py:539} INFO - Filling up the DagBag from /home/airflow/.local/lib/python3.8/site-packages/airflow/example_dags/example_task_group_decorator.py
[2023-10-11T07:24:52.513+0000] {processor.py:839} INFO - DAG(s) dict_keys(['example_task_group_decorator']) retrieved from /home/airflow/.local/lib/python3.8/site-packages/airflow/example_dags/example_task_group_decorator.py
[2023-10-11T07:24:52.532+0000] {logging_mixin.py:151} INFO - [2023-10-11T07:24:52.532+0000] {dag.py:2915} INFO - Sync 1 DAGs
[2023-10-11T07:24:52.572+0000] {logging_mixin.py:151} INFO - [2023-10-11T07:24:52.572+0000] {dag.py:3696} INFO - Setting next_dagrun for example_task_group_decorator to 2023-10-10T07:24:52.558256+00:00, run_after=2023-10-11T07:24:52.558256+00:00
[2023-10-11T07:24:52.586+0000] {processor.py:179} INFO - Processing /home/airflow/.local/lib/python3.8/site-packages/airflow/example_dags/example_task_group_decorator.py took 0.104 seconds
[2023-10-11T07:25:23.029+0000] {processor.py:157} INFO - Started process (PID=11573) to work on /home/airflow/.local/lib/python3.8/site-packages/airflow/example_dags/example_task_group_decorator.py
[2023-10-11T07:25:23.032+0000] {processor.py:829} INFO - Processing file /home/airflow/.local/lib/python3.8/site-packages/airflow/example_dags/example_task_group_decorator.py for tasks to queue
[2023-10-11T07:25:23.034+0000] {logging_mixin.py:151} INFO - [2023-10-11T07:25:23.033+0000] {dagbag.py:539} INFO - Filling up the DagBag from /home/airflow/.local/lib/python3.8/site-packages/airflow/example_dags/example_task_group_decorator.py
[2023-10-11T07:25:23.110+0000] {processor.py:839} INFO - DAG(s) dict_keys(['example_task_group_decorator']) retrieved from /home/airflow/.local/lib/python3.8/site-packages/airflow/example_dags/example_task_group_decorator.py
[2023-10-11T07:25:23.165+0000] {logging_mixin.py:151} INFO - [2023-10-11T07:25:23.165+0000] {dag.py:2915} INFO - Sync 1 DAGs
[2023-10-11T07:25:23.242+0000] {logging_mixin.py:151} INFO - [2023-10-11T07:25:23.241+0000] {dag.py:3696} INFO - Setting next_dagrun for example_task_group_decorator to 2023-10-10T07:25:23.241364+00:00, run_after=2023-10-11T07:25:23.241364+00:00
[2023-10-11T07:25:23.309+0000] {processor.py:179} INFO - Processing /home/airflow/.local/lib/python3.8/site-packages/airflow/example_dags/example_task_group_decorator.py took 0.291 seconds
[2023-10-11T07:25:53.586+0000] {processor.py:157} INFO - Started process (PID=11816) to work on /home/airflow/.local/lib/python3.8/site-packages/airflow/example_dags/example_task_group_decorator.py
[2023-10-11T07:25:53.587+0000] {processor.py:829} INFO - Processing file /home/airflow/.local/lib/python3.8/site-packages/airflow/example_dags/example_task_group_decorator.py for tasks to queue
[2023-10-11T07:25:53.588+0000] {logging_mixin.py:151} INFO - [2023-10-11T07:25:53.588+0000] {dagbag.py:539} INFO - Filling up the DagBag from /home/airflow/.local/lib/python3.8/site-packages/airflow/example_dags/example_task_group_decorator.py
[2023-10-11T07:25:53.603+0000] {processor.py:839} INFO - DAG(s) dict_keys(['example_task_group_decorator']) retrieved from /home/airflow/.local/lib/python3.8/site-packages/airflow/example_dags/example_task_group_decorator.py
[2023-10-11T07:25:53.630+0000] {logging_mixin.py:151} INFO - [2023-10-11T07:25:53.630+0000] {dag.py:2915} INFO - Sync 1 DAGs
[2023-10-11T07:25:53.661+0000] {logging_mixin.py:151} INFO - [2023-10-11T07:25:53.660+0000] {dag.py:3696} INFO - Setting next_dagrun for example_task_group_decorator to 2023-10-10T07:25:53.659848+00:00, run_after=2023-10-11T07:25:53.659848+00:00
[2023-10-11T07:25:53.690+0000] {processor.py:179} INFO - Processing /home/airflow/.local/lib/python3.8/site-packages/airflow/example_dags/example_task_group_decorator.py took 0.108 seconds
[2023-10-11T07:26:23.986+0000] {processor.py:157} INFO - Started process (PID=12059) to work on /home/airflow/.local/lib/python3.8/site-packages/airflow/example_dags/example_task_group_decorator.py
[2023-10-11T07:26:23.987+0000] {processor.py:829} INFO - Processing file /home/airflow/.local/lib/python3.8/site-packages/airflow/example_dags/example_task_group_decorator.py for tasks to queue
[2023-10-11T07:26:23.988+0000] {logging_mixin.py:151} INFO - [2023-10-11T07:26:23.988+0000] {dagbag.py:539} INFO - Filling up the DagBag from /home/airflow/.local/lib/python3.8/site-packages/airflow/example_dags/example_task_group_decorator.py
[2023-10-11T07:26:24.003+0000] {processor.py:839} INFO - DAG(s) dict_keys(['example_task_group_decorator']) retrieved from /home/airflow/.local/lib/python3.8/site-packages/airflow/example_dags/example_task_group_decorator.py
[2023-10-11T07:26:24.027+0000] {logging_mixin.py:151} INFO - [2023-10-11T07:26:24.026+0000] {dag.py:2915} INFO - Sync 1 DAGs
[2023-10-11T07:26:24.050+0000] {logging_mixin.py:151} INFO - [2023-10-11T07:26:24.049+0000] {dag.py:3696} INFO - Setting next_dagrun for example_task_group_decorator to 2023-10-10T07:26:24.049720+00:00, run_after=2023-10-11T07:26:24.049720+00:00
[2023-10-11T07:26:24.082+0000] {processor.py:179} INFO - Processing /home/airflow/.local/lib/python3.8/site-packages/airflow/example_dags/example_task_group_decorator.py took 0.100 seconds
[2023-10-11T07:26:54.280+0000] {processor.py:157} INFO - Started process (PID=12302) to work on /home/airflow/.local/lib/python3.8/site-packages/airflow/example_dags/example_task_group_decorator.py
[2023-10-11T07:26:54.282+0000] {processor.py:829} INFO - Processing file /home/airflow/.local/lib/python3.8/site-packages/airflow/example_dags/example_task_group_decorator.py for tasks to queue
[2023-10-11T07:26:54.283+0000] {logging_mixin.py:151} INFO - [2023-10-11T07:26:54.282+0000] {dagbag.py:539} INFO - Filling up the DagBag from /home/airflow/.local/lib/python3.8/site-packages/airflow/example_dags/example_task_group_decorator.py
[2023-10-11T07:26:54.296+0000] {processor.py:839} INFO - DAG(s) dict_keys(['example_task_group_decorator']) retrieved from /home/airflow/.local/lib/python3.8/site-packages/airflow/example_dags/example_task_group_decorator.py
[2023-10-11T07:26:54.322+0000] {logging_mixin.py:151} INFO - [2023-10-11T07:26:54.322+0000] {dag.py:2915} INFO - Sync 1 DAGs
[2023-10-11T07:26:54.342+0000] {logging_mixin.py:151} INFO - [2023-10-11T07:26:54.341+0000] {dag.py:3696} INFO - Setting next_dagrun for example_task_group_decorator to 2023-10-10T07:26:54.341548+00:00, run_after=2023-10-11T07:26:54.341548+00:00
[2023-10-11T07:26:54.379+0000] {processor.py:179} INFO - Processing /home/airflow/.local/lib/python3.8/site-packages/airflow/example_dags/example_task_group_decorator.py took 0.102 seconds
[2023-10-11T07:27:24.513+0000] {processor.py:157} INFO - Started process (PID=12545) to work on /home/airflow/.local/lib/python3.8/site-packages/airflow/example_dags/example_task_group_decorator.py
[2023-10-11T07:27:24.514+0000] {processor.py:829} INFO - Processing file /home/airflow/.local/lib/python3.8/site-packages/airflow/example_dags/example_task_group_decorator.py for tasks to queue
[2023-10-11T07:27:24.515+0000] {logging_mixin.py:151} INFO - [2023-10-11T07:27:24.514+0000] {dagbag.py:539} INFO - Filling up the DagBag from /home/airflow/.local/lib/python3.8/site-packages/airflow/example_dags/example_task_group_decorator.py
[2023-10-11T07:27:24.524+0000] {processor.py:839} INFO - DAG(s) dict_keys(['example_task_group_decorator']) retrieved from /home/airflow/.local/lib/python3.8/site-packages/airflow/example_dags/example_task_group_decorator.py
[2023-10-11T07:27:24.539+0000] {logging_mixin.py:151} INFO - [2023-10-11T07:27:24.539+0000] {dag.py:2915} INFO - Sync 1 DAGs
[2023-10-11T07:27:24.559+0000] {logging_mixin.py:151} INFO - [2023-10-11T07:27:24.558+0000] {dag.py:3696} INFO - Setting next_dagrun for example_task_group_decorator to 2023-10-10T07:27:24.558562+00:00, run_after=2023-10-11T07:27:24.558562+00:00
[2023-10-11T07:27:24.582+0000] {processor.py:179} INFO - Processing /home/airflow/.local/lib/python3.8/site-packages/airflow/example_dags/example_task_group_decorator.py took 0.071 seconds
[2023-10-11T07:27:54.684+0000] {processor.py:157} INFO - Started process (PID=12788) to work on /home/airflow/.local/lib/python3.8/site-packages/airflow/example_dags/example_task_group_decorator.py
[2023-10-11T07:27:54.684+0000] {processor.py:829} INFO - Processing file /home/airflow/.local/lib/python3.8/site-packages/airflow/example_dags/example_task_group_decorator.py for tasks to queue
[2023-10-11T07:27:54.685+0000] {logging_mixin.py:151} INFO - [2023-10-11T07:27:54.685+0000] {dagbag.py:539} INFO - Filling up the DagBag from /home/airflow/.local/lib/python3.8/site-packages/airflow/example_dags/example_task_group_decorator.py
[2023-10-11T07:27:54.695+0000] {processor.py:839} INFO - DAG(s) dict_keys(['example_task_group_decorator']) retrieved from /home/airflow/.local/lib/python3.8/site-packages/airflow/example_dags/example_task_group_decorator.py
[2023-10-11T07:27:54.711+0000] {logging_mixin.py:151} INFO - [2023-10-11T07:27:54.711+0000] {dag.py:2915} INFO - Sync 1 DAGs
[2023-10-11T07:27:54.724+0000] {logging_mixin.py:151} INFO - [2023-10-11T07:27:54.723+0000] {dag.py:3696} INFO - Setting next_dagrun for example_task_group_decorator to 2023-10-10T07:27:54.723680+00:00, run_after=2023-10-11T07:27:54.723680+00:00
[2023-10-11T07:27:54.733+0000] {processor.py:179} INFO - Processing /home/airflow/.local/lib/python3.8/site-packages/airflow/example_dags/example_task_group_decorator.py took 0.052 seconds
[2023-10-11T07:28:24.982+0000] {processor.py:157} INFO - Started process (PID=13031) to work on /home/airflow/.local/lib/python3.8/site-packages/airflow/example_dags/example_task_group_decorator.py
[2023-10-11T07:28:24.983+0000] {processor.py:829} INFO - Processing file /home/airflow/.local/lib/python3.8/site-packages/airflow/example_dags/example_task_group_decorator.py for tasks to queue
[2023-10-11T07:28:24.984+0000] {logging_mixin.py:151} INFO - [2023-10-11T07:28:24.983+0000] {dagbag.py:539} INFO - Filling up the DagBag from /home/airflow/.local/lib/python3.8/site-packages/airflow/example_dags/example_task_group_decorator.py
[2023-10-11T07:28:24.993+0000] {processor.py:839} INFO - DAG(s) dict_keys(['example_task_group_decorator']) retrieved from /home/airflow/.local/lib/python3.8/site-packages/airflow/example_dags/example_task_group_decorator.py
[2023-10-11T07:28:25.009+0000] {logging_mixin.py:151} INFO - [2023-10-11T07:28:25.009+0000] {dag.py:2915} INFO - Sync 1 DAGs
[2023-10-11T07:28:25.024+0000] {logging_mixin.py:151} INFO - [2023-10-11T07:28:25.024+0000] {dag.py:3696} INFO - Setting next_dagrun for example_task_group_decorator to 2023-10-10T07:28:25.023859+00:00, run_after=2023-10-11T07:28:25.023859+00:00
[2023-10-11T07:28:25.037+0000] {processor.py:179} INFO - Processing /home/airflow/.local/lib/python3.8/site-packages/airflow/example_dags/example_task_group_decorator.py took 0.058 seconds
