[2023-10-11T07:01:33.613+0000] {processor.py:157} INFO - Started process (PID=255) to work on /home/airflow/.local/lib/python3.8/site-packages/airflow/example_dags/example_xcom.py
[2023-10-11T07:01:33.614+0000] {processor.py:829} INFO - Processing file /home/airflow/.local/lib/python3.8/site-packages/airflow/example_dags/example_xcom.py for tasks to queue
[2023-10-11T07:01:33.615+0000] {logging_mixin.py:151} INFO - [2023-10-11T07:01:33.615+0000] {dagbag.py:539} INFO - Filling up the DagBag from /home/airflow/.local/lib/python3.8/site-packages/airflow/example_dags/example_xcom.py
[2023-10-11T07:01:33.625+0000] {processor.py:839} INFO - DAG(s) dict_keys(['example_xcom']) retrieved from /home/airflow/.local/lib/python3.8/site-packages/airflow/example_dags/example_xcom.py
[2023-10-11T07:01:33.935+0000] {logging_mixin.py:151} INFO - [2023-10-11T07:01:33.935+0000] {manager.py:499} INFO - Created Permission View: %s
[2023-10-11T07:01:33.941+0000] {logging_mixin.py:151} INFO - [2023-10-11T07:01:33.941+0000] {manager.py:499} INFO - Created Permission View: %s
[2023-10-11T07:01:33.945+0000] {logging_mixin.py:151} INFO - [2023-10-11T07:01:33.945+0000] {manager.py:499} INFO - Created Permission View: %s
[2023-10-11T07:01:33.945+0000] {logging_mixin.py:151} INFO - [2023-10-11T07:01:33.945+0000] {security.py:708} INFO - Not syncing DAG-level permissions for DAG 'DAG:example_xcom' as access control is unset.
[2023-10-11T07:01:33.946+0000] {logging_mixin.py:151} INFO - [2023-10-11T07:01:33.946+0000] {dag.py:2915} INFO - Sync 1 DAGs
[2023-10-11T07:01:33.953+0000] {logging_mixin.py:151} INFO - [2023-10-11T07:01:33.953+0000] {dag.py:2937} INFO - Creating ORM DAG for example_xcom
[2023-10-11T07:01:33.960+0000] {logging_mixin.py:151} INFO - [2023-10-11T07:01:33.960+0000] {dag.py:3696} INFO - Setting next_dagrun for example_xcom to 2021-01-01T00:00:00+00:00, run_after=2021-01-01T00:00:00+00:00
[2023-10-11T07:01:34.000+0000] {processor.py:179} INFO - Processing /home/airflow/.local/lib/python3.8/site-packages/airflow/example_dags/example_xcom.py took 0.391 seconds
[2023-10-11T07:02:04.422+0000] {processor.py:157} INFO - Started process (PID=494) to work on /home/airflow/.local/lib/python3.8/site-packages/airflow/example_dags/example_xcom.py
[2023-10-11T07:02:04.423+0000] {processor.py:829} INFO - Processing file /home/airflow/.local/lib/python3.8/site-packages/airflow/example_dags/example_xcom.py for tasks to queue
[2023-10-11T07:02:04.423+0000] {logging_mixin.py:151} INFO - [2023-10-11T07:02:04.423+0000] {dagbag.py:539} INFO - Filling up the DagBag from /home/airflow/.local/lib/python3.8/site-packages/airflow/example_dags/example_xcom.py
[2023-10-11T07:02:04.429+0000] {processor.py:839} INFO - DAG(s) dict_keys(['example_xcom']) retrieved from /home/airflow/.local/lib/python3.8/site-packages/airflow/example_dags/example_xcom.py
[2023-10-11T07:02:04.450+0000] {logging_mixin.py:151} INFO - [2023-10-11T07:02:04.450+0000] {dag.py:2915} INFO - Sync 1 DAGs
[2023-10-11T07:02:04.489+0000] {logging_mixin.py:151} INFO - [2023-10-11T07:02:04.488+0000] {dag.py:3696} INFO - Setting next_dagrun for example_xcom to 2021-01-01T00:00:00+00:00, run_after=2021-01-01T00:00:00+00:00
[2023-10-11T07:02:04.513+0000] {processor.py:179} INFO - Processing /home/airflow/.local/lib/python3.8/site-packages/airflow/example_dags/example_xcom.py took 0.094 seconds
[2023-10-11T07:02:35.228+0000] {processor.py:157} INFO - Started process (PID=731) to work on /home/airflow/.local/lib/python3.8/site-packages/airflow/example_dags/example_xcom.py
[2023-10-11T07:02:35.229+0000] {processor.py:829} INFO - Processing file /home/airflow/.local/lib/python3.8/site-packages/airflow/example_dags/example_xcom.py for tasks to queue
[2023-10-11T07:02:35.230+0000] {logging_mixin.py:151} INFO - [2023-10-11T07:02:35.230+0000] {dagbag.py:539} INFO - Filling up the DagBag from /home/airflow/.local/lib/python3.8/site-packages/airflow/example_dags/example_xcom.py
[2023-10-11T07:02:35.236+0000] {processor.py:839} INFO - DAG(s) dict_keys(['example_xcom']) retrieved from /home/airflow/.local/lib/python3.8/site-packages/airflow/example_dags/example_xcom.py
[2023-10-11T07:02:35.275+0000] {logging_mixin.py:151} INFO - [2023-10-11T07:02:35.275+0000] {dag.py:2915} INFO - Sync 1 DAGs
[2023-10-11T07:02:35.299+0000] {logging_mixin.py:151} INFO - [2023-10-11T07:02:35.298+0000] {dag.py:3696} INFO - Setting next_dagrun for example_xcom to 2021-01-01T00:00:00+00:00, run_after=2021-01-01T00:00:00+00:00
[2023-10-11T07:02:35.310+0000] {processor.py:179} INFO - Processing /home/airflow/.local/lib/python3.8/site-packages/airflow/example_dags/example_xcom.py took 0.085 seconds
[2023-10-11T07:03:06.232+0000] {processor.py:157} INFO - Started process (PID=969) to work on /home/airflow/.local/lib/python3.8/site-packages/airflow/example_dags/example_xcom.py
[2023-10-11T07:03:06.233+0000] {processor.py:829} INFO - Processing file /home/airflow/.local/lib/python3.8/site-packages/airflow/example_dags/example_xcom.py for tasks to queue
[2023-10-11T07:03:06.234+0000] {logging_mixin.py:151} INFO - [2023-10-11T07:03:06.234+0000] {dagbag.py:539} INFO - Filling up the DagBag from /home/airflow/.local/lib/python3.8/site-packages/airflow/example_dags/example_xcom.py
[2023-10-11T07:03:06.240+0000] {processor.py:839} INFO - DAG(s) dict_keys(['example_xcom']) retrieved from /home/airflow/.local/lib/python3.8/site-packages/airflow/example_dags/example_xcom.py
[2023-10-11T07:03:06.259+0000] {logging_mixin.py:151} INFO - [2023-10-11T07:03:06.259+0000] {dag.py:2915} INFO - Sync 1 DAGs
[2023-10-11T07:03:06.298+0000] {logging_mixin.py:151} INFO - [2023-10-11T07:03:06.298+0000] {dag.py:3696} INFO - Setting next_dagrun for example_xcom to 2021-01-01T00:00:00+00:00, run_after=2021-01-01T00:00:00+00:00
[2023-10-11T07:03:06.328+0000] {processor.py:179} INFO - Processing /home/airflow/.local/lib/python3.8/site-packages/airflow/example_dags/example_xcom.py took 0.099 seconds
[2023-10-11T07:03:37.021+0000] {processor.py:157} INFO - Started process (PID=1207) to work on /home/airflow/.local/lib/python3.8/site-packages/airflow/example_dags/example_xcom.py
[2023-10-11T07:03:37.021+0000] {processor.py:829} INFO - Processing file /home/airflow/.local/lib/python3.8/site-packages/airflow/example_dags/example_xcom.py for tasks to queue
[2023-10-11T07:03:37.022+0000] {logging_mixin.py:151} INFO - [2023-10-11T07:03:37.022+0000] {dagbag.py:539} INFO - Filling up the DagBag from /home/airflow/.local/lib/python3.8/site-packages/airflow/example_dags/example_xcom.py
[2023-10-11T07:03:37.027+0000] {processor.py:839} INFO - DAG(s) dict_keys(['example_xcom']) retrieved from /home/airflow/.local/lib/python3.8/site-packages/airflow/example_dags/example_xcom.py
[2023-10-11T07:03:37.044+0000] {logging_mixin.py:151} INFO - [2023-10-11T07:03:37.044+0000] {dag.py:2915} INFO - Sync 1 DAGs
[2023-10-11T07:03:37.068+0000] {logging_mixin.py:151} INFO - [2023-10-11T07:03:37.068+0000] {dag.py:3696} INFO - Setting next_dagrun for example_xcom to 2021-01-01T00:00:00+00:00, run_after=2021-01-01T00:00:00+00:00
[2023-10-11T07:03:37.097+0000] {processor.py:179} INFO - Processing /home/airflow/.local/lib/python3.8/site-packages/airflow/example_dags/example_xcom.py took 0.079 seconds
[2023-10-11T07:04:07.221+0000] {processor.py:157} INFO - Started process (PID=1440) to work on /home/airflow/.local/lib/python3.8/site-packages/airflow/example_dags/example_xcom.py
[2023-10-11T07:04:07.222+0000] {processor.py:829} INFO - Processing file /home/airflow/.local/lib/python3.8/site-packages/airflow/example_dags/example_xcom.py for tasks to queue
[2023-10-11T07:04:07.222+0000] {logging_mixin.py:151} INFO - [2023-10-11T07:04:07.222+0000] {dagbag.py:539} INFO - Filling up the DagBag from /home/airflow/.local/lib/python3.8/site-packages/airflow/example_dags/example_xcom.py
[2023-10-11T07:04:07.228+0000] {processor.py:839} INFO - DAG(s) dict_keys(['example_xcom']) retrieved from /home/airflow/.local/lib/python3.8/site-packages/airflow/example_dags/example_xcom.py
[2023-10-11T07:04:07.245+0000] {logging_mixin.py:151} INFO - [2023-10-11T07:04:07.245+0000] {dag.py:2915} INFO - Sync 1 DAGs
[2023-10-11T07:04:07.290+0000] {logging_mixin.py:151} INFO - [2023-10-11T07:04:07.289+0000] {dag.py:3696} INFO - Setting next_dagrun for example_xcom to 2021-01-01T00:00:00+00:00, run_after=2021-01-01T00:00:00+00:00
[2023-10-11T07:04:07.306+0000] {processor.py:179} INFO - Processing /home/airflow/.local/lib/python3.8/site-packages/airflow/example_dags/example_xcom.py took 0.088 seconds
[2023-10-11T07:04:38.235+0000] {processor.py:157} INFO - Started process (PID=1683) to work on /home/airflow/.local/lib/python3.8/site-packages/airflow/example_dags/example_xcom.py
[2023-10-11T07:04:38.236+0000] {processor.py:829} INFO - Processing file /home/airflow/.local/lib/python3.8/site-packages/airflow/example_dags/example_xcom.py for tasks to queue
[2023-10-11T07:04:38.236+0000] {logging_mixin.py:151} INFO - [2023-10-11T07:04:38.236+0000] {dagbag.py:539} INFO - Filling up the DagBag from /home/airflow/.local/lib/python3.8/site-packages/airflow/example_dags/example_xcom.py
[2023-10-11T07:04:38.242+0000] {processor.py:839} INFO - DAG(s) dict_keys(['example_xcom']) retrieved from /home/airflow/.local/lib/python3.8/site-packages/airflow/example_dags/example_xcom.py
[2023-10-11T07:04:38.290+0000] {logging_mixin.py:151} INFO - [2023-10-11T07:04:38.290+0000] {dag.py:2915} INFO - Sync 1 DAGs
[2023-10-11T07:04:38.310+0000] {logging_mixin.py:151} INFO - [2023-10-11T07:04:38.310+0000] {dag.py:3696} INFO - Setting next_dagrun for example_xcom to 2021-01-01T00:00:00+00:00, run_after=2021-01-01T00:00:00+00:00
[2023-10-11T07:04:38.374+0000] {processor.py:179} INFO - Processing /home/airflow/.local/lib/python3.8/site-packages/airflow/example_dags/example_xcom.py took 0.142 seconds
[2023-10-11T07:05:08.884+0000] {processor.py:157} INFO - Started process (PID=1921) to work on /home/airflow/.local/lib/python3.8/site-packages/airflow/example_dags/example_xcom.py
[2023-10-11T07:05:08.884+0000] {processor.py:829} INFO - Processing file /home/airflow/.local/lib/python3.8/site-packages/airflow/example_dags/example_xcom.py for tasks to queue
[2023-10-11T07:05:08.885+0000] {logging_mixin.py:151} INFO - [2023-10-11T07:05:08.885+0000] {dagbag.py:539} INFO - Filling up the DagBag from /home/airflow/.local/lib/python3.8/site-packages/airflow/example_dags/example_xcom.py
[2023-10-11T07:05:08.892+0000] {processor.py:839} INFO - DAG(s) dict_keys(['example_xcom']) retrieved from /home/airflow/.local/lib/python3.8/site-packages/airflow/example_dags/example_xcom.py
[2023-10-11T07:05:08.908+0000] {logging_mixin.py:151} INFO - [2023-10-11T07:05:08.908+0000] {dag.py:2915} INFO - Sync 1 DAGs
[2023-10-11T07:05:08.924+0000] {logging_mixin.py:151} INFO - [2023-10-11T07:05:08.923+0000] {dag.py:3696} INFO - Setting next_dagrun for example_xcom to 2021-01-01T00:00:00+00:00, run_after=2021-01-01T00:00:00+00:00
[2023-10-11T07:05:08.936+0000] {processor.py:179} INFO - Processing /home/airflow/.local/lib/python3.8/site-packages/airflow/example_dags/example_xcom.py took 0.056 seconds
[2023-10-11T07:05:39.705+0000] {processor.py:157} INFO - Started process (PID=2159) to work on /home/airflow/.local/lib/python3.8/site-packages/airflow/example_dags/example_xcom.py
[2023-10-11T07:05:39.705+0000] {processor.py:829} INFO - Processing file /home/airflow/.local/lib/python3.8/site-packages/airflow/example_dags/example_xcom.py for tasks to queue
[2023-10-11T07:05:39.706+0000] {logging_mixin.py:151} INFO - [2023-10-11T07:05:39.706+0000] {dagbag.py:539} INFO - Filling up the DagBag from /home/airflow/.local/lib/python3.8/site-packages/airflow/example_dags/example_xcom.py
[2023-10-11T07:05:39.711+0000] {processor.py:839} INFO - DAG(s) dict_keys(['example_xcom']) retrieved from /home/airflow/.local/lib/python3.8/site-packages/airflow/example_dags/example_xcom.py
[2023-10-11T07:05:39.724+0000] {logging_mixin.py:151} INFO - [2023-10-11T07:05:39.724+0000] {dag.py:2915} INFO - Sync 1 DAGs
[2023-10-11T07:05:39.737+0000] {logging_mixin.py:151} INFO - [2023-10-11T07:05:39.737+0000] {dag.py:3696} INFO - Setting next_dagrun for example_xcom to 2021-01-01T00:00:00+00:00, run_after=2021-01-01T00:00:00+00:00
[2023-10-11T07:05:39.747+0000] {processor.py:179} INFO - Processing /home/airflow/.local/lib/python3.8/site-packages/airflow/example_dags/example_xcom.py took 0.045 seconds
[2023-10-11T07:06:10.085+0000] {processor.py:157} INFO - Started process (PID=2397) to work on /home/airflow/.local/lib/python3.8/site-packages/airflow/example_dags/example_xcom.py
[2023-10-11T07:06:10.086+0000] {processor.py:829} INFO - Processing file /home/airflow/.local/lib/python3.8/site-packages/airflow/example_dags/example_xcom.py for tasks to queue
[2023-10-11T07:06:10.086+0000] {logging_mixin.py:151} INFO - [2023-10-11T07:06:10.086+0000] {dagbag.py:539} INFO - Filling up the DagBag from /home/airflow/.local/lib/python3.8/site-packages/airflow/example_dags/example_xcom.py
[2023-10-11T07:06:10.091+0000] {processor.py:839} INFO - DAG(s) dict_keys(['example_xcom']) retrieved from /home/airflow/.local/lib/python3.8/site-packages/airflow/example_dags/example_xcom.py
[2023-10-11T07:06:10.106+0000] {logging_mixin.py:151} INFO - [2023-10-11T07:06:10.106+0000] {dag.py:2915} INFO - Sync 1 DAGs
[2023-10-11T07:06:10.119+0000] {logging_mixin.py:151} INFO - [2023-10-11T07:06:10.119+0000] {dag.py:3696} INFO - Setting next_dagrun for example_xcom to 2021-01-01T00:00:00+00:00, run_after=2021-01-01T00:00:00+00:00
[2023-10-11T07:06:10.130+0000] {processor.py:179} INFO - Processing /home/airflow/.local/lib/python3.8/site-packages/airflow/example_dags/example_xcom.py took 0.048 seconds
[2023-10-11T07:06:40.579+0000] {processor.py:157} INFO - Started process (PID=2642) to work on /home/airflow/.local/lib/python3.8/site-packages/airflow/example_dags/example_xcom.py
[2023-10-11T07:06:40.580+0000] {processor.py:829} INFO - Processing file /home/airflow/.local/lib/python3.8/site-packages/airflow/example_dags/example_xcom.py for tasks to queue
[2023-10-11T07:06:40.581+0000] {logging_mixin.py:151} INFO - [2023-10-11T07:06:40.580+0000] {dagbag.py:539} INFO - Filling up the DagBag from /home/airflow/.local/lib/python3.8/site-packages/airflow/example_dags/example_xcom.py
[2023-10-11T07:06:40.587+0000] {processor.py:839} INFO - DAG(s) dict_keys(['example_xcom']) retrieved from /home/airflow/.local/lib/python3.8/site-packages/airflow/example_dags/example_xcom.py
[2023-10-11T07:06:40.604+0000] {logging_mixin.py:151} INFO - [2023-10-11T07:06:40.604+0000] {dag.py:2915} INFO - Sync 1 DAGs
[2023-10-11T07:06:40.615+0000] {logging_mixin.py:151} INFO - [2023-10-11T07:06:40.615+0000] {dag.py:3696} INFO - Setting next_dagrun for example_xcom to 2021-01-01T00:00:00+00:00, run_after=2021-01-01T00:00:00+00:00
[2023-10-11T07:06:40.624+0000] {processor.py:179} INFO - Processing /home/airflow/.local/lib/python3.8/site-packages/airflow/example_dags/example_xcom.py took 0.049 seconds
[2023-10-11T07:07:11.425+0000] {processor.py:157} INFO - Started process (PID=2882) to work on /home/airflow/.local/lib/python3.8/site-packages/airflow/example_dags/example_xcom.py
[2023-10-11T07:07:11.426+0000] {processor.py:829} INFO - Processing file /home/airflow/.local/lib/python3.8/site-packages/airflow/example_dags/example_xcom.py for tasks to queue
[2023-10-11T07:07:11.427+0000] {logging_mixin.py:151} INFO - [2023-10-11T07:07:11.426+0000] {dagbag.py:539} INFO - Filling up the DagBag from /home/airflow/.local/lib/python3.8/site-packages/airflow/example_dags/example_xcom.py
[2023-10-11T07:07:11.432+0000] {processor.py:839} INFO - DAG(s) dict_keys(['example_xcom']) retrieved from /home/airflow/.local/lib/python3.8/site-packages/airflow/example_dags/example_xcom.py
[2023-10-11T07:07:11.447+0000] {logging_mixin.py:151} INFO - [2023-10-11T07:07:11.447+0000] {dag.py:2915} INFO - Sync 1 DAGs
[2023-10-11T07:07:11.486+0000] {logging_mixin.py:151} INFO - [2023-10-11T07:07:11.486+0000] {dag.py:3696} INFO - Setting next_dagrun for example_xcom to 2021-01-01T00:00:00+00:00, run_after=2021-01-01T00:00:00+00:00
[2023-10-11T07:07:11.501+0000] {processor.py:179} INFO - Processing /home/airflow/.local/lib/python3.8/site-packages/airflow/example_dags/example_xcom.py took 0.078 seconds
[2023-10-11T07:07:43.246+0000] {processor.py:157} INFO - Started process (PID=3130) to work on /home/airflow/.local/lib/python3.8/site-packages/airflow/example_dags/example_xcom.py
[2023-10-11T07:07:43.248+0000] {processor.py:829} INFO - Processing file /home/airflow/.local/lib/python3.8/site-packages/airflow/example_dags/example_xcom.py for tasks to queue
[2023-10-11T07:07:43.249+0000] {logging_mixin.py:151} INFO - [2023-10-11T07:07:43.248+0000] {dagbag.py:539} INFO - Filling up the DagBag from /home/airflow/.local/lib/python3.8/site-packages/airflow/example_dags/example_xcom.py
[2023-10-11T07:07:43.259+0000] {processor.py:839} INFO - DAG(s) dict_keys(['example_xcom']) retrieved from /home/airflow/.local/lib/python3.8/site-packages/airflow/example_dags/example_xcom.py
[2023-10-11T07:07:43.317+0000] {logging_mixin.py:151} INFO - [2023-10-11T07:07:43.317+0000] {dag.py:2915} INFO - Sync 1 DAGs
[2023-10-11T07:07:43.345+0000] {logging_mixin.py:151} INFO - [2023-10-11T07:07:43.345+0000] {dag.py:3696} INFO - Setting next_dagrun for example_xcom to 2021-01-01T00:00:00+00:00, run_after=2021-01-01T00:00:00+00:00
[2023-10-11T07:07:43.377+0000] {processor.py:179} INFO - Processing /home/airflow/.local/lib/python3.8/site-packages/airflow/example_dags/example_xcom.py took 0.135 seconds
[2023-10-11T07:08:13.501+0000] {processor.py:157} INFO - Started process (PID=3396) to work on /home/airflow/.local/lib/python3.8/site-packages/airflow/example_dags/example_xcom.py
[2023-10-11T07:08:13.502+0000] {processor.py:829} INFO - Processing file /home/airflow/.local/lib/python3.8/site-packages/airflow/example_dags/example_xcom.py for tasks to queue
[2023-10-11T07:08:13.503+0000] {logging_mixin.py:151} INFO - [2023-10-11T07:08:13.502+0000] {dagbag.py:539} INFO - Filling up the DagBag from /home/airflow/.local/lib/python3.8/site-packages/airflow/example_dags/example_xcom.py
[2023-10-11T07:08:13.508+0000] {processor.py:839} INFO - DAG(s) dict_keys(['example_xcom']) retrieved from /home/airflow/.local/lib/python3.8/site-packages/airflow/example_dags/example_xcom.py
[2023-10-11T07:08:13.523+0000] {logging_mixin.py:151} INFO - [2023-10-11T07:08:13.523+0000] {dag.py:2915} INFO - Sync 1 DAGs
[2023-10-11T07:08:13.535+0000] {logging_mixin.py:151} INFO - [2023-10-11T07:08:13.535+0000] {dag.py:3696} INFO - Setting next_dagrun for example_xcom to 2021-01-01T00:00:00+00:00, run_after=2021-01-01T00:00:00+00:00
[2023-10-11T07:08:13.546+0000] {processor.py:179} INFO - Processing /home/airflow/.local/lib/python3.8/site-packages/airflow/example_dags/example_xcom.py took 0.047 seconds
[2023-10-11T07:08:44.102+0000] {processor.py:157} INFO - Started process (PID=3637) to work on /home/airflow/.local/lib/python3.8/site-packages/airflow/example_dags/example_xcom.py
[2023-10-11T07:08:44.103+0000] {processor.py:829} INFO - Processing file /home/airflow/.local/lib/python3.8/site-packages/airflow/example_dags/example_xcom.py for tasks to queue
[2023-10-11T07:08:44.104+0000] {logging_mixin.py:151} INFO - [2023-10-11T07:08:44.103+0000] {dagbag.py:539} INFO - Filling up the DagBag from /home/airflow/.local/lib/python3.8/site-packages/airflow/example_dags/example_xcom.py
[2023-10-11T07:08:44.111+0000] {processor.py:839} INFO - DAG(s) dict_keys(['example_xcom']) retrieved from /home/airflow/.local/lib/python3.8/site-packages/airflow/example_dags/example_xcom.py
[2023-10-11T07:08:44.136+0000] {logging_mixin.py:151} INFO - [2023-10-11T07:08:44.136+0000] {dag.py:2915} INFO - Sync 1 DAGs
[2023-10-11T07:08:44.191+0000] {logging_mixin.py:151} INFO - [2023-10-11T07:08:44.191+0000] {dag.py:3696} INFO - Setting next_dagrun for example_xcom to 2021-01-01T00:00:00+00:00, run_after=2021-01-01T00:00:00+00:00
[2023-10-11T07:08:44.318+0000] {processor.py:179} INFO - Processing /home/airflow/.local/lib/python3.8/site-packages/airflow/example_dags/example_xcom.py took 0.219 seconds
[2023-10-11T07:09:14.914+0000] {processor.py:157} INFO - Started process (PID=3880) to work on /home/airflow/.local/lib/python3.8/site-packages/airflow/example_dags/example_xcom.py
[2023-10-11T07:09:14.915+0000] {processor.py:829} INFO - Processing file /home/airflow/.local/lib/python3.8/site-packages/airflow/example_dags/example_xcom.py for tasks to queue
[2023-10-11T07:09:14.915+0000] {logging_mixin.py:151} INFO - [2023-10-11T07:09:14.915+0000] {dagbag.py:539} INFO - Filling up the DagBag from /home/airflow/.local/lib/python3.8/site-packages/airflow/example_dags/example_xcom.py
[2023-10-11T07:09:14.920+0000] {processor.py:839} INFO - DAG(s) dict_keys(['example_xcom']) retrieved from /home/airflow/.local/lib/python3.8/site-packages/airflow/example_dags/example_xcom.py
[2023-10-11T07:09:14.934+0000] {logging_mixin.py:151} INFO - [2023-10-11T07:09:14.934+0000] {dag.py:2915} INFO - Sync 1 DAGs
[2023-10-11T07:09:14.981+0000] {logging_mixin.py:151} INFO - [2023-10-11T07:09:14.981+0000] {dag.py:3696} INFO - Setting next_dagrun for example_xcom to 2021-01-01T00:00:00+00:00, run_after=2021-01-01T00:00:00+00:00
[2023-10-11T07:09:15.001+0000] {processor.py:179} INFO - Processing /home/airflow/.local/lib/python3.8/site-packages/airflow/example_dags/example_xcom.py took 0.089 seconds
[2023-10-11T07:09:45.191+0000] {processor.py:157} INFO - Started process (PID=4121) to work on /home/airflow/.local/lib/python3.8/site-packages/airflow/example_dags/example_xcom.py
[2023-10-11T07:09:45.191+0000] {processor.py:829} INFO - Processing file /home/airflow/.local/lib/python3.8/site-packages/airflow/example_dags/example_xcom.py for tasks to queue
[2023-10-11T07:09:45.192+0000] {logging_mixin.py:151} INFO - [2023-10-11T07:09:45.192+0000] {dagbag.py:539} INFO - Filling up the DagBag from /home/airflow/.local/lib/python3.8/site-packages/airflow/example_dags/example_xcom.py
[2023-10-11T07:09:45.197+0000] {processor.py:839} INFO - DAG(s) dict_keys(['example_xcom']) retrieved from /home/airflow/.local/lib/python3.8/site-packages/airflow/example_dags/example_xcom.py
[2023-10-11T07:09:45.215+0000] {logging_mixin.py:151} INFO - [2023-10-11T07:09:45.214+0000] {dag.py:2915} INFO - Sync 1 DAGs
[2023-10-11T07:09:45.230+0000] {logging_mixin.py:151} INFO - [2023-10-11T07:09:45.230+0000] {dag.py:3696} INFO - Setting next_dagrun for example_xcom to 2021-01-01T00:00:00+00:00, run_after=2021-01-01T00:00:00+00:00
[2023-10-11T07:09:45.242+0000] {processor.py:179} INFO - Processing /home/airflow/.local/lib/python3.8/site-packages/airflow/example_dags/example_xcom.py took 0.055 seconds
[2023-10-11T07:10:16.109+0000] {processor.py:157} INFO - Started process (PID=4366) to work on /home/airflow/.local/lib/python3.8/site-packages/airflow/example_dags/example_xcom.py
[2023-10-11T07:10:16.110+0000] {processor.py:829} INFO - Processing file /home/airflow/.local/lib/python3.8/site-packages/airflow/example_dags/example_xcom.py for tasks to queue
[2023-10-11T07:10:16.111+0000] {logging_mixin.py:151} INFO - [2023-10-11T07:10:16.111+0000] {dagbag.py:539} INFO - Filling up the DagBag from /home/airflow/.local/lib/python3.8/site-packages/airflow/example_dags/example_xcom.py
[2023-10-11T07:10:16.117+0000] {processor.py:839} INFO - DAG(s) dict_keys(['example_xcom']) retrieved from /home/airflow/.local/lib/python3.8/site-packages/airflow/example_dags/example_xcom.py
[2023-10-11T07:10:16.140+0000] {logging_mixin.py:151} INFO - [2023-10-11T07:10:16.140+0000] {dag.py:2915} INFO - Sync 1 DAGs
[2023-10-11T07:10:16.168+0000] {logging_mixin.py:151} INFO - [2023-10-11T07:10:16.167+0000] {dag.py:3696} INFO - Setting next_dagrun for example_xcom to 2021-01-01T00:00:00+00:00, run_after=2021-01-01T00:00:00+00:00
[2023-10-11T07:10:16.204+0000] {processor.py:179} INFO - Processing /home/airflow/.local/lib/python3.8/site-packages/airflow/example_dags/example_xcom.py took 0.099 seconds
[2023-10-11T07:10:46.451+0000] {processor.py:157} INFO - Started process (PID=4609) to work on /home/airflow/.local/lib/python3.8/site-packages/airflow/example_dags/example_xcom.py
[2023-10-11T07:10:46.458+0000] {processor.py:829} INFO - Processing file /home/airflow/.local/lib/python3.8/site-packages/airflow/example_dags/example_xcom.py for tasks to queue
[2023-10-11T07:10:46.470+0000] {logging_mixin.py:151} INFO - [2023-10-11T07:10:46.469+0000] {dagbag.py:539} INFO - Filling up the DagBag from /home/airflow/.local/lib/python3.8/site-packages/airflow/example_dags/example_xcom.py
[2023-10-11T07:10:46.498+0000] {processor.py:839} INFO - DAG(s) dict_keys(['example_xcom']) retrieved from /home/airflow/.local/lib/python3.8/site-packages/airflow/example_dags/example_xcom.py
[2023-10-11T07:10:46.528+0000] {logging_mixin.py:151} INFO - [2023-10-11T07:10:46.528+0000] {dag.py:2915} INFO - Sync 1 DAGs
[2023-10-11T07:10:46.542+0000] {logging_mixin.py:151} INFO - [2023-10-11T07:10:46.542+0000] {dag.py:3696} INFO - Setting next_dagrun for example_xcom to 2021-01-01T00:00:00+00:00, run_after=2021-01-01T00:00:00+00:00
[2023-10-11T07:10:46.560+0000] {processor.py:179} INFO - Processing /home/airflow/.local/lib/python3.8/site-packages/airflow/example_dags/example_xcom.py took 0.112 seconds
[2023-10-11T07:11:16.994+0000] {processor.py:157} INFO - Started process (PID=4852) to work on /home/airflow/.local/lib/python3.8/site-packages/airflow/example_dags/example_xcom.py
[2023-10-11T07:11:16.995+0000] {processor.py:829} INFO - Processing file /home/airflow/.local/lib/python3.8/site-packages/airflow/example_dags/example_xcom.py for tasks to queue
[2023-10-11T07:11:16.996+0000] {logging_mixin.py:151} INFO - [2023-10-11T07:11:16.996+0000] {dagbag.py:539} INFO - Filling up the DagBag from /home/airflow/.local/lib/python3.8/site-packages/airflow/example_dags/example_xcom.py
[2023-10-11T07:11:17.001+0000] {processor.py:839} INFO - DAG(s) dict_keys(['example_xcom']) retrieved from /home/airflow/.local/lib/python3.8/site-packages/airflow/example_dags/example_xcom.py
[2023-10-11T07:11:17.018+0000] {logging_mixin.py:151} INFO - [2023-10-11T07:11:17.018+0000] {dag.py:2915} INFO - Sync 1 DAGs
[2023-10-11T07:11:17.032+0000] {logging_mixin.py:151} INFO - [2023-10-11T07:11:17.032+0000] {dag.py:3696} INFO - Setting next_dagrun for example_xcom to 2021-01-01T00:00:00+00:00, run_after=2021-01-01T00:00:00+00:00
[2023-10-11T07:11:17.043+0000] {processor.py:179} INFO - Processing /home/airflow/.local/lib/python3.8/site-packages/airflow/example_dags/example_xcom.py took 0.052 seconds
[2023-10-11T07:11:47.101+0000] {processor.py:157} INFO - Started process (PID=5097) to work on /home/airflow/.local/lib/python3.8/site-packages/airflow/example_dags/example_xcom.py
[2023-10-11T07:11:47.102+0000] {processor.py:829} INFO - Processing file /home/airflow/.local/lib/python3.8/site-packages/airflow/example_dags/example_xcom.py for tasks to queue
[2023-10-11T07:11:47.103+0000] {logging_mixin.py:151} INFO - [2023-10-11T07:11:47.103+0000] {dagbag.py:539} INFO - Filling up the DagBag from /home/airflow/.local/lib/python3.8/site-packages/airflow/example_dags/example_xcom.py
[2023-10-11T07:11:47.108+0000] {processor.py:839} INFO - DAG(s) dict_keys(['example_xcom']) retrieved from /home/airflow/.local/lib/python3.8/site-packages/airflow/example_dags/example_xcom.py
[2023-10-11T07:11:47.123+0000] {logging_mixin.py:151} INFO - [2023-10-11T07:11:47.123+0000] {dag.py:2915} INFO - Sync 1 DAGs
[2023-10-11T07:11:47.135+0000] {logging_mixin.py:151} INFO - [2023-10-11T07:11:47.135+0000] {dag.py:3696} INFO - Setting next_dagrun for example_xcom to 2021-01-01T00:00:00+00:00, run_after=2021-01-01T00:00:00+00:00
[2023-10-11T07:11:47.144+0000] {processor.py:179} INFO - Processing /home/airflow/.local/lib/python3.8/site-packages/airflow/example_dags/example_xcom.py took 0.046 seconds
[2023-10-11T07:12:17.834+0000] {processor.py:157} INFO - Started process (PID=5340) to work on /home/airflow/.local/lib/python3.8/site-packages/airflow/example_dags/example_xcom.py
[2023-10-11T07:12:17.835+0000] {processor.py:829} INFO - Processing file /home/airflow/.local/lib/python3.8/site-packages/airflow/example_dags/example_xcom.py for tasks to queue
[2023-10-11T07:12:17.835+0000] {logging_mixin.py:151} INFO - [2023-10-11T07:12:17.835+0000] {dagbag.py:539} INFO - Filling up the DagBag from /home/airflow/.local/lib/python3.8/site-packages/airflow/example_dags/example_xcom.py
[2023-10-11T07:12:17.840+0000] {processor.py:839} INFO - DAG(s) dict_keys(['example_xcom']) retrieved from /home/airflow/.local/lib/python3.8/site-packages/airflow/example_dags/example_xcom.py
[2023-10-11T07:12:17.858+0000] {logging_mixin.py:151} INFO - [2023-10-11T07:12:17.857+0000] {dag.py:2915} INFO - Sync 1 DAGs
[2023-10-11T07:12:17.881+0000] {logging_mixin.py:151} INFO - [2023-10-11T07:12:17.881+0000] {dag.py:3696} INFO - Setting next_dagrun for example_xcom to 2021-01-01T00:00:00+00:00, run_after=2021-01-01T00:00:00+00:00
[2023-10-11T07:12:17.891+0000] {processor.py:179} INFO - Processing /home/airflow/.local/lib/python3.8/site-packages/airflow/example_dags/example_xcom.py took 0.059 seconds
[2023-10-11T07:12:48.101+0000] {processor.py:157} INFO - Started process (PID=5583) to work on /home/airflow/.local/lib/python3.8/site-packages/airflow/example_dags/example_xcom.py
[2023-10-11T07:12:48.101+0000] {processor.py:829} INFO - Processing file /home/airflow/.local/lib/python3.8/site-packages/airflow/example_dags/example_xcom.py for tasks to queue
[2023-10-11T07:12:48.102+0000] {logging_mixin.py:151} INFO - [2023-10-11T07:12:48.102+0000] {dagbag.py:539} INFO - Filling up the DagBag from /home/airflow/.local/lib/python3.8/site-packages/airflow/example_dags/example_xcom.py
[2023-10-11T07:12:48.107+0000] {processor.py:839} INFO - DAG(s) dict_keys(['example_xcom']) retrieved from /home/airflow/.local/lib/python3.8/site-packages/airflow/example_dags/example_xcom.py
[2023-10-11T07:12:48.122+0000] {logging_mixin.py:151} INFO - [2023-10-11T07:12:48.122+0000] {dag.py:2915} INFO - Sync 1 DAGs
[2023-10-11T07:12:48.134+0000] {logging_mixin.py:151} INFO - [2023-10-11T07:12:48.134+0000] {dag.py:3696} INFO - Setting next_dagrun for example_xcom to 2021-01-01T00:00:00+00:00, run_after=2021-01-01T00:00:00+00:00
[2023-10-11T07:12:48.144+0000] {processor.py:179} INFO - Processing /home/airflow/.local/lib/python3.8/site-packages/airflow/example_dags/example_xcom.py took 0.046 seconds
[2023-10-11T07:13:18.678+0000] {processor.py:157} INFO - Started process (PID=5824) to work on /home/airflow/.local/lib/python3.8/site-packages/airflow/example_dags/example_xcom.py
[2023-10-11T07:13:18.679+0000] {processor.py:829} INFO - Processing file /home/airflow/.local/lib/python3.8/site-packages/airflow/example_dags/example_xcom.py for tasks to queue
[2023-10-11T07:13:18.680+0000] {logging_mixin.py:151} INFO - [2023-10-11T07:13:18.680+0000] {dagbag.py:539} INFO - Filling up the DagBag from /home/airflow/.local/lib/python3.8/site-packages/airflow/example_dags/example_xcom.py
[2023-10-11T07:13:18.686+0000] {processor.py:839} INFO - DAG(s) dict_keys(['example_xcom']) retrieved from /home/airflow/.local/lib/python3.8/site-packages/airflow/example_dags/example_xcom.py
[2023-10-11T07:13:18.708+0000] {logging_mixin.py:151} INFO - [2023-10-11T07:13:18.708+0000] {dag.py:2915} INFO - Sync 1 DAGs
[2023-10-11T07:13:18.723+0000] {logging_mixin.py:151} INFO - [2023-10-11T07:13:18.722+0000] {dag.py:3696} INFO - Setting next_dagrun for example_xcom to 2021-01-01T00:00:00+00:00, run_after=2021-01-01T00:00:00+00:00
[2023-10-11T07:13:18.739+0000] {processor.py:179} INFO - Processing /home/airflow/.local/lib/python3.8/site-packages/airflow/example_dags/example_xcom.py took 0.063 seconds
[2023-10-11T07:13:49.317+0000] {processor.py:157} INFO - Started process (PID=6069) to work on /home/airflow/.local/lib/python3.8/site-packages/airflow/example_dags/example_xcom.py
[2023-10-11T07:13:49.318+0000] {processor.py:829} INFO - Processing file /home/airflow/.local/lib/python3.8/site-packages/airflow/example_dags/example_xcom.py for tasks to queue
[2023-10-11T07:13:49.319+0000] {logging_mixin.py:151} INFO - [2023-10-11T07:13:49.319+0000] {dagbag.py:539} INFO - Filling up the DagBag from /home/airflow/.local/lib/python3.8/site-packages/airflow/example_dags/example_xcom.py
[2023-10-11T07:13:49.324+0000] {processor.py:839} INFO - DAG(s) dict_keys(['example_xcom']) retrieved from /home/airflow/.local/lib/python3.8/site-packages/airflow/example_dags/example_xcom.py
[2023-10-11T07:13:49.339+0000] {logging_mixin.py:151} INFO - [2023-10-11T07:13:49.339+0000] {dag.py:2915} INFO - Sync 1 DAGs
[2023-10-11T07:13:49.360+0000] {logging_mixin.py:151} INFO - [2023-10-11T07:13:49.359+0000] {dag.py:3696} INFO - Setting next_dagrun for example_xcom to 2021-01-01T00:00:00+00:00, run_after=2021-01-01T00:00:00+00:00
[2023-10-11T07:13:49.381+0000] {processor.py:179} INFO - Processing /home/airflow/.local/lib/python3.8/site-packages/airflow/example_dags/example_xcom.py took 0.066 seconds
[2023-10-11T07:14:19.801+0000] {processor.py:157} INFO - Started process (PID=6310) to work on /home/airflow/.local/lib/python3.8/site-packages/airflow/example_dags/example_xcom.py
[2023-10-11T07:14:19.802+0000] {processor.py:829} INFO - Processing file /home/airflow/.local/lib/python3.8/site-packages/airflow/example_dags/example_xcom.py for tasks to queue
[2023-10-11T07:14:19.803+0000] {logging_mixin.py:151} INFO - [2023-10-11T07:14:19.803+0000] {dagbag.py:539} INFO - Filling up the DagBag from /home/airflow/.local/lib/python3.8/site-packages/airflow/example_dags/example_xcom.py
[2023-10-11T07:14:19.808+0000] {processor.py:839} INFO - DAG(s) dict_keys(['example_xcom']) retrieved from /home/airflow/.local/lib/python3.8/site-packages/airflow/example_dags/example_xcom.py
[2023-10-11T07:14:19.824+0000] {logging_mixin.py:151} INFO - [2023-10-11T07:14:19.824+0000] {dag.py:2915} INFO - Sync 1 DAGs
[2023-10-11T07:14:19.838+0000] {logging_mixin.py:151} INFO - [2023-10-11T07:14:19.838+0000] {dag.py:3696} INFO - Setting next_dagrun for example_xcom to 2021-01-01T00:00:00+00:00, run_after=2021-01-01T00:00:00+00:00
[2023-10-11T07:14:19.862+0000] {processor.py:179} INFO - Processing /home/airflow/.local/lib/python3.8/site-packages/airflow/example_dags/example_xcom.py took 0.064 seconds
[2023-10-11T07:14:50.245+0000] {processor.py:157} INFO - Started process (PID=6553) to work on /home/airflow/.local/lib/python3.8/site-packages/airflow/example_dags/example_xcom.py
[2023-10-11T07:14:50.255+0000] {processor.py:829} INFO - Processing file /home/airflow/.local/lib/python3.8/site-packages/airflow/example_dags/example_xcom.py for tasks to queue
[2023-10-11T07:14:50.256+0000] {logging_mixin.py:151} INFO - [2023-10-11T07:14:50.256+0000] {dagbag.py:539} INFO - Filling up the DagBag from /home/airflow/.local/lib/python3.8/site-packages/airflow/example_dags/example_xcom.py
[2023-10-11T07:14:50.267+0000] {processor.py:839} INFO - DAG(s) dict_keys(['example_xcom']) retrieved from /home/airflow/.local/lib/python3.8/site-packages/airflow/example_dags/example_xcom.py
[2023-10-11T07:14:50.290+0000] {logging_mixin.py:151} INFO - [2023-10-11T07:14:50.290+0000] {dag.py:2915} INFO - Sync 1 DAGs
[2023-10-11T07:14:50.304+0000] {logging_mixin.py:151} INFO - [2023-10-11T07:14:50.304+0000] {dag.py:3696} INFO - Setting next_dagrun for example_xcom to 2021-01-01T00:00:00+00:00, run_after=2021-01-01T00:00:00+00:00
[2023-10-11T07:14:50.316+0000] {processor.py:179} INFO - Processing /home/airflow/.local/lib/python3.8/site-packages/airflow/example_dags/example_xcom.py took 0.074 seconds
[2023-10-11T07:15:20.627+0000] {processor.py:157} INFO - Started process (PID=6796) to work on /home/airflow/.local/lib/python3.8/site-packages/airflow/example_dags/example_xcom.py
[2023-10-11T07:15:20.628+0000] {processor.py:829} INFO - Processing file /home/airflow/.local/lib/python3.8/site-packages/airflow/example_dags/example_xcom.py for tasks to queue
[2023-10-11T07:15:20.629+0000] {logging_mixin.py:151} INFO - [2023-10-11T07:15:20.629+0000] {dagbag.py:539} INFO - Filling up the DagBag from /home/airflow/.local/lib/python3.8/site-packages/airflow/example_dags/example_xcom.py
[2023-10-11T07:15:20.634+0000] {processor.py:839} INFO - DAG(s) dict_keys(['example_xcom']) retrieved from /home/airflow/.local/lib/python3.8/site-packages/airflow/example_dags/example_xcom.py
[2023-10-11T07:15:20.653+0000] {logging_mixin.py:151} INFO - [2023-10-11T07:15:20.652+0000] {dag.py:2915} INFO - Sync 1 DAGs
[2023-10-11T07:15:20.682+0000] {logging_mixin.py:151} INFO - [2023-10-11T07:15:20.681+0000] {dag.py:3696} INFO - Setting next_dagrun for example_xcom to 2021-01-01T00:00:00+00:00, run_after=2021-01-01T00:00:00+00:00
[2023-10-11T07:15:20.693+0000] {processor.py:179} INFO - Processing /home/airflow/.local/lib/python3.8/site-packages/airflow/example_dags/example_xcom.py took 0.068 seconds
[2023-10-11T07:15:51.446+0000] {processor.py:157} INFO - Started process (PID=7041) to work on /home/airflow/.local/lib/python3.8/site-packages/airflow/example_dags/example_xcom.py
[2023-10-11T07:15:51.459+0000] {processor.py:829} INFO - Processing file /home/airflow/.local/lib/python3.8/site-packages/airflow/example_dags/example_xcom.py for tasks to queue
[2023-10-11T07:15:51.465+0000] {logging_mixin.py:151} INFO - [2023-10-11T07:15:51.464+0000] {dagbag.py:539} INFO - Filling up the DagBag from /home/airflow/.local/lib/python3.8/site-packages/airflow/example_dags/example_xcom.py
[2023-10-11T07:15:51.483+0000] {processor.py:839} INFO - DAG(s) dict_keys(['example_xcom']) retrieved from /home/airflow/.local/lib/python3.8/site-packages/airflow/example_dags/example_xcom.py
[2023-10-11T07:15:51.500+0000] {logging_mixin.py:151} INFO - [2023-10-11T07:15:51.500+0000] {dag.py:2915} INFO - Sync 1 DAGs
[2023-10-11T07:15:51.514+0000] {logging_mixin.py:151} INFO - [2023-10-11T07:15:51.513+0000] {dag.py:3696} INFO - Setting next_dagrun for example_xcom to 2021-01-01T00:00:00+00:00, run_after=2021-01-01T00:00:00+00:00
[2023-10-11T07:15:51.526+0000] {processor.py:179} INFO - Processing /home/airflow/.local/lib/python3.8/site-packages/airflow/example_dags/example_xcom.py took 0.082 seconds
[2023-10-11T07:16:22.041+0000] {processor.py:157} INFO - Started process (PID=7282) to work on /home/airflow/.local/lib/python3.8/site-packages/airflow/example_dags/example_xcom.py
[2023-10-11T07:16:22.043+0000] {processor.py:829} INFO - Processing file /home/airflow/.local/lib/python3.8/site-packages/airflow/example_dags/example_xcom.py for tasks to queue
[2023-10-11T07:16:22.044+0000] {logging_mixin.py:151} INFO - [2023-10-11T07:16:22.044+0000] {dagbag.py:539} INFO - Filling up the DagBag from /home/airflow/.local/lib/python3.8/site-packages/airflow/example_dags/example_xcom.py
[2023-10-11T07:16:22.101+0000] {processor.py:839} INFO - DAG(s) dict_keys(['example_xcom']) retrieved from /home/airflow/.local/lib/python3.8/site-packages/airflow/example_dags/example_xcom.py
[2023-10-11T07:16:22.134+0000] {logging_mixin.py:151} INFO - [2023-10-11T07:16:22.134+0000] {dag.py:2915} INFO - Sync 1 DAGs
[2023-10-11T07:16:22.179+0000] {logging_mixin.py:151} INFO - [2023-10-11T07:16:22.179+0000] {dag.py:3696} INFO - Setting next_dagrun for example_xcom to 2021-01-01T00:00:00+00:00, run_after=2021-01-01T00:00:00+00:00
[2023-10-11T07:16:22.194+0000] {processor.py:179} INFO - Processing /home/airflow/.local/lib/python3.8/site-packages/airflow/example_dags/example_xcom.py took 0.157 seconds
[2023-10-11T07:16:53.006+0000] {processor.py:157} INFO - Started process (PID=7525) to work on /home/airflow/.local/lib/python3.8/site-packages/airflow/example_dags/example_xcom.py
[2023-10-11T07:16:53.007+0000] {processor.py:829} INFO - Processing file /home/airflow/.local/lib/python3.8/site-packages/airflow/example_dags/example_xcom.py for tasks to queue
[2023-10-11T07:16:53.009+0000] {logging_mixin.py:151} INFO - [2023-10-11T07:16:53.008+0000] {dagbag.py:539} INFO - Filling up the DagBag from /home/airflow/.local/lib/python3.8/site-packages/airflow/example_dags/example_xcom.py
[2023-10-11T07:16:53.020+0000] {processor.py:839} INFO - DAG(s) dict_keys(['example_xcom']) retrieved from /home/airflow/.local/lib/python3.8/site-packages/airflow/example_dags/example_xcom.py
[2023-10-11T07:16:53.043+0000] {logging_mixin.py:151} INFO - [2023-10-11T07:16:53.043+0000] {dag.py:2915} INFO - Sync 1 DAGs
[2023-10-11T07:16:53.105+0000] {logging_mixin.py:151} INFO - [2023-10-11T07:16:53.104+0000] {dag.py:3696} INFO - Setting next_dagrun for example_xcom to 2021-01-01T00:00:00+00:00, run_after=2021-01-01T00:00:00+00:00
[2023-10-11T07:16:53.183+0000] {processor.py:179} INFO - Processing /home/airflow/.local/lib/python3.8/site-packages/airflow/example_dags/example_xcom.py took 0.182 seconds
[2023-10-11T07:17:24.042+0000] {processor.py:157} INFO - Started process (PID=7770) to work on /home/airflow/.local/lib/python3.8/site-packages/airflow/example_dags/example_xcom.py
[2023-10-11T07:17:24.049+0000] {processor.py:829} INFO - Processing file /home/airflow/.local/lib/python3.8/site-packages/airflow/example_dags/example_xcom.py for tasks to queue
[2023-10-11T07:17:24.063+0000] {logging_mixin.py:151} INFO - [2023-10-11T07:17:24.062+0000] {dagbag.py:539} INFO - Filling up the DagBag from /home/airflow/.local/lib/python3.8/site-packages/airflow/example_dags/example_xcom.py
[2023-10-11T07:17:24.109+0000] {processor.py:839} INFO - DAG(s) dict_keys(['example_xcom']) retrieved from /home/airflow/.local/lib/python3.8/site-packages/airflow/example_dags/example_xcom.py
[2023-10-11T07:17:24.260+0000] {logging_mixin.py:151} INFO - [2023-10-11T07:17:24.259+0000] {dag.py:2915} INFO - Sync 1 DAGs
[2023-10-11T07:17:24.430+0000] {logging_mixin.py:151} INFO - [2023-10-11T07:17:24.429+0000] {dag.py:3696} INFO - Setting next_dagrun for example_xcom to 2021-01-01T00:00:00+00:00, run_after=2021-01-01T00:00:00+00:00
[2023-10-11T07:17:24.490+0000] {processor.py:179} INFO - Processing /home/airflow/.local/lib/python3.8/site-packages/airflow/example_dags/example_xcom.py took 0.452 seconds
[2023-10-11T07:17:55.656+0000] {processor.py:157} INFO - Started process (PID=8011) to work on /home/airflow/.local/lib/python3.8/site-packages/airflow/example_dags/example_xcom.py
[2023-10-11T07:17:55.674+0000] {processor.py:829} INFO - Processing file /home/airflow/.local/lib/python3.8/site-packages/airflow/example_dags/example_xcom.py for tasks to queue
[2023-10-11T07:17:55.684+0000] {logging_mixin.py:151} INFO - [2023-10-11T07:17:55.684+0000] {dagbag.py:539} INFO - Filling up the DagBag from /home/airflow/.local/lib/python3.8/site-packages/airflow/example_dags/example_xcom.py
[2023-10-11T07:17:55.709+0000] {processor.py:839} INFO - DAG(s) dict_keys(['example_xcom']) retrieved from /home/airflow/.local/lib/python3.8/site-packages/airflow/example_dags/example_xcom.py
[2023-10-11T07:17:55.803+0000] {logging_mixin.py:151} INFO - [2023-10-11T07:17:55.803+0000] {dag.py:2915} INFO - Sync 1 DAGs
[2023-10-11T07:17:55.899+0000] {logging_mixin.py:151} INFO - [2023-10-11T07:17:55.899+0000] {dag.py:3696} INFO - Setting next_dagrun for example_xcom to 2021-01-01T00:00:00+00:00, run_after=2021-01-01T00:00:00+00:00
[2023-10-11T07:17:55.991+0000] {processor.py:179} INFO - Processing /home/airflow/.local/lib/python3.8/site-packages/airflow/example_dags/example_xcom.py took 0.350 seconds
[2023-10-11T07:18:26.730+0000] {processor.py:157} INFO - Started process (PID=8256) to work on /home/airflow/.local/lib/python3.8/site-packages/airflow/example_dags/example_xcom.py
[2023-10-11T07:18:26.732+0000] {processor.py:829} INFO - Processing file /home/airflow/.local/lib/python3.8/site-packages/airflow/example_dags/example_xcom.py for tasks to queue
[2023-10-11T07:18:26.733+0000] {logging_mixin.py:151} INFO - [2023-10-11T07:18:26.732+0000] {dagbag.py:539} INFO - Filling up the DagBag from /home/airflow/.local/lib/python3.8/site-packages/airflow/example_dags/example_xcom.py
[2023-10-11T07:18:26.739+0000] {processor.py:839} INFO - DAG(s) dict_keys(['example_xcom']) retrieved from /home/airflow/.local/lib/python3.8/site-packages/airflow/example_dags/example_xcom.py
[2023-10-11T07:18:26.797+0000] {logging_mixin.py:151} INFO - [2023-10-11T07:18:26.797+0000] {dag.py:2915} INFO - Sync 1 DAGs
[2023-10-11T07:18:26.834+0000] {logging_mixin.py:151} INFO - [2023-10-11T07:18:26.833+0000] {dag.py:3696} INFO - Setting next_dagrun for example_xcom to 2021-01-01T00:00:00+00:00, run_after=2021-01-01T00:00:00+00:00
[2023-10-11T07:18:26.883+0000] {processor.py:179} INFO - Processing /home/airflow/.local/lib/python3.8/site-packages/airflow/example_dags/example_xcom.py took 0.156 seconds
[2023-10-11T07:18:57.288+0000] {processor.py:157} INFO - Started process (PID=8499) to work on /home/airflow/.local/lib/python3.8/site-packages/airflow/example_dags/example_xcom.py
[2023-10-11T07:18:57.289+0000] {processor.py:829} INFO - Processing file /home/airflow/.local/lib/python3.8/site-packages/airflow/example_dags/example_xcom.py for tasks to queue
[2023-10-11T07:18:57.290+0000] {logging_mixin.py:151} INFO - [2023-10-11T07:18:57.289+0000] {dagbag.py:539} INFO - Filling up the DagBag from /home/airflow/.local/lib/python3.8/site-packages/airflow/example_dags/example_xcom.py
[2023-10-11T07:18:57.298+0000] {processor.py:839} INFO - DAG(s) dict_keys(['example_xcom']) retrieved from /home/airflow/.local/lib/python3.8/site-packages/airflow/example_dags/example_xcom.py
[2023-10-11T07:18:57.322+0000] {logging_mixin.py:151} INFO - [2023-10-11T07:18:57.322+0000] {dag.py:2915} INFO - Sync 1 DAGs
[2023-10-11T07:18:57.340+0000] {logging_mixin.py:151} INFO - [2023-10-11T07:18:57.340+0000] {dag.py:3696} INFO - Setting next_dagrun for example_xcom to 2021-01-01T00:00:00+00:00, run_after=2021-01-01T00:00:00+00:00
[2023-10-11T07:18:57.379+0000] {processor.py:179} INFO - Processing /home/airflow/.local/lib/python3.8/site-packages/airflow/example_dags/example_xcom.py took 0.096 seconds
[2023-10-11T07:19:27.424+0000] {processor.py:157} INFO - Started process (PID=8742) to work on /home/airflow/.local/lib/python3.8/site-packages/airflow/example_dags/example_xcom.py
[2023-10-11T07:19:27.426+0000] {processor.py:829} INFO - Processing file /home/airflow/.local/lib/python3.8/site-packages/airflow/example_dags/example_xcom.py for tasks to queue
[2023-10-11T07:19:27.427+0000] {logging_mixin.py:151} INFO - [2023-10-11T07:19:27.427+0000] {dagbag.py:539} INFO - Filling up the DagBag from /home/airflow/.local/lib/python3.8/site-packages/airflow/example_dags/example_xcom.py
[2023-10-11T07:19:27.435+0000] {processor.py:839} INFO - DAG(s) dict_keys(['example_xcom']) retrieved from /home/airflow/.local/lib/python3.8/site-packages/airflow/example_dags/example_xcom.py
[2023-10-11T07:19:27.485+0000] {logging_mixin.py:151} INFO - [2023-10-11T07:19:27.485+0000] {dag.py:2915} INFO - Sync 1 DAGs
[2023-10-11T07:19:27.505+0000] {logging_mixin.py:151} INFO - [2023-10-11T07:19:27.505+0000] {dag.py:3696} INFO - Setting next_dagrun for example_xcom to 2021-01-01T00:00:00+00:00, run_after=2021-01-01T00:00:00+00:00
[2023-10-11T07:19:27.519+0000] {processor.py:179} INFO - Processing /home/airflow/.local/lib/python3.8/site-packages/airflow/example_dags/example_xcom.py took 0.099 seconds
[2023-10-11T07:19:58.321+0000] {processor.py:157} INFO - Started process (PID=8985) to work on /home/airflow/.local/lib/python3.8/site-packages/airflow/example_dags/example_xcom.py
[2023-10-11T07:19:58.323+0000] {processor.py:829} INFO - Processing file /home/airflow/.local/lib/python3.8/site-packages/airflow/example_dags/example_xcom.py for tasks to queue
[2023-10-11T07:19:58.324+0000] {logging_mixin.py:151} INFO - [2023-10-11T07:19:58.324+0000] {dagbag.py:539} INFO - Filling up the DagBag from /home/airflow/.local/lib/python3.8/site-packages/airflow/example_dags/example_xcom.py
[2023-10-11T07:19:58.333+0000] {processor.py:839} INFO - DAG(s) dict_keys(['example_xcom']) retrieved from /home/airflow/.local/lib/python3.8/site-packages/airflow/example_dags/example_xcom.py
[2023-10-11T07:19:58.388+0000] {logging_mixin.py:151} INFO - [2023-10-11T07:19:58.388+0000] {dag.py:2915} INFO - Sync 1 DAGs
[2023-10-11T07:19:58.410+0000] {logging_mixin.py:151} INFO - [2023-10-11T07:19:58.410+0000] {dag.py:3696} INFO - Setting next_dagrun for example_xcom to 2021-01-01T00:00:00+00:00, run_after=2021-01-01T00:00:00+00:00
[2023-10-11T07:19:58.425+0000] {processor.py:179} INFO - Processing /home/airflow/.local/lib/python3.8/site-packages/airflow/example_dags/example_xcom.py took 0.109 seconds
[2023-10-11T07:20:28.529+0000] {processor.py:157} INFO - Started process (PID=9228) to work on /home/airflow/.local/lib/python3.8/site-packages/airflow/example_dags/example_xcom.py
[2023-10-11T07:20:28.531+0000] {processor.py:829} INFO - Processing file /home/airflow/.local/lib/python3.8/site-packages/airflow/example_dags/example_xcom.py for tasks to queue
[2023-10-11T07:20:28.532+0000] {logging_mixin.py:151} INFO - [2023-10-11T07:20:28.532+0000] {dagbag.py:539} INFO - Filling up the DagBag from /home/airflow/.local/lib/python3.8/site-packages/airflow/example_dags/example_xcom.py
[2023-10-11T07:20:28.541+0000] {processor.py:839} INFO - DAG(s) dict_keys(['example_xcom']) retrieved from /home/airflow/.local/lib/python3.8/site-packages/airflow/example_dags/example_xcom.py
[2023-10-11T07:20:28.571+0000] {logging_mixin.py:151} INFO - [2023-10-11T07:20:28.571+0000] {dag.py:2915} INFO - Sync 1 DAGs
[2023-10-11T07:20:28.596+0000] {logging_mixin.py:151} INFO - [2023-10-11T07:20:28.596+0000] {dag.py:3696} INFO - Setting next_dagrun for example_xcom to 2021-01-01T00:00:00+00:00, run_after=2021-01-01T00:00:00+00:00
[2023-10-11T07:20:28.629+0000] {processor.py:179} INFO - Processing /home/airflow/.local/lib/python3.8/site-packages/airflow/example_dags/example_xcom.py took 0.103 seconds
[2023-10-11T07:20:59.477+0000] {processor.py:157} INFO - Started process (PID=9471) to work on /home/airflow/.local/lib/python3.8/site-packages/airflow/example_dags/example_xcom.py
[2023-10-11T07:20:59.478+0000] {processor.py:829} INFO - Processing file /home/airflow/.local/lib/python3.8/site-packages/airflow/example_dags/example_xcom.py for tasks to queue
[2023-10-11T07:20:59.479+0000] {logging_mixin.py:151} INFO - [2023-10-11T07:20:59.479+0000] {dagbag.py:539} INFO - Filling up the DagBag from /home/airflow/.local/lib/python3.8/site-packages/airflow/example_dags/example_xcom.py
[2023-10-11T07:20:59.489+0000] {processor.py:839} INFO - DAG(s) dict_keys(['example_xcom']) retrieved from /home/airflow/.local/lib/python3.8/site-packages/airflow/example_dags/example_xcom.py
[2023-10-11T07:20:59.521+0000] {logging_mixin.py:151} INFO - [2023-10-11T07:20:59.521+0000] {dag.py:2915} INFO - Sync 1 DAGs
[2023-10-11T07:20:59.552+0000] {logging_mixin.py:151} INFO - [2023-10-11T07:20:59.552+0000] {dag.py:3696} INFO - Setting next_dagrun for example_xcom to 2021-01-01T00:00:00+00:00, run_after=2021-01-01T00:00:00+00:00
[2023-10-11T07:20:59.586+0000] {processor.py:179} INFO - Processing /home/airflow/.local/lib/python3.8/site-packages/airflow/example_dags/example_xcom.py took 0.115 seconds
[2023-10-11T07:21:30.137+0000] {processor.py:157} INFO - Started process (PID=9714) to work on /home/airflow/.local/lib/python3.8/site-packages/airflow/example_dags/example_xcom.py
[2023-10-11T07:21:30.140+0000] {processor.py:829} INFO - Processing file /home/airflow/.local/lib/python3.8/site-packages/airflow/example_dags/example_xcom.py for tasks to queue
[2023-10-11T07:21:30.141+0000] {logging_mixin.py:151} INFO - [2023-10-11T07:21:30.141+0000] {dagbag.py:539} INFO - Filling up the DagBag from /home/airflow/.local/lib/python3.8/site-packages/airflow/example_dags/example_xcom.py
[2023-10-11T07:21:30.152+0000] {processor.py:839} INFO - DAG(s) dict_keys(['example_xcom']) retrieved from /home/airflow/.local/lib/python3.8/site-packages/airflow/example_dags/example_xcom.py
[2023-10-11T07:21:30.175+0000] {logging_mixin.py:151} INFO - [2023-10-11T07:21:30.175+0000] {dag.py:2915} INFO - Sync 1 DAGs
[2023-10-11T07:21:30.191+0000] {logging_mixin.py:151} INFO - [2023-10-11T07:21:30.191+0000] {dag.py:3696} INFO - Setting next_dagrun for example_xcom to 2021-01-01T00:00:00+00:00, run_after=2021-01-01T00:00:00+00:00
[2023-10-11T07:21:30.207+0000] {processor.py:179} INFO - Processing /home/airflow/.local/lib/python3.8/site-packages/airflow/example_dags/example_xcom.py took 0.076 seconds
[2023-10-11T07:22:01.096+0000] {processor.py:157} INFO - Started process (PID=9957) to work on /home/airflow/.local/lib/python3.8/site-packages/airflow/example_dags/example_xcom.py
[2023-10-11T07:22:01.097+0000] {processor.py:829} INFO - Processing file /home/airflow/.local/lib/python3.8/site-packages/airflow/example_dags/example_xcom.py for tasks to queue
[2023-10-11T07:22:01.099+0000] {logging_mixin.py:151} INFO - [2023-10-11T07:22:01.098+0000] {dagbag.py:539} INFO - Filling up the DagBag from /home/airflow/.local/lib/python3.8/site-packages/airflow/example_dags/example_xcom.py
[2023-10-11T07:22:01.108+0000] {processor.py:839} INFO - DAG(s) dict_keys(['example_xcom']) retrieved from /home/airflow/.local/lib/python3.8/site-packages/airflow/example_dags/example_xcom.py
[2023-10-11T07:22:01.132+0000] {logging_mixin.py:151} INFO - [2023-10-11T07:22:01.132+0000] {dag.py:2915} INFO - Sync 1 DAGs
[2023-10-11T07:22:01.150+0000] {logging_mixin.py:151} INFO - [2023-10-11T07:22:01.150+0000] {dag.py:3696} INFO - Setting next_dagrun for example_xcom to 2021-01-01T00:00:00+00:00, run_after=2021-01-01T00:00:00+00:00
[2023-10-11T07:22:01.166+0000] {processor.py:179} INFO - Processing /home/airflow/.local/lib/python3.8/site-packages/airflow/example_dags/example_xcom.py took 0.074 seconds
[2023-10-11T07:22:32.048+0000] {processor.py:157} INFO - Started process (PID=10200) to work on /home/airflow/.local/lib/python3.8/site-packages/airflow/example_dags/example_xcom.py
[2023-10-11T07:22:32.051+0000] {processor.py:829} INFO - Processing file /home/airflow/.local/lib/python3.8/site-packages/airflow/example_dags/example_xcom.py for tasks to queue
[2023-10-11T07:22:32.057+0000] {logging_mixin.py:151} INFO - [2023-10-11T07:22:32.056+0000] {dagbag.py:539} INFO - Filling up the DagBag from /home/airflow/.local/lib/python3.8/site-packages/airflow/example_dags/example_xcom.py
[2023-10-11T07:22:32.069+0000] {processor.py:839} INFO - DAG(s) dict_keys(['example_xcom']) retrieved from /home/airflow/.local/lib/python3.8/site-packages/airflow/example_dags/example_xcom.py
[2023-10-11T07:22:32.089+0000] {logging_mixin.py:151} INFO - [2023-10-11T07:22:32.089+0000] {dag.py:2915} INFO - Sync 1 DAGs
[2023-10-11T07:22:32.102+0000] {logging_mixin.py:151} INFO - [2023-10-11T07:22:32.102+0000] {dag.py:3696} INFO - Setting next_dagrun for example_xcom to 2021-01-01T00:00:00+00:00, run_after=2021-01-01T00:00:00+00:00
[2023-10-11T07:22:32.112+0000] {processor.py:179} INFO - Processing /home/airflow/.local/lib/python3.8/site-packages/airflow/example_dags/example_xcom.py took 0.067 seconds
[2023-10-11T07:23:02.381+0000] {processor.py:157} INFO - Started process (PID=10443) to work on /home/airflow/.local/lib/python3.8/site-packages/airflow/example_dags/example_xcom.py
[2023-10-11T07:23:02.383+0000] {processor.py:829} INFO - Processing file /home/airflow/.local/lib/python3.8/site-packages/airflow/example_dags/example_xcom.py for tasks to queue
[2023-10-11T07:23:02.383+0000] {logging_mixin.py:151} INFO - [2023-10-11T07:23:02.383+0000] {dagbag.py:539} INFO - Filling up the DagBag from /home/airflow/.local/lib/python3.8/site-packages/airflow/example_dags/example_xcom.py
[2023-10-11T07:23:02.389+0000] {processor.py:839} INFO - DAG(s) dict_keys(['example_xcom']) retrieved from /home/airflow/.local/lib/python3.8/site-packages/airflow/example_dags/example_xcom.py
[2023-10-11T07:23:02.405+0000] {logging_mixin.py:151} INFO - [2023-10-11T07:23:02.405+0000] {dag.py:2915} INFO - Sync 1 DAGs
[2023-10-11T07:23:02.420+0000] {logging_mixin.py:151} INFO - [2023-10-11T07:23:02.420+0000] {dag.py:3696} INFO - Setting next_dagrun for example_xcom to 2021-01-01T00:00:00+00:00, run_after=2021-01-01T00:00:00+00:00
[2023-10-11T07:23:02.438+0000] {processor.py:179} INFO - Processing /home/airflow/.local/lib/python3.8/site-packages/airflow/example_dags/example_xcom.py took 0.059 seconds
[2023-10-11T07:23:32.492+0000] {processor.py:157} INFO - Started process (PID=10686) to work on /home/airflow/.local/lib/python3.8/site-packages/airflow/example_dags/example_xcom.py
[2023-10-11T07:23:32.493+0000] {processor.py:829} INFO - Processing file /home/airflow/.local/lib/python3.8/site-packages/airflow/example_dags/example_xcom.py for tasks to queue
[2023-10-11T07:23:32.494+0000] {logging_mixin.py:151} INFO - [2023-10-11T07:23:32.494+0000] {dagbag.py:539} INFO - Filling up the DagBag from /home/airflow/.local/lib/python3.8/site-packages/airflow/example_dags/example_xcom.py
[2023-10-11T07:23:32.501+0000] {processor.py:839} INFO - DAG(s) dict_keys(['example_xcom']) retrieved from /home/airflow/.local/lib/python3.8/site-packages/airflow/example_dags/example_xcom.py
[2023-10-11T07:23:32.517+0000] {logging_mixin.py:151} INFO - [2023-10-11T07:23:32.517+0000] {dag.py:2915} INFO - Sync 1 DAGs
[2023-10-11T07:23:32.532+0000] {logging_mixin.py:151} INFO - [2023-10-11T07:23:32.531+0000] {dag.py:3696} INFO - Setting next_dagrun for example_xcom to 2021-01-01T00:00:00+00:00, run_after=2021-01-01T00:00:00+00:00
[2023-10-11T07:23:32.543+0000] {processor.py:179} INFO - Processing /home/airflow/.local/lib/python3.8/site-packages/airflow/example_dags/example_xcom.py took 0.056 seconds
[2023-10-11T07:24:02.683+0000] {processor.py:157} INFO - Started process (PID=10929) to work on /home/airflow/.local/lib/python3.8/site-packages/airflow/example_dags/example_xcom.py
[2023-10-11T07:24:02.685+0000] {processor.py:829} INFO - Processing file /home/airflow/.local/lib/python3.8/site-packages/airflow/example_dags/example_xcom.py for tasks to queue
[2023-10-11T07:24:02.686+0000] {logging_mixin.py:151} INFO - [2023-10-11T07:24:02.685+0000] {dagbag.py:539} INFO - Filling up the DagBag from /home/airflow/.local/lib/python3.8/site-packages/airflow/example_dags/example_xcom.py
[2023-10-11T07:24:02.690+0000] {processor.py:839} INFO - DAG(s) dict_keys(['example_xcom']) retrieved from /home/airflow/.local/lib/python3.8/site-packages/airflow/example_dags/example_xcom.py
[2023-10-11T07:24:02.705+0000] {logging_mixin.py:151} INFO - [2023-10-11T07:24:02.704+0000] {dag.py:2915} INFO - Sync 1 DAGs
[2023-10-11T07:24:02.716+0000] {logging_mixin.py:151} INFO - [2023-10-11T07:24:02.716+0000] {dag.py:3696} INFO - Setting next_dagrun for example_xcom to 2021-01-01T00:00:00+00:00, run_after=2021-01-01T00:00:00+00:00
[2023-10-11T07:24:02.725+0000] {processor.py:179} INFO - Processing /home/airflow/.local/lib/python3.8/site-packages/airflow/example_dags/example_xcom.py took 0.045 seconds
[2023-10-11T07:24:33.046+0000] {processor.py:157} INFO - Started process (PID=11172) to work on /home/airflow/.local/lib/python3.8/site-packages/airflow/example_dags/example_xcom.py
[2023-10-11T07:24:33.072+0000] {processor.py:829} INFO - Processing file /home/airflow/.local/lib/python3.8/site-packages/airflow/example_dags/example_xcom.py for tasks to queue
[2023-10-11T07:24:33.074+0000] {logging_mixin.py:151} INFO - [2023-10-11T07:24:33.074+0000] {dagbag.py:539} INFO - Filling up the DagBag from /home/airflow/.local/lib/python3.8/site-packages/airflow/example_dags/example_xcom.py
[2023-10-11T07:24:33.080+0000] {processor.py:839} INFO - DAG(s) dict_keys(['example_xcom']) retrieved from /home/airflow/.local/lib/python3.8/site-packages/airflow/example_dags/example_xcom.py
[2023-10-11T07:24:33.098+0000] {logging_mixin.py:151} INFO - [2023-10-11T07:24:33.098+0000] {dag.py:2915} INFO - Sync 1 DAGs
[2023-10-11T07:24:33.112+0000] {logging_mixin.py:151} INFO - [2023-10-11T07:24:33.112+0000] {dag.py:3696} INFO - Setting next_dagrun for example_xcom to 2021-01-01T00:00:00+00:00, run_after=2021-01-01T00:00:00+00:00
[2023-10-11T07:24:33.125+0000] {processor.py:179} INFO - Processing /home/airflow/.local/lib/python3.8/site-packages/airflow/example_dags/example_xcom.py took 0.082 seconds
[2023-10-11T07:25:03.270+0000] {processor.py:157} INFO - Started process (PID=11415) to work on /home/airflow/.local/lib/python3.8/site-packages/airflow/example_dags/example_xcom.py
[2023-10-11T07:25:03.272+0000] {processor.py:829} INFO - Processing file /home/airflow/.local/lib/python3.8/site-packages/airflow/example_dags/example_xcom.py for tasks to queue
[2023-10-11T07:25:03.273+0000] {logging_mixin.py:151} INFO - [2023-10-11T07:25:03.272+0000] {dagbag.py:539} INFO - Filling up the DagBag from /home/airflow/.local/lib/python3.8/site-packages/airflow/example_dags/example_xcom.py
[2023-10-11T07:25:03.278+0000] {processor.py:839} INFO - DAG(s) dict_keys(['example_xcom']) retrieved from /home/airflow/.local/lib/python3.8/site-packages/airflow/example_dags/example_xcom.py
[2023-10-11T07:25:03.294+0000] {logging_mixin.py:151} INFO - [2023-10-11T07:25:03.294+0000] {dag.py:2915} INFO - Sync 1 DAGs
[2023-10-11T07:25:03.307+0000] {logging_mixin.py:151} INFO - [2023-10-11T07:25:03.307+0000] {dag.py:3696} INFO - Setting next_dagrun for example_xcom to 2021-01-01T00:00:00+00:00, run_after=2021-01-01T00:00:00+00:00
[2023-10-11T07:25:03.318+0000] {processor.py:179} INFO - Processing /home/airflow/.local/lib/python3.8/site-packages/airflow/example_dags/example_xcom.py took 0.051 seconds
[2023-10-11T07:25:34.195+0000] {processor.py:157} INFO - Started process (PID=11658) to work on /home/airflow/.local/lib/python3.8/site-packages/airflow/example_dags/example_xcom.py
[2023-10-11T07:25:34.205+0000] {processor.py:829} INFO - Processing file /home/airflow/.local/lib/python3.8/site-packages/airflow/example_dags/example_xcom.py for tasks to queue
[2023-10-11T07:25:34.207+0000] {logging_mixin.py:151} INFO - [2023-10-11T07:25:34.207+0000] {dagbag.py:539} INFO - Filling up the DagBag from /home/airflow/.local/lib/python3.8/site-packages/airflow/example_dags/example_xcom.py
[2023-10-11T07:25:34.225+0000] {processor.py:839} INFO - DAG(s) dict_keys(['example_xcom']) retrieved from /home/airflow/.local/lib/python3.8/site-packages/airflow/example_dags/example_xcom.py
[2023-10-11T07:25:34.317+0000] {logging_mixin.py:151} INFO - [2023-10-11T07:25:34.317+0000] {dag.py:2915} INFO - Sync 1 DAGs
[2023-10-11T07:25:34.349+0000] {logging_mixin.py:151} INFO - [2023-10-11T07:25:34.349+0000] {dag.py:3696} INFO - Setting next_dagrun for example_xcom to 2021-01-01T00:00:00+00:00, run_after=2021-01-01T00:00:00+00:00
[2023-10-11T07:25:34.391+0000] {processor.py:179} INFO - Processing /home/airflow/.local/lib/python3.8/site-packages/airflow/example_dags/example_xcom.py took 0.217 seconds
[2023-10-11T07:26:04.537+0000] {processor.py:157} INFO - Started process (PID=11901) to work on /home/airflow/.local/lib/python3.8/site-packages/airflow/example_dags/example_xcom.py
[2023-10-11T07:26:04.539+0000] {processor.py:829} INFO - Processing file /home/airflow/.local/lib/python3.8/site-packages/airflow/example_dags/example_xcom.py for tasks to queue
[2023-10-11T07:26:04.540+0000] {logging_mixin.py:151} INFO - [2023-10-11T07:26:04.540+0000] {dagbag.py:539} INFO - Filling up the DagBag from /home/airflow/.local/lib/python3.8/site-packages/airflow/example_dags/example_xcom.py
[2023-10-11T07:26:04.569+0000] {processor.py:839} INFO - DAG(s) dict_keys(['example_xcom']) retrieved from /home/airflow/.local/lib/python3.8/site-packages/airflow/example_dags/example_xcom.py
[2023-10-11T07:26:04.622+0000] {logging_mixin.py:151} INFO - [2023-10-11T07:26:04.622+0000] {dag.py:2915} INFO - Sync 1 DAGs
[2023-10-11T07:26:04.655+0000] {logging_mixin.py:151} INFO - [2023-10-11T07:26:04.654+0000] {dag.py:3696} INFO - Setting next_dagrun for example_xcom to 2021-01-01T00:00:00+00:00, run_after=2021-01-01T00:00:00+00:00
[2023-10-11T07:26:04.695+0000] {processor.py:179} INFO - Processing /home/airflow/.local/lib/python3.8/site-packages/airflow/example_dags/example_xcom.py took 0.163 seconds
[2023-10-11T07:26:34.845+0000] {processor.py:157} INFO - Started process (PID=12144) to work on /home/airflow/.local/lib/python3.8/site-packages/airflow/example_dags/example_xcom.py
[2023-10-11T07:26:34.848+0000] {processor.py:829} INFO - Processing file /home/airflow/.local/lib/python3.8/site-packages/airflow/example_dags/example_xcom.py for tasks to queue
[2023-10-11T07:26:34.857+0000] {logging_mixin.py:151} INFO - [2023-10-11T07:26:34.856+0000] {dagbag.py:539} INFO - Filling up the DagBag from /home/airflow/.local/lib/python3.8/site-packages/airflow/example_dags/example_xcom.py
[2023-10-11T07:26:34.881+0000] {processor.py:839} INFO - DAG(s) dict_keys(['example_xcom']) retrieved from /home/airflow/.local/lib/python3.8/site-packages/airflow/example_dags/example_xcom.py
[2023-10-11T07:26:34.896+0000] {logging_mixin.py:151} INFO - [2023-10-11T07:26:34.896+0000] {dag.py:2915} INFO - Sync 1 DAGs
[2023-10-11T07:26:34.908+0000] {logging_mixin.py:151} INFO - [2023-10-11T07:26:34.908+0000] {dag.py:3696} INFO - Setting next_dagrun for example_xcom to 2021-01-01T00:00:00+00:00, run_after=2021-01-01T00:00:00+00:00
[2023-10-11T07:26:34.919+0000] {processor.py:179} INFO - Processing /home/airflow/.local/lib/python3.8/site-packages/airflow/example_dags/example_xcom.py took 0.078 seconds
[2023-10-11T07:27:05.464+0000] {processor.py:157} INFO - Started process (PID=12387) to work on /home/airflow/.local/lib/python3.8/site-packages/airflow/example_dags/example_xcom.py
[2023-10-11T07:27:05.469+0000] {processor.py:829} INFO - Processing file /home/airflow/.local/lib/python3.8/site-packages/airflow/example_dags/example_xcom.py for tasks to queue
[2023-10-11T07:27:05.473+0000] {logging_mixin.py:151} INFO - [2023-10-11T07:27:05.473+0000] {dagbag.py:539} INFO - Filling up the DagBag from /home/airflow/.local/lib/python3.8/site-packages/airflow/example_dags/example_xcom.py
[2023-10-11T07:27:05.479+0000] {processor.py:839} INFO - DAG(s) dict_keys(['example_xcom']) retrieved from /home/airflow/.local/lib/python3.8/site-packages/airflow/example_dags/example_xcom.py
[2023-10-11T07:27:05.494+0000] {logging_mixin.py:151} INFO - [2023-10-11T07:27:05.494+0000] {dag.py:2915} INFO - Sync 1 DAGs
[2023-10-11T07:27:05.507+0000] {logging_mixin.py:151} INFO - [2023-10-11T07:27:05.506+0000] {dag.py:3696} INFO - Setting next_dagrun for example_xcom to 2021-01-01T00:00:00+00:00, run_after=2021-01-01T00:00:00+00:00
[2023-10-11T07:27:05.517+0000] {processor.py:179} INFO - Processing /home/airflow/.local/lib/python3.8/site-packages/airflow/example_dags/example_xcom.py took 0.055 seconds
[2023-10-11T07:27:36.125+0000] {processor.py:157} INFO - Started process (PID=12630) to work on /home/airflow/.local/lib/python3.8/site-packages/airflow/example_dags/example_xcom.py
[2023-10-11T07:27:36.127+0000] {processor.py:829} INFO - Processing file /home/airflow/.local/lib/python3.8/site-packages/airflow/example_dags/example_xcom.py for tasks to queue
[2023-10-11T07:27:36.128+0000] {logging_mixin.py:151} INFO - [2023-10-11T07:27:36.128+0000] {dagbag.py:539} INFO - Filling up the DagBag from /home/airflow/.local/lib/python3.8/site-packages/airflow/example_dags/example_xcom.py
[2023-10-11T07:27:36.134+0000] {processor.py:839} INFO - DAG(s) dict_keys(['example_xcom']) retrieved from /home/airflow/.local/lib/python3.8/site-packages/airflow/example_dags/example_xcom.py
[2023-10-11T07:27:36.169+0000] {logging_mixin.py:151} INFO - [2023-10-11T07:27:36.169+0000] {dag.py:2915} INFO - Sync 1 DAGs
[2023-10-11T07:27:36.184+0000] {logging_mixin.py:151} INFO - [2023-10-11T07:27:36.184+0000] {dag.py:3696} INFO - Setting next_dagrun for example_xcom to 2021-01-01T00:00:00+00:00, run_after=2021-01-01T00:00:00+00:00
[2023-10-11T07:27:36.193+0000] {processor.py:179} INFO - Processing /home/airflow/.local/lib/python3.8/site-packages/airflow/example_dags/example_xcom.py took 0.071 seconds
[2023-10-11T07:28:06.275+0000] {processor.py:157} INFO - Started process (PID=12873) to work on /home/airflow/.local/lib/python3.8/site-packages/airflow/example_dags/example_xcom.py
[2023-10-11T07:28:06.276+0000] {processor.py:829} INFO - Processing file /home/airflow/.local/lib/python3.8/site-packages/airflow/example_dags/example_xcom.py for tasks to queue
[2023-10-11T07:28:06.277+0000] {logging_mixin.py:151} INFO - [2023-10-11T07:28:06.276+0000] {dagbag.py:539} INFO - Filling up the DagBag from /home/airflow/.local/lib/python3.8/site-packages/airflow/example_dags/example_xcom.py
[2023-10-11T07:28:06.282+0000] {processor.py:839} INFO - DAG(s) dict_keys(['example_xcom']) retrieved from /home/airflow/.local/lib/python3.8/site-packages/airflow/example_dags/example_xcom.py
[2023-10-11T07:28:06.299+0000] {logging_mixin.py:151} INFO - [2023-10-11T07:28:06.298+0000] {dag.py:2915} INFO - Sync 1 DAGs
[2023-10-11T07:28:06.312+0000] {logging_mixin.py:151} INFO - [2023-10-11T07:28:06.312+0000] {dag.py:3696} INFO - Setting next_dagrun for example_xcom to 2021-01-01T00:00:00+00:00, run_after=2021-01-01T00:00:00+00:00
[2023-10-11T07:28:06.323+0000] {processor.py:179} INFO - Processing /home/airflow/.local/lib/python3.8/site-packages/airflow/example_dags/example_xcom.py took 0.050 seconds
[2023-10-11T07:28:36.639+0000] {processor.py:157} INFO - Started process (PID=13116) to work on /home/airflow/.local/lib/python3.8/site-packages/airflow/example_dags/example_xcom.py
[2023-10-11T07:28:36.640+0000] {processor.py:829} INFO - Processing file /home/airflow/.local/lib/python3.8/site-packages/airflow/example_dags/example_xcom.py for tasks to queue
[2023-10-11T07:28:36.652+0000] {logging_mixin.py:151} INFO - [2023-10-11T07:28:36.651+0000] {dagbag.py:539} INFO - Filling up the DagBag from /home/airflow/.local/lib/python3.8/site-packages/airflow/example_dags/example_xcom.py
[2023-10-11T07:28:36.670+0000] {processor.py:839} INFO - DAG(s) dict_keys(['example_xcom']) retrieved from /home/airflow/.local/lib/python3.8/site-packages/airflow/example_dags/example_xcom.py
[2023-10-11T07:28:36.692+0000] {logging_mixin.py:151} INFO - [2023-10-11T07:28:36.692+0000] {dag.py:2915} INFO - Sync 1 DAGs
[2023-10-11T07:28:36.709+0000] {logging_mixin.py:151} INFO - [2023-10-11T07:28:36.708+0000] {dag.py:3696} INFO - Setting next_dagrun for example_xcom to 2021-01-01T00:00:00+00:00, run_after=2021-01-01T00:00:00+00:00
[2023-10-11T07:28:36.719+0000] {processor.py:179} INFO - Processing /home/airflow/.local/lib/python3.8/site-packages/airflow/example_dags/example_xcom.py took 0.084 seconds
