[2023-10-11T07:01:34.048+0000] {processor.py:157} INFO - Started process (PID=265) to work on /home/airflow/.local/lib/python3.8/site-packages/airflow/example_dags/example_params_trigger_ui.py
[2023-10-11T07:01:34.049+0000] {processor.py:829} INFO - Processing file /home/airflow/.local/lib/python3.8/site-packages/airflow/example_dags/example_params_trigger_ui.py for tasks to queue
[2023-10-11T07:01:34.050+0000] {logging_mixin.py:151} INFO - [2023-10-11T07:01:34.050+0000] {dagbag.py:539} INFO - Filling up the DagBag from /home/airflow/.local/lib/python3.8/site-packages/airflow/example_dags/example_params_trigger_ui.py
[2023-10-11T07:01:34.098+0000] {processor.py:839} INFO - DAG(s) dict_keys(['example_params_trigger_ui']) retrieved from /home/airflow/.local/lib/python3.8/site-packages/airflow/example_dags/example_params_trigger_ui.py
[2023-10-11T07:01:34.409+0000] {logging_mixin.py:151} INFO - [2023-10-11T07:01:34.408+0000] {manager.py:499} INFO - Created Permission View: %s
[2023-10-11T07:01:34.423+0000] {logging_mixin.py:151} INFO - [2023-10-11T07:01:34.422+0000] {manager.py:499} INFO - Created Permission View: %s
[2023-10-11T07:01:34.429+0000] {logging_mixin.py:151} INFO - [2023-10-11T07:01:34.429+0000] {manager.py:499} INFO - Created Permission View: %s
[2023-10-11T07:01:34.429+0000] {logging_mixin.py:151} INFO - [2023-10-11T07:01:34.429+0000] {security.py:708} INFO - Not syncing DAG-level permissions for DAG 'DAG:example_params_trigger_ui' as access control is unset.
[2023-10-11T07:01:34.430+0000] {logging_mixin.py:151} INFO - [2023-10-11T07:01:34.430+0000] {dag.py:2915} INFO - Sync 1 DAGs
[2023-10-11T07:01:34.438+0000] {logging_mixin.py:151} INFO - [2023-10-11T07:01:34.438+0000] {dag.py:2937} INFO - Creating ORM DAG for example_params_trigger_ui
[2023-10-11T07:01:34.439+0000] {logging_mixin.py:151} INFO - [2023-10-11T07:01:34.439+0000] {dag.py:3696} INFO - Setting next_dagrun for example_params_trigger_ui to None, run_after=None
[2023-10-11T07:01:34.453+0000] {processor.py:179} INFO - Processing /home/airflow/.local/lib/python3.8/site-packages/airflow/example_dags/example_params_trigger_ui.py took 0.408 seconds
[2023-10-11T07:02:04.711+0000] {processor.py:157} INFO - Started process (PID=506) to work on /home/airflow/.local/lib/python3.8/site-packages/airflow/example_dags/example_params_trigger_ui.py
[2023-10-11T07:02:04.712+0000] {processor.py:829} INFO - Processing file /home/airflow/.local/lib/python3.8/site-packages/airflow/example_dags/example_params_trigger_ui.py for tasks to queue
[2023-10-11T07:02:04.712+0000] {logging_mixin.py:151} INFO - [2023-10-11T07:02:04.712+0000] {dagbag.py:539} INFO - Filling up the DagBag from /home/airflow/.local/lib/python3.8/site-packages/airflow/example_dags/example_params_trigger_ui.py
[2023-10-11T07:02:04.727+0000] {processor.py:839} INFO - DAG(s) dict_keys(['example_params_trigger_ui']) retrieved from /home/airflow/.local/lib/python3.8/site-packages/airflow/example_dags/example_params_trigger_ui.py
[2023-10-11T07:02:04.758+0000] {logging_mixin.py:151} INFO - [2023-10-11T07:02:04.758+0000] {dag.py:2915} INFO - Sync 1 DAGs
[2023-10-11T07:02:04.774+0000] {logging_mixin.py:151} INFO - [2023-10-11T07:02:04.774+0000] {dag.py:3696} INFO - Setting next_dagrun for example_params_trigger_ui to None, run_after=None
[2023-10-11T07:02:04.794+0000] {processor.py:179} INFO - Processing /home/airflow/.local/lib/python3.8/site-packages/airflow/example_dags/example_params_trigger_ui.py took 0.087 seconds
[2023-10-11T07:02:35.480+0000] {processor.py:157} INFO - Started process (PID=741) to work on /home/airflow/.local/lib/python3.8/site-packages/airflow/example_dags/example_params_trigger_ui.py
[2023-10-11T07:02:35.485+0000] {processor.py:829} INFO - Processing file /home/airflow/.local/lib/python3.8/site-packages/airflow/example_dags/example_params_trigger_ui.py for tasks to queue
[2023-10-11T07:02:35.488+0000] {logging_mixin.py:151} INFO - [2023-10-11T07:02:35.486+0000] {dagbag.py:539} INFO - Filling up the DagBag from /home/airflow/.local/lib/python3.8/site-packages/airflow/example_dags/example_params_trigger_ui.py
[2023-10-11T07:02:35.504+0000] {processor.py:839} INFO - DAG(s) dict_keys(['example_params_trigger_ui']) retrieved from /home/airflow/.local/lib/python3.8/site-packages/airflow/example_dags/example_params_trigger_ui.py
[2023-10-11T07:02:35.535+0000] {logging_mixin.py:151} INFO - [2023-10-11T07:02:35.535+0000] {dag.py:2915} INFO - Sync 1 DAGs
[2023-10-11T07:02:35.542+0000] {logging_mixin.py:151} INFO - [2023-10-11T07:02:35.542+0000] {dag.py:3696} INFO - Setting next_dagrun for example_params_trigger_ui to None, run_after=None
[2023-10-11T07:02:35.552+0000] {processor.py:179} INFO - Processing /home/airflow/.local/lib/python3.8/site-packages/airflow/example_dags/example_params_trigger_ui.py took 0.076 seconds
[2023-10-11T07:03:06.445+0000] {processor.py:157} INFO - Started process (PID=979) to work on /home/airflow/.local/lib/python3.8/site-packages/airflow/example_dags/example_params_trigger_ui.py
[2023-10-11T07:03:06.446+0000] {processor.py:829} INFO - Processing file /home/airflow/.local/lib/python3.8/site-packages/airflow/example_dags/example_params_trigger_ui.py for tasks to queue
[2023-10-11T07:03:06.446+0000] {logging_mixin.py:151} INFO - [2023-10-11T07:03:06.446+0000] {dagbag.py:539} INFO - Filling up the DagBag from /home/airflow/.local/lib/python3.8/site-packages/airflow/example_dags/example_params_trigger_ui.py
[2023-10-11T07:03:06.487+0000] {processor.py:839} INFO - DAG(s) dict_keys(['example_params_trigger_ui']) retrieved from /home/airflow/.local/lib/python3.8/site-packages/airflow/example_dags/example_params_trigger_ui.py
[2023-10-11T07:03:06.526+0000] {logging_mixin.py:151} INFO - [2023-10-11T07:03:06.526+0000] {dag.py:2915} INFO - Sync 1 DAGs
[2023-10-11T07:03:06.537+0000] {logging_mixin.py:151} INFO - [2023-10-11T07:03:06.537+0000] {dag.py:3696} INFO - Setting next_dagrun for example_params_trigger_ui to None, run_after=None
[2023-10-11T07:03:06.546+0000] {processor.py:179} INFO - Processing /home/airflow/.local/lib/python3.8/site-packages/airflow/example_dags/example_params_trigger_ui.py took 0.104 seconds
[2023-10-11T07:03:37.211+0000] {processor.py:157} INFO - Started process (PID=1217) to work on /home/airflow/.local/lib/python3.8/site-packages/airflow/example_dags/example_params_trigger_ui.py
[2023-10-11T07:03:37.212+0000] {processor.py:829} INFO - Processing file /home/airflow/.local/lib/python3.8/site-packages/airflow/example_dags/example_params_trigger_ui.py for tasks to queue
[2023-10-11T07:03:37.212+0000] {logging_mixin.py:151} INFO - [2023-10-11T07:03:37.212+0000] {dagbag.py:539} INFO - Filling up the DagBag from /home/airflow/.local/lib/python3.8/site-packages/airflow/example_dags/example_params_trigger_ui.py
[2023-10-11T07:03:37.225+0000] {processor.py:839} INFO - DAG(s) dict_keys(['example_params_trigger_ui']) retrieved from /home/airflow/.local/lib/python3.8/site-packages/airflow/example_dags/example_params_trigger_ui.py
[2023-10-11T07:03:37.252+0000] {logging_mixin.py:151} INFO - [2023-10-11T07:03:37.252+0000] {dag.py:2915} INFO - Sync 1 DAGs
[2023-10-11T07:03:37.273+0000] {logging_mixin.py:151} INFO - [2023-10-11T07:03:37.273+0000] {dag.py:3696} INFO - Setting next_dagrun for example_params_trigger_ui to None, run_after=None
[2023-10-11T07:03:37.294+0000] {processor.py:179} INFO - Processing /home/airflow/.local/lib/python3.8/site-packages/airflow/example_dags/example_params_trigger_ui.py took 0.086 seconds
[2023-10-11T07:04:07.428+0000] {processor.py:157} INFO - Started process (PID=1455) to work on /home/airflow/.local/lib/python3.8/site-packages/airflow/example_dags/example_params_trigger_ui.py
[2023-10-11T07:04:07.429+0000] {processor.py:829} INFO - Processing file /home/airflow/.local/lib/python3.8/site-packages/airflow/example_dags/example_params_trigger_ui.py for tasks to queue
[2023-10-11T07:04:07.430+0000] {logging_mixin.py:151} INFO - [2023-10-11T07:04:07.430+0000] {dagbag.py:539} INFO - Filling up the DagBag from /home/airflow/.local/lib/python3.8/site-packages/airflow/example_dags/example_params_trigger_ui.py
[2023-10-11T07:04:07.445+0000] {processor.py:839} INFO - DAG(s) dict_keys(['example_params_trigger_ui']) retrieved from /home/airflow/.local/lib/python3.8/site-packages/airflow/example_dags/example_params_trigger_ui.py
[2023-10-11T07:04:07.489+0000] {logging_mixin.py:151} INFO - [2023-10-11T07:04:07.489+0000] {dag.py:2915} INFO - Sync 1 DAGs
[2023-10-11T07:04:07.519+0000] {logging_mixin.py:151} INFO - [2023-10-11T07:04:07.519+0000] {dag.py:3696} INFO - Setting next_dagrun for example_params_trigger_ui to None, run_after=None
[2023-10-11T07:04:07.545+0000] {processor.py:179} INFO - Processing /home/airflow/.local/lib/python3.8/site-packages/airflow/example_dags/example_params_trigger_ui.py took 0.120 seconds
[2023-10-11T07:04:38.408+0000] {processor.py:157} INFO - Started process (PID=1695) to work on /home/airflow/.local/lib/python3.8/site-packages/airflow/example_dags/example_params_trigger_ui.py
[2023-10-11T07:04:38.409+0000] {processor.py:829} INFO - Processing file /home/airflow/.local/lib/python3.8/site-packages/airflow/example_dags/example_params_trigger_ui.py for tasks to queue
[2023-10-11T07:04:38.409+0000] {logging_mixin.py:151} INFO - [2023-10-11T07:04:38.409+0000] {dagbag.py:539} INFO - Filling up the DagBag from /home/airflow/.local/lib/python3.8/site-packages/airflow/example_dags/example_params_trigger_ui.py
[2023-10-11T07:04:38.423+0000] {processor.py:839} INFO - DAG(s) dict_keys(['example_params_trigger_ui']) retrieved from /home/airflow/.local/lib/python3.8/site-packages/airflow/example_dags/example_params_trigger_ui.py
[2023-10-11T07:04:38.450+0000] {logging_mixin.py:151} INFO - [2023-10-11T07:04:38.450+0000] {dag.py:2915} INFO - Sync 1 DAGs
[2023-10-11T07:04:38.475+0000] {logging_mixin.py:151} INFO - [2023-10-11T07:04:38.474+0000] {dag.py:3696} INFO - Setting next_dagrun for example_params_trigger_ui to None, run_after=None
[2023-10-11T07:04:38.495+0000] {processor.py:179} INFO - Processing /home/airflow/.local/lib/python3.8/site-packages/airflow/example_dags/example_params_trigger_ui.py took 0.090 seconds
[2023-10-11T07:05:08.983+0000] {processor.py:157} INFO - Started process (PID=1931) to work on /home/airflow/.local/lib/python3.8/site-packages/airflow/example_dags/example_params_trigger_ui.py
[2023-10-11T07:05:08.984+0000] {processor.py:829} INFO - Processing file /home/airflow/.local/lib/python3.8/site-packages/airflow/example_dags/example_params_trigger_ui.py for tasks to queue
[2023-10-11T07:05:08.985+0000] {logging_mixin.py:151} INFO - [2023-10-11T07:05:08.984+0000] {dagbag.py:539} INFO - Filling up the DagBag from /home/airflow/.local/lib/python3.8/site-packages/airflow/example_dags/example_params_trigger_ui.py
[2023-10-11T07:05:09.008+0000] {processor.py:839} INFO - DAG(s) dict_keys(['example_params_trigger_ui']) retrieved from /home/airflow/.local/lib/python3.8/site-packages/airflow/example_dags/example_params_trigger_ui.py
[2023-10-11T07:05:09.044+0000] {logging_mixin.py:151} INFO - [2023-10-11T07:05:09.044+0000] {dag.py:2915} INFO - Sync 1 DAGs
[2023-10-11T07:05:09.052+0000] {logging_mixin.py:151} INFO - [2023-10-11T07:05:09.051+0000] {dag.py:3696} INFO - Setting next_dagrun for example_params_trigger_ui to None, run_after=None
[2023-10-11T07:05:09.083+0000] {processor.py:179} INFO - Processing /home/airflow/.local/lib/python3.8/site-packages/airflow/example_dags/example_params_trigger_ui.py took 0.103 seconds
[2023-10-11T07:05:39.791+0000] {processor.py:157} INFO - Started process (PID=2169) to work on /home/airflow/.local/lib/python3.8/site-packages/airflow/example_dags/example_params_trigger_ui.py
[2023-10-11T07:05:39.791+0000] {processor.py:829} INFO - Processing file /home/airflow/.local/lib/python3.8/site-packages/airflow/example_dags/example_params_trigger_ui.py for tasks to queue
[2023-10-11T07:05:39.792+0000] {logging_mixin.py:151} INFO - [2023-10-11T07:05:39.792+0000] {dagbag.py:539} INFO - Filling up the DagBag from /home/airflow/.local/lib/python3.8/site-packages/airflow/example_dags/example_params_trigger_ui.py
[2023-10-11T07:05:39.804+0000] {processor.py:839} INFO - DAG(s) dict_keys(['example_params_trigger_ui']) retrieved from /home/airflow/.local/lib/python3.8/site-packages/airflow/example_dags/example_params_trigger_ui.py
[2023-10-11T07:05:39.830+0000] {logging_mixin.py:151} INFO - [2023-10-11T07:05:39.830+0000] {dag.py:2915} INFO - Sync 1 DAGs
[2023-10-11T07:05:39.837+0000] {logging_mixin.py:151} INFO - [2023-10-11T07:05:39.836+0000] {dag.py:3696} INFO - Setting next_dagrun for example_params_trigger_ui to None, run_after=None
[2023-10-11T07:05:39.845+0000] {processor.py:179} INFO - Processing /home/airflow/.local/lib/python3.8/site-packages/airflow/example_dags/example_params_trigger_ui.py took 0.057 seconds
[2023-10-11T07:06:10.150+0000] {processor.py:157} INFO - Started process (PID=2407) to work on /home/airflow/.local/lib/python3.8/site-packages/airflow/example_dags/example_params_trigger_ui.py
[2023-10-11T07:06:10.160+0000] {processor.py:829} INFO - Processing file /home/airflow/.local/lib/python3.8/site-packages/airflow/example_dags/example_params_trigger_ui.py for tasks to queue
[2023-10-11T07:06:10.162+0000] {logging_mixin.py:151} INFO - [2023-10-11T07:06:10.162+0000] {dagbag.py:539} INFO - Filling up the DagBag from /home/airflow/.local/lib/python3.8/site-packages/airflow/example_dags/example_params_trigger_ui.py
[2023-10-11T07:06:10.186+0000] {processor.py:839} INFO - DAG(s) dict_keys(['example_params_trigger_ui']) retrieved from /home/airflow/.local/lib/python3.8/site-packages/airflow/example_dags/example_params_trigger_ui.py
[2023-10-11T07:06:10.214+0000] {logging_mixin.py:151} INFO - [2023-10-11T07:06:10.214+0000] {dag.py:2915} INFO - Sync 1 DAGs
[2023-10-11T07:06:10.221+0000] {logging_mixin.py:151} INFO - [2023-10-11T07:06:10.221+0000] {dag.py:3696} INFO - Setting next_dagrun for example_params_trigger_ui to None, run_after=None
[2023-10-11T07:06:10.231+0000] {processor.py:179} INFO - Processing /home/airflow/.local/lib/python3.8/site-packages/airflow/example_dags/example_params_trigger_ui.py took 0.084 seconds
[2023-10-11T07:06:40.721+0000] {processor.py:157} INFO - Started process (PID=2652) to work on /home/airflow/.local/lib/python3.8/site-packages/airflow/example_dags/example_params_trigger_ui.py
[2023-10-11T07:06:40.722+0000] {processor.py:829} INFO - Processing file /home/airflow/.local/lib/python3.8/site-packages/airflow/example_dags/example_params_trigger_ui.py for tasks to queue
[2023-10-11T07:06:40.723+0000] {logging_mixin.py:151} INFO - [2023-10-11T07:06:40.723+0000] {dagbag.py:539} INFO - Filling up the DagBag from /home/airflow/.local/lib/python3.8/site-packages/airflow/example_dags/example_params_trigger_ui.py
[2023-10-11T07:06:40.734+0000] {processor.py:839} INFO - DAG(s) dict_keys(['example_params_trigger_ui']) retrieved from /home/airflow/.local/lib/python3.8/site-packages/airflow/example_dags/example_params_trigger_ui.py
[2023-10-11T07:06:40.762+0000] {logging_mixin.py:151} INFO - [2023-10-11T07:06:40.761+0000] {dag.py:2915} INFO - Sync 1 DAGs
[2023-10-11T07:06:40.770+0000] {logging_mixin.py:151} INFO - [2023-10-11T07:06:40.770+0000] {dag.py:3696} INFO - Setting next_dagrun for example_params_trigger_ui to None, run_after=None
[2023-10-11T07:06:40.786+0000] {processor.py:179} INFO - Processing /home/airflow/.local/lib/python3.8/site-packages/airflow/example_dags/example_params_trigger_ui.py took 0.067 seconds
[2023-10-11T07:07:11.526+0000] {processor.py:157} INFO - Started process (PID=2892) to work on /home/airflow/.local/lib/python3.8/site-packages/airflow/example_dags/example_params_trigger_ui.py
[2023-10-11T07:07:11.528+0000] {processor.py:829} INFO - Processing file /home/airflow/.local/lib/python3.8/site-packages/airflow/example_dags/example_params_trigger_ui.py for tasks to queue
[2023-10-11T07:07:11.529+0000] {logging_mixin.py:151} INFO - [2023-10-11T07:07:11.529+0000] {dagbag.py:539} INFO - Filling up the DagBag from /home/airflow/.local/lib/python3.8/site-packages/airflow/example_dags/example_params_trigger_ui.py
[2023-10-11T07:07:11.543+0000] {processor.py:839} INFO - DAG(s) dict_keys(['example_params_trigger_ui']) retrieved from /home/airflow/.local/lib/python3.8/site-packages/airflow/example_dags/example_params_trigger_ui.py
[2023-10-11T07:07:11.599+0000] {logging_mixin.py:151} INFO - [2023-10-11T07:07:11.599+0000] {dag.py:2915} INFO - Sync 1 DAGs
[2023-10-11T07:07:11.607+0000] {logging_mixin.py:151} INFO - [2023-10-11T07:07:11.607+0000] {dag.py:3696} INFO - Setting next_dagrun for example_params_trigger_ui to None, run_after=None
[2023-10-11T07:07:11.618+0000] {processor.py:179} INFO - Processing /home/airflow/.local/lib/python3.8/site-packages/airflow/example_dags/example_params_trigger_ui.py took 0.095 seconds
[2023-10-11T07:07:43.603+0000] {processor.py:157} INFO - Started process (PID=3140) to work on /home/airflow/.local/lib/python3.8/site-packages/airflow/example_dags/example_params_trigger_ui.py
[2023-10-11T07:07:43.605+0000] {processor.py:829} INFO - Processing file /home/airflow/.local/lib/python3.8/site-packages/airflow/example_dags/example_params_trigger_ui.py for tasks to queue
[2023-10-11T07:07:43.606+0000] {logging_mixin.py:151} INFO - [2023-10-11T07:07:43.606+0000] {dagbag.py:539} INFO - Filling up the DagBag from /home/airflow/.local/lib/python3.8/site-packages/airflow/example_dags/example_params_trigger_ui.py
[2023-10-11T07:07:43.629+0000] {processor.py:839} INFO - DAG(s) dict_keys(['example_params_trigger_ui']) retrieved from /home/airflow/.local/lib/python3.8/site-packages/airflow/example_dags/example_params_trigger_ui.py
[2023-10-11T07:07:43.690+0000] {logging_mixin.py:151} INFO - [2023-10-11T07:07:43.690+0000] {dag.py:2915} INFO - Sync 1 DAGs
[2023-10-11T07:07:43.704+0000] {logging_mixin.py:151} INFO - [2023-10-11T07:07:43.703+0000] {dag.py:3696} INFO - Setting next_dagrun for example_params_trigger_ui to None, run_after=None
[2023-10-11T07:07:43.722+0000] {processor.py:179} INFO - Processing /home/airflow/.local/lib/python3.8/site-packages/airflow/example_dags/example_params_trigger_ui.py took 0.123 seconds
[2023-10-11T07:08:14.030+0000] {processor.py:157} INFO - Started process (PID=3409) to work on /home/airflow/.local/lib/python3.8/site-packages/airflow/example_dags/example_params_trigger_ui.py
[2023-10-11T07:08:14.031+0000] {processor.py:829} INFO - Processing file /home/airflow/.local/lib/python3.8/site-packages/airflow/example_dags/example_params_trigger_ui.py for tasks to queue
[2023-10-11T07:08:14.031+0000] {logging_mixin.py:151} INFO - [2023-10-11T07:08:14.031+0000] {dagbag.py:539} INFO - Filling up the DagBag from /home/airflow/.local/lib/python3.8/site-packages/airflow/example_dags/example_params_trigger_ui.py
[2023-10-11T07:08:14.062+0000] {processor.py:839} INFO - DAG(s) dict_keys(['example_params_trigger_ui']) retrieved from /home/airflow/.local/lib/python3.8/site-packages/airflow/example_dags/example_params_trigger_ui.py
[2023-10-11T07:08:14.113+0000] {logging_mixin.py:151} INFO - [2023-10-11T07:08:14.113+0000] {dag.py:2915} INFO - Sync 1 DAGs
[2023-10-11T07:08:14.122+0000] {logging_mixin.py:151} INFO - [2023-10-11T07:08:14.122+0000] {dag.py:3696} INFO - Setting next_dagrun for example_params_trigger_ui to None, run_after=None
[2023-10-11T07:08:14.135+0000] {processor.py:179} INFO - Processing /home/airflow/.local/lib/python3.8/site-packages/airflow/example_dags/example_params_trigger_ui.py took 0.108 seconds
[2023-10-11T07:08:44.540+0000] {processor.py:157} INFO - Started process (PID=3652) to work on /home/airflow/.local/lib/python3.8/site-packages/airflow/example_dags/example_params_trigger_ui.py
[2023-10-11T07:08:44.541+0000] {processor.py:829} INFO - Processing file /home/airflow/.local/lib/python3.8/site-packages/airflow/example_dags/example_params_trigger_ui.py for tasks to queue
[2023-10-11T07:08:44.542+0000] {logging_mixin.py:151} INFO - [2023-10-11T07:08:44.542+0000] {dagbag.py:539} INFO - Filling up the DagBag from /home/airflow/.local/lib/python3.8/site-packages/airflow/example_dags/example_params_trigger_ui.py
[2023-10-11T07:08:44.606+0000] {processor.py:839} INFO - DAG(s) dict_keys(['example_params_trigger_ui']) retrieved from /home/airflow/.local/lib/python3.8/site-packages/airflow/example_dags/example_params_trigger_ui.py
[2023-10-11T07:08:44.692+0000] {logging_mixin.py:151} INFO - [2023-10-11T07:08:44.692+0000] {dag.py:2915} INFO - Sync 1 DAGs
[2023-10-11T07:08:44.706+0000] {logging_mixin.py:151} INFO - [2023-10-11T07:08:44.706+0000] {dag.py:3696} INFO - Setting next_dagrun for example_params_trigger_ui to None, run_after=None
[2023-10-11T07:08:44.720+0000] {processor.py:179} INFO - Processing /home/airflow/.local/lib/python3.8/site-packages/airflow/example_dags/example_params_trigger_ui.py took 0.184 seconds
[2023-10-11T07:09:15.108+0000] {processor.py:157} INFO - Started process (PID=3895) to work on /home/airflow/.local/lib/python3.8/site-packages/airflow/example_dags/example_params_trigger_ui.py
[2023-10-11T07:09:15.109+0000] {processor.py:829} INFO - Processing file /home/airflow/.local/lib/python3.8/site-packages/airflow/example_dags/example_params_trigger_ui.py for tasks to queue
[2023-10-11T07:09:15.110+0000] {logging_mixin.py:151} INFO - [2023-10-11T07:09:15.109+0000] {dagbag.py:539} INFO - Filling up the DagBag from /home/airflow/.local/lib/python3.8/site-packages/airflow/example_dags/example_params_trigger_ui.py
[2023-10-11T07:09:15.122+0000] {processor.py:839} INFO - DAG(s) dict_keys(['example_params_trigger_ui']) retrieved from /home/airflow/.local/lib/python3.8/site-packages/airflow/example_dags/example_params_trigger_ui.py
[2023-10-11T07:09:15.193+0000] {logging_mixin.py:151} INFO - [2023-10-11T07:09:15.193+0000] {dag.py:2915} INFO - Sync 1 DAGs
[2023-10-11T07:09:15.206+0000] {logging_mixin.py:151} INFO - [2023-10-11T07:09:15.206+0000] {dag.py:3696} INFO - Setting next_dagrun for example_params_trigger_ui to None, run_after=None
[2023-10-11T07:09:15.224+0000] {processor.py:179} INFO - Processing /home/airflow/.local/lib/python3.8/site-packages/airflow/example_dags/example_params_trigger_ui.py took 0.118 seconds
[2023-10-11T07:09:45.339+0000] {processor.py:157} INFO - Started process (PID=4135) to work on /home/airflow/.local/lib/python3.8/site-packages/airflow/example_dags/example_params_trigger_ui.py
[2023-10-11T07:09:45.340+0000] {processor.py:829} INFO - Processing file /home/airflow/.local/lib/python3.8/site-packages/airflow/example_dags/example_params_trigger_ui.py for tasks to queue
[2023-10-11T07:09:45.340+0000] {logging_mixin.py:151} INFO - [2023-10-11T07:09:45.340+0000] {dagbag.py:539} INFO - Filling up the DagBag from /home/airflow/.local/lib/python3.8/site-packages/airflow/example_dags/example_params_trigger_ui.py
[2023-10-11T07:09:45.353+0000] {processor.py:839} INFO - DAG(s) dict_keys(['example_params_trigger_ui']) retrieved from /home/airflow/.local/lib/python3.8/site-packages/airflow/example_dags/example_params_trigger_ui.py
[2023-10-11T07:09:45.399+0000] {logging_mixin.py:151} INFO - [2023-10-11T07:09:45.398+0000] {dag.py:2915} INFO - Sync 1 DAGs
[2023-10-11T07:09:45.406+0000] {logging_mixin.py:151} INFO - [2023-10-11T07:09:45.406+0000] {dag.py:3696} INFO - Setting next_dagrun for example_params_trigger_ui to None, run_after=None
[2023-10-11T07:09:45.417+0000] {processor.py:179} INFO - Processing /home/airflow/.local/lib/python3.8/site-packages/airflow/example_dags/example_params_trigger_ui.py took 0.081 seconds
[2023-10-11T07:10:16.239+0000] {processor.py:157} INFO - Started process (PID=4376) to work on /home/airflow/.local/lib/python3.8/site-packages/airflow/example_dags/example_params_trigger_ui.py
[2023-10-11T07:10:16.240+0000] {processor.py:829} INFO - Processing file /home/airflow/.local/lib/python3.8/site-packages/airflow/example_dags/example_params_trigger_ui.py for tasks to queue
[2023-10-11T07:10:16.241+0000] {logging_mixin.py:151} INFO - [2023-10-11T07:10:16.241+0000] {dagbag.py:539} INFO - Filling up the DagBag from /home/airflow/.local/lib/python3.8/site-packages/airflow/example_dags/example_params_trigger_ui.py
[2023-10-11T07:10:16.272+0000] {processor.py:839} INFO - DAG(s) dict_keys(['example_params_trigger_ui']) retrieved from /home/airflow/.local/lib/python3.8/site-packages/airflow/example_dags/example_params_trigger_ui.py
[2023-10-11T07:10:16.307+0000] {logging_mixin.py:151} INFO - [2023-10-11T07:10:16.307+0000] {dag.py:2915} INFO - Sync 1 DAGs
[2023-10-11T07:10:16.316+0000] {logging_mixin.py:151} INFO - [2023-10-11T07:10:16.316+0000] {dag.py:3696} INFO - Setting next_dagrun for example_params_trigger_ui to None, run_after=None
[2023-10-11T07:10:16.336+0000] {processor.py:179} INFO - Processing /home/airflow/.local/lib/python3.8/site-packages/airflow/example_dags/example_params_trigger_ui.py took 0.099 seconds
[2023-10-11T07:10:46.602+0000] {processor.py:157} INFO - Started process (PID=4619) to work on /home/airflow/.local/lib/python3.8/site-packages/airflow/example_dags/example_params_trigger_ui.py
[2023-10-11T07:10:46.604+0000] {processor.py:829} INFO - Processing file /home/airflow/.local/lib/python3.8/site-packages/airflow/example_dags/example_params_trigger_ui.py for tasks to queue
[2023-10-11T07:10:46.605+0000] {logging_mixin.py:151} INFO - [2023-10-11T07:10:46.605+0000] {dagbag.py:539} INFO - Filling up the DagBag from /home/airflow/.local/lib/python3.8/site-packages/airflow/example_dags/example_params_trigger_ui.py
[2023-10-11T07:10:46.633+0000] {processor.py:839} INFO - DAG(s) dict_keys(['example_params_trigger_ui']) retrieved from /home/airflow/.local/lib/python3.8/site-packages/airflow/example_dags/example_params_trigger_ui.py
[2023-10-11T07:10:46.692+0000] {logging_mixin.py:151} INFO - [2023-10-11T07:10:46.691+0000] {dag.py:2915} INFO - Sync 1 DAGs
[2023-10-11T07:10:46.700+0000] {logging_mixin.py:151} INFO - [2023-10-11T07:10:46.700+0000] {dag.py:3696} INFO - Setting next_dagrun for example_params_trigger_ui to None, run_after=None
[2023-10-11T07:10:46.711+0000] {processor.py:179} INFO - Processing /home/airflow/.local/lib/python3.8/site-packages/airflow/example_dags/example_params_trigger_ui.py took 0.111 seconds
[2023-10-11T07:11:17.087+0000] {processor.py:157} INFO - Started process (PID=4862) to work on /home/airflow/.local/lib/python3.8/site-packages/airflow/example_dags/example_params_trigger_ui.py
[2023-10-11T07:11:17.088+0000] {processor.py:829} INFO - Processing file /home/airflow/.local/lib/python3.8/site-packages/airflow/example_dags/example_params_trigger_ui.py for tasks to queue
[2023-10-11T07:11:17.088+0000] {logging_mixin.py:151} INFO - [2023-10-11T07:11:17.088+0000] {dagbag.py:539} INFO - Filling up the DagBag from /home/airflow/.local/lib/python3.8/site-packages/airflow/example_dags/example_params_trigger_ui.py
[2023-10-11T07:11:17.104+0000] {processor.py:839} INFO - DAG(s) dict_keys(['example_params_trigger_ui']) retrieved from /home/airflow/.local/lib/python3.8/site-packages/airflow/example_dags/example_params_trigger_ui.py
[2023-10-11T07:11:17.132+0000] {logging_mixin.py:151} INFO - [2023-10-11T07:11:17.132+0000] {dag.py:2915} INFO - Sync 1 DAGs
[2023-10-11T07:11:17.139+0000] {logging_mixin.py:151} INFO - [2023-10-11T07:11:17.139+0000] {dag.py:3696} INFO - Setting next_dagrun for example_params_trigger_ui to None, run_after=None
[2023-10-11T07:11:17.172+0000] {processor.py:179} INFO - Processing /home/airflow/.local/lib/python3.8/site-packages/airflow/example_dags/example_params_trigger_ui.py took 0.090 seconds
[2023-10-11T07:11:47.246+0000] {processor.py:157} INFO - Started process (PID=5107) to work on /home/airflow/.local/lib/python3.8/site-packages/airflow/example_dags/example_params_trigger_ui.py
[2023-10-11T07:11:47.247+0000] {processor.py:829} INFO - Processing file /home/airflow/.local/lib/python3.8/site-packages/airflow/example_dags/example_params_trigger_ui.py for tasks to queue
[2023-10-11T07:11:47.248+0000] {logging_mixin.py:151} INFO - [2023-10-11T07:11:47.247+0000] {dagbag.py:539} INFO - Filling up the DagBag from /home/airflow/.local/lib/python3.8/site-packages/airflow/example_dags/example_params_trigger_ui.py
[2023-10-11T07:11:47.280+0000] {processor.py:839} INFO - DAG(s) dict_keys(['example_params_trigger_ui']) retrieved from /home/airflow/.local/lib/python3.8/site-packages/airflow/example_dags/example_params_trigger_ui.py
[2023-10-11T07:11:47.310+0000] {logging_mixin.py:151} INFO - [2023-10-11T07:11:47.309+0000] {dag.py:2915} INFO - Sync 1 DAGs
[2023-10-11T07:11:47.319+0000] {logging_mixin.py:151} INFO - [2023-10-11T07:11:47.319+0000] {dag.py:3696} INFO - Setting next_dagrun for example_params_trigger_ui to None, run_after=None
[2023-10-11T07:11:47.330+0000] {processor.py:179} INFO - Processing /home/airflow/.local/lib/python3.8/site-packages/airflow/example_dags/example_params_trigger_ui.py took 0.087 seconds
[2023-10-11T07:12:17.912+0000] {processor.py:157} INFO - Started process (PID=5348) to work on /home/airflow/.local/lib/python3.8/site-packages/airflow/example_dags/example_params_trigger_ui.py
[2023-10-11T07:12:17.913+0000] {processor.py:829} INFO - Processing file /home/airflow/.local/lib/python3.8/site-packages/airflow/example_dags/example_params_trigger_ui.py for tasks to queue
[2023-10-11T07:12:17.913+0000] {logging_mixin.py:151} INFO - [2023-10-11T07:12:17.913+0000] {dagbag.py:539} INFO - Filling up the DagBag from /home/airflow/.local/lib/python3.8/site-packages/airflow/example_dags/example_params_trigger_ui.py
[2023-10-11T07:12:17.928+0000] {processor.py:839} INFO - DAG(s) dict_keys(['example_params_trigger_ui']) retrieved from /home/airflow/.local/lib/python3.8/site-packages/airflow/example_dags/example_params_trigger_ui.py
[2023-10-11T07:12:17.974+0000] {logging_mixin.py:151} INFO - [2023-10-11T07:12:17.974+0000] {dag.py:2915} INFO - Sync 1 DAGs
[2023-10-11T07:12:17.986+0000] {logging_mixin.py:151} INFO - [2023-10-11T07:12:17.985+0000] {dag.py:3696} INFO - Setting next_dagrun for example_params_trigger_ui to None, run_after=None
[2023-10-11T07:12:17.998+0000] {processor.py:179} INFO - Processing /home/airflow/.local/lib/python3.8/site-packages/airflow/example_dags/example_params_trigger_ui.py took 0.090 seconds
[2023-10-11T07:12:48.203+0000] {processor.py:157} INFO - Started process (PID=5593) to work on /home/airflow/.local/lib/python3.8/site-packages/airflow/example_dags/example_params_trigger_ui.py
[2023-10-11T07:12:48.204+0000] {processor.py:829} INFO - Processing file /home/airflow/.local/lib/python3.8/site-packages/airflow/example_dags/example_params_trigger_ui.py for tasks to queue
[2023-10-11T07:12:48.205+0000] {logging_mixin.py:151} INFO - [2023-10-11T07:12:48.205+0000] {dagbag.py:539} INFO - Filling up the DagBag from /home/airflow/.local/lib/python3.8/site-packages/airflow/example_dags/example_params_trigger_ui.py
[2023-10-11T07:12:48.221+0000] {processor.py:839} INFO - DAG(s) dict_keys(['example_params_trigger_ui']) retrieved from /home/airflow/.local/lib/python3.8/site-packages/airflow/example_dags/example_params_trigger_ui.py
[2023-10-11T07:12:48.267+0000] {logging_mixin.py:151} INFO - [2023-10-11T07:12:48.267+0000] {dag.py:2915} INFO - Sync 1 DAGs
[2023-10-11T07:12:48.282+0000] {logging_mixin.py:151} INFO - [2023-10-11T07:12:48.282+0000] {dag.py:3696} INFO - Setting next_dagrun for example_params_trigger_ui to None, run_after=None
[2023-10-11T07:12:48.292+0000] {processor.py:179} INFO - Processing /home/airflow/.local/lib/python3.8/site-packages/airflow/example_dags/example_params_trigger_ui.py took 0.091 seconds
[2023-10-11T07:13:18.788+0000] {processor.py:157} INFO - Started process (PID=5834) to work on /home/airflow/.local/lib/python3.8/site-packages/airflow/example_dags/example_params_trigger_ui.py
[2023-10-11T07:13:18.789+0000] {processor.py:829} INFO - Processing file /home/airflow/.local/lib/python3.8/site-packages/airflow/example_dags/example_params_trigger_ui.py for tasks to queue
[2023-10-11T07:13:18.790+0000] {logging_mixin.py:151} INFO - [2023-10-11T07:13:18.789+0000] {dagbag.py:539} INFO - Filling up the DagBag from /home/airflow/.local/lib/python3.8/site-packages/airflow/example_dags/example_params_trigger_ui.py
[2023-10-11T07:13:18.812+0000] {processor.py:839} INFO - DAG(s) dict_keys(['example_params_trigger_ui']) retrieved from /home/airflow/.local/lib/python3.8/site-packages/airflow/example_dags/example_params_trigger_ui.py
[2023-10-11T07:13:18.840+0000] {logging_mixin.py:151} INFO - [2023-10-11T07:13:18.840+0000] {dag.py:2915} INFO - Sync 1 DAGs
[2023-10-11T07:13:18.851+0000] {logging_mixin.py:151} INFO - [2023-10-11T07:13:18.851+0000] {dag.py:3696} INFO - Setting next_dagrun for example_params_trigger_ui to None, run_after=None
[2023-10-11T07:13:18.888+0000] {processor.py:179} INFO - Processing /home/airflow/.local/lib/python3.8/site-packages/airflow/example_dags/example_params_trigger_ui.py took 0.103 seconds
[2023-10-11T07:13:49.400+0000] {processor.py:157} INFO - Started process (PID=6077) to work on /home/airflow/.local/lib/python3.8/site-packages/airflow/example_dags/example_params_trigger_ui.py
[2023-10-11T07:13:49.401+0000] {processor.py:829} INFO - Processing file /home/airflow/.local/lib/python3.8/site-packages/airflow/example_dags/example_params_trigger_ui.py for tasks to queue
[2023-10-11T07:13:49.402+0000] {logging_mixin.py:151} INFO - [2023-10-11T07:13:49.401+0000] {dagbag.py:539} INFO - Filling up the DagBag from /home/airflow/.local/lib/python3.8/site-packages/airflow/example_dags/example_params_trigger_ui.py
[2023-10-11T07:13:49.415+0000] {processor.py:839} INFO - DAG(s) dict_keys(['example_params_trigger_ui']) retrieved from /home/airflow/.local/lib/python3.8/site-packages/airflow/example_dags/example_params_trigger_ui.py
[2023-10-11T07:13:49.449+0000] {logging_mixin.py:151} INFO - [2023-10-11T07:13:49.449+0000] {dag.py:2915} INFO - Sync 1 DAGs
[2023-10-11T07:13:49.472+0000] {logging_mixin.py:151} INFO - [2023-10-11T07:13:49.471+0000] {dag.py:3696} INFO - Setting next_dagrun for example_params_trigger_ui to None, run_after=None
[2023-10-11T07:13:49.486+0000] {processor.py:179} INFO - Processing /home/airflow/.local/lib/python3.8/site-packages/airflow/example_dags/example_params_trigger_ui.py took 0.088 seconds
[2023-10-11T07:14:19.909+0000] {processor.py:157} INFO - Started process (PID=6320) to work on /home/airflow/.local/lib/python3.8/site-packages/airflow/example_dags/example_params_trigger_ui.py
[2023-10-11T07:14:19.910+0000] {processor.py:829} INFO - Processing file /home/airflow/.local/lib/python3.8/site-packages/airflow/example_dags/example_params_trigger_ui.py for tasks to queue
[2023-10-11T07:14:19.910+0000] {logging_mixin.py:151} INFO - [2023-10-11T07:14:19.910+0000] {dagbag.py:539} INFO - Filling up the DagBag from /home/airflow/.local/lib/python3.8/site-packages/airflow/example_dags/example_params_trigger_ui.py
[2023-10-11T07:14:19.924+0000] {processor.py:839} INFO - DAG(s) dict_keys(['example_params_trigger_ui']) retrieved from /home/airflow/.local/lib/python3.8/site-packages/airflow/example_dags/example_params_trigger_ui.py
[2023-10-11T07:14:19.973+0000] {logging_mixin.py:151} INFO - [2023-10-11T07:14:19.973+0000] {dag.py:2915} INFO - Sync 1 DAGs
[2023-10-11T07:14:19.998+0000] {logging_mixin.py:151} INFO - [2023-10-11T07:14:19.997+0000] {dag.py:3696} INFO - Setting next_dagrun for example_params_trigger_ui to None, run_after=None
[2023-10-11T07:14:20.012+0000] {processor.py:179} INFO - Processing /home/airflow/.local/lib/python3.8/site-packages/airflow/example_dags/example_params_trigger_ui.py took 0.106 seconds
[2023-10-11T07:14:50.336+0000] {processor.py:157} INFO - Started process (PID=6563) to work on /home/airflow/.local/lib/python3.8/site-packages/airflow/example_dags/example_params_trigger_ui.py
[2023-10-11T07:14:50.337+0000] {processor.py:829} INFO - Processing file /home/airflow/.local/lib/python3.8/site-packages/airflow/example_dags/example_params_trigger_ui.py for tasks to queue
[2023-10-11T07:14:50.338+0000] {logging_mixin.py:151} INFO - [2023-10-11T07:14:50.337+0000] {dagbag.py:539} INFO - Filling up the DagBag from /home/airflow/.local/lib/python3.8/site-packages/airflow/example_dags/example_params_trigger_ui.py
[2023-10-11T07:14:50.379+0000] {processor.py:839} INFO - DAG(s) dict_keys(['example_params_trigger_ui']) retrieved from /home/airflow/.local/lib/python3.8/site-packages/airflow/example_dags/example_params_trigger_ui.py
[2023-10-11T07:14:50.407+0000] {logging_mixin.py:151} INFO - [2023-10-11T07:14:50.407+0000] {dag.py:2915} INFO - Sync 1 DAGs
[2023-10-11T07:14:50.414+0000] {logging_mixin.py:151} INFO - [2023-10-11T07:14:50.414+0000] {dag.py:3696} INFO - Setting next_dagrun for example_params_trigger_ui to None, run_after=None
[2023-10-11T07:14:50.425+0000] {processor.py:179} INFO - Processing /home/airflow/.local/lib/python3.8/site-packages/airflow/example_dags/example_params_trigger_ui.py took 0.091 seconds
[2023-10-11T07:15:20.713+0000] {processor.py:157} INFO - Started process (PID=6806) to work on /home/airflow/.local/lib/python3.8/site-packages/airflow/example_dags/example_params_trigger_ui.py
[2023-10-11T07:15:20.714+0000] {processor.py:829} INFO - Processing file /home/airflow/.local/lib/python3.8/site-packages/airflow/example_dags/example_params_trigger_ui.py for tasks to queue
[2023-10-11T07:15:20.715+0000] {logging_mixin.py:151} INFO - [2023-10-11T07:15:20.715+0000] {dagbag.py:539} INFO - Filling up the DagBag from /home/airflow/.local/lib/python3.8/site-packages/airflow/example_dags/example_params_trigger_ui.py
[2023-10-11T07:15:20.728+0000] {processor.py:839} INFO - DAG(s) dict_keys(['example_params_trigger_ui']) retrieved from /home/airflow/.local/lib/python3.8/site-packages/airflow/example_dags/example_params_trigger_ui.py
[2023-10-11T07:15:20.780+0000] {logging_mixin.py:151} INFO - [2023-10-11T07:15:20.779+0000] {dag.py:2915} INFO - Sync 1 DAGs
[2023-10-11T07:15:20.787+0000] {logging_mixin.py:151} INFO - [2023-10-11T07:15:20.787+0000] {dag.py:3696} INFO - Setting next_dagrun for example_params_trigger_ui to None, run_after=None
[2023-10-11T07:15:20.800+0000] {processor.py:179} INFO - Processing /home/airflow/.local/lib/python3.8/site-packages/airflow/example_dags/example_params_trigger_ui.py took 0.089 seconds
[2023-10-11T07:15:51.559+0000] {processor.py:157} INFO - Started process (PID=7051) to work on /home/airflow/.local/lib/python3.8/site-packages/airflow/example_dags/example_params_trigger_ui.py
[2023-10-11T07:15:51.565+0000] {processor.py:829} INFO - Processing file /home/airflow/.local/lib/python3.8/site-packages/airflow/example_dags/example_params_trigger_ui.py for tasks to queue
[2023-10-11T07:15:51.569+0000] {logging_mixin.py:151} INFO - [2023-10-11T07:15:51.568+0000] {dagbag.py:539} INFO - Filling up the DagBag from /home/airflow/.local/lib/python3.8/site-packages/airflow/example_dags/example_params_trigger_ui.py
[2023-10-11T07:15:51.590+0000] {processor.py:839} INFO - DAG(s) dict_keys(['example_params_trigger_ui']) retrieved from /home/airflow/.local/lib/python3.8/site-packages/airflow/example_dags/example_params_trigger_ui.py
[2023-10-11T07:15:51.619+0000] {logging_mixin.py:151} INFO - [2023-10-11T07:15:51.619+0000] {dag.py:2915} INFO - Sync 1 DAGs
[2023-10-11T07:15:51.626+0000] {logging_mixin.py:151} INFO - [2023-10-11T07:15:51.626+0000] {dag.py:3696} INFO - Setting next_dagrun for example_params_trigger_ui to None, run_after=None
[2023-10-11T07:15:51.637+0000] {processor.py:179} INFO - Processing /home/airflow/.local/lib/python3.8/site-packages/airflow/example_dags/example_params_trigger_ui.py took 0.092 seconds
[2023-10-11T07:16:22.328+0000] {processor.py:157} INFO - Started process (PID=7294) to work on /home/airflow/.local/lib/python3.8/site-packages/airflow/example_dags/example_params_trigger_ui.py
[2023-10-11T07:16:22.329+0000] {processor.py:829} INFO - Processing file /home/airflow/.local/lib/python3.8/site-packages/airflow/example_dags/example_params_trigger_ui.py for tasks to queue
[2023-10-11T07:16:22.330+0000] {logging_mixin.py:151} INFO - [2023-10-11T07:16:22.329+0000] {dagbag.py:539} INFO - Filling up the DagBag from /home/airflow/.local/lib/python3.8/site-packages/airflow/example_dags/example_params_trigger_ui.py
[2023-10-11T07:16:22.363+0000] {processor.py:839} INFO - DAG(s) dict_keys(['example_params_trigger_ui']) retrieved from /home/airflow/.local/lib/python3.8/site-packages/airflow/example_dags/example_params_trigger_ui.py
[2023-10-11T07:16:22.414+0000] {logging_mixin.py:151} INFO - [2023-10-11T07:16:22.414+0000] {dag.py:2915} INFO - Sync 1 DAGs
[2023-10-11T07:16:22.430+0000] {logging_mixin.py:151} INFO - [2023-10-11T07:16:22.430+0000] {dag.py:3696} INFO - Setting next_dagrun for example_params_trigger_ui to None, run_after=None
[2023-10-11T07:16:22.469+0000] {processor.py:179} INFO - Processing /home/airflow/.local/lib/python3.8/site-packages/airflow/example_dags/example_params_trigger_ui.py took 0.146 seconds
[2023-10-11T07:16:53.523+0000] {processor.py:157} INFO - Started process (PID=7535) to work on /home/airflow/.local/lib/python3.8/site-packages/airflow/example_dags/example_params_trigger_ui.py
[2023-10-11T07:16:53.528+0000] {processor.py:829} INFO - Processing file /home/airflow/.local/lib/python3.8/site-packages/airflow/example_dags/example_params_trigger_ui.py for tasks to queue
[2023-10-11T07:16:53.538+0000] {logging_mixin.py:151} INFO - [2023-10-11T07:16:53.536+0000] {dagbag.py:539} INFO - Filling up the DagBag from /home/airflow/.local/lib/python3.8/site-packages/airflow/example_dags/example_params_trigger_ui.py
[2023-10-11T07:16:53.767+0000] {processor.py:839} INFO - DAG(s) dict_keys(['example_params_trigger_ui']) retrieved from /home/airflow/.local/lib/python3.8/site-packages/airflow/example_dags/example_params_trigger_ui.py
[2023-10-11T07:16:54.086+0000] {logging_mixin.py:151} INFO - [2023-10-11T07:16:54.085+0000] {dag.py:2915} INFO - Sync 1 DAGs
[2023-10-11T07:16:54.139+0000] {logging_mixin.py:151} INFO - [2023-10-11T07:16:54.139+0000] {dag.py:3696} INFO - Setting next_dagrun for example_params_trigger_ui to None, run_after=None
[2023-10-11T07:16:54.319+0000] {processor.py:179} INFO - Processing /home/airflow/.local/lib/python3.8/site-packages/airflow/example_dags/example_params_trigger_ui.py took 0.845 seconds
[2023-10-11T07:17:24.593+0000] {processor.py:157} INFO - Started process (PID=7779) to work on /home/airflow/.local/lib/python3.8/site-packages/airflow/example_dags/example_params_trigger_ui.py
[2023-10-11T07:17:24.596+0000] {processor.py:829} INFO - Processing file /home/airflow/.local/lib/python3.8/site-packages/airflow/example_dags/example_params_trigger_ui.py for tasks to queue
[2023-10-11T07:17:24.598+0000] {logging_mixin.py:151} INFO - [2023-10-11T07:17:24.598+0000] {dagbag.py:539} INFO - Filling up the DagBag from /home/airflow/.local/lib/python3.8/site-packages/airflow/example_dags/example_params_trigger_ui.py
[2023-10-11T07:17:24.700+0000] {processor.py:839} INFO - DAG(s) dict_keys(['example_params_trigger_ui']) retrieved from /home/airflow/.local/lib/python3.8/site-packages/airflow/example_dags/example_params_trigger_ui.py
[2023-10-11T07:17:24.986+0000] {logging_mixin.py:151} INFO - [2023-10-11T07:17:24.986+0000] {dag.py:2915} INFO - Sync 1 DAGs
[2023-10-11T07:17:25.034+0000] {logging_mixin.py:151} INFO - [2023-10-11T07:17:25.034+0000] {dag.py:3696} INFO - Setting next_dagrun for example_params_trigger_ui to None, run_after=None
[2023-10-11T07:17:25.093+0000] {processor.py:179} INFO - Processing /home/airflow/.local/lib/python3.8/site-packages/airflow/example_dags/example_params_trigger_ui.py took 0.508 seconds
[2023-10-11T07:17:56.098+0000] {processor.py:157} INFO - Started process (PID=8021) to work on /home/airflow/.local/lib/python3.8/site-packages/airflow/example_dags/example_params_trigger_ui.py
[2023-10-11T07:17:56.101+0000] {processor.py:829} INFO - Processing file /home/airflow/.local/lib/python3.8/site-packages/airflow/example_dags/example_params_trigger_ui.py for tasks to queue
[2023-10-11T07:17:56.104+0000] {logging_mixin.py:151} INFO - [2023-10-11T07:17:56.104+0000] {dagbag.py:539} INFO - Filling up the DagBag from /home/airflow/.local/lib/python3.8/site-packages/airflow/example_dags/example_params_trigger_ui.py
[2023-10-11T07:17:56.196+0000] {processor.py:839} INFO - DAG(s) dict_keys(['example_params_trigger_ui']) retrieved from /home/airflow/.local/lib/python3.8/site-packages/airflow/example_dags/example_params_trigger_ui.py
[2023-10-11T07:17:56.394+0000] {logging_mixin.py:151} INFO - [2023-10-11T07:17:56.393+0000] {dag.py:2915} INFO - Sync 1 DAGs
[2023-10-11T07:17:56.416+0000] {logging_mixin.py:151} INFO - [2023-10-11T07:17:56.416+0000] {dag.py:3696} INFO - Setting next_dagrun for example_params_trigger_ui to None, run_after=None
[2023-10-11T07:17:56.461+0000] {processor.py:179} INFO - Processing /home/airflow/.local/lib/python3.8/site-packages/airflow/example_dags/example_params_trigger_ui.py took 0.372 seconds
[2023-10-11T07:18:26.903+0000] {processor.py:157} INFO - Started process (PID=8266) to work on /home/airflow/.local/lib/python3.8/site-packages/airflow/example_dags/example_params_trigger_ui.py
[2023-10-11T07:18:26.904+0000] {processor.py:829} INFO - Processing file /home/airflow/.local/lib/python3.8/site-packages/airflow/example_dags/example_params_trigger_ui.py for tasks to queue
[2023-10-11T07:18:26.905+0000] {logging_mixin.py:151} INFO - [2023-10-11T07:18:26.905+0000] {dagbag.py:539} INFO - Filling up the DagBag from /home/airflow/.local/lib/python3.8/site-packages/airflow/example_dags/example_params_trigger_ui.py
[2023-10-11T07:18:26.924+0000] {processor.py:839} INFO - DAG(s) dict_keys(['example_params_trigger_ui']) retrieved from /home/airflow/.local/lib/python3.8/site-packages/airflow/example_dags/example_params_trigger_ui.py
[2023-10-11T07:18:26.976+0000] {logging_mixin.py:151} INFO - [2023-10-11T07:18:26.976+0000] {dag.py:2915} INFO - Sync 1 DAGs
[2023-10-11T07:18:26.997+0000] {logging_mixin.py:151} INFO - [2023-10-11T07:18:26.997+0000] {dag.py:3696} INFO - Setting next_dagrun for example_params_trigger_ui to None, run_after=None
[2023-10-11T07:18:27.024+0000] {processor.py:179} INFO - Processing /home/airflow/.local/lib/python3.8/site-packages/airflow/example_dags/example_params_trigger_ui.py took 0.124 seconds
[2023-10-11T07:18:57.396+0000] {processor.py:157} INFO - Started process (PID=8508) to work on /home/airflow/.local/lib/python3.8/site-packages/airflow/example_dags/example_params_trigger_ui.py
[2023-10-11T07:18:57.397+0000] {processor.py:829} INFO - Processing file /home/airflow/.local/lib/python3.8/site-packages/airflow/example_dags/example_params_trigger_ui.py for tasks to queue
[2023-10-11T07:18:57.398+0000] {logging_mixin.py:151} INFO - [2023-10-11T07:18:57.398+0000] {dagbag.py:539} INFO - Filling up the DagBag from /home/airflow/.local/lib/python3.8/site-packages/airflow/example_dags/example_params_trigger_ui.py
[2023-10-11T07:18:57.424+0000] {processor.py:839} INFO - DAG(s) dict_keys(['example_params_trigger_ui']) retrieved from /home/airflow/.local/lib/python3.8/site-packages/airflow/example_dags/example_params_trigger_ui.py
[2023-10-11T07:18:57.485+0000] {logging_mixin.py:151} INFO - [2023-10-11T07:18:57.485+0000] {dag.py:2915} INFO - Sync 1 DAGs
[2023-10-11T07:18:57.494+0000] {logging_mixin.py:151} INFO - [2023-10-11T07:18:57.494+0000] {dag.py:3696} INFO - Setting next_dagrun for example_params_trigger_ui to None, run_after=None
[2023-10-11T07:18:57.511+0000] {processor.py:179} INFO - Processing /home/airflow/.local/lib/python3.8/site-packages/airflow/example_dags/example_params_trigger_ui.py took 0.118 seconds
[2023-10-11T07:19:27.542+0000] {processor.py:157} INFO - Started process (PID=8752) to work on /home/airflow/.local/lib/python3.8/site-packages/airflow/example_dags/example_params_trigger_ui.py
[2023-10-11T07:19:27.546+0000] {processor.py:829} INFO - Processing file /home/airflow/.local/lib/python3.8/site-packages/airflow/example_dags/example_params_trigger_ui.py for tasks to queue
[2023-10-11T07:19:27.552+0000] {logging_mixin.py:151} INFO - [2023-10-11T07:19:27.551+0000] {dagbag.py:539} INFO - Filling up the DagBag from /home/airflow/.local/lib/python3.8/site-packages/airflow/example_dags/example_params_trigger_ui.py
[2023-10-11T07:19:27.607+0000] {processor.py:839} INFO - DAG(s) dict_keys(['example_params_trigger_ui']) retrieved from /home/airflow/.local/lib/python3.8/site-packages/airflow/example_dags/example_params_trigger_ui.py
[2023-10-11T07:19:27.650+0000] {logging_mixin.py:151} INFO - [2023-10-11T07:19:27.650+0000] {dag.py:2915} INFO - Sync 1 DAGs
[2023-10-11T07:19:27.676+0000] {logging_mixin.py:151} INFO - [2023-10-11T07:19:27.675+0000] {dag.py:3696} INFO - Setting next_dagrun for example_params_trigger_ui to None, run_after=None
[2023-10-11T07:19:27.707+0000] {processor.py:179} INFO - Processing /home/airflow/.local/lib/python3.8/site-packages/airflow/example_dags/example_params_trigger_ui.py took 0.168 seconds
[2023-10-11T07:19:58.482+0000] {processor.py:157} INFO - Started process (PID=8993) to work on /home/airflow/.local/lib/python3.8/site-packages/airflow/example_dags/example_params_trigger_ui.py
[2023-10-11T07:19:58.483+0000] {processor.py:829} INFO - Processing file /home/airflow/.local/lib/python3.8/site-packages/airflow/example_dags/example_params_trigger_ui.py for tasks to queue
[2023-10-11T07:19:58.484+0000] {logging_mixin.py:151} INFO - [2023-10-11T07:19:58.484+0000] {dagbag.py:539} INFO - Filling up the DagBag from /home/airflow/.local/lib/python3.8/site-packages/airflow/example_dags/example_params_trigger_ui.py
[2023-10-11T07:19:58.534+0000] {processor.py:839} INFO - DAG(s) dict_keys(['example_params_trigger_ui']) retrieved from /home/airflow/.local/lib/python3.8/site-packages/airflow/example_dags/example_params_trigger_ui.py
[2023-10-11T07:19:58.601+0000] {logging_mixin.py:151} INFO - [2023-10-11T07:19:58.601+0000] {dag.py:2915} INFO - Sync 1 DAGs
[2023-10-11T07:19:58.632+0000] {logging_mixin.py:151} INFO - [2023-10-11T07:19:58.632+0000] {dag.py:3696} INFO - Setting next_dagrun for example_params_trigger_ui to None, run_after=None
[2023-10-11T07:19:58.684+0000] {processor.py:179} INFO - Processing /home/airflow/.local/lib/python3.8/site-packages/airflow/example_dags/example_params_trigger_ui.py took 0.210 seconds
[2023-10-11T07:20:28.836+0000] {processor.py:157} INFO - Started process (PID=9243) to work on /home/airflow/.local/lib/python3.8/site-packages/airflow/example_dags/example_params_trigger_ui.py
[2023-10-11T07:20:28.837+0000] {processor.py:829} INFO - Processing file /home/airflow/.local/lib/python3.8/site-packages/airflow/example_dags/example_params_trigger_ui.py for tasks to queue
[2023-10-11T07:20:28.838+0000] {logging_mixin.py:151} INFO - [2023-10-11T07:20:28.838+0000] {dagbag.py:539} INFO - Filling up the DagBag from /home/airflow/.local/lib/python3.8/site-packages/airflow/example_dags/example_params_trigger_ui.py
[2023-10-11T07:20:28.862+0000] {processor.py:839} INFO - DAG(s) dict_keys(['example_params_trigger_ui']) retrieved from /home/airflow/.local/lib/python3.8/site-packages/airflow/example_dags/example_params_trigger_ui.py
[2023-10-11T07:20:28.947+0000] {logging_mixin.py:151} INFO - [2023-10-11T07:20:28.947+0000] {dag.py:2915} INFO - Sync 1 DAGs
[2023-10-11T07:20:28.974+0000] {logging_mixin.py:151} INFO - [2023-10-11T07:20:28.974+0000] {dag.py:3696} INFO - Setting next_dagrun for example_params_trigger_ui to None, run_after=None
[2023-10-11T07:20:28.997+0000] {processor.py:179} INFO - Processing /home/airflow/.local/lib/python3.8/site-packages/airflow/example_dags/example_params_trigger_ui.py took 0.165 seconds
[2023-10-11T07:20:59.615+0000] {processor.py:157} INFO - Started process (PID=9481) to work on /home/airflow/.local/lib/python3.8/site-packages/airflow/example_dags/example_params_trigger_ui.py
[2023-10-11T07:20:59.616+0000] {processor.py:829} INFO - Processing file /home/airflow/.local/lib/python3.8/site-packages/airflow/example_dags/example_params_trigger_ui.py for tasks to queue
[2023-10-11T07:20:59.617+0000] {logging_mixin.py:151} INFO - [2023-10-11T07:20:59.617+0000] {dagbag.py:539} INFO - Filling up the DagBag from /home/airflow/.local/lib/python3.8/site-packages/airflow/example_dags/example_params_trigger_ui.py
[2023-10-11T07:20:59.650+0000] {processor.py:839} INFO - DAG(s) dict_keys(['example_params_trigger_ui']) retrieved from /home/airflow/.local/lib/python3.8/site-packages/airflow/example_dags/example_params_trigger_ui.py
[2023-10-11T07:20:59.759+0000] {logging_mixin.py:151} INFO - [2023-10-11T07:20:59.759+0000] {dag.py:2915} INFO - Sync 1 DAGs
[2023-10-11T07:20:59.791+0000] {logging_mixin.py:151} INFO - [2023-10-11T07:20:59.791+0000] {dag.py:3696} INFO - Setting next_dagrun for example_params_trigger_ui to None, run_after=None
[2023-10-11T07:20:59.812+0000] {processor.py:179} INFO - Processing /home/airflow/.local/lib/python3.8/site-packages/airflow/example_dags/example_params_trigger_ui.py took 0.201 seconds
[2023-10-11T07:21:30.231+0000] {processor.py:157} INFO - Started process (PID=9724) to work on /home/airflow/.local/lib/python3.8/site-packages/airflow/example_dags/example_params_trigger_ui.py
[2023-10-11T07:21:30.232+0000] {processor.py:829} INFO - Processing file /home/airflow/.local/lib/python3.8/site-packages/airflow/example_dags/example_params_trigger_ui.py for tasks to queue
[2023-10-11T07:21:30.232+0000] {logging_mixin.py:151} INFO - [2023-10-11T07:21:30.232+0000] {dagbag.py:539} INFO - Filling up the DagBag from /home/airflow/.local/lib/python3.8/site-packages/airflow/example_dags/example_params_trigger_ui.py
[2023-10-11T07:21:30.245+0000] {processor.py:839} INFO - DAG(s) dict_keys(['example_params_trigger_ui']) retrieved from /home/airflow/.local/lib/python3.8/site-packages/airflow/example_dags/example_params_trigger_ui.py
[2023-10-11T07:21:30.292+0000] {logging_mixin.py:151} INFO - [2023-10-11T07:21:30.291+0000] {dag.py:2915} INFO - Sync 1 DAGs
[2023-10-11T07:21:30.303+0000] {logging_mixin.py:151} INFO - [2023-10-11T07:21:30.303+0000] {dag.py:3696} INFO - Setting next_dagrun for example_params_trigger_ui to None, run_after=None
[2023-10-11T07:21:30.317+0000] {processor.py:179} INFO - Processing /home/airflow/.local/lib/python3.8/site-packages/airflow/example_dags/example_params_trigger_ui.py took 0.089 seconds
[2023-10-11T07:22:01.193+0000] {processor.py:157} INFO - Started process (PID=9967) to work on /home/airflow/.local/lib/python3.8/site-packages/airflow/example_dags/example_params_trigger_ui.py
[2023-10-11T07:22:01.194+0000] {processor.py:829} INFO - Processing file /home/airflow/.local/lib/python3.8/site-packages/airflow/example_dags/example_params_trigger_ui.py for tasks to queue
[2023-10-11T07:22:01.196+0000] {logging_mixin.py:151} INFO - [2023-10-11T07:22:01.195+0000] {dagbag.py:539} INFO - Filling up the DagBag from /home/airflow/.local/lib/python3.8/site-packages/airflow/example_dags/example_params_trigger_ui.py
[2023-10-11T07:22:01.225+0000] {processor.py:839} INFO - DAG(s) dict_keys(['example_params_trigger_ui']) retrieved from /home/airflow/.local/lib/python3.8/site-packages/airflow/example_dags/example_params_trigger_ui.py
[2023-10-11T07:22:01.274+0000] {logging_mixin.py:151} INFO - [2023-10-11T07:22:01.274+0000] {dag.py:2915} INFO - Sync 1 DAGs
[2023-10-11T07:22:01.286+0000] {logging_mixin.py:151} INFO - [2023-10-11T07:22:01.286+0000] {dag.py:3696} INFO - Setting next_dagrun for example_params_trigger_ui to None, run_after=None
[2023-10-11T07:22:01.306+0000] {processor.py:179} INFO - Processing /home/airflow/.local/lib/python3.8/site-packages/airflow/example_dags/example_params_trigger_ui.py took 0.118 seconds
[2023-10-11T07:22:32.128+0000] {processor.py:157} INFO - Started process (PID=10210) to work on /home/airflow/.local/lib/python3.8/site-packages/airflow/example_dags/example_params_trigger_ui.py
[2023-10-11T07:22:32.129+0000] {processor.py:829} INFO - Processing file /home/airflow/.local/lib/python3.8/site-packages/airflow/example_dags/example_params_trigger_ui.py for tasks to queue
[2023-10-11T07:22:32.129+0000] {logging_mixin.py:151} INFO - [2023-10-11T07:22:32.129+0000] {dagbag.py:539} INFO - Filling up the DagBag from /home/airflow/.local/lib/python3.8/site-packages/airflow/example_dags/example_params_trigger_ui.py
[2023-10-11T07:22:32.141+0000] {processor.py:839} INFO - DAG(s) dict_keys(['example_params_trigger_ui']) retrieved from /home/airflow/.local/lib/python3.8/site-packages/airflow/example_dags/example_params_trigger_ui.py
[2023-10-11T07:22:32.176+0000] {logging_mixin.py:151} INFO - [2023-10-11T07:22:32.176+0000] {dag.py:2915} INFO - Sync 1 DAGs
[2023-10-11T07:22:32.183+0000] {logging_mixin.py:151} INFO - [2023-10-11T07:22:32.183+0000] {dag.py:3696} INFO - Setting next_dagrun for example_params_trigger_ui to None, run_after=None
[2023-10-11T07:22:32.191+0000] {processor.py:179} INFO - Processing /home/airflow/.local/lib/python3.8/site-packages/airflow/example_dags/example_params_trigger_ui.py took 0.065 seconds
[2023-10-11T07:23:02.479+0000] {processor.py:157} INFO - Started process (PID=10453) to work on /home/airflow/.local/lib/python3.8/site-packages/airflow/example_dags/example_params_trigger_ui.py
[2023-10-11T07:23:02.480+0000] {processor.py:829} INFO - Processing file /home/airflow/.local/lib/python3.8/site-packages/airflow/example_dags/example_params_trigger_ui.py for tasks to queue
[2023-10-11T07:23:02.481+0000] {logging_mixin.py:151} INFO - [2023-10-11T07:23:02.481+0000] {dagbag.py:539} INFO - Filling up the DagBag from /home/airflow/.local/lib/python3.8/site-packages/airflow/example_dags/example_params_trigger_ui.py
[2023-10-11T07:23:02.494+0000] {processor.py:839} INFO - DAG(s) dict_keys(['example_params_trigger_ui']) retrieved from /home/airflow/.local/lib/python3.8/site-packages/airflow/example_dags/example_params_trigger_ui.py
[2023-10-11T07:23:02.522+0000] {logging_mixin.py:151} INFO - [2023-10-11T07:23:02.522+0000] {dag.py:2915} INFO - Sync 1 DAGs
[2023-10-11T07:23:02.529+0000] {logging_mixin.py:151} INFO - [2023-10-11T07:23:02.529+0000] {dag.py:3696} INFO - Setting next_dagrun for example_params_trigger_ui to None, run_after=None
[2023-10-11T07:23:02.538+0000] {processor.py:179} INFO - Processing /home/airflow/.local/lib/python3.8/site-packages/airflow/example_dags/example_params_trigger_ui.py took 0.061 seconds
[2023-10-11T07:23:32.583+0000] {processor.py:157} INFO - Started process (PID=10696) to work on /home/airflow/.local/lib/python3.8/site-packages/airflow/example_dags/example_params_trigger_ui.py
[2023-10-11T07:23:32.584+0000] {processor.py:829} INFO - Processing file /home/airflow/.local/lib/python3.8/site-packages/airflow/example_dags/example_params_trigger_ui.py for tasks to queue
[2023-10-11T07:23:32.585+0000] {logging_mixin.py:151} INFO - [2023-10-11T07:23:32.584+0000] {dagbag.py:539} INFO - Filling up the DagBag from /home/airflow/.local/lib/python3.8/site-packages/airflow/example_dags/example_params_trigger_ui.py
[2023-10-11T07:23:32.600+0000] {processor.py:839} INFO - DAG(s) dict_keys(['example_params_trigger_ui']) retrieved from /home/airflow/.local/lib/python3.8/site-packages/airflow/example_dags/example_params_trigger_ui.py
[2023-10-11T07:23:32.633+0000] {logging_mixin.py:151} INFO - [2023-10-11T07:23:32.633+0000] {dag.py:2915} INFO - Sync 1 DAGs
[2023-10-11T07:23:32.641+0000] {logging_mixin.py:151} INFO - [2023-10-11T07:23:32.641+0000] {dag.py:3696} INFO - Setting next_dagrun for example_params_trigger_ui to None, run_after=None
[2023-10-11T07:23:32.667+0000] {processor.py:179} INFO - Processing /home/airflow/.local/lib/python3.8/site-packages/airflow/example_dags/example_params_trigger_ui.py took 0.086 seconds
[2023-10-11T07:24:02.742+0000] {processor.py:157} INFO - Started process (PID=10939) to work on /home/airflow/.local/lib/python3.8/site-packages/airflow/example_dags/example_params_trigger_ui.py
[2023-10-11T07:24:02.743+0000] {processor.py:829} INFO - Processing file /home/airflow/.local/lib/python3.8/site-packages/airflow/example_dags/example_params_trigger_ui.py for tasks to queue
[2023-10-11T07:24:02.744+0000] {logging_mixin.py:151} INFO - [2023-10-11T07:24:02.744+0000] {dagbag.py:539} INFO - Filling up the DagBag from /home/airflow/.local/lib/python3.8/site-packages/airflow/example_dags/example_params_trigger_ui.py
[2023-10-11T07:24:02.756+0000] {processor.py:839} INFO - DAG(s) dict_keys(['example_params_trigger_ui']) retrieved from /home/airflow/.local/lib/python3.8/site-packages/airflow/example_dags/example_params_trigger_ui.py
[2023-10-11T07:24:02.797+0000] {logging_mixin.py:151} INFO - [2023-10-11T07:24:02.797+0000] {dag.py:2915} INFO - Sync 1 DAGs
[2023-10-11T07:24:02.804+0000] {logging_mixin.py:151} INFO - [2023-10-11T07:24:02.804+0000] {dag.py:3696} INFO - Setting next_dagrun for example_params_trigger_ui to None, run_after=None
[2023-10-11T07:24:02.815+0000] {processor.py:179} INFO - Processing /home/airflow/.local/lib/python3.8/site-packages/airflow/example_dags/example_params_trigger_ui.py took 0.075 seconds
[2023-10-11T07:24:33.146+0000] {processor.py:157} INFO - Started process (PID=11182) to work on /home/airflow/.local/lib/python3.8/site-packages/airflow/example_dags/example_params_trigger_ui.py
[2023-10-11T07:24:33.159+0000] {processor.py:829} INFO - Processing file /home/airflow/.local/lib/python3.8/site-packages/airflow/example_dags/example_params_trigger_ui.py for tasks to queue
[2023-10-11T07:24:33.160+0000] {logging_mixin.py:151} INFO - [2023-10-11T07:24:33.160+0000] {dagbag.py:539} INFO - Filling up the DagBag from /home/airflow/.local/lib/python3.8/site-packages/airflow/example_dags/example_params_trigger_ui.py
[2023-10-11T07:24:33.182+0000] {processor.py:839} INFO - DAG(s) dict_keys(['example_params_trigger_ui']) retrieved from /home/airflow/.local/lib/python3.8/site-packages/airflow/example_dags/example_params_trigger_ui.py
[2023-10-11T07:24:33.235+0000] {logging_mixin.py:151} INFO - [2023-10-11T07:24:33.234+0000] {dag.py:2915} INFO - Sync 1 DAGs
[2023-10-11T07:24:33.246+0000] {logging_mixin.py:151} INFO - [2023-10-11T07:24:33.246+0000] {dag.py:3696} INFO - Setting next_dagrun for example_params_trigger_ui to None, run_after=None
[2023-10-11T07:24:33.278+0000] {processor.py:179} INFO - Processing /home/airflow/.local/lib/python3.8/site-packages/airflow/example_dags/example_params_trigger_ui.py took 0.135 seconds
[2023-10-11T07:25:03.336+0000] {processor.py:157} INFO - Started process (PID=11425) to work on /home/airflow/.local/lib/python3.8/site-packages/airflow/example_dags/example_params_trigger_ui.py
[2023-10-11T07:25:03.337+0000] {processor.py:829} INFO - Processing file /home/airflow/.local/lib/python3.8/site-packages/airflow/example_dags/example_params_trigger_ui.py for tasks to queue
[2023-10-11T07:25:03.338+0000] {logging_mixin.py:151} INFO - [2023-10-11T07:25:03.337+0000] {dagbag.py:539} INFO - Filling up the DagBag from /home/airflow/.local/lib/python3.8/site-packages/airflow/example_dags/example_params_trigger_ui.py
[2023-10-11T07:25:03.355+0000] {processor.py:839} INFO - DAG(s) dict_keys(['example_params_trigger_ui']) retrieved from /home/airflow/.local/lib/python3.8/site-packages/airflow/example_dags/example_params_trigger_ui.py
[2023-10-11T07:25:03.397+0000] {logging_mixin.py:151} INFO - [2023-10-11T07:25:03.397+0000] {dag.py:2915} INFO - Sync 1 DAGs
[2023-10-11T07:25:03.415+0000] {logging_mixin.py:151} INFO - [2023-10-11T07:25:03.415+0000] {dag.py:3696} INFO - Setting next_dagrun for example_params_trigger_ui to None, run_after=None
[2023-10-11T07:25:03.435+0000] {processor.py:179} INFO - Processing /home/airflow/.local/lib/python3.8/site-packages/airflow/example_dags/example_params_trigger_ui.py took 0.102 seconds
[2023-10-11T07:25:34.429+0000] {processor.py:157} INFO - Started process (PID=11668) to work on /home/airflow/.local/lib/python3.8/site-packages/airflow/example_dags/example_params_trigger_ui.py
[2023-10-11T07:25:34.430+0000] {processor.py:829} INFO - Processing file /home/airflow/.local/lib/python3.8/site-packages/airflow/example_dags/example_params_trigger_ui.py for tasks to queue
[2023-10-11T07:25:34.431+0000] {logging_mixin.py:151} INFO - [2023-10-11T07:25:34.431+0000] {dagbag.py:539} INFO - Filling up the DagBag from /home/airflow/.local/lib/python3.8/site-packages/airflow/example_dags/example_params_trigger_ui.py
[2023-10-11T07:25:34.491+0000] {processor.py:839} INFO - DAG(s) dict_keys(['example_params_trigger_ui']) retrieved from /home/airflow/.local/lib/python3.8/site-packages/airflow/example_dags/example_params_trigger_ui.py
[2023-10-11T07:25:34.588+0000] {logging_mixin.py:151} INFO - [2023-10-11T07:25:34.588+0000] {dag.py:2915} INFO - Sync 1 DAGs
[2023-10-11T07:25:34.600+0000] {logging_mixin.py:151} INFO - [2023-10-11T07:25:34.599+0000] {dag.py:3696} INFO - Setting next_dagrun for example_params_trigger_ui to None, run_after=None
[2023-10-11T07:25:34.614+0000] {processor.py:179} INFO - Processing /home/airflow/.local/lib/python3.8/site-packages/airflow/example_dags/example_params_trigger_ui.py took 0.190 seconds
[2023-10-11T07:26:04.734+0000] {processor.py:157} INFO - Started process (PID=11911) to work on /home/airflow/.local/lib/python3.8/site-packages/airflow/example_dags/example_params_trigger_ui.py
[2023-10-11T07:26:04.736+0000] {processor.py:829} INFO - Processing file /home/airflow/.local/lib/python3.8/site-packages/airflow/example_dags/example_params_trigger_ui.py for tasks to queue
[2023-10-11T07:26:04.738+0000] {logging_mixin.py:151} INFO - [2023-10-11T07:26:04.737+0000] {dagbag.py:539} INFO - Filling up the DagBag from /home/airflow/.local/lib/python3.8/site-packages/airflow/example_dags/example_params_trigger_ui.py
[2023-10-11T07:26:04.788+0000] {processor.py:839} INFO - DAG(s) dict_keys(['example_params_trigger_ui']) retrieved from /home/airflow/.local/lib/python3.8/site-packages/airflow/example_dags/example_params_trigger_ui.py
[2023-10-11T07:26:04.840+0000] {logging_mixin.py:151} INFO - [2023-10-11T07:26:04.840+0000] {dag.py:2915} INFO - Sync 1 DAGs
[2023-10-11T07:26:04.884+0000] {logging_mixin.py:151} INFO - [2023-10-11T07:26:04.884+0000] {dag.py:3696} INFO - Setting next_dagrun for example_params_trigger_ui to None, run_after=None
[2023-10-11T07:26:04.906+0000] {processor.py:179} INFO - Processing /home/airflow/.local/lib/python3.8/site-packages/airflow/example_dags/example_params_trigger_ui.py took 0.176 seconds
[2023-10-11T07:26:34.938+0000] {processor.py:157} INFO - Started process (PID=12154) to work on /home/airflow/.local/lib/python3.8/site-packages/airflow/example_dags/example_params_trigger_ui.py
[2023-10-11T07:26:34.939+0000] {processor.py:829} INFO - Processing file /home/airflow/.local/lib/python3.8/site-packages/airflow/example_dags/example_params_trigger_ui.py for tasks to queue
[2023-10-11T07:26:34.940+0000] {logging_mixin.py:151} INFO - [2023-10-11T07:26:34.939+0000] {dagbag.py:539} INFO - Filling up the DagBag from /home/airflow/.local/lib/python3.8/site-packages/airflow/example_dags/example_params_trigger_ui.py
[2023-10-11T07:26:34.963+0000] {processor.py:839} INFO - DAG(s) dict_keys(['example_params_trigger_ui']) retrieved from /home/airflow/.local/lib/python3.8/site-packages/airflow/example_dags/example_params_trigger_ui.py
[2023-10-11T07:26:35.003+0000] {logging_mixin.py:151} INFO - [2023-10-11T07:26:35.003+0000] {dag.py:2915} INFO - Sync 1 DAGs
[2023-10-11T07:26:35.011+0000] {logging_mixin.py:151} INFO - [2023-10-11T07:26:35.011+0000] {dag.py:3696} INFO - Setting next_dagrun for example_params_trigger_ui to None, run_after=None
[2023-10-11T07:26:35.022+0000] {processor.py:179} INFO - Processing /home/airflow/.local/lib/python3.8/site-packages/airflow/example_dags/example_params_trigger_ui.py took 0.087 seconds
[2023-10-11T07:27:05.536+0000] {processor.py:157} INFO - Started process (PID=12397) to work on /home/airflow/.local/lib/python3.8/site-packages/airflow/example_dags/example_params_trigger_ui.py
[2023-10-11T07:27:05.537+0000] {processor.py:829} INFO - Processing file /home/airflow/.local/lib/python3.8/site-packages/airflow/example_dags/example_params_trigger_ui.py for tasks to queue
[2023-10-11T07:27:05.538+0000] {logging_mixin.py:151} INFO - [2023-10-11T07:27:05.538+0000] {dagbag.py:539} INFO - Filling up the DagBag from /home/airflow/.local/lib/python3.8/site-packages/airflow/example_dags/example_params_trigger_ui.py
[2023-10-11T07:27:05.557+0000] {processor.py:839} INFO - DAG(s) dict_keys(['example_params_trigger_ui']) retrieved from /home/airflow/.local/lib/python3.8/site-packages/airflow/example_dags/example_params_trigger_ui.py
[2023-10-11T07:27:05.598+0000] {logging_mixin.py:151} INFO - [2023-10-11T07:27:05.598+0000] {dag.py:2915} INFO - Sync 1 DAGs
[2023-10-11T07:27:05.606+0000] {logging_mixin.py:151} INFO - [2023-10-11T07:27:05.606+0000] {dag.py:3696} INFO - Setting next_dagrun for example_params_trigger_ui to None, run_after=None
[2023-10-11T07:27:05.619+0000] {processor.py:179} INFO - Processing /home/airflow/.local/lib/python3.8/site-packages/airflow/example_dags/example_params_trigger_ui.py took 0.085 seconds
[2023-10-11T07:27:36.209+0000] {processor.py:157} INFO - Started process (PID=12640) to work on /home/airflow/.local/lib/python3.8/site-packages/airflow/example_dags/example_params_trigger_ui.py
[2023-10-11T07:27:36.210+0000] {processor.py:829} INFO - Processing file /home/airflow/.local/lib/python3.8/site-packages/airflow/example_dags/example_params_trigger_ui.py for tasks to queue
[2023-10-11T07:27:36.211+0000] {logging_mixin.py:151} INFO - [2023-10-11T07:27:36.211+0000] {dagbag.py:539} INFO - Filling up the DagBag from /home/airflow/.local/lib/python3.8/site-packages/airflow/example_dags/example_params_trigger_ui.py
[2023-10-11T07:27:36.222+0000] {processor.py:839} INFO - DAG(s) dict_keys(['example_params_trigger_ui']) retrieved from /home/airflow/.local/lib/python3.8/site-packages/airflow/example_dags/example_params_trigger_ui.py
[2023-10-11T07:27:36.250+0000] {logging_mixin.py:151} INFO - [2023-10-11T07:27:36.250+0000] {dag.py:2915} INFO - Sync 1 DAGs
[2023-10-11T07:27:36.263+0000] {logging_mixin.py:151} INFO - [2023-10-11T07:27:36.263+0000] {dag.py:3696} INFO - Setting next_dagrun for example_params_trigger_ui to None, run_after=None
[2023-10-11T07:27:36.278+0000] {processor.py:179} INFO - Processing /home/airflow/.local/lib/python3.8/site-packages/airflow/example_dags/example_params_trigger_ui.py took 0.071 seconds
[2023-10-11T07:28:06.340+0000] {processor.py:157} INFO - Started process (PID=12883) to work on /home/airflow/.local/lib/python3.8/site-packages/airflow/example_dags/example_params_trigger_ui.py
[2023-10-11T07:28:06.341+0000] {processor.py:829} INFO - Processing file /home/airflow/.local/lib/python3.8/site-packages/airflow/example_dags/example_params_trigger_ui.py for tasks to queue
[2023-10-11T07:28:06.354+0000] {logging_mixin.py:151} INFO - [2023-10-11T07:28:06.353+0000] {dagbag.py:539} INFO - Filling up the DagBag from /home/airflow/.local/lib/python3.8/site-packages/airflow/example_dags/example_params_trigger_ui.py
[2023-10-11T07:28:06.377+0000] {processor.py:839} INFO - DAG(s) dict_keys(['example_params_trigger_ui']) retrieved from /home/airflow/.local/lib/python3.8/site-packages/airflow/example_dags/example_params_trigger_ui.py
[2023-10-11T07:28:06.402+0000] {logging_mixin.py:151} INFO - [2023-10-11T07:28:06.401+0000] {dag.py:2915} INFO - Sync 1 DAGs
[2023-10-11T07:28:06.408+0000] {logging_mixin.py:151} INFO - [2023-10-11T07:28:06.408+0000] {dag.py:3696} INFO - Setting next_dagrun for example_params_trigger_ui to None, run_after=None
[2023-10-11T07:28:06.416+0000] {processor.py:179} INFO - Processing /home/airflow/.local/lib/python3.8/site-packages/airflow/example_dags/example_params_trigger_ui.py took 0.079 seconds
[2023-10-11T07:28:36.745+0000] {processor.py:157} INFO - Started process (PID=13126) to work on /home/airflow/.local/lib/python3.8/site-packages/airflow/example_dags/example_params_trigger_ui.py
[2023-10-11T07:28:36.751+0000] {processor.py:829} INFO - Processing file /home/airflow/.local/lib/python3.8/site-packages/airflow/example_dags/example_params_trigger_ui.py for tasks to queue
[2023-10-11T07:28:36.759+0000] {logging_mixin.py:151} INFO - [2023-10-11T07:28:36.758+0000] {dagbag.py:539} INFO - Filling up the DagBag from /home/airflow/.local/lib/python3.8/site-packages/airflow/example_dags/example_params_trigger_ui.py
[2023-10-11T07:28:36.778+0000] {processor.py:839} INFO - DAG(s) dict_keys(['example_params_trigger_ui']) retrieved from /home/airflow/.local/lib/python3.8/site-packages/airflow/example_dags/example_params_trigger_ui.py
[2023-10-11T07:28:36.803+0000] {logging_mixin.py:151} INFO - [2023-10-11T07:28:36.803+0000] {dag.py:2915} INFO - Sync 1 DAGs
[2023-10-11T07:28:36.810+0000] {logging_mixin.py:151} INFO - [2023-10-11T07:28:36.810+0000] {dag.py:3696} INFO - Setting next_dagrun for example_params_trigger_ui to None, run_after=None
[2023-10-11T07:28:36.818+0000] {processor.py:179} INFO - Processing /home/airflow/.local/lib/python3.8/site-packages/airflow/example_dags/example_params_trigger_ui.py took 0.076 seconds
