[2023-10-11T07:01:34.509+0000] {processor.py:157} INFO - Started process (PID=275) to work on /home/airflow/.local/lib/python3.8/site-packages/airflow/example_dags/tutorial.py
[2023-10-11T07:01:34.510+0000] {processor.py:829} INFO - Processing file /home/airflow/.local/lib/python3.8/site-packages/airflow/example_dags/tutorial.py for tasks to queue
[2023-10-11T07:01:34.511+0000] {logging_mixin.py:151} INFO - [2023-10-11T07:01:34.510+0000] {dagbag.py:539} INFO - Filling up the DagBag from /home/airflow/.local/lib/python3.8/site-packages/airflow/example_dags/tutorial.py
[2023-10-11T07:01:34.520+0000] {processor.py:839} INFO - DAG(s) dict_keys(['tutorial']) retrieved from /home/airflow/.local/lib/python3.8/site-packages/airflow/example_dags/tutorial.py
[2023-10-11T07:01:34.862+0000] {logging_mixin.py:151} INFO - [2023-10-11T07:01:34.862+0000] {manager.py:499} INFO - Created Permission View: %s
[2023-10-11T07:01:34.890+0000] {logging_mixin.py:151} INFO - [2023-10-11T07:01:34.889+0000] {manager.py:499} INFO - Created Permission View: %s
[2023-10-11T07:01:34.907+0000] {logging_mixin.py:151} INFO - [2023-10-11T07:01:34.907+0000] {manager.py:499} INFO - Created Permission View: %s
[2023-10-11T07:01:34.908+0000] {logging_mixin.py:151} INFO - [2023-10-11T07:01:34.908+0000] {security.py:708} INFO - Not syncing DAG-level permissions for DAG 'DAG:tutorial' as access control is unset.
[2023-10-11T07:01:34.908+0000] {logging_mixin.py:151} INFO - [2023-10-11T07:01:34.908+0000] {dag.py:2915} INFO - Sync 1 DAGs
[2023-10-11T07:01:34.918+0000] {logging_mixin.py:151} INFO - [2023-10-11T07:01:34.918+0000] {dag.py:2937} INFO - Creating ORM DAG for tutorial
[2023-10-11T07:01:34.927+0000] {logging_mixin.py:151} INFO - [2023-10-11T07:01:34.926+0000] {dag.py:3696} INFO - Setting next_dagrun for tutorial to 2023-10-10T07:01:34.926781+00:00, run_after=2023-10-11T07:01:34.926781+00:00
[2023-10-11T07:01:34.942+0000] {processor.py:179} INFO - Processing /home/airflow/.local/lib/python3.8/site-packages/airflow/example_dags/tutorial.py took 0.436 seconds
[2023-10-11T07:02:05.832+0000] {processor.py:157} INFO - Started process (PID=516) to work on /home/airflow/.local/lib/python3.8/site-packages/airflow/example_dags/tutorial.py
[2023-10-11T07:02:05.833+0000] {processor.py:829} INFO - Processing file /home/airflow/.local/lib/python3.8/site-packages/airflow/example_dags/tutorial.py for tasks to queue
[2023-10-11T07:02:05.833+0000] {logging_mixin.py:151} INFO - [2023-10-11T07:02:05.833+0000] {dagbag.py:539} INFO - Filling up the DagBag from /home/airflow/.local/lib/python3.8/site-packages/airflow/example_dags/tutorial.py
[2023-10-11T07:02:05.840+0000] {processor.py:839} INFO - DAG(s) dict_keys(['tutorial']) retrieved from /home/airflow/.local/lib/python3.8/site-packages/airflow/example_dags/tutorial.py
[2023-10-11T07:02:05.855+0000] {logging_mixin.py:151} INFO - [2023-10-11T07:02:05.855+0000] {dag.py:2915} INFO - Sync 1 DAGs
[2023-10-11T07:02:05.872+0000] {logging_mixin.py:151} INFO - [2023-10-11T07:02:05.872+0000] {dag.py:3696} INFO - Setting next_dagrun for tutorial to 2023-10-10T07:02:05.872280+00:00, run_after=2023-10-11T07:02:05.872280+00:00
[2023-10-11T07:02:05.896+0000] {processor.py:179} INFO - Processing /home/airflow/.local/lib/python3.8/site-packages/airflow/example_dags/tutorial.py took 0.068 seconds
[2023-10-11T07:02:36.636+0000] {processor.py:157} INFO - Started process (PID=753) to work on /home/airflow/.local/lib/python3.8/site-packages/airflow/example_dags/tutorial.py
[2023-10-11T07:02:36.637+0000] {processor.py:829} INFO - Processing file /home/airflow/.local/lib/python3.8/site-packages/airflow/example_dags/tutorial.py for tasks to queue
[2023-10-11T07:02:36.638+0000] {logging_mixin.py:151} INFO - [2023-10-11T07:02:36.638+0000] {dagbag.py:539} INFO - Filling up the DagBag from /home/airflow/.local/lib/python3.8/site-packages/airflow/example_dags/tutorial.py
[2023-10-11T07:02:36.644+0000] {processor.py:839} INFO - DAG(s) dict_keys(['tutorial']) retrieved from /home/airflow/.local/lib/python3.8/site-packages/airflow/example_dags/tutorial.py
[2023-10-11T07:02:36.668+0000] {logging_mixin.py:151} INFO - [2023-10-11T07:02:36.668+0000] {dag.py:2915} INFO - Sync 1 DAGs
[2023-10-11T07:02:36.694+0000] {logging_mixin.py:151} INFO - [2023-10-11T07:02:36.694+0000] {dag.py:3696} INFO - Setting next_dagrun for tutorial to 2023-10-10T07:02:36.694026+00:00, run_after=2023-10-11T07:02:36.694026+00:00
[2023-10-11T07:02:36.703+0000] {processor.py:179} INFO - Processing /home/airflow/.local/lib/python3.8/site-packages/airflow/example_dags/tutorial.py took 0.071 seconds
[2023-10-11T07:03:07.641+0000] {processor.py:157} INFO - Started process (PID=991) to work on /home/airflow/.local/lib/python3.8/site-packages/airflow/example_dags/tutorial.py
[2023-10-11T07:03:07.643+0000] {processor.py:829} INFO - Processing file /home/airflow/.local/lib/python3.8/site-packages/airflow/example_dags/tutorial.py for tasks to queue
[2023-10-11T07:03:07.643+0000] {logging_mixin.py:151} INFO - [2023-10-11T07:03:07.643+0000] {dagbag.py:539} INFO - Filling up the DagBag from /home/airflow/.local/lib/python3.8/site-packages/airflow/example_dags/tutorial.py
[2023-10-11T07:03:07.649+0000] {processor.py:839} INFO - DAG(s) dict_keys(['tutorial']) retrieved from /home/airflow/.local/lib/python3.8/site-packages/airflow/example_dags/tutorial.py
[2023-10-11T07:03:07.678+0000] {logging_mixin.py:151} INFO - [2023-10-11T07:03:07.678+0000] {dag.py:2915} INFO - Sync 1 DAGs
[2023-10-11T07:03:07.711+0000] {logging_mixin.py:151} INFO - [2023-10-11T07:03:07.711+0000] {dag.py:3696} INFO - Setting next_dagrun for tutorial to 2023-10-10T07:03:07.711355+00:00, run_after=2023-10-11T07:03:07.711355+00:00
[2023-10-11T07:03:07.727+0000] {processor.py:179} INFO - Processing /home/airflow/.local/lib/python3.8/site-packages/airflow/example_dags/tutorial.py took 0.090 seconds
[2023-10-11T07:03:38.322+0000] {processor.py:157} INFO - Started process (PID=1229) to work on /home/airflow/.local/lib/python3.8/site-packages/airflow/example_dags/tutorial.py
[2023-10-11T07:03:38.323+0000] {processor.py:829} INFO - Processing file /home/airflow/.local/lib/python3.8/site-packages/airflow/example_dags/tutorial.py for tasks to queue
[2023-10-11T07:03:38.324+0000] {logging_mixin.py:151} INFO - [2023-10-11T07:03:38.324+0000] {dagbag.py:539} INFO - Filling up the DagBag from /home/airflow/.local/lib/python3.8/site-packages/airflow/example_dags/tutorial.py
[2023-10-11T07:03:38.331+0000] {processor.py:839} INFO - DAG(s) dict_keys(['tutorial']) retrieved from /home/airflow/.local/lib/python3.8/site-packages/airflow/example_dags/tutorial.py
[2023-10-11T07:03:38.348+0000] {logging_mixin.py:151} INFO - [2023-10-11T07:03:38.348+0000] {dag.py:2915} INFO - Sync 1 DAGs
[2023-10-11T07:03:38.388+0000] {logging_mixin.py:151} INFO - [2023-10-11T07:03:38.388+0000] {dag.py:3696} INFO - Setting next_dagrun for tutorial to 2023-10-10T07:03:38.387949+00:00, run_after=2023-10-11T07:03:38.387949+00:00
[2023-10-11T07:03:38.399+0000] {processor.py:179} INFO - Processing /home/airflow/.local/lib/python3.8/site-packages/airflow/example_dags/tutorial.py took 0.081 seconds
[2023-10-11T07:04:08.794+0000] {processor.py:157} INFO - Started process (PID=1467) to work on /home/airflow/.local/lib/python3.8/site-packages/airflow/example_dags/tutorial.py
[2023-10-11T07:04:08.795+0000] {processor.py:829} INFO - Processing file /home/airflow/.local/lib/python3.8/site-packages/airflow/example_dags/tutorial.py for tasks to queue
[2023-10-11T07:04:08.795+0000] {logging_mixin.py:151} INFO - [2023-10-11T07:04:08.795+0000] {dagbag.py:539} INFO - Filling up the DagBag from /home/airflow/.local/lib/python3.8/site-packages/airflow/example_dags/tutorial.py
[2023-10-11T07:04:08.800+0000] {processor.py:839} INFO - DAG(s) dict_keys(['tutorial']) retrieved from /home/airflow/.local/lib/python3.8/site-packages/airflow/example_dags/tutorial.py
[2023-10-11T07:04:08.817+0000] {logging_mixin.py:151} INFO - [2023-10-11T07:04:08.817+0000] {dag.py:2915} INFO - Sync 1 DAGs
[2023-10-11T07:04:08.829+0000] {logging_mixin.py:151} INFO - [2023-10-11T07:04:08.829+0000] {dag.py:3696} INFO - Setting next_dagrun for tutorial to 2023-10-10T07:04:08.829295+00:00, run_after=2023-10-11T07:04:08.829295+00:00
[2023-10-11T07:04:08.839+0000] {processor.py:179} INFO - Processing /home/airflow/.local/lib/python3.8/site-packages/airflow/example_dags/tutorial.py took 0.048 seconds
[2023-10-11T07:04:39.534+0000] {processor.py:157} INFO - Started process (PID=1705) to work on /home/airflow/.local/lib/python3.8/site-packages/airflow/example_dags/tutorial.py
[2023-10-11T07:04:39.535+0000] {processor.py:829} INFO - Processing file /home/airflow/.local/lib/python3.8/site-packages/airflow/example_dags/tutorial.py for tasks to queue
[2023-10-11T07:04:39.535+0000] {logging_mixin.py:151} INFO - [2023-10-11T07:04:39.535+0000] {dagbag.py:539} INFO - Filling up the DagBag from /home/airflow/.local/lib/python3.8/site-packages/airflow/example_dags/tutorial.py
[2023-10-11T07:04:39.544+0000] {processor.py:839} INFO - DAG(s) dict_keys(['tutorial']) retrieved from /home/airflow/.local/lib/python3.8/site-packages/airflow/example_dags/tutorial.py
[2023-10-11T07:04:39.580+0000] {logging_mixin.py:151} INFO - [2023-10-11T07:04:39.579+0000] {dag.py:2915} INFO - Sync 1 DAGs
[2023-10-11T07:04:39.615+0000] {logging_mixin.py:151} INFO - [2023-10-11T07:04:39.615+0000] {dag.py:3696} INFO - Setting next_dagrun for tutorial to 2023-10-10T07:04:39.615002+00:00, run_after=2023-10-11T07:04:39.615002+00:00
[2023-10-11T07:04:39.631+0000] {processor.py:179} INFO - Processing /home/airflow/.local/lib/python3.8/site-packages/airflow/example_dags/tutorial.py took 0.101 seconds
[2023-10-11T07:05:10.115+0000] {processor.py:157} INFO - Started process (PID=1943) to work on /home/airflow/.local/lib/python3.8/site-packages/airflow/example_dags/tutorial.py
[2023-10-11T07:05:10.116+0000] {processor.py:829} INFO - Processing file /home/airflow/.local/lib/python3.8/site-packages/airflow/example_dags/tutorial.py for tasks to queue
[2023-10-11T07:05:10.117+0000] {logging_mixin.py:151} INFO - [2023-10-11T07:05:10.117+0000] {dagbag.py:539} INFO - Filling up the DagBag from /home/airflow/.local/lib/python3.8/site-packages/airflow/example_dags/tutorial.py
[2023-10-11T07:05:10.122+0000] {processor.py:839} INFO - DAG(s) dict_keys(['tutorial']) retrieved from /home/airflow/.local/lib/python3.8/site-packages/airflow/example_dags/tutorial.py
[2023-10-11T07:05:10.136+0000] {logging_mixin.py:151} INFO - [2023-10-11T07:05:10.136+0000] {dag.py:2915} INFO - Sync 1 DAGs
[2023-10-11T07:05:10.149+0000] {logging_mixin.py:151} INFO - [2023-10-11T07:05:10.149+0000] {dag.py:3696} INFO - Setting next_dagrun for tutorial to 2023-10-10T07:05:10.148894+00:00, run_after=2023-10-11T07:05:10.148894+00:00
[2023-10-11T07:05:10.174+0000] {processor.py:179} INFO - Processing /home/airflow/.local/lib/python3.8/site-packages/airflow/example_dags/tutorial.py took 0.062 seconds
[2023-10-11T07:05:40.898+0000] {processor.py:157} INFO - Started process (PID=2181) to work on /home/airflow/.local/lib/python3.8/site-packages/airflow/example_dags/tutorial.py
[2023-10-11T07:05:40.898+0000] {processor.py:829} INFO - Processing file /home/airflow/.local/lib/python3.8/site-packages/airflow/example_dags/tutorial.py for tasks to queue
[2023-10-11T07:05:40.899+0000] {logging_mixin.py:151} INFO - [2023-10-11T07:05:40.899+0000] {dagbag.py:539} INFO - Filling up the DagBag from /home/airflow/.local/lib/python3.8/site-packages/airflow/example_dags/tutorial.py
[2023-10-11T07:05:40.904+0000] {processor.py:839} INFO - DAG(s) dict_keys(['tutorial']) retrieved from /home/airflow/.local/lib/python3.8/site-packages/airflow/example_dags/tutorial.py
[2023-10-11T07:05:40.917+0000] {logging_mixin.py:151} INFO - [2023-10-11T07:05:40.917+0000] {dag.py:2915} INFO - Sync 1 DAGs
[2023-10-11T07:05:40.929+0000] {logging_mixin.py:151} INFO - [2023-10-11T07:05:40.929+0000] {dag.py:3696} INFO - Setting next_dagrun for tutorial to 2023-10-10T07:05:40.929280+00:00, run_after=2023-10-11T07:05:40.929280+00:00
[2023-10-11T07:05:40.943+0000] {processor.py:179} INFO - Processing /home/airflow/.local/lib/python3.8/site-packages/airflow/example_dags/tutorial.py took 0.048 seconds
[2023-10-11T07:06:11.284+0000] {processor.py:157} INFO - Started process (PID=2419) to work on /home/airflow/.local/lib/python3.8/site-packages/airflow/example_dags/tutorial.py
[2023-10-11T07:06:11.285+0000] {processor.py:829} INFO - Processing file /home/airflow/.local/lib/python3.8/site-packages/airflow/example_dags/tutorial.py for tasks to queue
[2023-10-11T07:06:11.286+0000] {logging_mixin.py:151} INFO - [2023-10-11T07:06:11.286+0000] {dagbag.py:539} INFO - Filling up the DagBag from /home/airflow/.local/lib/python3.8/site-packages/airflow/example_dags/tutorial.py
[2023-10-11T07:06:11.292+0000] {processor.py:839} INFO - DAG(s) dict_keys(['tutorial']) retrieved from /home/airflow/.local/lib/python3.8/site-packages/airflow/example_dags/tutorial.py
[2023-10-11T07:06:11.306+0000] {logging_mixin.py:151} INFO - [2023-10-11T07:06:11.306+0000] {dag.py:2915} INFO - Sync 1 DAGs
[2023-10-11T07:06:11.319+0000] {logging_mixin.py:151} INFO - [2023-10-11T07:06:11.319+0000] {dag.py:3696} INFO - Setting next_dagrun for tutorial to 2023-10-10T07:06:11.318866+00:00, run_after=2023-10-11T07:06:11.318866+00:00
[2023-10-11T07:06:11.329+0000] {processor.py:179} INFO - Processing /home/airflow/.local/lib/python3.8/site-packages/airflow/example_dags/tutorial.py took 0.048 seconds
[2023-10-11T07:06:41.733+0000] {processor.py:157} INFO - Started process (PID=2662) to work on /home/airflow/.local/lib/python3.8/site-packages/airflow/example_dags/tutorial.py
[2023-10-11T07:06:41.734+0000] {processor.py:829} INFO - Processing file /home/airflow/.local/lib/python3.8/site-packages/airflow/example_dags/tutorial.py for tasks to queue
[2023-10-11T07:06:41.735+0000] {logging_mixin.py:151} INFO - [2023-10-11T07:06:41.735+0000] {dagbag.py:539} INFO - Filling up the DagBag from /home/airflow/.local/lib/python3.8/site-packages/airflow/example_dags/tutorial.py
[2023-10-11T07:06:41.740+0000] {processor.py:839} INFO - DAG(s) dict_keys(['tutorial']) retrieved from /home/airflow/.local/lib/python3.8/site-packages/airflow/example_dags/tutorial.py
[2023-10-11T07:06:41.772+0000] {logging_mixin.py:151} INFO - [2023-10-11T07:06:41.771+0000] {dag.py:2915} INFO - Sync 1 DAGs
[2023-10-11T07:06:41.789+0000] {logging_mixin.py:151} INFO - [2023-10-11T07:06:41.789+0000] {dag.py:3696} INFO - Setting next_dagrun for tutorial to 2023-10-10T07:06:41.789533+00:00, run_after=2023-10-11T07:06:41.789533+00:00
[2023-10-11T07:06:41.801+0000] {processor.py:179} INFO - Processing /home/airflow/.local/lib/python3.8/site-packages/airflow/example_dags/tutorial.py took 0.070 seconds
[2023-10-11T07:07:12.644+0000] {processor.py:157} INFO - Started process (PID=2904) to work on /home/airflow/.local/lib/python3.8/site-packages/airflow/example_dags/tutorial.py
[2023-10-11T07:07:12.645+0000] {processor.py:829} INFO - Processing file /home/airflow/.local/lib/python3.8/site-packages/airflow/example_dags/tutorial.py for tasks to queue
[2023-10-11T07:07:12.646+0000] {logging_mixin.py:151} INFO - [2023-10-11T07:07:12.646+0000] {dagbag.py:539} INFO - Filling up the DagBag from /home/airflow/.local/lib/python3.8/site-packages/airflow/example_dags/tutorial.py
[2023-10-11T07:07:12.652+0000] {processor.py:839} INFO - DAG(s) dict_keys(['tutorial']) retrieved from /home/airflow/.local/lib/python3.8/site-packages/airflow/example_dags/tutorial.py
[2023-10-11T07:07:12.682+0000] {logging_mixin.py:151} INFO - [2023-10-11T07:07:12.682+0000] {dag.py:2915} INFO - Sync 1 DAGs
[2023-10-11T07:07:12.700+0000] {logging_mixin.py:151} INFO - [2023-10-11T07:07:12.700+0000] {dag.py:3696} INFO - Setting next_dagrun for tutorial to 2023-10-10T07:07:12.700443+00:00, run_after=2023-10-11T07:07:12.700443+00:00
[2023-10-11T07:07:12.711+0000] {processor.py:179} INFO - Processing /home/airflow/.local/lib/python3.8/site-packages/airflow/example_dags/tutorial.py took 0.069 seconds
[2023-10-11T07:07:43.751+0000] {processor.py:157} INFO - Started process (PID=3150) to work on /home/airflow/.local/lib/python3.8/site-packages/airflow/example_dags/tutorial.py
[2023-10-11T07:07:43.752+0000] {processor.py:829} INFO - Processing file /home/airflow/.local/lib/python3.8/site-packages/airflow/example_dags/tutorial.py for tasks to queue
[2023-10-11T07:07:43.754+0000] {logging_mixin.py:151} INFO - [2023-10-11T07:07:43.752+0000] {dagbag.py:539} INFO - Filling up the DagBag from /home/airflow/.local/lib/python3.8/site-packages/airflow/example_dags/tutorial.py
[2023-10-11T07:07:43.785+0000] {processor.py:839} INFO - DAG(s) dict_keys(['tutorial']) retrieved from /home/airflow/.local/lib/python3.8/site-packages/airflow/example_dags/tutorial.py
[2023-10-11T07:07:43.802+0000] {logging_mixin.py:151} INFO - [2023-10-11T07:07:43.802+0000] {dag.py:2915} INFO - Sync 1 DAGs
[2023-10-11T07:07:43.820+0000] {logging_mixin.py:151} INFO - [2023-10-11T07:07:43.820+0000] {dag.py:3696} INFO - Setting next_dagrun for tutorial to 2023-10-10T07:07:43.820295+00:00, run_after=2023-10-11T07:07:43.820295+00:00
[2023-10-11T07:07:43.834+0000] {processor.py:179} INFO - Processing /home/airflow/.local/lib/python3.8/site-packages/airflow/example_dags/tutorial.py took 0.086 seconds
[2023-10-11T07:08:14.156+0000] {processor.py:157} INFO - Started process (PID=3419) to work on /home/airflow/.local/lib/python3.8/site-packages/airflow/example_dags/tutorial.py
[2023-10-11T07:08:14.161+0000] {processor.py:829} INFO - Processing file /home/airflow/.local/lib/python3.8/site-packages/airflow/example_dags/tutorial.py for tasks to queue
[2023-10-11T07:08:14.162+0000] {logging_mixin.py:151} INFO - [2023-10-11T07:08:14.162+0000] {dagbag.py:539} INFO - Filling up the DagBag from /home/airflow/.local/lib/python3.8/site-packages/airflow/example_dags/tutorial.py
[2023-10-11T07:08:14.170+0000] {processor.py:839} INFO - DAG(s) dict_keys(['tutorial']) retrieved from /home/airflow/.local/lib/python3.8/site-packages/airflow/example_dags/tutorial.py
[2023-10-11T07:08:14.221+0000] {logging_mixin.py:151} INFO - [2023-10-11T07:08:14.221+0000] {dag.py:2915} INFO - Sync 1 DAGs
[2023-10-11T07:08:14.238+0000] {logging_mixin.py:151} INFO - [2023-10-11T07:08:14.238+0000] {dag.py:3696} INFO - Setting next_dagrun for tutorial to 2023-10-10T07:08:14.238562+00:00, run_after=2023-10-11T07:08:14.238562+00:00
[2023-10-11T07:08:14.253+0000] {processor.py:179} INFO - Processing /home/airflow/.local/lib/python3.8/site-packages/airflow/example_dags/tutorial.py took 0.099 seconds
[2023-10-11T07:08:44.915+0000] {processor.py:157} INFO - Started process (PID=3662) to work on /home/airflow/.local/lib/python3.8/site-packages/airflow/example_dags/tutorial.py
[2023-10-11T07:08:44.917+0000] {processor.py:829} INFO - Processing file /home/airflow/.local/lib/python3.8/site-packages/airflow/example_dags/tutorial.py for tasks to queue
[2023-10-11T07:08:44.918+0000] {logging_mixin.py:151} INFO - [2023-10-11T07:08:44.918+0000] {dagbag.py:539} INFO - Filling up the DagBag from /home/airflow/.local/lib/python3.8/site-packages/airflow/example_dags/tutorial.py
[2023-10-11T07:08:44.943+0000] {processor.py:839} INFO - DAG(s) dict_keys(['tutorial']) retrieved from /home/airflow/.local/lib/python3.8/site-packages/airflow/example_dags/tutorial.py
[2023-10-11T07:08:45.023+0000] {logging_mixin.py:151} INFO - [2023-10-11T07:08:45.022+0000] {dag.py:2915} INFO - Sync 1 DAGs
[2023-10-11T07:08:45.044+0000] {logging_mixin.py:151} INFO - [2023-10-11T07:08:45.044+0000] {dag.py:3696} INFO - Setting next_dagrun for tutorial to 2023-10-10T07:08:45.044540+00:00, run_after=2023-10-11T07:08:45.044540+00:00
[2023-10-11T07:08:45.082+0000] {processor.py:179} INFO - Processing /home/airflow/.local/lib/python3.8/site-packages/airflow/example_dags/tutorial.py took 0.171 seconds
[2023-10-11T07:09:15.430+0000] {processor.py:157} INFO - Started process (PID=3907) to work on /home/airflow/.local/lib/python3.8/site-packages/airflow/example_dags/tutorial.py
[2023-10-11T07:09:15.432+0000] {processor.py:829} INFO - Processing file /home/airflow/.local/lib/python3.8/site-packages/airflow/example_dags/tutorial.py for tasks to queue
[2023-10-11T07:09:15.433+0000] {logging_mixin.py:151} INFO - [2023-10-11T07:09:15.433+0000] {dagbag.py:539} INFO - Filling up the DagBag from /home/airflow/.local/lib/python3.8/site-packages/airflow/example_dags/tutorial.py
[2023-10-11T07:09:15.441+0000] {processor.py:839} INFO - DAG(s) dict_keys(['tutorial']) retrieved from /home/airflow/.local/lib/python3.8/site-packages/airflow/example_dags/tutorial.py
[2023-10-11T07:09:15.469+0000] {logging_mixin.py:151} INFO - [2023-10-11T07:09:15.469+0000] {dag.py:2915} INFO - Sync 1 DAGs
[2023-10-11T07:09:15.490+0000] {logging_mixin.py:151} INFO - [2023-10-11T07:09:15.490+0000] {dag.py:3696} INFO - Setting next_dagrun for tutorial to 2023-10-10T07:09:15.490326+00:00, run_after=2023-10-11T07:09:15.490326+00:00
[2023-10-11T07:09:15.501+0000] {processor.py:179} INFO - Processing /home/airflow/.local/lib/python3.8/site-packages/airflow/example_dags/tutorial.py took 0.075 seconds
[2023-10-11T07:09:45.535+0000] {processor.py:157} INFO - Started process (PID=4148) to work on /home/airflow/.local/lib/python3.8/site-packages/airflow/example_dags/tutorial.py
[2023-10-11T07:09:45.536+0000] {processor.py:829} INFO - Processing file /home/airflow/.local/lib/python3.8/site-packages/airflow/example_dags/tutorial.py for tasks to queue
[2023-10-11T07:09:45.537+0000] {logging_mixin.py:151} INFO - [2023-10-11T07:09:45.536+0000] {dagbag.py:539} INFO - Filling up the DagBag from /home/airflow/.local/lib/python3.8/site-packages/airflow/example_dags/tutorial.py
[2023-10-11T07:09:45.542+0000] {processor.py:839} INFO - DAG(s) dict_keys(['tutorial']) retrieved from /home/airflow/.local/lib/python3.8/site-packages/airflow/example_dags/tutorial.py
[2023-10-11T07:09:45.561+0000] {logging_mixin.py:151} INFO - [2023-10-11T07:09:45.560+0000] {dag.py:2915} INFO - Sync 1 DAGs
[2023-10-11T07:09:45.592+0000] {logging_mixin.py:151} INFO - [2023-10-11T07:09:45.592+0000] {dag.py:3696} INFO - Setting next_dagrun for tutorial to 2023-10-10T07:09:45.591959+00:00, run_after=2023-10-11T07:09:45.591959+00:00
[2023-10-11T07:09:45.603+0000] {processor.py:179} INFO - Processing /home/airflow/.local/lib/python3.8/site-packages/airflow/example_dags/tutorial.py took 0.070 seconds
[2023-10-11T07:10:16.386+0000] {processor.py:157} INFO - Started process (PID=4386) to work on /home/airflow/.local/lib/python3.8/site-packages/airflow/example_dags/tutorial.py
[2023-10-11T07:10:16.387+0000] {processor.py:829} INFO - Processing file /home/airflow/.local/lib/python3.8/site-packages/airflow/example_dags/tutorial.py for tasks to queue
[2023-10-11T07:10:16.388+0000] {logging_mixin.py:151} INFO - [2023-10-11T07:10:16.387+0000] {dagbag.py:539} INFO - Filling up the DagBag from /home/airflow/.local/lib/python3.8/site-packages/airflow/example_dags/tutorial.py
[2023-10-11T07:10:16.393+0000] {processor.py:839} INFO - DAG(s) dict_keys(['tutorial']) retrieved from /home/airflow/.local/lib/python3.8/site-packages/airflow/example_dags/tutorial.py
[2023-10-11T07:10:16.422+0000] {logging_mixin.py:151} INFO - [2023-10-11T07:10:16.422+0000] {dag.py:2915} INFO - Sync 1 DAGs
[2023-10-11T07:10:16.436+0000] {logging_mixin.py:151} INFO - [2023-10-11T07:10:16.435+0000] {dag.py:3696} INFO - Setting next_dagrun for tutorial to 2023-10-10T07:10:16.435820+00:00, run_after=2023-10-11T07:10:16.435820+00:00
[2023-10-11T07:10:16.448+0000] {processor.py:179} INFO - Processing /home/airflow/.local/lib/python3.8/site-packages/airflow/example_dags/tutorial.py took 0.064 seconds
[2023-10-11T07:10:46.730+0000] {processor.py:157} INFO - Started process (PID=4631) to work on /home/airflow/.local/lib/python3.8/site-packages/airflow/example_dags/tutorial.py
[2023-10-11T07:10:46.731+0000] {processor.py:829} INFO - Processing file /home/airflow/.local/lib/python3.8/site-packages/airflow/example_dags/tutorial.py for tasks to queue
[2023-10-11T07:10:46.731+0000] {logging_mixin.py:151} INFO - [2023-10-11T07:10:46.731+0000] {dagbag.py:539} INFO - Filling up the DagBag from /home/airflow/.local/lib/python3.8/site-packages/airflow/example_dags/tutorial.py
[2023-10-11T07:10:46.736+0000] {processor.py:839} INFO - DAG(s) dict_keys(['tutorial']) retrieved from /home/airflow/.local/lib/python3.8/site-packages/airflow/example_dags/tutorial.py
[2023-10-11T07:10:46.749+0000] {logging_mixin.py:151} INFO - [2023-10-11T07:10:46.749+0000] {dag.py:2915} INFO - Sync 1 DAGs
[2023-10-11T07:10:46.790+0000] {logging_mixin.py:151} INFO - [2023-10-11T07:10:46.789+0000] {dag.py:3696} INFO - Setting next_dagrun for tutorial to 2023-10-10T07:10:46.789594+00:00, run_after=2023-10-11T07:10:46.789594+00:00
[2023-10-11T07:10:46.800+0000] {processor.py:179} INFO - Processing /home/airflow/.local/lib/python3.8/site-packages/airflow/example_dags/tutorial.py took 0.073 seconds
[2023-10-11T07:11:17.208+0000] {processor.py:157} INFO - Started process (PID=4874) to work on /home/airflow/.local/lib/python3.8/site-packages/airflow/example_dags/tutorial.py
[2023-10-11T07:11:17.209+0000] {processor.py:829} INFO - Processing file /home/airflow/.local/lib/python3.8/site-packages/airflow/example_dags/tutorial.py for tasks to queue
[2023-10-11T07:11:17.209+0000] {logging_mixin.py:151} INFO - [2023-10-11T07:11:17.209+0000] {dagbag.py:539} INFO - Filling up the DagBag from /home/airflow/.local/lib/python3.8/site-packages/airflow/example_dags/tutorial.py
[2023-10-11T07:11:17.214+0000] {processor.py:839} INFO - DAG(s) dict_keys(['tutorial']) retrieved from /home/airflow/.local/lib/python3.8/site-packages/airflow/example_dags/tutorial.py
[2023-10-11T07:11:17.228+0000] {logging_mixin.py:151} INFO - [2023-10-11T07:11:17.228+0000] {dag.py:2915} INFO - Sync 1 DAGs
[2023-10-11T07:11:17.240+0000] {logging_mixin.py:151} INFO - [2023-10-11T07:11:17.240+0000] {dag.py:3696} INFO - Setting next_dagrun for tutorial to 2023-10-10T07:11:17.239959+00:00, run_after=2023-10-11T07:11:17.239959+00:00
[2023-10-11T07:11:17.249+0000] {processor.py:179} INFO - Processing /home/airflow/.local/lib/python3.8/site-packages/airflow/example_dags/tutorial.py took 0.044 seconds
[2023-10-11T07:11:47.341+0000] {processor.py:157} INFO - Started process (PID=5117) to work on /home/airflow/.local/lib/python3.8/site-packages/airflow/example_dags/tutorial.py
[2023-10-11T07:11:47.342+0000] {processor.py:829} INFO - Processing file /home/airflow/.local/lib/python3.8/site-packages/airflow/example_dags/tutorial.py for tasks to queue
[2023-10-11T07:11:47.342+0000] {logging_mixin.py:151} INFO - [2023-10-11T07:11:47.342+0000] {dagbag.py:539} INFO - Filling up the DagBag from /home/airflow/.local/lib/python3.8/site-packages/airflow/example_dags/tutorial.py
[2023-10-11T07:11:47.348+0000] {processor.py:839} INFO - DAG(s) dict_keys(['tutorial']) retrieved from /home/airflow/.local/lib/python3.8/site-packages/airflow/example_dags/tutorial.py
[2023-10-11T07:11:47.392+0000] {logging_mixin.py:151} INFO - [2023-10-11T07:11:47.392+0000] {dag.py:2915} INFO - Sync 1 DAGs
[2023-10-11T07:11:47.405+0000] {logging_mixin.py:151} INFO - [2023-10-11T07:11:47.405+0000] {dag.py:3696} INFO - Setting next_dagrun for tutorial to 2023-10-10T07:11:47.405512+00:00, run_after=2023-10-11T07:11:47.405512+00:00
[2023-10-11T07:11:47.419+0000] {processor.py:179} INFO - Processing /home/airflow/.local/lib/python3.8/site-packages/airflow/example_dags/tutorial.py took 0.081 seconds
[2023-10-11T07:12:18.021+0000] {processor.py:157} INFO - Started process (PID=5360) to work on /home/airflow/.local/lib/python3.8/site-packages/airflow/example_dags/tutorial.py
[2023-10-11T07:12:18.023+0000] {processor.py:829} INFO - Processing file /home/airflow/.local/lib/python3.8/site-packages/airflow/example_dags/tutorial.py for tasks to queue
[2023-10-11T07:12:18.023+0000] {logging_mixin.py:151} INFO - [2023-10-11T07:12:18.023+0000] {dagbag.py:539} INFO - Filling up the DagBag from /home/airflow/.local/lib/python3.8/site-packages/airflow/example_dags/tutorial.py
[2023-10-11T07:12:18.028+0000] {processor.py:839} INFO - DAG(s) dict_keys(['tutorial']) retrieved from /home/airflow/.local/lib/python3.8/site-packages/airflow/example_dags/tutorial.py
[2023-10-11T07:12:18.045+0000] {logging_mixin.py:151} INFO - [2023-10-11T07:12:18.045+0000] {dag.py:2915} INFO - Sync 1 DAGs
[2023-10-11T07:12:18.085+0000] {logging_mixin.py:151} INFO - [2023-10-11T07:12:18.085+0000] {dag.py:3696} INFO - Setting next_dagrun for tutorial to 2023-10-10T07:12:18.085027+00:00, run_after=2023-10-11T07:12:18.085027+00:00
[2023-10-11T07:12:18.098+0000] {processor.py:179} INFO - Processing /home/airflow/.local/lib/python3.8/site-packages/airflow/example_dags/tutorial.py took 0.080 seconds
[2023-10-11T07:12:48.408+0000] {processor.py:157} INFO - Started process (PID=5603) to work on /home/airflow/.local/lib/python3.8/site-packages/airflow/example_dags/tutorial.py
[2023-10-11T07:12:48.410+0000] {processor.py:829} INFO - Processing file /home/airflow/.local/lib/python3.8/site-packages/airflow/example_dags/tutorial.py for tasks to queue
[2023-10-11T07:12:48.412+0000] {logging_mixin.py:151} INFO - [2023-10-11T07:12:48.411+0000] {dagbag.py:539} INFO - Filling up the DagBag from /home/airflow/.local/lib/python3.8/site-packages/airflow/example_dags/tutorial.py
[2023-10-11T07:12:48.419+0000] {processor.py:839} INFO - DAG(s) dict_keys(['tutorial']) retrieved from /home/airflow/.local/lib/python3.8/site-packages/airflow/example_dags/tutorial.py
[2023-10-11T07:12:48.439+0000] {logging_mixin.py:151} INFO - [2023-10-11T07:12:48.439+0000] {dag.py:2915} INFO - Sync 1 DAGs
[2023-10-11T07:12:48.463+0000] {logging_mixin.py:151} INFO - [2023-10-11T07:12:48.462+0000] {dag.py:3696} INFO - Setting next_dagrun for tutorial to 2023-10-10T07:12:48.462649+00:00, run_after=2023-10-11T07:12:48.462649+00:00
[2023-10-11T07:12:48.510+0000] {processor.py:179} INFO - Processing /home/airflow/.local/lib/python3.8/site-packages/airflow/example_dags/tutorial.py took 0.107 seconds
[2023-10-11T07:13:18.915+0000] {processor.py:157} INFO - Started process (PID=5846) to work on /home/airflow/.local/lib/python3.8/site-packages/airflow/example_dags/tutorial.py
[2023-10-11T07:13:18.916+0000] {processor.py:829} INFO - Processing file /home/airflow/.local/lib/python3.8/site-packages/airflow/example_dags/tutorial.py for tasks to queue
[2023-10-11T07:13:18.917+0000] {logging_mixin.py:151} INFO - [2023-10-11T07:13:18.916+0000] {dagbag.py:539} INFO - Filling up the DagBag from /home/airflow/.local/lib/python3.8/site-packages/airflow/example_dags/tutorial.py
[2023-10-11T07:13:18.922+0000] {processor.py:839} INFO - DAG(s) dict_keys(['tutorial']) retrieved from /home/airflow/.local/lib/python3.8/site-packages/airflow/example_dags/tutorial.py
[2023-10-11T07:13:18.938+0000] {logging_mixin.py:151} INFO - [2023-10-11T07:13:18.938+0000] {dag.py:2915} INFO - Sync 1 DAGs
[2023-10-11T07:13:18.961+0000] {logging_mixin.py:151} INFO - [2023-10-11T07:13:18.961+0000] {dag.py:3696} INFO - Setting next_dagrun for tutorial to 2023-10-10T07:13:18.961070+00:00, run_after=2023-10-11T07:13:18.961070+00:00
[2023-10-11T07:13:18.990+0000] {processor.py:179} INFO - Processing /home/airflow/.local/lib/python3.8/site-packages/airflow/example_dags/tutorial.py took 0.078 seconds
[2023-10-11T07:13:49.504+0000] {processor.py:157} INFO - Started process (PID=6089) to work on /home/airflow/.local/lib/python3.8/site-packages/airflow/example_dags/tutorial.py
[2023-10-11T07:13:49.505+0000] {processor.py:829} INFO - Processing file /home/airflow/.local/lib/python3.8/site-packages/airflow/example_dags/tutorial.py for tasks to queue
[2023-10-11T07:13:49.506+0000] {logging_mixin.py:151} INFO - [2023-10-11T07:13:49.505+0000] {dagbag.py:539} INFO - Filling up the DagBag from /home/airflow/.local/lib/python3.8/site-packages/airflow/example_dags/tutorial.py
[2023-10-11T07:13:49.510+0000] {processor.py:839} INFO - DAG(s) dict_keys(['tutorial']) retrieved from /home/airflow/.local/lib/python3.8/site-packages/airflow/example_dags/tutorial.py
[2023-10-11T07:13:49.524+0000] {logging_mixin.py:151} INFO - [2023-10-11T07:13:49.524+0000] {dag.py:2915} INFO - Sync 1 DAGs
[2023-10-11T07:13:49.535+0000] {logging_mixin.py:151} INFO - [2023-10-11T07:13:49.535+0000] {dag.py:3696} INFO - Setting next_dagrun for tutorial to 2023-10-10T07:13:49.535599+00:00, run_after=2023-10-11T07:13:49.535599+00:00
[2023-10-11T07:13:49.545+0000] {processor.py:179} INFO - Processing /home/airflow/.local/lib/python3.8/site-packages/airflow/example_dags/tutorial.py took 0.043 seconds
[2023-10-11T07:14:20.035+0000] {processor.py:157} INFO - Started process (PID=6332) to work on /home/airflow/.local/lib/python3.8/site-packages/airflow/example_dags/tutorial.py
[2023-10-11T07:14:20.036+0000] {processor.py:829} INFO - Processing file /home/airflow/.local/lib/python3.8/site-packages/airflow/example_dags/tutorial.py for tasks to queue
[2023-10-11T07:14:20.037+0000] {logging_mixin.py:151} INFO - [2023-10-11T07:14:20.037+0000] {dagbag.py:539} INFO - Filling up the DagBag from /home/airflow/.local/lib/python3.8/site-packages/airflow/example_dags/tutorial.py
[2023-10-11T07:14:20.042+0000] {processor.py:839} INFO - DAG(s) dict_keys(['tutorial']) retrieved from /home/airflow/.local/lib/python3.8/site-packages/airflow/example_dags/tutorial.py
[2023-10-11T07:14:20.091+0000] {logging_mixin.py:151} INFO - [2023-10-11T07:14:20.091+0000] {dag.py:2915} INFO - Sync 1 DAGs
[2023-10-11T07:14:20.105+0000] {logging_mixin.py:151} INFO - [2023-10-11T07:14:20.105+0000] {dag.py:3696} INFO - Setting next_dagrun for tutorial to 2023-10-10T07:14:20.105061+00:00, run_after=2023-10-11T07:14:20.105061+00:00
[2023-10-11T07:14:20.118+0000] {processor.py:179} INFO - Processing /home/airflow/.local/lib/python3.8/site-packages/airflow/example_dags/tutorial.py took 0.085 seconds
[2023-10-11T07:14:50.443+0000] {processor.py:157} INFO - Started process (PID=6575) to work on /home/airflow/.local/lib/python3.8/site-packages/airflow/example_dags/tutorial.py
[2023-10-11T07:14:50.444+0000] {processor.py:829} INFO - Processing file /home/airflow/.local/lib/python3.8/site-packages/airflow/example_dags/tutorial.py for tasks to queue
[2023-10-11T07:14:50.444+0000] {logging_mixin.py:151} INFO - [2023-10-11T07:14:50.444+0000] {dagbag.py:539} INFO - Filling up the DagBag from /home/airflow/.local/lib/python3.8/site-packages/airflow/example_dags/tutorial.py
[2023-10-11T07:14:50.456+0000] {processor.py:839} INFO - DAG(s) dict_keys(['tutorial']) retrieved from /home/airflow/.local/lib/python3.8/site-packages/airflow/example_dags/tutorial.py
[2023-10-11T07:14:50.480+0000] {logging_mixin.py:151} INFO - [2023-10-11T07:14:50.480+0000] {dag.py:2915} INFO - Sync 1 DAGs
[2023-10-11T07:14:50.493+0000] {logging_mixin.py:151} INFO - [2023-10-11T07:14:50.493+0000] {dag.py:3696} INFO - Setting next_dagrun for tutorial to 2023-10-10T07:14:50.492982+00:00, run_after=2023-10-11T07:14:50.492982+00:00
[2023-10-11T07:14:50.502+0000] {processor.py:179} INFO - Processing /home/airflow/.local/lib/python3.8/site-packages/airflow/example_dags/tutorial.py took 0.061 seconds
[2023-10-11T07:15:20.823+0000] {processor.py:157} INFO - Started process (PID=6816) to work on /home/airflow/.local/lib/python3.8/site-packages/airflow/example_dags/tutorial.py
[2023-10-11T07:15:20.824+0000] {processor.py:829} INFO - Processing file /home/airflow/.local/lib/python3.8/site-packages/airflow/example_dags/tutorial.py for tasks to queue
[2023-10-11T07:15:20.825+0000] {logging_mixin.py:151} INFO - [2023-10-11T07:15:20.825+0000] {dagbag.py:539} INFO - Filling up the DagBag from /home/airflow/.local/lib/python3.8/site-packages/airflow/example_dags/tutorial.py
[2023-10-11T07:15:20.830+0000] {processor.py:839} INFO - DAG(s) dict_keys(['tutorial']) retrieved from /home/airflow/.local/lib/python3.8/site-packages/airflow/example_dags/tutorial.py
[2023-10-11T07:15:20.879+0000] {logging_mixin.py:151} INFO - [2023-10-11T07:15:20.879+0000] {dag.py:2915} INFO - Sync 1 DAGs
[2023-10-11T07:15:20.892+0000] {logging_mixin.py:151} INFO - [2023-10-11T07:15:20.892+0000] {dag.py:3696} INFO - Setting next_dagrun for tutorial to 2023-10-10T07:15:20.892716+00:00, run_after=2023-10-11T07:15:20.892716+00:00
[2023-10-11T07:15:20.902+0000] {processor.py:179} INFO - Processing /home/airflow/.local/lib/python3.8/site-packages/airflow/example_dags/tutorial.py took 0.081 seconds
[2023-10-11T07:15:51.649+0000] {processor.py:157} INFO - Started process (PID=7061) to work on /home/airflow/.local/lib/python3.8/site-packages/airflow/example_dags/tutorial.py
[2023-10-11T07:15:51.657+0000] {processor.py:829} INFO - Processing file /home/airflow/.local/lib/python3.8/site-packages/airflow/example_dags/tutorial.py for tasks to queue
[2023-10-11T07:15:51.670+0000] {logging_mixin.py:151} INFO - [2023-10-11T07:15:51.664+0000] {dagbag.py:539} INFO - Filling up the DagBag from /home/airflow/.local/lib/python3.8/site-packages/airflow/example_dags/tutorial.py
[2023-10-11T07:15:51.681+0000] {processor.py:839} INFO - DAG(s) dict_keys(['tutorial']) retrieved from /home/airflow/.local/lib/python3.8/site-packages/airflow/example_dags/tutorial.py
[2023-10-11T07:15:51.699+0000] {logging_mixin.py:151} INFO - [2023-10-11T07:15:51.698+0000] {dag.py:2915} INFO - Sync 1 DAGs
[2023-10-11T07:15:51.712+0000] {logging_mixin.py:151} INFO - [2023-10-11T07:15:51.712+0000] {dag.py:3696} INFO - Setting next_dagrun for tutorial to 2023-10-10T07:15:51.712648+00:00, run_after=2023-10-11T07:15:51.712648+00:00
[2023-10-11T07:15:51.723+0000] {processor.py:179} INFO - Processing /home/airflow/.local/lib/python3.8/site-packages/airflow/example_dags/tutorial.py took 0.077 seconds
[2023-10-11T07:16:22.501+0000] {processor.py:157} INFO - Started process (PID=7304) to work on /home/airflow/.local/lib/python3.8/site-packages/airflow/example_dags/tutorial.py
[2023-10-11T07:16:22.502+0000] {processor.py:829} INFO - Processing file /home/airflow/.local/lib/python3.8/site-packages/airflow/example_dags/tutorial.py for tasks to queue
[2023-10-11T07:16:22.503+0000] {logging_mixin.py:151} INFO - [2023-10-11T07:16:22.502+0000] {dagbag.py:539} INFO - Filling up the DagBag from /home/airflow/.local/lib/python3.8/site-packages/airflow/example_dags/tutorial.py
[2023-10-11T07:16:22.508+0000] {processor.py:839} INFO - DAG(s) dict_keys(['tutorial']) retrieved from /home/airflow/.local/lib/python3.8/site-packages/airflow/example_dags/tutorial.py
[2023-10-11T07:16:22.526+0000] {logging_mixin.py:151} INFO - [2023-10-11T07:16:22.526+0000] {dag.py:2915} INFO - Sync 1 DAGs
[2023-10-11T07:16:22.557+0000] {logging_mixin.py:151} INFO - [2023-10-11T07:16:22.556+0000] {dag.py:3696} INFO - Setting next_dagrun for tutorial to 2023-10-10T07:16:22.555986+00:00, run_after=2023-10-11T07:16:22.555986+00:00
[2023-10-11T07:16:22.588+0000] {processor.py:179} INFO - Processing /home/airflow/.local/lib/python3.8/site-packages/airflow/example_dags/tutorial.py took 0.089 seconds
[2023-10-11T07:16:54.516+0000] {processor.py:157} INFO - Started process (PID=7550) to work on /home/airflow/.local/lib/python3.8/site-packages/airflow/example_dags/tutorial.py
[2023-10-11T07:16:54.521+0000] {processor.py:829} INFO - Processing file /home/airflow/.local/lib/python3.8/site-packages/airflow/example_dags/tutorial.py for tasks to queue
[2023-10-11T07:16:54.523+0000] {logging_mixin.py:151} INFO - [2023-10-11T07:16:54.523+0000] {dagbag.py:539} INFO - Filling up the DagBag from /home/airflow/.local/lib/python3.8/site-packages/airflow/example_dags/tutorial.py
[2023-10-11T07:16:54.588+0000] {processor.py:839} INFO - DAG(s) dict_keys(['tutorial']) retrieved from /home/airflow/.local/lib/python3.8/site-packages/airflow/example_dags/tutorial.py
[2023-10-11T07:16:54.709+0000] {logging_mixin.py:151} INFO - [2023-10-11T07:16:54.708+0000] {dag.py:2915} INFO - Sync 1 DAGs
[2023-10-11T07:16:54.802+0000] {logging_mixin.py:151} INFO - [2023-10-11T07:16:54.802+0000] {dag.py:3696} INFO - Setting next_dagrun for tutorial to 2023-10-10T07:16:54.801188+00:00, run_after=2023-10-11T07:16:54.801188+00:00
[2023-10-11T07:16:54.885+0000] {processor.py:179} INFO - Processing /home/airflow/.local/lib/python3.8/site-packages/airflow/example_dags/tutorial.py took 0.379 seconds
[2023-10-11T07:17:25.193+0000] {processor.py:157} INFO - Started process (PID=7790) to work on /home/airflow/.local/lib/python3.8/site-packages/airflow/example_dags/tutorial.py
[2023-10-11T07:17:25.196+0000] {processor.py:829} INFO - Processing file /home/airflow/.local/lib/python3.8/site-packages/airflow/example_dags/tutorial.py for tasks to queue
[2023-10-11T07:17:25.198+0000] {logging_mixin.py:151} INFO - [2023-10-11T07:17:25.197+0000] {dagbag.py:539} INFO - Filling up the DagBag from /home/airflow/.local/lib/python3.8/site-packages/airflow/example_dags/tutorial.py
[2023-10-11T07:17:25.242+0000] {processor.py:839} INFO - DAG(s) dict_keys(['tutorial']) retrieved from /home/airflow/.local/lib/python3.8/site-packages/airflow/example_dags/tutorial.py
[2023-10-11T07:17:25.388+0000] {logging_mixin.py:151} INFO - [2023-10-11T07:17:25.387+0000] {dag.py:2915} INFO - Sync 1 DAGs
[2023-10-11T07:17:25.510+0000] {logging_mixin.py:151} INFO - [2023-10-11T07:17:25.510+0000] {dag.py:3696} INFO - Setting next_dagrun for tutorial to 2023-10-10T07:17:25.509756+00:00, run_after=2023-10-11T07:17:25.509756+00:00
[2023-10-11T07:17:25.541+0000] {processor.py:179} INFO - Processing /home/airflow/.local/lib/python3.8/site-packages/airflow/example_dags/tutorial.py took 0.359 seconds
[2023-10-11T07:17:56.540+0000] {processor.py:157} INFO - Started process (PID=8031) to work on /home/airflow/.local/lib/python3.8/site-packages/airflow/example_dags/tutorial.py
[2023-10-11T07:17:56.543+0000] {processor.py:829} INFO - Processing file /home/airflow/.local/lib/python3.8/site-packages/airflow/example_dags/tutorial.py for tasks to queue
[2023-10-11T07:17:56.554+0000] {logging_mixin.py:151} INFO - [2023-10-11T07:17:56.553+0000] {dagbag.py:539} INFO - Filling up the DagBag from /home/airflow/.local/lib/python3.8/site-packages/airflow/example_dags/tutorial.py
[2023-10-11T07:17:56.579+0000] {processor.py:839} INFO - DAG(s) dict_keys(['tutorial']) retrieved from /home/airflow/.local/lib/python3.8/site-packages/airflow/example_dags/tutorial.py
[2023-10-11T07:17:56.634+0000] {logging_mixin.py:151} INFO - [2023-10-11T07:17:56.634+0000] {dag.py:2915} INFO - Sync 1 DAGs
[2023-10-11T07:17:56.691+0000] {logging_mixin.py:151} INFO - [2023-10-11T07:17:56.690+0000] {dag.py:3696} INFO - Setting next_dagrun for tutorial to 2023-10-10T07:17:56.690395+00:00, run_after=2023-10-11T07:17:56.690395+00:00
[2023-10-11T07:17:56.720+0000] {processor.py:179} INFO - Processing /home/airflow/.local/lib/python3.8/site-packages/airflow/example_dags/tutorial.py took 0.185 seconds
[2023-10-11T07:18:27.237+0000] {processor.py:157} INFO - Started process (PID=8276) to work on /home/airflow/.local/lib/python3.8/site-packages/airflow/example_dags/tutorial.py
[2023-10-11T07:18:27.239+0000] {processor.py:829} INFO - Processing file /home/airflow/.local/lib/python3.8/site-packages/airflow/example_dags/tutorial.py for tasks to queue
[2023-10-11T07:18:27.240+0000] {logging_mixin.py:151} INFO - [2023-10-11T07:18:27.240+0000] {dagbag.py:539} INFO - Filling up the DagBag from /home/airflow/.local/lib/python3.8/site-packages/airflow/example_dags/tutorial.py
[2023-10-11T07:18:27.257+0000] {processor.py:839} INFO - DAG(s) dict_keys(['tutorial']) retrieved from /home/airflow/.local/lib/python3.8/site-packages/airflow/example_dags/tutorial.py
[2023-10-11T07:18:27.293+0000] {logging_mixin.py:151} INFO - [2023-10-11T07:18:27.293+0000] {dag.py:2915} INFO - Sync 1 DAGs
[2023-10-11T07:18:27.332+0000] {logging_mixin.py:151} INFO - [2023-10-11T07:18:27.331+0000] {dag.py:3696} INFO - Setting next_dagrun for tutorial to 2023-10-10T07:18:27.331557+00:00, run_after=2023-10-11T07:18:27.331557+00:00
[2023-10-11T07:18:27.381+0000] {processor.py:179} INFO - Processing /home/airflow/.local/lib/python3.8/site-packages/airflow/example_dags/tutorial.py took 0.149 seconds
[2023-10-11T07:18:57.527+0000] {processor.py:157} INFO - Started process (PID=8519) to work on /home/airflow/.local/lib/python3.8/site-packages/airflow/example_dags/tutorial.py
[2023-10-11T07:18:57.528+0000] {processor.py:829} INFO - Processing file /home/airflow/.local/lib/python3.8/site-packages/airflow/example_dags/tutorial.py for tasks to queue
[2023-10-11T07:18:57.529+0000] {logging_mixin.py:151} INFO - [2023-10-11T07:18:57.529+0000] {dagbag.py:539} INFO - Filling up the DagBag from /home/airflow/.local/lib/python3.8/site-packages/airflow/example_dags/tutorial.py
[2023-10-11T07:18:57.534+0000] {processor.py:839} INFO - DAG(s) dict_keys(['tutorial']) retrieved from /home/airflow/.local/lib/python3.8/site-packages/airflow/example_dags/tutorial.py
[2023-10-11T07:18:57.561+0000] {logging_mixin.py:151} INFO - [2023-10-11T07:18:57.561+0000] {dag.py:2915} INFO - Sync 1 DAGs
[2023-10-11T07:18:57.580+0000] {logging_mixin.py:151} INFO - [2023-10-11T07:18:57.580+0000] {dag.py:3696} INFO - Setting next_dagrun for tutorial to 2023-10-10T07:18:57.580489+00:00, run_after=2023-10-11T07:18:57.580489+00:00
[2023-10-11T07:18:57.591+0000] {processor.py:179} INFO - Processing /home/airflow/.local/lib/python3.8/site-packages/airflow/example_dags/tutorial.py took 0.066 seconds
[2023-10-11T07:19:27.729+0000] {processor.py:157} INFO - Started process (PID=8762) to work on /home/airflow/.local/lib/python3.8/site-packages/airflow/example_dags/tutorial.py
[2023-10-11T07:19:27.731+0000] {processor.py:829} INFO - Processing file /home/airflow/.local/lib/python3.8/site-packages/airflow/example_dags/tutorial.py for tasks to queue
[2023-10-11T07:19:27.732+0000] {logging_mixin.py:151} INFO - [2023-10-11T07:19:27.732+0000] {dagbag.py:539} INFO - Filling up the DagBag from /home/airflow/.local/lib/python3.8/site-packages/airflow/example_dags/tutorial.py
[2023-10-11T07:19:27.738+0000] {processor.py:839} INFO - DAG(s) dict_keys(['tutorial']) retrieved from /home/airflow/.local/lib/python3.8/site-packages/airflow/example_dags/tutorial.py
[2023-10-11T07:19:27.774+0000] {logging_mixin.py:151} INFO - [2023-10-11T07:19:27.774+0000] {dag.py:2915} INFO - Sync 1 DAGs
[2023-10-11T07:19:27.800+0000] {logging_mixin.py:151} INFO - [2023-10-11T07:19:27.800+0000] {dag.py:3696} INFO - Setting next_dagrun for tutorial to 2023-10-10T07:19:27.800295+00:00, run_after=2023-10-11T07:19:27.800295+00:00
[2023-10-11T07:19:27.820+0000] {processor.py:179} INFO - Processing /home/airflow/.local/lib/python3.8/site-packages/airflow/example_dags/tutorial.py took 0.094 seconds
[2023-10-11T07:19:58.687+0000] {processor.py:157} INFO - Started process (PID=9003) to work on /home/airflow/.local/lib/python3.8/site-packages/airflow/example_dags/tutorial.py
[2023-10-11T07:19:58.689+0000] {processor.py:829} INFO - Processing file /home/airflow/.local/lib/python3.8/site-packages/airflow/example_dags/tutorial.py for tasks to queue
[2023-10-11T07:19:58.690+0000] {logging_mixin.py:151} INFO - [2023-10-11T07:19:58.690+0000] {dagbag.py:539} INFO - Filling up the DagBag from /home/airflow/.local/lib/python3.8/site-packages/airflow/example_dags/tutorial.py
[2023-10-11T07:19:58.700+0000] {processor.py:839} INFO - DAG(s) dict_keys(['tutorial']) retrieved from /home/airflow/.local/lib/python3.8/site-packages/airflow/example_dags/tutorial.py
[2023-10-11T07:19:58.730+0000] {logging_mixin.py:151} INFO - [2023-10-11T07:19:58.729+0000] {dag.py:2915} INFO - Sync 1 DAGs
[2023-10-11T07:19:58.779+0000] {logging_mixin.py:151} INFO - [2023-10-11T07:19:58.779+0000] {dag.py:3696} INFO - Setting next_dagrun for tutorial to 2023-10-10T07:19:58.777980+00:00, run_after=2023-10-11T07:19:58.777980+00:00
[2023-10-11T07:19:58.809+0000] {processor.py:179} INFO - Processing /home/airflow/.local/lib/python3.8/site-packages/airflow/example_dags/tutorial.py took 0.126 seconds
[2023-10-11T07:20:29.028+0000] {processor.py:157} INFO - Started process (PID=9248) to work on /home/airflow/.local/lib/python3.8/site-packages/airflow/example_dags/tutorial.py
[2023-10-11T07:20:29.030+0000] {processor.py:829} INFO - Processing file /home/airflow/.local/lib/python3.8/site-packages/airflow/example_dags/tutorial.py for tasks to queue
[2023-10-11T07:20:29.031+0000] {logging_mixin.py:151} INFO - [2023-10-11T07:20:29.030+0000] {dagbag.py:539} INFO - Filling up the DagBag from /home/airflow/.local/lib/python3.8/site-packages/airflow/example_dags/tutorial.py
[2023-10-11T07:20:29.063+0000] {processor.py:839} INFO - DAG(s) dict_keys(['tutorial']) retrieved from /home/airflow/.local/lib/python3.8/site-packages/airflow/example_dags/tutorial.py
[2023-10-11T07:20:29.103+0000] {logging_mixin.py:151} INFO - [2023-10-11T07:20:29.103+0000] {dag.py:2915} INFO - Sync 1 DAGs
[2023-10-11T07:20:29.130+0000] {logging_mixin.py:151} INFO - [2023-10-11T07:20:29.130+0000] {dag.py:3696} INFO - Setting next_dagrun for tutorial to 2023-10-10T07:20:29.130054+00:00, run_after=2023-10-11T07:20:29.130054+00:00
[2023-10-11T07:20:29.162+0000] {processor.py:179} INFO - Processing /home/airflow/.local/lib/python3.8/site-packages/airflow/example_dags/tutorial.py took 0.137 seconds
[2023-10-11T07:20:59.865+0000] {processor.py:157} INFO - Started process (PID=9489) to work on /home/airflow/.local/lib/python3.8/site-packages/airflow/example_dags/tutorial.py
[2023-10-11T07:20:59.867+0000] {processor.py:829} INFO - Processing file /home/airflow/.local/lib/python3.8/site-packages/airflow/example_dags/tutorial.py for tasks to queue
[2023-10-11T07:20:59.869+0000] {logging_mixin.py:151} INFO - [2023-10-11T07:20:59.868+0000] {dagbag.py:539} INFO - Filling up the DagBag from /home/airflow/.local/lib/python3.8/site-packages/airflow/example_dags/tutorial.py
[2023-10-11T07:20:59.883+0000] {processor.py:839} INFO - DAG(s) dict_keys(['tutorial']) retrieved from /home/airflow/.local/lib/python3.8/site-packages/airflow/example_dags/tutorial.py
[2023-10-11T07:20:59.913+0000] {logging_mixin.py:151} INFO - [2023-10-11T07:20:59.913+0000] {dag.py:2915} INFO - Sync 1 DAGs
[2023-10-11T07:20:59.960+0000] {logging_mixin.py:151} INFO - [2023-10-11T07:20:59.960+0000] {dag.py:3696} INFO - Setting next_dagrun for tutorial to 2023-10-10T07:20:59.959933+00:00, run_after=2023-10-11T07:20:59.959933+00:00
[2023-10-11T07:20:59.996+0000] {processor.py:179} INFO - Processing /home/airflow/.local/lib/python3.8/site-packages/airflow/example_dags/tutorial.py took 0.136 seconds
[2023-10-11T07:21:30.344+0000] {processor.py:157} INFO - Started process (PID=9732) to work on /home/airflow/.local/lib/python3.8/site-packages/airflow/example_dags/tutorial.py
[2023-10-11T07:21:30.345+0000] {processor.py:829} INFO - Processing file /home/airflow/.local/lib/python3.8/site-packages/airflow/example_dags/tutorial.py for tasks to queue
[2023-10-11T07:21:30.345+0000] {logging_mixin.py:151} INFO - [2023-10-11T07:21:30.345+0000] {dagbag.py:539} INFO - Filling up the DagBag from /home/airflow/.local/lib/python3.8/site-packages/airflow/example_dags/tutorial.py
[2023-10-11T07:21:30.352+0000] {processor.py:839} INFO - DAG(s) dict_keys(['tutorial']) retrieved from /home/airflow/.local/lib/python3.8/site-packages/airflow/example_dags/tutorial.py
[2023-10-11T07:21:30.369+0000] {logging_mixin.py:151} INFO - [2023-10-11T07:21:30.369+0000] {dag.py:2915} INFO - Sync 1 DAGs
[2023-10-11T07:21:30.383+0000] {logging_mixin.py:151} INFO - [2023-10-11T07:21:30.383+0000] {dag.py:3696} INFO - Setting next_dagrun for tutorial to 2023-10-10T07:21:30.383436+00:00, run_after=2023-10-11T07:21:30.383436+00:00
[2023-10-11T07:21:30.394+0000] {processor.py:179} INFO - Processing /home/airflow/.local/lib/python3.8/site-packages/airflow/example_dags/tutorial.py took 0.053 seconds
[2023-10-11T07:22:01.360+0000] {processor.py:157} INFO - Started process (PID=9975) to work on /home/airflow/.local/lib/python3.8/site-packages/airflow/example_dags/tutorial.py
[2023-10-11T07:22:01.362+0000] {processor.py:829} INFO - Processing file /home/airflow/.local/lib/python3.8/site-packages/airflow/example_dags/tutorial.py for tasks to queue
[2023-10-11T07:22:01.364+0000] {logging_mixin.py:151} INFO - [2023-10-11T07:22:01.363+0000] {dagbag.py:539} INFO - Filling up the DagBag from /home/airflow/.local/lib/python3.8/site-packages/airflow/example_dags/tutorial.py
[2023-10-11T07:22:01.373+0000] {processor.py:839} INFO - DAG(s) dict_keys(['tutorial']) retrieved from /home/airflow/.local/lib/python3.8/site-packages/airflow/example_dags/tutorial.py
[2023-10-11T07:22:01.403+0000] {logging_mixin.py:151} INFO - [2023-10-11T07:22:01.403+0000] {dag.py:2915} INFO - Sync 1 DAGs
[2023-10-11T07:22:01.430+0000] {logging_mixin.py:151} INFO - [2023-10-11T07:22:01.430+0000] {dag.py:3696} INFO - Setting next_dagrun for tutorial to 2023-10-10T07:22:01.429826+00:00, run_after=2023-10-11T07:22:01.429826+00:00
[2023-10-11T07:22:01.450+0000] {processor.py:179} INFO - Processing /home/airflow/.local/lib/python3.8/site-packages/airflow/example_dags/tutorial.py took 0.094 seconds
[2023-10-11T07:22:32.211+0000] {processor.py:157} INFO - Started process (PID=10218) to work on /home/airflow/.local/lib/python3.8/site-packages/airflow/example_dags/tutorial.py
[2023-10-11T07:22:32.212+0000] {processor.py:829} INFO - Processing file /home/airflow/.local/lib/python3.8/site-packages/airflow/example_dags/tutorial.py for tasks to queue
[2023-10-11T07:22:32.212+0000] {logging_mixin.py:151} INFO - [2023-10-11T07:22:32.212+0000] {dagbag.py:539} INFO - Filling up the DagBag from /home/airflow/.local/lib/python3.8/site-packages/airflow/example_dags/tutorial.py
[2023-10-11T07:22:32.218+0000] {processor.py:839} INFO - DAG(s) dict_keys(['tutorial']) retrieved from /home/airflow/.local/lib/python3.8/site-packages/airflow/example_dags/tutorial.py
[2023-10-11T07:22:32.238+0000] {logging_mixin.py:151} INFO - [2023-10-11T07:22:32.238+0000] {dag.py:2915} INFO - Sync 1 DAGs
[2023-10-11T07:22:32.278+0000] {logging_mixin.py:151} INFO - [2023-10-11T07:22:32.277+0000] {dag.py:3696} INFO - Setting next_dagrun for tutorial to 2023-10-10T07:22:32.277763+00:00, run_after=2023-10-11T07:22:32.277763+00:00
[2023-10-11T07:22:32.290+0000] {processor.py:179} INFO - Processing /home/airflow/.local/lib/python3.8/site-packages/airflow/example_dags/tutorial.py took 0.082 seconds
[2023-10-11T07:23:02.589+0000] {processor.py:157} INFO - Started process (PID=10461) to work on /home/airflow/.local/lib/python3.8/site-packages/airflow/example_dags/tutorial.py
[2023-10-11T07:23:02.590+0000] {processor.py:829} INFO - Processing file /home/airflow/.local/lib/python3.8/site-packages/airflow/example_dags/tutorial.py for tasks to queue
[2023-10-11T07:23:02.590+0000] {logging_mixin.py:151} INFO - [2023-10-11T07:23:02.590+0000] {dagbag.py:539} INFO - Filling up the DagBag from /home/airflow/.local/lib/python3.8/site-packages/airflow/example_dags/tutorial.py
[2023-10-11T07:23:02.596+0000] {processor.py:839} INFO - DAG(s) dict_keys(['tutorial']) retrieved from /home/airflow/.local/lib/python3.8/site-packages/airflow/example_dags/tutorial.py
[2023-10-11T07:23:02.610+0000] {logging_mixin.py:151} INFO - [2023-10-11T07:23:02.610+0000] {dag.py:2915} INFO - Sync 1 DAGs
[2023-10-11T07:23:02.624+0000] {logging_mixin.py:151} INFO - [2023-10-11T07:23:02.624+0000] {dag.py:3696} INFO - Setting next_dagrun for tutorial to 2023-10-10T07:23:02.624092+00:00, run_after=2023-10-11T07:23:02.624092+00:00
[2023-10-11T07:23:02.635+0000] {processor.py:179} INFO - Processing /home/airflow/.local/lib/python3.8/site-packages/airflow/example_dags/tutorial.py took 0.049 seconds
[2023-10-11T07:23:32.697+0000] {processor.py:157} INFO - Started process (PID=10704) to work on /home/airflow/.local/lib/python3.8/site-packages/airflow/example_dags/tutorial.py
[2023-10-11T07:23:32.698+0000] {processor.py:829} INFO - Processing file /home/airflow/.local/lib/python3.8/site-packages/airflow/example_dags/tutorial.py for tasks to queue
[2023-10-11T07:23:32.699+0000] {logging_mixin.py:151} INFO - [2023-10-11T07:23:32.699+0000] {dagbag.py:539} INFO - Filling up the DagBag from /home/airflow/.local/lib/python3.8/site-packages/airflow/example_dags/tutorial.py
[2023-10-11T07:23:32.704+0000] {processor.py:839} INFO - DAG(s) dict_keys(['tutorial']) retrieved from /home/airflow/.local/lib/python3.8/site-packages/airflow/example_dags/tutorial.py
[2023-10-11T07:23:32.718+0000] {logging_mixin.py:151} INFO - [2023-10-11T07:23:32.718+0000] {dag.py:2915} INFO - Sync 1 DAGs
[2023-10-11T07:23:32.731+0000] {logging_mixin.py:151} INFO - [2023-10-11T07:23:32.731+0000] {dag.py:3696} INFO - Setting next_dagrun for tutorial to 2023-10-10T07:23:32.730980+00:00, run_after=2023-10-11T07:23:32.730980+00:00
[2023-10-11T07:23:32.741+0000] {processor.py:179} INFO - Processing /home/airflow/.local/lib/python3.8/site-packages/airflow/example_dags/tutorial.py took 0.047 seconds
[2023-10-11T07:24:02.838+0000] {processor.py:157} INFO - Started process (PID=10947) to work on /home/airflow/.local/lib/python3.8/site-packages/airflow/example_dags/tutorial.py
[2023-10-11T07:24:02.839+0000] {processor.py:829} INFO - Processing file /home/airflow/.local/lib/python3.8/site-packages/airflow/example_dags/tutorial.py for tasks to queue
[2023-10-11T07:24:02.839+0000] {logging_mixin.py:151} INFO - [2023-10-11T07:24:02.839+0000] {dagbag.py:539} INFO - Filling up the DagBag from /home/airflow/.local/lib/python3.8/site-packages/airflow/example_dags/tutorial.py
[2023-10-11T07:24:02.844+0000] {processor.py:839} INFO - DAG(s) dict_keys(['tutorial']) retrieved from /home/airflow/.local/lib/python3.8/site-packages/airflow/example_dags/tutorial.py
[2023-10-11T07:24:02.884+0000] {logging_mixin.py:151} INFO - [2023-10-11T07:24:02.884+0000] {dag.py:2915} INFO - Sync 1 DAGs
[2023-10-11T07:24:02.896+0000] {logging_mixin.py:151} INFO - [2023-10-11T07:24:02.896+0000] {dag.py:3696} INFO - Setting next_dagrun for tutorial to 2023-10-10T07:24:02.896454+00:00, run_after=2023-10-11T07:24:02.896454+00:00
[2023-10-11T07:24:02.907+0000] {processor.py:179} INFO - Processing /home/airflow/.local/lib/python3.8/site-packages/airflow/example_dags/tutorial.py took 0.072 seconds
[2023-10-11T07:24:33.317+0000] {processor.py:157} INFO - Started process (PID=11190) to work on /home/airflow/.local/lib/python3.8/site-packages/airflow/example_dags/tutorial.py
[2023-10-11T07:24:33.319+0000] {processor.py:829} INFO - Processing file /home/airflow/.local/lib/python3.8/site-packages/airflow/example_dags/tutorial.py for tasks to queue
[2023-10-11T07:24:33.320+0000] {logging_mixin.py:151} INFO - [2023-10-11T07:24:33.320+0000] {dagbag.py:539} INFO - Filling up the DagBag from /home/airflow/.local/lib/python3.8/site-packages/airflow/example_dags/tutorial.py
[2023-10-11T07:24:33.329+0000] {processor.py:839} INFO - DAG(s) dict_keys(['tutorial']) retrieved from /home/airflow/.local/lib/python3.8/site-packages/airflow/example_dags/tutorial.py
[2023-10-11T07:24:33.368+0000] {logging_mixin.py:151} INFO - [2023-10-11T07:24:33.368+0000] {dag.py:2915} INFO - Sync 1 DAGs
[2023-10-11T07:24:33.392+0000] {logging_mixin.py:151} INFO - [2023-10-11T07:24:33.392+0000] {dag.py:3696} INFO - Setting next_dagrun for tutorial to 2023-10-10T07:24:33.391748+00:00, run_after=2023-10-11T07:24:33.391748+00:00
[2023-10-11T07:24:33.409+0000] {processor.py:179} INFO - Processing /home/airflow/.local/lib/python3.8/site-packages/airflow/example_dags/tutorial.py took 0.095 seconds
[2023-10-11T07:25:03.482+0000] {processor.py:157} INFO - Started process (PID=11433) to work on /home/airflow/.local/lib/python3.8/site-packages/airflow/example_dags/tutorial.py
[2023-10-11T07:25:03.484+0000] {processor.py:829} INFO - Processing file /home/airflow/.local/lib/python3.8/site-packages/airflow/example_dags/tutorial.py for tasks to queue
[2023-10-11T07:25:03.485+0000] {logging_mixin.py:151} INFO - [2023-10-11T07:25:03.484+0000] {dagbag.py:539} INFO - Filling up the DagBag from /home/airflow/.local/lib/python3.8/site-packages/airflow/example_dags/tutorial.py
[2023-10-11T07:25:03.490+0000] {processor.py:839} INFO - DAG(s) dict_keys(['tutorial']) retrieved from /home/airflow/.local/lib/python3.8/site-packages/airflow/example_dags/tutorial.py
[2023-10-11T07:25:03.504+0000] {logging_mixin.py:151} INFO - [2023-10-11T07:25:03.504+0000] {dag.py:2915} INFO - Sync 1 DAGs
[2023-10-11T07:25:03.525+0000] {logging_mixin.py:151} INFO - [2023-10-11T07:25:03.525+0000] {dag.py:3696} INFO - Setting next_dagrun for tutorial to 2023-10-10T07:25:03.524886+00:00, run_after=2023-10-11T07:25:03.524886+00:00
[2023-10-11T07:25:03.537+0000] {processor.py:179} INFO - Processing /home/airflow/.local/lib/python3.8/site-packages/airflow/example_dags/tutorial.py took 0.057 seconds
[2023-10-11T07:25:34.689+0000] {processor.py:157} INFO - Started process (PID=11676) to work on /home/airflow/.local/lib/python3.8/site-packages/airflow/example_dags/tutorial.py
[2023-10-11T07:25:34.690+0000] {processor.py:829} INFO - Processing file /home/airflow/.local/lib/python3.8/site-packages/airflow/example_dags/tutorial.py for tasks to queue
[2023-10-11T07:25:34.691+0000] {logging_mixin.py:151} INFO - [2023-10-11T07:25:34.691+0000] {dagbag.py:539} INFO - Filling up the DagBag from /home/airflow/.local/lib/python3.8/site-packages/airflow/example_dags/tutorial.py
[2023-10-11T07:25:34.702+0000] {processor.py:839} INFO - DAG(s) dict_keys(['tutorial']) retrieved from /home/airflow/.local/lib/python3.8/site-packages/airflow/example_dags/tutorial.py
[2023-10-11T07:25:34.737+0000] {logging_mixin.py:151} INFO - [2023-10-11T07:25:34.736+0000] {dag.py:2915} INFO - Sync 1 DAGs
[2023-10-11T07:25:34.788+0000] {logging_mixin.py:151} INFO - [2023-10-11T07:25:34.788+0000] {dag.py:3696} INFO - Setting next_dagrun for tutorial to 2023-10-10T07:25:34.788270+00:00, run_after=2023-10-11T07:25:34.788270+00:00
[2023-10-11T07:25:34.810+0000] {processor.py:179} INFO - Processing /home/airflow/.local/lib/python3.8/site-packages/airflow/example_dags/tutorial.py took 0.126 seconds
[2023-10-11T07:26:04.982+0000] {processor.py:157} INFO - Started process (PID=11919) to work on /home/airflow/.local/lib/python3.8/site-packages/airflow/example_dags/tutorial.py
[2023-10-11T07:26:04.984+0000] {processor.py:829} INFO - Processing file /home/airflow/.local/lib/python3.8/site-packages/airflow/example_dags/tutorial.py for tasks to queue
[2023-10-11T07:26:04.985+0000] {logging_mixin.py:151} INFO - [2023-10-11T07:26:04.984+0000] {dagbag.py:539} INFO - Filling up the DagBag from /home/airflow/.local/lib/python3.8/site-packages/airflow/example_dags/tutorial.py
[2023-10-11T07:26:04.995+0000] {processor.py:839} INFO - DAG(s) dict_keys(['tutorial']) retrieved from /home/airflow/.local/lib/python3.8/site-packages/airflow/example_dags/tutorial.py
[2023-10-11T07:26:05.026+0000] {logging_mixin.py:151} INFO - [2023-10-11T07:26:05.026+0000] {dag.py:2915} INFO - Sync 1 DAGs
[2023-10-11T07:26:05.072+0000] {logging_mixin.py:151} INFO - [2023-10-11T07:26:05.072+0000] {dag.py:3696} INFO - Setting next_dagrun for tutorial to 2023-10-10T07:26:05.071546+00:00, run_after=2023-10-11T07:26:05.071546+00:00
[2023-10-11T07:26:05.101+0000] {processor.py:179} INFO - Processing /home/airflow/.local/lib/python3.8/site-packages/airflow/example_dags/tutorial.py took 0.125 seconds
[2023-10-11T07:26:35.984+0000] {processor.py:157} INFO - Started process (PID=12162) to work on /home/airflow/.local/lib/python3.8/site-packages/airflow/example_dags/tutorial.py
[2023-10-11T07:26:35.985+0000] {processor.py:829} INFO - Processing file /home/airflow/.local/lib/python3.8/site-packages/airflow/example_dags/tutorial.py for tasks to queue
[2023-10-11T07:26:35.986+0000] {logging_mixin.py:151} INFO - [2023-10-11T07:26:35.986+0000] {dagbag.py:539} INFO - Filling up the DagBag from /home/airflow/.local/lib/python3.8/site-packages/airflow/example_dags/tutorial.py
[2023-10-11T07:26:35.996+0000] {processor.py:839} INFO - DAG(s) dict_keys(['tutorial']) retrieved from /home/airflow/.local/lib/python3.8/site-packages/airflow/example_dags/tutorial.py
[2023-10-11T07:26:36.025+0000] {logging_mixin.py:151} INFO - [2023-10-11T07:26:36.025+0000] {dag.py:2915} INFO - Sync 1 DAGs
[2023-10-11T07:26:36.054+0000] {logging_mixin.py:151} INFO - [2023-10-11T07:26:36.054+0000] {dag.py:3696} INFO - Setting next_dagrun for tutorial to 2023-10-10T07:26:36.053692+00:00, run_after=2023-10-11T07:26:36.053692+00:00
[2023-10-11T07:26:36.097+0000] {processor.py:179} INFO - Processing /home/airflow/.local/lib/python3.8/site-packages/airflow/example_dags/tutorial.py took 0.116 seconds
[2023-10-11T07:27:06.603+0000] {processor.py:157} INFO - Started process (PID=12405) to work on /home/airflow/.local/lib/python3.8/site-packages/airflow/example_dags/tutorial.py
[2023-10-11T07:27:06.604+0000] {processor.py:829} INFO - Processing file /home/airflow/.local/lib/python3.8/site-packages/airflow/example_dags/tutorial.py for tasks to queue
[2023-10-11T07:27:06.605+0000] {logging_mixin.py:151} INFO - [2023-10-11T07:27:06.604+0000] {dagbag.py:539} INFO - Filling up the DagBag from /home/airflow/.local/lib/python3.8/site-packages/airflow/example_dags/tutorial.py
[2023-10-11T07:27:06.611+0000] {processor.py:839} INFO - DAG(s) dict_keys(['tutorial']) retrieved from /home/airflow/.local/lib/python3.8/site-packages/airflow/example_dags/tutorial.py
[2023-10-11T07:27:06.631+0000] {logging_mixin.py:151} INFO - [2023-10-11T07:27:06.631+0000] {dag.py:2915} INFO - Sync 1 DAGs
[2023-10-11T07:27:06.668+0000] {logging_mixin.py:151} INFO - [2023-10-11T07:27:06.668+0000] {dag.py:3696} INFO - Setting next_dagrun for tutorial to 2023-10-10T07:27:06.666841+00:00, run_after=2023-10-11T07:27:06.666841+00:00
[2023-10-11T07:27:06.685+0000] {processor.py:179} INFO - Processing /home/airflow/.local/lib/python3.8/site-packages/airflow/example_dags/tutorial.py took 0.085 seconds
[2023-10-11T07:27:37.221+0000] {processor.py:157} INFO - Started process (PID=12648) to work on /home/airflow/.local/lib/python3.8/site-packages/airflow/example_dags/tutorial.py
[2023-10-11T07:27:37.223+0000] {processor.py:829} INFO - Processing file /home/airflow/.local/lib/python3.8/site-packages/airflow/example_dags/tutorial.py for tasks to queue
[2023-10-11T07:27:37.223+0000] {logging_mixin.py:151} INFO - [2023-10-11T07:27:37.223+0000] {dagbag.py:539} INFO - Filling up the DagBag from /home/airflow/.local/lib/python3.8/site-packages/airflow/example_dags/tutorial.py
[2023-10-11T07:27:37.228+0000] {processor.py:839} INFO - DAG(s) dict_keys(['tutorial']) retrieved from /home/airflow/.local/lib/python3.8/site-packages/airflow/example_dags/tutorial.py
[2023-10-11T07:27:37.241+0000] {logging_mixin.py:151} INFO - [2023-10-11T07:27:37.240+0000] {dag.py:2915} INFO - Sync 1 DAGs
[2023-10-11T07:27:37.275+0000] {logging_mixin.py:151} INFO - [2023-10-11T07:27:37.275+0000] {dag.py:3696} INFO - Setting next_dagrun for tutorial to 2023-10-10T07:27:37.274947+00:00, run_after=2023-10-11T07:27:37.274947+00:00
[2023-10-11T07:27:37.284+0000] {processor.py:179} INFO - Processing /home/airflow/.local/lib/python3.8/site-packages/airflow/example_dags/tutorial.py took 0.065 seconds
[2023-10-11T07:28:07.377+0000] {processor.py:157} INFO - Started process (PID=12891) to work on /home/airflow/.local/lib/python3.8/site-packages/airflow/example_dags/tutorial.py
[2023-10-11T07:28:07.378+0000] {processor.py:829} INFO - Processing file /home/airflow/.local/lib/python3.8/site-packages/airflow/example_dags/tutorial.py for tasks to queue
[2023-10-11T07:28:07.378+0000] {logging_mixin.py:151} INFO - [2023-10-11T07:28:07.378+0000] {dagbag.py:539} INFO - Filling up the DagBag from /home/airflow/.local/lib/python3.8/site-packages/airflow/example_dags/tutorial.py
[2023-10-11T07:28:07.384+0000] {processor.py:839} INFO - DAG(s) dict_keys(['tutorial']) retrieved from /home/airflow/.local/lib/python3.8/site-packages/airflow/example_dags/tutorial.py
[2023-10-11T07:28:07.397+0000] {logging_mixin.py:151} INFO - [2023-10-11T07:28:07.397+0000] {dag.py:2915} INFO - Sync 1 DAGs
[2023-10-11T07:28:07.408+0000] {logging_mixin.py:151} INFO - [2023-10-11T07:28:07.408+0000] {dag.py:3696} INFO - Setting next_dagrun for tutorial to 2023-10-10T07:28:07.408625+00:00, run_after=2023-10-11T07:28:07.408625+00:00
[2023-10-11T07:28:07.418+0000] {processor.py:179} INFO - Processing /home/airflow/.local/lib/python3.8/site-packages/airflow/example_dags/tutorial.py took 0.043 seconds
[2023-10-11T07:28:37.776+0000] {processor.py:157} INFO - Started process (PID=13134) to work on /home/airflow/.local/lib/python3.8/site-packages/airflow/example_dags/tutorial.py
[2023-10-11T07:28:37.777+0000] {processor.py:829} INFO - Processing file /home/airflow/.local/lib/python3.8/site-packages/airflow/example_dags/tutorial.py for tasks to queue
[2023-10-11T07:28:37.777+0000] {logging_mixin.py:151} INFO - [2023-10-11T07:28:37.777+0000] {dagbag.py:539} INFO - Filling up the DagBag from /home/airflow/.local/lib/python3.8/site-packages/airflow/example_dags/tutorial.py
[2023-10-11T07:28:37.782+0000] {processor.py:839} INFO - DAG(s) dict_keys(['tutorial']) retrieved from /home/airflow/.local/lib/python3.8/site-packages/airflow/example_dags/tutorial.py
[2023-10-11T07:28:37.795+0000] {logging_mixin.py:151} INFO - [2023-10-11T07:28:37.795+0000] {dag.py:2915} INFO - Sync 1 DAGs
[2023-10-11T07:28:37.807+0000] {logging_mixin.py:151} INFO - [2023-10-11T07:28:37.807+0000] {dag.py:3696} INFO - Setting next_dagrun for tutorial to 2023-10-10T07:28:37.807375+00:00, run_after=2023-10-11T07:28:37.807375+00:00
[2023-10-11T07:28:37.817+0000] {processor.py:179} INFO - Processing /home/airflow/.local/lib/python3.8/site-packages/airflow/example_dags/tutorial.py took 0.043 seconds
