[2023-10-11T07:01:37.689+0000] {processor.py:157} INFO - Started process (PID=345) to work on /home/airflow/.local/lib/python3.8/site-packages/airflow/example_dags/tutorial_taskflow_api.py
[2023-10-11T07:01:37.698+0000] {processor.py:829} INFO - Processing file /home/airflow/.local/lib/python3.8/site-packages/airflow/example_dags/tutorial_taskflow_api.py for tasks to queue
[2023-10-11T07:01:37.703+0000] {logging_mixin.py:151} INFO - [2023-10-11T07:01:37.702+0000] {dagbag.py:539} INFO - Filling up the DagBag from /home/airflow/.local/lib/python3.8/site-packages/airflow/example_dags/tutorial_taskflow_api.py
[2023-10-11T07:01:37.718+0000] {processor.py:839} INFO - DAG(s) dict_keys(['tutorial_taskflow_api']) retrieved from /home/airflow/.local/lib/python3.8/site-packages/airflow/example_dags/tutorial_taskflow_api.py
[2023-10-11T07:01:37.922+0000] {logging_mixin.py:151} INFO - [2023-10-11T07:01:37.922+0000] {manager.py:499} INFO - Created Permission View: %s
[2023-10-11T07:01:37.931+0000] {logging_mixin.py:151} INFO - [2023-10-11T07:01:37.931+0000] {manager.py:499} INFO - Created Permission View: %s
[2023-10-11T07:01:37.938+0000] {logging_mixin.py:151} INFO - [2023-10-11T07:01:37.938+0000] {manager.py:499} INFO - Created Permission View: %s
[2023-10-11T07:01:37.939+0000] {logging_mixin.py:151} INFO - [2023-10-11T07:01:37.939+0000] {security.py:708} INFO - Not syncing DAG-level permissions for DAG 'DAG:tutorial_taskflow_api' as access control is unset.
[2023-10-11T07:01:37.939+0000] {logging_mixin.py:151} INFO - [2023-10-11T07:01:37.939+0000] {dag.py:2915} INFO - Sync 1 DAGs
[2023-10-11T07:01:37.947+0000] {logging_mixin.py:151} INFO - [2023-10-11T07:01:37.946+0000] {dag.py:2937} INFO - Creating ORM DAG for tutorial_taskflow_api
[2023-10-11T07:01:37.947+0000] {logging_mixin.py:151} INFO - [2023-10-11T07:01:37.947+0000] {dag.py:3696} INFO - Setting next_dagrun for tutorial_taskflow_api to None, run_after=None
[2023-10-11T07:01:37.970+0000] {processor.py:179} INFO - Processing /home/airflow/.local/lib/python3.8/site-packages/airflow/example_dags/tutorial_taskflow_api.py took 0.287 seconds
[2023-10-11T07:02:08.521+0000] {processor.py:157} INFO - Started process (PID=584) to work on /home/airflow/.local/lib/python3.8/site-packages/airflow/example_dags/tutorial_taskflow_api.py
[2023-10-11T07:02:08.521+0000] {processor.py:829} INFO - Processing file /home/airflow/.local/lib/python3.8/site-packages/airflow/example_dags/tutorial_taskflow_api.py for tasks to queue
[2023-10-11T07:02:08.522+0000] {logging_mixin.py:151} INFO - [2023-10-11T07:02:08.522+0000] {dagbag.py:539} INFO - Filling up the DagBag from /home/airflow/.local/lib/python3.8/site-packages/airflow/example_dags/tutorial_taskflow_api.py
[2023-10-11T07:02:08.526+0000] {processor.py:839} INFO - DAG(s) dict_keys(['tutorial_taskflow_api']) retrieved from /home/airflow/.local/lib/python3.8/site-packages/airflow/example_dags/tutorial_taskflow_api.py
[2023-10-11T07:02:08.540+0000] {logging_mixin.py:151} INFO - [2023-10-11T07:02:08.540+0000] {dag.py:2915} INFO - Sync 1 DAGs
[2023-10-11T07:02:08.548+0000] {logging_mixin.py:151} INFO - [2023-10-11T07:02:08.547+0000] {dag.py:3696} INFO - Setting next_dagrun for tutorial_taskflow_api to None, run_after=None
[2023-10-11T07:02:08.564+0000] {processor.py:179} INFO - Processing /home/airflow/.local/lib/python3.8/site-packages/airflow/example_dags/tutorial_taskflow_api.py took 0.046 seconds
[2023-10-11T07:02:39.548+0000] {processor.py:157} INFO - Started process (PID=823) to work on /home/airflow/.local/lib/python3.8/site-packages/airflow/example_dags/tutorial_taskflow_api.py
[2023-10-11T07:02:39.549+0000] {processor.py:829} INFO - Processing file /home/airflow/.local/lib/python3.8/site-packages/airflow/example_dags/tutorial_taskflow_api.py for tasks to queue
[2023-10-11T07:02:39.550+0000] {logging_mixin.py:151} INFO - [2023-10-11T07:02:39.549+0000] {dagbag.py:539} INFO - Filling up the DagBag from /home/airflow/.local/lib/python3.8/site-packages/airflow/example_dags/tutorial_taskflow_api.py
[2023-10-11T07:02:39.569+0000] {processor.py:839} INFO - DAG(s) dict_keys(['tutorial_taskflow_api']) retrieved from /home/airflow/.local/lib/python3.8/site-packages/airflow/example_dags/tutorial_taskflow_api.py
[2023-10-11T07:02:39.594+0000] {logging_mixin.py:151} INFO - [2023-10-11T07:02:39.593+0000] {dag.py:2915} INFO - Sync 1 DAGs
[2023-10-11T07:02:39.601+0000] {logging_mixin.py:151} INFO - [2023-10-11T07:02:39.600+0000] {dag.py:3696} INFO - Setting next_dagrun for tutorial_taskflow_api to None, run_after=None
[2023-10-11T07:02:39.611+0000] {processor.py:179} INFO - Processing /home/airflow/.local/lib/python3.8/site-packages/airflow/example_dags/tutorial_taskflow_api.py took 0.066 seconds
[2023-10-11T07:03:10.107+0000] {processor.py:157} INFO - Started process (PID=1059) to work on /home/airflow/.local/lib/python3.8/site-packages/airflow/example_dags/tutorial_taskflow_api.py
[2023-10-11T07:03:10.109+0000] {processor.py:829} INFO - Processing file /home/airflow/.local/lib/python3.8/site-packages/airflow/example_dags/tutorial_taskflow_api.py for tasks to queue
[2023-10-11T07:03:10.111+0000] {logging_mixin.py:151} INFO - [2023-10-11T07:03:10.110+0000] {dagbag.py:539} INFO - Filling up the DagBag from /home/airflow/.local/lib/python3.8/site-packages/airflow/example_dags/tutorial_taskflow_api.py
[2023-10-11T07:03:10.120+0000] {processor.py:839} INFO - DAG(s) dict_keys(['tutorial_taskflow_api']) retrieved from /home/airflow/.local/lib/python3.8/site-packages/airflow/example_dags/tutorial_taskflow_api.py
[2023-10-11T07:03:10.144+0000] {logging_mixin.py:151} INFO - [2023-10-11T07:03:10.144+0000] {dag.py:2915} INFO - Sync 1 DAGs
[2023-10-11T07:03:10.160+0000] {logging_mixin.py:151} INFO - [2023-10-11T07:03:10.160+0000] {dag.py:3696} INFO - Setting next_dagrun for tutorial_taskflow_api to None, run_after=None
[2023-10-11T07:03:10.190+0000] {processor.py:179} INFO - Processing /home/airflow/.local/lib/python3.8/site-packages/airflow/example_dags/tutorial_taskflow_api.py took 0.090 seconds
[2023-10-11T07:03:40.249+0000] {processor.py:157} INFO - Started process (PID=1297) to work on /home/airflow/.local/lib/python3.8/site-packages/airflow/example_dags/tutorial_taskflow_api.py
[2023-10-11T07:03:40.250+0000] {processor.py:829} INFO - Processing file /home/airflow/.local/lib/python3.8/site-packages/airflow/example_dags/tutorial_taskflow_api.py for tasks to queue
[2023-10-11T07:03:40.250+0000] {logging_mixin.py:151} INFO - [2023-10-11T07:03:40.250+0000] {dagbag.py:539} INFO - Filling up the DagBag from /home/airflow/.local/lib/python3.8/site-packages/airflow/example_dags/tutorial_taskflow_api.py
[2023-10-11T07:03:40.261+0000] {processor.py:839} INFO - DAG(s) dict_keys(['tutorial_taskflow_api']) retrieved from /home/airflow/.local/lib/python3.8/site-packages/airflow/example_dags/tutorial_taskflow_api.py
[2023-10-11T07:03:40.294+0000] {logging_mixin.py:151} INFO - [2023-10-11T07:03:40.294+0000] {dag.py:2915} INFO - Sync 1 DAGs
[2023-10-11T07:03:40.303+0000] {logging_mixin.py:151} INFO - [2023-10-11T07:03:40.302+0000] {dag.py:3696} INFO - Setting next_dagrun for tutorial_taskflow_api to None, run_after=None
[2023-10-11T07:03:40.319+0000] {processor.py:179} INFO - Processing /home/airflow/.local/lib/python3.8/site-packages/airflow/example_dags/tutorial_taskflow_api.py took 0.073 seconds
[2023-10-11T07:04:10.619+0000] {processor.py:157} INFO - Started process (PID=1537) to work on /home/airflow/.local/lib/python3.8/site-packages/airflow/example_dags/tutorial_taskflow_api.py
[2023-10-11T07:04:10.620+0000] {processor.py:829} INFO - Processing file /home/airflow/.local/lib/python3.8/site-packages/airflow/example_dags/tutorial_taskflow_api.py for tasks to queue
[2023-10-11T07:04:10.621+0000] {logging_mixin.py:151} INFO - [2023-10-11T07:04:10.621+0000] {dagbag.py:539} INFO - Filling up the DagBag from /home/airflow/.local/lib/python3.8/site-packages/airflow/example_dags/tutorial_taskflow_api.py
[2023-10-11T07:04:10.630+0000] {processor.py:839} INFO - DAG(s) dict_keys(['tutorial_taskflow_api']) retrieved from /home/airflow/.local/lib/python3.8/site-packages/airflow/example_dags/tutorial_taskflow_api.py
[2023-10-11T07:04:10.647+0000] {logging_mixin.py:151} INFO - [2023-10-11T07:04:10.647+0000] {dag.py:2915} INFO - Sync 1 DAGs
[2023-10-11T07:04:10.664+0000] {logging_mixin.py:151} INFO - [2023-10-11T07:04:10.664+0000] {dag.py:3696} INFO - Setting next_dagrun for tutorial_taskflow_api to None, run_after=None
[2023-10-11T07:04:10.697+0000] {processor.py:179} INFO - Processing /home/airflow/.local/lib/python3.8/site-packages/airflow/example_dags/tutorial_taskflow_api.py took 0.081 seconds
[2023-10-11T07:04:41.409+0000] {processor.py:157} INFO - Started process (PID=1775) to work on /home/airflow/.local/lib/python3.8/site-packages/airflow/example_dags/tutorial_taskflow_api.py
[2023-10-11T07:04:41.410+0000] {processor.py:829} INFO - Processing file /home/airflow/.local/lib/python3.8/site-packages/airflow/example_dags/tutorial_taskflow_api.py for tasks to queue
[2023-10-11T07:04:41.411+0000] {logging_mixin.py:151} INFO - [2023-10-11T07:04:41.411+0000] {dagbag.py:539} INFO - Filling up the DagBag from /home/airflow/.local/lib/python3.8/site-packages/airflow/example_dags/tutorial_taskflow_api.py
[2023-10-11T07:04:41.415+0000] {processor.py:839} INFO - DAG(s) dict_keys(['tutorial_taskflow_api']) retrieved from /home/airflow/.local/lib/python3.8/site-packages/airflow/example_dags/tutorial_taskflow_api.py
[2023-10-11T07:04:41.428+0000] {logging_mixin.py:151} INFO - [2023-10-11T07:04:41.428+0000] {dag.py:2915} INFO - Sync 1 DAGs
[2023-10-11T07:04:41.434+0000] {logging_mixin.py:151} INFO - [2023-10-11T07:04:41.434+0000] {dag.py:3696} INFO - Setting next_dagrun for tutorial_taskflow_api to None, run_after=None
[2023-10-11T07:04:41.442+0000] {processor.py:179} INFO - Processing /home/airflow/.local/lib/python3.8/site-packages/airflow/example_dags/tutorial_taskflow_api.py took 0.035 seconds
[2023-10-11T07:05:12.023+0000] {processor.py:157} INFO - Started process (PID=2011) to work on /home/airflow/.local/lib/python3.8/site-packages/airflow/example_dags/tutorial_taskflow_api.py
[2023-10-11T07:05:12.024+0000] {processor.py:829} INFO - Processing file /home/airflow/.local/lib/python3.8/site-packages/airflow/example_dags/tutorial_taskflow_api.py for tasks to queue
[2023-10-11T07:05:12.025+0000] {logging_mixin.py:151} INFO - [2023-10-11T07:05:12.025+0000] {dagbag.py:539} INFO - Filling up the DagBag from /home/airflow/.local/lib/python3.8/site-packages/airflow/example_dags/tutorial_taskflow_api.py
[2023-10-11T07:05:12.031+0000] {processor.py:839} INFO - DAG(s) dict_keys(['tutorial_taskflow_api']) retrieved from /home/airflow/.local/lib/python3.8/site-packages/airflow/example_dags/tutorial_taskflow_api.py
[2023-10-11T07:05:12.057+0000] {logging_mixin.py:151} INFO - [2023-10-11T07:05:12.056+0000] {dag.py:2915} INFO - Sync 1 DAGs
[2023-10-11T07:05:12.083+0000] {logging_mixin.py:151} INFO - [2023-10-11T07:05:12.079+0000] {dag.py:3696} INFO - Setting next_dagrun for tutorial_taskflow_api to None, run_after=None
[2023-10-11T07:05:12.096+0000] {processor.py:179} INFO - Processing /home/airflow/.local/lib/python3.8/site-packages/airflow/example_dags/tutorial_taskflow_api.py took 0.076 seconds
[2023-10-11T07:05:42.539+0000] {processor.py:157} INFO - Started process (PID=2251) to work on /home/airflow/.local/lib/python3.8/site-packages/airflow/example_dags/tutorial_taskflow_api.py
[2023-10-11T07:05:42.540+0000] {processor.py:829} INFO - Processing file /home/airflow/.local/lib/python3.8/site-packages/airflow/example_dags/tutorial_taskflow_api.py for tasks to queue
[2023-10-11T07:05:42.540+0000] {logging_mixin.py:151} INFO - [2023-10-11T07:05:42.540+0000] {dagbag.py:539} INFO - Filling up the DagBag from /home/airflow/.local/lib/python3.8/site-packages/airflow/example_dags/tutorial_taskflow_api.py
[2023-10-11T07:05:42.545+0000] {processor.py:839} INFO - DAG(s) dict_keys(['tutorial_taskflow_api']) retrieved from /home/airflow/.local/lib/python3.8/site-packages/airflow/example_dags/tutorial_taskflow_api.py
[2023-10-11T07:05:42.563+0000] {logging_mixin.py:151} INFO - [2023-10-11T07:05:42.562+0000] {dag.py:2915} INFO - Sync 1 DAGs
[2023-10-11T07:05:42.582+0000] {logging_mixin.py:151} INFO - [2023-10-11T07:05:42.581+0000] {dag.py:3696} INFO - Setting next_dagrun for tutorial_taskflow_api to None, run_after=None
[2023-10-11T07:05:42.595+0000] {processor.py:179} INFO - Processing /home/airflow/.local/lib/python3.8/site-packages/airflow/example_dags/tutorial_taskflow_api.py took 0.058 seconds
[2023-10-11T07:06:13.082+0000] {processor.py:157} INFO - Started process (PID=2485) to work on /home/airflow/.local/lib/python3.8/site-packages/airflow/example_dags/tutorial_taskflow_api.py
[2023-10-11T07:06:13.083+0000] {processor.py:829} INFO - Processing file /home/airflow/.local/lib/python3.8/site-packages/airflow/example_dags/tutorial_taskflow_api.py for tasks to queue
[2023-10-11T07:06:13.084+0000] {logging_mixin.py:151} INFO - [2023-10-11T07:06:13.084+0000] {dagbag.py:539} INFO - Filling up the DagBag from /home/airflow/.local/lib/python3.8/site-packages/airflow/example_dags/tutorial_taskflow_api.py
[2023-10-11T07:06:13.088+0000] {processor.py:839} INFO - DAG(s) dict_keys(['tutorial_taskflow_api']) retrieved from /home/airflow/.local/lib/python3.8/site-packages/airflow/example_dags/tutorial_taskflow_api.py
[2023-10-11T07:06:13.101+0000] {logging_mixin.py:151} INFO - [2023-10-11T07:06:13.101+0000] {dag.py:2915} INFO - Sync 1 DAGs
[2023-10-11T07:06:13.107+0000] {logging_mixin.py:151} INFO - [2023-10-11T07:06:13.107+0000] {dag.py:3696} INFO - Setting next_dagrun for tutorial_taskflow_api to None, run_after=None
[2023-10-11T07:06:13.117+0000] {processor.py:179} INFO - Processing /home/airflow/.local/lib/python3.8/site-packages/airflow/example_dags/tutorial_taskflow_api.py took 0.038 seconds
[2023-10-11T07:06:43.483+0000] {processor.py:157} INFO - Started process (PID=2729) to work on /home/airflow/.local/lib/python3.8/site-packages/airflow/example_dags/tutorial_taskflow_api.py
[2023-10-11T07:06:43.484+0000] {processor.py:829} INFO - Processing file /home/airflow/.local/lib/python3.8/site-packages/airflow/example_dags/tutorial_taskflow_api.py for tasks to queue
[2023-10-11T07:06:43.484+0000] {logging_mixin.py:151} INFO - [2023-10-11T07:06:43.484+0000] {dagbag.py:539} INFO - Filling up the DagBag from /home/airflow/.local/lib/python3.8/site-packages/airflow/example_dags/tutorial_taskflow_api.py
[2023-10-11T07:06:43.488+0000] {processor.py:839} INFO - DAG(s) dict_keys(['tutorial_taskflow_api']) retrieved from /home/airflow/.local/lib/python3.8/site-packages/airflow/example_dags/tutorial_taskflow_api.py
[2023-10-11T07:06:43.502+0000] {logging_mixin.py:151} INFO - [2023-10-11T07:06:43.501+0000] {dag.py:2915} INFO - Sync 1 DAGs
[2023-10-11T07:06:43.509+0000] {logging_mixin.py:151} INFO - [2023-10-11T07:06:43.509+0000] {dag.py:3696} INFO - Setting next_dagrun for tutorial_taskflow_api to None, run_after=None
[2023-10-11T07:06:43.518+0000] {processor.py:179} INFO - Processing /home/airflow/.local/lib/python3.8/site-packages/airflow/example_dags/tutorial_taskflow_api.py took 0.037 seconds
[2023-10-11T07:07:14.525+0000] {processor.py:157} INFO - Started process (PID=2972) to work on /home/airflow/.local/lib/python3.8/site-packages/airflow/example_dags/tutorial_taskflow_api.py
[2023-10-11T07:07:14.526+0000] {processor.py:829} INFO - Processing file /home/airflow/.local/lib/python3.8/site-packages/airflow/example_dags/tutorial_taskflow_api.py for tasks to queue
[2023-10-11T07:07:14.526+0000] {logging_mixin.py:151} INFO - [2023-10-11T07:07:14.526+0000] {dagbag.py:539} INFO - Filling up the DagBag from /home/airflow/.local/lib/python3.8/site-packages/airflow/example_dags/tutorial_taskflow_api.py
[2023-10-11T07:07:14.531+0000] {processor.py:839} INFO - DAG(s) dict_keys(['tutorial_taskflow_api']) retrieved from /home/airflow/.local/lib/python3.8/site-packages/airflow/example_dags/tutorial_taskflow_api.py
[2023-10-11T07:07:14.548+0000] {logging_mixin.py:151} INFO - [2023-10-11T07:07:14.547+0000] {dag.py:2915} INFO - Sync 1 DAGs
[2023-10-11T07:07:14.563+0000] {logging_mixin.py:151} INFO - [2023-10-11T07:07:14.563+0000] {dag.py:3696} INFO - Setting next_dagrun for tutorial_taskflow_api to None, run_after=None
[2023-10-11T07:07:14.592+0000] {processor.py:179} INFO - Processing /home/airflow/.local/lib/python3.8/site-packages/airflow/example_dags/tutorial_taskflow_api.py took 0.069 seconds
[2023-10-11T07:07:47.273+0000] {processor.py:157} INFO - Started process (PID=3224) to work on /home/airflow/.local/lib/python3.8/site-packages/airflow/example_dags/tutorial_taskflow_api.py
[2023-10-11T07:07:47.276+0000] {processor.py:829} INFO - Processing file /home/airflow/.local/lib/python3.8/site-packages/airflow/example_dags/tutorial_taskflow_api.py for tasks to queue
[2023-10-11T07:07:47.282+0000] {logging_mixin.py:151} INFO - [2023-10-11T07:07:47.281+0000] {dagbag.py:539} INFO - Filling up the DagBag from /home/airflow/.local/lib/python3.8/site-packages/airflow/example_dags/tutorial_taskflow_api.py
[2023-10-11T07:07:47.299+0000] {processor.py:839} INFO - DAG(s) dict_keys(['tutorial_taskflow_api']) retrieved from /home/airflow/.local/lib/python3.8/site-packages/airflow/example_dags/tutorial_taskflow_api.py
[2023-10-11T07:07:47.426+0000] {logging_mixin.py:151} INFO - [2023-10-11T07:07:47.426+0000] {dag.py:2915} INFO - Sync 1 DAGs
[2023-10-11T07:07:47.466+0000] {logging_mixin.py:151} INFO - [2023-10-11T07:07:47.465+0000] {dag.py:3696} INFO - Setting next_dagrun for tutorial_taskflow_api to None, run_after=None
[2023-10-11T07:07:47.521+0000] {processor.py:179} INFO - Processing /home/airflow/.local/lib/python3.8/site-packages/airflow/example_dags/tutorial_taskflow_api.py took 0.255 seconds
[2023-10-11T07:08:17.946+0000] {processor.py:157} INFO - Started process (PID=3489) to work on /home/airflow/.local/lib/python3.8/site-packages/airflow/example_dags/tutorial_taskflow_api.py
[2023-10-11T07:08:17.947+0000] {processor.py:829} INFO - Processing file /home/airflow/.local/lib/python3.8/site-packages/airflow/example_dags/tutorial_taskflow_api.py for tasks to queue
[2023-10-11T07:08:17.948+0000] {logging_mixin.py:151} INFO - [2023-10-11T07:08:17.948+0000] {dagbag.py:539} INFO - Filling up the DagBag from /home/airflow/.local/lib/python3.8/site-packages/airflow/example_dags/tutorial_taskflow_api.py
[2023-10-11T07:08:17.952+0000] {processor.py:839} INFO - DAG(s) dict_keys(['tutorial_taskflow_api']) retrieved from /home/airflow/.local/lib/python3.8/site-packages/airflow/example_dags/tutorial_taskflow_api.py
[2023-10-11T07:08:17.980+0000] {logging_mixin.py:151} INFO - [2023-10-11T07:08:17.980+0000] {dag.py:2915} INFO - Sync 1 DAGs
[2023-10-11T07:08:17.994+0000] {logging_mixin.py:151} INFO - [2023-10-11T07:08:17.994+0000] {dag.py:3696} INFO - Setting next_dagrun for tutorial_taskflow_api to None, run_after=None
[2023-10-11T07:08:18.004+0000] {processor.py:179} INFO - Processing /home/airflow/.local/lib/python3.8/site-packages/airflow/example_dags/tutorial_taskflow_api.py took 0.061 seconds
[2023-10-11T07:08:49.122+0000] {processor.py:157} INFO - Started process (PID=3732) to work on /home/airflow/.local/lib/python3.8/site-packages/airflow/example_dags/tutorial_taskflow_api.py
[2023-10-11T07:08:49.123+0000] {processor.py:829} INFO - Processing file /home/airflow/.local/lib/python3.8/site-packages/airflow/example_dags/tutorial_taskflow_api.py for tasks to queue
[2023-10-11T07:08:49.123+0000] {logging_mixin.py:151} INFO - [2023-10-11T07:08:49.123+0000] {dagbag.py:539} INFO - Filling up the DagBag from /home/airflow/.local/lib/python3.8/site-packages/airflow/example_dags/tutorial_taskflow_api.py
[2023-10-11T07:08:49.130+0000] {processor.py:839} INFO - DAG(s) dict_keys(['tutorial_taskflow_api']) retrieved from /home/airflow/.local/lib/python3.8/site-packages/airflow/example_dags/tutorial_taskflow_api.py
[2023-10-11T07:08:49.150+0000] {logging_mixin.py:151} INFO - [2023-10-11T07:08:49.150+0000] {dag.py:2915} INFO - Sync 1 DAGs
[2023-10-11T07:08:49.169+0000] {logging_mixin.py:151} INFO - [2023-10-11T07:08:49.168+0000] {dag.py:3696} INFO - Setting next_dagrun for tutorial_taskflow_api to None, run_after=None
[2023-10-11T07:08:49.206+0000] {processor.py:179} INFO - Processing /home/airflow/.local/lib/python3.8/site-packages/airflow/example_dags/tutorial_taskflow_api.py took 0.088 seconds
[2023-10-11T07:09:19.426+0000] {processor.py:157} INFO - Started process (PID=3975) to work on /home/airflow/.local/lib/python3.8/site-packages/airflow/example_dags/tutorial_taskflow_api.py
[2023-10-11T07:09:19.427+0000] {processor.py:829} INFO - Processing file /home/airflow/.local/lib/python3.8/site-packages/airflow/example_dags/tutorial_taskflow_api.py for tasks to queue
[2023-10-11T07:09:19.427+0000] {logging_mixin.py:151} INFO - [2023-10-11T07:09:19.427+0000] {dagbag.py:539} INFO - Filling up the DagBag from /home/airflow/.local/lib/python3.8/site-packages/airflow/example_dags/tutorial_taskflow_api.py
[2023-10-11T07:09:19.434+0000] {processor.py:839} INFO - DAG(s) dict_keys(['tutorial_taskflow_api']) retrieved from /home/airflow/.local/lib/python3.8/site-packages/airflow/example_dags/tutorial_taskflow_api.py
[2023-10-11T07:09:19.469+0000] {logging_mixin.py:151} INFO - [2023-10-11T07:09:19.467+0000] {dag.py:2915} INFO - Sync 1 DAGs
[2023-10-11T07:09:19.484+0000] {logging_mixin.py:151} INFO - [2023-10-11T07:09:19.484+0000] {dag.py:3696} INFO - Setting next_dagrun for tutorial_taskflow_api to None, run_after=None
[2023-10-11T07:09:19.496+0000] {processor.py:179} INFO - Processing /home/airflow/.local/lib/python3.8/site-packages/airflow/example_dags/tutorial_taskflow_api.py took 0.073 seconds
[2023-10-11T07:09:49.872+0000] {processor.py:157} INFO - Started process (PID=4218) to work on /home/airflow/.local/lib/python3.8/site-packages/airflow/example_dags/tutorial_taskflow_api.py
[2023-10-11T07:09:49.875+0000] {processor.py:829} INFO - Processing file /home/airflow/.local/lib/python3.8/site-packages/airflow/example_dags/tutorial_taskflow_api.py for tasks to queue
[2023-10-11T07:09:49.879+0000] {logging_mixin.py:151} INFO - [2023-10-11T07:09:49.878+0000] {dagbag.py:539} INFO - Filling up the DagBag from /home/airflow/.local/lib/python3.8/site-packages/airflow/example_dags/tutorial_taskflow_api.py
[2023-10-11T07:09:49.893+0000] {processor.py:839} INFO - DAG(s) dict_keys(['tutorial_taskflow_api']) retrieved from /home/airflow/.local/lib/python3.8/site-packages/airflow/example_dags/tutorial_taskflow_api.py
[2023-10-11T07:09:49.919+0000] {logging_mixin.py:151} INFO - [2023-10-11T07:09:49.919+0000] {dag.py:2915} INFO - Sync 1 DAGs
[2023-10-11T07:09:49.938+0000] {logging_mixin.py:151} INFO - [2023-10-11T07:09:49.938+0000] {dag.py:3696} INFO - Setting next_dagrun for tutorial_taskflow_api to None, run_after=None
[2023-10-11T07:09:49.980+0000] {processor.py:179} INFO - Processing /home/airflow/.local/lib/python3.8/site-packages/airflow/example_dags/tutorial_taskflow_api.py took 0.125 seconds
[2023-10-11T07:10:20.587+0000] {processor.py:157} INFO - Started process (PID=4461) to work on /home/airflow/.local/lib/python3.8/site-packages/airflow/example_dags/tutorial_taskflow_api.py
[2023-10-11T07:10:20.589+0000] {processor.py:829} INFO - Processing file /home/airflow/.local/lib/python3.8/site-packages/airflow/example_dags/tutorial_taskflow_api.py for tasks to queue
[2023-10-11T07:10:20.589+0000] {logging_mixin.py:151} INFO - [2023-10-11T07:10:20.589+0000] {dagbag.py:539} INFO - Filling up the DagBag from /home/airflow/.local/lib/python3.8/site-packages/airflow/example_dags/tutorial_taskflow_api.py
[2023-10-11T07:10:20.597+0000] {processor.py:839} INFO - DAG(s) dict_keys(['tutorial_taskflow_api']) retrieved from /home/airflow/.local/lib/python3.8/site-packages/airflow/example_dags/tutorial_taskflow_api.py
[2023-10-11T07:10:20.616+0000] {logging_mixin.py:151} INFO - [2023-10-11T07:10:20.616+0000] {dag.py:2915} INFO - Sync 1 DAGs
[2023-10-11T07:10:20.627+0000] {logging_mixin.py:151} INFO - [2023-10-11T07:10:20.627+0000] {dag.py:3696} INFO - Setting next_dagrun for tutorial_taskflow_api to None, run_after=None
[2023-10-11T07:10:20.641+0000] {processor.py:179} INFO - Processing /home/airflow/.local/lib/python3.8/site-packages/airflow/example_dags/tutorial_taskflow_api.py took 0.056 seconds
[2023-10-11T07:10:51.061+0000] {processor.py:157} INFO - Started process (PID=4705) to work on /home/airflow/.local/lib/python3.8/site-packages/airflow/example_dags/tutorial_taskflow_api.py
[2023-10-11T07:10:51.077+0000] {processor.py:829} INFO - Processing file /home/airflow/.local/lib/python3.8/site-packages/airflow/example_dags/tutorial_taskflow_api.py for tasks to queue
[2023-10-11T07:10:51.078+0000] {logging_mixin.py:151} INFO - [2023-10-11T07:10:51.078+0000] {dagbag.py:539} INFO - Filling up the DagBag from /home/airflow/.local/lib/python3.8/site-packages/airflow/example_dags/tutorial_taskflow_api.py
[2023-10-11T07:10:51.084+0000] {processor.py:839} INFO - DAG(s) dict_keys(['tutorial_taskflow_api']) retrieved from /home/airflow/.local/lib/python3.8/site-packages/airflow/example_dags/tutorial_taskflow_api.py
[2023-10-11T07:10:51.109+0000] {logging_mixin.py:151} INFO - [2023-10-11T07:10:51.109+0000] {dag.py:2915} INFO - Sync 1 DAGs
[2023-10-11T07:10:51.119+0000] {logging_mixin.py:151} INFO - [2023-10-11T07:10:51.119+0000] {dag.py:3696} INFO - Setting next_dagrun for tutorial_taskflow_api to None, run_after=None
[2023-10-11T07:10:51.131+0000] {processor.py:179} INFO - Processing /home/airflow/.local/lib/python3.8/site-packages/airflow/example_dags/tutorial_taskflow_api.py took 0.081 seconds
[2023-10-11T07:11:21.430+0000] {processor.py:157} INFO - Started process (PID=4947) to work on /home/airflow/.local/lib/python3.8/site-packages/airflow/example_dags/tutorial_taskflow_api.py
[2023-10-11T07:11:21.430+0000] {processor.py:829} INFO - Processing file /home/airflow/.local/lib/python3.8/site-packages/airflow/example_dags/tutorial_taskflow_api.py for tasks to queue
[2023-10-11T07:11:21.431+0000] {logging_mixin.py:151} INFO - [2023-10-11T07:11:21.431+0000] {dagbag.py:539} INFO - Filling up the DagBag from /home/airflow/.local/lib/python3.8/site-packages/airflow/example_dags/tutorial_taskflow_api.py
[2023-10-11T07:11:21.437+0000] {processor.py:839} INFO - DAG(s) dict_keys(['tutorial_taskflow_api']) retrieved from /home/airflow/.local/lib/python3.8/site-packages/airflow/example_dags/tutorial_taskflow_api.py
[2023-10-11T07:11:21.456+0000] {logging_mixin.py:151} INFO - [2023-10-11T07:11:21.456+0000] {dag.py:2915} INFO - Sync 1 DAGs
[2023-10-11T07:11:21.474+0000] {logging_mixin.py:151} INFO - [2023-10-11T07:11:21.474+0000] {dag.py:3696} INFO - Setting next_dagrun for tutorial_taskflow_api to None, run_after=None
[2023-10-11T07:11:21.499+0000] {processor.py:179} INFO - Processing /home/airflow/.local/lib/python3.8/site-packages/airflow/example_dags/tutorial_taskflow_api.py took 0.074 seconds
[2023-10-11T07:11:52.237+0000] {processor.py:157} INFO - Started process (PID=5190) to work on /home/airflow/.local/lib/python3.8/site-packages/airflow/example_dags/tutorial_taskflow_api.py
[2023-10-11T07:11:52.238+0000] {processor.py:829} INFO - Processing file /home/airflow/.local/lib/python3.8/site-packages/airflow/example_dags/tutorial_taskflow_api.py for tasks to queue
[2023-10-11T07:11:52.239+0000] {logging_mixin.py:151} INFO - [2023-10-11T07:11:52.238+0000] {dagbag.py:539} INFO - Filling up the DagBag from /home/airflow/.local/lib/python3.8/site-packages/airflow/example_dags/tutorial_taskflow_api.py
[2023-10-11T07:11:52.243+0000] {processor.py:839} INFO - DAG(s) dict_keys(['tutorial_taskflow_api']) retrieved from /home/airflow/.local/lib/python3.8/site-packages/airflow/example_dags/tutorial_taskflow_api.py
[2023-10-11T07:11:52.267+0000] {logging_mixin.py:151} INFO - [2023-10-11T07:11:52.267+0000] {dag.py:2915} INFO - Sync 1 DAGs
[2023-10-11T07:11:52.284+0000] {logging_mixin.py:151} INFO - [2023-10-11T07:11:52.284+0000] {dag.py:3696} INFO - Setting next_dagrun for tutorial_taskflow_api to None, run_after=None
[2023-10-11T07:11:52.295+0000] {processor.py:179} INFO - Processing /home/airflow/.local/lib/python3.8/site-packages/airflow/example_dags/tutorial_taskflow_api.py took 0.061 seconds
[2023-10-11T07:12:22.419+0000] {processor.py:157} INFO - Started process (PID=5433) to work on /home/airflow/.local/lib/python3.8/site-packages/airflow/example_dags/tutorial_taskflow_api.py
[2023-10-11T07:12:22.420+0000] {processor.py:829} INFO - Processing file /home/airflow/.local/lib/python3.8/site-packages/airflow/example_dags/tutorial_taskflow_api.py for tasks to queue
[2023-10-11T07:12:22.420+0000] {logging_mixin.py:151} INFO - [2023-10-11T07:12:22.420+0000] {dagbag.py:539} INFO - Filling up the DagBag from /home/airflow/.local/lib/python3.8/site-packages/airflow/example_dags/tutorial_taskflow_api.py
[2023-10-11T07:12:22.425+0000] {processor.py:839} INFO - DAG(s) dict_keys(['tutorial_taskflow_api']) retrieved from /home/airflow/.local/lib/python3.8/site-packages/airflow/example_dags/tutorial_taskflow_api.py
[2023-10-11T07:12:22.440+0000] {logging_mixin.py:151} INFO - [2023-10-11T07:12:22.440+0000] {dag.py:2915} INFO - Sync 1 DAGs
[2023-10-11T07:12:22.448+0000] {logging_mixin.py:151} INFO - [2023-10-11T07:12:22.448+0000] {dag.py:3696} INFO - Setting next_dagrun for tutorial_taskflow_api to None, run_after=None
[2023-10-11T07:12:22.498+0000] {processor.py:179} INFO - Processing /home/airflow/.local/lib/python3.8/site-packages/airflow/example_dags/tutorial_taskflow_api.py took 0.081 seconds
[2023-10-11T07:12:53.285+0000] {processor.py:157} INFO - Started process (PID=5676) to work on /home/airflow/.local/lib/python3.8/site-packages/airflow/example_dags/tutorial_taskflow_api.py
[2023-10-11T07:12:53.286+0000] {processor.py:829} INFO - Processing file /home/airflow/.local/lib/python3.8/site-packages/airflow/example_dags/tutorial_taskflow_api.py for tasks to queue
[2023-10-11T07:12:53.287+0000] {logging_mixin.py:151} INFO - [2023-10-11T07:12:53.287+0000] {dagbag.py:539} INFO - Filling up the DagBag from /home/airflow/.local/lib/python3.8/site-packages/airflow/example_dags/tutorial_taskflow_api.py
[2023-10-11T07:12:53.291+0000] {processor.py:839} INFO - DAG(s) dict_keys(['tutorial_taskflow_api']) retrieved from /home/airflow/.local/lib/python3.8/site-packages/airflow/example_dags/tutorial_taskflow_api.py
[2023-10-11T07:12:53.306+0000] {logging_mixin.py:151} INFO - [2023-10-11T07:12:53.306+0000] {dag.py:2915} INFO - Sync 1 DAGs
[2023-10-11T07:12:53.314+0000] {logging_mixin.py:151} INFO - [2023-10-11T07:12:53.314+0000] {dag.py:3696} INFO - Setting next_dagrun for tutorial_taskflow_api to None, run_after=None
[2023-10-11T07:12:53.325+0000] {processor.py:179} INFO - Processing /home/airflow/.local/lib/python3.8/site-packages/airflow/example_dags/tutorial_taskflow_api.py took 0.043 seconds
[2023-10-11T07:13:23.912+0000] {processor.py:157} INFO - Started process (PID=5921) to work on /home/airflow/.local/lib/python3.8/site-packages/airflow/example_dags/tutorial_taskflow_api.py
[2023-10-11T07:13:23.913+0000] {processor.py:829} INFO - Processing file /home/airflow/.local/lib/python3.8/site-packages/airflow/example_dags/tutorial_taskflow_api.py for tasks to queue
[2023-10-11T07:13:23.914+0000] {logging_mixin.py:151} INFO - [2023-10-11T07:13:23.913+0000] {dagbag.py:539} INFO - Filling up the DagBag from /home/airflow/.local/lib/python3.8/site-packages/airflow/example_dags/tutorial_taskflow_api.py
[2023-10-11T07:13:23.918+0000] {processor.py:839} INFO - DAG(s) dict_keys(['tutorial_taskflow_api']) retrieved from /home/airflow/.local/lib/python3.8/site-packages/airflow/example_dags/tutorial_taskflow_api.py
[2023-10-11T07:13:23.933+0000] {logging_mixin.py:151} INFO - [2023-10-11T07:13:23.932+0000] {dag.py:2915} INFO - Sync 1 DAGs
[2023-10-11T07:13:23.939+0000] {logging_mixin.py:151} INFO - [2023-10-11T07:13:23.939+0000] {dag.py:3696} INFO - Setting next_dagrun for tutorial_taskflow_api to None, run_after=None
[2023-10-11T07:13:23.953+0000] {processor.py:179} INFO - Processing /home/airflow/.local/lib/python3.8/site-packages/airflow/example_dags/tutorial_taskflow_api.py took 0.044 seconds
[2023-10-11T07:13:54.378+0000] {processor.py:157} INFO - Started process (PID=6164) to work on /home/airflow/.local/lib/python3.8/site-packages/airflow/example_dags/tutorial_taskflow_api.py
[2023-10-11T07:13:54.379+0000] {processor.py:829} INFO - Processing file /home/airflow/.local/lib/python3.8/site-packages/airflow/example_dags/tutorial_taskflow_api.py for tasks to queue
[2023-10-11T07:13:54.380+0000] {logging_mixin.py:151} INFO - [2023-10-11T07:13:54.379+0000] {dagbag.py:539} INFO - Filling up the DagBag from /home/airflow/.local/lib/python3.8/site-packages/airflow/example_dags/tutorial_taskflow_api.py
[2023-10-11T07:13:54.385+0000] {processor.py:839} INFO - DAG(s) dict_keys(['tutorial_taskflow_api']) retrieved from /home/airflow/.local/lib/python3.8/site-packages/airflow/example_dags/tutorial_taskflow_api.py
[2023-10-11T07:13:54.401+0000] {logging_mixin.py:151} INFO - [2023-10-11T07:13:54.401+0000] {dag.py:2915} INFO - Sync 1 DAGs
[2023-10-11T07:13:54.409+0000] {logging_mixin.py:151} INFO - [2023-10-11T07:13:54.409+0000] {dag.py:3696} INFO - Setting next_dagrun for tutorial_taskflow_api to None, run_after=None
[2023-10-11T07:13:54.419+0000] {processor.py:179} INFO - Processing /home/airflow/.local/lib/python3.8/site-packages/airflow/example_dags/tutorial_taskflow_api.py took 0.044 seconds
[2023-10-11T07:14:24.935+0000] {processor.py:157} INFO - Started process (PID=6405) to work on /home/airflow/.local/lib/python3.8/site-packages/airflow/example_dags/tutorial_taskflow_api.py
[2023-10-11T07:14:24.936+0000] {processor.py:829} INFO - Processing file /home/airflow/.local/lib/python3.8/site-packages/airflow/example_dags/tutorial_taskflow_api.py for tasks to queue
[2023-10-11T07:14:24.937+0000] {logging_mixin.py:151} INFO - [2023-10-11T07:14:24.936+0000] {dagbag.py:539} INFO - Filling up the DagBag from /home/airflow/.local/lib/python3.8/site-packages/airflow/example_dags/tutorial_taskflow_api.py
[2023-10-11T07:14:24.942+0000] {processor.py:839} INFO - DAG(s) dict_keys(['tutorial_taskflow_api']) retrieved from /home/airflow/.local/lib/python3.8/site-packages/airflow/example_dags/tutorial_taskflow_api.py
[2023-10-11T07:14:24.977+0000] {logging_mixin.py:151} INFO - [2023-10-11T07:14:24.977+0000] {dag.py:2915} INFO - Sync 1 DAGs
[2023-10-11T07:14:24.988+0000] {logging_mixin.py:151} INFO - [2023-10-11T07:14:24.988+0000] {dag.py:3696} INFO - Setting next_dagrun for tutorial_taskflow_api to None, run_after=None
[2023-10-11T07:14:24.998+0000] {processor.py:179} INFO - Processing /home/airflow/.local/lib/python3.8/site-packages/airflow/example_dags/tutorial_taskflow_api.py took 0.066 seconds
[2023-10-11T07:14:55.277+0000] {processor.py:157} INFO - Started process (PID=6650) to work on /home/airflow/.local/lib/python3.8/site-packages/airflow/example_dags/tutorial_taskflow_api.py
[2023-10-11T07:14:55.278+0000] {processor.py:829} INFO - Processing file /home/airflow/.local/lib/python3.8/site-packages/airflow/example_dags/tutorial_taskflow_api.py for tasks to queue
[2023-10-11T07:14:55.279+0000] {logging_mixin.py:151} INFO - [2023-10-11T07:14:55.278+0000] {dagbag.py:539} INFO - Filling up the DagBag from /home/airflow/.local/lib/python3.8/site-packages/airflow/example_dags/tutorial_taskflow_api.py
[2023-10-11T07:14:55.285+0000] {processor.py:839} INFO - DAG(s) dict_keys(['tutorial_taskflow_api']) retrieved from /home/airflow/.local/lib/python3.8/site-packages/airflow/example_dags/tutorial_taskflow_api.py
[2023-10-11T07:14:55.306+0000] {logging_mixin.py:151} INFO - [2023-10-11T07:14:55.306+0000] {dag.py:2915} INFO - Sync 1 DAGs
[2023-10-11T07:14:55.315+0000] {logging_mixin.py:151} INFO - [2023-10-11T07:14:55.315+0000] {dag.py:3696} INFO - Setting next_dagrun for tutorial_taskflow_api to None, run_after=None
[2023-10-11T07:14:55.327+0000] {processor.py:179} INFO - Processing /home/airflow/.local/lib/python3.8/site-packages/airflow/example_dags/tutorial_taskflow_api.py took 0.053 seconds
[2023-10-11T07:15:25.803+0000] {processor.py:157} INFO - Started process (PID=6893) to work on /home/airflow/.local/lib/python3.8/site-packages/airflow/example_dags/tutorial_taskflow_api.py
[2023-10-11T07:15:25.804+0000] {processor.py:829} INFO - Processing file /home/airflow/.local/lib/python3.8/site-packages/airflow/example_dags/tutorial_taskflow_api.py for tasks to queue
[2023-10-11T07:15:25.804+0000] {logging_mixin.py:151} INFO - [2023-10-11T07:15:25.804+0000] {dagbag.py:539} INFO - Filling up the DagBag from /home/airflow/.local/lib/python3.8/site-packages/airflow/example_dags/tutorial_taskflow_api.py
[2023-10-11T07:15:25.809+0000] {processor.py:839} INFO - DAG(s) dict_keys(['tutorial_taskflow_api']) retrieved from /home/airflow/.local/lib/python3.8/site-packages/airflow/example_dags/tutorial_taskflow_api.py
[2023-10-11T07:15:25.823+0000] {logging_mixin.py:151} INFO - [2023-10-11T07:15:25.822+0000] {dag.py:2915} INFO - Sync 1 DAGs
[2023-10-11T07:15:25.829+0000] {logging_mixin.py:151} INFO - [2023-10-11T07:15:25.829+0000] {dag.py:3696} INFO - Setting next_dagrun for tutorial_taskflow_api to None, run_after=None
[2023-10-11T07:15:25.841+0000] {processor.py:179} INFO - Processing /home/airflow/.local/lib/python3.8/site-packages/airflow/example_dags/tutorial_taskflow_api.py took 0.041 seconds
[2023-10-11T07:15:56.524+0000] {processor.py:157} INFO - Started process (PID=7134) to work on /home/airflow/.local/lib/python3.8/site-packages/airflow/example_dags/tutorial_taskflow_api.py
[2023-10-11T07:15:56.525+0000] {processor.py:829} INFO - Processing file /home/airflow/.local/lib/python3.8/site-packages/airflow/example_dags/tutorial_taskflow_api.py for tasks to queue
[2023-10-11T07:15:56.525+0000] {logging_mixin.py:151} INFO - [2023-10-11T07:15:56.525+0000] {dagbag.py:539} INFO - Filling up the DagBag from /home/airflow/.local/lib/python3.8/site-packages/airflow/example_dags/tutorial_taskflow_api.py
[2023-10-11T07:15:56.530+0000] {processor.py:839} INFO - DAG(s) dict_keys(['tutorial_taskflow_api']) retrieved from /home/airflow/.local/lib/python3.8/site-packages/airflow/example_dags/tutorial_taskflow_api.py
[2023-10-11T07:15:56.546+0000] {logging_mixin.py:151} INFO - [2023-10-11T07:15:56.545+0000] {dag.py:2915} INFO - Sync 1 DAGs
[2023-10-11T07:15:56.567+0000] {logging_mixin.py:151} INFO - [2023-10-11T07:15:56.567+0000] {dag.py:3696} INFO - Setting next_dagrun for tutorial_taskflow_api to None, run_after=None
[2023-10-11T07:15:56.586+0000] {processor.py:179} INFO - Processing /home/airflow/.local/lib/python3.8/site-packages/airflow/example_dags/tutorial_taskflow_api.py took 0.065 seconds
[2023-10-11T07:16:27.440+0000] {processor.py:157} INFO - Started process (PID=7379) to work on /home/airflow/.local/lib/python3.8/site-packages/airflow/example_dags/tutorial_taskflow_api.py
[2023-10-11T07:16:27.441+0000] {processor.py:829} INFO - Processing file /home/airflow/.local/lib/python3.8/site-packages/airflow/example_dags/tutorial_taskflow_api.py for tasks to queue
[2023-10-11T07:16:27.441+0000] {logging_mixin.py:151} INFO - [2023-10-11T07:16:27.441+0000] {dagbag.py:539} INFO - Filling up the DagBag from /home/airflow/.local/lib/python3.8/site-packages/airflow/example_dags/tutorial_taskflow_api.py
[2023-10-11T07:16:27.450+0000] {processor.py:839} INFO - DAG(s) dict_keys(['tutorial_taskflow_api']) retrieved from /home/airflow/.local/lib/python3.8/site-packages/airflow/example_dags/tutorial_taskflow_api.py
[2023-10-11T07:16:27.496+0000] {logging_mixin.py:151} INFO - [2023-10-11T07:16:27.496+0000] {dag.py:2915} INFO - Sync 1 DAGs
[2023-10-11T07:16:27.506+0000] {logging_mixin.py:151} INFO - [2023-10-11T07:16:27.506+0000] {dag.py:3696} INFO - Setting next_dagrun for tutorial_taskflow_api to None, run_after=None
[2023-10-11T07:16:27.520+0000] {processor.py:179} INFO - Processing /home/airflow/.local/lib/python3.8/site-packages/airflow/example_dags/tutorial_taskflow_api.py took 0.083 seconds
[2023-10-11T07:16:57.825+0000] {processor.py:157} INFO - Started process (PID=7620) to work on /home/airflow/.local/lib/python3.8/site-packages/airflow/example_dags/tutorial_taskflow_api.py
[2023-10-11T07:16:57.828+0000] {processor.py:829} INFO - Processing file /home/airflow/.local/lib/python3.8/site-packages/airflow/example_dags/tutorial_taskflow_api.py for tasks to queue
[2023-10-11T07:16:57.829+0000] {logging_mixin.py:151} INFO - [2023-10-11T07:16:57.829+0000] {dagbag.py:539} INFO - Filling up the DagBag from /home/airflow/.local/lib/python3.8/site-packages/airflow/example_dags/tutorial_taskflow_api.py
[2023-10-11T07:16:57.839+0000] {processor.py:839} INFO - DAG(s) dict_keys(['tutorial_taskflow_api']) retrieved from /home/airflow/.local/lib/python3.8/site-packages/airflow/example_dags/tutorial_taskflow_api.py
[2023-10-11T07:16:57.900+0000] {logging_mixin.py:151} INFO - [2023-10-11T07:16:57.900+0000] {dag.py:2915} INFO - Sync 1 DAGs
[2023-10-11T07:16:57.917+0000] {logging_mixin.py:151} INFO - [2023-10-11T07:16:57.917+0000] {dag.py:3696} INFO - Setting next_dagrun for tutorial_taskflow_api to None, run_after=None
[2023-10-11T07:16:57.935+0000] {processor.py:179} INFO - Processing /home/airflow/.local/lib/python3.8/site-packages/airflow/example_dags/tutorial_taskflow_api.py took 0.118 seconds
[2023-10-11T07:17:29.913+0000] {processor.py:157} INFO - Started process (PID=7863) to work on /home/airflow/.local/lib/python3.8/site-packages/airflow/example_dags/tutorial_taskflow_api.py
[2023-10-11T07:17:29.915+0000] {processor.py:829} INFO - Processing file /home/airflow/.local/lib/python3.8/site-packages/airflow/example_dags/tutorial_taskflow_api.py for tasks to queue
[2023-10-11T07:17:29.917+0000] {logging_mixin.py:151} INFO - [2023-10-11T07:17:29.917+0000] {dagbag.py:539} INFO - Filling up the DagBag from /home/airflow/.local/lib/python3.8/site-packages/airflow/example_dags/tutorial_taskflow_api.py
[2023-10-11T07:17:29.929+0000] {processor.py:839} INFO - DAG(s) dict_keys(['tutorial_taskflow_api']) retrieved from /home/airflow/.local/lib/python3.8/site-packages/airflow/example_dags/tutorial_taskflow_api.py
[2023-10-11T07:17:29.998+0000] {logging_mixin.py:151} INFO - [2023-10-11T07:17:29.997+0000] {dag.py:2915} INFO - Sync 1 DAGs
[2023-10-11T07:17:30.021+0000] {logging_mixin.py:151} INFO - [2023-10-11T07:17:30.020+0000] {dag.py:3696} INFO - Setting next_dagrun for tutorial_taskflow_api to None, run_after=None
[2023-10-11T07:17:30.065+0000] {processor.py:179} INFO - Processing /home/airflow/.local/lib/python3.8/site-packages/airflow/example_dags/tutorial_taskflow_api.py took 0.158 seconds
[2023-10-11T07:18:00.207+0000] {processor.py:157} INFO - Started process (PID=8106) to work on /home/airflow/.local/lib/python3.8/site-packages/airflow/example_dags/tutorial_taskflow_api.py
[2023-10-11T07:18:00.208+0000] {processor.py:829} INFO - Processing file /home/airflow/.local/lib/python3.8/site-packages/airflow/example_dags/tutorial_taskflow_api.py for tasks to queue
[2023-10-11T07:18:00.209+0000] {logging_mixin.py:151} INFO - [2023-10-11T07:18:00.209+0000] {dagbag.py:539} INFO - Filling up the DagBag from /home/airflow/.local/lib/python3.8/site-packages/airflow/example_dags/tutorial_taskflow_api.py
[2023-10-11T07:18:00.217+0000] {processor.py:839} INFO - DAG(s) dict_keys(['tutorial_taskflow_api']) retrieved from /home/airflow/.local/lib/python3.8/site-packages/airflow/example_dags/tutorial_taskflow_api.py
[2023-10-11T07:18:00.244+0000] {logging_mixin.py:151} INFO - [2023-10-11T07:18:00.243+0000] {dag.py:2915} INFO - Sync 1 DAGs
[2023-10-11T07:18:00.294+0000] {logging_mixin.py:151} INFO - [2023-10-11T07:18:00.293+0000] {dag.py:3696} INFO - Setting next_dagrun for tutorial_taskflow_api to None, run_after=None
[2023-10-11T07:18:00.316+0000] {processor.py:179} INFO - Processing /home/airflow/.local/lib/python3.8/site-packages/airflow/example_dags/tutorial_taskflow_api.py took 0.113 seconds
[2023-10-11T07:18:31.302+0000] {processor.py:157} INFO - Started process (PID=8351) to work on /home/airflow/.local/lib/python3.8/site-packages/airflow/example_dags/tutorial_taskflow_api.py
[2023-10-11T07:18:31.304+0000] {processor.py:829} INFO - Processing file /home/airflow/.local/lib/python3.8/site-packages/airflow/example_dags/tutorial_taskflow_api.py for tasks to queue
[2023-10-11T07:18:31.305+0000] {logging_mixin.py:151} INFO - [2023-10-11T07:18:31.305+0000] {dagbag.py:539} INFO - Filling up the DagBag from /home/airflow/.local/lib/python3.8/site-packages/airflow/example_dags/tutorial_taskflow_api.py
[2023-10-11T07:18:31.312+0000] {processor.py:839} INFO - DAG(s) dict_keys(['tutorial_taskflow_api']) retrieved from /home/airflow/.local/lib/python3.8/site-packages/airflow/example_dags/tutorial_taskflow_api.py
[2023-10-11T07:18:31.334+0000] {logging_mixin.py:151} INFO - [2023-10-11T07:18:31.334+0000] {dag.py:2915} INFO - Sync 1 DAGs
[2023-10-11T07:18:31.355+0000] {logging_mixin.py:151} INFO - [2023-10-11T07:18:31.354+0000] {dag.py:3696} INFO - Setting next_dagrun for tutorial_taskflow_api to None, run_after=None
[2023-10-11T07:18:31.406+0000] {processor.py:179} INFO - Processing /home/airflow/.local/lib/python3.8/site-packages/airflow/example_dags/tutorial_taskflow_api.py took 0.108 seconds
[2023-10-11T07:19:02.369+0000] {processor.py:157} INFO - Started process (PID=8594) to work on /home/airflow/.local/lib/python3.8/site-packages/airflow/example_dags/tutorial_taskflow_api.py
[2023-10-11T07:19:02.372+0000] {processor.py:829} INFO - Processing file /home/airflow/.local/lib/python3.8/site-packages/airflow/example_dags/tutorial_taskflow_api.py for tasks to queue
[2023-10-11T07:19:02.375+0000] {logging_mixin.py:151} INFO - [2023-10-11T07:19:02.375+0000] {dagbag.py:539} INFO - Filling up the DagBag from /home/airflow/.local/lib/python3.8/site-packages/airflow/example_dags/tutorial_taskflow_api.py
[2023-10-11T07:19:02.387+0000] {processor.py:839} INFO - DAG(s) dict_keys(['tutorial_taskflow_api']) retrieved from /home/airflow/.local/lib/python3.8/site-packages/airflow/example_dags/tutorial_taskflow_api.py
[2023-10-11T07:19:02.420+0000] {logging_mixin.py:151} INFO - [2023-10-11T07:19:02.420+0000] {dag.py:2915} INFO - Sync 1 DAGs
[2023-10-11T07:19:02.436+0000] {logging_mixin.py:151} INFO - [2023-10-11T07:19:02.436+0000] {dag.py:3696} INFO - Setting next_dagrun for tutorial_taskflow_api to None, run_after=None
[2023-10-11T07:19:02.492+0000] {processor.py:179} INFO - Processing /home/airflow/.local/lib/python3.8/site-packages/airflow/example_dags/tutorial_taskflow_api.py took 0.131 seconds
[2023-10-11T07:19:33.226+0000] {processor.py:157} INFO - Started process (PID=8837) to work on /home/airflow/.local/lib/python3.8/site-packages/airflow/example_dags/tutorial_taskflow_api.py
[2023-10-11T07:19:33.228+0000] {processor.py:829} INFO - Processing file /home/airflow/.local/lib/python3.8/site-packages/airflow/example_dags/tutorial_taskflow_api.py for tasks to queue
[2023-10-11T07:19:33.229+0000] {logging_mixin.py:151} INFO - [2023-10-11T07:19:33.229+0000] {dagbag.py:539} INFO - Filling up the DagBag from /home/airflow/.local/lib/python3.8/site-packages/airflow/example_dags/tutorial_taskflow_api.py
[2023-10-11T07:19:33.237+0000] {processor.py:839} INFO - DAG(s) dict_keys(['tutorial_taskflow_api']) retrieved from /home/airflow/.local/lib/python3.8/site-packages/airflow/example_dags/tutorial_taskflow_api.py
[2023-10-11T07:19:33.279+0000] {logging_mixin.py:151} INFO - [2023-10-11T07:19:33.279+0000] {dag.py:2915} INFO - Sync 1 DAGs
[2023-10-11T07:19:33.292+0000] {logging_mixin.py:151} INFO - [2023-10-11T07:19:33.292+0000] {dag.py:3696} INFO - Setting next_dagrun for tutorial_taskflow_api to None, run_after=None
[2023-10-11T07:19:33.309+0000] {processor.py:179} INFO - Processing /home/airflow/.local/lib/python3.8/site-packages/airflow/example_dags/tutorial_taskflow_api.py took 0.087 seconds
[2023-10-11T07:20:04.205+0000] {processor.py:157} INFO - Started process (PID=9078) to work on /home/airflow/.local/lib/python3.8/site-packages/airflow/example_dags/tutorial_taskflow_api.py
[2023-10-11T07:20:04.207+0000] {processor.py:829} INFO - Processing file /home/airflow/.local/lib/python3.8/site-packages/airflow/example_dags/tutorial_taskflow_api.py for tasks to queue
[2023-10-11T07:20:04.209+0000] {logging_mixin.py:151} INFO - [2023-10-11T07:20:04.208+0000] {dagbag.py:539} INFO - Filling up the DagBag from /home/airflow/.local/lib/python3.8/site-packages/airflow/example_dags/tutorial_taskflow_api.py
[2023-10-11T07:20:04.223+0000] {processor.py:839} INFO - DAG(s) dict_keys(['tutorial_taskflow_api']) retrieved from /home/airflow/.local/lib/python3.8/site-packages/airflow/example_dags/tutorial_taskflow_api.py
[2023-10-11T07:20:04.318+0000] {logging_mixin.py:151} INFO - [2023-10-11T07:20:04.317+0000] {dag.py:2915} INFO - Sync 1 DAGs
[2023-10-11T07:20:04.350+0000] {logging_mixin.py:151} INFO - [2023-10-11T07:20:04.340+0000] {dag.py:3696} INFO - Setting next_dagrun for tutorial_taskflow_api to None, run_after=None
[2023-10-11T07:20:04.503+0000] {processor.py:179} INFO - Processing /home/airflow/.local/lib/python3.8/site-packages/airflow/example_dags/tutorial_taskflow_api.py took 0.304 seconds
[2023-10-11T07:20:34.685+0000] {processor.py:157} INFO - Started process (PID=9318) to work on /home/airflow/.local/lib/python3.8/site-packages/airflow/example_dags/tutorial_taskflow_api.py
[2023-10-11T07:20:34.689+0000] {processor.py:829} INFO - Processing file /home/airflow/.local/lib/python3.8/site-packages/airflow/example_dags/tutorial_taskflow_api.py for tasks to queue
[2023-10-11T07:20:34.692+0000] {logging_mixin.py:151} INFO - [2023-10-11T07:20:34.691+0000] {dagbag.py:539} INFO - Filling up the DagBag from /home/airflow/.local/lib/python3.8/site-packages/airflow/example_dags/tutorial_taskflow_api.py
[2023-10-11T07:20:34.709+0000] {processor.py:839} INFO - DAG(s) dict_keys(['tutorial_taskflow_api']) retrieved from /home/airflow/.local/lib/python3.8/site-packages/airflow/example_dags/tutorial_taskflow_api.py
[2023-10-11T07:20:34.748+0000] {logging_mixin.py:151} INFO - [2023-10-11T07:20:34.747+0000] {dag.py:2915} INFO - Sync 1 DAGs
[2023-10-11T07:20:34.773+0000] {logging_mixin.py:151} INFO - [2023-10-11T07:20:34.772+0000] {dag.py:3696} INFO - Setting next_dagrun for tutorial_taskflow_api to None, run_after=None
[2023-10-11T07:20:34.801+0000] {processor.py:179} INFO - Processing /home/airflow/.local/lib/python3.8/site-packages/airflow/example_dags/tutorial_taskflow_api.py took 0.125 seconds
[2023-10-11T07:21:04.905+0000] {processor.py:157} INFO - Started process (PID=9559) to work on /home/airflow/.local/lib/python3.8/site-packages/airflow/example_dags/tutorial_taskflow_api.py
[2023-10-11T07:21:04.908+0000] {processor.py:829} INFO - Processing file /home/airflow/.local/lib/python3.8/site-packages/airflow/example_dags/tutorial_taskflow_api.py for tasks to queue
[2023-10-11T07:21:04.910+0000] {logging_mixin.py:151} INFO - [2023-10-11T07:21:04.909+0000] {dagbag.py:539} INFO - Filling up the DagBag from /home/airflow/.local/lib/python3.8/site-packages/airflow/example_dags/tutorial_taskflow_api.py
[2023-10-11T07:21:04.922+0000] {processor.py:839} INFO - DAG(s) dict_keys(['tutorial_taskflow_api']) retrieved from /home/airflow/.local/lib/python3.8/site-packages/airflow/example_dags/tutorial_taskflow_api.py
[2023-10-11T07:21:04.970+0000] {logging_mixin.py:151} INFO - [2023-10-11T07:21:04.969+0000] {dag.py:2915} INFO - Sync 1 DAGs
[2023-10-11T07:21:05.009+0000] {logging_mixin.py:151} INFO - [2023-10-11T07:21:05.009+0000] {dag.py:3696} INFO - Setting next_dagrun for tutorial_taskflow_api to None, run_after=None
[2023-10-11T07:21:05.047+0000] {processor.py:179} INFO - Processing /home/airflow/.local/lib/python3.8/site-packages/airflow/example_dags/tutorial_taskflow_api.py took 0.148 seconds
[2023-10-11T07:21:35.507+0000] {processor.py:157} INFO - Started process (PID=9802) to work on /home/airflow/.local/lib/python3.8/site-packages/airflow/example_dags/tutorial_taskflow_api.py
[2023-10-11T07:21:35.508+0000] {processor.py:829} INFO - Processing file /home/airflow/.local/lib/python3.8/site-packages/airflow/example_dags/tutorial_taskflow_api.py for tasks to queue
[2023-10-11T07:21:35.509+0000] {logging_mixin.py:151} INFO - [2023-10-11T07:21:35.508+0000] {dagbag.py:539} INFO - Filling up the DagBag from /home/airflow/.local/lib/python3.8/site-packages/airflow/example_dags/tutorial_taskflow_api.py
[2023-10-11T07:21:35.514+0000] {processor.py:839} INFO - DAG(s) dict_keys(['tutorial_taskflow_api']) retrieved from /home/airflow/.local/lib/python3.8/site-packages/airflow/example_dags/tutorial_taskflow_api.py
[2023-10-11T07:21:35.529+0000] {logging_mixin.py:151} INFO - [2023-10-11T07:21:35.529+0000] {dag.py:2915} INFO - Sync 1 DAGs
[2023-10-11T07:21:35.538+0000] {logging_mixin.py:151} INFO - [2023-10-11T07:21:35.538+0000] {dag.py:3696} INFO - Setting next_dagrun for tutorial_taskflow_api to None, run_after=None
[2023-10-11T07:21:35.549+0000] {processor.py:179} INFO - Processing /home/airflow/.local/lib/python3.8/site-packages/airflow/example_dags/tutorial_taskflow_api.py took 0.046 seconds
[2023-10-11T07:22:06.580+0000] {processor.py:157} INFO - Started process (PID=10054) to work on /home/airflow/.local/lib/python3.8/site-packages/airflow/example_dags/tutorial_taskflow_api.py
[2023-10-11T07:22:06.583+0000] {processor.py:829} INFO - Processing file /home/airflow/.local/lib/python3.8/site-packages/airflow/example_dags/tutorial_taskflow_api.py for tasks to queue
[2023-10-11T07:22:06.586+0000] {logging_mixin.py:151} INFO - [2023-10-11T07:22:06.585+0000] {dagbag.py:539} INFO - Filling up the DagBag from /home/airflow/.local/lib/python3.8/site-packages/airflow/example_dags/tutorial_taskflow_api.py
[2023-10-11T07:22:06.611+0000] {processor.py:839} INFO - DAG(s) dict_keys(['tutorial_taskflow_api']) retrieved from /home/airflow/.local/lib/python3.8/site-packages/airflow/example_dags/tutorial_taskflow_api.py
[2023-10-11T07:22:06.687+0000] {logging_mixin.py:151} INFO - [2023-10-11T07:22:06.687+0000] {dag.py:2915} INFO - Sync 1 DAGs
[2023-10-11T07:22:06.708+0000] {logging_mixin.py:151} INFO - [2023-10-11T07:22:06.708+0000] {dag.py:3696} INFO - Setting next_dagrun for tutorial_taskflow_api to None, run_after=None
[2023-10-11T07:22:06.734+0000] {processor.py:179} INFO - Processing /home/airflow/.local/lib/python3.8/site-packages/airflow/example_dags/tutorial_taskflow_api.py took 0.170 seconds
[2023-10-11T07:22:37.196+0000] {processor.py:157} INFO - Started process (PID=10295) to work on /home/airflow/.local/lib/python3.8/site-packages/airflow/example_dags/tutorial_taskflow_api.py
[2023-10-11T07:22:37.197+0000] {processor.py:829} INFO - Processing file /home/airflow/.local/lib/python3.8/site-packages/airflow/example_dags/tutorial_taskflow_api.py for tasks to queue
[2023-10-11T07:22:37.198+0000] {logging_mixin.py:151} INFO - [2023-10-11T07:22:37.198+0000] {dagbag.py:539} INFO - Filling up the DagBag from /home/airflow/.local/lib/python3.8/site-packages/airflow/example_dags/tutorial_taskflow_api.py
[2023-10-11T07:22:37.205+0000] {processor.py:839} INFO - DAG(s) dict_keys(['tutorial_taskflow_api']) retrieved from /home/airflow/.local/lib/python3.8/site-packages/airflow/example_dags/tutorial_taskflow_api.py
[2023-10-11T07:22:37.227+0000] {logging_mixin.py:151} INFO - [2023-10-11T07:22:37.227+0000] {dag.py:2915} INFO - Sync 1 DAGs
[2023-10-11T07:22:37.239+0000] {logging_mixin.py:151} INFO - [2023-10-11T07:22:37.239+0000] {dag.py:3696} INFO - Setting next_dagrun for tutorial_taskflow_api to None, run_after=None
[2023-10-11T07:22:37.275+0000] {processor.py:179} INFO - Processing /home/airflow/.local/lib/python3.8/site-packages/airflow/example_dags/tutorial_taskflow_api.py took 0.083 seconds
[2023-10-11T07:23:07.398+0000] {processor.py:157} INFO - Started process (PID=10538) to work on /home/airflow/.local/lib/python3.8/site-packages/airflow/example_dags/tutorial_taskflow_api.py
[2023-10-11T07:23:07.399+0000] {processor.py:829} INFO - Processing file /home/airflow/.local/lib/python3.8/site-packages/airflow/example_dags/tutorial_taskflow_api.py for tasks to queue
[2023-10-11T07:23:07.400+0000] {logging_mixin.py:151} INFO - [2023-10-11T07:23:07.400+0000] {dagbag.py:539} INFO - Filling up the DagBag from /home/airflow/.local/lib/python3.8/site-packages/airflow/example_dags/tutorial_taskflow_api.py
[2023-10-11T07:23:07.405+0000] {processor.py:839} INFO - DAG(s) dict_keys(['tutorial_taskflow_api']) retrieved from /home/airflow/.local/lib/python3.8/site-packages/airflow/example_dags/tutorial_taskflow_api.py
[2023-10-11T07:23:07.422+0000] {logging_mixin.py:151} INFO - [2023-10-11T07:23:07.422+0000] {dag.py:2915} INFO - Sync 1 DAGs
[2023-10-11T07:23:07.442+0000] {logging_mixin.py:151} INFO - [2023-10-11T07:23:07.441+0000] {dag.py:3696} INFO - Setting next_dagrun for tutorial_taskflow_api to None, run_after=None
[2023-10-11T07:23:07.486+0000] {processor.py:179} INFO - Processing /home/airflow/.local/lib/python3.8/site-packages/airflow/example_dags/tutorial_taskflow_api.py took 0.091 seconds
[2023-10-11T07:23:37.576+0000] {processor.py:157} INFO - Started process (PID=10776) to work on /home/airflow/.local/lib/python3.8/site-packages/airflow/example_dags/tutorial_taskflow_api.py
[2023-10-11T07:23:37.578+0000] {processor.py:829} INFO - Processing file /home/airflow/.local/lib/python3.8/site-packages/airflow/example_dags/tutorial_taskflow_api.py for tasks to queue
[2023-10-11T07:23:37.578+0000] {logging_mixin.py:151} INFO - [2023-10-11T07:23:37.578+0000] {dagbag.py:539} INFO - Filling up the DagBag from /home/airflow/.local/lib/python3.8/site-packages/airflow/example_dags/tutorial_taskflow_api.py
[2023-10-11T07:23:37.584+0000] {processor.py:839} INFO - DAG(s) dict_keys(['tutorial_taskflow_api']) retrieved from /home/airflow/.local/lib/python3.8/site-packages/airflow/example_dags/tutorial_taskflow_api.py
[2023-10-11T07:23:37.600+0000] {logging_mixin.py:151} INFO - [2023-10-11T07:23:37.600+0000] {dag.py:2915} INFO - Sync 1 DAGs
[2023-10-11T07:23:37.609+0000] {logging_mixin.py:151} INFO - [2023-10-11T07:23:37.609+0000] {dag.py:3696} INFO - Setting next_dagrun for tutorial_taskflow_api to None, run_after=None
[2023-10-11T07:23:37.621+0000] {processor.py:179} INFO - Processing /home/airflow/.local/lib/python3.8/site-packages/airflow/example_dags/tutorial_taskflow_api.py took 0.048 seconds
[2023-10-11T07:24:07.709+0000] {processor.py:157} INFO - Started process (PID=11019) to work on /home/airflow/.local/lib/python3.8/site-packages/airflow/example_dags/tutorial_taskflow_api.py
[2023-10-11T07:24:07.710+0000] {processor.py:829} INFO - Processing file /home/airflow/.local/lib/python3.8/site-packages/airflow/example_dags/tutorial_taskflow_api.py for tasks to queue
[2023-10-11T07:24:07.711+0000] {logging_mixin.py:151} INFO - [2023-10-11T07:24:07.711+0000] {dagbag.py:539} INFO - Filling up the DagBag from /home/airflow/.local/lib/python3.8/site-packages/airflow/example_dags/tutorial_taskflow_api.py
[2023-10-11T07:24:07.716+0000] {processor.py:839} INFO - DAG(s) dict_keys(['tutorial_taskflow_api']) retrieved from /home/airflow/.local/lib/python3.8/site-packages/airflow/example_dags/tutorial_taskflow_api.py
[2023-10-11T07:24:07.731+0000] {logging_mixin.py:151} INFO - [2023-10-11T07:24:07.731+0000] {dag.py:2915} INFO - Sync 1 DAGs
[2023-10-11T07:24:07.738+0000] {logging_mixin.py:151} INFO - [2023-10-11T07:24:07.738+0000] {dag.py:3696} INFO - Setting next_dagrun for tutorial_taskflow_api to None, run_after=None
[2023-10-11T07:24:07.753+0000] {processor.py:179} INFO - Processing /home/airflow/.local/lib/python3.8/site-packages/airflow/example_dags/tutorial_taskflow_api.py took 0.047 seconds
[2023-10-11T07:24:38.412+0000] {processor.py:157} INFO - Started process (PID=11264) to work on /home/airflow/.local/lib/python3.8/site-packages/airflow/example_dags/tutorial_taskflow_api.py
[2023-10-11T07:24:38.413+0000] {processor.py:829} INFO - Processing file /home/airflow/.local/lib/python3.8/site-packages/airflow/example_dags/tutorial_taskflow_api.py for tasks to queue
[2023-10-11T07:24:38.414+0000] {logging_mixin.py:151} INFO - [2023-10-11T07:24:38.414+0000] {dagbag.py:539} INFO - Filling up the DagBag from /home/airflow/.local/lib/python3.8/site-packages/airflow/example_dags/tutorial_taskflow_api.py
[2023-10-11T07:24:38.419+0000] {processor.py:839} INFO - DAG(s) dict_keys(['tutorial_taskflow_api']) retrieved from /home/airflow/.local/lib/python3.8/site-packages/airflow/example_dags/tutorial_taskflow_api.py
[2023-10-11T07:24:38.436+0000] {logging_mixin.py:151} INFO - [2023-10-11T07:24:38.435+0000] {dag.py:2915} INFO - Sync 1 DAGs
[2023-10-11T07:24:38.444+0000] {logging_mixin.py:151} INFO - [2023-10-11T07:24:38.444+0000] {dag.py:3696} INFO - Setting next_dagrun for tutorial_taskflow_api to None, run_after=None
[2023-10-11T07:24:38.480+0000] {processor.py:179} INFO - Processing /home/airflow/.local/lib/python3.8/site-packages/airflow/example_dags/tutorial_taskflow_api.py took 0.071 seconds
[2023-10-11T07:25:09.505+0000] {processor.py:157} INFO - Started process (PID=11507) to work on /home/airflow/.local/lib/python3.8/site-packages/airflow/example_dags/tutorial_taskflow_api.py
[2023-10-11T07:25:09.507+0000] {processor.py:829} INFO - Processing file /home/airflow/.local/lib/python3.8/site-packages/airflow/example_dags/tutorial_taskflow_api.py for tasks to queue
[2023-10-11T07:25:09.507+0000] {logging_mixin.py:151} INFO - [2023-10-11T07:25:09.507+0000] {dagbag.py:539} INFO - Filling up the DagBag from /home/airflow/.local/lib/python3.8/site-packages/airflow/example_dags/tutorial_taskflow_api.py
[2023-10-11T07:25:09.514+0000] {processor.py:839} INFO - DAG(s) dict_keys(['tutorial_taskflow_api']) retrieved from /home/airflow/.local/lib/python3.8/site-packages/airflow/example_dags/tutorial_taskflow_api.py
[2023-10-11T07:25:09.534+0000] {logging_mixin.py:151} INFO - [2023-10-11T07:25:09.534+0000] {dag.py:2915} INFO - Sync 1 DAGs
[2023-10-11T07:25:09.544+0000] {logging_mixin.py:151} INFO - [2023-10-11T07:25:09.544+0000] {dag.py:3696} INFO - Setting next_dagrun for tutorial_taskflow_api to None, run_after=None
[2023-10-11T07:25:09.580+0000] {processor.py:179} INFO - Processing /home/airflow/.local/lib/python3.8/site-packages/airflow/example_dags/tutorial_taskflow_api.py took 0.078 seconds
[2023-10-11T07:25:40.220+0000] {processor.py:157} INFO - Started process (PID=11750) to work on /home/airflow/.local/lib/python3.8/site-packages/airflow/example_dags/tutorial_taskflow_api.py
[2023-10-11T07:25:40.221+0000] {processor.py:829} INFO - Processing file /home/airflow/.local/lib/python3.8/site-packages/airflow/example_dags/tutorial_taskflow_api.py for tasks to queue
[2023-10-11T07:25:40.222+0000] {logging_mixin.py:151} INFO - [2023-10-11T07:25:40.222+0000] {dagbag.py:539} INFO - Filling up the DagBag from /home/airflow/.local/lib/python3.8/site-packages/airflow/example_dags/tutorial_taskflow_api.py
[2023-10-11T07:25:40.229+0000] {processor.py:839} INFO - DAG(s) dict_keys(['tutorial_taskflow_api']) retrieved from /home/airflow/.local/lib/python3.8/site-packages/airflow/example_dags/tutorial_taskflow_api.py
[2023-10-11T07:25:40.259+0000] {logging_mixin.py:151} INFO - [2023-10-11T07:25:40.259+0000] {dag.py:2915} INFO - Sync 1 DAGs
[2023-10-11T07:25:40.287+0000] {logging_mixin.py:151} INFO - [2023-10-11T07:25:40.287+0000] {dag.py:3696} INFO - Setting next_dagrun for tutorial_taskflow_api to None, run_after=None
[2023-10-11T07:25:40.306+0000] {processor.py:179} INFO - Processing /home/airflow/.local/lib/python3.8/site-packages/airflow/example_dags/tutorial_taskflow_api.py took 0.089 seconds
[2023-10-11T07:26:10.937+0000] {processor.py:157} INFO - Started process (PID=11993) to work on /home/airflow/.local/lib/python3.8/site-packages/airflow/example_dags/tutorial_taskflow_api.py
[2023-10-11T07:26:10.939+0000] {processor.py:829} INFO - Processing file /home/airflow/.local/lib/python3.8/site-packages/airflow/example_dags/tutorial_taskflow_api.py for tasks to queue
[2023-10-11T07:26:10.939+0000] {logging_mixin.py:151} INFO - [2023-10-11T07:26:10.939+0000] {dagbag.py:539} INFO - Filling up the DagBag from /home/airflow/.local/lib/python3.8/site-packages/airflow/example_dags/tutorial_taskflow_api.py
[2023-10-11T07:26:10.945+0000] {processor.py:839} INFO - DAG(s) dict_keys(['tutorial_taskflow_api']) retrieved from /home/airflow/.local/lib/python3.8/site-packages/airflow/example_dags/tutorial_taskflow_api.py
[2023-10-11T07:26:10.977+0000] {logging_mixin.py:151} INFO - [2023-10-11T07:26:10.977+0000] {dag.py:2915} INFO - Sync 1 DAGs
[2023-10-11T07:26:10.986+0000] {logging_mixin.py:151} INFO - [2023-10-11T07:26:10.986+0000] {dag.py:3696} INFO - Setting next_dagrun for tutorial_taskflow_api to None, run_after=None
[2023-10-11T07:26:10.997+0000] {processor.py:179} INFO - Processing /home/airflow/.local/lib/python3.8/site-packages/airflow/example_dags/tutorial_taskflow_api.py took 0.063 seconds
[2023-10-11T07:26:41.924+0000] {processor.py:157} INFO - Started process (PID=12234) to work on /home/airflow/.local/lib/python3.8/site-packages/airflow/example_dags/tutorial_taskflow_api.py
[2023-10-11T07:26:41.925+0000] {processor.py:829} INFO - Processing file /home/airflow/.local/lib/python3.8/site-packages/airflow/example_dags/tutorial_taskflow_api.py for tasks to queue
[2023-10-11T07:26:41.926+0000] {logging_mixin.py:151} INFO - [2023-10-11T07:26:41.926+0000] {dagbag.py:539} INFO - Filling up the DagBag from /home/airflow/.local/lib/python3.8/site-packages/airflow/example_dags/tutorial_taskflow_api.py
[2023-10-11T07:26:41.933+0000] {processor.py:839} INFO - DAG(s) dict_keys(['tutorial_taskflow_api']) retrieved from /home/airflow/.local/lib/python3.8/site-packages/airflow/example_dags/tutorial_taskflow_api.py
[2023-10-11T07:26:41.981+0000] {logging_mixin.py:151} INFO - [2023-10-11T07:26:41.981+0000] {dag.py:2915} INFO - Sync 1 DAGs
[2023-10-11T07:26:41.997+0000] {logging_mixin.py:151} INFO - [2023-10-11T07:26:41.997+0000] {dag.py:3696} INFO - Setting next_dagrun for tutorial_taskflow_api to None, run_after=None
[2023-10-11T07:26:42.014+0000] {processor.py:179} INFO - Processing /home/airflow/.local/lib/python3.8/site-packages/airflow/example_dags/tutorial_taskflow_api.py took 0.093 seconds
[2023-10-11T07:27:12.419+0000] {processor.py:157} INFO - Started process (PID=12477) to work on /home/airflow/.local/lib/python3.8/site-packages/airflow/example_dags/tutorial_taskflow_api.py
[2023-10-11T07:27:12.420+0000] {processor.py:829} INFO - Processing file /home/airflow/.local/lib/python3.8/site-packages/airflow/example_dags/tutorial_taskflow_api.py for tasks to queue
[2023-10-11T07:27:12.420+0000] {logging_mixin.py:151} INFO - [2023-10-11T07:27:12.420+0000] {dagbag.py:539} INFO - Filling up the DagBag from /home/airflow/.local/lib/python3.8/site-packages/airflow/example_dags/tutorial_taskflow_api.py
[2023-10-11T07:27:12.425+0000] {processor.py:839} INFO - DAG(s) dict_keys(['tutorial_taskflow_api']) retrieved from /home/airflow/.local/lib/python3.8/site-packages/airflow/example_dags/tutorial_taskflow_api.py
[2023-10-11T07:27:12.440+0000] {logging_mixin.py:151} INFO - [2023-10-11T07:27:12.440+0000] {dag.py:2915} INFO - Sync 1 DAGs
[2023-10-11T07:27:12.453+0000] {logging_mixin.py:151} INFO - [2023-10-11T07:27:12.453+0000] {dag.py:3696} INFO - Setting next_dagrun for tutorial_taskflow_api to None, run_after=None
[2023-10-11T07:27:12.486+0000] {processor.py:179} INFO - Processing /home/airflow/.local/lib/python3.8/site-packages/airflow/example_dags/tutorial_taskflow_api.py took 0.069 seconds
[2023-10-11T07:27:42.904+0000] {processor.py:157} INFO - Started process (PID=12720) to work on /home/airflow/.local/lib/python3.8/site-packages/airflow/example_dags/tutorial_taskflow_api.py
[2023-10-11T07:27:42.905+0000] {processor.py:829} INFO - Processing file /home/airflow/.local/lib/python3.8/site-packages/airflow/example_dags/tutorial_taskflow_api.py for tasks to queue
[2023-10-11T07:27:42.906+0000] {logging_mixin.py:151} INFO - [2023-10-11T07:27:42.906+0000] {dagbag.py:539} INFO - Filling up the DagBag from /home/airflow/.local/lib/python3.8/site-packages/airflow/example_dags/tutorial_taskflow_api.py
[2023-10-11T07:27:42.911+0000] {processor.py:839} INFO - DAG(s) dict_keys(['tutorial_taskflow_api']) retrieved from /home/airflow/.local/lib/python3.8/site-packages/airflow/example_dags/tutorial_taskflow_api.py
[2023-10-11T07:27:42.924+0000] {logging_mixin.py:151} INFO - [2023-10-11T07:27:42.924+0000] {dag.py:2915} INFO - Sync 1 DAGs
[2023-10-11T07:27:42.931+0000] {logging_mixin.py:151} INFO - [2023-10-11T07:27:42.931+0000] {dag.py:3696} INFO - Setting next_dagrun for tutorial_taskflow_api to None, run_after=None
[2023-10-11T07:27:42.940+0000] {processor.py:179} INFO - Processing /home/airflow/.local/lib/python3.8/site-packages/airflow/example_dags/tutorial_taskflow_api.py took 0.038 seconds
[2023-10-11T07:28:13.079+0000] {processor.py:157} INFO - Started process (PID=12963) to work on /home/airflow/.local/lib/python3.8/site-packages/airflow/example_dags/tutorial_taskflow_api.py
[2023-10-11T07:28:13.080+0000] {processor.py:829} INFO - Processing file /home/airflow/.local/lib/python3.8/site-packages/airflow/example_dags/tutorial_taskflow_api.py for tasks to queue
[2023-10-11T07:28:13.080+0000] {logging_mixin.py:151} INFO - [2023-10-11T07:28:13.080+0000] {dagbag.py:539} INFO - Filling up the DagBag from /home/airflow/.local/lib/python3.8/site-packages/airflow/example_dags/tutorial_taskflow_api.py
[2023-10-11T07:28:13.085+0000] {processor.py:839} INFO - DAG(s) dict_keys(['tutorial_taskflow_api']) retrieved from /home/airflow/.local/lib/python3.8/site-packages/airflow/example_dags/tutorial_taskflow_api.py
[2023-10-11T07:28:13.100+0000] {logging_mixin.py:151} INFO - [2023-10-11T07:28:13.100+0000] {dag.py:2915} INFO - Sync 1 DAGs
[2023-10-11T07:28:13.108+0000] {logging_mixin.py:151} INFO - [2023-10-11T07:28:13.108+0000] {dag.py:3696} INFO - Setting next_dagrun for tutorial_taskflow_api to None, run_after=None
[2023-10-11T07:28:13.120+0000] {processor.py:179} INFO - Processing /home/airflow/.local/lib/python3.8/site-packages/airflow/example_dags/tutorial_taskflow_api.py took 0.044 seconds
