[2023-10-11T07:01:30.600+0000] {processor.py:157} INFO - Started process (PID=200) to work on /home/airflow/.local/lib/python3.8/site-packages/airflow/example_dags/tutorial_taskflow_api_virtualenv.py
[2023-10-11T07:01:30.601+0000] {processor.py:829} INFO - Processing file /home/airflow/.local/lib/python3.8/site-packages/airflow/example_dags/tutorial_taskflow_api_virtualenv.py for tasks to queue
[2023-10-11T07:01:30.602+0000] {logging_mixin.py:151} INFO - [2023-10-11T07:01:30.602+0000] {dagbag.py:539} INFO - Filling up the DagBag from /home/airflow/.local/lib/python3.8/site-packages/airflow/example_dags/tutorial_taskflow_api_virtualenv.py
[2023-10-11T07:01:30.611+0000] {processor.py:839} INFO - DAG(s) dict_keys(['tutorial_taskflow_api_virtualenv']) retrieved from /home/airflow/.local/lib/python3.8/site-packages/airflow/example_dags/tutorial_taskflow_api_virtualenv.py
[2023-10-11T07:01:30.897+0000] {logging_mixin.py:151} INFO - [2023-10-11T07:01:30.897+0000] {manager.py:499} INFO - Created Permission View: %s
[2023-10-11T07:01:30.910+0000] {logging_mixin.py:151} INFO - [2023-10-11T07:01:30.910+0000] {manager.py:499} INFO - Created Permission View: %s
[2023-10-11T07:01:30.918+0000] {logging_mixin.py:151} INFO - [2023-10-11T07:01:30.918+0000] {manager.py:499} INFO - Created Permission View: %s
[2023-10-11T07:01:30.919+0000] {logging_mixin.py:151} INFO - [2023-10-11T07:01:30.919+0000] {security.py:708} INFO - Not syncing DAG-level permissions for DAG 'DAG:tutorial_taskflow_api_virtualenv' as access control is unset.
[2023-10-11T07:01:30.919+0000] {logging_mixin.py:151} INFO - [2023-10-11T07:01:30.919+0000] {dag.py:2915} INFO - Sync 1 DAGs
[2023-10-11T07:01:30.927+0000] {logging_mixin.py:151} INFO - [2023-10-11T07:01:30.926+0000] {dag.py:2937} INFO - Creating ORM DAG for tutorial_taskflow_api_virtualenv
[2023-10-11T07:01:30.927+0000] {logging_mixin.py:151} INFO - [2023-10-11T07:01:30.927+0000] {dag.py:3696} INFO - Setting next_dagrun for tutorial_taskflow_api_virtualenv to None, run_after=None
[2023-10-11T07:01:30.942+0000] {processor.py:179} INFO - Processing /home/airflow/.local/lib/python3.8/site-packages/airflow/example_dags/tutorial_taskflow_api_virtualenv.py took 0.346 seconds
[2023-10-11T07:02:01.595+0000] {processor.py:157} INFO - Started process (PID=441) to work on /home/airflow/.local/lib/python3.8/site-packages/airflow/example_dags/tutorial_taskflow_api_virtualenv.py
[2023-10-11T07:02:01.596+0000] {processor.py:829} INFO - Processing file /home/airflow/.local/lib/python3.8/site-packages/airflow/example_dags/tutorial_taskflow_api_virtualenv.py for tasks to queue
[2023-10-11T07:02:01.597+0000] {logging_mixin.py:151} INFO - [2023-10-11T07:02:01.596+0000] {dagbag.py:539} INFO - Filling up the DagBag from /home/airflow/.local/lib/python3.8/site-packages/airflow/example_dags/tutorial_taskflow_api_virtualenv.py
[2023-10-11T07:02:01.605+0000] {processor.py:839} INFO - DAG(s) dict_keys(['tutorial_taskflow_api_virtualenv']) retrieved from /home/airflow/.local/lib/python3.8/site-packages/airflow/example_dags/tutorial_taskflow_api_virtualenv.py
[2023-10-11T07:02:01.623+0000] {logging_mixin.py:151} INFO - [2023-10-11T07:02:01.622+0000] {dag.py:2915} INFO - Sync 1 DAGs
[2023-10-11T07:02:01.631+0000] {logging_mixin.py:151} INFO - [2023-10-11T07:02:01.631+0000] {dag.py:3696} INFO - Setting next_dagrun for tutorial_taskflow_api_virtualenv to None, run_after=None
[2023-10-11T07:02:01.644+0000] {processor.py:179} INFO - Processing /home/airflow/.local/lib/python3.8/site-packages/airflow/example_dags/tutorial_taskflow_api_virtualenv.py took 0.052 seconds
[2023-10-11T07:02:31.738+0000] {processor.py:157} INFO - Started process (PID=678) to work on /home/airflow/.local/lib/python3.8/site-packages/airflow/example_dags/tutorial_taskflow_api_virtualenv.py
[2023-10-11T07:02:31.739+0000] {processor.py:829} INFO - Processing file /home/airflow/.local/lib/python3.8/site-packages/airflow/example_dags/tutorial_taskflow_api_virtualenv.py for tasks to queue
[2023-10-11T07:02:31.739+0000] {logging_mixin.py:151} INFO - [2023-10-11T07:02:31.739+0000] {dagbag.py:539} INFO - Filling up the DagBag from /home/airflow/.local/lib/python3.8/site-packages/airflow/example_dags/tutorial_taskflow_api_virtualenv.py
[2023-10-11T07:02:31.745+0000] {processor.py:839} INFO - DAG(s) dict_keys(['tutorial_taskflow_api_virtualenv']) retrieved from /home/airflow/.local/lib/python3.8/site-packages/airflow/example_dags/tutorial_taskflow_api_virtualenv.py
[2023-10-11T07:02:31.782+0000] {logging_mixin.py:151} INFO - [2023-10-11T07:02:31.781+0000] {dag.py:2915} INFO - Sync 1 DAGs
[2023-10-11T07:02:31.796+0000] {logging_mixin.py:151} INFO - [2023-10-11T07:02:31.796+0000] {dag.py:3696} INFO - Setting next_dagrun for tutorial_taskflow_api_virtualenv to None, run_after=None
[2023-10-11T07:02:31.806+0000] {processor.py:179} INFO - Processing /home/airflow/.local/lib/python3.8/site-packages/airflow/example_dags/tutorial_taskflow_api_virtualenv.py took 0.071 seconds
[2023-10-11T07:03:02.482+0000] {processor.py:157} INFO - Started process (PID=914) to work on /home/airflow/.local/lib/python3.8/site-packages/airflow/example_dags/tutorial_taskflow_api_virtualenv.py
[2023-10-11T07:03:02.483+0000] {processor.py:829} INFO - Processing file /home/airflow/.local/lib/python3.8/site-packages/airflow/example_dags/tutorial_taskflow_api_virtualenv.py for tasks to queue
[2023-10-11T07:03:02.484+0000] {logging_mixin.py:151} INFO - [2023-10-11T07:03:02.483+0000] {dagbag.py:539} INFO - Filling up the DagBag from /home/airflow/.local/lib/python3.8/site-packages/airflow/example_dags/tutorial_taskflow_api_virtualenv.py
[2023-10-11T07:03:02.488+0000] {processor.py:839} INFO - DAG(s) dict_keys(['tutorial_taskflow_api_virtualenv']) retrieved from /home/airflow/.local/lib/python3.8/site-packages/airflow/example_dags/tutorial_taskflow_api_virtualenv.py
[2023-10-11T07:03:02.502+0000] {logging_mixin.py:151} INFO - [2023-10-11T07:03:02.502+0000] {dag.py:2915} INFO - Sync 1 DAGs
[2023-10-11T07:03:02.509+0000] {logging_mixin.py:151} INFO - [2023-10-11T07:03:02.509+0000] {dag.py:3696} INFO - Setting next_dagrun for tutorial_taskflow_api_virtualenv to None, run_after=None
[2023-10-11T07:03:02.519+0000] {processor.py:179} INFO - Processing /home/airflow/.local/lib/python3.8/site-packages/airflow/example_dags/tutorial_taskflow_api_virtualenv.py took 0.040 seconds
[2023-10-11T07:03:33.407+0000] {processor.py:157} INFO - Started process (PID=1154) to work on /home/airflow/.local/lib/python3.8/site-packages/airflow/example_dags/tutorial_taskflow_api_virtualenv.py
[2023-10-11T07:03:33.408+0000] {processor.py:829} INFO - Processing file /home/airflow/.local/lib/python3.8/site-packages/airflow/example_dags/tutorial_taskflow_api_virtualenv.py for tasks to queue
[2023-10-11T07:03:33.408+0000] {logging_mixin.py:151} INFO - [2023-10-11T07:03:33.408+0000] {dagbag.py:539} INFO - Filling up the DagBag from /home/airflow/.local/lib/python3.8/site-packages/airflow/example_dags/tutorial_taskflow_api_virtualenv.py
[2023-10-11T07:03:33.413+0000] {processor.py:839} INFO - DAG(s) dict_keys(['tutorial_taskflow_api_virtualenv']) retrieved from /home/airflow/.local/lib/python3.8/site-packages/airflow/example_dags/tutorial_taskflow_api_virtualenv.py
[2023-10-11T07:03:33.429+0000] {logging_mixin.py:151} INFO - [2023-10-11T07:03:33.429+0000] {dag.py:2915} INFO - Sync 1 DAGs
[2023-10-11T07:03:33.436+0000] {logging_mixin.py:151} INFO - [2023-10-11T07:03:33.436+0000] {dag.py:3696} INFO - Setting next_dagrun for tutorial_taskflow_api_virtualenv to None, run_after=None
[2023-10-11T07:03:33.450+0000] {processor.py:179} INFO - Processing /home/airflow/.local/lib/python3.8/site-packages/airflow/example_dags/tutorial_taskflow_api_virtualenv.py took 0.047 seconds
[2023-10-11T07:04:04.128+0000] {processor.py:157} INFO - Started process (PID=1392) to work on /home/airflow/.local/lib/python3.8/site-packages/airflow/example_dags/tutorial_taskflow_api_virtualenv.py
[2023-10-11T07:04:04.129+0000] {processor.py:829} INFO - Processing file /home/airflow/.local/lib/python3.8/site-packages/airflow/example_dags/tutorial_taskflow_api_virtualenv.py for tasks to queue
[2023-10-11T07:04:04.131+0000] {logging_mixin.py:151} INFO - [2023-10-11T07:04:04.130+0000] {dagbag.py:539} INFO - Filling up the DagBag from /home/airflow/.local/lib/python3.8/site-packages/airflow/example_dags/tutorial_taskflow_api_virtualenv.py
[2023-10-11T07:04:04.136+0000] {processor.py:839} INFO - DAG(s) dict_keys(['tutorial_taskflow_api_virtualenv']) retrieved from /home/airflow/.local/lib/python3.8/site-packages/airflow/example_dags/tutorial_taskflow_api_virtualenv.py
[2023-10-11T07:04:04.150+0000] {logging_mixin.py:151} INFO - [2023-10-11T07:04:04.150+0000] {dag.py:2915} INFO - Sync 1 DAGs
[2023-10-11T07:04:04.158+0000] {logging_mixin.py:151} INFO - [2023-10-11T07:04:04.158+0000] {dag.py:3696} INFO - Setting next_dagrun for tutorial_taskflow_api_virtualenv to None, run_after=None
[2023-10-11T07:04:04.194+0000] {processor.py:179} INFO - Processing /home/airflow/.local/lib/python3.8/site-packages/airflow/example_dags/tutorial_taskflow_api_virtualenv.py took 0.068 seconds
[2023-10-11T07:04:34.515+0000] {processor.py:157} INFO - Started process (PID=1630) to work on /home/airflow/.local/lib/python3.8/site-packages/airflow/example_dags/tutorial_taskflow_api_virtualenv.py
[2023-10-11T07:04:34.516+0000] {processor.py:829} INFO - Processing file /home/airflow/.local/lib/python3.8/site-packages/airflow/example_dags/tutorial_taskflow_api_virtualenv.py for tasks to queue
[2023-10-11T07:04:34.517+0000] {logging_mixin.py:151} INFO - [2023-10-11T07:04:34.517+0000] {dagbag.py:539} INFO - Filling up the DagBag from /home/airflow/.local/lib/python3.8/site-packages/airflow/example_dags/tutorial_taskflow_api_virtualenv.py
[2023-10-11T07:04:34.521+0000] {processor.py:839} INFO - DAG(s) dict_keys(['tutorial_taskflow_api_virtualenv']) retrieved from /home/airflow/.local/lib/python3.8/site-packages/airflow/example_dags/tutorial_taskflow_api_virtualenv.py
[2023-10-11T07:04:34.534+0000] {logging_mixin.py:151} INFO - [2023-10-11T07:04:34.534+0000] {dag.py:2915} INFO - Sync 1 DAGs
[2023-10-11T07:04:34.541+0000] {logging_mixin.py:151} INFO - [2023-10-11T07:04:34.540+0000] {dag.py:3696} INFO - Setting next_dagrun for tutorial_taskflow_api_virtualenv to None, run_after=None
[2023-10-11T07:04:34.550+0000] {processor.py:179} INFO - Processing /home/airflow/.local/lib/python3.8/site-packages/airflow/example_dags/tutorial_taskflow_api_virtualenv.py took 0.037 seconds
[2023-10-11T07:05:05.004+0000] {processor.py:157} INFO - Started process (PID=1868) to work on /home/airflow/.local/lib/python3.8/site-packages/airflow/example_dags/tutorial_taskflow_api_virtualenv.py
[2023-10-11T07:05:05.005+0000] {processor.py:829} INFO - Processing file /home/airflow/.local/lib/python3.8/site-packages/airflow/example_dags/tutorial_taskflow_api_virtualenv.py for tasks to queue
[2023-10-11T07:05:05.006+0000] {logging_mixin.py:151} INFO - [2023-10-11T07:05:05.006+0000] {dagbag.py:539} INFO - Filling up the DagBag from /home/airflow/.local/lib/python3.8/site-packages/airflow/example_dags/tutorial_taskflow_api_virtualenv.py
[2023-10-11T07:05:05.013+0000] {processor.py:839} INFO - DAG(s) dict_keys(['tutorial_taskflow_api_virtualenv']) retrieved from /home/airflow/.local/lib/python3.8/site-packages/airflow/example_dags/tutorial_taskflow_api_virtualenv.py
[2023-10-11T07:05:05.032+0000] {logging_mixin.py:151} INFO - [2023-10-11T07:05:05.032+0000] {dag.py:2915} INFO - Sync 1 DAGs
[2023-10-11T07:05:05.040+0000] {logging_mixin.py:151} INFO - [2023-10-11T07:05:05.040+0000] {dag.py:3696} INFO - Setting next_dagrun for tutorial_taskflow_api_virtualenv to None, run_after=None
[2023-10-11T07:05:05.064+0000] {processor.py:179} INFO - Processing /home/airflow/.local/lib/python3.8/site-packages/airflow/example_dags/tutorial_taskflow_api_virtualenv.py took 0.062 seconds
[2023-10-11T07:05:35.128+0000] {processor.py:157} INFO - Started process (PID=2104) to work on /home/airflow/.local/lib/python3.8/site-packages/airflow/example_dags/tutorial_taskflow_api_virtualenv.py
[2023-10-11T07:05:35.129+0000] {processor.py:829} INFO - Processing file /home/airflow/.local/lib/python3.8/site-packages/airflow/example_dags/tutorial_taskflow_api_virtualenv.py for tasks to queue
[2023-10-11T07:05:35.130+0000] {logging_mixin.py:151} INFO - [2023-10-11T07:05:35.129+0000] {dagbag.py:539} INFO - Filling up the DagBag from /home/airflow/.local/lib/python3.8/site-packages/airflow/example_dags/tutorial_taskflow_api_virtualenv.py
[2023-10-11T07:05:35.135+0000] {processor.py:839} INFO - DAG(s) dict_keys(['tutorial_taskflow_api_virtualenv']) retrieved from /home/airflow/.local/lib/python3.8/site-packages/airflow/example_dags/tutorial_taskflow_api_virtualenv.py
[2023-10-11T07:05:35.149+0000] {logging_mixin.py:151} INFO - [2023-10-11T07:05:35.149+0000] {dag.py:2915} INFO - Sync 1 DAGs
[2023-10-11T07:05:35.157+0000] {logging_mixin.py:151} INFO - [2023-10-11T07:05:35.157+0000] {dag.py:3696} INFO - Setting next_dagrun for tutorial_taskflow_api_virtualenv to None, run_after=None
[2023-10-11T07:05:35.192+0000] {processor.py:179} INFO - Processing /home/airflow/.local/lib/python3.8/site-packages/airflow/example_dags/tutorial_taskflow_api_virtualenv.py took 0.067 seconds
[2023-10-11T07:06:05.433+0000] {processor.py:157} INFO - Started process (PID=2342) to work on /home/airflow/.local/lib/python3.8/site-packages/airflow/example_dags/tutorial_taskflow_api_virtualenv.py
[2023-10-11T07:06:05.435+0000] {processor.py:829} INFO - Processing file /home/airflow/.local/lib/python3.8/site-packages/airflow/example_dags/tutorial_taskflow_api_virtualenv.py for tasks to queue
[2023-10-11T07:06:05.435+0000] {logging_mixin.py:151} INFO - [2023-10-11T07:06:05.435+0000] {dagbag.py:539} INFO - Filling up the DagBag from /home/airflow/.local/lib/python3.8/site-packages/airflow/example_dags/tutorial_taskflow_api_virtualenv.py
[2023-10-11T07:06:05.440+0000] {processor.py:839} INFO - DAG(s) dict_keys(['tutorial_taskflow_api_virtualenv']) retrieved from /home/airflow/.local/lib/python3.8/site-packages/airflow/example_dags/tutorial_taskflow_api_virtualenv.py
[2023-10-11T07:06:05.467+0000] {logging_mixin.py:151} INFO - [2023-10-11T07:06:05.467+0000] {dag.py:2915} INFO - Sync 1 DAGs
[2023-10-11T07:06:05.480+0000] {logging_mixin.py:151} INFO - [2023-10-11T07:06:05.480+0000] {dag.py:3696} INFO - Setting next_dagrun for tutorial_taskflow_api_virtualenv to None, run_after=None
[2023-10-11T07:06:05.494+0000] {processor.py:179} INFO - Processing /home/airflow/.local/lib/python3.8/site-packages/airflow/example_dags/tutorial_taskflow_api_virtualenv.py took 0.067 seconds
[2023-10-11T07:06:35.941+0000] {processor.py:157} INFO - Started process (PID=2587) to work on /home/airflow/.local/lib/python3.8/site-packages/airflow/example_dags/tutorial_taskflow_api_virtualenv.py
[2023-10-11T07:06:35.942+0000] {processor.py:829} INFO - Processing file /home/airflow/.local/lib/python3.8/site-packages/airflow/example_dags/tutorial_taskflow_api_virtualenv.py for tasks to queue
[2023-10-11T07:06:35.942+0000] {logging_mixin.py:151} INFO - [2023-10-11T07:06:35.942+0000] {dagbag.py:539} INFO - Filling up the DagBag from /home/airflow/.local/lib/python3.8/site-packages/airflow/example_dags/tutorial_taskflow_api_virtualenv.py
[2023-10-11T07:06:35.947+0000] {processor.py:839} INFO - DAG(s) dict_keys(['tutorial_taskflow_api_virtualenv']) retrieved from /home/airflow/.local/lib/python3.8/site-packages/airflow/example_dags/tutorial_taskflow_api_virtualenv.py
[2023-10-11T07:06:35.977+0000] {logging_mixin.py:151} INFO - [2023-10-11T07:06:35.977+0000] {dag.py:2915} INFO - Sync 1 DAGs
[2023-10-11T07:06:35.985+0000] {logging_mixin.py:151} INFO - [2023-10-11T07:06:35.985+0000] {dag.py:3696} INFO - Setting next_dagrun for tutorial_taskflow_api_virtualenv to None, run_after=None
[2023-10-11T07:06:35.995+0000] {processor.py:179} INFO - Processing /home/airflow/.local/lib/python3.8/site-packages/airflow/example_dags/tutorial_taskflow_api_virtualenv.py took 0.056 seconds
[2023-10-11T07:07:06.591+0000] {processor.py:157} INFO - Started process (PID=2829) to work on /home/airflow/.local/lib/python3.8/site-packages/airflow/example_dags/tutorial_taskflow_api_virtualenv.py
[2023-10-11T07:07:06.591+0000] {processor.py:829} INFO - Processing file /home/airflow/.local/lib/python3.8/site-packages/airflow/example_dags/tutorial_taskflow_api_virtualenv.py for tasks to queue
[2023-10-11T07:07:06.592+0000] {logging_mixin.py:151} INFO - [2023-10-11T07:07:06.592+0000] {dagbag.py:539} INFO - Filling up the DagBag from /home/airflow/.local/lib/python3.8/site-packages/airflow/example_dags/tutorial_taskflow_api_virtualenv.py
[2023-10-11T07:07:06.599+0000] {processor.py:839} INFO - DAG(s) dict_keys(['tutorial_taskflow_api_virtualenv']) retrieved from /home/airflow/.local/lib/python3.8/site-packages/airflow/example_dags/tutorial_taskflow_api_virtualenv.py
[2023-10-11T07:07:06.621+0000] {logging_mixin.py:151} INFO - [2023-10-11T07:07:06.621+0000] {dag.py:2915} INFO - Sync 1 DAGs
[2023-10-11T07:07:06.631+0000] {logging_mixin.py:151} INFO - [2023-10-11T07:07:06.631+0000] {dag.py:3696} INFO - Setting next_dagrun for tutorial_taskflow_api_virtualenv to None, run_after=None
[2023-10-11T07:07:06.642+0000] {processor.py:179} INFO - Processing /home/airflow/.local/lib/python3.8/site-packages/airflow/example_dags/tutorial_taskflow_api_virtualenv.py took 0.055 seconds
[2023-10-11T07:07:36.987+0000] {processor.py:157} INFO - Started process (PID=3071) to work on /home/airflow/.local/lib/python3.8/site-packages/airflow/example_dags/tutorial_taskflow_api_virtualenv.py
[2023-10-11T07:07:36.988+0000] {processor.py:829} INFO - Processing file /home/airflow/.local/lib/python3.8/site-packages/airflow/example_dags/tutorial_taskflow_api_virtualenv.py for tasks to queue
[2023-10-11T07:07:36.989+0000] {logging_mixin.py:151} INFO - [2023-10-11T07:07:36.989+0000] {dagbag.py:539} INFO - Filling up the DagBag from /home/airflow/.local/lib/python3.8/site-packages/airflow/example_dags/tutorial_taskflow_api_virtualenv.py
[2023-10-11T07:07:36.995+0000] {processor.py:839} INFO - DAG(s) dict_keys(['tutorial_taskflow_api_virtualenv']) retrieved from /home/airflow/.local/lib/python3.8/site-packages/airflow/example_dags/tutorial_taskflow_api_virtualenv.py
[2023-10-11T07:07:37.008+0000] {logging_mixin.py:151} INFO - [2023-10-11T07:07:37.008+0000] {dag.py:2915} INFO - Sync 1 DAGs
[2023-10-11T07:07:37.016+0000] {logging_mixin.py:151} INFO - [2023-10-11T07:07:37.016+0000] {dag.py:3696} INFO - Setting next_dagrun for tutorial_taskflow_api_virtualenv to None, run_after=None
[2023-10-11T07:07:37.028+0000] {processor.py:179} INFO - Processing /home/airflow/.local/lib/python3.8/site-packages/airflow/example_dags/tutorial_taskflow_api_virtualenv.py took 0.044 seconds
[2023-10-11T07:08:07.929+0000] {processor.py:157} INFO - Started process (PID=3344) to work on /home/airflow/.local/lib/python3.8/site-packages/airflow/example_dags/tutorial_taskflow_api_virtualenv.py
[2023-10-11T07:08:07.930+0000] {processor.py:829} INFO - Processing file /home/airflow/.local/lib/python3.8/site-packages/airflow/example_dags/tutorial_taskflow_api_virtualenv.py for tasks to queue
[2023-10-11T07:08:07.930+0000] {logging_mixin.py:151} INFO - [2023-10-11T07:08:07.930+0000] {dagbag.py:539} INFO - Filling up the DagBag from /home/airflow/.local/lib/python3.8/site-packages/airflow/example_dags/tutorial_taskflow_api_virtualenv.py
[2023-10-11T07:08:07.935+0000] {processor.py:839} INFO - DAG(s) dict_keys(['tutorial_taskflow_api_virtualenv']) retrieved from /home/airflow/.local/lib/python3.8/site-packages/airflow/example_dags/tutorial_taskflow_api_virtualenv.py
[2023-10-11T07:08:07.953+0000] {logging_mixin.py:151} INFO - [2023-10-11T07:08:07.953+0000] {dag.py:2915} INFO - Sync 1 DAGs
[2023-10-11T07:08:07.997+0000] {logging_mixin.py:151} INFO - [2023-10-11T07:08:07.997+0000] {dag.py:3696} INFO - Setting next_dagrun for tutorial_taskflow_api_virtualenv to None, run_after=None
[2023-10-11T07:08:08.011+0000] {processor.py:179} INFO - Processing /home/airflow/.local/lib/python3.8/site-packages/airflow/example_dags/tutorial_taskflow_api_virtualenv.py took 0.085 seconds
[2023-10-11T07:08:38.213+0000] {processor.py:157} INFO - Started process (PID=3589) to work on /home/airflow/.local/lib/python3.8/site-packages/airflow/example_dags/tutorial_taskflow_api_virtualenv.py
[2023-10-11T07:08:38.214+0000] {processor.py:829} INFO - Processing file /home/airflow/.local/lib/python3.8/site-packages/airflow/example_dags/tutorial_taskflow_api_virtualenv.py for tasks to queue
[2023-10-11T07:08:38.215+0000] {logging_mixin.py:151} INFO - [2023-10-11T07:08:38.215+0000] {dagbag.py:539} INFO - Filling up the DagBag from /home/airflow/.local/lib/python3.8/site-packages/airflow/example_dags/tutorial_taskflow_api_virtualenv.py
[2023-10-11T07:08:38.221+0000] {processor.py:839} INFO - DAG(s) dict_keys(['tutorial_taskflow_api_virtualenv']) retrieved from /home/airflow/.local/lib/python3.8/site-packages/airflow/example_dags/tutorial_taskflow_api_virtualenv.py
[2023-10-11T07:08:38.240+0000] {logging_mixin.py:151} INFO - [2023-10-11T07:08:38.240+0000] {dag.py:2915} INFO - Sync 1 DAGs
[2023-10-11T07:08:38.249+0000] {logging_mixin.py:151} INFO - [2023-10-11T07:08:38.249+0000] {dag.py:3696} INFO - Setting next_dagrun for tutorial_taskflow_api_virtualenv to None, run_after=None
[2023-10-11T07:08:38.285+0000] {processor.py:179} INFO - Processing /home/airflow/.local/lib/python3.8/site-packages/airflow/example_dags/tutorial_taskflow_api_virtualenv.py took 0.076 seconds
[2023-10-11T07:09:09.207+0000] {processor.py:157} INFO - Started process (PID=3832) to work on /home/airflow/.local/lib/python3.8/site-packages/airflow/example_dags/tutorial_taskflow_api_virtualenv.py
[2023-10-11T07:09:09.208+0000] {processor.py:829} INFO - Processing file /home/airflow/.local/lib/python3.8/site-packages/airflow/example_dags/tutorial_taskflow_api_virtualenv.py for tasks to queue
[2023-10-11T07:09:09.209+0000] {logging_mixin.py:151} INFO - [2023-10-11T07:09:09.209+0000] {dagbag.py:539} INFO - Filling up the DagBag from /home/airflow/.local/lib/python3.8/site-packages/airflow/example_dags/tutorial_taskflow_api_virtualenv.py
[2023-10-11T07:09:09.216+0000] {processor.py:839} INFO - DAG(s) dict_keys(['tutorial_taskflow_api_virtualenv']) retrieved from /home/airflow/.local/lib/python3.8/site-packages/airflow/example_dags/tutorial_taskflow_api_virtualenv.py
[2023-10-11T07:09:09.233+0000] {logging_mixin.py:151} INFO - [2023-10-11T07:09:09.233+0000] {dag.py:2915} INFO - Sync 1 DAGs
[2023-10-11T07:09:09.240+0000] {logging_mixin.py:151} INFO - [2023-10-11T07:09:09.240+0000] {dag.py:3696} INFO - Setting next_dagrun for tutorial_taskflow_api_virtualenv to None, run_after=None
[2023-10-11T07:09:09.258+0000] {processor.py:179} INFO - Processing /home/airflow/.local/lib/python3.8/site-packages/airflow/example_dags/tutorial_taskflow_api_virtualenv.py took 0.055 seconds
[2023-10-11T07:09:39.618+0000] {processor.py:157} INFO - Started process (PID=4074) to work on /home/airflow/.local/lib/python3.8/site-packages/airflow/example_dags/tutorial_taskflow_api_virtualenv.py
[2023-10-11T07:09:39.619+0000] {processor.py:829} INFO - Processing file /home/airflow/.local/lib/python3.8/site-packages/airflow/example_dags/tutorial_taskflow_api_virtualenv.py for tasks to queue
[2023-10-11T07:09:39.620+0000] {logging_mixin.py:151} INFO - [2023-10-11T07:09:39.620+0000] {dagbag.py:539} INFO - Filling up the DagBag from /home/airflow/.local/lib/python3.8/site-packages/airflow/example_dags/tutorial_taskflow_api_virtualenv.py
[2023-10-11T07:09:39.625+0000] {processor.py:839} INFO - DAG(s) dict_keys(['tutorial_taskflow_api_virtualenv']) retrieved from /home/airflow/.local/lib/python3.8/site-packages/airflow/example_dags/tutorial_taskflow_api_virtualenv.py
[2023-10-11T07:09:39.641+0000] {logging_mixin.py:151} INFO - [2023-10-11T07:09:39.641+0000] {dag.py:2915} INFO - Sync 1 DAGs
[2023-10-11T07:09:39.649+0000] {logging_mixin.py:151} INFO - [2023-10-11T07:09:39.649+0000] {dag.py:3696} INFO - Setting next_dagrun for tutorial_taskflow_api_virtualenv to None, run_after=None
[2023-10-11T07:09:39.674+0000] {processor.py:179} INFO - Processing /home/airflow/.local/lib/python3.8/site-packages/airflow/example_dags/tutorial_taskflow_api_virtualenv.py took 0.058 seconds
[2023-10-11T07:10:10.448+0000] {processor.py:157} INFO - Started process (PID=4318) to work on /home/airflow/.local/lib/python3.8/site-packages/airflow/example_dags/tutorial_taskflow_api_virtualenv.py
[2023-10-11T07:10:10.449+0000] {processor.py:829} INFO - Processing file /home/airflow/.local/lib/python3.8/site-packages/airflow/example_dags/tutorial_taskflow_api_virtualenv.py for tasks to queue
[2023-10-11T07:10:10.450+0000] {logging_mixin.py:151} INFO - [2023-10-11T07:10:10.450+0000] {dagbag.py:539} INFO - Filling up the DagBag from /home/airflow/.local/lib/python3.8/site-packages/airflow/example_dags/tutorial_taskflow_api_virtualenv.py
[2023-10-11T07:10:10.473+0000] {processor.py:839} INFO - DAG(s) dict_keys(['tutorial_taskflow_api_virtualenv']) retrieved from /home/airflow/.local/lib/python3.8/site-packages/airflow/example_dags/tutorial_taskflow_api_virtualenv.py
[2023-10-11T07:10:10.500+0000] {logging_mixin.py:151} INFO - [2023-10-11T07:10:10.500+0000] {dag.py:2915} INFO - Sync 1 DAGs
[2023-10-11T07:10:10.519+0000] {logging_mixin.py:151} INFO - [2023-10-11T07:10:10.519+0000] {dag.py:3696} INFO - Setting next_dagrun for tutorial_taskflow_api_virtualenv to None, run_after=None
[2023-10-11T07:10:10.541+0000] {processor.py:179} INFO - Processing /home/airflow/.local/lib/python3.8/site-packages/airflow/example_dags/tutorial_taskflow_api_virtualenv.py took 0.096 seconds
[2023-10-11T07:10:40.721+0000] {processor.py:157} INFO - Started process (PID=4561) to work on /home/airflow/.local/lib/python3.8/site-packages/airflow/example_dags/tutorial_taskflow_api_virtualenv.py
[2023-10-11T07:10:40.722+0000] {processor.py:829} INFO - Processing file /home/airflow/.local/lib/python3.8/site-packages/airflow/example_dags/tutorial_taskflow_api_virtualenv.py for tasks to queue
[2023-10-11T07:10:40.723+0000] {logging_mixin.py:151} INFO - [2023-10-11T07:10:40.723+0000] {dagbag.py:539} INFO - Filling up the DagBag from /home/airflow/.local/lib/python3.8/site-packages/airflow/example_dags/tutorial_taskflow_api_virtualenv.py
[2023-10-11T07:10:40.730+0000] {processor.py:839} INFO - DAG(s) dict_keys(['tutorial_taskflow_api_virtualenv']) retrieved from /home/airflow/.local/lib/python3.8/site-packages/airflow/example_dags/tutorial_taskflow_api_virtualenv.py
[2023-10-11T07:10:40.747+0000] {logging_mixin.py:151} INFO - [2023-10-11T07:10:40.747+0000] {dag.py:2915} INFO - Sync 1 DAGs
[2023-10-11T07:10:40.786+0000] {logging_mixin.py:151} INFO - [2023-10-11T07:10:40.786+0000] {dag.py:3696} INFO - Setting next_dagrun for tutorial_taskflow_api_virtualenv to None, run_after=None
[2023-10-11T07:10:40.802+0000] {processor.py:179} INFO - Processing /home/airflow/.local/lib/python3.8/site-packages/airflow/example_dags/tutorial_taskflow_api_virtualenv.py took 0.084 seconds
[2023-10-11T07:11:11.410+0000] {processor.py:157} INFO - Started process (PID=4802) to work on /home/airflow/.local/lib/python3.8/site-packages/airflow/example_dags/tutorial_taskflow_api_virtualenv.py
[2023-10-11T07:11:11.412+0000] {processor.py:829} INFO - Processing file /home/airflow/.local/lib/python3.8/site-packages/airflow/example_dags/tutorial_taskflow_api_virtualenv.py for tasks to queue
[2023-10-11T07:11:11.413+0000] {logging_mixin.py:151} INFO - [2023-10-11T07:11:11.413+0000] {dagbag.py:539} INFO - Filling up the DagBag from /home/airflow/.local/lib/python3.8/site-packages/airflow/example_dags/tutorial_taskflow_api_virtualenv.py
[2023-10-11T07:11:11.419+0000] {processor.py:839} INFO - DAG(s) dict_keys(['tutorial_taskflow_api_virtualenv']) retrieved from /home/airflow/.local/lib/python3.8/site-packages/airflow/example_dags/tutorial_taskflow_api_virtualenv.py
[2023-10-11T07:11:11.448+0000] {logging_mixin.py:151} INFO - [2023-10-11T07:11:11.447+0000] {dag.py:2915} INFO - Sync 1 DAGs
[2023-10-11T07:11:11.469+0000] {logging_mixin.py:151} INFO - [2023-10-11T07:11:11.468+0000] {dag.py:3696} INFO - Setting next_dagrun for tutorial_taskflow_api_virtualenv to None, run_after=None
[2023-10-11T07:11:11.491+0000] {processor.py:179} INFO - Processing /home/airflow/.local/lib/python3.8/site-packages/airflow/example_dags/tutorial_taskflow_api_virtualenv.py took 0.089 seconds
[2023-10-11T07:11:41.606+0000] {processor.py:157} INFO - Started process (PID=5047) to work on /home/airflow/.local/lib/python3.8/site-packages/airflow/example_dags/tutorial_taskflow_api_virtualenv.py
[2023-10-11T07:11:41.607+0000] {processor.py:829} INFO - Processing file /home/airflow/.local/lib/python3.8/site-packages/airflow/example_dags/tutorial_taskflow_api_virtualenv.py for tasks to queue
[2023-10-11T07:11:41.607+0000] {logging_mixin.py:151} INFO - [2023-10-11T07:11:41.607+0000] {dagbag.py:539} INFO - Filling up the DagBag from /home/airflow/.local/lib/python3.8/site-packages/airflow/example_dags/tutorial_taskflow_api_virtualenv.py
[2023-10-11T07:11:41.612+0000] {processor.py:839} INFO - DAG(s) dict_keys(['tutorial_taskflow_api_virtualenv']) retrieved from /home/airflow/.local/lib/python3.8/site-packages/airflow/example_dags/tutorial_taskflow_api_virtualenv.py
[2023-10-11T07:11:41.625+0000] {logging_mixin.py:151} INFO - [2023-10-11T07:11:41.625+0000] {dag.py:2915} INFO - Sync 1 DAGs
[2023-10-11T07:11:41.631+0000] {logging_mixin.py:151} INFO - [2023-10-11T07:11:41.631+0000] {dag.py:3696} INFO - Setting next_dagrun for tutorial_taskflow_api_virtualenv to None, run_after=None
[2023-10-11T07:11:41.640+0000] {processor.py:179} INFO - Processing /home/airflow/.local/lib/python3.8/site-packages/airflow/example_dags/tutorial_taskflow_api_virtualenv.py took 0.036 seconds
[2023-10-11T07:12:12.384+0000] {processor.py:157} INFO - Started process (PID=5290) to work on /home/airflow/.local/lib/python3.8/site-packages/airflow/example_dags/tutorial_taskflow_api_virtualenv.py
[2023-10-11T07:12:12.385+0000] {processor.py:829} INFO - Processing file /home/airflow/.local/lib/python3.8/site-packages/airflow/example_dags/tutorial_taskflow_api_virtualenv.py for tasks to queue
[2023-10-11T07:12:12.386+0000] {logging_mixin.py:151} INFO - [2023-10-11T07:12:12.386+0000] {dagbag.py:539} INFO - Filling up the DagBag from /home/airflow/.local/lib/python3.8/site-packages/airflow/example_dags/tutorial_taskflow_api_virtualenv.py
[2023-10-11T07:12:12.391+0000] {processor.py:839} INFO - DAG(s) dict_keys(['tutorial_taskflow_api_virtualenv']) retrieved from /home/airflow/.local/lib/python3.8/site-packages/airflow/example_dags/tutorial_taskflow_api_virtualenv.py
[2023-10-11T07:12:12.405+0000] {logging_mixin.py:151} INFO - [2023-10-11T07:12:12.405+0000] {dag.py:2915} INFO - Sync 1 DAGs
[2023-10-11T07:12:12.411+0000] {logging_mixin.py:151} INFO - [2023-10-11T07:12:12.411+0000] {dag.py:3696} INFO - Setting next_dagrun for tutorial_taskflow_api_virtualenv to None, run_after=None
[2023-10-11T07:12:12.421+0000] {processor.py:179} INFO - Processing /home/airflow/.local/lib/python3.8/site-packages/airflow/example_dags/tutorial_taskflow_api_virtualenv.py took 0.039 seconds
[2023-10-11T07:12:42.499+0000] {processor.py:157} INFO - Started process (PID=5533) to work on /home/airflow/.local/lib/python3.8/site-packages/airflow/example_dags/tutorial_taskflow_api_virtualenv.py
[2023-10-11T07:12:42.499+0000] {processor.py:829} INFO - Processing file /home/airflow/.local/lib/python3.8/site-packages/airflow/example_dags/tutorial_taskflow_api_virtualenv.py for tasks to queue
[2023-10-11T07:12:42.500+0000] {logging_mixin.py:151} INFO - [2023-10-11T07:12:42.500+0000] {dagbag.py:539} INFO - Filling up the DagBag from /home/airflow/.local/lib/python3.8/site-packages/airflow/example_dags/tutorial_taskflow_api_virtualenv.py
[2023-10-11T07:12:42.505+0000] {processor.py:839} INFO - DAG(s) dict_keys(['tutorial_taskflow_api_virtualenv']) retrieved from /home/airflow/.local/lib/python3.8/site-packages/airflow/example_dags/tutorial_taskflow_api_virtualenv.py
[2023-10-11T07:12:42.519+0000] {logging_mixin.py:151} INFO - [2023-10-11T07:12:42.518+0000] {dag.py:2915} INFO - Sync 1 DAGs
[2023-10-11T07:12:42.533+0000] {logging_mixin.py:151} INFO - [2023-10-11T07:12:42.533+0000] {dag.py:3696} INFO - Setting next_dagrun for tutorial_taskflow_api_virtualenv to None, run_after=None
[2023-10-11T07:12:42.544+0000] {processor.py:179} INFO - Processing /home/airflow/.local/lib/python3.8/site-packages/airflow/example_dags/tutorial_taskflow_api_virtualenv.py took 0.047 seconds
[2023-10-11T07:13:13.142+0000] {processor.py:157} INFO - Started process (PID=5776) to work on /home/airflow/.local/lib/python3.8/site-packages/airflow/example_dags/tutorial_taskflow_api_virtualenv.py
[2023-10-11T07:13:13.144+0000] {processor.py:829} INFO - Processing file /home/airflow/.local/lib/python3.8/site-packages/airflow/example_dags/tutorial_taskflow_api_virtualenv.py for tasks to queue
[2023-10-11T07:13:13.145+0000] {logging_mixin.py:151} INFO - [2023-10-11T07:13:13.144+0000] {dagbag.py:539} INFO - Filling up the DagBag from /home/airflow/.local/lib/python3.8/site-packages/airflow/example_dags/tutorial_taskflow_api_virtualenv.py
[2023-10-11T07:13:13.182+0000] {processor.py:839} INFO - DAG(s) dict_keys(['tutorial_taskflow_api_virtualenv']) retrieved from /home/airflow/.local/lib/python3.8/site-packages/airflow/example_dags/tutorial_taskflow_api_virtualenv.py
[2023-10-11T07:13:13.199+0000] {logging_mixin.py:151} INFO - [2023-10-11T07:13:13.199+0000] {dag.py:2915} INFO - Sync 1 DAGs
[2023-10-11T07:13:13.206+0000] {logging_mixin.py:151} INFO - [2023-10-11T07:13:13.206+0000] {dag.py:3696} INFO - Setting next_dagrun for tutorial_taskflow_api_virtualenv to None, run_after=None
[2023-10-11T07:13:13.217+0000] {processor.py:179} INFO - Processing /home/airflow/.local/lib/python3.8/site-packages/airflow/example_dags/tutorial_taskflow_api_virtualenv.py took 0.078 seconds
[2023-10-11T07:13:43.778+0000] {processor.py:157} INFO - Started process (PID=6019) to work on /home/airflow/.local/lib/python3.8/site-packages/airflow/example_dags/tutorial_taskflow_api_virtualenv.py
[2023-10-11T07:13:43.779+0000] {processor.py:829} INFO - Processing file /home/airflow/.local/lib/python3.8/site-packages/airflow/example_dags/tutorial_taskflow_api_virtualenv.py for tasks to queue
[2023-10-11T07:13:43.780+0000] {logging_mixin.py:151} INFO - [2023-10-11T07:13:43.780+0000] {dagbag.py:539} INFO - Filling up the DagBag from /home/airflow/.local/lib/python3.8/site-packages/airflow/example_dags/tutorial_taskflow_api_virtualenv.py
[2023-10-11T07:13:43.785+0000] {processor.py:839} INFO - DAG(s) dict_keys(['tutorial_taskflow_api_virtualenv']) retrieved from /home/airflow/.local/lib/python3.8/site-packages/airflow/example_dags/tutorial_taskflow_api_virtualenv.py
[2023-10-11T07:13:43.798+0000] {logging_mixin.py:151} INFO - [2023-10-11T07:13:43.798+0000] {dag.py:2915} INFO - Sync 1 DAGs
[2023-10-11T07:13:43.805+0000] {logging_mixin.py:151} INFO - [2023-10-11T07:13:43.805+0000] {dag.py:3696} INFO - Setting next_dagrun for tutorial_taskflow_api_virtualenv to None, run_after=None
[2023-10-11T07:13:43.817+0000] {processor.py:179} INFO - Processing /home/airflow/.local/lib/python3.8/site-packages/airflow/example_dags/tutorial_taskflow_api_virtualenv.py took 0.041 seconds
[2023-10-11T07:14:14.297+0000] {processor.py:157} INFO - Started process (PID=6262) to work on /home/airflow/.local/lib/python3.8/site-packages/airflow/example_dags/tutorial_taskflow_api_virtualenv.py
[2023-10-11T07:14:14.298+0000] {processor.py:829} INFO - Processing file /home/airflow/.local/lib/python3.8/site-packages/airflow/example_dags/tutorial_taskflow_api_virtualenv.py for tasks to queue
[2023-10-11T07:14:14.299+0000] {logging_mixin.py:151} INFO - [2023-10-11T07:14:14.299+0000] {dagbag.py:539} INFO - Filling up the DagBag from /home/airflow/.local/lib/python3.8/site-packages/airflow/example_dags/tutorial_taskflow_api_virtualenv.py
[2023-10-11T07:14:14.305+0000] {processor.py:839} INFO - DAG(s) dict_keys(['tutorial_taskflow_api_virtualenv']) retrieved from /home/airflow/.local/lib/python3.8/site-packages/airflow/example_dags/tutorial_taskflow_api_virtualenv.py
[2023-10-11T07:14:14.318+0000] {logging_mixin.py:151} INFO - [2023-10-11T07:14:14.318+0000] {dag.py:2915} INFO - Sync 1 DAGs
[2023-10-11T07:14:14.328+0000] {logging_mixin.py:151} INFO - [2023-10-11T07:14:14.328+0000] {dag.py:3696} INFO - Setting next_dagrun for tutorial_taskflow_api_virtualenv to None, run_after=None
[2023-10-11T07:14:14.340+0000] {processor.py:179} INFO - Processing /home/airflow/.local/lib/python3.8/site-packages/airflow/example_dags/tutorial_taskflow_api_virtualenv.py took 0.046 seconds
[2023-10-11T07:14:44.725+0000] {processor.py:157} INFO - Started process (PID=6505) to work on /home/airflow/.local/lib/python3.8/site-packages/airflow/example_dags/tutorial_taskflow_api_virtualenv.py
[2023-10-11T07:14:44.726+0000] {processor.py:829} INFO - Processing file /home/airflow/.local/lib/python3.8/site-packages/airflow/example_dags/tutorial_taskflow_api_virtualenv.py for tasks to queue
[2023-10-11T07:14:44.727+0000] {logging_mixin.py:151} INFO - [2023-10-11T07:14:44.727+0000] {dagbag.py:539} INFO - Filling up the DagBag from /home/airflow/.local/lib/python3.8/site-packages/airflow/example_dags/tutorial_taskflow_api_virtualenv.py
[2023-10-11T07:14:44.732+0000] {processor.py:839} INFO - DAG(s) dict_keys(['tutorial_taskflow_api_virtualenv']) retrieved from /home/airflow/.local/lib/python3.8/site-packages/airflow/example_dags/tutorial_taskflow_api_virtualenv.py
[2023-10-11T07:14:44.749+0000] {logging_mixin.py:151} INFO - [2023-10-11T07:14:44.749+0000] {dag.py:2915} INFO - Sync 1 DAGs
[2023-10-11T07:14:44.782+0000] {logging_mixin.py:151} INFO - [2023-10-11T07:14:44.782+0000] {dag.py:3696} INFO - Setting next_dagrun for tutorial_taskflow_api_virtualenv to None, run_after=None
[2023-10-11T07:14:44.801+0000] {processor.py:179} INFO - Processing /home/airflow/.local/lib/python3.8/site-packages/airflow/example_dags/tutorial_taskflow_api_virtualenv.py took 0.078 seconds
[2023-10-11T07:15:15.181+0000] {processor.py:157} INFO - Started process (PID=6748) to work on /home/airflow/.local/lib/python3.8/site-packages/airflow/example_dags/tutorial_taskflow_api_virtualenv.py
[2023-10-11T07:15:15.182+0000] {processor.py:829} INFO - Processing file /home/airflow/.local/lib/python3.8/site-packages/airflow/example_dags/tutorial_taskflow_api_virtualenv.py for tasks to queue
[2023-10-11T07:15:15.183+0000] {logging_mixin.py:151} INFO - [2023-10-11T07:15:15.183+0000] {dagbag.py:539} INFO - Filling up the DagBag from /home/airflow/.local/lib/python3.8/site-packages/airflow/example_dags/tutorial_taskflow_api_virtualenv.py
[2023-10-11T07:15:15.188+0000] {processor.py:839} INFO - DAG(s) dict_keys(['tutorial_taskflow_api_virtualenv']) retrieved from /home/airflow/.local/lib/python3.8/site-packages/airflow/example_dags/tutorial_taskflow_api_virtualenv.py
[2023-10-11T07:15:15.204+0000] {logging_mixin.py:151} INFO - [2023-10-11T07:15:15.204+0000] {dag.py:2915} INFO - Sync 1 DAGs
[2023-10-11T07:15:15.212+0000] {logging_mixin.py:151} INFO - [2023-10-11T07:15:15.212+0000] {dag.py:3696} INFO - Setting next_dagrun for tutorial_taskflow_api_virtualenv to None, run_after=None
[2023-10-11T07:15:15.222+0000] {processor.py:179} INFO - Processing /home/airflow/.local/lib/python3.8/site-packages/airflow/example_dags/tutorial_taskflow_api_virtualenv.py took 0.043 seconds
[2023-10-11T07:15:45.841+0000] {processor.py:157} INFO - Started process (PID=6991) to work on /home/airflow/.local/lib/python3.8/site-packages/airflow/example_dags/tutorial_taskflow_api_virtualenv.py
[2023-10-11T07:15:45.842+0000] {processor.py:829} INFO - Processing file /home/airflow/.local/lib/python3.8/site-packages/airflow/example_dags/tutorial_taskflow_api_virtualenv.py for tasks to queue
[2023-10-11T07:15:45.842+0000] {logging_mixin.py:151} INFO - [2023-10-11T07:15:45.842+0000] {dagbag.py:539} INFO - Filling up the DagBag from /home/airflow/.local/lib/python3.8/site-packages/airflow/example_dags/tutorial_taskflow_api_virtualenv.py
[2023-10-11T07:15:45.849+0000] {processor.py:839} INFO - DAG(s) dict_keys(['tutorial_taskflow_api_virtualenv']) retrieved from /home/airflow/.local/lib/python3.8/site-packages/airflow/example_dags/tutorial_taskflow_api_virtualenv.py
[2023-10-11T07:15:45.898+0000] {logging_mixin.py:151} INFO - [2023-10-11T07:15:45.897+0000] {dag.py:2915} INFO - Sync 1 DAGs
[2023-10-11T07:15:45.912+0000] {logging_mixin.py:151} INFO - [2023-10-11T07:15:45.912+0000] {dag.py:3696} INFO - Setting next_dagrun for tutorial_taskflow_api_virtualenv to None, run_after=None
[2023-10-11T07:15:45.928+0000] {processor.py:179} INFO - Processing /home/airflow/.local/lib/python3.8/site-packages/airflow/example_dags/tutorial_taskflow_api_virtualenv.py took 0.090 seconds
[2023-10-11T07:16:16.443+0000] {processor.py:157} INFO - Started process (PID=7234) to work on /home/airflow/.local/lib/python3.8/site-packages/airflow/example_dags/tutorial_taskflow_api_virtualenv.py
[2023-10-11T07:16:16.443+0000] {processor.py:829} INFO - Processing file /home/airflow/.local/lib/python3.8/site-packages/airflow/example_dags/tutorial_taskflow_api_virtualenv.py for tasks to queue
[2023-10-11T07:16:16.446+0000] {logging_mixin.py:151} INFO - [2023-10-11T07:16:16.446+0000] {dagbag.py:539} INFO - Filling up the DagBag from /home/airflow/.local/lib/python3.8/site-packages/airflow/example_dags/tutorial_taskflow_api_virtualenv.py
[2023-10-11T07:16:16.453+0000] {processor.py:839} INFO - DAG(s) dict_keys(['tutorial_taskflow_api_virtualenv']) retrieved from /home/airflow/.local/lib/python3.8/site-packages/airflow/example_dags/tutorial_taskflow_api_virtualenv.py
[2023-10-11T07:16:16.481+0000] {logging_mixin.py:151} INFO - [2023-10-11T07:16:16.481+0000] {dag.py:2915} INFO - Sync 1 DAGs
[2023-10-11T07:16:16.487+0000] {logging_mixin.py:151} INFO - [2023-10-11T07:16:16.487+0000] {dag.py:3696} INFO - Setting next_dagrun for tutorial_taskflow_api_virtualenv to None, run_after=None
[2023-10-11T07:16:16.496+0000] {processor.py:179} INFO - Processing /home/airflow/.local/lib/python3.8/site-packages/airflow/example_dags/tutorial_taskflow_api_virtualenv.py took 0.055 seconds
[2023-10-11T07:16:47.457+0000] {processor.py:157} INFO - Started process (PID=7477) to work on /home/airflow/.local/lib/python3.8/site-packages/airflow/example_dags/tutorial_taskflow_api_virtualenv.py
[2023-10-11T07:16:47.460+0000] {processor.py:829} INFO - Processing file /home/airflow/.local/lib/python3.8/site-packages/airflow/example_dags/tutorial_taskflow_api_virtualenv.py for tasks to queue
[2023-10-11T07:16:47.464+0000] {logging_mixin.py:151} INFO - [2023-10-11T07:16:47.462+0000] {dagbag.py:539} INFO - Filling up the DagBag from /home/airflow/.local/lib/python3.8/site-packages/airflow/example_dags/tutorial_taskflow_api_virtualenv.py
[2023-10-11T07:16:47.488+0000] {processor.py:839} INFO - DAG(s) dict_keys(['tutorial_taskflow_api_virtualenv']) retrieved from /home/airflow/.local/lib/python3.8/site-packages/airflow/example_dags/tutorial_taskflow_api_virtualenv.py
[2023-10-11T07:16:47.525+0000] {logging_mixin.py:151} INFO - [2023-10-11T07:16:47.525+0000] {dag.py:2915} INFO - Sync 1 DAGs
[2023-10-11T07:16:47.628+0000] {logging_mixin.py:151} INFO - [2023-10-11T07:16:47.627+0000] {dag.py:3696} INFO - Setting next_dagrun for tutorial_taskflow_api_virtualenv to None, run_after=None
[2023-10-11T07:16:47.656+0000] {processor.py:179} INFO - Processing /home/airflow/.local/lib/python3.8/site-packages/airflow/example_dags/tutorial_taskflow_api_virtualenv.py took 0.212 seconds
[2023-10-11T07:17:17.816+0000] {processor.py:157} INFO - Started process (PID=7720) to work on /home/airflow/.local/lib/python3.8/site-packages/airflow/example_dags/tutorial_taskflow_api_virtualenv.py
[2023-10-11T07:17:17.817+0000] {processor.py:829} INFO - Processing file /home/airflow/.local/lib/python3.8/site-packages/airflow/example_dags/tutorial_taskflow_api_virtualenv.py for tasks to queue
[2023-10-11T07:17:17.817+0000] {logging_mixin.py:151} INFO - [2023-10-11T07:17:17.817+0000] {dagbag.py:539} INFO - Filling up the DagBag from /home/airflow/.local/lib/python3.8/site-packages/airflow/example_dags/tutorial_taskflow_api_virtualenv.py
[2023-10-11T07:17:17.823+0000] {processor.py:839} INFO - DAG(s) dict_keys(['tutorial_taskflow_api_virtualenv']) retrieved from /home/airflow/.local/lib/python3.8/site-packages/airflow/example_dags/tutorial_taskflow_api_virtualenv.py
[2023-10-11T07:17:17.840+0000] {logging_mixin.py:151} INFO - [2023-10-11T07:17:17.840+0000] {dag.py:2915} INFO - Sync 1 DAGs
[2023-10-11T07:17:17.869+0000] {logging_mixin.py:151} INFO - [2023-10-11T07:17:17.868+0000] {dag.py:3696} INFO - Setting next_dagrun for tutorial_taskflow_api_virtualenv to None, run_after=None
[2023-10-11T07:17:17.893+0000] {processor.py:179} INFO - Processing /home/airflow/.local/lib/python3.8/site-packages/airflow/example_dags/tutorial_taskflow_api_virtualenv.py took 0.080 seconds
[2023-10-11T07:17:48.283+0000] {processor.py:157} INFO - Started process (PID=7963) to work on /home/airflow/.local/lib/python3.8/site-packages/airflow/example_dags/tutorial_taskflow_api_virtualenv.py
[2023-10-11T07:17:48.284+0000] {processor.py:829} INFO - Processing file /home/airflow/.local/lib/python3.8/site-packages/airflow/example_dags/tutorial_taskflow_api_virtualenv.py for tasks to queue
[2023-10-11T07:17:48.286+0000] {logging_mixin.py:151} INFO - [2023-10-11T07:17:48.285+0000] {dagbag.py:539} INFO - Filling up the DagBag from /home/airflow/.local/lib/python3.8/site-packages/airflow/example_dags/tutorial_taskflow_api_virtualenv.py
[2023-10-11T07:17:48.296+0000] {processor.py:839} INFO - DAG(s) dict_keys(['tutorial_taskflow_api_virtualenv']) retrieved from /home/airflow/.local/lib/python3.8/site-packages/airflow/example_dags/tutorial_taskflow_api_virtualenv.py
[2023-10-11T07:17:48.323+0000] {logging_mixin.py:151} INFO - [2023-10-11T07:17:48.323+0000] {dag.py:2915} INFO - Sync 1 DAGs
[2023-10-11T07:17:48.341+0000] {logging_mixin.py:151} INFO - [2023-10-11T07:17:48.341+0000] {dag.py:3696} INFO - Setting next_dagrun for tutorial_taskflow_api_virtualenv to None, run_after=None
[2023-10-11T07:17:48.400+0000] {processor.py:179} INFO - Processing /home/airflow/.local/lib/python3.8/site-packages/airflow/example_dags/tutorial_taskflow_api_virtualenv.py took 0.122 seconds
[2023-10-11T07:18:19.039+0000] {processor.py:157} INFO - Started process (PID=8206) to work on /home/airflow/.local/lib/python3.8/site-packages/airflow/example_dags/tutorial_taskflow_api_virtualenv.py
[2023-10-11T07:18:19.040+0000] {processor.py:829} INFO - Processing file /home/airflow/.local/lib/python3.8/site-packages/airflow/example_dags/tutorial_taskflow_api_virtualenv.py for tasks to queue
[2023-10-11T07:18:19.041+0000] {logging_mixin.py:151} INFO - [2023-10-11T07:18:19.041+0000] {dagbag.py:539} INFO - Filling up the DagBag from /home/airflow/.local/lib/python3.8/site-packages/airflow/example_dags/tutorial_taskflow_api_virtualenv.py
[2023-10-11T07:18:19.074+0000] {processor.py:839} INFO - DAG(s) dict_keys(['tutorial_taskflow_api_virtualenv']) retrieved from /home/airflow/.local/lib/python3.8/site-packages/airflow/example_dags/tutorial_taskflow_api_virtualenv.py
[2023-10-11T07:18:19.110+0000] {logging_mixin.py:151} INFO - [2023-10-11T07:18:19.109+0000] {dag.py:2915} INFO - Sync 1 DAGs
[2023-10-11T07:18:19.124+0000] {logging_mixin.py:151} INFO - [2023-10-11T07:18:19.124+0000] {dag.py:3696} INFO - Setting next_dagrun for tutorial_taskflow_api_virtualenv to None, run_after=None
[2023-10-11T07:18:19.141+0000] {processor.py:179} INFO - Processing /home/airflow/.local/lib/python3.8/site-packages/airflow/example_dags/tutorial_taskflow_api_virtualenv.py took 0.106 seconds
[2023-10-11T07:18:49.542+0000] {processor.py:157} INFO - Started process (PID=8449) to work on /home/airflow/.local/lib/python3.8/site-packages/airflow/example_dags/tutorial_taskflow_api_virtualenv.py
[2023-10-11T07:18:49.555+0000] {processor.py:829} INFO - Processing file /home/airflow/.local/lib/python3.8/site-packages/airflow/example_dags/tutorial_taskflow_api_virtualenv.py for tasks to queue
[2023-10-11T07:18:49.564+0000] {logging_mixin.py:151} INFO - [2023-10-11T07:18:49.564+0000] {dagbag.py:539} INFO - Filling up the DagBag from /home/airflow/.local/lib/python3.8/site-packages/airflow/example_dags/tutorial_taskflow_api_virtualenv.py
[2023-10-11T07:18:49.577+0000] {processor.py:839} INFO - DAG(s) dict_keys(['tutorial_taskflow_api_virtualenv']) retrieved from /home/airflow/.local/lib/python3.8/site-packages/airflow/example_dags/tutorial_taskflow_api_virtualenv.py
[2023-10-11T07:18:49.598+0000] {logging_mixin.py:151} INFO - [2023-10-11T07:18:49.598+0000] {dag.py:2915} INFO - Sync 1 DAGs
[2023-10-11T07:18:49.609+0000] {logging_mixin.py:151} INFO - [2023-10-11T07:18:49.609+0000] {dag.py:3696} INFO - Setting next_dagrun for tutorial_taskflow_api_virtualenv to None, run_after=None
[2023-10-11T07:18:49.626+0000] {processor.py:179} INFO - Processing /home/airflow/.local/lib/python3.8/site-packages/airflow/example_dags/tutorial_taskflow_api_virtualenv.py took 0.087 seconds
[2023-10-11T07:19:19.776+0000] {processor.py:157} INFO - Started process (PID=8692) to work on /home/airflow/.local/lib/python3.8/site-packages/airflow/example_dags/tutorial_taskflow_api_virtualenv.py
[2023-10-11T07:19:19.777+0000] {processor.py:829} INFO - Processing file /home/airflow/.local/lib/python3.8/site-packages/airflow/example_dags/tutorial_taskflow_api_virtualenv.py for tasks to queue
[2023-10-11T07:19:19.777+0000] {logging_mixin.py:151} INFO - [2023-10-11T07:19:19.777+0000] {dagbag.py:539} INFO - Filling up the DagBag from /home/airflow/.local/lib/python3.8/site-packages/airflow/example_dags/tutorial_taskflow_api_virtualenv.py
[2023-10-11T07:19:19.782+0000] {processor.py:839} INFO - DAG(s) dict_keys(['tutorial_taskflow_api_virtualenv']) retrieved from /home/airflow/.local/lib/python3.8/site-packages/airflow/example_dags/tutorial_taskflow_api_virtualenv.py
[2023-10-11T07:19:19.799+0000] {logging_mixin.py:151} INFO - [2023-10-11T07:19:19.799+0000] {dag.py:2915} INFO - Sync 1 DAGs
[2023-10-11T07:19:19.809+0000] {logging_mixin.py:151} INFO - [2023-10-11T07:19:19.809+0000] {dag.py:3696} INFO - Setting next_dagrun for tutorial_taskflow_api_virtualenv to None, run_after=None
[2023-10-11T07:19:19.818+0000] {processor.py:179} INFO - Processing /home/airflow/.local/lib/python3.8/site-packages/airflow/example_dags/tutorial_taskflow_api_virtualenv.py took 0.045 seconds
[2023-10-11T07:19:50.418+0000] {processor.py:157} INFO - Started process (PID=8935) to work on /home/airflow/.local/lib/python3.8/site-packages/airflow/example_dags/tutorial_taskflow_api_virtualenv.py
[2023-10-11T07:19:50.419+0000] {processor.py:829} INFO - Processing file /home/airflow/.local/lib/python3.8/site-packages/airflow/example_dags/tutorial_taskflow_api_virtualenv.py for tasks to queue
[2023-10-11T07:19:50.420+0000] {logging_mixin.py:151} INFO - [2023-10-11T07:19:50.420+0000] {dagbag.py:539} INFO - Filling up the DagBag from /home/airflow/.local/lib/python3.8/site-packages/airflow/example_dags/tutorial_taskflow_api_virtualenv.py
[2023-10-11T07:19:50.427+0000] {processor.py:839} INFO - DAG(s) dict_keys(['tutorial_taskflow_api_virtualenv']) retrieved from /home/airflow/.local/lib/python3.8/site-packages/airflow/example_dags/tutorial_taskflow_api_virtualenv.py
[2023-10-11T07:19:50.479+0000] {logging_mixin.py:151} INFO - [2023-10-11T07:19:50.479+0000] {dag.py:2915} INFO - Sync 1 DAGs
[2023-10-11T07:19:50.492+0000] {logging_mixin.py:151} INFO - [2023-10-11T07:19:50.492+0000] {dag.py:3696} INFO - Setting next_dagrun for tutorial_taskflow_api_virtualenv to None, run_after=None
[2023-10-11T07:19:50.510+0000] {processor.py:179} INFO - Processing /home/airflow/.local/lib/python3.8/site-packages/airflow/example_dags/tutorial_taskflow_api_virtualenv.py took 0.095 seconds
[2023-10-11T07:20:20.819+0000] {processor.py:157} INFO - Started process (PID=9178) to work on /home/airflow/.local/lib/python3.8/site-packages/airflow/example_dags/tutorial_taskflow_api_virtualenv.py
[2023-10-11T07:20:20.820+0000] {processor.py:829} INFO - Processing file /home/airflow/.local/lib/python3.8/site-packages/airflow/example_dags/tutorial_taskflow_api_virtualenv.py for tasks to queue
[2023-10-11T07:20:20.821+0000] {logging_mixin.py:151} INFO - [2023-10-11T07:20:20.821+0000] {dagbag.py:539} INFO - Filling up the DagBag from /home/airflow/.local/lib/python3.8/site-packages/airflow/example_dags/tutorial_taskflow_api_virtualenv.py
[2023-10-11T07:20:20.829+0000] {processor.py:839} INFO - DAG(s) dict_keys(['tutorial_taskflow_api_virtualenv']) retrieved from /home/airflow/.local/lib/python3.8/site-packages/airflow/example_dags/tutorial_taskflow_api_virtualenv.py
[2023-10-11T07:20:20.873+0000] {logging_mixin.py:151} INFO - [2023-10-11T07:20:20.873+0000] {dag.py:2915} INFO - Sync 1 DAGs
[2023-10-11T07:20:20.886+0000] {logging_mixin.py:151} INFO - [2023-10-11T07:20:20.886+0000] {dag.py:3696} INFO - Setting next_dagrun for tutorial_taskflow_api_virtualenv to None, run_after=None
[2023-10-11T07:20:20.902+0000] {processor.py:179} INFO - Processing /home/airflow/.local/lib/python3.8/site-packages/airflow/example_dags/tutorial_taskflow_api_virtualenv.py took 0.086 seconds
[2023-10-11T07:20:51.593+0000] {processor.py:157} INFO - Started process (PID=9421) to work on /home/airflow/.local/lib/python3.8/site-packages/airflow/example_dags/tutorial_taskflow_api_virtualenv.py
[2023-10-11T07:20:51.594+0000] {processor.py:829} INFO - Processing file /home/airflow/.local/lib/python3.8/site-packages/airflow/example_dags/tutorial_taskflow_api_virtualenv.py for tasks to queue
[2023-10-11T07:20:51.595+0000] {logging_mixin.py:151} INFO - [2023-10-11T07:20:51.595+0000] {dagbag.py:539} INFO - Filling up the DagBag from /home/airflow/.local/lib/python3.8/site-packages/airflow/example_dags/tutorial_taskflow_api_virtualenv.py
[2023-10-11T07:20:51.605+0000] {processor.py:839} INFO - DAG(s) dict_keys(['tutorial_taskflow_api_virtualenv']) retrieved from /home/airflow/.local/lib/python3.8/site-packages/airflow/example_dags/tutorial_taskflow_api_virtualenv.py
[2023-10-11T07:20:51.636+0000] {logging_mixin.py:151} INFO - [2023-10-11T07:20:51.635+0000] {dag.py:2915} INFO - Sync 1 DAGs
[2023-10-11T07:20:51.660+0000] {logging_mixin.py:151} INFO - [2023-10-11T07:20:51.660+0000] {dag.py:3696} INFO - Setting next_dagrun for tutorial_taskflow_api_virtualenv to None, run_after=None
[2023-10-11T07:20:51.685+0000] {processor.py:179} INFO - Processing /home/airflow/.local/lib/python3.8/site-packages/airflow/example_dags/tutorial_taskflow_api_virtualenv.py took 0.096 seconds
[2023-10-11T07:21:21.721+0000] {processor.py:157} INFO - Started process (PID=9664) to work on /home/airflow/.local/lib/python3.8/site-packages/airflow/example_dags/tutorial_taskflow_api_virtualenv.py
[2023-10-11T07:21:21.723+0000] {processor.py:829} INFO - Processing file /home/airflow/.local/lib/python3.8/site-packages/airflow/example_dags/tutorial_taskflow_api_virtualenv.py for tasks to queue
[2023-10-11T07:21:21.724+0000] {logging_mixin.py:151} INFO - [2023-10-11T07:21:21.724+0000] {dagbag.py:539} INFO - Filling up the DagBag from /home/airflow/.local/lib/python3.8/site-packages/airflow/example_dags/tutorial_taskflow_api_virtualenv.py
[2023-10-11T07:21:21.731+0000] {processor.py:839} INFO - DAG(s) dict_keys(['tutorial_taskflow_api_virtualenv']) retrieved from /home/airflow/.local/lib/python3.8/site-packages/airflow/example_dags/tutorial_taskflow_api_virtualenv.py
[2023-10-11T07:21:21.751+0000] {logging_mixin.py:151} INFO - [2023-10-11T07:21:21.750+0000] {dag.py:2915} INFO - Sync 1 DAGs
[2023-10-11T07:21:21.759+0000] {logging_mixin.py:151} INFO - [2023-10-11T07:21:21.759+0000] {dag.py:3696} INFO - Setting next_dagrun for tutorial_taskflow_api_virtualenv to None, run_after=None
[2023-10-11T07:21:21.785+0000] {processor.py:179} INFO - Processing /home/airflow/.local/lib/python3.8/site-packages/airflow/example_dags/tutorial_taskflow_api_virtualenv.py took 0.067 seconds
[2023-10-11T07:21:52.346+0000] {processor.py:157} INFO - Started process (PID=9907) to work on /home/airflow/.local/lib/python3.8/site-packages/airflow/example_dags/tutorial_taskflow_api_virtualenv.py
[2023-10-11T07:21:52.348+0000] {processor.py:829} INFO - Processing file /home/airflow/.local/lib/python3.8/site-packages/airflow/example_dags/tutorial_taskflow_api_virtualenv.py for tasks to queue
[2023-10-11T07:21:52.349+0000] {logging_mixin.py:151} INFO - [2023-10-11T07:21:52.349+0000] {dagbag.py:539} INFO - Filling up the DagBag from /home/airflow/.local/lib/python3.8/site-packages/airflow/example_dags/tutorial_taskflow_api_virtualenv.py
[2023-10-11T07:21:52.358+0000] {processor.py:839} INFO - DAG(s) dict_keys(['tutorial_taskflow_api_virtualenv']) retrieved from /home/airflow/.local/lib/python3.8/site-packages/airflow/example_dags/tutorial_taskflow_api_virtualenv.py
[2023-10-11T07:21:52.391+0000] {logging_mixin.py:151} INFO - [2023-10-11T07:21:52.390+0000] {dag.py:2915} INFO - Sync 1 DAGs
[2023-10-11T07:21:52.410+0000] {logging_mixin.py:151} INFO - [2023-10-11T07:21:52.409+0000] {dag.py:3696} INFO - Setting next_dagrun for tutorial_taskflow_api_virtualenv to None, run_after=None
[2023-10-11T07:21:52.433+0000] {processor.py:179} INFO - Processing /home/airflow/.local/lib/python3.8/site-packages/airflow/example_dags/tutorial_taskflow_api_virtualenv.py took 0.091 seconds
[2023-10-11T07:22:22.597+0000] {processor.py:157} INFO - Started process (PID=10150) to work on /home/airflow/.local/lib/python3.8/site-packages/airflow/example_dags/tutorial_taskflow_api_virtualenv.py
[2023-10-11T07:22:22.598+0000] {processor.py:829} INFO - Processing file /home/airflow/.local/lib/python3.8/site-packages/airflow/example_dags/tutorial_taskflow_api_virtualenv.py for tasks to queue
[2023-10-11T07:22:22.598+0000] {logging_mixin.py:151} INFO - [2023-10-11T07:22:22.598+0000] {dagbag.py:539} INFO - Filling up the DagBag from /home/airflow/.local/lib/python3.8/site-packages/airflow/example_dags/tutorial_taskflow_api_virtualenv.py
[2023-10-11T07:22:22.604+0000] {processor.py:839} INFO - DAG(s) dict_keys(['tutorial_taskflow_api_virtualenv']) retrieved from /home/airflow/.local/lib/python3.8/site-packages/airflow/example_dags/tutorial_taskflow_api_virtualenv.py
[2023-10-11T07:22:22.624+0000] {logging_mixin.py:151} INFO - [2023-10-11T07:22:22.624+0000] {dag.py:2915} INFO - Sync 1 DAGs
[2023-10-11T07:22:22.637+0000] {logging_mixin.py:151} INFO - [2023-10-11T07:22:22.637+0000] {dag.py:3696} INFO - Setting next_dagrun for tutorial_taskflow_api_virtualenv to None, run_after=None
[2023-10-11T07:22:22.674+0000] {processor.py:179} INFO - Processing /home/airflow/.local/lib/python3.8/site-packages/airflow/example_dags/tutorial_taskflow_api_virtualenv.py took 0.080 seconds
[2023-10-11T07:22:52.836+0000] {processor.py:157} INFO - Started process (PID=10393) to work on /home/airflow/.local/lib/python3.8/site-packages/airflow/example_dags/tutorial_taskflow_api_virtualenv.py
[2023-10-11T07:22:52.837+0000] {processor.py:829} INFO - Processing file /home/airflow/.local/lib/python3.8/site-packages/airflow/example_dags/tutorial_taskflow_api_virtualenv.py for tasks to queue
[2023-10-11T07:22:52.837+0000] {logging_mixin.py:151} INFO - [2023-10-11T07:22:52.837+0000] {dagbag.py:539} INFO - Filling up the DagBag from /home/airflow/.local/lib/python3.8/site-packages/airflow/example_dags/tutorial_taskflow_api_virtualenv.py
[2023-10-11T07:22:52.842+0000] {processor.py:839} INFO - DAG(s) dict_keys(['tutorial_taskflow_api_virtualenv']) retrieved from /home/airflow/.local/lib/python3.8/site-packages/airflow/example_dags/tutorial_taskflow_api_virtualenv.py
[2023-10-11T07:22:52.885+0000] {logging_mixin.py:151} INFO - [2023-10-11T07:22:52.885+0000] {dag.py:2915} INFO - Sync 1 DAGs
[2023-10-11T07:22:52.894+0000] {logging_mixin.py:151} INFO - [2023-10-11T07:22:52.894+0000] {dag.py:3696} INFO - Setting next_dagrun for tutorial_taskflow_api_virtualenv to None, run_after=None
[2023-10-11T07:22:52.910+0000] {processor.py:179} INFO - Processing /home/airflow/.local/lib/python3.8/site-packages/airflow/example_dags/tutorial_taskflow_api_virtualenv.py took 0.077 seconds
[2023-10-11T07:23:23.074+0000] {processor.py:157} INFO - Started process (PID=10636) to work on /home/airflow/.local/lib/python3.8/site-packages/airflow/example_dags/tutorial_taskflow_api_virtualenv.py
[2023-10-11T07:23:23.076+0000] {processor.py:829} INFO - Processing file /home/airflow/.local/lib/python3.8/site-packages/airflow/example_dags/tutorial_taskflow_api_virtualenv.py for tasks to queue
[2023-10-11T07:23:23.077+0000] {logging_mixin.py:151} INFO - [2023-10-11T07:23:23.077+0000] {dagbag.py:539} INFO - Filling up the DagBag from /home/airflow/.local/lib/python3.8/site-packages/airflow/example_dags/tutorial_taskflow_api_virtualenv.py
[2023-10-11T07:23:23.086+0000] {processor.py:839} INFO - DAG(s) dict_keys(['tutorial_taskflow_api_virtualenv']) retrieved from /home/airflow/.local/lib/python3.8/site-packages/airflow/example_dags/tutorial_taskflow_api_virtualenv.py
[2023-10-11T07:23:23.121+0000] {logging_mixin.py:151} INFO - [2023-10-11T07:23:23.121+0000] {dag.py:2915} INFO - Sync 1 DAGs
[2023-10-11T07:23:23.131+0000] {logging_mixin.py:151} INFO - [2023-10-11T07:23:23.131+0000] {dag.py:3696} INFO - Setting next_dagrun for tutorial_taskflow_api_virtualenv to None, run_after=None
[2023-10-11T07:23:23.143+0000] {processor.py:179} INFO - Processing /home/airflow/.local/lib/python3.8/site-packages/airflow/example_dags/tutorial_taskflow_api_virtualenv.py took 0.076 seconds
[2023-10-11T07:23:53.206+0000] {processor.py:157} INFO - Started process (PID=10879) to work on /home/airflow/.local/lib/python3.8/site-packages/airflow/example_dags/tutorial_taskflow_api_virtualenv.py
[2023-10-11T07:23:53.208+0000] {processor.py:829} INFO - Processing file /home/airflow/.local/lib/python3.8/site-packages/airflow/example_dags/tutorial_taskflow_api_virtualenv.py for tasks to queue
[2023-10-11T07:23:53.208+0000] {logging_mixin.py:151} INFO - [2023-10-11T07:23:53.208+0000] {dagbag.py:539} INFO - Filling up the DagBag from /home/airflow/.local/lib/python3.8/site-packages/airflow/example_dags/tutorial_taskflow_api_virtualenv.py
[2023-10-11T07:23:53.215+0000] {processor.py:839} INFO - DAG(s) dict_keys(['tutorial_taskflow_api_virtualenv']) retrieved from /home/airflow/.local/lib/python3.8/site-packages/airflow/example_dags/tutorial_taskflow_api_virtualenv.py
[2023-10-11T07:23:53.233+0000] {logging_mixin.py:151} INFO - [2023-10-11T07:23:53.232+0000] {dag.py:2915} INFO - Sync 1 DAGs
[2023-10-11T07:23:53.242+0000] {logging_mixin.py:151} INFO - [2023-10-11T07:23:53.242+0000] {dag.py:3696} INFO - Setting next_dagrun for tutorial_taskflow_api_virtualenv to None, run_after=None
[2023-10-11T07:23:53.275+0000] {processor.py:179} INFO - Processing /home/airflow/.local/lib/python3.8/site-packages/airflow/example_dags/tutorial_taskflow_api_virtualenv.py took 0.073 seconds
[2023-10-11T07:24:23.687+0000] {processor.py:157} INFO - Started process (PID=11122) to work on /home/airflow/.local/lib/python3.8/site-packages/airflow/example_dags/tutorial_taskflow_api_virtualenv.py
[2023-10-11T07:24:23.688+0000] {processor.py:829} INFO - Processing file /home/airflow/.local/lib/python3.8/site-packages/airflow/example_dags/tutorial_taskflow_api_virtualenv.py for tasks to queue
[2023-10-11T07:24:23.690+0000] {logging_mixin.py:151} INFO - [2023-10-11T07:24:23.689+0000] {dagbag.py:539} INFO - Filling up the DagBag from /home/airflow/.local/lib/python3.8/site-packages/airflow/example_dags/tutorial_taskflow_api_virtualenv.py
[2023-10-11T07:24:23.699+0000] {processor.py:839} INFO - DAG(s) dict_keys(['tutorial_taskflow_api_virtualenv']) retrieved from /home/airflow/.local/lib/python3.8/site-packages/airflow/example_dags/tutorial_taskflow_api_virtualenv.py
[2023-10-11T07:24:23.730+0000] {logging_mixin.py:151} INFO - [2023-10-11T07:24:23.729+0000] {dag.py:2915} INFO - Sync 1 DAGs
[2023-10-11T07:24:23.741+0000] {logging_mixin.py:151} INFO - [2023-10-11T07:24:23.741+0000] {dag.py:3696} INFO - Setting next_dagrun for tutorial_taskflow_api_virtualenv to None, run_after=None
[2023-10-11T07:24:23.769+0000] {processor.py:179} INFO - Processing /home/airflow/.local/lib/python3.8/site-packages/airflow/example_dags/tutorial_taskflow_api_virtualenv.py took 0.085 seconds
[2023-10-11T07:24:53.824+0000] {processor.py:157} INFO - Started process (PID=11365) to work on /home/airflow/.local/lib/python3.8/site-packages/airflow/example_dags/tutorial_taskflow_api_virtualenv.py
[2023-10-11T07:24:53.825+0000] {processor.py:829} INFO - Processing file /home/airflow/.local/lib/python3.8/site-packages/airflow/example_dags/tutorial_taskflow_api_virtualenv.py for tasks to queue
[2023-10-11T07:24:53.826+0000] {logging_mixin.py:151} INFO - [2023-10-11T07:24:53.826+0000] {dagbag.py:539} INFO - Filling up the DagBag from /home/airflow/.local/lib/python3.8/site-packages/airflow/example_dags/tutorial_taskflow_api_virtualenv.py
[2023-10-11T07:24:53.833+0000] {processor.py:839} INFO - DAG(s) dict_keys(['tutorial_taskflow_api_virtualenv']) retrieved from /home/airflow/.local/lib/python3.8/site-packages/airflow/example_dags/tutorial_taskflow_api_virtualenv.py
[2023-10-11T07:24:53.868+0000] {logging_mixin.py:151} INFO - [2023-10-11T07:24:53.868+0000] {dag.py:2915} INFO - Sync 1 DAGs
[2023-10-11T07:24:53.878+0000] {logging_mixin.py:151} INFO - [2023-10-11T07:24:53.878+0000] {dag.py:3696} INFO - Setting next_dagrun for tutorial_taskflow_api_virtualenv to None, run_after=None
[2023-10-11T07:24:53.889+0000] {processor.py:179} INFO - Processing /home/airflow/.local/lib/python3.8/site-packages/airflow/example_dags/tutorial_taskflow_api_virtualenv.py took 0.068 seconds
[2023-10-11T07:25:24.098+0000] {processor.py:157} INFO - Started process (PID=11608) to work on /home/airflow/.local/lib/python3.8/site-packages/airflow/example_dags/tutorial_taskflow_api_virtualenv.py
[2023-10-11T07:25:24.101+0000] {processor.py:829} INFO - Processing file /home/airflow/.local/lib/python3.8/site-packages/airflow/example_dags/tutorial_taskflow_api_virtualenv.py for tasks to queue
[2023-10-11T07:25:24.102+0000] {logging_mixin.py:151} INFO - [2023-10-11T07:25:24.102+0000] {dagbag.py:539} INFO - Filling up the DagBag from /home/airflow/.local/lib/python3.8/site-packages/airflow/example_dags/tutorial_taskflow_api_virtualenv.py
[2023-10-11T07:25:24.113+0000] {processor.py:839} INFO - DAG(s) dict_keys(['tutorial_taskflow_api_virtualenv']) retrieved from /home/airflow/.local/lib/python3.8/site-packages/airflow/example_dags/tutorial_taskflow_api_virtualenv.py
[2023-10-11T07:25:24.145+0000] {logging_mixin.py:151} INFO - [2023-10-11T07:25:24.145+0000] {dag.py:2915} INFO - Sync 1 DAGs
[2023-10-11T07:25:24.194+0000] {logging_mixin.py:151} INFO - [2023-10-11T07:25:24.194+0000] {dag.py:3696} INFO - Setting next_dagrun for tutorial_taskflow_api_virtualenv to None, run_after=None
[2023-10-11T07:25:24.227+0000] {processor.py:179} INFO - Processing /home/airflow/.local/lib/python3.8/site-packages/airflow/example_dags/tutorial_taskflow_api_virtualenv.py took 0.138 seconds
[2023-10-11T07:25:54.942+0000] {processor.py:157} INFO - Started process (PID=11851) to work on /home/airflow/.local/lib/python3.8/site-packages/airflow/example_dags/tutorial_taskflow_api_virtualenv.py
[2023-10-11T07:25:54.944+0000] {processor.py:829} INFO - Processing file /home/airflow/.local/lib/python3.8/site-packages/airflow/example_dags/tutorial_taskflow_api_virtualenv.py for tasks to queue
[2023-10-11T07:25:54.944+0000] {logging_mixin.py:151} INFO - [2023-10-11T07:25:54.944+0000] {dagbag.py:539} INFO - Filling up the DagBag from /home/airflow/.local/lib/python3.8/site-packages/airflow/example_dags/tutorial_taskflow_api_virtualenv.py
[2023-10-11T07:25:54.952+0000] {processor.py:839} INFO - DAG(s) dict_keys(['tutorial_taskflow_api_virtualenv']) retrieved from /home/airflow/.local/lib/python3.8/site-packages/airflow/example_dags/tutorial_taskflow_api_virtualenv.py
[2023-10-11T07:25:54.977+0000] {logging_mixin.py:151} INFO - [2023-10-11T07:25:54.977+0000] {dag.py:2915} INFO - Sync 1 DAGs
[2023-10-11T07:25:54.986+0000] {logging_mixin.py:151} INFO - [2023-10-11T07:25:54.986+0000] {dag.py:3696} INFO - Setting next_dagrun for tutorial_taskflow_api_virtualenv to None, run_after=None
[2023-10-11T07:25:54.998+0000] {processor.py:179} INFO - Processing /home/airflow/.local/lib/python3.8/site-packages/airflow/example_dags/tutorial_taskflow_api_virtualenv.py took 0.059 seconds
[2023-10-11T07:26:25.409+0000] {processor.py:157} INFO - Started process (PID=12094) to work on /home/airflow/.local/lib/python3.8/site-packages/airflow/example_dags/tutorial_taskflow_api_virtualenv.py
[2023-10-11T07:26:25.410+0000] {processor.py:829} INFO - Processing file /home/airflow/.local/lib/python3.8/site-packages/airflow/example_dags/tutorial_taskflow_api_virtualenv.py for tasks to queue
[2023-10-11T07:26:25.411+0000] {logging_mixin.py:151} INFO - [2023-10-11T07:26:25.411+0000] {dagbag.py:539} INFO - Filling up the DagBag from /home/airflow/.local/lib/python3.8/site-packages/airflow/example_dags/tutorial_taskflow_api_virtualenv.py
[2023-10-11T07:26:25.417+0000] {processor.py:839} INFO - DAG(s) dict_keys(['tutorial_taskflow_api_virtualenv']) retrieved from /home/airflow/.local/lib/python3.8/site-packages/airflow/example_dags/tutorial_taskflow_api_virtualenv.py
[2023-10-11T07:26:25.435+0000] {logging_mixin.py:151} INFO - [2023-10-11T07:26:25.435+0000] {dag.py:2915} INFO - Sync 1 DAGs
[2023-10-11T07:26:25.445+0000] {logging_mixin.py:151} INFO - [2023-10-11T07:26:25.445+0000] {dag.py:3696} INFO - Setting next_dagrun for tutorial_taskflow_api_virtualenv to None, run_after=None
[2023-10-11T07:26:25.477+0000] {processor.py:179} INFO - Processing /home/airflow/.local/lib/python3.8/site-packages/airflow/example_dags/tutorial_taskflow_api_virtualenv.py took 0.070 seconds
[2023-10-11T07:26:55.882+0000] {processor.py:157} INFO - Started process (PID=12335) to work on /home/airflow/.local/lib/python3.8/site-packages/airflow/example_dags/tutorial_taskflow_api_virtualenv.py
[2023-10-11T07:26:55.884+0000] {processor.py:829} INFO - Processing file /home/airflow/.local/lib/python3.8/site-packages/airflow/example_dags/tutorial_taskflow_api_virtualenv.py for tasks to queue
[2023-10-11T07:26:55.886+0000] {logging_mixin.py:151} INFO - [2023-10-11T07:26:55.885+0000] {dagbag.py:539} INFO - Filling up the DagBag from /home/airflow/.local/lib/python3.8/site-packages/airflow/example_dags/tutorial_taskflow_api_virtualenv.py
[2023-10-11T07:26:55.899+0000] {processor.py:839} INFO - DAG(s) dict_keys(['tutorial_taskflow_api_virtualenv']) retrieved from /home/airflow/.local/lib/python3.8/site-packages/airflow/example_dags/tutorial_taskflow_api_virtualenv.py
[2023-10-11T07:26:55.928+0000] {logging_mixin.py:151} INFO - [2023-10-11T07:26:55.927+0000] {dag.py:2915} INFO - Sync 1 DAGs
[2023-10-11T07:26:55.940+0000] {logging_mixin.py:151} INFO - [2023-10-11T07:26:55.940+0000] {dag.py:3696} INFO - Setting next_dagrun for tutorial_taskflow_api_virtualenv to None, run_after=None
[2023-10-11T07:26:55.987+0000] {processor.py:179} INFO - Processing /home/airflow/.local/lib/python3.8/site-packages/airflow/example_dags/tutorial_taskflow_api_virtualenv.py took 0.112 seconds
[2023-10-11T07:27:26.786+0000] {processor.py:157} INFO - Started process (PID=12580) to work on /home/airflow/.local/lib/python3.8/site-packages/airflow/example_dags/tutorial_taskflow_api_virtualenv.py
[2023-10-11T07:27:26.786+0000] {processor.py:829} INFO - Processing file /home/airflow/.local/lib/python3.8/site-packages/airflow/example_dags/tutorial_taskflow_api_virtualenv.py for tasks to queue
[2023-10-11T07:27:26.787+0000] {logging_mixin.py:151} INFO - [2023-10-11T07:27:26.787+0000] {dagbag.py:539} INFO - Filling up the DagBag from /home/airflow/.local/lib/python3.8/site-packages/airflow/example_dags/tutorial_taskflow_api_virtualenv.py
[2023-10-11T07:27:26.791+0000] {processor.py:839} INFO - DAG(s) dict_keys(['tutorial_taskflow_api_virtualenv']) retrieved from /home/airflow/.local/lib/python3.8/site-packages/airflow/example_dags/tutorial_taskflow_api_virtualenv.py
[2023-10-11T07:27:26.804+0000] {logging_mixin.py:151} INFO - [2023-10-11T07:27:26.804+0000] {dag.py:2915} INFO - Sync 1 DAGs
[2023-10-11T07:27:26.811+0000] {logging_mixin.py:151} INFO - [2023-10-11T07:27:26.811+0000] {dag.py:3696} INFO - Setting next_dagrun for tutorial_taskflow_api_virtualenv to None, run_after=None
[2023-10-11T07:27:26.819+0000] {processor.py:179} INFO - Processing /home/airflow/.local/lib/python3.8/site-packages/airflow/example_dags/tutorial_taskflow_api_virtualenv.py took 0.036 seconds
[2023-10-11T07:27:56.927+0000] {processor.py:157} INFO - Started process (PID=12823) to work on /home/airflow/.local/lib/python3.8/site-packages/airflow/example_dags/tutorial_taskflow_api_virtualenv.py
[2023-10-11T07:27:56.928+0000] {processor.py:829} INFO - Processing file /home/airflow/.local/lib/python3.8/site-packages/airflow/example_dags/tutorial_taskflow_api_virtualenv.py for tasks to queue
[2023-10-11T07:27:56.928+0000] {logging_mixin.py:151} INFO - [2023-10-11T07:27:56.928+0000] {dagbag.py:539} INFO - Filling up the DagBag from /home/airflow/.local/lib/python3.8/site-packages/airflow/example_dags/tutorial_taskflow_api_virtualenv.py
[2023-10-11T07:27:56.933+0000] {processor.py:839} INFO - DAG(s) dict_keys(['tutorial_taskflow_api_virtualenv']) retrieved from /home/airflow/.local/lib/python3.8/site-packages/airflow/example_dags/tutorial_taskflow_api_virtualenv.py
[2023-10-11T07:27:56.956+0000] {logging_mixin.py:151} INFO - [2023-10-11T07:27:56.956+0000] {dag.py:2915} INFO - Sync 1 DAGs
[2023-10-11T07:27:56.971+0000] {logging_mixin.py:151} INFO - [2023-10-11T07:27:56.971+0000] {dag.py:3696} INFO - Setting next_dagrun for tutorial_taskflow_api_virtualenv to None, run_after=None
[2023-10-11T07:27:56.980+0000] {processor.py:179} INFO - Processing /home/airflow/.local/lib/python3.8/site-packages/airflow/example_dags/tutorial_taskflow_api_virtualenv.py took 0.055 seconds
[2023-10-11T07:28:27.272+0000] {processor.py:157} INFO - Started process (PID=13066) to work on /home/airflow/.local/lib/python3.8/site-packages/airflow/example_dags/tutorial_taskflow_api_virtualenv.py
[2023-10-11T07:28:27.273+0000] {processor.py:829} INFO - Processing file /home/airflow/.local/lib/python3.8/site-packages/airflow/example_dags/tutorial_taskflow_api_virtualenv.py for tasks to queue
[2023-10-11T07:28:27.274+0000] {logging_mixin.py:151} INFO - [2023-10-11T07:28:27.274+0000] {dagbag.py:539} INFO - Filling up the DagBag from /home/airflow/.local/lib/python3.8/site-packages/airflow/example_dags/tutorial_taskflow_api_virtualenv.py
[2023-10-11T07:28:27.279+0000] {processor.py:839} INFO - DAG(s) dict_keys(['tutorial_taskflow_api_virtualenv']) retrieved from /home/airflow/.local/lib/python3.8/site-packages/airflow/example_dags/tutorial_taskflow_api_virtualenv.py
[2023-10-11T07:28:27.293+0000] {logging_mixin.py:151} INFO - [2023-10-11T07:28:27.293+0000] {dag.py:2915} INFO - Sync 1 DAGs
[2023-10-11T07:28:27.300+0000] {logging_mixin.py:151} INFO - [2023-10-11T07:28:27.300+0000] {dag.py:3696} INFO - Setting next_dagrun for tutorial_taskflow_api_virtualenv to None, run_after=None
[2023-10-11T07:28:27.309+0000] {processor.py:179} INFO - Processing /home/airflow/.local/lib/python3.8/site-packages/airflow/example_dags/tutorial_taskflow_api_virtualenv.py took 0.042 seconds
