[2023-10-11T07:01:35.006+0000] {processor.py:157} INFO - Started process (PID=285) to work on /home/airflow/.local/lib/python3.8/site-packages/airflow/example_dags/tutorial_dag.py
[2023-10-11T07:01:35.008+0000] {processor.py:829} INFO - Processing file /home/airflow/.local/lib/python3.8/site-packages/airflow/example_dags/tutorial_dag.py for tasks to queue
[2023-10-11T07:01:35.009+0000] {logging_mixin.py:151} INFO - [2023-10-11T07:01:35.008+0000] {dagbag.py:539} INFO - Filling up the DagBag from /home/airflow/.local/lib/python3.8/site-packages/airflow/example_dags/tutorial_dag.py
[2023-10-11T07:01:35.020+0000] {processor.py:839} INFO - DAG(s) dict_keys(['tutorial_dag']) retrieved from /home/airflow/.local/lib/python3.8/site-packages/airflow/example_dags/tutorial_dag.py
[2023-10-11T07:01:35.246+0000] {logging_mixin.py:151} INFO - [2023-10-11T07:01:35.246+0000] {manager.py:499} INFO - Created Permission View: %s
[2023-10-11T07:01:35.253+0000] {logging_mixin.py:151} INFO - [2023-10-11T07:01:35.253+0000] {manager.py:499} INFO - Created Permission View: %s
[2023-10-11T07:01:35.279+0000] {logging_mixin.py:151} INFO - [2023-10-11T07:01:35.278+0000] {manager.py:499} INFO - Created Permission View: %s
[2023-10-11T07:01:35.280+0000] {logging_mixin.py:151} INFO - [2023-10-11T07:01:35.279+0000] {security.py:708} INFO - Not syncing DAG-level permissions for DAG 'DAG:tutorial_dag' as access control is unset.
[2023-10-11T07:01:35.283+0000] {logging_mixin.py:151} INFO - [2023-10-11T07:01:35.281+0000] {dag.py:2915} INFO - Sync 1 DAGs
[2023-10-11T07:01:35.296+0000] {logging_mixin.py:151} INFO - [2023-10-11T07:01:35.296+0000] {dag.py:2937} INFO - Creating ORM DAG for tutorial_dag
[2023-10-11T07:01:35.297+0000] {logging_mixin.py:151} INFO - [2023-10-11T07:01:35.297+0000] {dag.py:3696} INFO - Setting next_dagrun for tutorial_dag to None, run_after=None
[2023-10-11T07:01:35.307+0000] {processor.py:179} INFO - Processing /home/airflow/.local/lib/python3.8/site-packages/airflow/example_dags/tutorial_dag.py took 0.305 seconds
[2023-10-11T07:02:05.913+0000] {processor.py:157} INFO - Started process (PID=526) to work on /home/airflow/.local/lib/python3.8/site-packages/airflow/example_dags/tutorial_dag.py
[2023-10-11T07:02:05.914+0000] {processor.py:829} INFO - Processing file /home/airflow/.local/lib/python3.8/site-packages/airflow/example_dags/tutorial_dag.py for tasks to queue
[2023-10-11T07:02:05.915+0000] {logging_mixin.py:151} INFO - [2023-10-11T07:02:05.915+0000] {dagbag.py:539} INFO - Filling up the DagBag from /home/airflow/.local/lib/python3.8/site-packages/airflow/example_dags/tutorial_dag.py
[2023-10-11T07:02:05.920+0000] {processor.py:839} INFO - DAG(s) dict_keys(['tutorial_dag']) retrieved from /home/airflow/.local/lib/python3.8/site-packages/airflow/example_dags/tutorial_dag.py
[2023-10-11T07:02:05.940+0000] {logging_mixin.py:151} INFO - [2023-10-11T07:02:05.940+0000] {dag.py:2915} INFO - Sync 1 DAGs
[2023-10-11T07:02:05.948+0000] {logging_mixin.py:151} INFO - [2023-10-11T07:02:05.948+0000] {dag.py:3696} INFO - Setting next_dagrun for tutorial_dag to None, run_after=None
[2023-10-11T07:02:05.965+0000] {processor.py:179} INFO - Processing /home/airflow/.local/lib/python3.8/site-packages/airflow/example_dags/tutorial_dag.py took 0.054 seconds
[2023-10-11T07:02:36.716+0000] {processor.py:157} INFO - Started process (PID=763) to work on /home/airflow/.local/lib/python3.8/site-packages/airflow/example_dags/tutorial_dag.py
[2023-10-11T07:02:36.717+0000] {processor.py:829} INFO - Processing file /home/airflow/.local/lib/python3.8/site-packages/airflow/example_dags/tutorial_dag.py for tasks to queue
[2023-10-11T07:02:36.717+0000] {logging_mixin.py:151} INFO - [2023-10-11T07:02:36.717+0000] {dagbag.py:539} INFO - Filling up the DagBag from /home/airflow/.local/lib/python3.8/site-packages/airflow/example_dags/tutorial_dag.py
[2023-10-11T07:02:36.721+0000] {processor.py:839} INFO - DAG(s) dict_keys(['tutorial_dag']) retrieved from /home/airflow/.local/lib/python3.8/site-packages/airflow/example_dags/tutorial_dag.py
[2023-10-11T07:02:36.734+0000] {logging_mixin.py:151} INFO - [2023-10-11T07:02:36.734+0000] {dag.py:2915} INFO - Sync 1 DAGs
[2023-10-11T07:02:36.740+0000] {logging_mixin.py:151} INFO - [2023-10-11T07:02:36.740+0000] {dag.py:3696} INFO - Setting next_dagrun for tutorial_dag to None, run_after=None
[2023-10-11T07:02:36.749+0000] {processor.py:179} INFO - Processing /home/airflow/.local/lib/python3.8/site-packages/airflow/example_dags/tutorial_dag.py took 0.035 seconds
[2023-10-11T07:03:07.751+0000] {processor.py:157} INFO - Started process (PID=1001) to work on /home/airflow/.local/lib/python3.8/site-packages/airflow/example_dags/tutorial_dag.py
[2023-10-11T07:03:07.752+0000] {processor.py:829} INFO - Processing file /home/airflow/.local/lib/python3.8/site-packages/airflow/example_dags/tutorial_dag.py for tasks to queue
[2023-10-11T07:03:07.752+0000] {logging_mixin.py:151} INFO - [2023-10-11T07:03:07.752+0000] {dagbag.py:539} INFO - Filling up the DagBag from /home/airflow/.local/lib/python3.8/site-packages/airflow/example_dags/tutorial_dag.py
[2023-10-11T07:03:07.760+0000] {processor.py:839} INFO - DAG(s) dict_keys(['tutorial_dag']) retrieved from /home/airflow/.local/lib/python3.8/site-packages/airflow/example_dags/tutorial_dag.py
[2023-10-11T07:03:07.796+0000] {logging_mixin.py:151} INFO - [2023-10-11T07:03:07.796+0000] {dag.py:2915} INFO - Sync 1 DAGs
[2023-10-11T07:03:07.804+0000] {logging_mixin.py:151} INFO - [2023-10-11T07:03:07.804+0000] {dag.py:3696} INFO - Setting next_dagrun for tutorial_dag to None, run_after=None
[2023-10-11T07:03:07.826+0000] {processor.py:179} INFO - Processing /home/airflow/.local/lib/python3.8/site-packages/airflow/example_dags/tutorial_dag.py took 0.079 seconds
[2023-10-11T07:03:38.405+0000] {processor.py:157} INFO - Started process (PID=1237) to work on /home/airflow/.local/lib/python3.8/site-packages/airflow/example_dags/tutorial_dag.py
[2023-10-11T07:03:38.407+0000] {processor.py:829} INFO - Processing file /home/airflow/.local/lib/python3.8/site-packages/airflow/example_dags/tutorial_dag.py for tasks to queue
[2023-10-11T07:03:38.408+0000] {logging_mixin.py:151} INFO - [2023-10-11T07:03:38.407+0000] {dagbag.py:539} INFO - Filling up the DagBag from /home/airflow/.local/lib/python3.8/site-packages/airflow/example_dags/tutorial_dag.py
[2023-10-11T07:03:38.412+0000] {processor.py:839} INFO - DAG(s) dict_keys(['tutorial_dag']) retrieved from /home/airflow/.local/lib/python3.8/site-packages/airflow/example_dags/tutorial_dag.py
[2023-10-11T07:03:38.428+0000] {logging_mixin.py:151} INFO - [2023-10-11T07:03:38.428+0000] {dag.py:2915} INFO - Sync 1 DAGs
[2023-10-11T07:03:38.438+0000] {logging_mixin.py:151} INFO - [2023-10-11T07:03:38.438+0000] {dag.py:3696} INFO - Setting next_dagrun for tutorial_dag to None, run_after=None
[2023-10-11T07:03:38.464+0000] {processor.py:179} INFO - Processing /home/airflow/.local/lib/python3.8/site-packages/airflow/example_dags/tutorial_dag.py took 0.061 seconds
[2023-10-11T07:04:08.851+0000] {processor.py:157} INFO - Started process (PID=1477) to work on /home/airflow/.local/lib/python3.8/site-packages/airflow/example_dags/tutorial_dag.py
[2023-10-11T07:04:08.875+0000] {processor.py:829} INFO - Processing file /home/airflow/.local/lib/python3.8/site-packages/airflow/example_dags/tutorial_dag.py for tasks to queue
[2023-10-11T07:04:08.877+0000] {logging_mixin.py:151} INFO - [2023-10-11T07:04:08.876+0000] {dagbag.py:539} INFO - Filling up the DagBag from /home/airflow/.local/lib/python3.8/site-packages/airflow/example_dags/tutorial_dag.py
[2023-10-11T07:04:08.882+0000] {processor.py:839} INFO - DAG(s) dict_keys(['tutorial_dag']) retrieved from /home/airflow/.local/lib/python3.8/site-packages/airflow/example_dags/tutorial_dag.py
[2023-10-11T07:04:08.896+0000] {logging_mixin.py:151} INFO - [2023-10-11T07:04:08.895+0000] {dag.py:2915} INFO - Sync 1 DAGs
[2023-10-11T07:04:08.902+0000] {logging_mixin.py:151} INFO - [2023-10-11T07:04:08.902+0000] {dag.py:3696} INFO - Setting next_dagrun for tutorial_dag to None, run_after=None
[2023-10-11T07:04:08.910+0000] {processor.py:179} INFO - Processing /home/airflow/.local/lib/python3.8/site-packages/airflow/example_dags/tutorial_dag.py took 0.061 seconds
[2023-10-11T07:04:39.651+0000] {processor.py:157} INFO - Started process (PID=1715) to work on /home/airflow/.local/lib/python3.8/site-packages/airflow/example_dags/tutorial_dag.py
[2023-10-11T07:04:39.658+0000] {processor.py:829} INFO - Processing file /home/airflow/.local/lib/python3.8/site-packages/airflow/example_dags/tutorial_dag.py for tasks to queue
[2023-10-11T07:04:39.664+0000] {logging_mixin.py:151} INFO - [2023-10-11T07:04:39.663+0000] {dagbag.py:539} INFO - Filling up the DagBag from /home/airflow/.local/lib/python3.8/site-packages/airflow/example_dags/tutorial_dag.py
[2023-10-11T07:04:39.686+0000] {processor.py:839} INFO - DAG(s) dict_keys(['tutorial_dag']) retrieved from /home/airflow/.local/lib/python3.8/site-packages/airflow/example_dags/tutorial_dag.py
[2023-10-11T07:04:39.705+0000] {logging_mixin.py:151} INFO - [2023-10-11T07:04:39.705+0000] {dag.py:2915} INFO - Sync 1 DAGs
[2023-10-11T07:04:39.711+0000] {logging_mixin.py:151} INFO - [2023-10-11T07:04:39.711+0000] {dag.py:3696} INFO - Setting next_dagrun for tutorial_dag to None, run_after=None
[2023-10-11T07:04:39.722+0000] {processor.py:179} INFO - Processing /home/airflow/.local/lib/python3.8/site-packages/airflow/example_dags/tutorial_dag.py took 0.076 seconds
[2023-10-11T07:05:10.197+0000] {processor.py:157} INFO - Started process (PID=1953) to work on /home/airflow/.local/lib/python3.8/site-packages/airflow/example_dags/tutorial_dag.py
[2023-10-11T07:05:10.197+0000] {processor.py:829} INFO - Processing file /home/airflow/.local/lib/python3.8/site-packages/airflow/example_dags/tutorial_dag.py for tasks to queue
[2023-10-11T07:05:10.198+0000] {logging_mixin.py:151} INFO - [2023-10-11T07:05:10.198+0000] {dagbag.py:539} INFO - Filling up the DagBag from /home/airflow/.local/lib/python3.8/site-packages/airflow/example_dags/tutorial_dag.py
[2023-10-11T07:05:10.202+0000] {processor.py:839} INFO - DAG(s) dict_keys(['tutorial_dag']) retrieved from /home/airflow/.local/lib/python3.8/site-packages/airflow/example_dags/tutorial_dag.py
[2023-10-11T07:05:10.215+0000] {logging_mixin.py:151} INFO - [2023-10-11T07:05:10.215+0000] {dag.py:2915} INFO - Sync 1 DAGs
[2023-10-11T07:05:10.223+0000] {logging_mixin.py:151} INFO - [2023-10-11T07:05:10.222+0000] {dag.py:3696} INFO - Setting next_dagrun for tutorial_dag to None, run_after=None
[2023-10-11T07:05:10.231+0000] {processor.py:179} INFO - Processing /home/airflow/.local/lib/python3.8/site-packages/airflow/example_dags/tutorial_dag.py took 0.037 seconds
[2023-10-11T07:05:40.955+0000] {processor.py:157} INFO - Started process (PID=2191) to work on /home/airflow/.local/lib/python3.8/site-packages/airflow/example_dags/tutorial_dag.py
[2023-10-11T07:05:40.956+0000] {processor.py:829} INFO - Processing file /home/airflow/.local/lib/python3.8/site-packages/airflow/example_dags/tutorial_dag.py for tasks to queue
[2023-10-11T07:05:40.964+0000] {logging_mixin.py:151} INFO - [2023-10-11T07:05:40.963+0000] {dagbag.py:539} INFO - Filling up the DagBag from /home/airflow/.local/lib/python3.8/site-packages/airflow/example_dags/tutorial_dag.py
[2023-10-11T07:05:40.973+0000] {processor.py:839} INFO - DAG(s) dict_keys(['tutorial_dag']) retrieved from /home/airflow/.local/lib/python3.8/site-packages/airflow/example_dags/tutorial_dag.py
[2023-10-11T07:05:40.998+0000] {logging_mixin.py:151} INFO - [2023-10-11T07:05:40.998+0000] {dag.py:2915} INFO - Sync 1 DAGs
[2023-10-11T07:05:41.005+0000] {logging_mixin.py:151} INFO - [2023-10-11T07:05:41.005+0000] {dag.py:3696} INFO - Setting next_dagrun for tutorial_dag to None, run_after=None
[2023-10-11T07:05:41.015+0000] {processor.py:179} INFO - Processing /home/airflow/.local/lib/python3.8/site-packages/airflow/example_dags/tutorial_dag.py took 0.062 seconds
[2023-10-11T07:06:11.341+0000] {processor.py:157} INFO - Started process (PID=2429) to work on /home/airflow/.local/lib/python3.8/site-packages/airflow/example_dags/tutorial_dag.py
[2023-10-11T07:06:11.342+0000] {processor.py:829} INFO - Processing file /home/airflow/.local/lib/python3.8/site-packages/airflow/example_dags/tutorial_dag.py for tasks to queue
[2023-10-11T07:06:11.343+0000] {logging_mixin.py:151} INFO - [2023-10-11T07:06:11.342+0000] {dagbag.py:539} INFO - Filling up the DagBag from /home/airflow/.local/lib/python3.8/site-packages/airflow/example_dags/tutorial_dag.py
[2023-10-11T07:06:11.347+0000] {processor.py:839} INFO - DAG(s) dict_keys(['tutorial_dag']) retrieved from /home/airflow/.local/lib/python3.8/site-packages/airflow/example_dags/tutorial_dag.py
[2023-10-11T07:06:11.370+0000] {logging_mixin.py:151} INFO - [2023-10-11T07:06:11.370+0000] {dag.py:2915} INFO - Sync 1 DAGs
[2023-10-11T07:06:11.382+0000] {logging_mixin.py:151} INFO - [2023-10-11T07:06:11.382+0000] {dag.py:3696} INFO - Setting next_dagrun for tutorial_dag to None, run_after=None
[2023-10-11T07:06:11.392+0000] {processor.py:179} INFO - Processing /home/airflow/.local/lib/python3.8/site-packages/airflow/example_dags/tutorial_dag.py took 0.053 seconds
[2023-10-11T07:06:41.813+0000] {processor.py:157} INFO - Started process (PID=2672) to work on /home/airflow/.local/lib/python3.8/site-packages/airflow/example_dags/tutorial_dag.py
[2023-10-11T07:06:41.814+0000] {processor.py:829} INFO - Processing file /home/airflow/.local/lib/python3.8/site-packages/airflow/example_dags/tutorial_dag.py for tasks to queue
[2023-10-11T07:06:41.814+0000] {logging_mixin.py:151} INFO - [2023-10-11T07:06:41.814+0000] {dagbag.py:539} INFO - Filling up the DagBag from /home/airflow/.local/lib/python3.8/site-packages/airflow/example_dags/tutorial_dag.py
[2023-10-11T07:06:41.818+0000] {processor.py:839} INFO - DAG(s) dict_keys(['tutorial_dag']) retrieved from /home/airflow/.local/lib/python3.8/site-packages/airflow/example_dags/tutorial_dag.py
[2023-10-11T07:06:41.834+0000] {logging_mixin.py:151} INFO - [2023-10-11T07:06:41.834+0000] {dag.py:2915} INFO - Sync 1 DAGs
[2023-10-11T07:06:41.841+0000] {logging_mixin.py:151} INFO - [2023-10-11T07:06:41.841+0000] {dag.py:3696} INFO - Setting next_dagrun for tutorial_dag to None, run_after=None
[2023-10-11T07:06:41.880+0000] {processor.py:179} INFO - Processing /home/airflow/.local/lib/python3.8/site-packages/airflow/example_dags/tutorial_dag.py took 0.069 seconds
[2023-10-11T07:07:12.730+0000] {processor.py:157} INFO - Started process (PID=2914) to work on /home/airflow/.local/lib/python3.8/site-packages/airflow/example_dags/tutorial_dag.py
[2023-10-11T07:07:12.730+0000] {processor.py:829} INFO - Processing file /home/airflow/.local/lib/python3.8/site-packages/airflow/example_dags/tutorial_dag.py for tasks to queue
[2023-10-11T07:07:12.732+0000] {logging_mixin.py:151} INFO - [2023-10-11T07:07:12.731+0000] {dagbag.py:539} INFO - Filling up the DagBag from /home/airflow/.local/lib/python3.8/site-packages/airflow/example_dags/tutorial_dag.py
[2023-10-11T07:07:12.737+0000] {processor.py:839} INFO - DAG(s) dict_keys(['tutorial_dag']) retrieved from /home/airflow/.local/lib/python3.8/site-packages/airflow/example_dags/tutorial_dag.py
[2023-10-11T07:07:12.760+0000] {logging_mixin.py:151} INFO - [2023-10-11T07:07:12.760+0000] {dag.py:2915} INFO - Sync 1 DAGs
[2023-10-11T07:07:12.783+0000] {logging_mixin.py:151} INFO - [2023-10-11T07:07:12.782+0000] {dag.py:3696} INFO - Setting next_dagrun for tutorial_dag to None, run_after=None
[2023-10-11T07:07:12.803+0000] {processor.py:179} INFO - Processing /home/airflow/.local/lib/python3.8/site-packages/airflow/example_dags/tutorial_dag.py took 0.076 seconds
[2023-10-11T07:07:43.908+0000] {processor.py:157} INFO - Started process (PID=3160) to work on /home/airflow/.local/lib/python3.8/site-packages/airflow/example_dags/tutorial_dag.py
[2023-10-11T07:07:43.909+0000] {processor.py:829} INFO - Processing file /home/airflow/.local/lib/python3.8/site-packages/airflow/example_dags/tutorial_dag.py for tasks to queue
[2023-10-11T07:07:43.911+0000] {logging_mixin.py:151} INFO - [2023-10-11T07:07:43.911+0000] {dagbag.py:539} INFO - Filling up the DagBag from /home/airflow/.local/lib/python3.8/site-packages/airflow/example_dags/tutorial_dag.py
[2023-10-11T07:07:43.917+0000] {processor.py:839} INFO - DAG(s) dict_keys(['tutorial_dag']) retrieved from /home/airflow/.local/lib/python3.8/site-packages/airflow/example_dags/tutorial_dag.py
[2023-10-11T07:07:43.936+0000] {logging_mixin.py:151} INFO - [2023-10-11T07:07:43.936+0000] {dag.py:2915} INFO - Sync 1 DAGs
[2023-10-11T07:07:43.949+0000] {logging_mixin.py:151} INFO - [2023-10-11T07:07:43.949+0000] {dag.py:3696} INFO - Setting next_dagrun for tutorial_dag to None, run_after=None
[2023-10-11T07:07:44.019+0000] {processor.py:179} INFO - Processing /home/airflow/.local/lib/python3.8/site-packages/airflow/example_dags/tutorial_dag.py took 0.115 seconds
[2023-10-11T07:08:14.298+0000] {processor.py:157} INFO - Started process (PID=3429) to work on /home/airflow/.local/lib/python3.8/site-packages/airflow/example_dags/tutorial_dag.py
[2023-10-11T07:08:14.299+0000] {processor.py:829} INFO - Processing file /home/airflow/.local/lib/python3.8/site-packages/airflow/example_dags/tutorial_dag.py for tasks to queue
[2023-10-11T07:08:14.299+0000] {logging_mixin.py:151} INFO - [2023-10-11T07:08:14.299+0000] {dagbag.py:539} INFO - Filling up the DagBag from /home/airflow/.local/lib/python3.8/site-packages/airflow/example_dags/tutorial_dag.py
[2023-10-11T07:08:14.303+0000] {processor.py:839} INFO - DAG(s) dict_keys(['tutorial_dag']) retrieved from /home/airflow/.local/lib/python3.8/site-packages/airflow/example_dags/tutorial_dag.py
[2023-10-11T07:08:14.317+0000] {logging_mixin.py:151} INFO - [2023-10-11T07:08:14.317+0000] {dag.py:2915} INFO - Sync 1 DAGs
[2023-10-11T07:08:14.324+0000] {logging_mixin.py:151} INFO - [2023-10-11T07:08:14.324+0000] {dag.py:3696} INFO - Setting next_dagrun for tutorial_dag to None, run_after=None
[2023-10-11T07:08:14.383+0000] {processor.py:179} INFO - Processing /home/airflow/.local/lib/python3.8/site-packages/airflow/example_dags/tutorial_dag.py took 0.088 seconds
[2023-10-11T07:08:45.128+0000] {processor.py:157} INFO - Started process (PID=3672) to work on /home/airflow/.local/lib/python3.8/site-packages/airflow/example_dags/tutorial_dag.py
[2023-10-11T07:08:45.130+0000] {processor.py:829} INFO - Processing file /home/airflow/.local/lib/python3.8/site-packages/airflow/example_dags/tutorial_dag.py for tasks to queue
[2023-10-11T07:08:45.130+0000] {logging_mixin.py:151} INFO - [2023-10-11T07:08:45.130+0000] {dagbag.py:539} INFO - Filling up the DagBag from /home/airflow/.local/lib/python3.8/site-packages/airflow/example_dags/tutorial_dag.py
[2023-10-11T07:08:45.137+0000] {processor.py:839} INFO - DAG(s) dict_keys(['tutorial_dag']) retrieved from /home/airflow/.local/lib/python3.8/site-packages/airflow/example_dags/tutorial_dag.py
[2023-10-11T07:08:45.215+0000] {logging_mixin.py:151} INFO - [2023-10-11T07:08:45.214+0000] {dag.py:2915} INFO - Sync 1 DAGs
[2023-10-11T07:08:45.228+0000] {logging_mixin.py:151} INFO - [2023-10-11T07:08:45.227+0000] {dag.py:3696} INFO - Setting next_dagrun for tutorial_dag to None, run_after=None
[2023-10-11T07:08:45.249+0000] {processor.py:179} INFO - Processing /home/airflow/.local/lib/python3.8/site-packages/airflow/example_dags/tutorial_dag.py took 0.125 seconds
[2023-10-11T07:09:15.520+0000] {processor.py:157} INFO - Started process (PID=3915) to work on /home/airflow/.local/lib/python3.8/site-packages/airflow/example_dags/tutorial_dag.py
[2023-10-11T07:09:15.521+0000] {processor.py:829} INFO - Processing file /home/airflow/.local/lib/python3.8/site-packages/airflow/example_dags/tutorial_dag.py for tasks to queue
[2023-10-11T07:09:15.522+0000] {logging_mixin.py:151} INFO - [2023-10-11T07:09:15.521+0000] {dagbag.py:539} INFO - Filling up the DagBag from /home/airflow/.local/lib/python3.8/site-packages/airflow/example_dags/tutorial_dag.py
[2023-10-11T07:09:15.525+0000] {processor.py:839} INFO - DAG(s) dict_keys(['tutorial_dag']) retrieved from /home/airflow/.local/lib/python3.8/site-packages/airflow/example_dags/tutorial_dag.py
[2023-10-11T07:09:15.540+0000] {logging_mixin.py:151} INFO - [2023-10-11T07:09:15.540+0000] {dag.py:2915} INFO - Sync 1 DAGs
[2023-10-11T07:09:15.547+0000] {logging_mixin.py:151} INFO - [2023-10-11T07:09:15.547+0000] {dag.py:3696} INFO - Setting next_dagrun for tutorial_dag to None, run_after=None
[2023-10-11T07:09:15.571+0000] {processor.py:179} INFO - Processing /home/airflow/.local/lib/python3.8/site-packages/airflow/example_dags/tutorial_dag.py took 0.053 seconds
[2023-10-11T07:09:45.819+0000] {processor.py:157} INFO - Started process (PID=4158) to work on /home/airflow/.local/lib/python3.8/site-packages/airflow/example_dags/tutorial_dag.py
[2023-10-11T07:09:45.823+0000] {processor.py:829} INFO - Processing file /home/airflow/.local/lib/python3.8/site-packages/airflow/example_dags/tutorial_dag.py for tasks to queue
[2023-10-11T07:09:45.826+0000] {logging_mixin.py:151} INFO - [2023-10-11T07:09:45.825+0000] {dagbag.py:539} INFO - Filling up the DagBag from /home/airflow/.local/lib/python3.8/site-packages/airflow/example_dags/tutorial_dag.py
[2023-10-11T07:09:45.842+0000] {processor.py:839} INFO - DAG(s) dict_keys(['tutorial_dag']) retrieved from /home/airflow/.local/lib/python3.8/site-packages/airflow/example_dags/tutorial_dag.py
[2023-10-11T07:09:45.925+0000] {logging_mixin.py:151} INFO - [2023-10-11T07:09:45.925+0000] {dag.py:2915} INFO - Sync 1 DAGs
[2023-10-11T07:09:45.940+0000] {logging_mixin.py:151} INFO - [2023-10-11T07:09:45.940+0000] {dag.py:3696} INFO - Setting next_dagrun for tutorial_dag to None, run_after=None
[2023-10-11T07:09:45.969+0000] {processor.py:179} INFO - Processing /home/airflow/.local/lib/python3.8/site-packages/airflow/example_dags/tutorial_dag.py took 0.168 seconds
[2023-10-11T07:10:16.618+0000] {processor.py:157} INFO - Started process (PID=4401) to work on /home/airflow/.local/lib/python3.8/site-packages/airflow/example_dags/tutorial_dag.py
[2023-10-11T07:10:16.619+0000] {processor.py:829} INFO - Processing file /home/airflow/.local/lib/python3.8/site-packages/airflow/example_dags/tutorial_dag.py for tasks to queue
[2023-10-11T07:10:16.620+0000] {logging_mixin.py:151} INFO - [2023-10-11T07:10:16.620+0000] {dagbag.py:539} INFO - Filling up the DagBag from /home/airflow/.local/lib/python3.8/site-packages/airflow/example_dags/tutorial_dag.py
[2023-10-11T07:10:16.624+0000] {processor.py:839} INFO - DAG(s) dict_keys(['tutorial_dag']) retrieved from /home/airflow/.local/lib/python3.8/site-packages/airflow/example_dags/tutorial_dag.py
[2023-10-11T07:10:16.646+0000] {logging_mixin.py:151} INFO - [2023-10-11T07:10:16.645+0000] {dag.py:2915} INFO - Sync 1 DAGs
[2023-10-11T07:10:16.665+0000] {logging_mixin.py:151} INFO - [2023-10-11T07:10:16.665+0000] {dag.py:3696} INFO - Setting next_dagrun for tutorial_dag to None, run_after=None
[2023-10-11T07:10:16.699+0000] {processor.py:179} INFO - Processing /home/airflow/.local/lib/python3.8/site-packages/airflow/example_dags/tutorial_dag.py took 0.083 seconds
[2023-10-11T07:10:46.828+0000] {processor.py:157} INFO - Started process (PID=4639) to work on /home/airflow/.local/lib/python3.8/site-packages/airflow/example_dags/tutorial_dag.py
[2023-10-11T07:10:46.829+0000] {processor.py:829} INFO - Processing file /home/airflow/.local/lib/python3.8/site-packages/airflow/example_dags/tutorial_dag.py for tasks to queue
[2023-10-11T07:10:46.829+0000] {logging_mixin.py:151} INFO - [2023-10-11T07:10:46.829+0000] {dagbag.py:539} INFO - Filling up the DagBag from /home/airflow/.local/lib/python3.8/site-packages/airflow/example_dags/tutorial_dag.py
[2023-10-11T07:10:46.833+0000] {processor.py:839} INFO - DAG(s) dict_keys(['tutorial_dag']) retrieved from /home/airflow/.local/lib/python3.8/site-packages/airflow/example_dags/tutorial_dag.py
[2023-10-11T07:10:46.847+0000] {logging_mixin.py:151} INFO - [2023-10-11T07:10:46.847+0000] {dag.py:2915} INFO - Sync 1 DAGs
[2023-10-11T07:10:46.868+0000] {logging_mixin.py:151} INFO - [2023-10-11T07:10:46.868+0000] {dag.py:3696} INFO - Setting next_dagrun for tutorial_dag to None, run_after=None
[2023-10-11T07:10:46.888+0000] {processor.py:179} INFO - Processing /home/airflow/.local/lib/python3.8/site-packages/airflow/example_dags/tutorial_dag.py took 0.062 seconds
[2023-10-11T07:11:17.293+0000] {processor.py:157} INFO - Started process (PID=4881) to work on /home/airflow/.local/lib/python3.8/site-packages/airflow/example_dags/tutorial_dag.py
[2023-10-11T07:11:17.294+0000] {processor.py:829} INFO - Processing file /home/airflow/.local/lib/python3.8/site-packages/airflow/example_dags/tutorial_dag.py for tasks to queue
[2023-10-11T07:11:17.294+0000] {logging_mixin.py:151} INFO - [2023-10-11T07:11:17.294+0000] {dagbag.py:539} INFO - Filling up the DagBag from /home/airflow/.local/lib/python3.8/site-packages/airflow/example_dags/tutorial_dag.py
[2023-10-11T07:11:17.297+0000] {processor.py:839} INFO - DAG(s) dict_keys(['tutorial_dag']) retrieved from /home/airflow/.local/lib/python3.8/site-packages/airflow/example_dags/tutorial_dag.py
[2023-10-11T07:11:17.312+0000] {logging_mixin.py:151} INFO - [2023-10-11T07:11:17.312+0000] {dag.py:2915} INFO - Sync 1 DAGs
[2023-10-11T07:11:17.320+0000] {logging_mixin.py:151} INFO - [2023-10-11T07:11:17.320+0000] {dag.py:3696} INFO - Setting next_dagrun for tutorial_dag to None, run_after=None
[2023-10-11T07:11:17.329+0000] {processor.py:179} INFO - Processing /home/airflow/.local/lib/python3.8/site-packages/airflow/example_dags/tutorial_dag.py took 0.039 seconds
[2023-10-11T07:11:47.439+0000] {processor.py:157} INFO - Started process (PID=5127) to work on /home/airflow/.local/lib/python3.8/site-packages/airflow/example_dags/tutorial_dag.py
[2023-10-11T07:11:47.440+0000] {processor.py:829} INFO - Processing file /home/airflow/.local/lib/python3.8/site-packages/airflow/example_dags/tutorial_dag.py for tasks to queue
[2023-10-11T07:11:47.440+0000] {logging_mixin.py:151} INFO - [2023-10-11T07:11:47.440+0000] {dagbag.py:539} INFO - Filling up the DagBag from /home/airflow/.local/lib/python3.8/site-packages/airflow/example_dags/tutorial_dag.py
[2023-10-11T07:11:47.444+0000] {processor.py:839} INFO - DAG(s) dict_keys(['tutorial_dag']) retrieved from /home/airflow/.local/lib/python3.8/site-packages/airflow/example_dags/tutorial_dag.py
[2023-10-11T07:11:47.475+0000] {logging_mixin.py:151} INFO - [2023-10-11T07:11:47.474+0000] {dag.py:2915} INFO - Sync 1 DAGs
[2023-10-11T07:11:47.483+0000] {logging_mixin.py:151} INFO - [2023-10-11T07:11:47.483+0000] {dag.py:3696} INFO - Setting next_dagrun for tutorial_dag to None, run_after=None
[2023-10-11T07:11:47.493+0000] {processor.py:179} INFO - Processing /home/airflow/.local/lib/python3.8/site-packages/airflow/example_dags/tutorial_dag.py took 0.057 seconds
[2023-10-11T07:12:18.116+0000] {processor.py:157} INFO - Started process (PID=5370) to work on /home/airflow/.local/lib/python3.8/site-packages/airflow/example_dags/tutorial_dag.py
[2023-10-11T07:12:18.117+0000] {processor.py:829} INFO - Processing file /home/airflow/.local/lib/python3.8/site-packages/airflow/example_dags/tutorial_dag.py for tasks to queue
[2023-10-11T07:12:18.117+0000] {logging_mixin.py:151} INFO - [2023-10-11T07:12:18.117+0000] {dagbag.py:539} INFO - Filling up the DagBag from /home/airflow/.local/lib/python3.8/site-packages/airflow/example_dags/tutorial_dag.py
[2023-10-11T07:12:18.121+0000] {processor.py:839} INFO - DAG(s) dict_keys(['tutorial_dag']) retrieved from /home/airflow/.local/lib/python3.8/site-packages/airflow/example_dags/tutorial_dag.py
[2023-10-11T07:12:18.135+0000] {logging_mixin.py:151} INFO - [2023-10-11T07:12:18.135+0000] {dag.py:2915} INFO - Sync 1 DAGs
[2023-10-11T07:12:18.142+0000] {logging_mixin.py:151} INFO - [2023-10-11T07:12:18.142+0000] {dag.py:3696} INFO - Setting next_dagrun for tutorial_dag to None, run_after=None
[2023-10-11T07:12:18.153+0000] {processor.py:179} INFO - Processing /home/airflow/.local/lib/python3.8/site-packages/airflow/example_dags/tutorial_dag.py took 0.040 seconds
[2023-10-11T07:12:48.529+0000] {processor.py:157} INFO - Started process (PID=5613) to work on /home/airflow/.local/lib/python3.8/site-packages/airflow/example_dags/tutorial_dag.py
[2023-10-11T07:12:48.530+0000] {processor.py:829} INFO - Processing file /home/airflow/.local/lib/python3.8/site-packages/airflow/example_dags/tutorial_dag.py for tasks to queue
[2023-10-11T07:12:48.531+0000] {logging_mixin.py:151} INFO - [2023-10-11T07:12:48.530+0000] {dagbag.py:539} INFO - Filling up the DagBag from /home/airflow/.local/lib/python3.8/site-packages/airflow/example_dags/tutorial_dag.py
[2023-10-11T07:12:48.534+0000] {processor.py:839} INFO - DAG(s) dict_keys(['tutorial_dag']) retrieved from /home/airflow/.local/lib/python3.8/site-packages/airflow/example_dags/tutorial_dag.py
[2023-10-11T07:12:48.552+0000] {logging_mixin.py:151} INFO - [2023-10-11T07:12:48.551+0000] {dag.py:2915} INFO - Sync 1 DAGs
[2023-10-11T07:12:48.568+0000] {logging_mixin.py:151} INFO - [2023-10-11T07:12:48.568+0000] {dag.py:3696} INFO - Setting next_dagrun for tutorial_dag to None, run_after=None
[2023-10-11T07:12:48.584+0000] {processor.py:179} INFO - Processing /home/airflow/.local/lib/python3.8/site-packages/airflow/example_dags/tutorial_dag.py took 0.058 seconds
[2023-10-11T07:13:19.021+0000] {processor.py:157} INFO - Started process (PID=5856) to work on /home/airflow/.local/lib/python3.8/site-packages/airflow/example_dags/tutorial_dag.py
[2023-10-11T07:13:19.021+0000] {processor.py:829} INFO - Processing file /home/airflow/.local/lib/python3.8/site-packages/airflow/example_dags/tutorial_dag.py for tasks to queue
[2023-10-11T07:13:19.022+0000] {logging_mixin.py:151} INFO - [2023-10-11T07:13:19.022+0000] {dagbag.py:539} INFO - Filling up the DagBag from /home/airflow/.local/lib/python3.8/site-packages/airflow/example_dags/tutorial_dag.py
[2023-10-11T07:13:19.027+0000] {processor.py:839} INFO - DAG(s) dict_keys(['tutorial_dag']) retrieved from /home/airflow/.local/lib/python3.8/site-packages/airflow/example_dags/tutorial_dag.py
[2023-10-11T07:13:19.042+0000] {logging_mixin.py:151} INFO - [2023-10-11T07:13:19.041+0000] {dag.py:2915} INFO - Sync 1 DAGs
[2023-10-11T07:13:19.052+0000] {logging_mixin.py:151} INFO - [2023-10-11T07:13:19.052+0000] {dag.py:3696} INFO - Setting next_dagrun for tutorial_dag to None, run_after=None
[2023-10-11T07:13:19.091+0000] {processor.py:179} INFO - Processing /home/airflow/.local/lib/python3.8/site-packages/airflow/example_dags/tutorial_dag.py took 0.073 seconds
[2023-10-11T07:13:49.587+0000] {processor.py:157} INFO - Started process (PID=6096) to work on /home/airflow/.local/lib/python3.8/site-packages/airflow/example_dags/tutorial_dag.py
[2023-10-11T07:13:49.587+0000] {processor.py:829} INFO - Processing file /home/airflow/.local/lib/python3.8/site-packages/airflow/example_dags/tutorial_dag.py for tasks to queue
[2023-10-11T07:13:49.588+0000] {logging_mixin.py:151} INFO - [2023-10-11T07:13:49.588+0000] {dagbag.py:539} INFO - Filling up the DagBag from /home/airflow/.local/lib/python3.8/site-packages/airflow/example_dags/tutorial_dag.py
[2023-10-11T07:13:49.591+0000] {processor.py:839} INFO - DAG(s) dict_keys(['tutorial_dag']) retrieved from /home/airflow/.local/lib/python3.8/site-packages/airflow/example_dags/tutorial_dag.py
[2023-10-11T07:13:49.605+0000] {logging_mixin.py:151} INFO - [2023-10-11T07:13:49.605+0000] {dag.py:2915} INFO - Sync 1 DAGs
[2023-10-11T07:13:49.612+0000] {logging_mixin.py:151} INFO - [2023-10-11T07:13:49.612+0000] {dag.py:3696} INFO - Setting next_dagrun for tutorial_dag to None, run_after=None
[2023-10-11T07:13:49.622+0000] {processor.py:179} INFO - Processing /home/airflow/.local/lib/python3.8/site-packages/airflow/example_dags/tutorial_dag.py took 0.038 seconds
[2023-10-11T07:14:20.137+0000] {processor.py:157} INFO - Started process (PID=6342) to work on /home/airflow/.local/lib/python3.8/site-packages/airflow/example_dags/tutorial_dag.py
[2023-10-11T07:14:20.138+0000] {processor.py:829} INFO - Processing file /home/airflow/.local/lib/python3.8/site-packages/airflow/example_dags/tutorial_dag.py for tasks to queue
[2023-10-11T07:14:20.139+0000] {logging_mixin.py:151} INFO - [2023-10-11T07:14:20.138+0000] {dagbag.py:539} INFO - Filling up the DagBag from /home/airflow/.local/lib/python3.8/site-packages/airflow/example_dags/tutorial_dag.py
[2023-10-11T07:14:20.142+0000] {processor.py:839} INFO - DAG(s) dict_keys(['tutorial_dag']) retrieved from /home/airflow/.local/lib/python3.8/site-packages/airflow/example_dags/tutorial_dag.py
[2023-10-11T07:14:20.172+0000] {logging_mixin.py:151} INFO - [2023-10-11T07:14:20.172+0000] {dag.py:2915} INFO - Sync 1 DAGs
[2023-10-11T07:14:20.187+0000] {logging_mixin.py:151} INFO - [2023-10-11T07:14:20.187+0000] {dag.py:3696} INFO - Setting next_dagrun for tutorial_dag to None, run_after=None
[2023-10-11T07:14:20.203+0000] {processor.py:179} INFO - Processing /home/airflow/.local/lib/python3.8/site-packages/airflow/example_dags/tutorial_dag.py took 0.069 seconds
[2023-10-11T07:14:50.524+0000] {processor.py:157} INFO - Started process (PID=6583) to work on /home/airflow/.local/lib/python3.8/site-packages/airflow/example_dags/tutorial_dag.py
[2023-10-11T07:14:50.525+0000] {processor.py:829} INFO - Processing file /home/airflow/.local/lib/python3.8/site-packages/airflow/example_dags/tutorial_dag.py for tasks to queue
[2023-10-11T07:14:50.525+0000] {logging_mixin.py:151} INFO - [2023-10-11T07:14:50.525+0000] {dagbag.py:539} INFO - Filling up the DagBag from /home/airflow/.local/lib/python3.8/site-packages/airflow/example_dags/tutorial_dag.py
[2023-10-11T07:14:50.529+0000] {processor.py:839} INFO - DAG(s) dict_keys(['tutorial_dag']) retrieved from /home/airflow/.local/lib/python3.8/site-packages/airflow/example_dags/tutorial_dag.py
[2023-10-11T07:14:50.544+0000] {logging_mixin.py:151} INFO - [2023-10-11T07:14:50.544+0000] {dag.py:2915} INFO - Sync 1 DAGs
[2023-10-11T07:14:50.560+0000] {logging_mixin.py:151} INFO - [2023-10-11T07:14:50.559+0000] {dag.py:3696} INFO - Setting next_dagrun for tutorial_dag to None, run_after=None
[2023-10-11T07:14:50.581+0000] {processor.py:179} INFO - Processing /home/airflow/.local/lib/python3.8/site-packages/airflow/example_dags/tutorial_dag.py took 0.059 seconds
[2023-10-11T07:15:20.922+0000] {processor.py:157} INFO - Started process (PID=6826) to work on /home/airflow/.local/lib/python3.8/site-packages/airflow/example_dags/tutorial_dag.py
[2023-10-11T07:15:20.923+0000] {processor.py:829} INFO - Processing file /home/airflow/.local/lib/python3.8/site-packages/airflow/example_dags/tutorial_dag.py for tasks to queue
[2023-10-11T07:15:20.924+0000] {logging_mixin.py:151} INFO - [2023-10-11T07:15:20.924+0000] {dagbag.py:539} INFO - Filling up the DagBag from /home/airflow/.local/lib/python3.8/site-packages/airflow/example_dags/tutorial_dag.py
[2023-10-11T07:15:20.928+0000] {processor.py:839} INFO - DAG(s) dict_keys(['tutorial_dag']) retrieved from /home/airflow/.local/lib/python3.8/site-packages/airflow/example_dags/tutorial_dag.py
[2023-10-11T07:15:20.942+0000] {logging_mixin.py:151} INFO - [2023-10-11T07:15:20.942+0000] {dag.py:2915} INFO - Sync 1 DAGs
[2023-10-11T07:15:20.951+0000] {logging_mixin.py:151} INFO - [2023-10-11T07:15:20.950+0000] {dag.py:3696} INFO - Setting next_dagrun for tutorial_dag to None, run_after=None
[2023-10-11T07:15:20.979+0000] {processor.py:179} INFO - Processing /home/airflow/.local/lib/python3.8/site-packages/airflow/example_dags/tutorial_dag.py took 0.060 seconds
[2023-10-11T07:15:51.743+0000] {processor.py:157} INFO - Started process (PID=7071) to work on /home/airflow/.local/lib/python3.8/site-packages/airflow/example_dags/tutorial_dag.py
[2023-10-11T07:15:51.744+0000] {processor.py:829} INFO - Processing file /home/airflow/.local/lib/python3.8/site-packages/airflow/example_dags/tutorial_dag.py for tasks to queue
[2023-10-11T07:15:51.744+0000] {logging_mixin.py:151} INFO - [2023-10-11T07:15:51.744+0000] {dagbag.py:539} INFO - Filling up the DagBag from /home/airflow/.local/lib/python3.8/site-packages/airflow/example_dags/tutorial_dag.py
[2023-10-11T07:15:51.748+0000] {processor.py:839} INFO - DAG(s) dict_keys(['tutorial_dag']) retrieved from /home/airflow/.local/lib/python3.8/site-packages/airflow/example_dags/tutorial_dag.py
[2023-10-11T07:15:51.782+0000] {logging_mixin.py:151} INFO - [2023-10-11T07:15:51.781+0000] {dag.py:2915} INFO - Sync 1 DAGs
[2023-10-11T07:15:51.789+0000] {logging_mixin.py:151} INFO - [2023-10-11T07:15:51.789+0000] {dag.py:3696} INFO - Setting next_dagrun for tutorial_dag to None, run_after=None
[2023-10-11T07:15:51.802+0000] {processor.py:179} INFO - Processing /home/airflow/.local/lib/python3.8/site-packages/airflow/example_dags/tutorial_dag.py took 0.061 seconds
[2023-10-11T07:16:22.613+0000] {processor.py:157} INFO - Started process (PID=7314) to work on /home/airflow/.local/lib/python3.8/site-packages/airflow/example_dags/tutorial_dag.py
[2023-10-11T07:16:22.614+0000] {processor.py:829} INFO - Processing file /home/airflow/.local/lib/python3.8/site-packages/airflow/example_dags/tutorial_dag.py for tasks to queue
[2023-10-11T07:16:22.615+0000] {logging_mixin.py:151} INFO - [2023-10-11T07:16:22.614+0000] {dagbag.py:539} INFO - Filling up the DagBag from /home/airflow/.local/lib/python3.8/site-packages/airflow/example_dags/tutorial_dag.py
[2023-10-11T07:16:22.619+0000] {processor.py:839} INFO - DAG(s) dict_keys(['tutorial_dag']) retrieved from /home/airflow/.local/lib/python3.8/site-packages/airflow/example_dags/tutorial_dag.py
[2023-10-11T07:16:22.636+0000] {logging_mixin.py:151} INFO - [2023-10-11T07:16:22.635+0000] {dag.py:2915} INFO - Sync 1 DAGs
[2023-10-11T07:16:22.643+0000] {logging_mixin.py:151} INFO - [2023-10-11T07:16:22.643+0000] {dag.py:3696} INFO - Setting next_dagrun for tutorial_dag to None, run_after=None
[2023-10-11T07:16:22.699+0000] {processor.py:179} INFO - Processing /home/airflow/.local/lib/python3.8/site-packages/airflow/example_dags/tutorial_dag.py took 0.089 seconds
[2023-10-11T07:16:55.424+0000] {processor.py:157} INFO - Started process (PID=7560) to work on /home/airflow/.local/lib/python3.8/site-packages/airflow/example_dags/tutorial_dag.py
[2023-10-11T07:16:55.430+0000] {processor.py:829} INFO - Processing file /home/airflow/.local/lib/python3.8/site-packages/airflow/example_dags/tutorial_dag.py for tasks to queue
[2023-10-11T07:16:55.432+0000] {logging_mixin.py:151} INFO - [2023-10-11T07:16:55.431+0000] {dagbag.py:539} INFO - Filling up the DagBag from /home/airflow/.local/lib/python3.8/site-packages/airflow/example_dags/tutorial_dag.py
[2023-10-11T07:16:55.446+0000] {processor.py:839} INFO - DAG(s) dict_keys(['tutorial_dag']) retrieved from /home/airflow/.local/lib/python3.8/site-packages/airflow/example_dags/tutorial_dag.py
[2023-10-11T07:16:55.507+0000] {logging_mixin.py:151} INFO - [2023-10-11T07:16:55.507+0000] {dag.py:2915} INFO - Sync 1 DAGs
[2023-10-11T07:16:55.525+0000] {logging_mixin.py:151} INFO - [2023-10-11T07:16:55.525+0000] {dag.py:3696} INFO - Setting next_dagrun for tutorial_dag to None, run_after=None
[2023-10-11T07:16:55.562+0000] {processor.py:179} INFO - Processing /home/airflow/.local/lib/python3.8/site-packages/airflow/example_dags/tutorial_dag.py took 0.144 seconds
[2023-10-11T07:17:25.717+0000] {processor.py:157} INFO - Started process (PID=7798) to work on /home/airflow/.local/lib/python3.8/site-packages/airflow/example_dags/tutorial_dag.py
[2023-10-11T07:17:25.724+0000] {processor.py:829} INFO - Processing file /home/airflow/.local/lib/python3.8/site-packages/airflow/example_dags/tutorial_dag.py for tasks to queue
[2023-10-11T07:17:25.740+0000] {logging_mixin.py:151} INFO - [2023-10-11T07:17:25.739+0000] {dagbag.py:539} INFO - Filling up the DagBag from /home/airflow/.local/lib/python3.8/site-packages/airflow/example_dags/tutorial_dag.py
[2023-10-11T07:17:25.787+0000] {processor.py:839} INFO - DAG(s) dict_keys(['tutorial_dag']) retrieved from /home/airflow/.local/lib/python3.8/site-packages/airflow/example_dags/tutorial_dag.py
[2023-10-11T07:17:25.902+0000] {logging_mixin.py:151} INFO - [2023-10-11T07:17:25.901+0000] {dag.py:2915} INFO - Sync 1 DAGs
[2023-10-11T07:17:25.931+0000] {logging_mixin.py:151} INFO - [2023-10-11T07:17:25.931+0000] {dag.py:3696} INFO - Setting next_dagrun for tutorial_dag to None, run_after=None
[2023-10-11T07:17:26.017+0000] {processor.py:179} INFO - Processing /home/airflow/.local/lib/python3.8/site-packages/airflow/example_dags/tutorial_dag.py took 0.310 seconds
[2023-10-11T07:17:56.818+0000] {processor.py:157} INFO - Started process (PID=8041) to work on /home/airflow/.local/lib/python3.8/site-packages/airflow/example_dags/tutorial_dag.py
[2023-10-11T07:17:56.821+0000] {processor.py:829} INFO - Processing file /home/airflow/.local/lib/python3.8/site-packages/airflow/example_dags/tutorial_dag.py for tasks to queue
[2023-10-11T07:17:56.824+0000] {logging_mixin.py:151} INFO - [2023-10-11T07:17:56.823+0000] {dagbag.py:539} INFO - Filling up the DagBag from /home/airflow/.local/lib/python3.8/site-packages/airflow/example_dags/tutorial_dag.py
[2023-10-11T07:17:56.835+0000] {processor.py:839} INFO - DAG(s) dict_keys(['tutorial_dag']) retrieved from /home/airflow/.local/lib/python3.8/site-packages/airflow/example_dags/tutorial_dag.py
[2023-10-11T07:17:56.897+0000] {logging_mixin.py:151} INFO - [2023-10-11T07:17:56.897+0000] {dag.py:2915} INFO - Sync 1 DAGs
[2023-10-11T07:17:56.919+0000] {logging_mixin.py:151} INFO - [2023-10-11T07:17:56.918+0000] {dag.py:3696} INFO - Setting next_dagrun for tutorial_dag to None, run_after=None
[2023-10-11T07:17:56.949+0000] {processor.py:179} INFO - Processing /home/airflow/.local/lib/python3.8/site-packages/airflow/example_dags/tutorial_dag.py took 0.138 seconds
[2023-10-11T07:18:27.413+0000] {processor.py:157} INFO - Started process (PID=8286) to work on /home/airflow/.local/lib/python3.8/site-packages/airflow/example_dags/tutorial_dag.py
[2023-10-11T07:18:27.414+0000] {processor.py:829} INFO - Processing file /home/airflow/.local/lib/python3.8/site-packages/airflow/example_dags/tutorial_dag.py for tasks to queue
[2023-10-11T07:18:27.415+0000] {logging_mixin.py:151} INFO - [2023-10-11T07:18:27.415+0000] {dagbag.py:539} INFO - Filling up the DagBag from /home/airflow/.local/lib/python3.8/site-packages/airflow/example_dags/tutorial_dag.py
[2023-10-11T07:18:27.421+0000] {processor.py:839} INFO - DAG(s) dict_keys(['tutorial_dag']) retrieved from /home/airflow/.local/lib/python3.8/site-packages/airflow/example_dags/tutorial_dag.py
[2023-10-11T07:18:27.446+0000] {logging_mixin.py:151} INFO - [2023-10-11T07:18:27.446+0000] {dag.py:2915} INFO - Sync 1 DAGs
[2023-10-11T07:18:27.476+0000] {logging_mixin.py:151} INFO - [2023-10-11T07:18:27.476+0000] {dag.py:3696} INFO - Setting next_dagrun for tutorial_dag to None, run_after=None
[2023-10-11T07:18:27.502+0000] {processor.py:179} INFO - Processing /home/airflow/.local/lib/python3.8/site-packages/airflow/example_dags/tutorial_dag.py took 0.093 seconds
[2023-10-11T07:18:57.700+0000] {processor.py:157} INFO - Started process (PID=8529) to work on /home/airflow/.local/lib/python3.8/site-packages/airflow/example_dags/tutorial_dag.py
[2023-10-11T07:18:57.702+0000] {processor.py:829} INFO - Processing file /home/airflow/.local/lib/python3.8/site-packages/airflow/example_dags/tutorial_dag.py for tasks to queue
[2023-10-11T07:18:57.703+0000] {logging_mixin.py:151} INFO - [2023-10-11T07:18:57.703+0000] {dagbag.py:539} INFO - Filling up the DagBag from /home/airflow/.local/lib/python3.8/site-packages/airflow/example_dags/tutorial_dag.py
[2023-10-11T07:18:57.710+0000] {processor.py:839} INFO - DAG(s) dict_keys(['tutorial_dag']) retrieved from /home/airflow/.local/lib/python3.8/site-packages/airflow/example_dags/tutorial_dag.py
[2023-10-11T07:18:57.731+0000] {logging_mixin.py:151} INFO - [2023-10-11T07:18:57.731+0000] {dag.py:2915} INFO - Sync 1 DAGs
[2023-10-11T07:18:57.741+0000] {logging_mixin.py:151} INFO - [2023-10-11T07:18:57.741+0000] {dag.py:3696} INFO - Setting next_dagrun for tutorial_dag to None, run_after=None
[2023-10-11T07:18:57.774+0000] {processor.py:179} INFO - Processing /home/airflow/.local/lib/python3.8/site-packages/airflow/example_dags/tutorial_dag.py took 0.079 seconds
[2023-10-11T07:19:27.977+0000] {processor.py:157} INFO - Started process (PID=8772) to work on /home/airflow/.local/lib/python3.8/site-packages/airflow/example_dags/tutorial_dag.py
[2023-10-11T07:19:27.978+0000] {processor.py:829} INFO - Processing file /home/airflow/.local/lib/python3.8/site-packages/airflow/example_dags/tutorial_dag.py for tasks to queue
[2023-10-11T07:19:27.979+0000] {logging_mixin.py:151} INFO - [2023-10-11T07:19:27.979+0000] {dagbag.py:539} INFO - Filling up the DagBag from /home/airflow/.local/lib/python3.8/site-packages/airflow/example_dags/tutorial_dag.py
[2023-10-11T07:19:27.984+0000] {processor.py:839} INFO - DAG(s) dict_keys(['tutorial_dag']) retrieved from /home/airflow/.local/lib/python3.8/site-packages/airflow/example_dags/tutorial_dag.py
[2023-10-11T07:19:28.006+0000] {logging_mixin.py:151} INFO - [2023-10-11T07:19:28.006+0000] {dag.py:2915} INFO - Sync 1 DAGs
[2023-10-11T07:19:28.016+0000] {logging_mixin.py:151} INFO - [2023-10-11T07:19:28.016+0000] {dag.py:3696} INFO - Setting next_dagrun for tutorial_dag to None, run_after=None
[2023-10-11T07:19:28.032+0000] {processor.py:179} INFO - Processing /home/airflow/.local/lib/python3.8/site-packages/airflow/example_dags/tutorial_dag.py took 0.059 seconds
[2023-10-11T07:19:58.872+0000] {processor.py:157} INFO - Started process (PID=9013) to work on /home/airflow/.local/lib/python3.8/site-packages/airflow/example_dags/tutorial_dag.py
[2023-10-11T07:19:58.873+0000] {processor.py:829} INFO - Processing file /home/airflow/.local/lib/python3.8/site-packages/airflow/example_dags/tutorial_dag.py for tasks to queue
[2023-10-11T07:19:58.875+0000] {logging_mixin.py:151} INFO - [2023-10-11T07:19:58.874+0000] {dagbag.py:539} INFO - Filling up the DagBag from /home/airflow/.local/lib/python3.8/site-packages/airflow/example_dags/tutorial_dag.py
[2023-10-11T07:19:58.880+0000] {processor.py:839} INFO - DAG(s) dict_keys(['tutorial_dag']) retrieved from /home/airflow/.local/lib/python3.8/site-packages/airflow/example_dags/tutorial_dag.py
[2023-10-11T07:19:58.902+0000] {logging_mixin.py:151} INFO - [2023-10-11T07:19:58.901+0000] {dag.py:2915} INFO - Sync 1 DAGs
[2023-10-11T07:19:58.913+0000] {logging_mixin.py:151} INFO - [2023-10-11T07:19:58.913+0000] {dag.py:3696} INFO - Setting next_dagrun for tutorial_dag to None, run_after=None
[2023-10-11T07:19:58.929+0000] {processor.py:179} INFO - Processing /home/airflow/.local/lib/python3.8/site-packages/airflow/example_dags/tutorial_dag.py took 0.061 seconds
[2023-10-11T07:20:29.200+0000] {processor.py:157} INFO - Started process (PID=9258) to work on /home/airflow/.local/lib/python3.8/site-packages/airflow/example_dags/tutorial_dag.py
[2023-10-11T07:20:29.202+0000] {processor.py:829} INFO - Processing file /home/airflow/.local/lib/python3.8/site-packages/airflow/example_dags/tutorial_dag.py for tasks to queue
[2023-10-11T07:20:29.204+0000] {logging_mixin.py:151} INFO - [2023-10-11T07:20:29.203+0000] {dagbag.py:539} INFO - Filling up the DagBag from /home/airflow/.local/lib/python3.8/site-packages/airflow/example_dags/tutorial_dag.py
[2023-10-11T07:20:29.221+0000] {processor.py:839} INFO - DAG(s) dict_keys(['tutorial_dag']) retrieved from /home/airflow/.local/lib/python3.8/site-packages/airflow/example_dags/tutorial_dag.py
[2023-10-11T07:20:29.266+0000] {logging_mixin.py:151} INFO - [2023-10-11T07:20:29.266+0000] {dag.py:2915} INFO - Sync 1 DAGs
[2023-10-11T07:20:29.288+0000] {logging_mixin.py:151} INFO - [2023-10-11T07:20:29.288+0000] {dag.py:3696} INFO - Setting next_dagrun for tutorial_dag to None, run_after=None
[2023-10-11T07:20:29.308+0000] {processor.py:179} INFO - Processing /home/airflow/.local/lib/python3.8/site-packages/airflow/example_dags/tutorial_dag.py took 0.115 seconds
[2023-10-11T07:21:00.173+0000] {processor.py:157} INFO - Started process (PID=9501) to work on /home/airflow/.local/lib/python3.8/site-packages/airflow/example_dags/tutorial_dag.py
[2023-10-11T07:21:00.174+0000] {processor.py:829} INFO - Processing file /home/airflow/.local/lib/python3.8/site-packages/airflow/example_dags/tutorial_dag.py for tasks to queue
[2023-10-11T07:21:00.176+0000] {logging_mixin.py:151} INFO - [2023-10-11T07:21:00.175+0000] {dagbag.py:539} INFO - Filling up the DagBag from /home/airflow/.local/lib/python3.8/site-packages/airflow/example_dags/tutorial_dag.py
[2023-10-11T07:21:00.185+0000] {processor.py:839} INFO - DAG(s) dict_keys(['tutorial_dag']) retrieved from /home/airflow/.local/lib/python3.8/site-packages/airflow/example_dags/tutorial_dag.py
[2023-10-11T07:21:00.231+0000] {logging_mixin.py:151} INFO - [2023-10-11T07:21:00.231+0000] {dag.py:2915} INFO - Sync 1 DAGs
[2023-10-11T07:21:00.248+0000] {logging_mixin.py:151} INFO - [2023-10-11T07:21:00.247+0000] {dag.py:3696} INFO - Setting next_dagrun for tutorial_dag to None, run_after=None
[2023-10-11T07:21:00.291+0000] {processor.py:179} INFO - Processing /home/airflow/.local/lib/python3.8/site-packages/airflow/example_dags/tutorial_dag.py took 0.123 seconds
[2023-10-11T07:21:30.471+0000] {processor.py:157} INFO - Started process (PID=9744) to work on /home/airflow/.local/lib/python3.8/site-packages/airflow/example_dags/tutorial_dag.py
[2023-10-11T07:21:30.472+0000] {processor.py:829} INFO - Processing file /home/airflow/.local/lib/python3.8/site-packages/airflow/example_dags/tutorial_dag.py for tasks to queue
[2023-10-11T07:21:30.473+0000] {logging_mixin.py:151} INFO - [2023-10-11T07:21:30.473+0000] {dagbag.py:539} INFO - Filling up the DagBag from /home/airflow/.local/lib/python3.8/site-packages/airflow/example_dags/tutorial_dag.py
[2023-10-11T07:21:30.477+0000] {processor.py:839} INFO - DAG(s) dict_keys(['tutorial_dag']) retrieved from /home/airflow/.local/lib/python3.8/site-packages/airflow/example_dags/tutorial_dag.py
[2023-10-11T07:21:30.492+0000] {logging_mixin.py:151} INFO - [2023-10-11T07:21:30.491+0000] {dag.py:2915} INFO - Sync 1 DAGs
[2023-10-11T07:21:30.498+0000] {logging_mixin.py:151} INFO - [2023-10-11T07:21:30.498+0000] {dag.py:3696} INFO - Setting next_dagrun for tutorial_dag to None, run_after=None
[2023-10-11T07:21:30.509+0000] {processor.py:179} INFO - Processing /home/airflow/.local/lib/python3.8/site-packages/airflow/example_dags/tutorial_dag.py took 0.040 seconds
[2023-10-11T07:22:01.631+0000] {processor.py:157} INFO - Started process (PID=9987) to work on /home/airflow/.local/lib/python3.8/site-packages/airflow/example_dags/tutorial_dag.py
[2023-10-11T07:22:01.633+0000] {processor.py:829} INFO - Processing file /home/airflow/.local/lib/python3.8/site-packages/airflow/example_dags/tutorial_dag.py for tasks to queue
[2023-10-11T07:22:01.634+0000] {logging_mixin.py:151} INFO - [2023-10-11T07:22:01.634+0000] {dagbag.py:539} INFO - Filling up the DagBag from /home/airflow/.local/lib/python3.8/site-packages/airflow/example_dags/tutorial_dag.py
[2023-10-11T07:22:01.642+0000] {processor.py:839} INFO - DAG(s) dict_keys(['tutorial_dag']) retrieved from /home/airflow/.local/lib/python3.8/site-packages/airflow/example_dags/tutorial_dag.py
[2023-10-11T07:22:01.671+0000] {logging_mixin.py:151} INFO - [2023-10-11T07:22:01.671+0000] {dag.py:2915} INFO - Sync 1 DAGs
[2023-10-11T07:22:01.693+0000] {logging_mixin.py:151} INFO - [2023-10-11T07:22:01.693+0000] {dag.py:3696} INFO - Setting next_dagrun for tutorial_dag to None, run_after=None
[2023-10-11T07:22:01.718+0000] {processor.py:179} INFO - Processing /home/airflow/.local/lib/python3.8/site-packages/airflow/example_dags/tutorial_dag.py took 0.092 seconds
[2023-10-11T07:22:32.395+0000] {processor.py:157} INFO - Started process (PID=10230) to work on /home/airflow/.local/lib/python3.8/site-packages/airflow/example_dags/tutorial_dag.py
[2023-10-11T07:22:32.396+0000] {processor.py:829} INFO - Processing file /home/airflow/.local/lib/python3.8/site-packages/airflow/example_dags/tutorial_dag.py for tasks to queue
[2023-10-11T07:22:32.397+0000] {logging_mixin.py:151} INFO - [2023-10-11T07:22:32.397+0000] {dagbag.py:539} INFO - Filling up the DagBag from /home/airflow/.local/lib/python3.8/site-packages/airflow/example_dags/tutorial_dag.py
[2023-10-11T07:22:32.401+0000] {processor.py:839} INFO - DAG(s) dict_keys(['tutorial_dag']) retrieved from /home/airflow/.local/lib/python3.8/site-packages/airflow/example_dags/tutorial_dag.py
[2023-10-11T07:22:32.417+0000] {logging_mixin.py:151} INFO - [2023-10-11T07:22:32.417+0000] {dag.py:2915} INFO - Sync 1 DAGs
[2023-10-11T07:22:32.425+0000] {logging_mixin.py:151} INFO - [2023-10-11T07:22:32.425+0000] {dag.py:3696} INFO - Setting next_dagrun for tutorial_dag to None, run_after=None
[2023-10-11T07:22:32.436+0000] {processor.py:179} INFO - Processing /home/airflow/.local/lib/python3.8/site-packages/airflow/example_dags/tutorial_dag.py took 0.043 seconds
[2023-10-11T07:23:02.680+0000] {processor.py:157} INFO - Started process (PID=10471) to work on /home/airflow/.local/lib/python3.8/site-packages/airflow/example_dags/tutorial_dag.py
[2023-10-11T07:23:02.680+0000] {processor.py:829} INFO - Processing file /home/airflow/.local/lib/python3.8/site-packages/airflow/example_dags/tutorial_dag.py for tasks to queue
[2023-10-11T07:23:02.681+0000] {logging_mixin.py:151} INFO - [2023-10-11T07:23:02.681+0000] {dagbag.py:539} INFO - Filling up the DagBag from /home/airflow/.local/lib/python3.8/site-packages/airflow/example_dags/tutorial_dag.py
[2023-10-11T07:23:02.685+0000] {processor.py:839} INFO - DAG(s) dict_keys(['tutorial_dag']) retrieved from /home/airflow/.local/lib/python3.8/site-packages/airflow/example_dags/tutorial_dag.py
[2023-10-11T07:23:02.702+0000] {logging_mixin.py:151} INFO - [2023-10-11T07:23:02.702+0000] {dag.py:2915} INFO - Sync 1 DAGs
[2023-10-11T07:23:02.712+0000] {logging_mixin.py:151} INFO - [2023-10-11T07:23:02.711+0000] {dag.py:3696} INFO - Setting next_dagrun for tutorial_dag to None, run_after=None
[2023-10-11T07:23:02.724+0000] {processor.py:179} INFO - Processing /home/airflow/.local/lib/python3.8/site-packages/airflow/example_dags/tutorial_dag.py took 0.047 seconds
[2023-10-11T07:23:32.788+0000] {processor.py:157} INFO - Started process (PID=10714) to work on /home/airflow/.local/lib/python3.8/site-packages/airflow/example_dags/tutorial_dag.py
[2023-10-11T07:23:32.789+0000] {processor.py:829} INFO - Processing file /home/airflow/.local/lib/python3.8/site-packages/airflow/example_dags/tutorial_dag.py for tasks to queue
[2023-10-11T07:23:32.790+0000] {logging_mixin.py:151} INFO - [2023-10-11T07:23:32.790+0000] {dagbag.py:539} INFO - Filling up the DagBag from /home/airflow/.local/lib/python3.8/site-packages/airflow/example_dags/tutorial_dag.py
[2023-10-11T07:23:32.794+0000] {processor.py:839} INFO - DAG(s) dict_keys(['tutorial_dag']) retrieved from /home/airflow/.local/lib/python3.8/site-packages/airflow/example_dags/tutorial_dag.py
[2023-10-11T07:23:32.809+0000] {logging_mixin.py:151} INFO - [2023-10-11T07:23:32.809+0000] {dag.py:2915} INFO - Sync 1 DAGs
[2023-10-11T07:23:32.818+0000] {logging_mixin.py:151} INFO - [2023-10-11T07:23:32.817+0000] {dag.py:3696} INFO - Setting next_dagrun for tutorial_dag to None, run_after=None
[2023-10-11T07:23:32.831+0000] {processor.py:179} INFO - Processing /home/airflow/.local/lib/python3.8/site-packages/airflow/example_dags/tutorial_dag.py took 0.045 seconds
[2023-10-11T07:24:02.928+0000] {processor.py:157} INFO - Started process (PID=10957) to work on /home/airflow/.local/lib/python3.8/site-packages/airflow/example_dags/tutorial_dag.py
[2023-10-11T07:24:02.929+0000] {processor.py:829} INFO - Processing file /home/airflow/.local/lib/python3.8/site-packages/airflow/example_dags/tutorial_dag.py for tasks to queue
[2023-10-11T07:24:02.929+0000] {logging_mixin.py:151} INFO - [2023-10-11T07:24:02.929+0000] {dagbag.py:539} INFO - Filling up the DagBag from /home/airflow/.local/lib/python3.8/site-packages/airflow/example_dags/tutorial_dag.py
[2023-10-11T07:24:02.933+0000] {processor.py:839} INFO - DAG(s) dict_keys(['tutorial_dag']) retrieved from /home/airflow/.local/lib/python3.8/site-packages/airflow/example_dags/tutorial_dag.py
[2023-10-11T07:24:02.947+0000] {logging_mixin.py:151} INFO - [2023-10-11T07:24:02.947+0000] {dag.py:2915} INFO - Sync 1 DAGs
[2023-10-11T07:24:02.962+0000] {logging_mixin.py:151} INFO - [2023-10-11T07:24:02.962+0000] {dag.py:3696} INFO - Setting next_dagrun for tutorial_dag to None, run_after=None
[2023-10-11T07:24:02.984+0000] {processor.py:179} INFO - Processing /home/airflow/.local/lib/python3.8/site-packages/airflow/example_dags/tutorial_dag.py took 0.059 seconds
[2023-10-11T07:24:33.609+0000] {processor.py:157} INFO - Started process (PID=11202) to work on /home/airflow/.local/lib/python3.8/site-packages/airflow/example_dags/tutorial_dag.py
[2023-10-11T07:24:33.611+0000] {processor.py:829} INFO - Processing file /home/airflow/.local/lib/python3.8/site-packages/airflow/example_dags/tutorial_dag.py for tasks to queue
[2023-10-11T07:24:33.612+0000] {logging_mixin.py:151} INFO - [2023-10-11T07:24:33.612+0000] {dagbag.py:539} INFO - Filling up the DagBag from /home/airflow/.local/lib/python3.8/site-packages/airflow/example_dags/tutorial_dag.py
[2023-10-11T07:24:33.617+0000] {processor.py:839} INFO - DAG(s) dict_keys(['tutorial_dag']) retrieved from /home/airflow/.local/lib/python3.8/site-packages/airflow/example_dags/tutorial_dag.py
[2023-10-11T07:24:33.640+0000] {logging_mixin.py:151} INFO - [2023-10-11T07:24:33.640+0000] {dag.py:2915} INFO - Sync 1 DAGs
[2023-10-11T07:24:33.675+0000] {logging_mixin.py:151} INFO - [2023-10-11T07:24:33.675+0000] {dag.py:3696} INFO - Setting next_dagrun for tutorial_dag to None, run_after=None
[2023-10-11T07:24:33.699+0000] {processor.py:179} INFO - Processing /home/airflow/.local/lib/python3.8/site-packages/airflow/example_dags/tutorial_dag.py took 0.093 seconds
[2023-10-11T07:25:04.595+0000] {processor.py:157} INFO - Started process (PID=11443) to work on /home/airflow/.local/lib/python3.8/site-packages/airflow/example_dags/tutorial_dag.py
[2023-10-11T07:25:04.596+0000] {processor.py:829} INFO - Processing file /home/airflow/.local/lib/python3.8/site-packages/airflow/example_dags/tutorial_dag.py for tasks to queue
[2023-10-11T07:25:04.597+0000] {logging_mixin.py:151} INFO - [2023-10-11T07:25:04.597+0000] {dagbag.py:539} INFO - Filling up the DagBag from /home/airflow/.local/lib/python3.8/site-packages/airflow/example_dags/tutorial_dag.py
[2023-10-11T07:25:04.602+0000] {processor.py:839} INFO - DAG(s) dict_keys(['tutorial_dag']) retrieved from /home/airflow/.local/lib/python3.8/site-packages/airflow/example_dags/tutorial_dag.py
[2023-10-11T07:25:04.620+0000] {logging_mixin.py:151} INFO - [2023-10-11T07:25:04.620+0000] {dag.py:2915} INFO - Sync 1 DAGs
[2023-10-11T07:25:04.627+0000] {logging_mixin.py:151} INFO - [2023-10-11T07:25:04.627+0000] {dag.py:3696} INFO - Setting next_dagrun for tutorial_dag to None, run_after=None
[2023-10-11T07:25:04.642+0000] {processor.py:179} INFO - Processing /home/airflow/.local/lib/python3.8/site-packages/airflow/example_dags/tutorial_dag.py took 0.050 seconds
[2023-10-11T07:25:35.006+0000] {processor.py:157} INFO - Started process (PID=11688) to work on /home/airflow/.local/lib/python3.8/site-packages/airflow/example_dags/tutorial_dag.py
[2023-10-11T07:25:35.007+0000] {processor.py:829} INFO - Processing file /home/airflow/.local/lib/python3.8/site-packages/airflow/example_dags/tutorial_dag.py for tasks to queue
[2023-10-11T07:25:35.009+0000] {logging_mixin.py:151} INFO - [2023-10-11T07:25:35.008+0000] {dagbag.py:539} INFO - Filling up the DagBag from /home/airflow/.local/lib/python3.8/site-packages/airflow/example_dags/tutorial_dag.py
[2023-10-11T07:25:35.015+0000] {processor.py:839} INFO - DAG(s) dict_keys(['tutorial_dag']) retrieved from /home/airflow/.local/lib/python3.8/site-packages/airflow/example_dags/tutorial_dag.py
[2023-10-11T07:25:35.056+0000] {logging_mixin.py:151} INFO - [2023-10-11T07:25:35.056+0000] {dag.py:2915} INFO - Sync 1 DAGs
[2023-10-11T07:25:35.090+0000] {logging_mixin.py:151} INFO - [2023-10-11T07:25:35.090+0000] {dag.py:3696} INFO - Setting next_dagrun for tutorial_dag to None, run_after=None
[2023-10-11T07:25:35.114+0000] {processor.py:179} INFO - Processing /home/airflow/.local/lib/python3.8/site-packages/airflow/example_dags/tutorial_dag.py took 0.113 seconds
[2023-10-11T07:26:05.286+0000] {processor.py:157} INFO - Started process (PID=11931) to work on /home/airflow/.local/lib/python3.8/site-packages/airflow/example_dags/tutorial_dag.py
[2023-10-11T07:26:05.287+0000] {processor.py:829} INFO - Processing file /home/airflow/.local/lib/python3.8/site-packages/airflow/example_dags/tutorial_dag.py for tasks to queue
[2023-10-11T07:26:05.288+0000] {logging_mixin.py:151} INFO - [2023-10-11T07:26:05.288+0000] {dagbag.py:539} INFO - Filling up the DagBag from /home/airflow/.local/lib/python3.8/site-packages/airflow/example_dags/tutorial_dag.py
[2023-10-11T07:26:05.294+0000] {processor.py:839} INFO - DAG(s) dict_keys(['tutorial_dag']) retrieved from /home/airflow/.local/lib/python3.8/site-packages/airflow/example_dags/tutorial_dag.py
[2023-10-11T07:26:05.321+0000] {logging_mixin.py:151} INFO - [2023-10-11T07:26:05.321+0000] {dag.py:2915} INFO - Sync 1 DAGs
[2023-10-11T07:26:05.333+0000] {logging_mixin.py:151} INFO - [2023-10-11T07:26:05.333+0000] {dag.py:3696} INFO - Setting next_dagrun for tutorial_dag to None, run_after=None
[2023-10-11T07:26:05.377+0000] {processor.py:179} INFO - Processing /home/airflow/.local/lib/python3.8/site-packages/airflow/example_dags/tutorial_dag.py took 0.096 seconds
[2023-10-11T07:26:36.189+0000] {processor.py:157} INFO - Started process (PID=12172) to work on /home/airflow/.local/lib/python3.8/site-packages/airflow/example_dags/tutorial_dag.py
[2023-10-11T07:26:36.192+0000] {processor.py:829} INFO - Processing file /home/airflow/.local/lib/python3.8/site-packages/airflow/example_dags/tutorial_dag.py for tasks to queue
[2023-10-11T07:26:36.193+0000] {logging_mixin.py:151} INFO - [2023-10-11T07:26:36.193+0000] {dagbag.py:539} INFO - Filling up the DagBag from /home/airflow/.local/lib/python3.8/site-packages/airflow/example_dags/tutorial_dag.py
[2023-10-11T07:26:36.207+0000] {processor.py:839} INFO - DAG(s) dict_keys(['tutorial_dag']) retrieved from /home/airflow/.local/lib/python3.8/site-packages/airflow/example_dags/tutorial_dag.py
[2023-10-11T07:26:36.236+0000] {logging_mixin.py:151} INFO - [2023-10-11T07:26:36.235+0000] {dag.py:2915} INFO - Sync 1 DAGs
[2023-10-11T07:26:36.253+0000] {logging_mixin.py:151} INFO - [2023-10-11T07:26:36.251+0000] {dag.py:3696} INFO - Setting next_dagrun for tutorial_dag to None, run_after=None
[2023-10-11T07:26:36.286+0000] {processor.py:179} INFO - Processing /home/airflow/.local/lib/python3.8/site-packages/airflow/example_dags/tutorial_dag.py took 0.101 seconds
[2023-10-11T07:27:06.817+0000] {processor.py:157} INFO - Started process (PID=12417) to work on /home/airflow/.local/lib/python3.8/site-packages/airflow/example_dags/tutorial_dag.py
[2023-10-11T07:27:06.818+0000] {processor.py:829} INFO - Processing file /home/airflow/.local/lib/python3.8/site-packages/airflow/example_dags/tutorial_dag.py for tasks to queue
[2023-10-11T07:27:06.820+0000] {logging_mixin.py:151} INFO - [2023-10-11T07:27:06.820+0000] {dagbag.py:539} INFO - Filling up the DagBag from /home/airflow/.local/lib/python3.8/site-packages/airflow/example_dags/tutorial_dag.py
[2023-10-11T07:27:06.829+0000] {processor.py:839} INFO - DAG(s) dict_keys(['tutorial_dag']) retrieved from /home/airflow/.local/lib/python3.8/site-packages/airflow/example_dags/tutorial_dag.py
[2023-10-11T07:27:06.869+0000] {logging_mixin.py:151} INFO - [2023-10-11T07:27:06.869+0000] {dag.py:2915} INFO - Sync 1 DAGs
[2023-10-11T07:27:06.886+0000] {logging_mixin.py:151} INFO - [2023-10-11T07:27:06.886+0000] {dag.py:3696} INFO - Setting next_dagrun for tutorial_dag to None, run_after=None
[2023-10-11T07:27:06.903+0000] {processor.py:179} INFO - Processing /home/airflow/.local/lib/python3.8/site-packages/airflow/example_dags/tutorial_dag.py took 0.094 seconds
[2023-10-11T07:27:37.305+0000] {processor.py:157} INFO - Started process (PID=12658) to work on /home/airflow/.local/lib/python3.8/site-packages/airflow/example_dags/tutorial_dag.py
[2023-10-11T07:27:37.305+0000] {processor.py:829} INFO - Processing file /home/airflow/.local/lib/python3.8/site-packages/airflow/example_dags/tutorial_dag.py for tasks to queue
[2023-10-11T07:27:37.306+0000] {logging_mixin.py:151} INFO - [2023-10-11T07:27:37.306+0000] {dagbag.py:539} INFO - Filling up the DagBag from /home/airflow/.local/lib/python3.8/site-packages/airflow/example_dags/tutorial_dag.py
[2023-10-11T07:27:37.310+0000] {processor.py:839} INFO - DAG(s) dict_keys(['tutorial_dag']) retrieved from /home/airflow/.local/lib/python3.8/site-packages/airflow/example_dags/tutorial_dag.py
[2023-10-11T07:27:37.324+0000] {logging_mixin.py:151} INFO - [2023-10-11T07:27:37.324+0000] {dag.py:2915} INFO - Sync 1 DAGs
[2023-10-11T07:27:37.331+0000] {logging_mixin.py:151} INFO - [2023-10-11T07:27:37.330+0000] {dag.py:3696} INFO - Setting next_dagrun for tutorial_dag to None, run_after=None
[2023-10-11T07:27:37.340+0000] {processor.py:179} INFO - Processing /home/airflow/.local/lib/python3.8/site-packages/airflow/example_dags/tutorial_dag.py took 0.038 seconds
[2023-10-11T07:28:07.517+0000] {processor.py:157} INFO - Started process (PID=12903) to work on /home/airflow/.local/lib/python3.8/site-packages/airflow/example_dags/tutorial_dag.py
[2023-10-11T07:28:07.518+0000] {processor.py:829} INFO - Processing file /home/airflow/.local/lib/python3.8/site-packages/airflow/example_dags/tutorial_dag.py for tasks to queue
[2023-10-11T07:28:07.519+0000] {logging_mixin.py:151} INFO - [2023-10-11T07:28:07.518+0000] {dagbag.py:539} INFO - Filling up the DagBag from /home/airflow/.local/lib/python3.8/site-packages/airflow/example_dags/tutorial_dag.py
[2023-10-11T07:28:07.522+0000] {processor.py:839} INFO - DAG(s) dict_keys(['tutorial_dag']) retrieved from /home/airflow/.local/lib/python3.8/site-packages/airflow/example_dags/tutorial_dag.py
[2023-10-11T07:28:07.537+0000] {logging_mixin.py:151} INFO - [2023-10-11T07:28:07.537+0000] {dag.py:2915} INFO - Sync 1 DAGs
[2023-10-11T07:28:07.550+0000] {logging_mixin.py:151} INFO - [2023-10-11T07:28:07.548+0000] {dag.py:3696} INFO - Setting next_dagrun for tutorial_dag to None, run_after=None
[2023-10-11T07:28:07.575+0000] {processor.py:179} INFO - Processing /home/airflow/.local/lib/python3.8/site-packages/airflow/example_dags/tutorial_dag.py took 0.061 seconds
[2023-10-11T07:28:37.850+0000] {processor.py:157} INFO - Started process (PID=13144) to work on /home/airflow/.local/lib/python3.8/site-packages/airflow/example_dags/tutorial_dag.py
[2023-10-11T07:28:37.851+0000] {processor.py:829} INFO - Processing file /home/airflow/.local/lib/python3.8/site-packages/airflow/example_dags/tutorial_dag.py for tasks to queue
[2023-10-11T07:28:37.852+0000] {logging_mixin.py:151} INFO - [2023-10-11T07:28:37.852+0000] {dagbag.py:539} INFO - Filling up the DagBag from /home/airflow/.local/lib/python3.8/site-packages/airflow/example_dags/tutorial_dag.py
[2023-10-11T07:28:37.861+0000] {processor.py:839} INFO - DAG(s) dict_keys(['tutorial_dag']) retrieved from /home/airflow/.local/lib/python3.8/site-packages/airflow/example_dags/tutorial_dag.py
[2023-10-11T07:28:37.880+0000] {logging_mixin.py:151} INFO - [2023-10-11T07:28:37.880+0000] {dag.py:2915} INFO - Sync 1 DAGs
[2023-10-11T07:28:37.887+0000] {logging_mixin.py:151} INFO - [2023-10-11T07:28:37.887+0000] {dag.py:3696} INFO - Setting next_dagrun for tutorial_dag to None, run_after=None
[2023-10-11T07:28:37.896+0000] {processor.py:179} INFO - Processing /home/airflow/.local/lib/python3.8/site-packages/airflow/example_dags/tutorial_dag.py took 0.059 seconds
