[2023-10-11T07:06:28.629+0000] {processor.py:157} INFO - Started process (PID=2547) to work on /opt/airflow/dags/randomdag.py
[2023-10-11T07:06:28.630+0000] {processor.py:829} INFO - Processing file /opt/airflow/dags/randomdag.py for tasks to queue
[2023-10-11T07:06:28.631+0000] {logging_mixin.py:151} INFO - [2023-10-11T07:06:28.630+0000] {dagbag.py:539} INFO - Filling up the DagBag from /opt/airflow/dags/randomdag.py
[2023-10-11T07:06:28.697+0000] {processor.py:839} INFO - DAG(s) dict_keys(['random']) retrieved from /opt/airflow/dags/randomdag.py
[2023-10-11T07:06:28.783+0000] {logging_mixin.py:151} INFO - [2023-10-11T07:06:28.782+0000] {manager.py:499} INFO - Created Permission View: %s
[2023-10-11T07:06:28.788+0000] {logging_mixin.py:151} INFO - [2023-10-11T07:06:28.788+0000] {manager.py:499} INFO - Created Permission View: %s
[2023-10-11T07:06:28.790+0000] {logging_mixin.py:151} INFO - [2023-10-11T07:06:28.790+0000] {manager.py:499} INFO - Created Permission View: %s
[2023-10-11T07:06:28.790+0000] {logging_mixin.py:151} INFO - [2023-10-11T07:06:28.790+0000] {security.py:708} INFO - Not syncing DAG-level permissions for DAG 'DAG:random' as access control is unset.
[2023-10-11T07:06:28.791+0000] {logging_mixin.py:151} INFO - [2023-10-11T07:06:28.791+0000] {dag.py:2915} INFO - Sync 1 DAGs
[2023-10-11T07:06:28.797+0000] {logging_mixin.py:151} INFO - [2023-10-11T07:06:28.797+0000] {dag.py:2937} INFO - Creating ORM DAG for random
[2023-10-11T07:06:28.804+0000] {logging_mixin.py:151} INFO - [2023-10-11T07:06:28.804+0000] {dag.py:3696} INFO - Setting next_dagrun for random to 2023-10-10T00:00:00+00:00, run_after=2023-10-11T00:00:00+00:00
[2023-10-11T07:06:28.812+0000] {processor.py:179} INFO - Processing /opt/airflow/dags/randomdag.py took 0.189 seconds
[2023-10-11T07:06:59.021+0000] {processor.py:157} INFO - Started process (PID=2789) to work on /opt/airflow/dags/randomdag.py
[2023-10-11T07:06:59.023+0000] {processor.py:829} INFO - Processing file /opt/airflow/dags/randomdag.py for tasks to queue
[2023-10-11T07:06:59.025+0000] {logging_mixin.py:151} INFO - [2023-10-11T07:06:59.024+0000] {dagbag.py:539} INFO - Filling up the DagBag from /opt/airflow/dags/randomdag.py
[2023-10-11T07:06:59.047+0000] {processor.py:839} INFO - DAG(s) dict_keys(['random']) retrieved from /opt/airflow/dags/randomdag.py
[2023-10-11T07:06:59.113+0000] {logging_mixin.py:151} INFO - [2023-10-11T07:06:59.113+0000] {dag.py:2915} INFO - Sync 1 DAGs
[2023-10-11T07:06:59.137+0000] {logging_mixin.py:151} INFO - [2023-10-11T07:06:59.137+0000] {dag.py:3696} INFO - Setting next_dagrun for random to 2023-10-10T00:00:00+00:00, run_after=2023-10-11T00:00:00+00:00
[2023-10-11T07:06:59.186+0000] {processor.py:179} INFO - Processing /opt/airflow/dags/randomdag.py took 0.172 seconds
[2023-10-11T07:07:29.501+0000] {processor.py:157} INFO - Started process (PID=3031) to work on /opt/airflow/dags/randomdag.py
[2023-10-11T07:07:29.502+0000] {processor.py:829} INFO - Processing file /opt/airflow/dags/randomdag.py for tasks to queue
[2023-10-11T07:07:29.503+0000] {logging_mixin.py:151} INFO - [2023-10-11T07:07:29.502+0000] {dagbag.py:539} INFO - Filling up the DagBag from /opt/airflow/dags/randomdag.py
[2023-10-11T07:07:29.538+0000] {processor.py:839} INFO - DAG(s) dict_keys(['random']) retrieved from /opt/airflow/dags/randomdag.py
[2023-10-11T07:07:29.591+0000] {logging_mixin.py:151} INFO - [2023-10-11T07:07:29.591+0000] {dag.py:2915} INFO - Sync 1 DAGs
[2023-10-11T07:07:29.624+0000] {logging_mixin.py:151} INFO - [2023-10-11T07:07:29.624+0000] {dag.py:3696} INFO - Setting next_dagrun for random to 2023-10-10T00:00:00+00:00, run_after=2023-10-11T00:00:00+00:00
[2023-10-11T07:07:29.639+0000] {processor.py:179} INFO - Processing /opt/airflow/dags/randomdag.py took 0.143 seconds
[2023-10-11T07:08:00.428+0000] {processor.py:157} INFO - Started process (PID=3306) to work on /opt/airflow/dags/randomdag.py
[2023-10-11T07:08:00.430+0000] {processor.py:829} INFO - Processing file /opt/airflow/dags/randomdag.py for tasks to queue
[2023-10-11T07:08:00.434+0000] {logging_mixin.py:151} INFO - [2023-10-11T07:08:00.433+0000] {dagbag.py:539} INFO - Filling up the DagBag from /opt/airflow/dags/randomdag.py
[2023-10-11T07:08:00.541+0000] {processor.py:839} INFO - DAG(s) dict_keys(['random']) retrieved from /opt/airflow/dags/randomdag.py
[2023-10-11T07:08:00.603+0000] {logging_mixin.py:151} INFO - [2023-10-11T07:08:00.603+0000] {dag.py:2915} INFO - Sync 1 DAGs
[2023-10-11T07:08:00.625+0000] {logging_mixin.py:151} INFO - [2023-10-11T07:08:00.625+0000] {dag.py:3696} INFO - Setting next_dagrun for random to 2023-10-11T00:00:00+00:00, run_after=2023-10-12T00:00:00+00:00
[2023-10-11T07:08:00.638+0000] {processor.py:179} INFO - Processing /opt/airflow/dags/randomdag.py took 0.224 seconds
[2023-10-11T07:08:31.542+0000] {processor.py:157} INFO - Started process (PID=3549) to work on /opt/airflow/dags/randomdag.py
[2023-10-11T07:08:31.544+0000] {processor.py:829} INFO - Processing file /opt/airflow/dags/randomdag.py for tasks to queue
[2023-10-11T07:08:31.546+0000] {logging_mixin.py:151} INFO - [2023-10-11T07:08:31.545+0000] {dagbag.py:539} INFO - Filling up the DagBag from /opt/airflow/dags/randomdag.py
[2023-10-11T07:08:31.583+0000] {processor.py:839} INFO - DAG(s) dict_keys(['random']) retrieved from /opt/airflow/dags/randomdag.py
[2023-10-11T07:08:31.630+0000] {logging_mixin.py:151} INFO - [2023-10-11T07:08:31.630+0000] {dag.py:2915} INFO - Sync 1 DAGs
[2023-10-11T07:08:31.653+0000] {logging_mixin.py:151} INFO - [2023-10-11T07:08:31.653+0000] {dag.py:3696} INFO - Setting next_dagrun for random to 2023-10-11T00:00:00+00:00, run_after=2023-10-12T00:00:00+00:00
[2023-10-11T07:08:31.692+0000] {processor.py:179} INFO - Processing /opt/airflow/dags/randomdag.py took 0.163 seconds
[2023-10-11T07:09:02.273+0000] {processor.py:157} INFO - Started process (PID=3792) to work on /opt/airflow/dags/randomdag.py
[2023-10-11T07:09:02.288+0000] {processor.py:829} INFO - Processing file /opt/airflow/dags/randomdag.py for tasks to queue
[2023-10-11T07:09:02.299+0000] {logging_mixin.py:151} INFO - [2023-10-11T07:09:02.294+0000] {dagbag.py:539} INFO - Filling up the DagBag from /opt/airflow/dags/randomdag.py
[2023-10-11T07:09:02.421+0000] {processor.py:839} INFO - DAG(s) dict_keys(['random']) retrieved from /opt/airflow/dags/randomdag.py
[2023-10-11T07:09:02.520+0000] {logging_mixin.py:151} INFO - [2023-10-11T07:09:02.519+0000] {dag.py:2915} INFO - Sync 1 DAGs
[2023-10-11T07:09:02.549+0000] {logging_mixin.py:151} INFO - [2023-10-11T07:09:02.549+0000] {dag.py:3696} INFO - Setting next_dagrun for random to 2023-10-11T00:00:00+00:00, run_after=2023-10-12T00:00:00+00:00
[2023-10-11T07:09:02.599+0000] {processor.py:179} INFO - Processing /opt/airflow/dags/randomdag.py took 0.366 seconds
[2023-10-11T07:09:33.122+0000] {processor.py:157} INFO - Started process (PID=4035) to work on /opt/airflow/dags/randomdag.py
[2023-10-11T07:09:33.124+0000] {processor.py:829} INFO - Processing file /opt/airflow/dags/randomdag.py for tasks to queue
[2023-10-11T07:09:33.128+0000] {logging_mixin.py:151} INFO - [2023-10-11T07:09:33.126+0000] {dagbag.py:539} INFO - Filling up the DagBag from /opt/airflow/dags/randomdag.py
[2023-10-11T07:09:33.165+0000] {processor.py:839} INFO - DAG(s) dict_keys(['random']) retrieved from /opt/airflow/dags/randomdag.py
[2023-10-11T07:09:33.208+0000] {logging_mixin.py:151} INFO - [2023-10-11T07:09:33.207+0000] {dag.py:2915} INFO - Sync 1 DAGs
[2023-10-11T07:09:33.223+0000] {logging_mixin.py:151} INFO - [2023-10-11T07:09:33.223+0000] {dag.py:3696} INFO - Setting next_dagrun for random to 2023-10-11T00:00:00+00:00, run_after=2023-10-12T00:00:00+00:00
[2023-10-11T07:09:33.233+0000] {processor.py:179} INFO - Processing /opt/airflow/dags/randomdag.py took 0.114 seconds
[2023-10-11T07:10:03.620+0000] {processor.py:157} INFO - Started process (PID=4278) to work on /opt/airflow/dags/randomdag.py
[2023-10-11T07:10:03.622+0000] {processor.py:829} INFO - Processing file /opt/airflow/dags/randomdag.py for tasks to queue
[2023-10-11T07:10:03.623+0000] {logging_mixin.py:151} INFO - [2023-10-11T07:10:03.622+0000] {dagbag.py:539} INFO - Filling up the DagBag from /opt/airflow/dags/randomdag.py
[2023-10-11T07:10:03.753+0000] {processor.py:839} INFO - DAG(s) dict_keys(['random']) retrieved from /opt/airflow/dags/randomdag.py
[2023-10-11T07:10:03.921+0000] {logging_mixin.py:151} INFO - [2023-10-11T07:10:03.921+0000] {dag.py:2915} INFO - Sync 1 DAGs
[2023-10-11T07:10:03.947+0000] {logging_mixin.py:151} INFO - [2023-10-11T07:10:03.947+0000] {dag.py:3696} INFO - Setting next_dagrun for random to 2023-10-11T00:00:00+00:00, run_after=2023-10-12T00:00:00+00:00
[2023-10-11T07:10:03.996+0000] {processor.py:179} INFO - Processing /opt/airflow/dags/randomdag.py took 0.380 seconds
[2023-10-11T07:10:34.249+0000] {processor.py:157} INFO - Started process (PID=4521) to work on /opt/airflow/dags/randomdag.py
[2023-10-11T07:10:34.262+0000] {processor.py:829} INFO - Processing file /opt/airflow/dags/randomdag.py for tasks to queue
[2023-10-11T07:10:34.266+0000] {logging_mixin.py:151} INFO - [2023-10-11T07:10:34.266+0000] {dagbag.py:539} INFO - Filling up the DagBag from /opt/airflow/dags/randomdag.py
[2023-10-11T07:10:34.316+0000] {processor.py:839} INFO - DAG(s) dict_keys(['random']) retrieved from /opt/airflow/dags/randomdag.py
[2023-10-11T07:10:34.347+0000] {logging_mixin.py:151} INFO - [2023-10-11T07:10:34.347+0000] {dag.py:2915} INFO - Sync 1 DAGs
[2023-10-11T07:10:34.407+0000] {logging_mixin.py:151} INFO - [2023-10-11T07:10:34.406+0000] {dag.py:3696} INFO - Setting next_dagrun for random to 2023-10-11T00:00:00+00:00, run_after=2023-10-12T00:00:00+00:00
[2023-10-11T07:10:34.421+0000] {processor.py:179} INFO - Processing /opt/airflow/dags/randomdag.py took 0.177 seconds
[2023-10-11T07:11:04.830+0000] {processor.py:157} INFO - Started process (PID=4764) to work on /opt/airflow/dags/randomdag.py
[2023-10-11T07:11:04.832+0000] {processor.py:829} INFO - Processing file /opt/airflow/dags/randomdag.py for tasks to queue
[2023-10-11T07:11:04.834+0000] {logging_mixin.py:151} INFO - [2023-10-11T07:11:04.833+0000] {dagbag.py:539} INFO - Filling up the DagBag from /opt/airflow/dags/randomdag.py
[2023-10-11T07:11:04.861+0000] {processor.py:839} INFO - DAG(s) dict_keys(['random']) retrieved from /opt/airflow/dags/randomdag.py
[2023-10-11T07:11:04.927+0000] {logging_mixin.py:151} INFO - [2023-10-11T07:11:04.927+0000] {dag.py:2915} INFO - Sync 1 DAGs
[2023-10-11T07:11:04.946+0000] {logging_mixin.py:151} INFO - [2023-10-11T07:11:04.946+0000] {dag.py:3696} INFO - Setting next_dagrun for random to 2023-10-11T00:00:00+00:00, run_after=2023-10-12T00:00:00+00:00
[2023-10-11T07:11:04.986+0000] {processor.py:179} INFO - Processing /opt/airflow/dags/randomdag.py took 0.162 seconds
[2023-10-11T07:11:35.199+0000] {processor.py:157} INFO - Started process (PID=5007) to work on /opt/airflow/dags/randomdag.py
[2023-10-11T07:11:35.200+0000] {processor.py:829} INFO - Processing file /opt/airflow/dags/randomdag.py for tasks to queue
[2023-10-11T07:11:35.201+0000] {logging_mixin.py:151} INFO - [2023-10-11T07:11:35.200+0000] {dagbag.py:539} INFO - Filling up the DagBag from /opt/airflow/dags/randomdag.py
[2023-10-11T07:11:35.215+0000] {processor.py:839} INFO - DAG(s) dict_keys(['random']) retrieved from /opt/airflow/dags/randomdag.py
[2023-10-11T07:11:35.239+0000] {logging_mixin.py:151} INFO - [2023-10-11T07:11:35.239+0000] {dag.py:2915} INFO - Sync 1 DAGs
[2023-10-11T07:11:35.283+0000] {logging_mixin.py:151} INFO - [2023-10-11T07:11:35.283+0000] {dag.py:3696} INFO - Setting next_dagrun for random to 2023-10-11T00:00:00+00:00, run_after=2023-10-12T00:00:00+00:00
[2023-10-11T07:11:35.304+0000] {processor.py:179} INFO - Processing /opt/airflow/dags/randomdag.py took 0.110 seconds
[2023-10-11T07:12:05.730+0000] {processor.py:157} INFO - Started process (PID=5250) to work on /opt/airflow/dags/randomdag.py
[2023-10-11T07:12:05.734+0000] {processor.py:829} INFO - Processing file /opt/airflow/dags/randomdag.py for tasks to queue
[2023-10-11T07:12:05.738+0000] {logging_mixin.py:151} INFO - [2023-10-11T07:12:05.736+0000] {dagbag.py:539} INFO - Filling up the DagBag from /opt/airflow/dags/randomdag.py
[2023-10-11T07:12:05.803+0000] {processor.py:839} INFO - DAG(s) dict_keys(['random']) retrieved from /opt/airflow/dags/randomdag.py
[2023-10-11T07:12:05.837+0000] {logging_mixin.py:151} INFO - [2023-10-11T07:12:05.837+0000] {dag.py:2915} INFO - Sync 1 DAGs
[2023-10-11T07:12:05.890+0000] {logging_mixin.py:151} INFO - [2023-10-11T07:12:05.890+0000] {dag.py:3696} INFO - Setting next_dagrun for random to 2023-10-11T00:00:00+00:00, run_after=2023-10-12T00:00:00+00:00
[2023-10-11T07:12:05.910+0000] {processor.py:179} INFO - Processing /opt/airflow/dags/randomdag.py took 0.183 seconds
[2023-10-11T07:12:35.986+0000] {processor.py:157} INFO - Started process (PID=5493) to work on /opt/airflow/dags/randomdag.py
[2023-10-11T07:12:35.990+0000] {processor.py:829} INFO - Processing file /opt/airflow/dags/randomdag.py for tasks to queue
[2023-10-11T07:12:35.994+0000] {logging_mixin.py:151} INFO - [2023-10-11T07:12:35.992+0000] {dagbag.py:539} INFO - Filling up the DagBag from /opt/airflow/dags/randomdag.py
[2023-10-11T07:12:36.018+0000] {processor.py:839} INFO - DAG(s) dict_keys(['random']) retrieved from /opt/airflow/dags/randomdag.py
[2023-10-11T07:12:36.046+0000] {logging_mixin.py:151} INFO - [2023-10-11T07:12:36.046+0000] {dag.py:2915} INFO - Sync 1 DAGs
[2023-10-11T07:12:36.073+0000] {logging_mixin.py:151} INFO - [2023-10-11T07:12:36.073+0000] {dag.py:3696} INFO - Setting next_dagrun for random to 2023-10-11T00:00:00+00:00, run_after=2023-10-12T00:00:00+00:00
[2023-10-11T07:12:36.104+0000] {processor.py:179} INFO - Processing /opt/airflow/dags/randomdag.py took 0.127 seconds
[2023-10-11T07:13:06.829+0000] {processor.py:157} INFO - Started process (PID=5736) to work on /opt/airflow/dags/randomdag.py
[2023-10-11T07:13:06.831+0000] {processor.py:829} INFO - Processing file /opt/airflow/dags/randomdag.py for tasks to queue
[2023-10-11T07:13:06.832+0000] {logging_mixin.py:151} INFO - [2023-10-11T07:13:06.832+0000] {dagbag.py:539} INFO - Filling up the DagBag from /opt/airflow/dags/randomdag.py
[2023-10-11T07:13:06.861+0000] {processor.py:839} INFO - DAG(s) dict_keys(['random']) retrieved from /opt/airflow/dags/randomdag.py
[2023-10-11T07:13:06.898+0000] {logging_mixin.py:151} INFO - [2023-10-11T07:13:06.898+0000] {dag.py:2915} INFO - Sync 1 DAGs
[2023-10-11T07:13:06.935+0000] {logging_mixin.py:151} INFO - [2023-10-11T07:13:06.935+0000] {dag.py:3696} INFO - Setting next_dagrun for random to 2023-10-11T00:00:00+00:00, run_after=2023-10-12T00:00:00+00:00
[2023-10-11T07:13:06.958+0000] {processor.py:179} INFO - Processing /opt/airflow/dags/randomdag.py took 0.137 seconds
[2023-10-11T07:13:37.410+0000] {processor.py:157} INFO - Started process (PID=5979) to work on /opt/airflow/dags/randomdag.py
[2023-10-11T07:13:37.411+0000] {processor.py:829} INFO - Processing file /opt/airflow/dags/randomdag.py for tasks to queue
[2023-10-11T07:13:37.411+0000] {logging_mixin.py:151} INFO - [2023-10-11T07:13:37.411+0000] {dagbag.py:539} INFO - Filling up the DagBag from /opt/airflow/dags/randomdag.py
[2023-10-11T07:13:37.420+0000] {processor.py:839} INFO - DAG(s) dict_keys(['random']) retrieved from /opt/airflow/dags/randomdag.py
[2023-10-11T07:13:37.436+0000] {logging_mixin.py:151} INFO - [2023-10-11T07:13:37.436+0000] {dag.py:2915} INFO - Sync 1 DAGs
[2023-10-11T07:13:37.451+0000] {logging_mixin.py:151} INFO - [2023-10-11T07:13:37.451+0000] {dag.py:3696} INFO - Setting next_dagrun for random to 2023-10-11T00:00:00+00:00, run_after=2023-10-12T00:00:00+00:00
[2023-10-11T07:13:37.477+0000] {processor.py:179} INFO - Processing /opt/airflow/dags/randomdag.py took 0.069 seconds
[2023-10-11T07:14:07.916+0000] {processor.py:157} INFO - Started process (PID=6222) to work on /opt/airflow/dags/randomdag.py
[2023-10-11T07:14:07.917+0000] {processor.py:829} INFO - Processing file /opt/airflow/dags/randomdag.py for tasks to queue
[2023-10-11T07:14:07.918+0000] {logging_mixin.py:151} INFO - [2023-10-11T07:14:07.917+0000] {dagbag.py:539} INFO - Filling up the DagBag from /opt/airflow/dags/randomdag.py
[2023-10-11T07:14:07.935+0000] {processor.py:839} INFO - DAG(s) dict_keys(['random']) retrieved from /opt/airflow/dags/randomdag.py
[2023-10-11T07:14:07.973+0000] {logging_mixin.py:151} INFO - [2023-10-11T07:14:07.973+0000] {dag.py:2915} INFO - Sync 1 DAGs
[2023-10-11T07:14:08.011+0000] {logging_mixin.py:151} INFO - [2023-10-11T07:14:08.011+0000] {dag.py:3696} INFO - Setting next_dagrun for random to 2023-10-11T00:00:00+00:00, run_after=2023-10-12T00:00:00+00:00
[2023-10-11T07:14:08.026+0000] {processor.py:179} INFO - Processing /opt/airflow/dags/randomdag.py took 0.115 seconds
[2023-10-11T07:14:38.398+0000] {processor.py:157} INFO - Started process (PID=6465) to work on /opt/airflow/dags/randomdag.py
[2023-10-11T07:14:38.401+0000] {processor.py:829} INFO - Processing file /opt/airflow/dags/randomdag.py for tasks to queue
[2023-10-11T07:14:38.402+0000] {logging_mixin.py:151} INFO - [2023-10-11T07:14:38.401+0000] {dagbag.py:539} INFO - Filling up the DagBag from /opt/airflow/dags/randomdag.py
[2023-10-11T07:14:38.417+0000] {processor.py:839} INFO - DAG(s) dict_keys(['random']) retrieved from /opt/airflow/dags/randomdag.py
[2023-10-11T07:14:38.441+0000] {logging_mixin.py:151} INFO - [2023-10-11T07:14:38.441+0000] {dag.py:2915} INFO - Sync 1 DAGs
[2023-10-11T07:14:38.493+0000] {logging_mixin.py:151} INFO - [2023-10-11T07:14:38.493+0000] {dag.py:3696} INFO - Setting next_dagrun for random to 2023-10-11T00:00:00+00:00, run_after=2023-10-12T00:00:00+00:00
[2023-10-11T07:14:38.507+0000] {processor.py:179} INFO - Processing /opt/airflow/dags/randomdag.py took 0.114 seconds
[2023-10-11T07:15:08.846+0000] {processor.py:157} INFO - Started process (PID=6708) to work on /opt/airflow/dags/randomdag.py
[2023-10-11T07:15:08.858+0000] {processor.py:829} INFO - Processing file /opt/airflow/dags/randomdag.py for tasks to queue
[2023-10-11T07:15:08.861+0000] {logging_mixin.py:151} INFO - [2023-10-11T07:15:08.859+0000] {dagbag.py:539} INFO - Filling up the DagBag from /opt/airflow/dags/randomdag.py
[2023-10-11T07:15:08.885+0000] {processor.py:839} INFO - DAG(s) dict_keys(['random']) retrieved from /opt/airflow/dags/randomdag.py
[2023-10-11T07:15:08.908+0000] {logging_mixin.py:151} INFO - [2023-10-11T07:15:08.907+0000] {dag.py:2915} INFO - Sync 1 DAGs
[2023-10-11T07:15:08.925+0000] {logging_mixin.py:151} INFO - [2023-10-11T07:15:08.925+0000] {dag.py:3696} INFO - Setting next_dagrun for random to 2023-10-11T00:00:00+00:00, run_after=2023-10-12T00:00:00+00:00
[2023-10-11T07:15:08.936+0000] {processor.py:179} INFO - Processing /opt/airflow/dags/randomdag.py took 0.095 seconds
[2023-10-11T07:15:39.519+0000] {processor.py:157} INFO - Started process (PID=6951) to work on /opt/airflow/dags/randomdag.py
[2023-10-11T07:15:39.522+0000] {processor.py:829} INFO - Processing file /opt/airflow/dags/randomdag.py for tasks to queue
[2023-10-11T07:15:39.523+0000] {logging_mixin.py:151} INFO - [2023-10-11T07:15:39.522+0000] {dagbag.py:539} INFO - Filling up the DagBag from /opt/airflow/dags/randomdag.py
[2023-10-11T07:15:39.542+0000] {processor.py:839} INFO - DAG(s) dict_keys(['random']) retrieved from /opt/airflow/dags/randomdag.py
[2023-10-11T07:15:39.576+0000] {logging_mixin.py:151} INFO - [2023-10-11T07:15:39.576+0000] {dag.py:2915} INFO - Sync 1 DAGs
[2023-10-11T07:15:39.624+0000] {logging_mixin.py:151} INFO - [2023-10-11T07:15:39.624+0000] {dag.py:3696} INFO - Setting next_dagrun for random to 2023-10-11T00:00:00+00:00, run_after=2023-10-12T00:00:00+00:00
[2023-10-11T07:15:39.638+0000] {processor.py:179} INFO - Processing /opt/airflow/dags/randomdag.py took 0.124 seconds
[2023-10-11T07:16:09.994+0000] {processor.py:157} INFO - Started process (PID=7194) to work on /opt/airflow/dags/randomdag.py
[2023-10-11T07:16:09.996+0000] {processor.py:829} INFO - Processing file /opt/airflow/dags/randomdag.py for tasks to queue
[2023-10-11T07:16:09.997+0000] {logging_mixin.py:151} INFO - [2023-10-11T07:16:09.996+0000] {dagbag.py:539} INFO - Filling up the DagBag from /opt/airflow/dags/randomdag.py
[2023-10-11T07:16:10.013+0000] {processor.py:839} INFO - DAG(s) dict_keys(['random']) retrieved from /opt/airflow/dags/randomdag.py
[2023-10-11T07:16:10.068+0000] {logging_mixin.py:151} INFO - [2023-10-11T07:16:10.067+0000] {dag.py:2915} INFO - Sync 1 DAGs
[2023-10-11T07:16:10.091+0000] {logging_mixin.py:151} INFO - [2023-10-11T07:16:10.091+0000] {dag.py:3696} INFO - Setting next_dagrun for random to 2023-10-11T00:00:00+00:00, run_after=2023-10-12T00:00:00+00:00
[2023-10-11T07:16:10.103+0000] {processor.py:179} INFO - Processing /opt/airflow/dags/randomdag.py took 0.114 seconds
[2023-10-11T07:16:40.393+0000] {processor.py:157} INFO - Started process (PID=7437) to work on /opt/airflow/dags/randomdag.py
[2023-10-11T07:16:40.398+0000] {processor.py:829} INFO - Processing file /opt/airflow/dags/randomdag.py for tasks to queue
[2023-10-11T07:16:40.401+0000] {logging_mixin.py:151} INFO - [2023-10-11T07:16:40.400+0000] {dagbag.py:539} INFO - Filling up the DagBag from /opt/airflow/dags/randomdag.py
[2023-10-11T07:16:40.427+0000] {processor.py:839} INFO - DAG(s) dict_keys(['random']) retrieved from /opt/airflow/dags/randomdag.py
[2023-10-11T07:16:40.486+0000] {logging_mixin.py:151} INFO - [2023-10-11T07:16:40.485+0000] {dag.py:2915} INFO - Sync 1 DAGs
[2023-10-11T07:16:40.517+0000] {logging_mixin.py:151} INFO - [2023-10-11T07:16:40.516+0000] {dag.py:3696} INFO - Setting next_dagrun for random to 2023-10-11T00:00:00+00:00, run_after=2023-10-12T00:00:00+00:00
[2023-10-11T07:16:40.528+0000] {processor.py:179} INFO - Processing /opt/airflow/dags/randomdag.py took 0.151 seconds
[2023-10-11T07:17:10.944+0000] {processor.py:157} INFO - Started process (PID=7680) to work on /opt/airflow/dags/randomdag.py
[2023-10-11T07:17:10.957+0000] {processor.py:829} INFO - Processing file /opt/airflow/dags/randomdag.py for tasks to queue
[2023-10-11T07:17:10.966+0000] {logging_mixin.py:151} INFO - [2023-10-11T07:17:10.962+0000] {dagbag.py:539} INFO - Filling up the DagBag from /opt/airflow/dags/randomdag.py
[2023-10-11T07:17:11.004+0000] {processor.py:839} INFO - DAG(s) dict_keys(['random']) retrieved from /opt/airflow/dags/randomdag.py
[2023-10-11T07:17:11.042+0000] {logging_mixin.py:151} INFO - [2023-10-11T07:17:11.042+0000] {dag.py:2915} INFO - Sync 1 DAGs
[2023-10-11T07:17:11.110+0000] {logging_mixin.py:151} INFO - [2023-10-11T07:17:11.110+0000] {dag.py:3696} INFO - Setting next_dagrun for random to 2023-10-11T00:00:00+00:00, run_after=2023-10-12T00:00:00+00:00
[2023-10-11T07:17:11.126+0000] {processor.py:179} INFO - Processing /opt/airflow/dags/randomdag.py took 0.191 seconds
[2023-10-11T07:17:41.611+0000] {processor.py:157} INFO - Started process (PID=7923) to work on /opt/airflow/dags/randomdag.py
[2023-10-11T07:17:41.612+0000] {processor.py:829} INFO - Processing file /opt/airflow/dags/randomdag.py for tasks to queue
[2023-10-11T07:17:41.614+0000] {logging_mixin.py:151} INFO - [2023-10-11T07:17:41.613+0000] {dagbag.py:539} INFO - Filling up the DagBag from /opt/airflow/dags/randomdag.py
[2023-10-11T07:17:41.639+0000] {processor.py:839} INFO - DAG(s) dict_keys(['random']) retrieved from /opt/airflow/dags/randomdag.py
[2023-10-11T07:17:41.702+0000] {logging_mixin.py:151} INFO - [2023-10-11T07:17:41.702+0000] {dag.py:2915} INFO - Sync 1 DAGs
[2023-10-11T07:17:41.769+0000] {logging_mixin.py:151} INFO - [2023-10-11T07:17:41.768+0000] {dag.py:3696} INFO - Setting next_dagrun for random to 2023-10-11T00:00:00+00:00, run_after=2023-10-12T00:00:00+00:00
[2023-10-11T07:17:41.804+0000] {processor.py:179} INFO - Processing /opt/airflow/dags/randomdag.py took 0.201 seconds
[2023-10-11T07:18:12.293+0000] {processor.py:157} INFO - Started process (PID=8166) to work on /opt/airflow/dags/randomdag.py
[2023-10-11T07:18:12.294+0000] {processor.py:829} INFO - Processing file /opt/airflow/dags/randomdag.py for tasks to queue
[2023-10-11T07:18:12.295+0000] {logging_mixin.py:151} INFO - [2023-10-11T07:18:12.295+0000] {dagbag.py:539} INFO - Filling up the DagBag from /opt/airflow/dags/randomdag.py
[2023-10-11T07:18:12.333+0000] {processor.py:839} INFO - DAG(s) dict_keys(['random']) retrieved from /opt/airflow/dags/randomdag.py
[2023-10-11T07:18:12.382+0000] {logging_mixin.py:151} INFO - [2023-10-11T07:18:12.382+0000] {dag.py:2915} INFO - Sync 1 DAGs
[2023-10-11T07:18:12.400+0000] {logging_mixin.py:151} INFO - [2023-10-11T07:18:12.400+0000] {dag.py:3696} INFO - Setting next_dagrun for random to 2023-10-11T00:00:00+00:00, run_after=2023-10-12T00:00:00+00:00
[2023-10-11T07:18:12.412+0000] {processor.py:179} INFO - Processing /opt/airflow/dags/randomdag.py took 0.125 seconds
[2023-10-11T07:18:42.915+0000] {processor.py:157} INFO - Started process (PID=8409) to work on /opt/airflow/dags/randomdag.py
[2023-10-11T07:18:42.916+0000] {processor.py:829} INFO - Processing file /opt/airflow/dags/randomdag.py for tasks to queue
[2023-10-11T07:18:42.918+0000] {logging_mixin.py:151} INFO - [2023-10-11T07:18:42.917+0000] {dagbag.py:539} INFO - Filling up the DagBag from /opt/airflow/dags/randomdag.py
[2023-10-11T07:18:42.939+0000] {processor.py:839} INFO - DAG(s) dict_keys(['random']) retrieved from /opt/airflow/dags/randomdag.py
[2023-10-11T07:18:43.012+0000] {logging_mixin.py:151} INFO - [2023-10-11T07:18:43.012+0000] {dag.py:2915} INFO - Sync 1 DAGs
[2023-10-11T07:18:43.035+0000] {logging_mixin.py:151} INFO - [2023-10-11T07:18:43.035+0000] {dag.py:3696} INFO - Setting next_dagrun for random to 2023-10-11T00:00:00+00:00, run_after=2023-10-12T00:00:00+00:00
[2023-10-11T07:18:43.076+0000] {processor.py:179} INFO - Processing /opt/airflow/dags/randomdag.py took 0.166 seconds
[2023-10-11T07:19:13.375+0000] {processor.py:157} INFO - Started process (PID=8652) to work on /opt/airflow/dags/randomdag.py
[2023-10-11T07:19:13.377+0000] {processor.py:829} INFO - Processing file /opt/airflow/dags/randomdag.py for tasks to queue
[2023-10-11T07:19:13.378+0000] {logging_mixin.py:151} INFO - [2023-10-11T07:19:13.378+0000] {dagbag.py:539} INFO - Filling up the DagBag from /opt/airflow/dags/randomdag.py
[2023-10-11T07:19:13.412+0000] {processor.py:839} INFO - DAG(s) dict_keys(['random']) retrieved from /opt/airflow/dags/randomdag.py
[2023-10-11T07:19:13.445+0000] {logging_mixin.py:151} INFO - [2023-10-11T07:19:13.444+0000] {dag.py:2915} INFO - Sync 1 DAGs
[2023-10-11T07:19:13.490+0000] {logging_mixin.py:151} INFO - [2023-10-11T07:19:13.490+0000] {dag.py:3696} INFO - Setting next_dagrun for random to 2023-10-11T00:00:00+00:00, run_after=2023-10-12T00:00:00+00:00
[2023-10-11T07:19:13.503+0000] {processor.py:179} INFO - Processing /opt/airflow/dags/randomdag.py took 0.131 seconds
[2023-10-11T07:19:43.731+0000] {processor.py:157} INFO - Started process (PID=8895) to work on /opt/airflow/dags/randomdag.py
[2023-10-11T07:19:43.733+0000] {processor.py:829} INFO - Processing file /opt/airflow/dags/randomdag.py for tasks to queue
[2023-10-11T07:19:43.734+0000] {logging_mixin.py:151} INFO - [2023-10-11T07:19:43.734+0000] {dagbag.py:539} INFO - Filling up the DagBag from /opt/airflow/dags/randomdag.py
[2023-10-11T07:19:43.784+0000] {processor.py:839} INFO - DAG(s) dict_keys(['random']) retrieved from /opt/airflow/dags/randomdag.py
[2023-10-11T07:19:43.836+0000] {logging_mixin.py:151} INFO - [2023-10-11T07:19:43.836+0000] {dag.py:2915} INFO - Sync 1 DAGs
[2023-10-11T07:19:43.890+0000] {logging_mixin.py:151} INFO - [2023-10-11T07:19:43.889+0000] {dag.py:3696} INFO - Setting next_dagrun for random to 2023-10-11T00:00:00+00:00, run_after=2023-10-12T00:00:00+00:00
[2023-10-11T07:19:43.907+0000] {processor.py:179} INFO - Processing /opt/airflow/dags/randomdag.py took 0.186 seconds
[2023-10-11T07:20:14.091+0000] {processor.py:157} INFO - Started process (PID=9138) to work on /opt/airflow/dags/randomdag.py
[2023-10-11T07:20:14.093+0000] {processor.py:829} INFO - Processing file /opt/airflow/dags/randomdag.py for tasks to queue
[2023-10-11T07:20:14.094+0000] {logging_mixin.py:151} INFO - [2023-10-11T07:20:14.094+0000] {dagbag.py:539} INFO - Filling up the DagBag from /opt/airflow/dags/randomdag.py
[2023-10-11T07:20:14.115+0000] {processor.py:839} INFO - DAG(s) dict_keys(['random']) retrieved from /opt/airflow/dags/randomdag.py
[2023-10-11T07:20:14.170+0000] {logging_mixin.py:151} INFO - [2023-10-11T07:20:14.170+0000] {dag.py:2915} INFO - Sync 1 DAGs
[2023-10-11T07:20:14.199+0000] {logging_mixin.py:151} INFO - [2023-10-11T07:20:14.198+0000] {dag.py:3696} INFO - Setting next_dagrun for random to 2023-10-11T00:00:00+00:00, run_after=2023-10-12T00:00:00+00:00
[2023-10-11T07:20:14.211+0000] {processor.py:179} INFO - Processing /opt/airflow/dags/randomdag.py took 0.125 seconds
[2023-10-11T07:20:44.713+0000] {processor.py:157} INFO - Started process (PID=9381) to work on /opt/airflow/dags/randomdag.py
[2023-10-11T07:20:44.715+0000] {processor.py:829} INFO - Processing file /opt/airflow/dags/randomdag.py for tasks to queue
[2023-10-11T07:20:44.718+0000] {logging_mixin.py:151} INFO - [2023-10-11T07:20:44.717+0000] {dagbag.py:539} INFO - Filling up the DagBag from /opt/airflow/dags/randomdag.py
[2023-10-11T07:20:44.749+0000] {processor.py:839} INFO - DAG(s) dict_keys(['random']) retrieved from /opt/airflow/dags/randomdag.py
[2023-10-11T07:20:44.802+0000] {logging_mixin.py:151} INFO - [2023-10-11T07:20:44.802+0000] {dag.py:2915} INFO - Sync 1 DAGs
[2023-10-11T07:20:44.865+0000] {logging_mixin.py:151} INFO - [2023-10-11T07:20:44.864+0000] {dag.py:3696} INFO - Setting next_dagrun for random to 2023-10-11T00:00:00+00:00, run_after=2023-10-12T00:00:00+00:00
[2023-10-11T07:20:44.896+0000] {processor.py:179} INFO - Processing /opt/airflow/dags/randomdag.py took 0.191 seconds
[2023-10-11T07:21:15.303+0000] {processor.py:157} INFO - Started process (PID=9624) to work on /opt/airflow/dags/randomdag.py
[2023-10-11T07:21:15.304+0000] {processor.py:829} INFO - Processing file /opt/airflow/dags/randomdag.py for tasks to queue
[2023-10-11T07:21:15.305+0000] {logging_mixin.py:151} INFO - [2023-10-11T07:21:15.305+0000] {dagbag.py:539} INFO - Filling up the DagBag from /opt/airflow/dags/randomdag.py
[2023-10-11T07:21:15.318+0000] {processor.py:839} INFO - DAG(s) dict_keys(['random']) retrieved from /opt/airflow/dags/randomdag.py
[2023-10-11T07:21:15.342+0000] {logging_mixin.py:151} INFO - [2023-10-11T07:21:15.342+0000] {dag.py:2915} INFO - Sync 1 DAGs
[2023-10-11T07:21:15.359+0000] {logging_mixin.py:151} INFO - [2023-10-11T07:21:15.359+0000] {dag.py:3696} INFO - Setting next_dagrun for random to 2023-10-11T00:00:00+00:00, run_after=2023-10-12T00:00:00+00:00
[2023-10-11T07:21:15.370+0000] {processor.py:179} INFO - Processing /opt/airflow/dags/randomdag.py took 0.070 seconds
[2023-10-11T07:21:45.639+0000] {processor.py:157} INFO - Started process (PID=9867) to work on /opt/airflow/dags/randomdag.py
[2023-10-11T07:21:45.642+0000] {processor.py:829} INFO - Processing file /opt/airflow/dags/randomdag.py for tasks to queue
[2023-10-11T07:21:45.645+0000] {logging_mixin.py:151} INFO - [2023-10-11T07:21:45.644+0000] {dagbag.py:539} INFO - Filling up the DagBag from /opt/airflow/dags/randomdag.py
[2023-10-11T07:21:45.684+0000] {processor.py:839} INFO - DAG(s) dict_keys(['random']) retrieved from /opt/airflow/dags/randomdag.py
[2023-10-11T07:21:45.746+0000] {logging_mixin.py:151} INFO - [2023-10-11T07:21:45.746+0000] {dag.py:2915} INFO - Sync 1 DAGs
[2023-10-11T07:21:45.801+0000] {logging_mixin.py:151} INFO - [2023-10-11T07:21:45.801+0000] {dag.py:3696} INFO - Setting next_dagrun for random to 2023-10-11T00:00:00+00:00, run_after=2023-10-12T00:00:00+00:00
[2023-10-11T07:21:45.823+0000] {processor.py:179} INFO - Processing /opt/airflow/dags/randomdag.py took 0.197 seconds
[2023-10-11T07:22:16.143+0000] {processor.py:157} INFO - Started process (PID=10110) to work on /opt/airflow/dags/randomdag.py
[2023-10-11T07:22:16.150+0000] {processor.py:829} INFO - Processing file /opt/airflow/dags/randomdag.py for tasks to queue
[2023-10-11T07:22:16.155+0000] {logging_mixin.py:151} INFO - [2023-10-11T07:22:16.153+0000] {dagbag.py:539} INFO - Filling up the DagBag from /opt/airflow/dags/randomdag.py
[2023-10-11T07:22:16.211+0000] {processor.py:839} INFO - DAG(s) dict_keys(['random']) retrieved from /opt/airflow/dags/randomdag.py
[2023-10-11T07:22:16.266+0000] {logging_mixin.py:151} INFO - [2023-10-11T07:22:16.266+0000] {dag.py:2915} INFO - Sync 1 DAGs
[2023-10-11T07:22:16.304+0000] {logging_mixin.py:151} INFO - [2023-10-11T07:22:16.304+0000] {dag.py:3696} INFO - Setting next_dagrun for random to 2023-10-11T00:00:00+00:00, run_after=2023-10-12T00:00:00+00:00
[2023-10-11T07:22:16.326+0000] {processor.py:179} INFO - Processing /opt/airflow/dags/randomdag.py took 0.192 seconds
[2023-10-11T07:22:46.432+0000] {processor.py:157} INFO - Started process (PID=10353) to work on /opt/airflow/dags/randomdag.py
[2023-10-11T07:22:46.434+0000] {processor.py:829} INFO - Processing file /opt/airflow/dags/randomdag.py for tasks to queue
[2023-10-11T07:22:46.435+0000] {logging_mixin.py:151} INFO - [2023-10-11T07:22:46.434+0000] {dagbag.py:539} INFO - Filling up the DagBag from /opt/airflow/dags/randomdag.py
[2023-10-11T07:22:46.445+0000] {processor.py:839} INFO - DAG(s) dict_keys(['random']) retrieved from /opt/airflow/dags/randomdag.py
[2023-10-11T07:22:46.478+0000] {logging_mixin.py:151} INFO - [2023-10-11T07:22:46.478+0000] {dag.py:2915} INFO - Sync 1 DAGs
[2023-10-11T07:22:46.494+0000] {logging_mixin.py:151} INFO - [2023-10-11T07:22:46.494+0000] {dag.py:3696} INFO - Setting next_dagrun for random to 2023-10-11T00:00:00+00:00, run_after=2023-10-12T00:00:00+00:00
[2023-10-11T07:22:46.505+0000] {processor.py:179} INFO - Processing /opt/airflow/dags/randomdag.py took 0.076 seconds
[2023-10-11T07:23:16.582+0000] {processor.py:157} INFO - Started process (PID=10596) to work on /opt/airflow/dags/randomdag.py
[2023-10-11T07:23:16.584+0000] {processor.py:829} INFO - Processing file /opt/airflow/dags/randomdag.py for tasks to queue
[2023-10-11T07:23:16.585+0000] {logging_mixin.py:151} INFO - [2023-10-11T07:23:16.585+0000] {dagbag.py:539} INFO - Filling up the DagBag from /opt/airflow/dags/randomdag.py
[2023-10-11T07:23:16.595+0000] {processor.py:839} INFO - DAG(s) dict_keys(['random']) retrieved from /opt/airflow/dags/randomdag.py
[2023-10-11T07:23:16.612+0000] {logging_mixin.py:151} INFO - [2023-10-11T07:23:16.612+0000] {dag.py:2915} INFO - Sync 1 DAGs
[2023-10-11T07:23:16.628+0000] {logging_mixin.py:151} INFO - [2023-10-11T07:23:16.628+0000] {dag.py:3696} INFO - Setting next_dagrun for random to 2023-10-11T00:00:00+00:00, run_after=2023-10-12T00:00:00+00:00
[2023-10-11T07:23:16.638+0000] {processor.py:179} INFO - Processing /opt/airflow/dags/randomdag.py took 0.059 seconds
[2023-10-11T07:23:46.733+0000] {processor.py:157} INFO - Started process (PID=10839) to work on /opt/airflow/dags/randomdag.py
[2023-10-11T07:23:46.735+0000] {processor.py:829} INFO - Processing file /opt/airflow/dags/randomdag.py for tasks to queue
[2023-10-11T07:23:46.736+0000] {logging_mixin.py:151} INFO - [2023-10-11T07:23:46.736+0000] {dagbag.py:539} INFO - Filling up the DagBag from /opt/airflow/dags/randomdag.py
[2023-10-11T07:23:46.745+0000] {processor.py:839} INFO - DAG(s) dict_keys(['random']) retrieved from /opt/airflow/dags/randomdag.py
[2023-10-11T07:23:46.791+0000] {logging_mixin.py:151} INFO - [2023-10-11T07:23:46.791+0000] {dag.py:2915} INFO - Sync 1 DAGs
[2023-10-11T07:23:46.805+0000] {logging_mixin.py:151} INFO - [2023-10-11T07:23:46.805+0000] {dag.py:3696} INFO - Setting next_dagrun for random to 2023-10-11T00:00:00+00:00, run_after=2023-10-12T00:00:00+00:00
[2023-10-11T07:23:46.818+0000] {processor.py:179} INFO - Processing /opt/airflow/dags/randomdag.py took 0.088 seconds
[2023-10-11T07:24:17.225+0000] {processor.py:157} INFO - Started process (PID=11082) to work on /opt/airflow/dags/randomdag.py
[2023-10-11T07:24:17.227+0000] {processor.py:829} INFO - Processing file /opt/airflow/dags/randomdag.py for tasks to queue
[2023-10-11T07:24:17.228+0000] {logging_mixin.py:151} INFO - [2023-10-11T07:24:17.228+0000] {dagbag.py:539} INFO - Filling up the DagBag from /opt/airflow/dags/randomdag.py
[2023-10-11T07:24:17.242+0000] {processor.py:839} INFO - DAG(s) dict_keys(['random']) retrieved from /opt/airflow/dags/randomdag.py
[2023-10-11T07:24:17.284+0000] {logging_mixin.py:151} INFO - [2023-10-11T07:24:17.283+0000] {dag.py:2915} INFO - Sync 1 DAGs
[2023-10-11T07:24:17.310+0000] {logging_mixin.py:151} INFO - [2023-10-11T07:24:17.310+0000] {dag.py:3696} INFO - Setting next_dagrun for random to 2023-10-11T00:00:00+00:00, run_after=2023-10-12T00:00:00+00:00
[2023-10-11T07:24:17.328+0000] {processor.py:179} INFO - Processing /opt/airflow/dags/randomdag.py took 0.107 seconds
[2023-10-11T07:24:48.184+0000] {processor.py:157} INFO - Started process (PID=11322) to work on /opt/airflow/dags/randomdag.py
[2023-10-11T07:24:48.185+0000] {processor.py:829} INFO - Processing file /opt/airflow/dags/randomdag.py for tasks to queue
[2023-10-11T07:24:48.185+0000] {logging_mixin.py:151} INFO - [2023-10-11T07:24:48.185+0000] {dagbag.py:539} INFO - Filling up the DagBag from /opt/airflow/dags/randomdag.py
[2023-10-11T07:24:48.194+0000] {processor.py:839} INFO - DAG(s) dict_keys(['random']) retrieved from /opt/airflow/dags/randomdag.py
[2023-10-11T07:24:48.209+0000] {logging_mixin.py:151} INFO - [2023-10-11T07:24:48.209+0000] {dag.py:2915} INFO - Sync 1 DAGs
[2023-10-11T07:24:48.224+0000] {logging_mixin.py:151} INFO - [2023-10-11T07:24:48.224+0000] {dag.py:3696} INFO - Setting next_dagrun for random to 2023-10-11T00:00:00+00:00, run_after=2023-10-12T00:00:00+00:00
[2023-10-11T07:24:48.234+0000] {processor.py:179} INFO - Processing /opt/airflow/dags/randomdag.py took 0.053 seconds
[2023-10-11T07:25:18.461+0000] {processor.py:157} INFO - Started process (PID=11562) to work on /opt/airflow/dags/randomdag.py
[2023-10-11T07:25:18.479+0000] {processor.py:829} INFO - Processing file /opt/airflow/dags/randomdag.py for tasks to queue
[2023-10-11T07:25:18.493+0000] {logging_mixin.py:151} INFO - [2023-10-11T07:25:18.488+0000] {dagbag.py:539} INFO - Filling up the DagBag from /opt/airflow/dags/randomdag.py
[2023-10-11T07:25:18.545+0000] {processor.py:839} INFO - DAG(s) dict_keys(['random']) retrieved from /opt/airflow/dags/randomdag.py
[2023-10-11T07:25:18.680+0000] {logging_mixin.py:151} INFO - [2023-10-11T07:25:18.680+0000] {dag.py:2915} INFO - Sync 1 DAGs
[2023-10-11T07:25:18.758+0000] {logging_mixin.py:151} INFO - [2023-10-11T07:25:18.758+0000] {dag.py:3696} INFO - Setting next_dagrun for random to 2023-10-11T00:00:00+00:00, run_after=2023-10-12T00:00:00+00:00
[2023-10-11T07:25:18.838+0000] {processor.py:179} INFO - Processing /opt/airflow/dags/randomdag.py took 0.422 seconds
[2023-10-11T07:25:48.989+0000] {processor.py:157} INFO - Started process (PID=11805) to work on /opt/airflow/dags/randomdag.py
[2023-10-11T07:25:48.991+0000] {processor.py:829} INFO - Processing file /opt/airflow/dags/randomdag.py for tasks to queue
[2023-10-11T07:25:48.993+0000] {logging_mixin.py:151} INFO - [2023-10-11T07:25:48.992+0000] {dagbag.py:539} INFO - Filling up the DagBag from /opt/airflow/dags/randomdag.py
[2023-10-11T07:25:49.014+0000] {processor.py:839} INFO - DAG(s) dict_keys(['random']) retrieved from /opt/airflow/dags/randomdag.py
[2023-10-11T07:25:49.057+0000] {logging_mixin.py:151} INFO - [2023-10-11T07:25:49.056+0000] {dag.py:2915} INFO - Sync 1 DAGs
[2023-10-11T07:25:49.098+0000] {logging_mixin.py:151} INFO - [2023-10-11T07:25:49.097+0000] {dag.py:3696} INFO - Setting next_dagrun for random to 2023-10-11T00:00:00+00:00, run_after=2023-10-12T00:00:00+00:00
[2023-10-11T07:25:49.119+0000] {processor.py:179} INFO - Processing /opt/airflow/dags/randomdag.py took 0.137 seconds
[2023-10-11T07:26:19.539+0000] {processor.py:157} INFO - Started process (PID=12048) to work on /opt/airflow/dags/randomdag.py
[2023-10-11T07:26:19.541+0000] {processor.py:829} INFO - Processing file /opt/airflow/dags/randomdag.py for tasks to queue
[2023-10-11T07:26:19.542+0000] {logging_mixin.py:151} INFO - [2023-10-11T07:26:19.541+0000] {dagbag.py:539} INFO - Filling up the DagBag from /opt/airflow/dags/randomdag.py
[2023-10-11T07:26:19.582+0000] {processor.py:839} INFO - DAG(s) dict_keys(['random']) retrieved from /opt/airflow/dags/randomdag.py
[2023-10-11T07:26:19.599+0000] {logging_mixin.py:151} INFO - [2023-10-11T07:26:19.599+0000] {dag.py:2915} INFO - Sync 1 DAGs
[2023-10-11T07:26:19.614+0000] {logging_mixin.py:151} INFO - [2023-10-11T07:26:19.614+0000] {dag.py:3696} INFO - Setting next_dagrun for random to 2023-10-11T00:00:00+00:00, run_after=2023-10-12T00:00:00+00:00
[2023-10-11T07:26:19.625+0000] {processor.py:179} INFO - Processing /opt/airflow/dags/randomdag.py took 0.089 seconds
[2023-10-11T07:26:49.987+0000] {processor.py:157} INFO - Started process (PID=12291) to work on /opt/airflow/dags/randomdag.py
[2023-10-11T07:26:49.988+0000] {processor.py:829} INFO - Processing file /opt/airflow/dags/randomdag.py for tasks to queue
[2023-10-11T07:26:49.989+0000] {logging_mixin.py:151} INFO - [2023-10-11T07:26:49.989+0000] {dagbag.py:539} INFO - Filling up the DagBag from /opt/airflow/dags/randomdag.py
[2023-10-11T07:26:49.998+0000] {processor.py:839} INFO - DAG(s) dict_keys(['random']) retrieved from /opt/airflow/dags/randomdag.py
[2023-10-11T07:26:50.012+0000] {logging_mixin.py:151} INFO - [2023-10-11T07:26:50.012+0000] {dag.py:2915} INFO - Sync 1 DAGs
[2023-10-11T07:26:50.025+0000] {logging_mixin.py:151} INFO - [2023-10-11T07:26:50.025+0000] {dag.py:3696} INFO - Setting next_dagrun for random to 2023-10-11T00:00:00+00:00, run_after=2023-10-12T00:00:00+00:00
[2023-10-11T07:26:50.034+0000] {processor.py:179} INFO - Processing /opt/airflow/dags/randomdag.py took 0.049 seconds
[2023-10-11T07:27:20.400+0000] {processor.py:157} INFO - Started process (PID=12534) to work on /opt/airflow/dags/randomdag.py
[2023-10-11T07:27:20.401+0000] {processor.py:829} INFO - Processing file /opt/airflow/dags/randomdag.py for tasks to queue
[2023-10-11T07:27:20.401+0000] {logging_mixin.py:151} INFO - [2023-10-11T07:27:20.401+0000] {dagbag.py:539} INFO - Filling up the DagBag from /opt/airflow/dags/randomdag.py
[2023-10-11T07:27:20.410+0000] {processor.py:839} INFO - DAG(s) dict_keys(['random']) retrieved from /opt/airflow/dags/randomdag.py
[2023-10-11T07:27:20.429+0000] {logging_mixin.py:151} INFO - [2023-10-11T07:27:20.429+0000] {dag.py:2915} INFO - Sync 1 DAGs
[2023-10-11T07:27:20.444+0000] {logging_mixin.py:151} INFO - [2023-10-11T07:27:20.444+0000] {dag.py:3696} INFO - Setting next_dagrun for random to 2023-10-11T00:00:00+00:00, run_after=2023-10-12T00:00:00+00:00
[2023-10-11T07:27:20.474+0000] {processor.py:179} INFO - Processing /opt/airflow/dags/randomdag.py took 0.077 seconds
[2023-10-11T07:27:50.594+0000] {processor.py:157} INFO - Started process (PID=12777) to work on /opt/airflow/dags/randomdag.py
[2023-10-11T07:27:50.595+0000] {processor.py:829} INFO - Processing file /opt/airflow/dags/randomdag.py for tasks to queue
[2023-10-11T07:27:50.595+0000] {logging_mixin.py:151} INFO - [2023-10-11T07:27:50.595+0000] {dagbag.py:539} INFO - Filling up the DagBag from /opt/airflow/dags/randomdag.py
[2023-10-11T07:27:50.603+0000] {processor.py:839} INFO - DAG(s) dict_keys(['random']) retrieved from /opt/airflow/dags/randomdag.py
[2023-10-11T07:27:50.618+0000] {logging_mixin.py:151} INFO - [2023-10-11T07:27:50.618+0000] {dag.py:2915} INFO - Sync 1 DAGs
[2023-10-11T07:27:50.631+0000] {logging_mixin.py:151} INFO - [2023-10-11T07:27:50.631+0000] {dag.py:3696} INFO - Setting next_dagrun for random to 2023-10-11T00:00:00+00:00, run_after=2023-10-12T00:00:00+00:00
[2023-10-11T07:27:50.640+0000] {processor.py:179} INFO - Processing /opt/airflow/dags/randomdag.py took 0.049 seconds
[2023-10-11T07:28:20.872+0000] {processor.py:157} INFO - Started process (PID=13020) to work on /opt/airflow/dags/randomdag.py
[2023-10-11T07:28:20.872+0000] {processor.py:829} INFO - Processing file /opt/airflow/dags/randomdag.py for tasks to queue
[2023-10-11T07:28:20.873+0000] {logging_mixin.py:151} INFO - [2023-10-11T07:28:20.873+0000] {dagbag.py:539} INFO - Filling up the DagBag from /opt/airflow/dags/randomdag.py
[2023-10-11T07:28:20.881+0000] {processor.py:839} INFO - DAG(s) dict_keys(['random']) retrieved from /opt/airflow/dags/randomdag.py
[2023-10-11T07:28:20.897+0000] {logging_mixin.py:151} INFO - [2023-10-11T07:28:20.897+0000] {dag.py:2915} INFO - Sync 1 DAGs
[2023-10-11T07:28:20.910+0000] {logging_mixin.py:151} INFO - [2023-10-11T07:28:20.910+0000] {dag.py:3696} INFO - Setting next_dagrun for random to 2023-10-11T00:00:00+00:00, run_after=2023-10-12T00:00:00+00:00
[2023-10-11T07:28:20.919+0000] {processor.py:179} INFO - Processing /opt/airflow/dags/randomdag.py took 0.050 seconds
